==============================================================
Vitis HLS - High-Level Synthesis from C, C++ and OpenCL v2020.2 (64-bit)
Copyright 1986-2020 Xilinx, Inc. All Rights Reserved.
==============================================================
INFO: [HLS 200-1505] Using default flow_target 'vivado'
INFO: [HLS 200-1510] Running: set_part xc7z020clg484-1 
INFO: [HLS 200-10] Setting target device to 'xc7z020-clg484-1'
INFO: [HLS 200-1510] Running: create_clock -period 10 -name default 
INFO: [SYN 201-201] Setting up clock 'default' with a period of 10ns.
INFO: [HLS 200-1510] Running: csynth_design 
INFO: [HLS 200-111] Finished File checks and directory preparation: CPU user time: 0 seconds. CPU system time: 0 seconds. Elapsed time: 0 seconds; current allocated memory: 155.795 MB.
INFO: [HLS 200-10] Analyzing design file 'dfg_199.c' ... 
WARNING: [HLS 207-4957] logical not is only applied to the left hand side of this bitwise operator: dfg_199.c:22:12
INFO: [HLS 207-4276] add parentheses after the '!' to evaluate the bitwise operator first: dfg_199.c:22:12
INFO: [HLS 207-4277] add parentheses around left hand side expression to silence this warning: dfg_199.c:22:12
INFO: [HLS 200-111] Finished Source Code Analysis and Preprocessing: CPU user time: 0.63 seconds. CPU system time: 0.35 seconds. Elapsed time: 0.49 seconds; current allocated memory: 156.935 MB.
INFO: [HLS 200-777] Using interface defaults for 'Vivado' flow target.
INFO: [HLS 214-178] Inlining function 'fp_struct<double>::fp_struct(double)' into 'long generic_cast_IEEE754<long, (ap_q_mode)6, double>(double, bool, hls::enable_if<std::numeric_limits<long>::is_signed, bool>::type)' (/wrk/ci/prod/2020.2/rdi_builds/continuous/2020_11_18_3064766/src/shared/hls/clib/hlsmath/include/FloatingPoint/hls_case_IEEE754.h:12:0)
INFO: [HLS 214-178] Inlining function 'fp_struct<double>::mantissa() const' into 'long generic_cast_IEEE754<long, (ap_q_mode)6, double>(double, bool, hls::enable_if<std::numeric_limits<long>::is_signed, bool>::type)' (/wrk/ci/prod/2020.2/rdi_builds/continuous/2020_11_18_3064766/src/shared/hls/clib/hlsmath/include/FloatingPoint/hls_case_IEEE754.h:12:0)
INFO: [HLS 214-178] Inlining function 'fp_struct<double>::expv() const' into 'long generic_cast_IEEE754<long, (ap_q_mode)6, double>(double, bool, hls::enable_if<std::numeric_limits<long>::is_signed, bool>::type)' (/wrk/ci/prod/2020.2/rdi_builds/continuous/2020_11_18_3064766/src/shared/hls/clib/hlsmath/include/FloatingPoint/hls_case_IEEE754.h:12:0)
INFO: [HLS 214-178] Inlining function 'fp_struct<double>::__signbit() const' into 'long generic_cast_IEEE754<long, (ap_q_mode)6, double>(double, bool, hls::enable_if<std::numeric_limits<long>::is_signed, bool>::type)' (/wrk/ci/prod/2020.2/rdi_builds/continuous/2020_11_18_3064766/src/shared/hls/clib/hlsmath/include/FloatingPoint/hls_case_IEEE754.h:12:0)
INFO: [HLS 214-178] Inlining function 'long generic_cast_IEEE754<long, (ap_q_mode)6, double>(double, bool, hls::enable_if<std::numeric_limits<long>::is_signed, bool>::type)' into 'long generic_cast_IEEE754<long, double>(double, bool)' (/wrk/ci/prod/2020.2/rdi_builds/continuous/2020_11_18_3064766/src/shared/hls/clib/hlsmath/include/FloatingPoint/hls_case_IEEE754.h:116:0)
INFO: [HLS 214-178] Inlining function 'long generic_cast_IEEE754<long, double>(double, bool)' into '__hls_fptosi_double_i64' (/wrk/ci/prod/2020.2/rdi_builds/continuous/2020_11_18_3064766/src/shared/hls/clib/hlsmath/src/lib_floatconversion.cpp:56:0)
INFO: [HLS 214-178] Inlining function '__hls_fptosi_double_i64' into 'fn1' (dfg_199.c:8:0)
INFO: [HLS 200-111] Finished Compiling Optimization and Transform: CPU user time: 3.42 seconds. CPU system time: 0.38 seconds. Elapsed time: 3.59 seconds; current allocated memory: 158.372 MB.
INFO: [HLS 200-111] Finished Checking Pragmas: CPU user time: 0 seconds. CPU system time: 0 seconds. Elapsed time: 0 seconds; current allocated memory: 158.389 MB.
INFO: [HLS 200-10] Starting code transformations ...
INFO: [HLS 200-111] Finished Standard Transforms: CPU user time: 0.06 seconds. CPU system time: 0.01 seconds. Elapsed time: 0.07 seconds; current allocated memory: 172.859 MB.
INFO: [HLS 200-10] Checking synthesizability ...
INFO: [HLS 200-111] Finished Checking Synthesizability: CPU user time: 0.16 seconds. CPU system time: 0 seconds. Elapsed time: 0.16 seconds; current allocated memory: 195.173 MB.
INFO: [HLS 200-111] Finished Loop, function and other optimizations: CPU user time: 0.2 seconds. CPU system time: 0.01 seconds. Elapsed time: 0.21 seconds; current allocated memory: 238.987 MB.
INFO: [HLS 200-111] Finished Architecture Synthesis: CPU user time: 0.14 seconds. CPU system time: 0 seconds. Elapsed time: 0.14 seconds; current allocated memory: 242.238 MB.
INFO: [HLS 200-10] Starting hardware synthesis ...
INFO: [HLS 200-10] Synthesizing 'fn1' ...
INFO: [HLS 200-10] ----------------------------------------------------------------
INFO: [HLS 200-42] -- Implementing module 'fn1' 
INFO: [HLS 200-10] ----------------------------------------------------------------
INFO: [SCHED 204-11] Starting scheduling ...
INFO: [HLS 200-486] Changing DSP48 latency (root=add_ln16) to 3 in order to utilize available DSP registers.
INFO: [SCHED 204-11] Finished scheduling.
INFO: [HLS 200-111] Finished Scheduling: CPU user time: 0.11 seconds. CPU system time: 0 seconds. Elapsed time: 0.12 seconds; current allocated memory: 242.905 MB.
INFO: [BIND 205-100] Starting micro-architecture generation ...
INFO: [BIND 205-101] Performing variable lifetime analysis.
INFO: [BIND 205-101] Exploring resource sharing.
INFO: [BIND 205-101] Binding ...
INFO: [BIND 205-100] Finished micro-architecture generation.
INFO: [HLS 200-111] Finished Binding: CPU user time: 0.27 seconds. CPU system time: 0 seconds. Elapsed time: 0.27 seconds; current allocated memory: 243.440 MB.
INFO: [HLS 200-10] ----------------------------------------------------------------
INFO: [HLS 200-10] -- Generating RTL for module 'fn1' 
INFO: [HLS 200-10] ----------------------------------------------------------------
INFO: [RTGEN 206-500] Setting interface mode on port 'fn1/p' to 'ap_none'.
INFO: [RTGEN 206-500] Setting interface mode on port 'fn1/p_4' to 'ap_none'.
INFO: [RTGEN 206-500] Setting interface mode on port 'fn1/p_9' to 'ap_none'.
INFO: [RTGEN 206-500] Setting interface mode on port 'fn1/p_15' to 'ap_memory'.
INFO: [RTGEN 206-500] Setting interface mode on function 'fn1' to 'ap_ctrl_hs'.
INFO: [RTGEN 206-100] Generating core module 'ama_addmuladd_8ns_8ns_7ns_7ns_8_4_1': 1 instance(s).
INFO: [RTGEN 206-100] Generating core module 'mul_32ns_64s_64_5_1': 1 instance(s).
INFO: [RTGEN 206-100] Generating core module 'mul_64s_64s_64_5_1': 1 instance(s).
INFO: [RTGEN 206-100] Generating core module 'sdiv_64ns_33ns_64_68_seq_1': 1 instance(s).
INFO: [RTGEN 206-100] Generating core module 'sdiv_9s_64ns_8_13_seq_1': 1 instance(s).
INFO: [RTGEN 206-100] Generating core module 'sitodp_32s_64_6_no_dsp_1': 1 instance(s).
INFO: [RTGEN 206-100] Finished creating RTL model for 'fn1'.
INFO: [HLS 200-111] Finished Creating RTL model: CPU user time: 0.13 seconds. CPU system time: 0.01 seconds. Elapsed time: 0.14 seconds; current allocated memory: 244.765 MB.
INFO: [RTMG 210-282] Generating pipelined core: 'fn1_mul_32ns_64s_64_5_1_Multiplier_0'
INFO: [RTMG 210-282] Generating pipelined core: 'fn1_sdiv_9s_64ns_8_13_seq_1_div'
INFO: [RTMG 210-282] Generating pipelined core: 'fn1_mul_64s_64s_64_5_1_Multiplier_1'
INFO: [RTMG 210-282] Generating pipelined core: 'fn1_sdiv_64ns_33ns_64_68_seq_1_div'
INFO: [HLS 200-111] Finished Generating all RTL models: CPU user time: 1 seconds. CPU system time: 0.02 seconds. Elapsed time: 1.02 seconds; current allocated memory: 253.161 MB.
INFO: [VHDL 208-304] Generating VHDL RTL for fn1.
INFO: [VLOG 209-307] Generating Verilog RTL for fn1.
INFO: [HLS 200-789] **** Estimated Fmax: 137.51 MHz
INFO: [HLS 200-111] Finished Command csynth_design CPU user time: 6.16 seconds. CPU system time: 0.78 seconds. Elapsed time: 6.26 seconds; current allocated memory: 253.290 MB.
INFO: [HLS 200-1510] Running: export_design -evaluate verilog -format ip_catalog 
INFO: [IMPL 213-8] Exporting RTL as a Vivado IP.
INFO: [IMPL 213-8] Starting RTL evaluation using Vivado ...
INFO: [HLS 200-802] Generated output file project_tmp/solution_tmp/impl/export.zip
WARNING: [HLS 200-484] The 'export_design -evaluate' command is deprecated and will be removed in a future release.
