Copyright 1986-2020 Xilinx, Inc. All Rights Reserved.
------------------------------------------------------------------------------------
| Tool Version : Vivado v.2020.2 (lin64) Build 3064766 Wed Nov 18 09:12:47 MST 2020
| Date         : Mon Apr 12 10:38:43 2021
| Host         : seal-lambda running 64-bit Ubuntu 18.04.5 LTS
| Command      : report_timing_summary -file ./report/fn1_timing_routed.rpt
| Design       : bd_0_wrapper
| Device       : 7z020-clg484
| Speed File   : -1  PRODUCTION 1.12 2019-11-22
------------------------------------------------------------------------------------

Timing Summary Report

------------------------------------------------------------------------------------------------
| Timer Settings
| --------------
------------------------------------------------------------------------------------------------

  Enable Multi Corner Analysis               :  Yes
  Enable Pessimism Removal                   :  Yes
  Pessimism Removal Resolution               :  Nearest Common Node
  Enable Input Delay Default Clock           :  No
  Enable Preset / Clear Arcs                 :  No
  Disable Flight Delays                      :  No
  Ignore I/O Paths                           :  No
  Timing Early Launch at Borrowing Latches   :  No
  Borrow Time for Max Delay Exceptions       :  Yes
  Merge Timing Exceptions                    :  Yes

  Corner  Analyze    Analyze    
  Name    Max Paths  Min Paths  
  ------  ---------  ---------  
  Slow    Yes        Yes        
  Fast    Yes        Yes        



check_timing report

Table of Contents
-----------------
1. checking no_clock (0)
2. checking constant_clock (0)
3. checking pulse_width_clock (0)
4. checking unconstrained_internal_endpoints (0)
5. checking no_input_delay (26)
6. checking no_output_delay (19)
7. checking multiple_clock (0)
8. checking generated_clocks (0)
9. checking loops (0)
10. checking partial_input_delay (0)
11. checking partial_output_delay (0)
12. checking latch_loops (0)

1. checking no_clock (0)
------------------------
 There are 0 register/latch pins with no clock.


2. checking constant_clock (0)
------------------------------
 There are 0 register/latch pins with constant_clock.


3. checking pulse_width_clock (0)
---------------------------------
 There are 0 register/latch pins which need pulse_width check


4. checking unconstrained_internal_endpoints (0)
------------------------------------------------
 There are 0 pins that are not constrained for maximum delay.

 There are 0 pins that are not constrained for maximum delay due to constant clock.


5. checking no_input_delay (26)
-------------------------------
 There are 26 input ports with no input delay specified. (HIGH)

 There are 0 input ports with no input delay but user has a false path constraint.


6. checking no_output_delay (19)
--------------------------------
 There are 19 ports with no output delay specified. (HIGH)

 There are 0 ports with no output delay but user has a false path constraint

 There are 0 ports with no output delay but with a timing clock defined on it or propagating through it


7. checking multiple_clock (0)
------------------------------
 There are 0 register/latch pins with multiple clocks.


8. checking generated_clocks (0)
--------------------------------
 There are 0 generated clocks that are not connected to a clock source.


9. checking loops (0)
---------------------
 There are 0 combinational loops in the design.


10. checking partial_input_delay (0)
------------------------------------
 There are 0 input ports with partial input delay specified.


11. checking partial_output_delay (0)
-------------------------------------
 There are 0 ports with partial output delay specified.


12. checking latch_loops (0)
----------------------------
 There are 0 combinational latch loops in the design through latch input



------------------------------------------------------------------------------------------------
| Design Timing Summary
| ---------------------
------------------------------------------------------------------------------------------------

    WNS(ns)      TNS(ns)  TNS Failing Endpoints  TNS Total Endpoints      WHS(ns)      THS(ns)  THS Failing Endpoints  THS Total Endpoints     WPWS(ns)     TPWS(ns)  TPWS Failing Endpoints  TPWS Total Endpoints  
    -------      -------  ---------------------  -------------------      -------      -------  ---------------------  -------------------     --------     --------  ----------------------  --------------------  
      5.562        0.000                      0                  149        0.098        0.000                      0                  149        4.500        0.000                       0                   140  


All user specified timing constraints are met.


------------------------------------------------------------------------------------------------
| Clock Summary
| -------------
------------------------------------------------------------------------------------------------

Clock   Waveform(ns)       Period(ns)      Frequency(MHz)
-----   ------------       ----------      --------------
ap_clk  {0.000 5.000}      10.000          100.000         


------------------------------------------------------------------------------------------------
| Intra Clock Table
| -----------------
------------------------------------------------------------------------------------------------

Clock             WNS(ns)      TNS(ns)  TNS Failing Endpoints  TNS Total Endpoints      WHS(ns)      THS(ns)  THS Failing Endpoints  THS Total Endpoints     WPWS(ns)     TPWS(ns)  TPWS Failing Endpoints  TPWS Total Endpoints  
-----             -------      -------  ---------------------  -------------------      -------      -------  ---------------------  -------------------     --------     --------  ----------------------  --------------------  
ap_clk              5.562        0.000                      0                  149        0.098        0.000                      0                  149        4.500        0.000                       0                   140  


------------------------------------------------------------------------------------------------
| Inter Clock Table
| -----------------
------------------------------------------------------------------------------------------------

From Clock    To Clock          WNS(ns)      TNS(ns)  TNS Failing Endpoints  TNS Total Endpoints      WHS(ns)      THS(ns)  THS Failing Endpoints  THS Total Endpoints  
----------    --------          -------      -------  ---------------------  -------------------      -------      -------  ---------------------  -------------------  


------------------------------------------------------------------------------------------------
| Other Path Groups Table
| -----------------------
------------------------------------------------------------------------------------------------

Path Group    From Clock    To Clock          WNS(ns)      TNS(ns)  TNS Failing Endpoints  TNS Total Endpoints      WHS(ns)      THS(ns)  THS Failing Endpoints  THS Total Endpoints  
----------    ----------    --------          -------      -------  ---------------------  -------------------      -------      -------  ---------------------  -------------------  


------------------------------------------------------------------------------------------------
| Timing Details
| --------------
------------------------------------------------------------------------------------------------


---------------------------------------------------------------------------------------------------
From Clock:  ap_clk
  To Clock:  ap_clk

Setup :            0  Failing Endpoints,  Worst Slack        5.562ns,  Total Violation        0.000ns
Hold  :            0  Failing Endpoints,  Worst Slack        0.098ns,  Total Violation        0.000ns
PW    :            0  Failing Endpoints,  Worst Slack        4.500ns,  Total Violation        0.000ns
---------------------------------------------------------------------------------------------------


Max Delay Paths
--------------------------------------------------------------------------------------
Slack (MET) :             5.562ns  (required time - arrival time)
  Source:                 bd_0_i/hls_inst/inst/srem_9s_18ns_8_13_seq_1_U2/fn1_srem_9s_18ns_8_13_seq_1_div_U/fn1_srem_9s_18ns_8_13_seq_1_div_u_0/r_stage_reg[0]/C
                            (rising edge-triggered cell FDRE clocked by ap_clk  {rise@0.000ns fall@5.000ns period=10.000ns})
  Destination:            bd_0_i/hls_inst/inst/srem_9s_18ns_8_13_seq_1_U2/fn1_srem_9s_18ns_8_13_seq_1_div_U/fn1_srem_9s_18ns_8_13_seq_1_div_u_0/remd_tmp_reg[2]/D
                            (rising edge-triggered cell FDRE clocked by ap_clk  {rise@0.000ns fall@5.000ns period=10.000ns})
  Path Group:             ap_clk
  Path Type:              Setup (Max at Slow Process Corner)
  Requirement:            10.000ns  (ap_clk rise@10.000ns - ap_clk rise@0.000ns)
  Data Path Delay:        4.385ns  (logic 1.960ns (44.699%)  route 2.425ns (55.301%))
  Logic Levels:           7  (CARRY4=5 LUT3=1 LUT4=1)
  Clock Path Skew:        -0.049ns (DCD - SCD + CPR)
    Destination Clock Delay (DCD):    0.924ns = ( 10.924 - 10.000 ) 
    Source Clock Delay      (SCD):    0.973ns
    Clock Pessimism Removal (CPR):    0.000ns
  Clock Uncertainty:      0.035ns  ((TSJ^2 + TIJ^2)^1/2 + DJ) / 2 + PE
    Total System Jitter     (TSJ):    0.071ns
    Total Input Jitter      (TIJ):    0.000ns
    Discrete Jitter          (DJ):    0.000ns
    Phase Error              (PE):    0.000ns

    Location             Delay type                Incr(ns)  Path(ns)    Netlist Resource(s)
  -------------------------------------------------------------------    -------------------
                         (clock ap_clk rise edge)     0.000     0.000 r  
                                                      0.000     0.000 r  ap_clk (IN)
                         net (fo=139, unset)          0.973     0.973    bd_0_i/hls_inst/inst/srem_9s_18ns_8_13_seq_1_U2/fn1_srem_9s_18ns_8_13_seq_1_div_U/fn1_srem_9s_18ns_8_13_seq_1_div_u_0/ap_clk
    SLICE_X28Y63         FDRE                                         r  bd_0_i/hls_inst/inst/srem_9s_18ns_8_13_seq_1_U2/fn1_srem_9s_18ns_8_13_seq_1_div_U/fn1_srem_9s_18ns_8_13_seq_1_div_u_0/r_stage_reg[0]/C
  -------------------------------------------------------------------    -------------------
    SLICE_X28Y63         FDRE (Prop_fdre_C_Q)         0.456     1.429 r  bd_0_i/hls_inst/inst/srem_9s_18ns_8_13_seq_1_U2/fn1_srem_9s_18ns_8_13_seq_1_div_U/fn1_srem_9s_18ns_8_13_seq_1_div_u_0/r_stage_reg[0]/Q
                         net (fo=39, routed)          1.493     2.922    bd_0_i/hls_inst/inst/srem_9s_18ns_8_13_seq_1_U2/fn1_srem_9s_18ns_8_13_seq_1_div_U/fn1_srem_9s_18ns_8_13_seq_1_div_u_0/r_stage_reg[0]_0
    SLICE_X33Y65         LUT3 (Prop_lut3_I0_O)        0.124     3.046 r  bd_0_i/hls_inst/inst/srem_9s_18ns_8_13_seq_1_U2/fn1_srem_9s_18ns_8_13_seq_1_div_U/fn1_srem_9s_18ns_8_13_seq_1_div_u_0/cal_tmp_carry_i_5/O
                         net (fo=1, routed)           0.000     3.046    bd_0_i/hls_inst/inst/srem_9s_18ns_8_13_seq_1_U2/fn1_srem_9s_18ns_8_13_seq_1_div_U/fn1_srem_9s_18ns_8_13_seq_1_div_u_0/cal_tmp_carry_i_5_n_0
    SLICE_X33Y65         CARRY4 (Prop_carry4_S[3]_CO[3])
                                                      0.401     3.447 r  bd_0_i/hls_inst/inst/srem_9s_18ns_8_13_seq_1_U2/fn1_srem_9s_18ns_8_13_seq_1_div_U/fn1_srem_9s_18ns_8_13_seq_1_div_u_0/cal_tmp_carry/CO[3]
                         net (fo=1, routed)           0.000     3.447    bd_0_i/hls_inst/inst/srem_9s_18ns_8_13_seq_1_U2/fn1_srem_9s_18ns_8_13_seq_1_div_U/fn1_srem_9s_18ns_8_13_seq_1_div_u_0/cal_tmp_carry_n_0
    SLICE_X33Y66         CARRY4 (Prop_carry4_CI_CO[3])
                                                      0.114     3.561 r  bd_0_i/hls_inst/inst/srem_9s_18ns_8_13_seq_1_U2/fn1_srem_9s_18ns_8_13_seq_1_div_U/fn1_srem_9s_18ns_8_13_seq_1_div_u_0/cal_tmp_carry__0/CO[3]
                         net (fo=1, routed)           0.000     3.561    bd_0_i/hls_inst/inst/srem_9s_18ns_8_13_seq_1_U2/fn1_srem_9s_18ns_8_13_seq_1_div_U/fn1_srem_9s_18ns_8_13_seq_1_div_u_0/cal_tmp_carry__0_n_0
    SLICE_X33Y67         CARRY4 (Prop_carry4_CI_CO[3])
                                                      0.114     3.675 r  bd_0_i/hls_inst/inst/srem_9s_18ns_8_13_seq_1_U2/fn1_srem_9s_18ns_8_13_seq_1_div_U/fn1_srem_9s_18ns_8_13_seq_1_div_u_0/cal_tmp_carry__1/CO[3]
                         net (fo=1, routed)           0.000     3.675    bd_0_i/hls_inst/inst/srem_9s_18ns_8_13_seq_1_U2/fn1_srem_9s_18ns_8_13_seq_1_div_U/fn1_srem_9s_18ns_8_13_seq_1_div_u_0/cal_tmp_carry__1_n_0
    SLICE_X33Y68         CARRY4 (Prop_carry4_CI_CO[3])
                                                      0.114     3.789 r  bd_0_i/hls_inst/inst/srem_9s_18ns_8_13_seq_1_U2/fn1_srem_9s_18ns_8_13_seq_1_div_U/fn1_srem_9s_18ns_8_13_seq_1_div_u_0/cal_tmp_carry__2/CO[3]
                         net (fo=1, routed)           0.000     3.789    bd_0_i/hls_inst/inst/srem_9s_18ns_8_13_seq_1_U2/fn1_srem_9s_18ns_8_13_seq_1_div_U/fn1_srem_9s_18ns_8_13_seq_1_div_u_0/cal_tmp_carry__2_n_0
    SLICE_X33Y69         CARRY4 (Prop_carry4_CI_O[1])
                                                      0.334     4.123 r  bd_0_i/hls_inst/inst/srem_9s_18ns_8_13_seq_1_U2/fn1_srem_9s_18ns_8_13_seq_1_div_U/fn1_srem_9s_18ns_8_13_seq_1_div_u_0/cal_tmp_carry__3/O[1]
                         net (fo=8, routed)           0.932     5.055    bd_0_i/hls_inst/inst/srem_9s_18ns_8_13_seq_1_U2/fn1_srem_9s_18ns_8_13_seq_1_div_U/fn1_srem_9s_18ns_8_13_seq_1_div_u_0/p_0_in_0
    SLICE_X31Y65         LUT4 (Prop_lut4_I2_O)        0.303     5.358 r  bd_0_i/hls_inst/inst/srem_9s_18ns_8_13_seq_1_U2/fn1_srem_9s_18ns_8_13_seq_1_div_U/fn1_srem_9s_18ns_8_13_seq_1_div_u_0/remd_tmp[2]_i_1/O
                         net (fo=1, routed)           0.000     5.358    bd_0_i/hls_inst/inst/srem_9s_18ns_8_13_seq_1_U2/fn1_srem_9s_18ns_8_13_seq_1_div_U/fn1_srem_9s_18ns_8_13_seq_1_div_u_0/remd_tmp[2]_i_1_n_0
    SLICE_X31Y65         FDRE                                         r  bd_0_i/hls_inst/inst/srem_9s_18ns_8_13_seq_1_U2/fn1_srem_9s_18ns_8_13_seq_1_div_U/fn1_srem_9s_18ns_8_13_seq_1_div_u_0/remd_tmp_reg[2]/D
  -------------------------------------------------------------------    -------------------

                         (clock ap_clk rise edge)    10.000    10.000 r  
                                                      0.000    10.000 r  ap_clk (IN)
                         net (fo=139, unset)          0.924    10.924    bd_0_i/hls_inst/inst/srem_9s_18ns_8_13_seq_1_U2/fn1_srem_9s_18ns_8_13_seq_1_div_U/fn1_srem_9s_18ns_8_13_seq_1_div_u_0/ap_clk
    SLICE_X31Y65         FDRE                                         r  bd_0_i/hls_inst/inst/srem_9s_18ns_8_13_seq_1_U2/fn1_srem_9s_18ns_8_13_seq_1_div_U/fn1_srem_9s_18ns_8_13_seq_1_div_u_0/remd_tmp_reg[2]/C
                         clock pessimism              0.000    10.924    
                         clock uncertainty           -0.035    10.889    
    SLICE_X31Y65         FDRE (Setup_fdre_C_D)        0.031    10.920    bd_0_i/hls_inst/inst/srem_9s_18ns_8_13_seq_1_U2/fn1_srem_9s_18ns_8_13_seq_1_div_U/fn1_srem_9s_18ns_8_13_seq_1_div_u_0/remd_tmp_reg[2]
  -------------------------------------------------------------------
                         required time                         10.920    
                         arrival time                          -5.358    
  -------------------------------------------------------------------
                         slack                                  5.562    





Min Delay Paths
--------------------------------------------------------------------------------------
Slack (MET) :             0.098ns  (arrival time - required time)
  Source:                 bd_0_i/hls_inst/inst/urem_1ns_33ns_1_5_seq_1_U1/fn1_urem_1ns_33ns_1_5_seq_1_div_U/divisor0_reg[0]/C
                            (rising edge-triggered cell FDRE clocked by ap_clk  {rise@0.000ns fall@5.000ns period=10.000ns})
  Destination:            bd_0_i/hls_inst/inst/urem_1ns_33ns_1_5_seq_1_U1/fn1_urem_1ns_33ns_1_5_seq_1_div_U/fn1_urem_1ns_33ns_1_5_seq_1_div_u_0/divisor0_reg[0]/D
                            (rising edge-triggered cell FDRE clocked by ap_clk  {rise@0.000ns fall@5.000ns period=10.000ns})
  Path Group:             ap_clk
  Path Type:              Hold (Min at Fast Process Corner)
  Requirement:            0.000ns  (ap_clk rise@0.000ns - ap_clk rise@0.000ns)
  Data Path Delay:        0.195ns  (logic 0.141ns (72.269%)  route 0.054ns (27.731%))
  Logic Levels:           0  
  Clock Path Skew:        0.022ns (DCD - SCD - CPR)
    Destination Clock Delay (DCD):    0.432ns
    Source Clock Delay      (SCD):    0.410ns
    Clock Pessimism Removal (CPR):    -0.000ns

    Location             Delay type                Incr(ns)  Path(ns)    Netlist Resource(s)
  -------------------------------------------------------------------    -------------------
                         (clock ap_clk rise edge)     0.000     0.000 r  
                                                      0.000     0.000 r  ap_clk (IN)
                         net (fo=139, unset)          0.410     0.410    bd_0_i/hls_inst/inst/urem_1ns_33ns_1_5_seq_1_U1/fn1_urem_1ns_33ns_1_5_seq_1_div_U/ap_clk
    SLICE_X31Y65         FDRE                                         r  bd_0_i/hls_inst/inst/urem_1ns_33ns_1_5_seq_1_U1/fn1_urem_1ns_33ns_1_5_seq_1_div_U/divisor0_reg[0]/C
  -------------------------------------------------------------------    -------------------
    SLICE_X31Y65         FDRE (Prop_fdre_C_Q)         0.141     0.551 r  bd_0_i/hls_inst/inst/urem_1ns_33ns_1_5_seq_1_U1/fn1_urem_1ns_33ns_1_5_seq_1_div_U/divisor0_reg[0]/Q
                         net (fo=1, routed)           0.054     0.605    bd_0_i/hls_inst/inst/urem_1ns_33ns_1_5_seq_1_U1/fn1_urem_1ns_33ns_1_5_seq_1_div_U/fn1_urem_1ns_33ns_1_5_seq_1_div_u_0/Q[0]
    SLICE_X30Y65         FDRE                                         r  bd_0_i/hls_inst/inst/urem_1ns_33ns_1_5_seq_1_U1/fn1_urem_1ns_33ns_1_5_seq_1_div_U/fn1_urem_1ns_33ns_1_5_seq_1_div_u_0/divisor0_reg[0]/D
  -------------------------------------------------------------------    -------------------

                         (clock ap_clk rise edge)     0.000     0.000 r  
                                                      0.000     0.000 r  ap_clk (IN)
                         net (fo=139, unset)          0.432     0.432    bd_0_i/hls_inst/inst/urem_1ns_33ns_1_5_seq_1_U1/fn1_urem_1ns_33ns_1_5_seq_1_div_U/fn1_urem_1ns_33ns_1_5_seq_1_div_u_0/ap_clk
    SLICE_X30Y65         FDRE                                         r  bd_0_i/hls_inst/inst/urem_1ns_33ns_1_5_seq_1_U1/fn1_urem_1ns_33ns_1_5_seq_1_div_U/fn1_urem_1ns_33ns_1_5_seq_1_div_u_0/divisor0_reg[0]/C
                         clock pessimism              0.000     0.432    
    SLICE_X30Y65         FDRE (Hold_fdre_C_D)         0.076     0.508    bd_0_i/hls_inst/inst/urem_1ns_33ns_1_5_seq_1_U1/fn1_urem_1ns_33ns_1_5_seq_1_div_U/fn1_urem_1ns_33ns_1_5_seq_1_div_u_0/divisor0_reg[0]
  -------------------------------------------------------------------
                         required time                         -0.508    
                         arrival time                           0.605    
  -------------------------------------------------------------------
                         slack                                  0.098    





Pulse Width Checks
--------------------------------------------------------------------------------------
Clock Name:         ap_clk
Waveform(ns):       { 0.000 5.000 }
Period(ns):         10.000
Sources:            { ap_clk }

Check Type        Corner  Lib Pin  Reference Pin  Required(ns)  Actual(ns)  Slack(ns)  Location      Pin
Min Period        n/a     FDSE/C   n/a            1.000         10.000      9.000      SLICE_X26Y69  bd_0_i/hls_inst/inst/ap_CS_fsm_reg[0]/C
Low Pulse Width   Fast    FDSE/C   n/a            0.500         5.000       4.500      SLICE_X26Y69  bd_0_i/hls_inst/inst/ap_CS_fsm_reg[0]/C
High Pulse Width  Slow    FDSE/C   n/a            0.500         5.000       4.500      SLICE_X26Y69  bd_0_i/hls_inst/inst/ap_CS_fsm_reg[0]/C



