

================================================================
== Vitis HLS Report for 'fn1'
================================================================
* Date:           Sat May  1 15:35:30 2021

* Version:        2020.2 (Build 3064766 on Wed Nov 18 09:12:47 MST 2020)
* Project:        project_tmp
* Solution:       solution_tmp (Vivado IP Flow Target)
* Product family: zynq
* Target device:  xc7z020-clg484-1


================================================================
== Performance Estimates
================================================================
+ Timing: 
    * Summary: 
    +--------+----------+----------+------------+
    |  Clock |  Target  | Estimated| Uncertainty|
    +--------+----------+----------+------------+
    |ap_clk  |  10.00 ns|  7.297 ns|     2.70 ns|
    +--------+----------+----------+------------+

+ Latency: 
    * Summary: 
    +---------+---------+----------+----------+-----+-----+---------+
    |  Latency (cycles) |  Latency (absolute) |  Interval | Pipeline|
    |   min   |   max   |    min   |    max   | min | max |   Type  |
    +---------+---------+----------+----------+-----+-----+---------+
    |      161|      161|  1.610 us|  1.610 us|  162|  162|     none|
    +---------+---------+----------+----------+-----+-----+---------+

    + Detail: 
        * Instance: 
        N/A

        * Loop: 
        N/A



================================================================
== Utilization Estimates
================================================================
* Summary: 
+-----------------+---------+-----+--------+-------+-----+
|       Name      | BRAM_18K| DSP |   FF   |  LUT  | URAM|
+-----------------+---------+-----+--------+-------+-----+
|DSP              |        -|    1|       -|      -|    -|
|Expression       |        -|    -|       0|   1537|    -|
|FIFO             |        -|    -|       -|      -|    -|
|Instance         |        -|    5|    2544|   2562|    -|
|Memory           |        -|    -|       -|      -|    -|
|Multiplexer      |        -|    -|       -|   1064|    -|
|Register         |        -|    -|     969|      -|    -|
+-----------------+---------+-----+--------+-------+-----+
|Total            |        0|    6|    3513|   5163|    0|
+-----------------+---------+-----+--------+-------+-----+
|Available        |      280|  220|  106400|  53200|    0|
+-----------------+---------+-----+--------+-------+-----+
|Utilization (%)  |        0|    2|       3|      9|    0|
+-----------------+---------+-----+--------+-------+-----+

+ Detail: 
    * Instance: 
    +---------------------------------------+------------------------------------+---------+----+-----+------+-----+
    |                Instance               |               Module               | BRAM_18K| DSP|  FF |  LUT | URAM|
    +---------------------------------------+------------------------------------+---------+----+-----+------+-----+
    |dadddsub_64ns_64ns_64_7_full_dsp_1_U6  |dadddsub_64ns_64ns_64_7_full_dsp_1  |        0|   3|  630|  1141|    0|
    |ddiv_64ns_64ns_64_59_no_dsp_1_U7       |ddiv_64ns_64ns_64_59_no_dsp_1       |        0|   0|    0|     0|    0|
    |fadd_32ns_32ns_32_5_full_dsp_1_U1      |fadd_32ns_32ns_32_5_full_dsp_1      |        0|   2|  205|   390|    0|
    |fdiv_32ns_32ns_32_16_no_dsp_1_U2       |fdiv_32ns_32ns_32_16_no_dsp_1       |        0|   0|    0|     0|    0|
    |fpext_32ns_64_2_no_dsp_1_U5            |fpext_32ns_64_2_no_dsp_1            |        0|   0|    0|     0|    0|
    |fptrunc_64ns_32_2_no_dsp_1_U4          |fptrunc_64ns_32_2_no_dsp_1          |        0|   0|    0|     0|    0|
    |udiv_32ns_33s_33_36_seq_1_U12          |udiv_32ns_33s_33_36_seq_1           |        0|   0|  406|   245|    0|
    |udiv_32ns_64ns_32_36_seq_1_U10         |udiv_32ns_64ns_32_36_seq_1          |        0|   0|  779|   469|    0|
    |uitodp_64s_64_6_no_dsp_1_U8            |uitodp_64s_64_6_no_dsp_1            |        0|   0|    0|     0|    0|
    |uitofp_32ns_32_6_no_dsp_1_U3           |uitofp_32ns_32_6_no_dsp_1           |        0|   0|    0|     0|    0|
    |urem_16ns_17ns_17_20_seq_1_U11         |urem_16ns_17ns_17_20_seq_1          |        0|   0|  214|   130|    0|
    |urem_16ns_25ns_16_20_seq_1_U9          |urem_16ns_25ns_16_20_seq_1          |        0|   0|  310|   187|    0|
    +---------------------------------------+------------------------------------+---------+----+-----+------+-----+
    |Total                                  |                                    |        0|   5| 2544|  2562|    0|
    +---------------------------------------+------------------------------------+---------+----+-----+------+-----+

    * DSP: 
    +----------------------------+------------------------+-----------+
    |          Instance          |         Module         | Expression|
    +----------------------------+------------------------+-----------+
    |mul_mul_8ns_16s_24_4_1_U13  |mul_mul_8ns_16s_24_4_1  |    i0 * i1|
    +----------------------------+------------------------+-----------+

    * Memory: 
    N/A

    * FIFO: 
    N/A

    * Expression: 
    +-------------------------+----------+----+---+-----+------------+------------+
    |      Variable Name      | Operation| DSP| FF| LUT | Bitwidth P0| Bitwidth P1|
    +-------------------------+----------+----+---+-----+------------+------------+
    |add_ln11_fu_303_p2       |         +|   0|  0|   32|          25|           9|
    |add_ln12_fu_321_p2       |         +|   0|  0|   71|          64|          10|
    |add_ln13_fu_494_p2       |         +|   0|  0|   24|          17|           9|
    |add_ln341_1_fu_547_p2    |         +|   0|  0|   14|           9|           8|
    |add_ln341_fu_384_p2      |         +|   0|  0|   14|           9|           8|
    |grp_fu_353_p1            |         +|   0|  0|   24|          17|          10|
    |sub_ln1311_1_fu_561_p2   |         -|   0|  0|   15|           7|           8|
    |sub_ln1311_fu_398_p2     |         -|   0|  0|   15|           7|           8|
    |sub_ln13_fu_504_p2       |         -|   0|  0|   25|          18|          18|
    |r_V_2_fu_601_p2          |      lshr|   0|  0|  363|         111|         111|
    |r_V_fu_445_p2            |      lshr|   0|  0|  179|          63|          63|
    |select_ln1312_fu_479_p3  |    select|   0|  0|   16|           1|          16|
    |ush_1_fu_570_p3          |    select|   0|  0|    9|           1|           9|
    |ush_fu_407_p3            |    select|   0|  0|    9|           1|           9|
    |val_fu_635_p3            |    select|   0|  0|   64|           1|          64|
    |r_V_1_fu_451_p2          |       shl|   0|  0|  179|          63|          63|
    |r_V_3_fu_607_p2          |       shl|   0|  0|  363|         111|         111|
    |xor_ln11_fu_293_p2       |       xor|   0|  0|   24|          24|          24|
    |xor_ln13_fu_642_p2       |       xor|   0|  0|   64|          64|          64|
    |xor_ln14_fu_415_p2       |       xor|   0|  0|   33|          32|          33|
    +-------------------------+----------+----+---+-----+------------+------------+
    |Total                    |          |   0|  0| 1537|         645|         655|
    +-------------------------+----------+----+---+-----+------------+------------+

    * Multiplexer: 
    +-------------------+-----+-----------+-----+-----------+
    |        Name       | LUT | Input Size| Bits| Total Bits|
    +-------------------+-----+-----------+-----+-----------+
    |ap_NS_fsm          |  870|        163|    1|        163|
    |grp_fu_188_p0      |   20|          4|   32|        128|
    |grp_fu_188_p1      |   20|          4|   32|        128|
    |grp_fu_195_p0      |   14|          3|   32|         96|
    |grp_fu_195_p1      |   14|          3|   32|         96|
    |grp_fu_200_p0      |   14|          3|   32|         96|
    |grp_fu_209_opcode  |   14|          3|    2|          6|
    |grp_fu_209_p0      |   14|          3|   64|        192|
    |grp_fu_209_p1      |   14|          3|   64|        192|
    |grp_fu_215_p0      |   14|          3|   64|        192|
    |grp_fu_215_p1      |   14|          3|   64|        192|
    |grp_fu_219_p0      |   14|          3|   64|        192|
    |p_6_address0       |   14|          3|    3|          9|
    |p_8_address0       |   14|          3|    5|         15|
    +-------------------+-----+-----------+-----+-----------+
    |Total              | 1064|        204|  491|       1697|
    +-------------------+-----+-----------+-----+-----------+

    * Register: 
    +---------------------+-----+----+-----+-----------+
    |         Name        |  FF | LUT| Bits| Const Bits|
    +---------------------+-----+----+-----+-----------+
    |add_ln11_reg_690     |   25|   0|   25|          0|
    |add_ln12_reg_715     |   64|   0|   64|          0|
    |ap_CS_fsm            |  162|   0|  162|          0|
    |conv2_reg_700        |   32|   0|   32|          0|
    |conv3_reg_750        |   64|   0|   64|          0|
    |data_V_reg_765       |   32|   0|   32|          0|
    |div_reg_735          |   32|   0|   32|          0|
    |isNeg_1_reg_837      |    1|   0|    1|          0|
    |isNeg_reg_781        |    1|   0|    1|          0|
    |mul_ln15_reg_720     |   24|   0|   24|          0|
    |p_10_load_reg_659    |   32|   0|   32|          0|
    |p_6_load_reg_674     |   16|   0|   16|          0|
    |reg_222              |   32|   0|   32|          0|
    |reg_229              |   64|   0|   64|          0|
    |reg_235              |   64|   0|   64|          0|
    |reg_241              |   64|   0|   64|          0|
    |sub_ln13_reg_806     |   18|   0|   18|          0|
    |tmp_14_reg_770       |    8|   0|    8|          0|
    |tmp_15_reg_776       |   23|   0|   23|          0|
    |tmp_16_reg_821       |    8|   0|    8|          0|
    |tmp_17_reg_827       |   23|   0|   23|          0|
    |udiv_ln12_1_reg_832  |   33|   0|   33|          0|
    |udiv_ln12_reg_801    |   32|   0|   32|          0|
    |urem_ln11_1_reg_755  |   17|   0|   17|          0|
    |urem_ln11_reg_740    |   16|   0|   16|          0|
    |ush_1_reg_842        |    9|   0|    9|          0|
    |ush_reg_786          |    9|   0|    9|          0|
    |xor_ln13_reg_847     |   64|   0|   64|          0|
    +---------------------+-----+----+-----+-----------+
    |Total                |  969|   0|  969|          0|
    +---------------------+-----+----+-----+-----------+



================================================================
== Interface
================================================================
* Summary: 
+---------------+-----+-----+------------+--------------+--------------+
|   RTL Ports   | Dir | Bits|  Protocol  | Source Object|    C Type    |
+---------------+-----+-----+------------+--------------+--------------+
|ap_clk         |   in|    1|  ap_ctrl_hs|           fn1|  return value|
|ap_rst         |   in|    1|  ap_ctrl_hs|           fn1|  return value|
|ap_start       |   in|    1|  ap_ctrl_hs|           fn1|  return value|
|ap_done        |  out|    1|  ap_ctrl_hs|           fn1|  return value|
|ap_idle        |  out|    1|  ap_ctrl_hs|           fn1|  return value|
|ap_ready       |  out|    1|  ap_ctrl_hs|           fn1|  return value|
|ap_return      |  out|   32|  ap_ctrl_hs|           fn1|  return value|
|p              |   in|   32|     ap_none|             p|        scalar|
|p_4            |   in|   64|     ap_none|           p_4|        scalar|
|p_6_address0   |  out|    3|   ap_memory|           p_6|         array|
|p_6_ce0        |  out|    1|   ap_memory|           p_6|         array|
|p_6_q0         |   in|   16|   ap_memory|           p_6|         array|
|p_8_address0   |  out|    5|   ap_memory|           p_8|         array|
|p_8_ce0        |  out|    1|   ap_memory|           p_8|         array|
|p_8_q0         |   in|    8|   ap_memory|           p_8|         array|
|p_10_address0  |  out|    1|   ap_memory|          p_10|         array|
|p_10_ce0       |  out|    1|   ap_memory|          p_10|         array|
|p_10_q0        |   in|   32|   ap_memory|          p_10|         array|
+---------------+-----+-----+------------+--------------+--------------+

