Copyright 1986-2020 Xilinx, Inc. All Rights Reserved.
------------------------------------------------------------------------------------
| Tool Version : Vivado v.2020.2 (lin64) Build 3064766 Wed Nov 18 09:12:47 MST 2020
| Date         : Thu Apr 29 00:24:40 2021
| Host         : seal-lambda running 64-bit Ubuntu 18.04.5 LTS
| Command      : report_timing_summary -file ./report/fn1_timing_routed.rpt
| Design       : bd_0_wrapper
| Device       : 7z020-clg484
| Speed File   : -1  PRODUCTION 1.12 2019-11-22
------------------------------------------------------------------------------------

Timing Summary Report

------------------------------------------------------------------------------------------------
| Timer Settings
| --------------
------------------------------------------------------------------------------------------------

  Enable Multi Corner Analysis               :  Yes
  Enable Pessimism Removal                   :  Yes
  Pessimism Removal Resolution               :  Nearest Common Node
  Enable Input Delay Default Clock           :  No
  Enable Preset / Clear Arcs                 :  No
  Disable Flight Delays                      :  No
  Ignore I/O Paths                           :  No
  Timing Early Launch at Borrowing Latches   :  No
  Borrow Time for Max Delay Exceptions       :  Yes
  Merge Timing Exceptions                    :  Yes

  Corner  Analyze    Analyze    
  Name    Max Paths  Min Paths  
  ------  ---------  ---------  
  Slow    Yes        Yes        
  Fast    Yes        Yes        



check_timing report

Table of Contents
-----------------
1. checking no_clock (0)
2. checking constant_clock (0)
3. checking pulse_width_clock (0)
4. checking unconstrained_internal_endpoints (0)
5. checking no_input_delay (10)
6. checking no_output_delay (67)
7. checking multiple_clock (0)
8. checking generated_clocks (0)
9. checking loops (0)
10. checking partial_input_delay (0)
11. checking partial_output_delay (0)
12. checking latch_loops (0)

1. checking no_clock (0)
------------------------
 There are 0 register/latch pins with no clock.


2. checking constant_clock (0)
------------------------------
 There are 0 register/latch pins with constant_clock.


3. checking pulse_width_clock (0)
---------------------------------
 There are 0 register/latch pins which need pulse_width check


4. checking unconstrained_internal_endpoints (0)
------------------------------------------------
 There are 0 pins that are not constrained for maximum delay.

 There are 0 pins that are not constrained for maximum delay due to constant clock.


5. checking no_input_delay (10)
-------------------------------
 There are 10 input ports with no input delay specified. (HIGH)

 There are 0 input ports with no input delay but user has a false path constraint.


6. checking no_output_delay (67)
--------------------------------
 There are 67 ports with no output delay specified. (HIGH)

 There are 0 ports with no output delay but user has a false path constraint

 There are 0 ports with no output delay but with a timing clock defined on it or propagating through it


7. checking multiple_clock (0)
------------------------------
 There are 0 register/latch pins with multiple clocks.


8. checking generated_clocks (0)
--------------------------------
 There are 0 generated clocks that are not connected to a clock source.


9. checking loops (0)
---------------------
 There are 0 combinational loops in the design.


10. checking partial_input_delay (0)
------------------------------------
 There are 0 input ports with partial input delay specified.


11. checking partial_output_delay (0)
-------------------------------------
 There are 0 ports with partial output delay specified.


12. checking latch_loops (0)
----------------------------
 There are 0 combinational latch loops in the design through latch input



------------------------------------------------------------------------------------------------
| Design Timing Summary
| ---------------------
------------------------------------------------------------------------------------------------

    WNS(ns)      TNS(ns)  TNS Failing Endpoints  TNS Total Endpoints      WHS(ns)      THS(ns)  THS Failing Endpoints  THS Total Endpoints     WPWS(ns)     TPWS(ns)  TPWS Failing Endpoints  TPWS Total Endpoints  
    -------      -------  ---------------------  -------------------      -------      -------  ---------------------  -------------------     --------     --------  ----------------------  --------------------  
      1.755        0.000                      0                 1708        0.122        0.000                      0                 1708        4.020        0.000                       0                  1167  


All user specified timing constraints are met.


------------------------------------------------------------------------------------------------
| Clock Summary
| -------------
------------------------------------------------------------------------------------------------

Clock   Waveform(ns)       Period(ns)      Frequency(MHz)
-----   ------------       ----------      --------------
ap_clk  {0.000 5.000}      10.000          100.000         


------------------------------------------------------------------------------------------------
| Intra Clock Table
| -----------------
------------------------------------------------------------------------------------------------

Clock             WNS(ns)      TNS(ns)  TNS Failing Endpoints  TNS Total Endpoints      WHS(ns)      THS(ns)  THS Failing Endpoints  THS Total Endpoints     WPWS(ns)     TPWS(ns)  TPWS Failing Endpoints  TPWS Total Endpoints  
-----             -------      -------  ---------------------  -------------------      -------      -------  ---------------------  -------------------     --------     --------  ----------------------  --------------------  
ap_clk              1.755        0.000                      0                 1708        0.122        0.000                      0                 1708        4.020        0.000                       0                  1167  


------------------------------------------------------------------------------------------------
| Inter Clock Table
| -----------------
------------------------------------------------------------------------------------------------

From Clock    To Clock          WNS(ns)      TNS(ns)  TNS Failing Endpoints  TNS Total Endpoints      WHS(ns)      THS(ns)  THS Failing Endpoints  THS Total Endpoints  
----------    --------          -------      -------  ---------------------  -------------------      -------      -------  ---------------------  -------------------  


------------------------------------------------------------------------------------------------
| Other Path Groups Table
| -----------------------
------------------------------------------------------------------------------------------------

Path Group    From Clock    To Clock          WNS(ns)      TNS(ns)  TNS Failing Endpoints  TNS Total Endpoints      WHS(ns)      THS(ns)  THS Failing Endpoints  THS Total Endpoints  
----------    ----------    --------          -------      -------  ---------------------  -------------------      -------      -------  ---------------------  -------------------  


------------------------------------------------------------------------------------------------
| Timing Details
| --------------
------------------------------------------------------------------------------------------------


---------------------------------------------------------------------------------------------------
From Clock:  ap_clk
  To Clock:  ap_clk

Setup :            0  Failing Endpoints,  Worst Slack        1.755ns,  Total Violation        0.000ns
Hold  :            0  Failing Endpoints,  Worst Slack        0.122ns,  Total Violation        0.000ns
PW    :            0  Failing Endpoints,  Worst Slack        4.020ns,  Total Violation        0.000ns
---------------------------------------------------------------------------------------------------


Max Delay Paths
--------------------------------------------------------------------------------------
Slack (MET) :             1.755ns  (required time - arrival time)
  Source:                 bd_0_i/hls_inst/inst/dadddsub_64ns_64ns_64_7_full_dsp_1_U1/fn1_ap_dadddsub_5_full_dsp_64_u/inst/i_synth/ADDSUB_OP.ADDSUB/LOGIC_SPEED.OP/NORM/ZEROS_DELAY/i_pipe/opt_has_pipe.i_pipe[2].pipe_reg[2][0]/C
                            (rising edge-triggered cell FDRE clocked by ap_clk  {rise@0.000ns fall@5.000ns period=10.000ns})
  Destination:            bd_0_i/hls_inst/inst/dadddsub_64ns_64ns_64_7_full_dsp_1_U1/fn1_ap_dadddsub_5_full_dsp_64_u/inst/i_synth/ADDSUB_OP.ADDSUB/LOGIC_SPEED.OP/OP/RESULT_REG.NORMAL.exp_op_reg[9]/D
                            (rising edge-triggered cell FDRE clocked by ap_clk  {rise@0.000ns fall@5.000ns period=10.000ns})
  Path Group:             ap_clk
  Path Type:              Setup (Max at Slow Process Corner)
  Requirement:            10.000ns  (ap_clk rise@10.000ns - ap_clk rise@0.000ns)
  Data Path Delay:        8.223ns  (logic 4.807ns (58.457%)  route 3.416ns (41.543%))
  Logic Levels:           8  (CARRY4=4 DSP48E1=1 LUT3=2 LUT5=1)
  Clock Path Skew:        -0.049ns (DCD - SCD + CPR)
    Destination Clock Delay (DCD):    0.924ns = ( 10.924 - 10.000 ) 
    Source Clock Delay      (SCD):    0.973ns
    Clock Pessimism Removal (CPR):    0.000ns
  Clock Uncertainty:      0.035ns  ((TSJ^2 + TIJ^2)^1/2 + DJ) / 2 + PE
    Total System Jitter     (TSJ):    0.071ns
    Total Input Jitter      (TIJ):    0.000ns
    Discrete Jitter          (DJ):    0.000ns
    Phase Error              (PE):    0.000ns

    Location             Delay type                Incr(ns)  Path(ns)    Netlist Resource(s)
  -------------------------------------------------------------------    -------------------
                         (clock ap_clk rise edge)     0.000     0.000 r  
                                                      0.000     0.000 r  ap_clk (IN)
                         net (fo=1170, unset)         0.973     0.973    bd_0_i/hls_inst/inst/dadddsub_64ns_64ns_64_7_full_dsp_1_U1/fn1_ap_dadddsub_5_full_dsp_64_u/inst/i_synth/ADDSUB_OP.ADDSUB/LOGIC_SPEED.OP/NORM/ZEROS_DELAY/i_pipe/aclk
    SLICE_X28Y29         FDRE                                         r  bd_0_i/hls_inst/inst/dadddsub_64ns_64ns_64_7_full_dsp_1_U1/fn1_ap_dadddsub_5_full_dsp_64_u/inst/i_synth/ADDSUB_OP.ADDSUB/LOGIC_SPEED.OP/NORM/ZEROS_DELAY/i_pipe/opt_has_pipe.i_pipe[2].pipe_reg[2][0]/C
  -------------------------------------------------------------------    -------------------
    SLICE_X28Y29         FDRE (Prop_fdre_C_Q)         0.419     1.392 f  bd_0_i/hls_inst/inst/dadddsub_64ns_64ns_64_7_full_dsp_1_U1/fn1_ap_dadddsub_5_full_dsp_64_u/inst/i_synth/ADDSUB_OP.ADDSUB/LOGIC_SPEED.OP/NORM/ZEROS_DELAY/i_pipe/opt_has_pipe.i_pipe[2].pipe_reg[2][0]/Q
                         net (fo=1, routed)           0.436     1.828    bd_0_i/hls_inst/inst/dadddsub_64ns_64ns_64_7_full_dsp_1_U1/fn1_ap_dadddsub_5_full_dsp_64_u/inst/i_synth/ADDSUB_OP.ADDSUB/LOGIC_SPEED.OP/NORM/NORM_SHIFT/MUX_LOOP[2].DEL_SHIFT/i_pipe/zeros_del
    SLICE_X28Y29         LUT3 (Prop_lut3_I2_O)        0.299     2.127 r  bd_0_i/hls_inst/inst/dadddsub_64ns_64ns_64_7_full_dsp_1_U1/fn1_ap_dadddsub_5_full_dsp_64_u/inst/i_synth/ADDSUB_OP.ADDSUB/LOGIC_SPEED.OP/NORM/NORM_SHIFT/MUX_LOOP[2].DEL_SHIFT/i_pipe/CHAIN_GEN[0].C_MUX.CARRY_MUX_i_3__0/O
                         net (fo=1, routed)           0.737     2.865    bd_0_i/hls_inst/inst/dadddsub_64ns_64ns_64_7_full_dsp_1_U1/fn1_ap_dadddsub_5_full_dsp_64_u/inst/i_synth/ADDSUB_OP.ADDSUB/LOGIC_SPEED.OP/NORM/ROUND/RND_BIT_GEN/NORM_1_OR_0.STRUCT_REQ.SPECIAL.RND_CHAIN/i_no_versal_es1_workaround.DSP
    SLICE_X20Y30         CARRY4 (Prop_carry4_CYINIT_CO[0])
                                                      0.561     3.426 r  bd_0_i/hls_inst/inst/dadddsub_64ns_64ns_64_7_full_dsp_1_U1/fn1_ap_dadddsub_5_full_dsp_64_u/inst/i_synth/ADDSUB_OP.ADDSUB/LOGIC_SPEED.OP/NORM/ROUND/RND_BIT_GEN/NORM_1_OR_0.STRUCT_REQ.SPECIAL.RND_CHAIN/CHAIN_GEN[0].C_MUX.CARRY_MUX_CARRY4/CO[0]
                         net (fo=1, routed)           0.380     3.806    bd_0_i/hls_inst/inst/dadddsub_64ns_64ns_64_7_full_dsp_1_U1/fn1_ap_dadddsub_5_full_dsp_64_u/inst/i_synth/ADDSUB_OP.ADDSUB/LOGIC_SPEED.OP/NORM/ROUND/DSP48_E1.DSP48E1_ADD.DSP48E1_ADD/B[0]
    DSP48_X1Y12          DSP48E1 (Prop_dsp48e1_B[1]_P[47])
                                                      2.300     6.106 r  bd_0_i/hls_inst/inst/dadddsub_64ns_64ns_64_7_full_dsp_1_U1/fn1_ap_dadddsub_5_full_dsp_64_u/inst/i_synth/ADDSUB_OP.ADDSUB/LOGIC_SPEED.OP/NORM/ROUND/DSP48_E1.DSP48E1_ADD.DSP48E1_ADD/i_no_versal_es1_workaround.DSP/P[47]
                         net (fo=7, routed)           1.176     7.281    bd_0_i/hls_inst/inst/dadddsub_64ns_64ns_64_7_full_dsp_1_U1/fn1_ap_dadddsub_5_full_dsp_64_u/inst/i_synth/ADDSUB_OP.ADDSUB/LOGIC_SPEED.OP/NORM/ROUND/DSP48_E1.DSP_LOGIC_ADDERS.RND_1/P[0]
    SLICE_X31Y36         LUT3 (Prop_lut3_I1_O)        0.124     7.405 r  bd_0_i/hls_inst/inst/dadddsub_64ns_64ns_64_7_full_dsp_1_U1/fn1_ap_dadddsub_5_full_dsp_64_u/inst/i_synth/ADDSUB_OP.ADDSUB/LOGIC_SPEED.OP/NORM/ROUND/DSP48_E1.DSP_LOGIC_ADDERS.RND_1/RESULT_REG.NORMAL.exp_op[3]_i_7/O
                         net (fo=1, routed)           0.687     8.092    bd_0_i/hls_inst/inst/dadddsub_64ns_64ns_64_7_full_dsp_1_U1/fn1_ap_dadddsub_5_full_dsp_64_u/inst/i_synth/ADDSUB_OP.ADDSUB/LOGIC_SPEED.OP/EXP/STATE_DELAY/i_pipe/RESULT_REG.NORMAL.exp_op_reg[3]
    SLICE_X31Y42         LUT5 (Prop_lut5_I3_O)        0.124     8.216 r  bd_0_i/hls_inst/inst/dadddsub_64ns_64ns_64_7_full_dsp_1_U1/fn1_ap_dadddsub_5_full_dsp_64_u/inst/i_synth/ADDSUB_OP.ADDSUB/LOGIC_SPEED.OP/EXP/STATE_DELAY/i_pipe/RESULT_REG.NORMAL.exp_op[3]_i_6/O
                         net (fo=1, routed)           0.000     8.216    bd_0_i/hls_inst/inst/dadddsub_64ns_64ns_64_7_full_dsp_1_U1/fn1_ap_dadddsub_5_full_dsp_64_u/inst/i_synth/ADDSUB_OP.ADDSUB/LOGIC_SPEED.OP/EXP/STATE_DELAY/i_pipe/RESULT_REG.NORMAL.exp_op[3]_i_6_n_0
    SLICE_X31Y42         CARRY4 (Prop_carry4_S[0]_CO[3])
                                                      0.532     8.748 r  bd_0_i/hls_inst/inst/dadddsub_64ns_64ns_64_7_full_dsp_1_U1/fn1_ap_dadddsub_5_full_dsp_64_u/inst/i_synth/ADDSUB_OP.ADDSUB/LOGIC_SPEED.OP/EXP/STATE_DELAY/i_pipe/RESULT_REG.NORMAL.exp_op_reg[3]_i_1/CO[3]
                         net (fo=1, routed)           0.000     8.748    bd_0_i/hls_inst/inst/dadddsub_64ns_64ns_64_7_full_dsp_1_U1/fn1_ap_dadddsub_5_full_dsp_64_u/inst/i_synth/ADDSUB_OP.ADDSUB/LOGIC_SPEED.OP/EXP/STATE_DELAY/i_pipe/RESULT_REG.NORMAL.exp_op_reg[3]_i_1_n_0
    SLICE_X31Y43         CARRY4 (Prop_carry4_CI_CO[3])
                                                      0.114     8.862 r  bd_0_i/hls_inst/inst/dadddsub_64ns_64ns_64_7_full_dsp_1_U1/fn1_ap_dadddsub_5_full_dsp_64_u/inst/i_synth/ADDSUB_OP.ADDSUB/LOGIC_SPEED.OP/EXP/STATE_DELAY/i_pipe/RESULT_REG.NORMAL.exp_op_reg[7]_i_1/CO[3]
                         net (fo=1, routed)           0.000     8.862    bd_0_i/hls_inst/inst/dadddsub_64ns_64ns_64_7_full_dsp_1_U1/fn1_ap_dadddsub_5_full_dsp_64_u/inst/i_synth/ADDSUB_OP.ADDSUB/LOGIC_SPEED.OP/EXP/STATE_DELAY/i_pipe/RESULT_REG.NORMAL.exp_op_reg[7]_i_1_n_0
    SLICE_X31Y44         CARRY4 (Prop_carry4_CI_O[1])
                                                      0.334     9.196 r  bd_0_i/hls_inst/inst/dadddsub_64ns_64ns_64_7_full_dsp_1_U1/fn1_ap_dadddsub_5_full_dsp_64_u/inst/i_synth/ADDSUB_OP.ADDSUB/LOGIC_SPEED.OP/EXP/STATE_DELAY/i_pipe/RESULT_REG.NORMAL.exp_op_reg[10]_i_1/O[1]
                         net (fo=1, routed)           0.000     9.196    bd_0_i/hls_inst/inst/dadddsub_64ns_64ns_64_7_full_dsp_1_U1/fn1_ap_dadddsub_5_full_dsp_64_u/inst/i_synth/ADDSUB_OP.ADDSUB/LOGIC_SPEED.OP/OP/exp_pre_op[9]
    SLICE_X31Y44         FDRE                                         r  bd_0_i/hls_inst/inst/dadddsub_64ns_64ns_64_7_full_dsp_1_U1/fn1_ap_dadddsub_5_full_dsp_64_u/inst/i_synth/ADDSUB_OP.ADDSUB/LOGIC_SPEED.OP/OP/RESULT_REG.NORMAL.exp_op_reg[9]/D
  -------------------------------------------------------------------    -------------------

                         (clock ap_clk rise edge)    10.000    10.000 r  
                                                      0.000    10.000 r  ap_clk (IN)
                         net (fo=1170, unset)         0.924    10.924    bd_0_i/hls_inst/inst/dadddsub_64ns_64ns_64_7_full_dsp_1_U1/fn1_ap_dadddsub_5_full_dsp_64_u/inst/i_synth/ADDSUB_OP.ADDSUB/LOGIC_SPEED.OP/OP/aclk
    SLICE_X31Y44         FDRE                                         r  bd_0_i/hls_inst/inst/dadddsub_64ns_64ns_64_7_full_dsp_1_U1/fn1_ap_dadddsub_5_full_dsp_64_u/inst/i_synth/ADDSUB_OP.ADDSUB/LOGIC_SPEED.OP/OP/RESULT_REG.NORMAL.exp_op_reg[9]/C
                         clock pessimism              0.000    10.924    
                         clock uncertainty           -0.035    10.889    
    SLICE_X31Y44         FDRE (Setup_fdre_C_D)        0.062    10.951    bd_0_i/hls_inst/inst/dadddsub_64ns_64ns_64_7_full_dsp_1_U1/fn1_ap_dadddsub_5_full_dsp_64_u/inst/i_synth/ADDSUB_OP.ADDSUB/LOGIC_SPEED.OP/OP/RESULT_REG.NORMAL.exp_op_reg[9]
  -------------------------------------------------------------------
                         required time                         10.951    
                         arrival time                          -9.196    
  -------------------------------------------------------------------
                         slack                                  1.755    





Min Delay Paths
--------------------------------------------------------------------------------------
Slack (MET) :             0.122ns  (arrival time - required time)
  Source:                 bd_0_i/hls_inst/inst/mul_11ns_32s_43_2_1_U6/fn1_mul_11ns_32s_43_2_1_Multiplier_1_U/p_reg[0]/C
                            (rising edge-triggered cell FDRE clocked by ap_clk  {rise@0.000ns fall@5.000ns period=10.000ns})
  Destination:            bd_0_i/hls_inst/inst/mul_ln27_reg_405_reg[0]/D
                            (rising edge-triggered cell FDRE clocked by ap_clk  {rise@0.000ns fall@5.000ns period=10.000ns})
  Path Group:             ap_clk
  Path Type:              Hold (Min at Fast Process Corner)
  Requirement:            0.000ns  (ap_clk rise@0.000ns - ap_clk rise@0.000ns)
  Data Path Delay:        0.228ns  (logic 0.141ns (61.814%)  route 0.087ns (38.186%))
  Logic Levels:           0  
  Clock Path Skew:        0.022ns (DCD - SCD - CPR)
    Destination Clock Delay (DCD):    0.432ns
    Source Clock Delay      (SCD):    0.410ns
    Clock Pessimism Removal (CPR):    -0.000ns

    Location             Delay type                Incr(ns)  Path(ns)    Netlist Resource(s)
  -------------------------------------------------------------------    -------------------
                         (clock ap_clk rise edge)     0.000     0.000 r  
                                                      0.000     0.000 r  ap_clk (IN)
                         net (fo=1170, unset)         0.410     0.410    bd_0_i/hls_inst/inst/mul_11ns_32s_43_2_1_U6/fn1_mul_11ns_32s_43_2_1_Multiplier_1_U/ap_clk
    SLICE_X37Y50         FDRE                                         r  bd_0_i/hls_inst/inst/mul_11ns_32s_43_2_1_U6/fn1_mul_11ns_32s_43_2_1_Multiplier_1_U/p_reg[0]/C
  -------------------------------------------------------------------    -------------------
    SLICE_X37Y50         FDRE (Prop_fdre_C_Q)         0.141     0.551 r  bd_0_i/hls_inst/inst/mul_11ns_32s_43_2_1_U6/fn1_mul_11ns_32s_43_2_1_Multiplier_1_U/p_reg[0]/Q
                         net (fo=1, routed)           0.087     0.638    bd_0_i/hls_inst/inst/fn1_mul_11ns_32s_43_2_1_Multiplier_1_U/p_reg__0[0]
    SLICE_X36Y50         FDRE                                         r  bd_0_i/hls_inst/inst/mul_ln27_reg_405_reg[0]/D
  -------------------------------------------------------------------    -------------------

                         (clock ap_clk rise edge)     0.000     0.000 r  
                                                      0.000     0.000 r  ap_clk (IN)
                         net (fo=1170, unset)         0.432     0.432    bd_0_i/hls_inst/inst/ap_clk
    SLICE_X36Y50         FDRE                                         r  bd_0_i/hls_inst/inst/mul_ln27_reg_405_reg[0]/C
                         clock pessimism              0.000     0.432    
    SLICE_X36Y50         FDRE (Hold_fdre_C_D)         0.085     0.517    bd_0_i/hls_inst/inst/mul_ln27_reg_405_reg[0]
  -------------------------------------------------------------------
                         required time                         -0.517    
                         arrival time                           0.638    
  -------------------------------------------------------------------
                         slack                                  0.122    





Pulse Width Checks
--------------------------------------------------------------------------------------
Clock Name:         ap_clk
Waveform(ns):       { 0.000 5.000 }
Period(ns):         10.000
Sources:            { ap_clk }

Check Type        Corner  Lib Pin      Reference Pin  Required(ns)  Actual(ns)  Slack(ns)  Location      Pin
Min Period        n/a     DSP48E1/CLK  n/a            3.687         10.000      6.313      DSP48_X2Y21   bd_0_i/hls_inst/inst/mul_11ns_32s_43_2_1_U6/fn1_mul_11ns_32s_43_2_1_Multiplier_1_U/p_reg/CLK
Low Pulse Width   Fast    SRL16E/CLK   n/a            0.980         5.000       4.020      SLICE_X38Y44  bd_0_i/hls_inst/inst/sitodp_32s_64_6_no_dsp_1_U3/fn1_ap_sitodp_4_no_dsp_32_u/inst/i_synth/FIX_TO_FLT_OP.SPD.OP/EXP/a_is_signed.IP_SIGN_DELAY/i_pipe/opt_has_pipe.i_pipe[3].pipe_reg[3][0]_srl3/CLK
High Pulse Width  Slow    SRL16E/CLK   n/a            0.980         5.000       4.020      SLICE_X38Y44  bd_0_i/hls_inst/inst/sitodp_32s_64_6_no_dsp_1_U3/fn1_ap_sitodp_4_no_dsp_32_u/inst/i_synth/FIX_TO_FLT_OP.SPD.OP/EXP/a_is_signed.IP_SIGN_DELAY/i_pipe/opt_has_pipe.i_pipe[3].pipe_reg[3][0]_srl3/CLK



