
*** Running vivado
    with args -log bd_0_hls_inst_0.vds -m64 -product Vivado -mode batch -messageDb vivado.pb -notrace -source bd_0_hls_inst_0.tcl


****** Vivado v2020.2 (64-bit)
  **** SW Build 3064766 on Wed Nov 18 09:12:47 MST 2020
  **** IP Build 3064653 on Wed Nov 18 14:17:31 MST 2020
    ** Copyright 1986-2020 Xilinx, Inc. All Rights Reserved.

source bd_0_hls_inst_0.tcl -notrace
INFO: [IP_Flow 19-234] Refreshing IP repositories
INFO: [IP_Flow 19-1700] Loaded user IP repository '/home/nanwu/GNN_DFG/bb/dfg_34/project_tmp/solution_tmp/impl/ip'.
INFO: [IP_Flow 19-2313] Loaded Vivado IP repository '/opt/Xilinx/Vivado/2020.2/data/ip'.
Command: synth_design -top bd_0_hls_inst_0 -part xc7z020clg484-1 -directive sdx_optimization_effort_high -mode out_of_context
Starting synth_design
Attempting to get a license for feature 'Synthesis' and/or device 'xc7z020'
INFO: [Common 17-349] Got license for feature 'Synthesis' and/or device 'xc7z020'
INFO: [Device 21-403] Loading part xc7z020clg484-1
INFO: [Synth 8-7079] Multithreading enabled for synth_design using a maximum of 4 processes.
INFO: [Synth 8-7078] Launching helper process for spawning children vivado processes
INFO: [Synth 8-7075] Helper process launched with PID 22673
---------------------------------------------------------------------------------
Starting RTL Elaboration : Time (s): cpu = 00:00:04 ; elapsed = 00:00:07 . Memory (MB): peak = 2394.457 ; gain = 0.000 ; free physical = 11317 ; free virtual = 124051
---------------------------------------------------------------------------------
INFO: [Synth 8-6157] synthesizing module 'bd_0_hls_inst_0' [/home/nanwu/GNN_DFG/bb/dfg_34/project_tmp/solution_tmp/impl/verilog/project.gen/sources_1/bd/bd_0/ip/bd_0_hls_inst_0/synth/bd_0_hls_inst_0.v:58]
INFO: [Synth 8-6157] synthesizing module 'fn1' [/home/nanwu/GNN_DFG/bb/dfg_34/project_tmp/solution_tmp/impl/verilog/project.gen/sources_1/bd/bd_0/ipshared/392e/hdl/verilog/fn1.v:12]
	Parameter ap_ST_fsm_state1 bound to: 149'b00000000000000000000000000000000000000000000000000000000000000000000000000000000000000000000000000000000000000000000000000000000000000000000000000001 
	Parameter ap_ST_fsm_state2 bound to: 149'b00000000000000000000000000000000000000000000000000000000000000000000000000000000000000000000000000000000000000000000000000000000000000000000000000010 
	Parameter ap_ST_fsm_state3 bound to: 149'b00000000000000000000000000000000000000000000000000000000000000000000000000000000000000000000000000000000000000000000000000000000000000000000000000100 
	Parameter ap_ST_fsm_state4 bound to: 149'b00000000000000000000000000000000000000000000000000000000000000000000000000000000000000000000000000000000000000000000000000000000000000000000000001000 
	Parameter ap_ST_fsm_state5 bound to: 149'b00000000000000000000000000000000000000000000000000000000000000000000000000000000000000000000000000000000000000000000000000000000000000000000000010000 
	Parameter ap_ST_fsm_state6 bound to: 149'b00000000000000000000000000000000000000000000000000000000000000000000000000000000000000000000000000000000000000000000000000000000000000000000000100000 
	Parameter ap_ST_fsm_state7 bound to: 149'b00000000000000000000000000000000000000000000000000000000000000000000000000000000000000000000000000000000000000000000000000000000000000000000001000000 
	Parameter ap_ST_fsm_state8 bound to: 149'b00000000000000000000000000000000000000000000000000000000000000000000000000000000000000000000000000000000000000000000000000000000000000000000010000000 
	Parameter ap_ST_fsm_state9 bound to: 149'b00000000000000000000000000000000000000000000000000000000000000000000000000000000000000000000000000000000000000000000000000000000000000000000100000000 
	Parameter ap_ST_fsm_state10 bound to: 149'b00000000000000000000000000000000000000000000000000000000000000000000000000000000000000000000000000000000000000000000000000000000000000000001000000000 
	Parameter ap_ST_fsm_state11 bound to: 149'b00000000000000000000000000000000000000000000000000000000000000000000000000000000000000000000000000000000000000000000000000000000000000000010000000000 
	Parameter ap_ST_fsm_state12 bound to: 149'b00000000000000000000000000000000000000000000000000000000000000000000000000000000000000000000000000000000000000000000000000000000000000000100000000000 
	Parameter ap_ST_fsm_state13 bound to: 149'b00000000000000000000000000000000000000000000000000000000000000000000000000000000000000000000000000000000000000000000000000000000000000001000000000000 
	Parameter ap_ST_fsm_state14 bound to: 149'b00000000000000000000000000000000000000000000000000000000000000000000000000000000000000000000000000000000000000000000000000000000000000010000000000000 
	Parameter ap_ST_fsm_state15 bound to: 149'b00000000000000000000000000000000000000000000000000000000000000000000000000000000000000000000000000000000000000000000000000000000000000100000000000000 
	Parameter ap_ST_fsm_state16 bound to: 149'b00000000000000000000000000000000000000000000000000000000000000000000000000000000000000000000000000000000000000000000000000000000000001000000000000000 
	Parameter ap_ST_fsm_state17 bound to: 149'b00000000000000000000000000000000000000000000000000000000000000000000000000000000000000000000000000000000000000000000000000000000000010000000000000000 
	Parameter ap_ST_fsm_state18 bound to: 149'b00000000000000000000000000000000000000000000000000000000000000000000000000000000000000000000000000000000000000000000000000000000000100000000000000000 
	Parameter ap_ST_fsm_state19 bound to: 149'b00000000000000000000000000000000000000000000000000000000000000000000000000000000000000000000000000000000000000000000000000000000001000000000000000000 
	Parameter ap_ST_fsm_state20 bound to: 149'b00000000000000000000000000000000000000000000000000000000000000000000000000000000000000000000000000000000000000000000000000000000010000000000000000000 
	Parameter ap_ST_fsm_state21 bound to: 149'b00000000000000000000000000000000000000000000000000000000000000000000000000000000000000000000000000000000000000000000000000000000100000000000000000000 
	Parameter ap_ST_fsm_state22 bound to: 149'b00000000000000000000000000000000000000000000000000000000000000000000000000000000000000000000000000000000000000000000000000000001000000000000000000000 
	Parameter ap_ST_fsm_state23 bound to: 149'b00000000000000000000000000000000000000000000000000000000000000000000000000000000000000000000000000000000000000000000000000000010000000000000000000000 
	Parameter ap_ST_fsm_state24 bound to: 149'b00000000000000000000000000000000000000000000000000000000000000000000000000000000000000000000000000000000000000000000000000000100000000000000000000000 
	Parameter ap_ST_fsm_state25 bound to: 149'b00000000000000000000000000000000000000000000000000000000000000000000000000000000000000000000000000000000000000000000000000001000000000000000000000000 
	Parameter ap_ST_fsm_state26 bound to: 149'b00000000000000000000000000000000000000000000000000000000000000000000000000000000000000000000000000000000000000000000000000010000000000000000000000000 
	Parameter ap_ST_fsm_state27 bound to: 149'b00000000000000000000000000000000000000000000000000000000000000000000000000000000000000000000000000000000000000000000000000100000000000000000000000000 
	Parameter ap_ST_fsm_state28 bound to: 149'b00000000000000000000000000000000000000000000000000000000000000000000000000000000000000000000000000000000000000000000000001000000000000000000000000000 
	Parameter ap_ST_fsm_state29 bound to: 149'b00000000000000000000000000000000000000000000000000000000000000000000000000000000000000000000000000000000000000000000000010000000000000000000000000000 
	Parameter ap_ST_fsm_state30 bound to: 149'b00000000000000000000000000000000000000000000000000000000000000000000000000000000000000000000000000000000000000000000000100000000000000000000000000000 
	Parameter ap_ST_fsm_state31 bound to: 149'b00000000000000000000000000000000000000000000000000000000000000000000000000000000000000000000000000000000000000000000001000000000000000000000000000000 
	Parameter ap_ST_fsm_state32 bound to: 149'b00000000000000000000000000000000000000000000000000000000000000000000000000000000000000000000000000000000000000000000010000000000000000000000000000000 
	Parameter ap_ST_fsm_state33 bound to: 149'b00000000000000000000000000000000000000000000000000000000000000000000000000000000000000000000000000000000000000000000100000000000000000000000000000000 
	Parameter ap_ST_fsm_state34 bound to: 149'b00000000000000000000000000000000000000000000000000000000000000000000000000000000000000000000000000000000000000000001000000000000000000000000000000000 
	Parameter ap_ST_fsm_state35 bound to: 149'b00000000000000000000000000000000000000000000000000000000000000000000000000000000000000000000000000000000000000000010000000000000000000000000000000000 
	Parameter ap_ST_fsm_state36 bound to: 149'b00000000000000000000000000000000000000000000000000000000000000000000000000000000000000000000000000000000000000000100000000000000000000000000000000000 
	Parameter ap_ST_fsm_state37 bound to: 149'b00000000000000000000000000000000000000000000000000000000000000000000000000000000000000000000000000000000000000001000000000000000000000000000000000000 
	Parameter ap_ST_fsm_state38 bound to: 149'b00000000000000000000000000000000000000000000000000000000000000000000000000000000000000000000000000000000000000010000000000000000000000000000000000000 
	Parameter ap_ST_fsm_state39 bound to: 149'b00000000000000000000000000000000000000000000000000000000000000000000000000000000000000000000000000000000000000100000000000000000000000000000000000000 
	Parameter ap_ST_fsm_state40 bound to: 149'b00000000000000000000000000000000000000000000000000000000000000000000000000000000000000000000000000000000000001000000000000000000000000000000000000000 
	Parameter ap_ST_fsm_state41 bound to: 149'b00000000000000000000000000000000000000000000000000000000000000000000000000000000000000000000000000000000000010000000000000000000000000000000000000000 
	Parameter ap_ST_fsm_state42 bound to: 149'b00000000000000000000000000000000000000000000000000000000000000000000000000000000000000000000000000000000000100000000000000000000000000000000000000000 
	Parameter ap_ST_fsm_state43 bound to: 149'b00000000000000000000000000000000000000000000000000000000000000000000000000000000000000000000000000000000001000000000000000000000000000000000000000000 
	Parameter ap_ST_fsm_state44 bound to: 149'b00000000000000000000000000000000000000000000000000000000000000000000000000000000000000000000000000000000010000000000000000000000000000000000000000000 
	Parameter ap_ST_fsm_state45 bound to: 149'b00000000000000000000000000000000000000000000000000000000000000000000000000000000000000000000000000000000100000000000000000000000000000000000000000000 
	Parameter ap_ST_fsm_state46 bound to: 149'b00000000000000000000000000000000000000000000000000000000000000000000000000000000000000000000000000000001000000000000000000000000000000000000000000000 
	Parameter ap_ST_fsm_state47 bound to: 149'b00000000000000000000000000000000000000000000000000000000000000000000000000000000000000000000000000000010000000000000000000000000000000000000000000000 
	Parameter ap_ST_fsm_state48 bound to: 149'b00000000000000000000000000000000000000000000000000000000000000000000000000000000000000000000000000000100000000000000000000000000000000000000000000000 
	Parameter ap_ST_fsm_state49 bound to: 149'b00000000000000000000000000000000000000000000000000000000000000000000000000000000000000000000000000001000000000000000000000000000000000000000000000000 
	Parameter ap_ST_fsm_state50 bound to: 149'b00000000000000000000000000000000000000000000000000000000000000000000000000000000000000000000000000010000000000000000000000000000000000000000000000000 
	Parameter ap_ST_fsm_state51 bound to: 149'b00000000000000000000000000000000000000000000000000000000000000000000000000000000000000000000000000100000000000000000000000000000000000000000000000000 
	Parameter ap_ST_fsm_state52 bound to: 149'b00000000000000000000000000000000000000000000000000000000000000000000000000000000000000000000000001000000000000000000000000000000000000000000000000000 
	Parameter ap_ST_fsm_state53 bound to: 149'b00000000000000000000000000000000000000000000000000000000000000000000000000000000000000000000000010000000000000000000000000000000000000000000000000000 
	Parameter ap_ST_fsm_state54 bound to: 149'b00000000000000000000000000000000000000000000000000000000000000000000000000000000000000000000000100000000000000000000000000000000000000000000000000000 
	Parameter ap_ST_fsm_state55 bound to: 149'b00000000000000000000000000000000000000000000000000000000000000000000000000000000000000000000001000000000000000000000000000000000000000000000000000000 
	Parameter ap_ST_fsm_state56 bound to: 149'b00000000000000000000000000000000000000000000000000000000000000000000000000000000000000000000010000000000000000000000000000000000000000000000000000000 
	Parameter ap_ST_fsm_state57 bound to: 149'b00000000000000000000000000000000000000000000000000000000000000000000000000000000000000000000100000000000000000000000000000000000000000000000000000000 
	Parameter ap_ST_fsm_state58 bound to: 149'b00000000000000000000000000000000000000000000000000000000000000000000000000000000000000000001000000000000000000000000000000000000000000000000000000000 
	Parameter ap_ST_fsm_state59 bound to: 149'b00000000000000000000000000000000000000000000000000000000000000000000000000000000000000000010000000000000000000000000000000000000000000000000000000000 
	Parameter ap_ST_fsm_state60 bound to: 149'b00000000000000000000000000000000000000000000000000000000000000000000000000000000000000000100000000000000000000000000000000000000000000000000000000000 
	Parameter ap_ST_fsm_state61 bound to: 149'b00000000000000000000000000000000000000000000000000000000000000000000000000000000000000001000000000000000000000000000000000000000000000000000000000000 
	Parameter ap_ST_fsm_state62 bound to: 149'b00000000000000000000000000000000000000000000000000000000000000000000000000000000000000010000000000000000000000000000000000000000000000000000000000000 
	Parameter ap_ST_fsm_state63 bound to: 149'b00000000000000000000000000000000000000000000000000000000000000000000000000000000000000100000000000000000000000000000000000000000000000000000000000000 
	Parameter ap_ST_fsm_state64 bound to: 149'b00000000000000000000000000000000000000000000000000000000000000000000000000000000000001000000000000000000000000000000000000000000000000000000000000000 
	Parameter ap_ST_fsm_state65 bound to: 149'b00000000000000000000000000000000000000000000000000000000000000000000000000000000000010000000000000000000000000000000000000000000000000000000000000000 
	Parameter ap_ST_fsm_state66 bound to: 149'b00000000000000000000000000000000000000000000000000000000000000000000000000000000000100000000000000000000000000000000000000000000000000000000000000000 
	Parameter ap_ST_fsm_state67 bound to: 149'b00000000000000000000000000000000000000000000000000000000000000000000000000000000001000000000000000000000000000000000000000000000000000000000000000000 
	Parameter ap_ST_fsm_state68 bound to: 149'b00000000000000000000000000000000000000000000000000000000000000000000000000000000010000000000000000000000000000000000000000000000000000000000000000000 
	Parameter ap_ST_fsm_state69 bound to: 149'b00000000000000000000000000000000000000000000000000000000000000000000000000000000100000000000000000000000000000000000000000000000000000000000000000000 
	Parameter ap_ST_fsm_state70 bound to: 149'b00000000000000000000000000000000000000000000000000000000000000000000000000000001000000000000000000000000000000000000000000000000000000000000000000000 
	Parameter ap_ST_fsm_state71 bound to: 149'b00000000000000000000000000000000000000000000000000000000000000000000000000000010000000000000000000000000000000000000000000000000000000000000000000000 
	Parameter ap_ST_fsm_state72 bound to: 149'b00000000000000000000000000000000000000000000000000000000000000000000000000000100000000000000000000000000000000000000000000000000000000000000000000000 
	Parameter ap_ST_fsm_state73 bound to: 149'b00000000000000000000000000000000000000000000000000000000000000000000000000001000000000000000000000000000000000000000000000000000000000000000000000000 
	Parameter ap_ST_fsm_state74 bound to: 149'b00000000000000000000000000000000000000000000000000000000000000000000000000010000000000000000000000000000000000000000000000000000000000000000000000000 
	Parameter ap_ST_fsm_state75 bound to: 149'b00000000000000000000000000000000000000000000000000000000000000000000000000100000000000000000000000000000000000000000000000000000000000000000000000000 
	Parameter ap_ST_fsm_state76 bound to: 149'b00000000000000000000000000000000000000000000000000000000000000000000000001000000000000000000000000000000000000000000000000000000000000000000000000000 
	Parameter ap_ST_fsm_state77 bound to: 149'b00000000000000000000000000000000000000000000000000000000000000000000000010000000000000000000000000000000000000000000000000000000000000000000000000000 
	Parameter ap_ST_fsm_state78 bound to: 149'b00000000000000000000000000000000000000000000000000000000000000000000000100000000000000000000000000000000000000000000000000000000000000000000000000000 
	Parameter ap_ST_fsm_state79 bound to: 149'b00000000000000000000000000000000000000000000000000000000000000000000001000000000000000000000000000000000000000000000000000000000000000000000000000000 
	Parameter ap_ST_fsm_state80 bound to: 149'b00000000000000000000000000000000000000000000000000000000000000000000010000000000000000000000000000000000000000000000000000000000000000000000000000000 
	Parameter ap_ST_fsm_state81 bound to: 149'b00000000000000000000000000000000000000000000000000000000000000000000100000000000000000000000000000000000000000000000000000000000000000000000000000000 
	Parameter ap_ST_fsm_state82 bound to: 149'b00000000000000000000000000000000000000000000000000000000000000000001000000000000000000000000000000000000000000000000000000000000000000000000000000000 
	Parameter ap_ST_fsm_state83 bound to: 149'b00000000000000000000000000000000000000000000000000000000000000000010000000000000000000000000000000000000000000000000000000000000000000000000000000000 
	Parameter ap_ST_fsm_state84 bound to: 149'b00000000000000000000000000000000000000000000000000000000000000000100000000000000000000000000000000000000000000000000000000000000000000000000000000000 
	Parameter ap_ST_fsm_state85 bound to: 149'b00000000000000000000000000000000000000000000000000000000000000001000000000000000000000000000000000000000000000000000000000000000000000000000000000000 
	Parameter ap_ST_fsm_state86 bound to: 149'b00000000000000000000000000000000000000000000000000000000000000010000000000000000000000000000000000000000000000000000000000000000000000000000000000000 
	Parameter ap_ST_fsm_state87 bound to: 149'b00000000000000000000000000000000000000000000000000000000000000100000000000000000000000000000000000000000000000000000000000000000000000000000000000000 
	Parameter ap_ST_fsm_state88 bound to: 149'b00000000000000000000000000000000000000000000000000000000000001000000000000000000000000000000000000000000000000000000000000000000000000000000000000000 
	Parameter ap_ST_fsm_state89 bound to: 149'b00000000000000000000000000000000000000000000000000000000000010000000000000000000000000000000000000000000000000000000000000000000000000000000000000000 
	Parameter ap_ST_fsm_state90 bound to: 149'b00000000000000000000000000000000000000000000000000000000000100000000000000000000000000000000000000000000000000000000000000000000000000000000000000000 
	Parameter ap_ST_fsm_state91 bound to: 149'b00000000000000000000000000000000000000000000000000000000001000000000000000000000000000000000000000000000000000000000000000000000000000000000000000000 
	Parameter ap_ST_fsm_state92 bound to: 149'b00000000000000000000000000000000000000000000000000000000010000000000000000000000000000000000000000000000000000000000000000000000000000000000000000000 
	Parameter ap_ST_fsm_state93 bound to: 149'b00000000000000000000000000000000000000000000000000000000100000000000000000000000000000000000000000000000000000000000000000000000000000000000000000000 
	Parameter ap_ST_fsm_state94 bound to: 149'b00000000000000000000000000000000000000000000000000000001000000000000000000000000000000000000000000000000000000000000000000000000000000000000000000000 
	Parameter ap_ST_fsm_state95 bound to: 149'b00000000000000000000000000000000000000000000000000000010000000000000000000000000000000000000000000000000000000000000000000000000000000000000000000000 
	Parameter ap_ST_fsm_state96 bound to: 149'b00000000000000000000000000000000000000000000000000000100000000000000000000000000000000000000000000000000000000000000000000000000000000000000000000000 
	Parameter ap_ST_fsm_state97 bound to: 149'b00000000000000000000000000000000000000000000000000001000000000000000000000000000000000000000000000000000000000000000000000000000000000000000000000000 
	Parameter ap_ST_fsm_state98 bound to: 149'b00000000000000000000000000000000000000000000000000010000000000000000000000000000000000000000000000000000000000000000000000000000000000000000000000000 
	Parameter ap_ST_fsm_state99 bound to: 149'b00000000000000000000000000000000000000000000000000100000000000000000000000000000000000000000000000000000000000000000000000000000000000000000000000000 
	Parameter ap_ST_fsm_state100 bound to: 149'b00000000000000000000000000000000000000000000000001000000000000000000000000000000000000000000000000000000000000000000000000000000000000000000000000000 
	Parameter ap_ST_fsm_state101 bound to: 149'b00000000000000000000000000000000000000000000000010000000000000000000000000000000000000000000000000000000000000000000000000000000000000000000000000000 
	Parameter ap_ST_fsm_state102 bound to: 149'b00000000000000000000000000000000000000000000000100000000000000000000000000000000000000000000000000000000000000000000000000000000000000000000000000000 
	Parameter ap_ST_fsm_state103 bound to: 149'b00000000000000000000000000000000000000000000001000000000000000000000000000000000000000000000000000000000000000000000000000000000000000000000000000000 
	Parameter ap_ST_fsm_state104 bound to: 149'b00000000000000000000000000000000000000000000010000000000000000000000000000000000000000000000000000000000000000000000000000000000000000000000000000000 
	Parameter ap_ST_fsm_state105 bound to: 149'b00000000000000000000000000000000000000000000100000000000000000000000000000000000000000000000000000000000000000000000000000000000000000000000000000000 
	Parameter ap_ST_fsm_state106 bound to: 149'b00000000000000000000000000000000000000000001000000000000000000000000000000000000000000000000000000000000000000000000000000000000000000000000000000000 
	Parameter ap_ST_fsm_state107 bound to: 149'b00000000000000000000000000000000000000000010000000000000000000000000000000000000000000000000000000000000000000000000000000000000000000000000000000000 
	Parameter ap_ST_fsm_state108 bound to: 149'b00000000000000000000000000000000000000000100000000000000000000000000000000000000000000000000000000000000000000000000000000000000000000000000000000000 
	Parameter ap_ST_fsm_state109 bound to: 149'b00000000000000000000000000000000000000001000000000000000000000000000000000000000000000000000000000000000000000000000000000000000000000000000000000000 
	Parameter ap_ST_fsm_state110 bound to: 149'b00000000000000000000000000000000000000010000000000000000000000000000000000000000000000000000000000000000000000000000000000000000000000000000000000000 
	Parameter ap_ST_fsm_state111 bound to: 149'b00000000000000000000000000000000000000100000000000000000000000000000000000000000000000000000000000000000000000000000000000000000000000000000000000000 
	Parameter ap_ST_fsm_state112 bound to: 149'b00000000000000000000000000000000000001000000000000000000000000000000000000000000000000000000000000000000000000000000000000000000000000000000000000000 
	Parameter ap_ST_fsm_state113 bound to: 149'b00000000000000000000000000000000000010000000000000000000000000000000000000000000000000000000000000000000000000000000000000000000000000000000000000000 
	Parameter ap_ST_fsm_state114 bound to: 149'b00000000000000000000000000000000000100000000000000000000000000000000000000000000000000000000000000000000000000000000000000000000000000000000000000000 
	Parameter ap_ST_fsm_state115 bound to: 149'b00000000000000000000000000000000001000000000000000000000000000000000000000000000000000000000000000000000000000000000000000000000000000000000000000000 
	Parameter ap_ST_fsm_state116 bound to: 149'b00000000000000000000000000000000010000000000000000000000000000000000000000000000000000000000000000000000000000000000000000000000000000000000000000000 
	Parameter ap_ST_fsm_state117 bound to: 149'b00000000000000000000000000000000100000000000000000000000000000000000000000000000000000000000000000000000000000000000000000000000000000000000000000000 
	Parameter ap_ST_fsm_state118 bound to: 149'b00000000000000000000000000000001000000000000000000000000000000000000000000000000000000000000000000000000000000000000000000000000000000000000000000000 
	Parameter ap_ST_fsm_state119 bound to: 149'b00000000000000000000000000000010000000000000000000000000000000000000000000000000000000000000000000000000000000000000000000000000000000000000000000000 
	Parameter ap_ST_fsm_state120 bound to: 149'b00000000000000000000000000000100000000000000000000000000000000000000000000000000000000000000000000000000000000000000000000000000000000000000000000000 
	Parameter ap_ST_fsm_state121 bound to: 149'b00000000000000000000000000001000000000000000000000000000000000000000000000000000000000000000000000000000000000000000000000000000000000000000000000000 
	Parameter ap_ST_fsm_state122 bound to: 149'b00000000000000000000000000010000000000000000000000000000000000000000000000000000000000000000000000000000000000000000000000000000000000000000000000000 
	Parameter ap_ST_fsm_state123 bound to: 149'b00000000000000000000000000100000000000000000000000000000000000000000000000000000000000000000000000000000000000000000000000000000000000000000000000000 
	Parameter ap_ST_fsm_state124 bound to: 149'b00000000000000000000000001000000000000000000000000000000000000000000000000000000000000000000000000000000000000000000000000000000000000000000000000000 
	Parameter ap_ST_fsm_state125 bound to: 149'b00000000000000000000000010000000000000000000000000000000000000000000000000000000000000000000000000000000000000000000000000000000000000000000000000000 
	Parameter ap_ST_fsm_state126 bound to: 149'b00000000000000000000000100000000000000000000000000000000000000000000000000000000000000000000000000000000000000000000000000000000000000000000000000000 
	Parameter ap_ST_fsm_state127 bound to: 149'b00000000000000000000001000000000000000000000000000000000000000000000000000000000000000000000000000000000000000000000000000000000000000000000000000000 
	Parameter ap_ST_fsm_state128 bound to: 149'b00000000000000000000010000000000000000000000000000000000000000000000000000000000000000000000000000000000000000000000000000000000000000000000000000000 
	Parameter ap_ST_fsm_state129 bound to: 149'b00000000000000000000100000000000000000000000000000000000000000000000000000000000000000000000000000000000000000000000000000000000000000000000000000000 
	Parameter ap_ST_fsm_state130 bound to: 149'b00000000000000000001000000000000000000000000000000000000000000000000000000000000000000000000000000000000000000000000000000000000000000000000000000000 
	Parameter ap_ST_fsm_state131 bound to: 149'b00000000000000000010000000000000000000000000000000000000000000000000000000000000000000000000000000000000000000000000000000000000000000000000000000000 
	Parameter ap_ST_fsm_state132 bound to: 149'b00000000000000000100000000000000000000000000000000000000000000000000000000000000000000000000000000000000000000000000000000000000000000000000000000000 
	Parameter ap_ST_fsm_state133 bound to: 149'b00000000000000001000000000000000000000000000000000000000000000000000000000000000000000000000000000000000000000000000000000000000000000000000000000000 
	Parameter ap_ST_fsm_state134 bound to: 149'b00000000000000010000000000000000000000000000000000000000000000000000000000000000000000000000000000000000000000000000000000000000000000000000000000000 
	Parameter ap_ST_fsm_state135 bound to: 149'b00000000000000100000000000000000000000000000000000000000000000000000000000000000000000000000000000000000000000000000000000000000000000000000000000000 
	Parameter ap_ST_fsm_state136 bound to: 149'b00000000000001000000000000000000000000000000000000000000000000000000000000000000000000000000000000000000000000000000000000000000000000000000000000000 
	Parameter ap_ST_fsm_state137 bound to: 149'b00000000000010000000000000000000000000000000000000000000000000000000000000000000000000000000000000000000000000000000000000000000000000000000000000000 
	Parameter ap_ST_fsm_state138 bound to: 149'b00000000000100000000000000000000000000000000000000000000000000000000000000000000000000000000000000000000000000000000000000000000000000000000000000000 
	Parameter ap_ST_fsm_state139 bound to: 149'b00000000001000000000000000000000000000000000000000000000000000000000000000000000000000000000000000000000000000000000000000000000000000000000000000000 
	Parameter ap_ST_fsm_state140 bound to: 149'b00000000010000000000000000000000000000000000000000000000000000000000000000000000000000000000000000000000000000000000000000000000000000000000000000000 
	Parameter ap_ST_fsm_state141 bound to: 149'b00000000100000000000000000000000000000000000000000000000000000000000000000000000000000000000000000000000000000000000000000000000000000000000000000000 
	Parameter ap_ST_fsm_state142 bound to: 149'b00000001000000000000000000000000000000000000000000000000000000000000000000000000000000000000000000000000000000000000000000000000000000000000000000000 
	Parameter ap_ST_fsm_state143 bound to: 149'b00000010000000000000000000000000000000000000000000000000000000000000000000000000000000000000000000000000000000000000000000000000000000000000000000000 
	Parameter ap_ST_fsm_state144 bound to: 149'b00000100000000000000000000000000000000000000000000000000000000000000000000000000000000000000000000000000000000000000000000000000000000000000000000000 
	Parameter ap_ST_fsm_state145 bound to: 149'b00001000000000000000000000000000000000000000000000000000000000000000000000000000000000000000000000000000000000000000000000000000000000000000000000000 
	Parameter ap_ST_fsm_state146 bound to: 149'b00010000000000000000000000000000000000000000000000000000000000000000000000000000000000000000000000000000000000000000000000000000000000000000000000000 
	Parameter ap_ST_fsm_state147 bound to: 149'b00100000000000000000000000000000000000000000000000000000000000000000000000000000000000000000000000000000000000000000000000000000000000000000000000000 
	Parameter ap_ST_fsm_state148 bound to: 149'b01000000000000000000000000000000000000000000000000000000000000000000000000000000000000000000000000000000000000000000000000000000000000000000000000000 
	Parameter ap_ST_fsm_state149 bound to: 149'b10000000000000000000000000000000000000000000000000000000000000000000000000000000000000000000000000000000000000000000000000000000000000000000000000000 
INFO: [Synth 8-6157] synthesizing module 'fn1_fsub_32ns_32ns_32_5_full_dsp_1' [/home/nanwu/GNN_DFG/bb/dfg_34/project_tmp/solution_tmp/impl/verilog/project.gen/sources_1/bd/bd_0/ipshared/392e/hdl/verilog/fn1_fsub_32ns_32ns_32_5_full_dsp_1.v:8]
	Parameter ID bound to: 1 - type: integer 
	Parameter NUM_STAGE bound to: 5 - type: integer 
	Parameter din0_WIDTH bound to: 32 - type: integer 
	Parameter din1_WIDTH bound to: 32 - type: integer 
	Parameter dout_WIDTH bound to: 32 - type: integer 
INFO: [Synth 8-6157] synthesizing module 'fn1_ap_fsub_3_full_dsp_32' [/home/nanwu/GNN_DFG/bb/dfg_34/project_tmp/solution_tmp/impl/verilog/project.gen/sources_1/bd/bd_0/ipshared/392e/hdl/ip/fn1_ap_fsub_3_full_dsp_32.v:60]
INFO: [Synth 8-6157] synthesizing module 'LUT1' [/opt/Xilinx/Vivado/2020.2/scripts/rt/data/unisim_comp.v:39137]
INFO: [Synth 8-6155] done synthesizing module 'LUT1' (1#1) [/opt/Xilinx/Vivado/2020.2/scripts/rt/data/unisim_comp.v:39137]
INFO: [Synth 8-6155] done synthesizing module 'fn1_ap_fsub_3_full_dsp_32' (20#1) [/home/nanwu/GNN_DFG/bb/dfg_34/project_tmp/solution_tmp/impl/verilog/project.gen/sources_1/bd/bd_0/ipshared/392e/hdl/ip/fn1_ap_fsub_3_full_dsp_32.v:60]
INFO: [Synth 8-6155] done synthesizing module 'fn1_fsub_32ns_32ns_32_5_full_dsp_1' (21#1) [/home/nanwu/GNN_DFG/bb/dfg_34/project_tmp/solution_tmp/impl/verilog/project.gen/sources_1/bd/bd_0/ipshared/392e/hdl/verilog/fn1_fsub_32ns_32ns_32_5_full_dsp_1.v:8]
INFO: [Synth 8-6157] synthesizing module 'fn1_fmul_32ns_32ns_32_4_max_dsp_1' [/home/nanwu/GNN_DFG/bb/dfg_34/project_tmp/solution_tmp/impl/verilog/project.gen/sources_1/bd/bd_0/ipshared/392e/hdl/verilog/fn1_fmul_32ns_32ns_32_4_max_dsp_1.v:8]
	Parameter ID bound to: 1 - type: integer 
	Parameter NUM_STAGE bound to: 4 - type: integer 
	Parameter din0_WIDTH bound to: 32 - type: integer 
	Parameter din1_WIDTH bound to: 32 - type: integer 
	Parameter dout_WIDTH bound to: 32 - type: integer 
INFO: [Synth 8-6157] synthesizing module 'fn1_ap_fmul_2_max_dsp_32' [/home/nanwu/GNN_DFG/bb/dfg_34/project_tmp/solution_tmp/impl/verilog/project.gen/sources_1/bd/bd_0/ipshared/392e/hdl/ip/fn1_ap_fmul_2_max_dsp_32.v:60]
INFO: [Synth 8-6155] done synthesizing module 'fn1_ap_fmul_2_max_dsp_32' (29#1) [/home/nanwu/GNN_DFG/bb/dfg_34/project_tmp/solution_tmp/impl/verilog/project.gen/sources_1/bd/bd_0/ipshared/392e/hdl/ip/fn1_ap_fmul_2_max_dsp_32.v:60]
INFO: [Synth 8-6155] done synthesizing module 'fn1_fmul_32ns_32ns_32_4_max_dsp_1' (30#1) [/home/nanwu/GNN_DFG/bb/dfg_34/project_tmp/solution_tmp/impl/verilog/project.gen/sources_1/bd/bd_0/ipshared/392e/hdl/verilog/fn1_fmul_32ns_32ns_32_4_max_dsp_1.v:8]
INFO: [Synth 8-6157] synthesizing module 'fn1_uitofp_64s_32_6_no_dsp_1' [/home/nanwu/GNN_DFG/bb/dfg_34/project_tmp/solution_tmp/impl/verilog/project.gen/sources_1/bd/bd_0/ipshared/392e/hdl/verilog/fn1_uitofp_64s_32_6_no_dsp_1.v:8]
	Parameter ID bound to: 1 - type: integer 
	Parameter NUM_STAGE bound to: 6 - type: integer 
	Parameter din0_WIDTH bound to: 64 - type: integer 
	Parameter dout_WIDTH bound to: 32 - type: integer 
INFO: [Synth 8-6157] synthesizing module 'fn1_ap_uitofp_4_no_dsp_64' [/home/nanwu/GNN_DFG/bb/dfg_34/project_tmp/solution_tmp/impl/verilog/project.gen/sources_1/bd/bd_0/ipshared/392e/hdl/ip/fn1_ap_uitofp_4_no_dsp_64.v:60]
INFO: [Synth 8-6155] done synthesizing module 'fn1_ap_uitofp_4_no_dsp_64' (39#1) [/home/nanwu/GNN_DFG/bb/dfg_34/project_tmp/solution_tmp/impl/verilog/project.gen/sources_1/bd/bd_0/ipshared/392e/hdl/ip/fn1_ap_uitofp_4_no_dsp_64.v:60]
INFO: [Synth 8-6155] done synthesizing module 'fn1_uitofp_64s_32_6_no_dsp_1' (40#1) [/home/nanwu/GNN_DFG/bb/dfg_34/project_tmp/solution_tmp/impl/verilog/project.gen/sources_1/bd/bd_0/ipshared/392e/hdl/verilog/fn1_uitofp_64s_32_6_no_dsp_1.v:8]
INFO: [Synth 8-6157] synthesizing module 'fn1_sitofp_64ns_32_6_no_dsp_1' [/home/nanwu/GNN_DFG/bb/dfg_34/project_tmp/solution_tmp/impl/verilog/project.gen/sources_1/bd/bd_0/ipshared/392e/hdl/verilog/fn1_sitofp_64ns_32_6_no_dsp_1.v:8]
	Parameter ID bound to: 1 - type: integer 
	Parameter NUM_STAGE bound to: 6 - type: integer 
	Parameter din0_WIDTH bound to: 64 - type: integer 
	Parameter dout_WIDTH bound to: 32 - type: integer 
INFO: [Synth 8-6157] synthesizing module 'fn1_ap_sitofp_4_no_dsp_64' [/home/nanwu/GNN_DFG/bb/dfg_34/project_tmp/solution_tmp/impl/verilog/project.gen/sources_1/bd/bd_0/ipshared/392e/hdl/ip/fn1_ap_sitofp_4_no_dsp_64.v:60]
INFO: [Synth 8-6155] done synthesizing module 'fn1_ap_sitofp_4_no_dsp_64' (41#1) [/home/nanwu/GNN_DFG/bb/dfg_34/project_tmp/solution_tmp/impl/verilog/project.gen/sources_1/bd/bd_0/ipshared/392e/hdl/ip/fn1_ap_sitofp_4_no_dsp_64.v:60]
INFO: [Synth 8-6155] done synthesizing module 'fn1_sitofp_64ns_32_6_no_dsp_1' (42#1) [/home/nanwu/GNN_DFG/bb/dfg_34/project_tmp/solution_tmp/impl/verilog/project.gen/sources_1/bd/bd_0/ipshared/392e/hdl/verilog/fn1_sitofp_64ns_32_6_no_dsp_1.v:8]
INFO: [Synth 8-6157] synthesizing module 'fn1_fpext_32ns_64_2_no_dsp_1' [/home/nanwu/GNN_DFG/bb/dfg_34/project_tmp/solution_tmp/impl/verilog/project.gen/sources_1/bd/bd_0/ipshared/392e/hdl/verilog/fn1_fpext_32ns_64_2_no_dsp_1.v:8]
	Parameter ID bound to: 1 - type: integer 
	Parameter NUM_STAGE bound to: 2 - type: integer 
	Parameter din0_WIDTH bound to: 32 - type: integer 
	Parameter dout_WIDTH bound to: 64 - type: integer 
INFO: [Synth 8-6157] synthesizing module 'fn1_ap_fpext_0_no_dsp_32' [/home/nanwu/GNN_DFG/bb/dfg_34/project_tmp/solution_tmp/impl/verilog/project.gen/sources_1/bd/bd_0/ipshared/392e/hdl/ip/fn1_ap_fpext_0_no_dsp_32.v:60]
INFO: [Synth 8-6155] done synthesizing module 'fn1_ap_fpext_0_no_dsp_32' (45#1) [/home/nanwu/GNN_DFG/bb/dfg_34/project_tmp/solution_tmp/impl/verilog/project.gen/sources_1/bd/bd_0/ipshared/392e/hdl/ip/fn1_ap_fpext_0_no_dsp_32.v:60]
INFO: [Synth 8-6155] done synthesizing module 'fn1_fpext_32ns_64_2_no_dsp_1' (46#1) [/home/nanwu/GNN_DFG/bb/dfg_34/project_tmp/solution_tmp/impl/verilog/project.gen/sources_1/bd/bd_0/ipshared/392e/hdl/verilog/fn1_fpext_32ns_64_2_no_dsp_1.v:8]
INFO: [Synth 8-6157] synthesizing module 'fn1_dadd_64ns_64ns_64_7_full_dsp_1' [/home/nanwu/GNN_DFG/bb/dfg_34/project_tmp/solution_tmp/impl/verilog/project.gen/sources_1/bd/bd_0/ipshared/392e/hdl/verilog/fn1_dadd_64ns_64ns_64_7_full_dsp_1.v:8]
	Parameter ID bound to: 1 - type: integer 
	Parameter NUM_STAGE bound to: 7 - type: integer 
	Parameter din0_WIDTH bound to: 64 - type: integer 
	Parameter din1_WIDTH bound to: 64 - type: integer 
	Parameter dout_WIDTH bound to: 64 - type: integer 
INFO: [Synth 8-6157] synthesizing module 'fn1_ap_dadd_5_full_dsp_64' [/home/nanwu/GNN_DFG/bb/dfg_34/project_tmp/solution_tmp/impl/verilog/project.gen/sources_1/bd/bd_0/ipshared/392e/hdl/ip/fn1_ap_dadd_5_full_dsp_64.v:60]
INFO: [Synth 8-6155] done synthesizing module 'fn1_ap_dadd_5_full_dsp_64' (56#1) [/home/nanwu/GNN_DFG/bb/dfg_34/project_tmp/solution_tmp/impl/verilog/project.gen/sources_1/bd/bd_0/ipshared/392e/hdl/ip/fn1_ap_dadd_5_full_dsp_64.v:60]
INFO: [Synth 8-6155] done synthesizing module 'fn1_dadd_64ns_64ns_64_7_full_dsp_1' (57#1) [/home/nanwu/GNN_DFG/bb/dfg_34/project_tmp/solution_tmp/impl/verilog/project.gen/sources_1/bd/bd_0/ipshared/392e/hdl/verilog/fn1_dadd_64ns_64ns_64_7_full_dsp_1.v:8]
INFO: [Synth 8-6157] synthesizing module 'fn1_ddiv_64ns_64ns_64_59_no_dsp_1' [/home/nanwu/GNN_DFG/bb/dfg_34/project_tmp/solution_tmp/impl/verilog/project.gen/sources_1/bd/bd_0/ipshared/392e/hdl/verilog/fn1_ddiv_64ns_64ns_64_59_no_dsp_1.v:8]
	Parameter ID bound to: 1 - type: integer 
	Parameter NUM_STAGE bound to: 59 - type: integer 
	Parameter din0_WIDTH bound to: 64 - type: integer 
	Parameter din1_WIDTH bound to: 64 - type: integer 
	Parameter dout_WIDTH bound to: 64 - type: integer 
INFO: [Synth 8-6157] synthesizing module 'fn1_ap_ddiv_57_no_dsp_64' [/home/nanwu/GNN_DFG/bb/dfg_34/project_tmp/solution_tmp/impl/verilog/project.gen/sources_1/bd/bd_0/ipshared/392e/hdl/ip/fn1_ap_ddiv_57_no_dsp_64.v:60]
INFO: [Synth 8-6155] done synthesizing module 'fn1_ap_ddiv_57_no_dsp_64' (62#1) [/home/nanwu/GNN_DFG/bb/dfg_34/project_tmp/solution_tmp/impl/verilog/project.gen/sources_1/bd/bd_0/ipshared/392e/hdl/ip/fn1_ap_ddiv_57_no_dsp_64.v:60]
INFO: [Synth 8-6155] done synthesizing module 'fn1_ddiv_64ns_64ns_64_59_no_dsp_1' (63#1) [/home/nanwu/GNN_DFG/bb/dfg_34/project_tmp/solution_tmp/impl/verilog/project.gen/sources_1/bd/bd_0/ipshared/392e/hdl/verilog/fn1_ddiv_64ns_64ns_64_59_no_dsp_1.v:8]
INFO: [Synth 8-6157] synthesizing module 'fn1_uitodp_64ns_64_6_no_dsp_1' [/home/nanwu/GNN_DFG/bb/dfg_34/project_tmp/solution_tmp/impl/verilog/project.gen/sources_1/bd/bd_0/ipshared/392e/hdl/verilog/fn1_uitodp_64ns_64_6_no_dsp_1.v:8]
	Parameter ID bound to: 1 - type: integer 
	Parameter NUM_STAGE bound to: 6 - type: integer 
	Parameter din0_WIDTH bound to: 64 - type: integer 
	Parameter dout_WIDTH bound to: 64 - type: integer 
INFO: [Synth 8-6157] synthesizing module 'fn1_ap_uitodp_4_no_dsp_64' [/home/nanwu/GNN_DFG/bb/dfg_34/project_tmp/solution_tmp/impl/verilog/project.gen/sources_1/bd/bd_0/ipshared/392e/hdl/ip/fn1_ap_uitodp_4_no_dsp_64.v:60]
INFO: [Synth 8-6155] done synthesizing module 'fn1_ap_uitodp_4_no_dsp_64' (64#1) [/home/nanwu/GNN_DFG/bb/dfg_34/project_tmp/solution_tmp/impl/verilog/project.gen/sources_1/bd/bd_0/ipshared/392e/hdl/ip/fn1_ap_uitodp_4_no_dsp_64.v:60]
INFO: [Synth 8-6155] done synthesizing module 'fn1_uitodp_64ns_64_6_no_dsp_1' (65#1) [/home/nanwu/GNN_DFG/bb/dfg_34/project_tmp/solution_tmp/impl/verilog/project.gen/sources_1/bd/bd_0/ipshared/392e/hdl/verilog/fn1_uitodp_64ns_64_6_no_dsp_1.v:8]
INFO: [Synth 8-6157] synthesizing module 'fn1_urem_64s_33ns_32_68_seq_1' [/home/nanwu/GNN_DFG/bb/dfg_34/project_tmp/solution_tmp/impl/verilog/project.gen/sources_1/bd/bd_0/ipshared/392e/hdl/verilog/fn1_urem_64s_33ns_32_68_seq_1.v:154]
	Parameter ID bound to: 1 - type: integer 
	Parameter NUM_STAGE bound to: 68 - type: integer 
	Parameter din0_WIDTH bound to: 64 - type: integer 
	Parameter din1_WIDTH bound to: 33 - type: integer 
	Parameter dout_WIDTH bound to: 32 - type: integer 
INFO: [Synth 8-6157] synthesizing module 'fn1_urem_64s_33ns_32_68_seq_1_div' [/home/nanwu/GNN_DFG/bb/dfg_34/project_tmp/solution_tmp/impl/verilog/project.gen/sources_1/bd/bd_0/ipshared/392e/hdl/verilog/fn1_urem_64s_33ns_32_68_seq_1.v:82]
	Parameter in0_WIDTH bound to: 64 - type: integer 
	Parameter in1_WIDTH bound to: 33 - type: integer 
	Parameter out_WIDTH bound to: 32 - type: integer 
INFO: [Synth 8-6157] synthesizing module 'fn1_urem_64s_33ns_32_68_seq_1_div_u' [/home/nanwu/GNN_DFG/bb/dfg_34/project_tmp/solution_tmp/impl/verilog/project.gen/sources_1/bd/bd_0/ipshared/392e/hdl/verilog/fn1_urem_64s_33ns_32_68_seq_1.v:7]
	Parameter in0_WIDTH bound to: 64 - type: integer 
	Parameter in1_WIDTH bound to: 33 - type: integer 
	Parameter out_WIDTH bound to: 32 - type: integer 
	Parameter cal_WIDTH bound to: 64 - type: integer 
INFO: [Synth 8-6155] done synthesizing module 'fn1_urem_64s_33ns_32_68_seq_1_div_u' (66#1) [/home/nanwu/GNN_DFG/bb/dfg_34/project_tmp/solution_tmp/impl/verilog/project.gen/sources_1/bd/bd_0/ipshared/392e/hdl/verilog/fn1_urem_64s_33ns_32_68_seq_1.v:7]
INFO: [Synth 8-6155] done synthesizing module 'fn1_urem_64s_33ns_32_68_seq_1_div' (67#1) [/home/nanwu/GNN_DFG/bb/dfg_34/project_tmp/solution_tmp/impl/verilog/project.gen/sources_1/bd/bd_0/ipshared/392e/hdl/verilog/fn1_urem_64s_33ns_32_68_seq_1.v:82]
INFO: [Synth 8-6155] done synthesizing module 'fn1_urem_64s_33ns_32_68_seq_1' (68#1) [/home/nanwu/GNN_DFG/bb/dfg_34/project_tmp/solution_tmp/impl/verilog/project.gen/sources_1/bd/bd_0/ipshared/392e/hdl/verilog/fn1_urem_64s_33ns_32_68_seq_1.v:154]
INFO: [Synth 8-6157] synthesizing module 'fn1_udiv_64s_64ns_64_68_seq_1' [/home/nanwu/GNN_DFG/bb/dfg_34/project_tmp/solution_tmp/impl/verilog/project.gen/sources_1/bd/bd_0/ipshared/392e/hdl/verilog/fn1_udiv_64s_64ns_64_68_seq_1.v:154]
	Parameter ID bound to: 1 - type: integer 
	Parameter NUM_STAGE bound to: 68 - type: integer 
	Parameter din0_WIDTH bound to: 64 - type: integer 
	Parameter din1_WIDTH bound to: 64 - type: integer 
	Parameter dout_WIDTH bound to: 64 - type: integer 
INFO: [Synth 8-6157] synthesizing module 'fn1_udiv_64s_64ns_64_68_seq_1_div' [/home/nanwu/GNN_DFG/bb/dfg_34/project_tmp/solution_tmp/impl/verilog/project.gen/sources_1/bd/bd_0/ipshared/392e/hdl/verilog/fn1_udiv_64s_64ns_64_68_seq_1.v:82]
	Parameter in0_WIDTH bound to: 64 - type: integer 
	Parameter in1_WIDTH bound to: 64 - type: integer 
	Parameter out_WIDTH bound to: 64 - type: integer 
INFO: [Synth 8-6157] synthesizing module 'fn1_udiv_64s_64ns_64_68_seq_1_div_u' [/home/nanwu/GNN_DFG/bb/dfg_34/project_tmp/solution_tmp/impl/verilog/project.gen/sources_1/bd/bd_0/ipshared/392e/hdl/verilog/fn1_udiv_64s_64ns_64_68_seq_1.v:7]
	Parameter in0_WIDTH bound to: 64 - type: integer 
	Parameter in1_WIDTH bound to: 64 - type: integer 
	Parameter out_WIDTH bound to: 64 - type: integer 
	Parameter cal_WIDTH bound to: 64 - type: integer 
INFO: [Synth 8-6155] done synthesizing module 'fn1_udiv_64s_64ns_64_68_seq_1_div_u' (69#1) [/home/nanwu/GNN_DFG/bb/dfg_34/project_tmp/solution_tmp/impl/verilog/project.gen/sources_1/bd/bd_0/ipshared/392e/hdl/verilog/fn1_udiv_64s_64ns_64_68_seq_1.v:7]
INFO: [Synth 8-6155] done synthesizing module 'fn1_udiv_64s_64ns_64_68_seq_1_div' (70#1) [/home/nanwu/GNN_DFG/bb/dfg_34/project_tmp/solution_tmp/impl/verilog/project.gen/sources_1/bd/bd_0/ipshared/392e/hdl/verilog/fn1_udiv_64s_64ns_64_68_seq_1.v:82]
INFO: [Synth 8-6155] done synthesizing module 'fn1_udiv_64s_64ns_64_68_seq_1' (71#1) [/home/nanwu/GNN_DFG/bb/dfg_34/project_tmp/solution_tmp/impl/verilog/project.gen/sources_1/bd/bd_0/ipshared/392e/hdl/verilog/fn1_udiv_64s_64ns_64_68_seq_1.v:154]
INFO: [Synth 8-6157] synthesizing module 'fn1_urem_64s_32ns_32_68_seq_1' [/home/nanwu/GNN_DFG/bb/dfg_34/project_tmp/solution_tmp/impl/verilog/project.gen/sources_1/bd/bd_0/ipshared/392e/hdl/verilog/fn1_urem_64s_32ns_32_68_seq_1.v:154]
	Parameter ID bound to: 1 - type: integer 
	Parameter NUM_STAGE bound to: 68 - type: integer 
	Parameter din0_WIDTH bound to: 64 - type: integer 
	Parameter din1_WIDTH bound to: 32 - type: integer 
	Parameter dout_WIDTH bound to: 32 - type: integer 
INFO: [Synth 8-6157] synthesizing module 'fn1_urem_64s_32ns_32_68_seq_1_div' [/home/nanwu/GNN_DFG/bb/dfg_34/project_tmp/solution_tmp/impl/verilog/project.gen/sources_1/bd/bd_0/ipshared/392e/hdl/verilog/fn1_urem_64s_32ns_32_68_seq_1.v:82]
	Parameter in0_WIDTH bound to: 64 - type: integer 
	Parameter in1_WIDTH bound to: 32 - type: integer 
	Parameter out_WIDTH bound to: 32 - type: integer 
INFO: [Synth 8-6157] synthesizing module 'fn1_urem_64s_32ns_32_68_seq_1_div_u' [/home/nanwu/GNN_DFG/bb/dfg_34/project_tmp/solution_tmp/impl/verilog/project.gen/sources_1/bd/bd_0/ipshared/392e/hdl/verilog/fn1_urem_64s_32ns_32_68_seq_1.v:7]
	Parameter in0_WIDTH bound to: 64 - type: integer 
	Parameter in1_WIDTH bound to: 32 - type: integer 
	Parameter out_WIDTH bound to: 32 - type: integer 
	Parameter cal_WIDTH bound to: 64 - type: integer 
INFO: [Synth 8-6155] done synthesizing module 'fn1_urem_64s_32ns_32_68_seq_1_div_u' (72#1) [/home/nanwu/GNN_DFG/bb/dfg_34/project_tmp/solution_tmp/impl/verilog/project.gen/sources_1/bd/bd_0/ipshared/392e/hdl/verilog/fn1_urem_64s_32ns_32_68_seq_1.v:7]
INFO: [Synth 8-6155] done synthesizing module 'fn1_urem_64s_32ns_32_68_seq_1_div' (73#1) [/home/nanwu/GNN_DFG/bb/dfg_34/project_tmp/solution_tmp/impl/verilog/project.gen/sources_1/bd/bd_0/ipshared/392e/hdl/verilog/fn1_urem_64s_32ns_32_68_seq_1.v:82]
INFO: [Synth 8-6155] done synthesizing module 'fn1_urem_64s_32ns_32_68_seq_1' (74#1) [/home/nanwu/GNN_DFG/bb/dfg_34/project_tmp/solution_tmp/impl/verilog/project.gen/sources_1/bd/bd_0/ipshared/392e/hdl/verilog/fn1_urem_64s_32ns_32_68_seq_1.v:154]
INFO: [Synth 8-6157] synthesizing module 'fn1_urem_32ns_11ns_10_36_seq_1' [/home/nanwu/GNN_DFG/bb/dfg_34/project_tmp/solution_tmp/impl/verilog/project.gen/sources_1/bd/bd_0/ipshared/392e/hdl/verilog/fn1_urem_32ns_11ns_10_36_seq_1.v:154]
	Parameter ID bound to: 1 - type: integer 
	Parameter NUM_STAGE bound to: 36 - type: integer 
	Parameter din0_WIDTH bound to: 32 - type: integer 
	Parameter din1_WIDTH bound to: 11 - type: integer 
	Parameter dout_WIDTH bound to: 10 - type: integer 
INFO: [Synth 8-6157] synthesizing module 'fn1_urem_32ns_11ns_10_36_seq_1_div' [/home/nanwu/GNN_DFG/bb/dfg_34/project_tmp/solution_tmp/impl/verilog/project.gen/sources_1/bd/bd_0/ipshared/392e/hdl/verilog/fn1_urem_32ns_11ns_10_36_seq_1.v:82]
	Parameter in0_WIDTH bound to: 32 - type: integer 
	Parameter in1_WIDTH bound to: 11 - type: integer 
	Parameter out_WIDTH bound to: 10 - type: integer 
INFO: [Synth 8-6157] synthesizing module 'fn1_urem_32ns_11ns_10_36_seq_1_div_u' [/home/nanwu/GNN_DFG/bb/dfg_34/project_tmp/solution_tmp/impl/verilog/project.gen/sources_1/bd/bd_0/ipshared/392e/hdl/verilog/fn1_urem_32ns_11ns_10_36_seq_1.v:7]
	Parameter in0_WIDTH bound to: 32 - type: integer 
	Parameter in1_WIDTH bound to: 11 - type: integer 
	Parameter out_WIDTH bound to: 10 - type: integer 
	Parameter cal_WIDTH bound to: 32 - type: integer 
INFO: [Synth 8-6155] done synthesizing module 'fn1_urem_32ns_11ns_10_36_seq_1_div_u' (75#1) [/home/nanwu/GNN_DFG/bb/dfg_34/project_tmp/solution_tmp/impl/verilog/project.gen/sources_1/bd/bd_0/ipshared/392e/hdl/verilog/fn1_urem_32ns_11ns_10_36_seq_1.v:7]
INFO: [Synth 8-6155] done synthesizing module 'fn1_urem_32ns_11ns_10_36_seq_1_div' (76#1) [/home/nanwu/GNN_DFG/bb/dfg_34/project_tmp/solution_tmp/impl/verilog/project.gen/sources_1/bd/bd_0/ipshared/392e/hdl/verilog/fn1_urem_32ns_11ns_10_36_seq_1.v:82]
INFO: [Synth 8-6155] done synthesizing module 'fn1_urem_32ns_11ns_10_36_seq_1' (77#1) [/home/nanwu/GNN_DFG/bb/dfg_34/project_tmp/solution_tmp/impl/verilog/project.gen/sources_1/bd/bd_0/ipshared/392e/hdl/verilog/fn1_urem_32ns_11ns_10_36_seq_1.v:154]
INFO: [Synth 8-6157] synthesizing module 'fn1_mul_64s_64s_64_5_1' [/home/nanwu/GNN_DFG/bb/dfg_34/project_tmp/solution_tmp/impl/verilog/project.gen/sources_1/bd/bd_0/ipshared/392e/hdl/verilog/fn1_mul_64s_64s_64_5_1.v:35]
	Parameter ID bound to: 1 - type: integer 
	Parameter NUM_STAGE bound to: 5 - type: integer 
	Parameter din0_WIDTH bound to: 64 - type: integer 
	Parameter din1_WIDTH bound to: 64 - type: integer 
	Parameter dout_WIDTH bound to: 64 - type: integer 
INFO: [Synth 8-6157] synthesizing module 'fn1_mul_64s_64s_64_5_1_Multiplier_0' [/home/nanwu/GNN_DFG/bb/dfg_34/project_tmp/solution_tmp/impl/verilog/project.gen/sources_1/bd/bd_0/ipshared/392e/hdl/verilog/fn1_mul_64s_64s_64_5_1.v:8]
INFO: [Synth 8-6155] done synthesizing module 'fn1_mul_64s_64s_64_5_1_Multiplier_0' (78#1) [/home/nanwu/GNN_DFG/bb/dfg_34/project_tmp/solution_tmp/impl/verilog/project.gen/sources_1/bd/bd_0/ipshared/392e/hdl/verilog/fn1_mul_64s_64s_64_5_1.v:8]
INFO: [Synth 8-6155] done synthesizing module 'fn1_mul_64s_64s_64_5_1' (79#1) [/home/nanwu/GNN_DFG/bb/dfg_34/project_tmp/solution_tmp/impl/verilog/project.gen/sources_1/bd/bd_0/ipshared/392e/hdl/verilog/fn1_mul_64s_64s_64_5_1.v:35]
INFO: [Synth 8-6157] synthesizing module 'fn1_srem_33s_33ns_33_37_seq_1' [/home/nanwu/GNN_DFG/bb/dfg_34/project_tmp/solution_tmp/impl/verilog/project.gen/sources_1/bd/bd_0/ipshared/392e/hdl/verilog/fn1_srem_33s_33ns_33_37_seq_1.v:178]
	Parameter ID bound to: 1 - type: integer 
	Parameter NUM_STAGE bound to: 37 - type: integer 
	Parameter din0_WIDTH bound to: 33 - type: integer 
	Parameter din1_WIDTH bound to: 33 - type: integer 
	Parameter dout_WIDTH bound to: 33 - type: integer 
INFO: [Synth 8-6157] synthesizing module 'fn1_srem_33s_33ns_33_37_seq_1_div' [/home/nanwu/GNN_DFG/bb/dfg_34/project_tmp/solution_tmp/impl/verilog/project.gen/sources_1/bd/bd_0/ipshared/392e/hdl/verilog/fn1_srem_33s_33ns_33_37_seq_1.v:87]
	Parameter in0_WIDTH bound to: 33 - type: integer 
	Parameter in1_WIDTH bound to: 33 - type: integer 
	Parameter out_WIDTH bound to: 33 - type: integer 
INFO: [Synth 8-6157] synthesizing module 'fn1_srem_33s_33ns_33_37_seq_1_div_u' [/home/nanwu/GNN_DFG/bb/dfg_34/project_tmp/solution_tmp/impl/verilog/project.gen/sources_1/bd/bd_0/ipshared/392e/hdl/verilog/fn1_srem_33s_33ns_33_37_seq_1.v:7]
	Parameter in0_WIDTH bound to: 33 - type: integer 
	Parameter in1_WIDTH bound to: 33 - type: integer 
	Parameter out_WIDTH bound to: 33 - type: integer 
	Parameter cal_WIDTH bound to: 33 - type: integer 
INFO: [Synth 8-6155] done synthesizing module 'fn1_srem_33s_33ns_33_37_seq_1_div_u' (80#1) [/home/nanwu/GNN_DFG/bb/dfg_34/project_tmp/solution_tmp/impl/verilog/project.gen/sources_1/bd/bd_0/ipshared/392e/hdl/verilog/fn1_srem_33s_33ns_33_37_seq_1.v:7]
INFO: [Synth 8-6155] done synthesizing module 'fn1_srem_33s_33ns_33_37_seq_1_div' (81#1) [/home/nanwu/GNN_DFG/bb/dfg_34/project_tmp/solution_tmp/impl/verilog/project.gen/sources_1/bd/bd_0/ipshared/392e/hdl/verilog/fn1_srem_33s_33ns_33_37_seq_1.v:87]
INFO: [Synth 8-6155] done synthesizing module 'fn1_srem_33s_33ns_33_37_seq_1' (82#1) [/home/nanwu/GNN_DFG/bb/dfg_34/project_tmp/solution_tmp/impl/verilog/project.gen/sources_1/bd/bd_0/ipshared/392e/hdl/verilog/fn1_srem_33s_33ns_33_37_seq_1.v:178]
INFO: [Synth 8-6157] synthesizing module 'fn1_mul_mul_16s_16s_16_4_1' [/home/nanwu/GNN_DFG/bb/dfg_34/project_tmp/solution_tmp/impl/verilog/project.gen/sources_1/bd/bd_0/ipshared/392e/hdl/verilog/fn1_mul_mul_16s_16s_16_4_1.v:32]
	Parameter ID bound to: 1 - type: integer 
	Parameter NUM_STAGE bound to: 4 - type: integer 
	Parameter din0_WIDTH bound to: 16 - type: integer 
	Parameter din1_WIDTH bound to: 16 - type: integer 
	Parameter dout_WIDTH bound to: 16 - type: integer 
INFO: [Synth 8-6157] synthesizing module 'fn1_mul_mul_16s_16s_16_4_1_DSP48_0' [/home/nanwu/GNN_DFG/bb/dfg_34/project_tmp/solution_tmp/impl/verilog/project.gen/sources_1/bd/bd_0/ipshared/392e/hdl/verilog/fn1_mul_mul_16s_16s_16_4_1.v:4]
INFO: [Synth 8-6155] done synthesizing module 'fn1_mul_mul_16s_16s_16_4_1_DSP48_0' (83#1) [/home/nanwu/GNN_DFG/bb/dfg_34/project_tmp/solution_tmp/impl/verilog/project.gen/sources_1/bd/bd_0/ipshared/392e/hdl/verilog/fn1_mul_mul_16s_16s_16_4_1.v:4]
INFO: [Synth 8-6155] done synthesizing module 'fn1_mul_mul_16s_16s_16_4_1' (84#1) [/home/nanwu/GNN_DFG/bb/dfg_34/project_tmp/solution_tmp/impl/verilog/project.gen/sources_1/bd/bd_0/ipshared/392e/hdl/verilog/fn1_mul_mul_16s_16s_16_4_1.v:32]
INFO: [Synth 8-6157] synthesizing module 'fn1_mac_muladd_16s_32s_32s_33_4_1' [/home/nanwu/GNN_DFG/bb/dfg_34/project_tmp/solution_tmp/impl/verilog/project.gen/sources_1/bd/bd_0/ipshared/392e/hdl/verilog/fn1_mac_muladd_16s_32s_32s_33_4_1.v:46]
	Parameter ID bound to: 1 - type: integer 
	Parameter NUM_STAGE bound to: 4 - type: integer 
	Parameter din0_WIDTH bound to: 16 - type: integer 
	Parameter din1_WIDTH bound to: 32 - type: integer 
	Parameter din2_WIDTH bound to: 32 - type: integer 
	Parameter dout_WIDTH bound to: 33 - type: integer 
INFO: [Synth 8-6157] synthesizing module 'fn1_mac_muladd_16s_32s_32s_33_4_1_DSP48_1' [/home/nanwu/GNN_DFG/bb/dfg_34/project_tmp/solution_tmp/impl/verilog/project.gen/sources_1/bd/bd_0/ipshared/392e/hdl/verilog/fn1_mac_muladd_16s_32s_32s_33_4_1.v:7]
INFO: [Synth 8-6155] done synthesizing module 'fn1_mac_muladd_16s_32s_32s_33_4_1_DSP48_1' (85#1) [/home/nanwu/GNN_DFG/bb/dfg_34/project_tmp/solution_tmp/impl/verilog/project.gen/sources_1/bd/bd_0/ipshared/392e/hdl/verilog/fn1_mac_muladd_16s_32s_32s_33_4_1.v:7]
INFO: [Synth 8-6155] done synthesizing module 'fn1_mac_muladd_16s_32s_32s_33_4_1' (86#1) [/home/nanwu/GNN_DFG/bb/dfg_34/project_tmp/solution_tmp/impl/verilog/project.gen/sources_1/bd/bd_0/ipshared/392e/hdl/verilog/fn1_mac_muladd_16s_32s_32s_33_4_1.v:46]
INFO: [Synth 8-6155] done synthesizing module 'fn1' (87#1) [/home/nanwu/GNN_DFG/bb/dfg_34/project_tmp/solution_tmp/impl/verilog/project.gen/sources_1/bd/bd_0/ipshared/392e/hdl/verilog/fn1.v:12]
INFO: [Synth 8-6155] done synthesizing module 'bd_0_hls_inst_0' (88#1) [/home/nanwu/GNN_DFG/bb/dfg_34/project_tmp/solution_tmp/impl/verilog/project.gen/sources_1/bd/bd_0/ip/bd_0_hls_inst_0/synth/bd_0_hls_inst_0.v:58]
---------------------------------------------------------------------------------
Finished RTL Elaboration : Time (s): cpu = 00:00:13 ; elapsed = 00:00:19 . Memory (MB): peak = 2510.359 ; gain = 115.902 ; free physical = 13190 ; free virtual = 125947
---------------------------------------------------------------------------------
---------------------------------------------------------------------------------
Start Handling Custom Attributes
---------------------------------------------------------------------------------
---------------------------------------------------------------------------------
Finished Handling Custom Attributes : Time (s): cpu = 00:00:14 ; elapsed = 00:00:20 . Memory (MB): peak = 2528.172 ; gain = 133.715 ; free physical = 13173 ; free virtual = 125909
---------------------------------------------------------------------------------
---------------------------------------------------------------------------------
Finished RTL Optimization Phase 1 : Time (s): cpu = 00:00:14 ; elapsed = 00:00:20 . Memory (MB): peak = 2528.172 ; gain = 133.715 ; free physical = 13173 ; free virtual = 125909
---------------------------------------------------------------------------------
Netlist sorting complete. Time (s): cpu = 00:00:00.45 ; elapsed = 00:00:00.46 . Memory (MB): peak = 2531.141 ; gain = 0.000 ; free physical = 14502 ; free virtual = 127241
INFO: [Netlist 29-17] Analyzing 6920 Unisim elements for replacement
INFO: [Netlist 29-28] Unisim Transformation completed in 0 CPU seconds
INFO: [Project 1-570] Preparing netlist for logic optimization

Processing XDC Constraints
Initializing timing engine
Parsing XDC File [/home/nanwu/GNN_DFG/bb/dfg_34/project_tmp/solution_tmp/impl/verilog/project.gen/sources_1/bd/bd_0/ip/bd_0_hls_inst_0/constraints/fn1_ooc.xdc] for cell 'inst'
Finished Parsing XDC File [/home/nanwu/GNN_DFG/bb/dfg_34/project_tmp/solution_tmp/impl/verilog/project.gen/sources_1/bd/bd_0/ip/bd_0_hls_inst_0/constraints/fn1_ooc.xdc] for cell 'inst'
Parsing XDC File [/home/nanwu/GNN_DFG/bb/dfg_34/project_tmp/solution_tmp/impl/verilog/project.runs/bd_0_hls_inst_0_synth_1/dont_touch.xdc]
Finished Parsing XDC File [/home/nanwu/GNN_DFG/bb/dfg_34/project_tmp/solution_tmp/impl/verilog/project.runs/bd_0_hls_inst_0_synth_1/dont_touch.xdc]
Completed Processing XDC Constraints

Netlist sorting complete. Time (s): cpu = 00:00:00.01 ; elapsed = 00:00:00 . Memory (MB): peak = 2676.922 ; gain = 0.000 ; free physical = 14306 ; free virtual = 127063
INFO: [Project 1-111] Unisim Transformation Summary:
  A total of 39 instances were transformed.
  FDE => FDRE: 39 instances

Constraint Validation Runtime : Time (s): cpu = 00:00:00.80 ; elapsed = 00:00:00.27 . Memory (MB): peak = 2687.828 ; gain = 10.906 ; free physical = 14276 ; free virtual = 127033
---------------------------------------------------------------------------------
Finished Constraint Validation : Time (s): cpu = 00:00:23 ; elapsed = 00:00:29 . Memory (MB): peak = 2687.828 ; gain = 293.371 ; free physical = 14779 ; free virtual = 127557
---------------------------------------------------------------------------------
---------------------------------------------------------------------------------
Start Loading Part and Timing Information
---------------------------------------------------------------------------------
Loading part: xc7z020clg484-1
---------------------------------------------------------------------------------
Finished Loading Part and Timing Information : Time (s): cpu = 00:00:23 ; elapsed = 00:00:29 . Memory (MB): peak = 2687.828 ; gain = 293.371 ; free physical = 14779 ; free virtual = 127556
---------------------------------------------------------------------------------
---------------------------------------------------------------------------------
Start Applying 'set_property' XDC Constraints
---------------------------------------------------------------------------------
Applied set_property KEEP_HIERARCHY = SOFT for inst. (constraint file  /home/nanwu/GNN_DFG/bb/dfg_34/project_tmp/solution_tmp/impl/verilog/project.runs/bd_0_hls_inst_0_synth_1/dont_touch.xdc, line 9).
---------------------------------------------------------------------------------
Finished applying 'set_property' XDC Constraints : Time (s): cpu = 00:00:23 ; elapsed = 00:00:29 . Memory (MB): peak = 2687.828 ; gain = 293.371 ; free physical = 14781 ; free virtual = 127559
---------------------------------------------------------------------------------
INFO: [Synth 8-4490] FSM extraction disabled for register 'ap_CS_fsm_reg' through user attribute
---------------------------------------------------------------------------------
Finished RTL Optimization Phase 2 : Time (s): cpu = 00:00:28 ; elapsed = 00:00:34 . Memory (MB): peak = 2687.828 ; gain = 293.371 ; free physical = 14727 ; free virtual = 127512
---------------------------------------------------------------------------------
INFO: [Synth 8-223] decloning instance 'inst/fsub_32ns_32ns_32_5_full_dsp_1_U1/fn1_ap_fsub_3_full_dsp_32_u/inst/i_synth/ADDSUB_OP.ADDSUB/DSP.OP/DSP48E1_BODY.ALIGN_ADD/SUB_DELAY' (delay__parameterized0) to 'inst/fsub_32ns_32ns_32_5_full_dsp_1_U1/fn1_ap_fsub_3_full_dsp_32_u/inst/i_synth/ADDSUB_OP.ADDSUB/DSP.OP/DSP48E1_BODY.ALIGN_ADD/SUB_ADD_IP_DELAY'
INFO: [Synth 8-223] decloning instance 'inst/fsub_32ns_32ns_32_5_full_dsp_1_U1/fn1_ap_fsub_3_full_dsp_32_u/inst/i_synth/DELAY_DIVIDE_BY_ZERO' (delay__parameterized0) to 'inst/fsub_32ns_32ns_32_5_full_dsp_1_U1/fn1_ap_fsub_3_full_dsp_32_u/inst/i_synth/DELAY_ACCUM_OVERFLOW'
INFO: [Synth 8-223] decloning instance 'inst/fsub_32ns_32ns_32_5_full_dsp_1_U1/fn1_ap_fsub_3_full_dsp_32_u/inst/i_synth/DELAY_DIVIDE_BY_ZERO' (delay__parameterized0) to 'inst/fsub_32ns_32ns_32_5_full_dsp_1_U1/fn1_ap_fsub_3_full_dsp_32_u/inst/i_synth/DELAY_ACCUM_INPUT_OVERFLOW'
INFO: [Synth 8-223] decloning instance 'inst/fmul_32ns_32ns_32_4_max_dsp_1_U2/fn1_ap_fmul_2_max_dsp_32_u/inst/i_synth/DELAY_DIVIDE_BY_ZERO' (delay__parameterized0) to 'inst/fmul_32ns_32ns_32_4_max_dsp_1_U2/fn1_ap_fmul_2_max_dsp_32_u/inst/i_synth/DELAY_ACCUM_OVERFLOW'
INFO: [Synth 8-223] decloning instance 'inst/fmul_32ns_32ns_32_4_max_dsp_1_U2/fn1_ap_fmul_2_max_dsp_32_u/inst/i_synth/DELAY_DIVIDE_BY_ZERO' (delay__parameterized0) to 'inst/fmul_32ns_32ns_32_4_max_dsp_1_U2/fn1_ap_fmul_2_max_dsp_32_u/inst/i_synth/DELAY_ACCUM_INPUT_OVERFLOW'
INFO: [Synth 8-223] decloning instance 'inst/uitofp_64s_32_6_no_dsp_1_U3/fn1_ap_uitofp_4_no_dsp_64_u/inst/i_synth/FIX_TO_FLT_OP.SPD.OP/ROUND/EXTRA_LSB_BIT_DEL' (delay__parameterized0) to 'inst/uitofp_64s_32_6_no_dsp_1_U3/fn1_ap_uitofp_4_no_dsp_64_u/inst/i_synth/FIX_TO_FLT_OP.SPD.OP/ROUND/EXTRA_LSB_RND1_DEL'
INFO: [Synth 8-223] decloning instance 'inst/uitofp_64s_32_6_no_dsp_1_U3/fn1_ap_uitofp_4_no_dsp_64_u/inst/i_synth/FIX_TO_FLT_OP.SPD.OP/ROUND/EXP_INC_DELAY' (delay__parameterized0) to 'inst/uitofp_64s_32_6_no_dsp_1_U3/fn1_ap_uitofp_4_no_dsp_64_u/inst/i_synth/FIX_TO_FLT_OP.SPD.OP/ROUND/EXP_INC_RND1_DELAY'
INFO: [Synth 8-223] decloning instance 'inst/uitofp_64s_32_6_no_dsp_1_U3/fn1_ap_uitofp_4_no_dsp_64_u/inst/i_synth/FIX_TO_FLT_OP.SPD.OP/ROUND/EXP_IN_DELAY.EXP_IN_DEL' (delay__parameterized27) to 'inst/uitofp_64s_32_6_no_dsp_1_U3/fn1_ap_uitofp_4_no_dsp_64_u/inst/i_synth/FIX_TO_FLT_OP.SPD.OP/ROUND/EXP_RND2_DELAY.EXP_RND_DEL'
INFO: [Synth 8-223] decloning instance 'inst/uitofp_64s_32_6_no_dsp_1_U3/fn1_ap_uitofp_4_no_dsp_64_u/inst/i_synth/FIX_TO_FLT_OP.SPD.OP/ROUND/EXP_IN_DELAY.EXP_OFF_OP_DEL' (delay__parameterized27) to 'inst/uitofp_64s_32_6_no_dsp_1_U3/fn1_ap_uitofp_4_no_dsp_64_u/inst/i_synth/FIX_TO_FLT_OP.SPD.OP/ROUND/EXP_RND2_DELAY.EXP_OFF_RND_DEL'
INFO: [Synth 8-223] decloning instance 'inst/uitofp_64s_32_6_no_dsp_1_U3/fn1_ap_uitofp_4_no_dsp_64_u/inst/i_synth/DELAY_INVALID_OP' (delay__parameterized0) to 'inst/uitofp_64s_32_6_no_dsp_1_U3/fn1_ap_uitofp_4_no_dsp_64_u/inst/i_synth/DELAY_DIVIDE_BY_ZERO'
INFO: [Synth 8-223] decloning instance 'inst/uitofp_64s_32_6_no_dsp_1_U3/fn1_ap_uitofp_4_no_dsp_64_u/inst/i_synth/DELAY_INVALID_OP' (delay__parameterized0) to 'inst/uitofp_64s_32_6_no_dsp_1_U3/fn1_ap_uitofp_4_no_dsp_64_u/inst/i_synth/DELAY_OVERFLOW'
INFO: [Synth 8-223] decloning instance 'inst/uitofp_64s_32_6_no_dsp_1_U3/fn1_ap_uitofp_4_no_dsp_64_u/inst/i_synth/DELAY_INVALID_OP' (delay__parameterized0) to 'inst/uitofp_64s_32_6_no_dsp_1_U3/fn1_ap_uitofp_4_no_dsp_64_u/inst/i_synth/DELAY_UNDERFLOW'
INFO: [Synth 8-223] decloning instance 'inst/uitofp_64s_32_6_no_dsp_1_U3/fn1_ap_uitofp_4_no_dsp_64_u/inst/i_synth/DELAY_INVALID_OP' (delay__parameterized0) to 'inst/uitofp_64s_32_6_no_dsp_1_U3/fn1_ap_uitofp_4_no_dsp_64_u/inst/i_synth/DELAY_ACCUM_OVERFLOW'
INFO: [Synth 8-223] decloning instance 'inst/uitofp_64s_32_6_no_dsp_1_U3/fn1_ap_uitofp_4_no_dsp_64_u/inst/i_synth/DELAY_INVALID_OP' (delay__parameterized0) to 'inst/uitofp_64s_32_6_no_dsp_1_U3/fn1_ap_uitofp_4_no_dsp_64_u/inst/i_synth/DELAY_ACCUM_INPUT_OVERFLOW'
INFO: [Synth 8-223] decloning instance 'inst/sitofp_64ns_32_6_no_dsp_1_U4/fn1_ap_sitofp_4_no_dsp_64_u/inst/i_synth/FIX_TO_FLT_OP.SPD.OP/ROUND/EXTRA_LSB_BIT_DEL' (delay__parameterized0) to 'inst/sitofp_64ns_32_6_no_dsp_1_U4/fn1_ap_sitofp_4_no_dsp_64_u/inst/i_synth/FIX_TO_FLT_OP.SPD.OP/ROUND/EXTRA_LSB_RND1_DEL'
INFO: [Synth 8-223] decloning instance 'inst/sitofp_64ns_32_6_no_dsp_1_U4/fn1_ap_sitofp_4_no_dsp_64_u/inst/i_synth/FIX_TO_FLT_OP.SPD.OP/ROUND/EXP_INC_DELAY' (delay__parameterized0) to 'inst/sitofp_64ns_32_6_no_dsp_1_U4/fn1_ap_sitofp_4_no_dsp_64_u/inst/i_synth/FIX_TO_FLT_OP.SPD.OP/ROUND/EXP_INC_RND1_DELAY'
INFO: [Synth 8-223] decloning instance 'inst/sitofp_64ns_32_6_no_dsp_1_U4/fn1_ap_sitofp_4_no_dsp_64_u/inst/i_synth/FIX_TO_FLT_OP.SPD.OP/ROUND/EXP_IN_DELAY.EXP_IN_DEL' (delay__parameterized27) to 'inst/sitofp_64ns_32_6_no_dsp_1_U4/fn1_ap_sitofp_4_no_dsp_64_u/inst/i_synth/FIX_TO_FLT_OP.SPD.OP/ROUND/EXP_RND2_DELAY.EXP_RND_DEL'
INFO: [Synth 8-223] decloning instance 'inst/sitofp_64ns_32_6_no_dsp_1_U4/fn1_ap_sitofp_4_no_dsp_64_u/inst/i_synth/FIX_TO_FLT_OP.SPD.OP/ROUND/EXP_IN_DELAY.EXP_OFF_OP_DEL' (delay__parameterized27) to 'inst/sitofp_64ns_32_6_no_dsp_1_U4/fn1_ap_sitofp_4_no_dsp_64_u/inst/i_synth/FIX_TO_FLT_OP.SPD.OP/ROUND/EXP_RND2_DELAY.EXP_OFF_RND_DEL'
INFO: [Synth 8-223] decloning instance 'inst/sitofp_64ns_32_6_no_dsp_1_U4/fn1_ap_sitofp_4_no_dsp_64_u/inst/i_synth/DELAY_INVALID_OP' (delay__parameterized0) to 'inst/sitofp_64ns_32_6_no_dsp_1_U4/fn1_ap_sitofp_4_no_dsp_64_u/inst/i_synth/DELAY_DIVIDE_BY_ZERO'
INFO: [Synth 8-223] decloning instance 'inst/sitofp_64ns_32_6_no_dsp_1_U4/fn1_ap_sitofp_4_no_dsp_64_u/inst/i_synth/DELAY_INVALID_OP' (delay__parameterized0) to 'inst/sitofp_64ns_32_6_no_dsp_1_U4/fn1_ap_sitofp_4_no_dsp_64_u/inst/i_synth/DELAY_OVERFLOW'
INFO: [Synth 8-223] decloning instance 'inst/sitofp_64ns_32_6_no_dsp_1_U4/fn1_ap_sitofp_4_no_dsp_64_u/inst/i_synth/DELAY_INVALID_OP' (delay__parameterized0) to 'inst/sitofp_64ns_32_6_no_dsp_1_U4/fn1_ap_sitofp_4_no_dsp_64_u/inst/i_synth/DELAY_UNDERFLOW'
INFO: [Synth 8-223] decloning instance 'inst/sitofp_64ns_32_6_no_dsp_1_U4/fn1_ap_sitofp_4_no_dsp_64_u/inst/i_synth/DELAY_INVALID_OP' (delay__parameterized0) to 'inst/sitofp_64ns_32_6_no_dsp_1_U4/fn1_ap_sitofp_4_no_dsp_64_u/inst/i_synth/DELAY_ACCUM_OVERFLOW'
INFO: [Synth 8-223] decloning instance 'inst/sitofp_64ns_32_6_no_dsp_1_U4/fn1_ap_sitofp_4_no_dsp_64_u/inst/i_synth/DELAY_INVALID_OP' (delay__parameterized0) to 'inst/sitofp_64ns_32_6_no_dsp_1_U4/fn1_ap_sitofp_4_no_dsp_64_u/inst/i_synth/DELAY_ACCUM_INPUT_OVERFLOW'
INFO: [Synth 8-223] decloning instance 'inst/fpext_32ns_64_2_no_dsp_1_U5/fn1_ap_fpext_0_no_dsp_32_u/inst/i_synth/DELAY_INVALID_OP' (delay__parameterized0) to 'inst/fpext_32ns_64_2_no_dsp_1_U5/fn1_ap_fpext_0_no_dsp_32_u/inst/i_synth/DELAY_DIVIDE_BY_ZERO'
INFO: [Synth 8-223] decloning instance 'inst/fpext_32ns_64_2_no_dsp_1_U5/fn1_ap_fpext_0_no_dsp_32_u/inst/i_synth/DELAY_INVALID_OP' (delay__parameterized0) to 'inst/fpext_32ns_64_2_no_dsp_1_U5/fn1_ap_fpext_0_no_dsp_32_u/inst/i_synth/DELAY_ACCUM_OVERFLOW'
INFO: [Synth 8-223] decloning instance 'inst/fpext_32ns_64_2_no_dsp_1_U5/fn1_ap_fpext_0_no_dsp_32_u/inst/i_synth/DELAY_INVALID_OP' (delay__parameterized0) to 'inst/fpext_32ns_64_2_no_dsp_1_U5/fn1_ap_fpext_0_no_dsp_32_u/inst/i_synth/DELAY_ACCUM_INPUT_OVERFLOW'
INFO: [Synth 8-223] decloning instance 'inst/dadd_64ns_64ns_64_7_full_dsp_1_U6/fn1_ap_dadd_5_full_dsp_64_u/inst/i_synth/ADDSUB_OP.ADDSUB/LOGIC_SPEED.OP/NORM/ROUND/EXTRA_LSB_BIT_DEL' (delay__parameterized0) to 'inst/dadd_64ns_64ns_64_7_full_dsp_1_U6/fn1_ap_dadd_5_full_dsp_64_u/inst/i_synth/ADDSUB_OP.ADDSUB/LOGIC_SPEED.OP/NORM/ROUND/EXTRA_LSB_RND1_DEL'
INFO: [Synth 8-223] decloning instance 'inst/dadd_64ns_64ns_64_7_full_dsp_1_U6/fn1_ap_dadd_5_full_dsp_64_u/inst/i_synth/ADDSUB_OP.ADDSUB/LOGIC_SPEED.OP/NORM/ROUND/EXP_INC_DELAY' (delay__parameterized0) to 'inst/dadd_64ns_64ns_64_7_full_dsp_1_U6/fn1_ap_dadd_5_full_dsp_64_u/inst/i_synth/ADDSUB_OP.ADDSUB/LOGIC_SPEED.OP/NORM/ROUND/EXP_INC_RND1_DELAY'
INFO: [Synth 8-223] decloning instance 'inst/dadd_64ns_64ns_64_7_full_dsp_1_U6/fn1_ap_dadd_5_full_dsp_64_u/inst/i_synth/DELAY_DIVIDE_BY_ZERO' (delay__parameterized0) to 'inst/dadd_64ns_64ns_64_7_full_dsp_1_U6/fn1_ap_dadd_5_full_dsp_64_u/inst/i_synth/DELAY_ACCUM_OVERFLOW'
INFO: [Synth 8-223] decloning instance 'inst/dadd_64ns_64ns_64_7_full_dsp_1_U6/fn1_ap_dadd_5_full_dsp_64_u/inst/i_synth/DELAY_DIVIDE_BY_ZERO' (delay__parameterized0) to 'inst/dadd_64ns_64ns_64_7_full_dsp_1_U6/fn1_ap_dadd_5_full_dsp_64_u/inst/i_synth/DELAY_ACCUM_INPUT_OVERFLOW'
INFO: [Synth 8-223] decloning instance 'inst/ddiv_64ns_64ns_64_59_no_dsp_1_U7/fn1_ap_ddiv_57_no_dsp_64_u/inst/i_synth/DIV_OP.SPD.OP/ROUND/EXTRA_LSB_BIT_DEL' (delay__parameterized0) to 'inst/ddiv_64ns_64ns_64_59_no_dsp_1_U7/fn1_ap_ddiv_57_no_dsp_64_u/inst/i_synth/DIV_OP.SPD.OP/ROUND/EXTRA_LSB_RND1_DEL'
INFO: [Synth 8-223] decloning instance 'inst/ddiv_64ns_64ns_64_59_no_dsp_1_U7/fn1_ap_ddiv_57_no_dsp_64_u/inst/i_synth/DIV_OP.SPD.OP/ROUND/EXP_INC_DELAY' (delay__parameterized0) to 'inst/ddiv_64ns_64ns_64_59_no_dsp_1_U7/fn1_ap_ddiv_57_no_dsp_64_u/inst/i_synth/DIV_OP.SPD.OP/ROUND/EXP_INC_RND1_DELAY'
INFO: [Synth 8-223] decloning instance 'inst/ddiv_64ns_64ns_64_59_no_dsp_1_U7/fn1_ap_ddiv_57_no_dsp_64_u/inst/i_synth/DELAY_ACCUM_OVERFLOW' (delay__parameterized0) to 'inst/ddiv_64ns_64ns_64_59_no_dsp_1_U7/fn1_ap_ddiv_57_no_dsp_64_u/inst/i_synth/DELAY_ACCUM_INPUT_OVERFLOW'
INFO: [Synth 8-223] decloning instance 'inst/uitodp_64ns_64_6_no_dsp_1_U8/fn1_ap_uitodp_4_no_dsp_64_u/inst/i_synth/FIX_TO_FLT_OP.SPD.OP/ROUND/EXTRA_LSB_BIT_DEL' (delay__parameterized0) to 'inst/uitodp_64ns_64_6_no_dsp_1_U8/fn1_ap_uitodp_4_no_dsp_64_u/inst/i_synth/FIX_TO_FLT_OP.SPD.OP/ROUND/EXTRA_LSB_RND1_DEL'
INFO: [Synth 8-223] decloning instance 'inst/uitodp_64ns_64_6_no_dsp_1_U8/fn1_ap_uitodp_4_no_dsp_64_u/inst/i_synth/FIX_TO_FLT_OP.SPD.OP/ROUND/EXP_INC_DELAY' (delay__parameterized0) to 'inst/uitodp_64ns_64_6_no_dsp_1_U8/fn1_ap_uitodp_4_no_dsp_64_u/inst/i_synth/FIX_TO_FLT_OP.SPD.OP/ROUND/EXP_INC_RND1_DELAY'
INFO: [Synth 8-223] decloning instance 'inst/uitodp_64ns_64_6_no_dsp_1_U8/fn1_ap_uitodp_4_no_dsp_64_u/inst/i_synth/FIX_TO_FLT_OP.SPD.OP/ROUND/EXP_IN_DELAY.EXP_IN_DEL' (delay__parameterized87) to 'inst/uitodp_64ns_64_6_no_dsp_1_U8/fn1_ap_uitodp_4_no_dsp_64_u/inst/i_synth/FIX_TO_FLT_OP.SPD.OP/ROUND/EXP_RND2_DELAY.EXP_RND_DEL'
INFO: [Synth 8-223] decloning instance 'inst/uitodp_64ns_64_6_no_dsp_1_U8/fn1_ap_uitodp_4_no_dsp_64_u/inst/i_synth/FIX_TO_FLT_OP.SPD.OP/ROUND/EXP_IN_DELAY.EXP_OFF_OP_DEL' (delay__parameterized87) to 'inst/uitodp_64ns_64_6_no_dsp_1_U8/fn1_ap_uitodp_4_no_dsp_64_u/inst/i_synth/FIX_TO_FLT_OP.SPD.OP/ROUND/EXP_RND2_DELAY.EXP_OFF_RND_DEL'
INFO: [Synth 8-223] decloning instance 'inst/uitodp_64ns_64_6_no_dsp_1_U8/fn1_ap_uitodp_4_no_dsp_64_u/inst/i_synth/DELAY_INVALID_OP' (delay__parameterized0) to 'inst/uitodp_64ns_64_6_no_dsp_1_U8/fn1_ap_uitodp_4_no_dsp_64_u/inst/i_synth/DELAY_DIVIDE_BY_ZERO'
INFO: [Synth 8-223] decloning instance 'inst/uitodp_64ns_64_6_no_dsp_1_U8/fn1_ap_uitodp_4_no_dsp_64_u/inst/i_synth/DELAY_INVALID_OP' (delay__parameterized0) to 'inst/uitodp_64ns_64_6_no_dsp_1_U8/fn1_ap_uitodp_4_no_dsp_64_u/inst/i_synth/DELAY_OVERFLOW'
INFO: [Synth 8-223] decloning instance 'inst/uitodp_64ns_64_6_no_dsp_1_U8/fn1_ap_uitodp_4_no_dsp_64_u/inst/i_synth/DELAY_INVALID_OP' (delay__parameterized0) to 'inst/uitodp_64ns_64_6_no_dsp_1_U8/fn1_ap_uitodp_4_no_dsp_64_u/inst/i_synth/DELAY_UNDERFLOW'
INFO: [Synth 8-223] decloning instance 'inst/uitodp_64ns_64_6_no_dsp_1_U8/fn1_ap_uitodp_4_no_dsp_64_u/inst/i_synth/DELAY_INVALID_OP' (delay__parameterized0) to 'inst/uitodp_64ns_64_6_no_dsp_1_U8/fn1_ap_uitodp_4_no_dsp_64_u/inst/i_synth/DELAY_ACCUM_OVERFLOW'
INFO: [Synth 8-223] decloning instance 'inst/uitodp_64ns_64_6_no_dsp_1_U8/fn1_ap_uitodp_4_no_dsp_64_u/inst/i_synth/DELAY_INVALID_OP' (delay__parameterized0) to 'inst/uitodp_64ns_64_6_no_dsp_1_U8/fn1_ap_uitodp_4_no_dsp_64_u/inst/i_synth/DELAY_ACCUM_INPUT_OVERFLOW'
---------------------------------------------------------------------------------
Start RTL Component Statistics 
---------------------------------------------------------------------------------
---------------------------------------------------------------------------------
Finished RTL Component Statistics 
---------------------------------------------------------------------------------
---------------------------------------------------------------------------------
Start Part Resource Summary
---------------------------------------------------------------------------------
Part Resources:
DSPs: 220 (col length:60)
BRAMs: 280 (col length: RAMB18 60 RAMB36 30)
---------------------------------------------------------------------------------
Finished Part Resource Summary
---------------------------------------------------------------------------------
---------------------------------------------------------------------------------
Start Cross Boundary and Area Optimization
---------------------------------------------------------------------------------
---------------------------------------------------------------------------------
Finished Cross Boundary and Area Optimization : Time (s): cpu = 00:00:55 ; elapsed = 00:01:03 . Memory (MB): peak = 2687.828 ; gain = 293.371 ; free physical = 13245 ; free virtual = 126135
---------------------------------------------------------------------------------
---------------------------------------------------------------------------------
Start Applying XDC Timing Constraints
---------------------------------------------------------------------------------
---------------------------------------------------------------------------------
Finished Applying XDC Timing Constraints : Time (s): cpu = 00:01:01 ; elapsed = 00:01:08 . Memory (MB): peak = 2687.828 ; gain = 293.371 ; free physical = 13768 ; free virtual = 126662
---------------------------------------------------------------------------------
---------------------------------------------------------------------------------
Start Timing Optimization
---------------------------------------------------------------------------------
---------------------------------------------------------------------------------
Finished Timing Optimization : Time (s): cpu = 00:01:03 ; elapsed = 00:01:11 . Memory (MB): peak = 2687.828 ; gain = 293.371 ; free physical = 12607 ; free virtual = 125501
---------------------------------------------------------------------------------
---------------------------------------------------------------------------------
Start Technology Mapping
---------------------------------------------------------------------------------
---------------------------------------------------------------------------------
Finished Technology Mapping : Time (s): cpu = 00:01:09 ; elapsed = 00:01:17 . Memory (MB): peak = 2687.828 ; gain = 293.371 ; free physical = 12706 ; free virtual = 125601
---------------------------------------------------------------------------------
---------------------------------------------------------------------------------
Start IO Insertion
---------------------------------------------------------------------------------
---------------------------------------------------------------------------------
Start Flattening Before IO Insertion
---------------------------------------------------------------------------------
---------------------------------------------------------------------------------
Finished Flattening Before IO Insertion
---------------------------------------------------------------------------------
---------------------------------------------------------------------------------
Start Final Netlist Cleanup
---------------------------------------------------------------------------------
---------------------------------------------------------------------------------
Finished Final Netlist Cleanup
---------------------------------------------------------------------------------
---------------------------------------------------------------------------------
Finished IO Insertion : Time (s): cpu = 00:01:12 ; elapsed = 00:01:20 . Memory (MB): peak = 2687.828 ; gain = 293.371 ; free physical = 12627 ; free virtual = 125535
---------------------------------------------------------------------------------
---------------------------------------------------------------------------------
Start Renaming Generated Instances
---------------------------------------------------------------------------------
---------------------------------------------------------------------------------
Finished Renaming Generated Instances : Time (s): cpu = 00:01:12 ; elapsed = 00:01:20 . Memory (MB): peak = 2687.828 ; gain = 293.371 ; free physical = 12624 ; free virtual = 125532
---------------------------------------------------------------------------------
---------------------------------------------------------------------------------
Start Rebuilding User Hierarchy
---------------------------------------------------------------------------------
---------------------------------------------------------------------------------
Finished Rebuilding User Hierarchy : Time (s): cpu = 00:01:14 ; elapsed = 00:01:22 . Memory (MB): peak = 2687.828 ; gain = 293.371 ; free physical = 12586 ; free virtual = 125494
---------------------------------------------------------------------------------
---------------------------------------------------------------------------------
Start Renaming Generated Ports
---------------------------------------------------------------------------------
---------------------------------------------------------------------------------
Finished Renaming Generated Ports : Time (s): cpu = 00:01:14 ; elapsed = 00:01:22 . Memory (MB): peak = 2687.828 ; gain = 293.371 ; free physical = 12584 ; free virtual = 125492
---------------------------------------------------------------------------------
---------------------------------------------------------------------------------
Start Handling Custom Attributes
---------------------------------------------------------------------------------
---------------------------------------------------------------------------------
Finished Handling Custom Attributes : Time (s): cpu = 00:01:15 ; elapsed = 00:01:23 . Memory (MB): peak = 2687.828 ; gain = 293.371 ; free physical = 12565 ; free virtual = 125472
---------------------------------------------------------------------------------
---------------------------------------------------------------------------------
Start Renaming Generated Nets
---------------------------------------------------------------------------------
---------------------------------------------------------------------------------
Finished Renaming Generated Nets : Time (s): cpu = 00:01:15 ; elapsed = 00:01:23 . Memory (MB): peak = 2687.828 ; gain = 293.371 ; free physical = 12562 ; free virtual = 125470
---------------------------------------------------------------------------------
---------------------------------------------------------------------------------
Start Writing Synthesis Report
---------------------------------------------------------------------------------

Report BlackBoxes: 
+-+--------------+----------+
| |BlackBox name |Instances |
+-+--------------+----------+
+-+--------------+----------+

Report Cell Usage: 
+------+--------+------+
|      |Cell    |Count |
+------+--------+------+
|1     |CARRY4  |   172|
|2     |DSP48E1 |    20|
|14    |LUT1    |   340|
|15    |LUT2    |  2479|
|16    |LUT3    |  1846|
|17    |LUT4    |   638|
|18    |LUT5    |   373|
|19    |LUT6    |  1189|
|20    |MUXCY   |  3552|
|21    |MUXF7   |    46|
|22    |MUXF8   |    12|
|23    |SRL16E  |    33|
|24    |SRLC32E |    96|
|25    |XORCY   |  3268|
|26    |FDE     |    39|
|27    |FDRE    |  8164|
|28    |FDSE    |   134|
+------+--------+------+
---------------------------------------------------------------------------------
Finished Writing Synthesis Report : Time (s): cpu = 00:01:15 ; elapsed = 00:01:23 . Memory (MB): peak = 2687.828 ; gain = 293.371 ; free physical = 12562 ; free virtual = 125469
---------------------------------------------------------------------------------
Synthesis finished with 0 errors, 0 critical warnings and 0 warnings.
Synthesis Optimization Runtime : Time (s): cpu = 00:01:09 ; elapsed = 00:01:18 . Memory (MB): peak = 2687.828 ; gain = 133.715 ; free physical = 12671 ; free virtual = 125579
Synthesis Optimization Complete : Time (s): cpu = 00:01:15 ; elapsed = 00:01:23 . Memory (MB): peak = 2687.828 ; gain = 293.371 ; free physical = 12671 ; free virtual = 125579
INFO: [Project 1-571] Translating synthesized netlist
Netlist sorting complete. Time (s): cpu = 00:00:00.32 ; elapsed = 00:00:00.31 . Memory (MB): peak = 2687.828 ; gain = 0.000 ; free physical = 12813 ; free virtual = 125721
INFO: [Netlist 29-17] Analyzing 7109 Unisim elements for replacement
INFO: [Netlist 29-28] Unisim Transformation completed in 0 CPU seconds
INFO: [Project 1-570] Preparing netlist for logic optimization
INFO: [Opt 31-138] Pushed 0 inverter(s) to 0 load pin(s).
Netlist sorting complete. Time (s): cpu = 00:00:00.01 ; elapsed = 00:00:00.01 . Memory (MB): peak = 2723.727 ; gain = 0.000 ; free physical = 13331 ; free virtual = 126238
INFO: [Project 1-111] Unisim Transformation Summary:
  A total of 979 instances were transformed.
  (MUXCY,XORCY) => CARRY4: 940 instances
  FDE => FDRE: 39 instances

INFO: [Common 17-83] Releasing license: Synthesis
142 Infos, 0 Warnings, 0 Critical Warnings and 0 Errors encountered.
synth_design completed successfully
synth_design: Time (s): cpu = 00:01:26 ; elapsed = 00:01:31 . Memory (MB): peak = 2723.727 ; gain = 329.367 ; free physical = 13173 ; free virtual = 126081
INFO: [Common 17-1381] The checkpoint '/home/nanwu/GNN_DFG/bb/dfg_34/project_tmp/solution_tmp/impl/verilog/project.runs/bd_0_hls_inst_0_synth_1/bd_0_hls_inst_0.dcp' has been generated.
WARNING: [Common 17-576] 'use_project_ipc' is deprecated. This option is deprecated and no longer used.
INFO: [Coretcl 2-1648] Added synthesis output to IP cache for IP bd_0_hls_inst_0, cache-ID = f48c17ede00cbd5f
INFO: [Coretcl 2-1174] Renamed 820 cell refs.
INFO: [Common 17-1381] The checkpoint '/home/nanwu/GNN_DFG/bb/dfg_34/project_tmp/solution_tmp/impl/verilog/project.runs/bd_0_hls_inst_0_synth_1/bd_0_hls_inst_0.dcp' has been generated.
INFO: [runtcl-4] Executing : report_utilization -file bd_0_hls_inst_0_utilization_synth.rpt -pb bd_0_hls_inst_0_utilization_synth.pb
INFO: [Common 17-206] Exiting Vivado at Tue Apr 13 11:34:12 2021...
