Copyright 1986-2020 Xilinx, Inc. All Rights Reserved.
----------------------------------------------------------------------------------------
| Tool Version : Vivado v.2020.2 (lin64) Build 3064766 Wed Nov 18 09:12:47 MST 2020
| Date         : Mon Apr 12 18:24:52 2021
| Host         : seal-lambda running 64-bit Ubuntu 18.04.5 LTS
| Command      : report_timing -max_paths 10 -file ./report/fn1_timing_paths_routed.rpt
| Design       : bd_0_wrapper
| Device       : 7z020-clg484
| Speed File   : -1  PRODUCTION 1.12 2019-11-22
----------------------------------------------------------------------------------------

Timing Report

Slack (MET) :             1.540ns  (required time - arrival time)
  Source:                 bd_0_i/hls_inst/inst/dmul_64ns_64ns_64_7_max_dsp_1_U2/din0_buf1_reg[5]/C
                            (rising edge-triggered cell FDRE clocked by ap_clk  {rise@0.000ns fall@5.000ns period=10.000ns})
  Destination:            bd_0_i/hls_inst/inst/dmul_64ns_64ns_64_7_max_dsp_1_U2/fn1_ap_dmul_5_max_dsp_64_u/inst/i_synth/MULT.OP/i_non_prim.MULT/DSP48E1_SPD_DBL_VARIANT.FIX_MULT/ZD0_DEL/i_pipe/opt_has_pipe.first_q_reg[0]/D
                            (rising edge-triggered cell FDRE clocked by ap_clk  {rise@0.000ns fall@5.000ns period=10.000ns})
  Path Group:             ap_clk
  Path Type:              Setup (Max at Slow Process Corner)
  Requirement:            10.000ns  (ap_clk rise@10.000ns - ap_clk rise@0.000ns)
  Data Path Delay:        8.329ns  (logic 5.061ns (60.763%)  route 3.268ns (39.237%))
  Logic Levels:           1  (DSP48E1=1)
  Clock Path Skew:        -0.049ns (DCD - SCD + CPR)
    Destination Clock Delay (DCD):    0.924ns = ( 10.924 - 10.000 ) 
    Source Clock Delay      (SCD):    0.973ns
    Clock Pessimism Removal (CPR):    0.000ns
  Clock Uncertainty:      0.035ns  ((TSJ^2 + TIJ^2)^1/2 + DJ) / 2 + PE
    Total System Jitter     (TSJ):    0.071ns
    Total Input Jitter      (TIJ):    0.000ns
    Discrete Jitter          (DJ):    0.000ns
    Phase Error              (PE):    0.000ns

    Location             Delay type                Incr(ns)  Path(ns)    Netlist Resource(s)
  -------------------------------------------------------------------    -------------------
                         (clock ap_clk rise edge)     0.000     0.000 r  
                                                      0.000     0.000 r  ap_clk (IN)
                         net (fo=7792, unset)         0.973     0.973    bd_0_i/hls_inst/inst/dmul_64ns_64ns_64_7_max_dsp_1_U2/ap_clk
    SLICE_X54Y59         FDRE                                         r  bd_0_i/hls_inst/inst/dmul_64ns_64ns_64_7_max_dsp_1_U2/din0_buf1_reg[5]/C
  -------------------------------------------------------------------    -------------------
    SLICE_X54Y59         FDRE (Prop_fdre_C_Q)         0.478     1.451 r  bd_0_i/hls_inst/inst/dmul_64ns_64ns_64_7_max_dsp_1_U2/din0_buf1_reg[5]/Q
                         net (fo=4, routed)           1.975     3.426    bd_0_i/hls_inst/inst/dmul_64ns_64ns_64_7_max_dsp_1_U2/fn1_ap_dmul_5_max_dsp_64_u/inst/i_synth/MULT.OP/i_non_prim.MULT/DSP48E1_SPD_DBL_VARIANT.FIX_MULT/DSP0/s_axis_a_tdata[5]
    DSP48_X2Y9           DSP48E1 (Prop_dsp48e1_A[5]_PATTERNDETECT)
                                                      4.583     8.009 r  bd_0_i/hls_inst/inst/dmul_64ns_64ns_64_7_max_dsp_1_U2/fn1_ap_dmul_5_max_dsp_64_u/inst/i_synth/MULT.OP/i_non_prim.MULT/DSP48E1_SPD_DBL_VARIANT.FIX_MULT/DSP0/i_no_versal_es1_workaround.DSP/PATTERNDETECT
                         net (fo=1, routed)           1.294     9.302    bd_0_i/hls_inst/inst/dmul_64ns_64ns_64_7_max_dsp_1_U2/fn1_ap_dmul_5_max_dsp_64_u/inst/i_synth/MULT.OP/i_non_prim.MULT/DSP48E1_SPD_DBL_VARIANT.FIX_MULT/ZD0_DEL/i_pipe/dsp0_pd_p3
    SLICE_X33Y41         FDRE                                         r  bd_0_i/hls_inst/inst/dmul_64ns_64ns_64_7_max_dsp_1_U2/fn1_ap_dmul_5_max_dsp_64_u/inst/i_synth/MULT.OP/i_non_prim.MULT/DSP48E1_SPD_DBL_VARIANT.FIX_MULT/ZD0_DEL/i_pipe/opt_has_pipe.first_q_reg[0]/D
  -------------------------------------------------------------------    -------------------

                         (clock ap_clk rise edge)    10.000    10.000 r  
                                                      0.000    10.000 r  ap_clk (IN)
                         net (fo=7792, unset)         0.924    10.924    bd_0_i/hls_inst/inst/dmul_64ns_64ns_64_7_max_dsp_1_U2/fn1_ap_dmul_5_max_dsp_64_u/inst/i_synth/MULT.OP/i_non_prim.MULT/DSP48E1_SPD_DBL_VARIANT.FIX_MULT/ZD0_DEL/i_pipe/aclk
    SLICE_X33Y41         FDRE                                         r  bd_0_i/hls_inst/inst/dmul_64ns_64ns_64_7_max_dsp_1_U2/fn1_ap_dmul_5_max_dsp_64_u/inst/i_synth/MULT.OP/i_non_prim.MULT/DSP48E1_SPD_DBL_VARIANT.FIX_MULT/ZD0_DEL/i_pipe/opt_has_pipe.first_q_reg[0]/C
                         clock pessimism              0.000    10.924    
                         clock uncertainty           -0.035    10.889    
    SLICE_X33Y41         FDRE (Setup_fdre_C_D)       -0.047    10.842    bd_0_i/hls_inst/inst/dmul_64ns_64ns_64_7_max_dsp_1_U2/fn1_ap_dmul_5_max_dsp_64_u/inst/i_synth/MULT.OP/i_non_prim.MULT/DSP48E1_SPD_DBL_VARIANT.FIX_MULT/ZD0_DEL/i_pipe/opt_has_pipe.first_q_reg[0]
  -------------------------------------------------------------------
                         required time                         10.842    
                         arrival time                          -9.302    
  -------------------------------------------------------------------
                         slack                                  1.540    

Slack (MET) :             1.587ns  (required time - arrival time)
  Source:                 bd_0_i/hls_inst/inst/dadd_64ns_64ns_64_7_full_dsp_1_U1/fn1_ap_dadd_5_full_dsp_64_u/inst/i_synth/ADDSUB_OP.ADDSUB/LOGIC_SPEED.OP/NORM/NORM_SHIFT/MUX_LOOP[2].DEL_SHIFT/i_pipe/opt_has_pipe.first_q_reg[54]/C
                            (rising edge-triggered cell FDRE clocked by ap_clk  {rise@0.000ns fall@5.000ns period=10.000ns})
  Destination:            bd_0_i/hls_inst/inst/dadd_64ns_64ns_64_7_full_dsp_1_U1/fn1_ap_dadd_5_full_dsp_64_u/inst/i_synth/ADDSUB_OP.ADDSUB/LOGIC_SPEED.OP/OP/RESULT_REG.NORMAL.exp_op_reg[9]/D
                            (rising edge-triggered cell FDRE clocked by ap_clk  {rise@0.000ns fall@5.000ns period=10.000ns})
  Path Group:             ap_clk
  Path Type:              Setup (Max at Slow Process Corner)
  Requirement:            10.000ns  (ap_clk rise@10.000ns - ap_clk rise@0.000ns)
  Data Path Delay:        8.391ns  (logic 4.669ns (55.644%)  route 3.722ns (44.356%))
  Logic Levels:           8  (CARRY4=4 DSP48E1=1 LUT3=2 LUT5=1)
  Clock Path Skew:        -0.049ns (DCD - SCD + CPR)
    Destination Clock Delay (DCD):    0.924ns = ( 10.924 - 10.000 ) 
    Source Clock Delay      (SCD):    0.973ns
    Clock Pessimism Removal (CPR):    0.000ns
  Clock Uncertainty:      0.035ns  ((TSJ^2 + TIJ^2)^1/2 + DJ) / 2 + PE
    Total System Jitter     (TSJ):    0.071ns
    Total Input Jitter      (TIJ):    0.000ns
    Discrete Jitter          (DJ):    0.000ns
    Phase Error              (PE):    0.000ns

    Location             Delay type                Incr(ns)  Path(ns)    Netlist Resource(s)
  -------------------------------------------------------------------    -------------------
                         (clock ap_clk rise edge)     0.000     0.000 r  
                                                      0.000     0.000 r  ap_clk (IN)
                         net (fo=7792, unset)         0.973     0.973    bd_0_i/hls_inst/inst/dadd_64ns_64ns_64_7_full_dsp_1_U1/fn1_ap_dadd_5_full_dsp_64_u/inst/i_synth/ADDSUB_OP.ADDSUB/LOGIC_SPEED.OP/NORM/NORM_SHIFT/MUX_LOOP[2].DEL_SHIFT/i_pipe/aclk
    SLICE_X27Y52         FDRE                                         r  bd_0_i/hls_inst/inst/dadd_64ns_64ns_64_7_full_dsp_1_U1/fn1_ap_dadd_5_full_dsp_64_u/inst/i_synth/ADDSUB_OP.ADDSUB/LOGIC_SPEED.OP/NORM/NORM_SHIFT/MUX_LOOP[2].DEL_SHIFT/i_pipe/opt_has_pipe.first_q_reg[54]/C
  -------------------------------------------------------------------    -------------------
    SLICE_X27Y52         FDRE (Prop_fdre_C_Q)         0.456     1.429 r  bd_0_i/hls_inst/inst/dadd_64ns_64ns_64_7_full_dsp_1_U1/fn1_ap_dadd_5_full_dsp_64_u/inst/i_synth/ADDSUB_OP.ADDSUB/LOGIC_SPEED.OP/NORM/NORM_SHIFT/MUX_LOOP[2].DEL_SHIFT/i_pipe/opt_has_pipe.first_q_reg[54]/Q
                         net (fo=1, routed)           1.057     2.486    bd_0_i/hls_inst/inst/dadd_64ns_64ns_64_7_full_dsp_1_U1/fn1_ap_dadd_5_full_dsp_64_u/inst/i_synth/ADDSUB_OP.ADDSUB/LOGIC_SPEED.OP/NORM/NORM_SHIFT/MUX_LOOP[2].DEL_SHIFT/i_pipe/part_norm_mant_ext[3]
    SLICE_X20Y45         LUT3 (Prop_lut3_I0_O)        0.124     2.610 r  bd_0_i/hls_inst/inst/dadd_64ns_64ns_64_7_full_dsp_1_U1/fn1_ap_dadd_5_full_dsp_64_u/inst/i_synth/ADDSUB_OP.ADDSUB/LOGIC_SPEED.OP/NORM/NORM_SHIFT/MUX_LOOP[2].DEL_SHIFT/i_pipe/CHAIN_GEN[0].C_MUX.CARRY_MUX_i_3/O
                         net (fo=1, routed)           0.379     2.989    bd_0_i/hls_inst/inst/dadd_64ns_64ns_64_7_full_dsp_1_U1/fn1_ap_dadd_5_full_dsp_64_u/inst/i_synth/ADDSUB_OP.ADDSUB/LOGIC_SPEED.OP/NORM/ROUND/RND_BIT_GEN/NORM_1_OR_0.STRUCT_REQ.SPECIAL.RND_CHAIN/i_no_versal_es1_workaround.DSP
    SLICE_X20Y45         CARRY4 (Prop_carry4_CYINIT_CO[0])
                                                      0.561     3.550 r  bd_0_i/hls_inst/inst/dadd_64ns_64ns_64_7_full_dsp_1_U1/fn1_ap_dadd_5_full_dsp_64_u/inst/i_synth/ADDSUB_OP.ADDSUB/LOGIC_SPEED.OP/NORM/ROUND/RND_BIT_GEN/NORM_1_OR_0.STRUCT_REQ.SPECIAL.RND_CHAIN/CHAIN_GEN[0].C_MUX.CARRY_MUX_CARRY4/CO[0]
                         net (fo=1, routed)           0.380     3.931    bd_0_i/hls_inst/inst/dadd_64ns_64ns_64_7_full_dsp_1_U1/fn1_ap_dadd_5_full_dsp_64_u/inst/i_synth/ADDSUB_OP.ADDSUB/LOGIC_SPEED.OP/NORM/ROUND/DSP48_E1.DSP48E1_ADD.DSP48E1_ADD/B[0]
    DSP48_X1Y18          DSP48E1 (Prop_dsp48e1_B[1]_P[47])
                                                      2.300     6.231 r  bd_0_i/hls_inst/inst/dadd_64ns_64ns_64_7_full_dsp_1_U1/fn1_ap_dadd_5_full_dsp_64_u/inst/i_synth/ADDSUB_OP.ADDSUB/LOGIC_SPEED.OP/NORM/ROUND/DSP48_E1.DSP48E1_ADD.DSP48E1_ADD/i_no_versal_es1_workaround.DSP/P[47]
                         net (fo=7, routed)           1.165     7.396    bd_0_i/hls_inst/inst/dadd_64ns_64ns_64_7_full_dsp_1_U1/fn1_ap_dadd_5_full_dsp_64_u/inst/i_synth/ADDSUB_OP.ADDSUB/LOGIC_SPEED.OP/NORM/ROUND/DSP48_E1.DSP_LOGIC_ADDERS.RND_1/P[0]
    SLICE_X27Y54         LUT3 (Prop_lut3_I1_O)        0.124     7.520 r  bd_0_i/hls_inst/inst/dadd_64ns_64ns_64_7_full_dsp_1_U1/fn1_ap_dadd_5_full_dsp_64_u/inst/i_synth/ADDSUB_OP.ADDSUB/LOGIC_SPEED.OP/NORM/ROUND/DSP48_E1.DSP_LOGIC_ADDERS.RND_1/RESULT_REG.NORMAL.exp_op[3]_i_7/O
                         net (fo=1, routed)           0.740     8.260    bd_0_i/hls_inst/inst/dadd_64ns_64ns_64_7_full_dsp_1_U1/fn1_ap_dadd_5_full_dsp_64_u/inst/i_synth/ADDSUB_OP.ADDSUB/LOGIC_SPEED.OP/EXP/STATE_DELAY/i_pipe/RESULT_REG.NORMAL.exp_op_reg[3]
    SLICE_X27Y63         LUT5 (Prop_lut5_I3_O)        0.124     8.384 r  bd_0_i/hls_inst/inst/dadd_64ns_64ns_64_7_full_dsp_1_U1/fn1_ap_dadd_5_full_dsp_64_u/inst/i_synth/ADDSUB_OP.ADDSUB/LOGIC_SPEED.OP/EXP/STATE_DELAY/i_pipe/RESULT_REG.NORMAL.exp_op[3]_i_6/O
                         net (fo=1, routed)           0.000     8.384    bd_0_i/hls_inst/inst/dadd_64ns_64ns_64_7_full_dsp_1_U1/fn1_ap_dadd_5_full_dsp_64_u/inst/i_synth/ADDSUB_OP.ADDSUB/LOGIC_SPEED.OP/EXP/STATE_DELAY/i_pipe/RESULT_REG.NORMAL.exp_op[3]_i_6_n_0
    SLICE_X27Y63         CARRY4 (Prop_carry4_S[0]_CO[3])
                                                      0.532     8.916 r  bd_0_i/hls_inst/inst/dadd_64ns_64ns_64_7_full_dsp_1_U1/fn1_ap_dadd_5_full_dsp_64_u/inst/i_synth/ADDSUB_OP.ADDSUB/LOGIC_SPEED.OP/EXP/STATE_DELAY/i_pipe/RESULT_REG.NORMAL.exp_op_reg[3]_i_1/CO[3]
                         net (fo=1, routed)           0.000     8.916    bd_0_i/hls_inst/inst/dadd_64ns_64ns_64_7_full_dsp_1_U1/fn1_ap_dadd_5_full_dsp_64_u/inst/i_synth/ADDSUB_OP.ADDSUB/LOGIC_SPEED.OP/EXP/STATE_DELAY/i_pipe/RESULT_REG.NORMAL.exp_op_reg[3]_i_1_n_0
    SLICE_X27Y64         CARRY4 (Prop_carry4_CI_CO[3])
                                                      0.114     9.030 r  bd_0_i/hls_inst/inst/dadd_64ns_64ns_64_7_full_dsp_1_U1/fn1_ap_dadd_5_full_dsp_64_u/inst/i_synth/ADDSUB_OP.ADDSUB/LOGIC_SPEED.OP/EXP/STATE_DELAY/i_pipe/RESULT_REG.NORMAL.exp_op_reg[7]_i_1/CO[3]
                         net (fo=1, routed)           0.000     9.030    bd_0_i/hls_inst/inst/dadd_64ns_64ns_64_7_full_dsp_1_U1/fn1_ap_dadd_5_full_dsp_64_u/inst/i_synth/ADDSUB_OP.ADDSUB/LOGIC_SPEED.OP/EXP/STATE_DELAY/i_pipe/RESULT_REG.NORMAL.exp_op_reg[7]_i_1_n_0
    SLICE_X27Y65         CARRY4 (Prop_carry4_CI_O[1])
                                                      0.334     9.364 r  bd_0_i/hls_inst/inst/dadd_64ns_64ns_64_7_full_dsp_1_U1/fn1_ap_dadd_5_full_dsp_64_u/inst/i_synth/ADDSUB_OP.ADDSUB/LOGIC_SPEED.OP/EXP/STATE_DELAY/i_pipe/RESULT_REG.NORMAL.exp_op_reg[10]_i_1/O[1]
                         net (fo=1, routed)           0.000     9.364    bd_0_i/hls_inst/inst/dadd_64ns_64ns_64_7_full_dsp_1_U1/fn1_ap_dadd_5_full_dsp_64_u/inst/i_synth/ADDSUB_OP.ADDSUB/LOGIC_SPEED.OP/OP/exp_pre_op[9]
    SLICE_X27Y65         FDRE                                         r  bd_0_i/hls_inst/inst/dadd_64ns_64ns_64_7_full_dsp_1_U1/fn1_ap_dadd_5_full_dsp_64_u/inst/i_synth/ADDSUB_OP.ADDSUB/LOGIC_SPEED.OP/OP/RESULT_REG.NORMAL.exp_op_reg[9]/D
  -------------------------------------------------------------------    -------------------

                         (clock ap_clk rise edge)    10.000    10.000 r  
                                                      0.000    10.000 r  ap_clk (IN)
                         net (fo=7792, unset)         0.924    10.924    bd_0_i/hls_inst/inst/dadd_64ns_64ns_64_7_full_dsp_1_U1/fn1_ap_dadd_5_full_dsp_64_u/inst/i_synth/ADDSUB_OP.ADDSUB/LOGIC_SPEED.OP/OP/aclk
    SLICE_X27Y65         FDRE                                         r  bd_0_i/hls_inst/inst/dadd_64ns_64ns_64_7_full_dsp_1_U1/fn1_ap_dadd_5_full_dsp_64_u/inst/i_synth/ADDSUB_OP.ADDSUB/LOGIC_SPEED.OP/OP/RESULT_REG.NORMAL.exp_op_reg[9]/C
                         clock pessimism              0.000    10.924    
                         clock uncertainty           -0.035    10.889    
    SLICE_X27Y65         FDRE (Setup_fdre_C_D)        0.062    10.951    bd_0_i/hls_inst/inst/dadd_64ns_64ns_64_7_full_dsp_1_U1/fn1_ap_dadd_5_full_dsp_64_u/inst/i_synth/ADDSUB_OP.ADDSUB/LOGIC_SPEED.OP/OP/RESULT_REG.NORMAL.exp_op_reg[9]
  -------------------------------------------------------------------
                         required time                         10.951    
                         arrival time                          -9.364    
  -------------------------------------------------------------------
                         slack                                  1.587    

Slack (MET) :             1.682ns  (required time - arrival time)
  Source:                 bd_0_i/hls_inst/inst/dadd_64ns_64ns_64_7_full_dsp_1_U1/fn1_ap_dadd_5_full_dsp_64_u/inst/i_synth/ADDSUB_OP.ADDSUB/LOGIC_SPEED.OP/NORM/NORM_SHIFT/MUX_LOOP[2].DEL_SHIFT/i_pipe/opt_has_pipe.first_q_reg[54]/C
                            (rising edge-triggered cell FDRE clocked by ap_clk  {rise@0.000ns fall@5.000ns period=10.000ns})
  Destination:            bd_0_i/hls_inst/inst/dadd_64ns_64ns_64_7_full_dsp_1_U1/fn1_ap_dadd_5_full_dsp_64_u/inst/i_synth/ADDSUB_OP.ADDSUB/LOGIC_SPEED.OP/OP/RESULT_REG.NORMAL.exp_op_reg[10]/D
                            (rising edge-triggered cell FDRE clocked by ap_clk  {rise@0.000ns fall@5.000ns period=10.000ns})
  Path Group:             ap_clk
  Path Type:              Setup (Max at Slow Process Corner)
  Requirement:            10.000ns  (ap_clk rise@10.000ns - ap_clk rise@0.000ns)
  Data Path Delay:        8.296ns  (logic 4.574ns (55.136%)  route 3.722ns (44.864%))
  Logic Levels:           8  (CARRY4=4 DSP48E1=1 LUT3=2 LUT5=1)
  Clock Path Skew:        -0.049ns (DCD - SCD + CPR)
    Destination Clock Delay (DCD):    0.924ns = ( 10.924 - 10.000 ) 
    Source Clock Delay      (SCD):    0.973ns
    Clock Pessimism Removal (CPR):    0.000ns
  Clock Uncertainty:      0.035ns  ((TSJ^2 + TIJ^2)^1/2 + DJ) / 2 + PE
    Total System Jitter     (TSJ):    0.071ns
    Total Input Jitter      (TIJ):    0.000ns
    Discrete Jitter          (DJ):    0.000ns
    Phase Error              (PE):    0.000ns

    Location             Delay type                Incr(ns)  Path(ns)    Netlist Resource(s)
  -------------------------------------------------------------------    -------------------
                         (clock ap_clk rise edge)     0.000     0.000 r  
                                                      0.000     0.000 r  ap_clk (IN)
                         net (fo=7792, unset)         0.973     0.973    bd_0_i/hls_inst/inst/dadd_64ns_64ns_64_7_full_dsp_1_U1/fn1_ap_dadd_5_full_dsp_64_u/inst/i_synth/ADDSUB_OP.ADDSUB/LOGIC_SPEED.OP/NORM/NORM_SHIFT/MUX_LOOP[2].DEL_SHIFT/i_pipe/aclk
    SLICE_X27Y52         FDRE                                         r  bd_0_i/hls_inst/inst/dadd_64ns_64ns_64_7_full_dsp_1_U1/fn1_ap_dadd_5_full_dsp_64_u/inst/i_synth/ADDSUB_OP.ADDSUB/LOGIC_SPEED.OP/NORM/NORM_SHIFT/MUX_LOOP[2].DEL_SHIFT/i_pipe/opt_has_pipe.first_q_reg[54]/C
  -------------------------------------------------------------------    -------------------
    SLICE_X27Y52         FDRE (Prop_fdre_C_Q)         0.456     1.429 r  bd_0_i/hls_inst/inst/dadd_64ns_64ns_64_7_full_dsp_1_U1/fn1_ap_dadd_5_full_dsp_64_u/inst/i_synth/ADDSUB_OP.ADDSUB/LOGIC_SPEED.OP/NORM/NORM_SHIFT/MUX_LOOP[2].DEL_SHIFT/i_pipe/opt_has_pipe.first_q_reg[54]/Q
                         net (fo=1, routed)           1.057     2.486    bd_0_i/hls_inst/inst/dadd_64ns_64ns_64_7_full_dsp_1_U1/fn1_ap_dadd_5_full_dsp_64_u/inst/i_synth/ADDSUB_OP.ADDSUB/LOGIC_SPEED.OP/NORM/NORM_SHIFT/MUX_LOOP[2].DEL_SHIFT/i_pipe/part_norm_mant_ext[3]
    SLICE_X20Y45         LUT3 (Prop_lut3_I0_O)        0.124     2.610 r  bd_0_i/hls_inst/inst/dadd_64ns_64ns_64_7_full_dsp_1_U1/fn1_ap_dadd_5_full_dsp_64_u/inst/i_synth/ADDSUB_OP.ADDSUB/LOGIC_SPEED.OP/NORM/NORM_SHIFT/MUX_LOOP[2].DEL_SHIFT/i_pipe/CHAIN_GEN[0].C_MUX.CARRY_MUX_i_3/O
                         net (fo=1, routed)           0.379     2.989    bd_0_i/hls_inst/inst/dadd_64ns_64ns_64_7_full_dsp_1_U1/fn1_ap_dadd_5_full_dsp_64_u/inst/i_synth/ADDSUB_OP.ADDSUB/LOGIC_SPEED.OP/NORM/ROUND/RND_BIT_GEN/NORM_1_OR_0.STRUCT_REQ.SPECIAL.RND_CHAIN/i_no_versal_es1_workaround.DSP
    SLICE_X20Y45         CARRY4 (Prop_carry4_CYINIT_CO[0])
                                                      0.561     3.550 r  bd_0_i/hls_inst/inst/dadd_64ns_64ns_64_7_full_dsp_1_U1/fn1_ap_dadd_5_full_dsp_64_u/inst/i_synth/ADDSUB_OP.ADDSUB/LOGIC_SPEED.OP/NORM/ROUND/RND_BIT_GEN/NORM_1_OR_0.STRUCT_REQ.SPECIAL.RND_CHAIN/CHAIN_GEN[0].C_MUX.CARRY_MUX_CARRY4/CO[0]
                         net (fo=1, routed)           0.380     3.931    bd_0_i/hls_inst/inst/dadd_64ns_64ns_64_7_full_dsp_1_U1/fn1_ap_dadd_5_full_dsp_64_u/inst/i_synth/ADDSUB_OP.ADDSUB/LOGIC_SPEED.OP/NORM/ROUND/DSP48_E1.DSP48E1_ADD.DSP48E1_ADD/B[0]
    DSP48_X1Y18          DSP48E1 (Prop_dsp48e1_B[1]_P[47])
                                                      2.300     6.231 r  bd_0_i/hls_inst/inst/dadd_64ns_64ns_64_7_full_dsp_1_U1/fn1_ap_dadd_5_full_dsp_64_u/inst/i_synth/ADDSUB_OP.ADDSUB/LOGIC_SPEED.OP/NORM/ROUND/DSP48_E1.DSP48E1_ADD.DSP48E1_ADD/i_no_versal_es1_workaround.DSP/P[47]
                         net (fo=7, routed)           1.165     7.396    bd_0_i/hls_inst/inst/dadd_64ns_64ns_64_7_full_dsp_1_U1/fn1_ap_dadd_5_full_dsp_64_u/inst/i_synth/ADDSUB_OP.ADDSUB/LOGIC_SPEED.OP/NORM/ROUND/DSP48_E1.DSP_LOGIC_ADDERS.RND_1/P[0]
    SLICE_X27Y54         LUT3 (Prop_lut3_I1_O)        0.124     7.520 r  bd_0_i/hls_inst/inst/dadd_64ns_64ns_64_7_full_dsp_1_U1/fn1_ap_dadd_5_full_dsp_64_u/inst/i_synth/ADDSUB_OP.ADDSUB/LOGIC_SPEED.OP/NORM/ROUND/DSP48_E1.DSP_LOGIC_ADDERS.RND_1/RESULT_REG.NORMAL.exp_op[3]_i_7/O
                         net (fo=1, routed)           0.740     8.260    bd_0_i/hls_inst/inst/dadd_64ns_64ns_64_7_full_dsp_1_U1/fn1_ap_dadd_5_full_dsp_64_u/inst/i_synth/ADDSUB_OP.ADDSUB/LOGIC_SPEED.OP/EXP/STATE_DELAY/i_pipe/RESULT_REG.NORMAL.exp_op_reg[3]
    SLICE_X27Y63         LUT5 (Prop_lut5_I3_O)        0.124     8.384 r  bd_0_i/hls_inst/inst/dadd_64ns_64ns_64_7_full_dsp_1_U1/fn1_ap_dadd_5_full_dsp_64_u/inst/i_synth/ADDSUB_OP.ADDSUB/LOGIC_SPEED.OP/EXP/STATE_DELAY/i_pipe/RESULT_REG.NORMAL.exp_op[3]_i_6/O
                         net (fo=1, routed)           0.000     8.384    bd_0_i/hls_inst/inst/dadd_64ns_64ns_64_7_full_dsp_1_U1/fn1_ap_dadd_5_full_dsp_64_u/inst/i_synth/ADDSUB_OP.ADDSUB/LOGIC_SPEED.OP/EXP/STATE_DELAY/i_pipe/RESULT_REG.NORMAL.exp_op[3]_i_6_n_0
    SLICE_X27Y63         CARRY4 (Prop_carry4_S[0]_CO[3])
                                                      0.532     8.916 r  bd_0_i/hls_inst/inst/dadd_64ns_64ns_64_7_full_dsp_1_U1/fn1_ap_dadd_5_full_dsp_64_u/inst/i_synth/ADDSUB_OP.ADDSUB/LOGIC_SPEED.OP/EXP/STATE_DELAY/i_pipe/RESULT_REG.NORMAL.exp_op_reg[3]_i_1/CO[3]
                         net (fo=1, routed)           0.000     8.916    bd_0_i/hls_inst/inst/dadd_64ns_64ns_64_7_full_dsp_1_U1/fn1_ap_dadd_5_full_dsp_64_u/inst/i_synth/ADDSUB_OP.ADDSUB/LOGIC_SPEED.OP/EXP/STATE_DELAY/i_pipe/RESULT_REG.NORMAL.exp_op_reg[3]_i_1_n_0
    SLICE_X27Y64         CARRY4 (Prop_carry4_CI_CO[3])
                                                      0.114     9.030 r  bd_0_i/hls_inst/inst/dadd_64ns_64ns_64_7_full_dsp_1_U1/fn1_ap_dadd_5_full_dsp_64_u/inst/i_synth/ADDSUB_OP.ADDSUB/LOGIC_SPEED.OP/EXP/STATE_DELAY/i_pipe/RESULT_REG.NORMAL.exp_op_reg[7]_i_1/CO[3]
                         net (fo=1, routed)           0.000     9.030    bd_0_i/hls_inst/inst/dadd_64ns_64ns_64_7_full_dsp_1_U1/fn1_ap_dadd_5_full_dsp_64_u/inst/i_synth/ADDSUB_OP.ADDSUB/LOGIC_SPEED.OP/EXP/STATE_DELAY/i_pipe/RESULT_REG.NORMAL.exp_op_reg[7]_i_1_n_0
    SLICE_X27Y65         CARRY4 (Prop_carry4_CI_O[2])
                                                      0.239     9.269 r  bd_0_i/hls_inst/inst/dadd_64ns_64ns_64_7_full_dsp_1_U1/fn1_ap_dadd_5_full_dsp_64_u/inst/i_synth/ADDSUB_OP.ADDSUB/LOGIC_SPEED.OP/EXP/STATE_DELAY/i_pipe/RESULT_REG.NORMAL.exp_op_reg[10]_i_1/O[2]
                         net (fo=1, routed)           0.000     9.269    bd_0_i/hls_inst/inst/dadd_64ns_64ns_64_7_full_dsp_1_U1/fn1_ap_dadd_5_full_dsp_64_u/inst/i_synth/ADDSUB_OP.ADDSUB/LOGIC_SPEED.OP/OP/exp_pre_op[10]
    SLICE_X27Y65         FDRE                                         r  bd_0_i/hls_inst/inst/dadd_64ns_64ns_64_7_full_dsp_1_U1/fn1_ap_dadd_5_full_dsp_64_u/inst/i_synth/ADDSUB_OP.ADDSUB/LOGIC_SPEED.OP/OP/RESULT_REG.NORMAL.exp_op_reg[10]/D
  -------------------------------------------------------------------    -------------------

                         (clock ap_clk rise edge)    10.000    10.000 r  
                                                      0.000    10.000 r  ap_clk (IN)
                         net (fo=7792, unset)         0.924    10.924    bd_0_i/hls_inst/inst/dadd_64ns_64ns_64_7_full_dsp_1_U1/fn1_ap_dadd_5_full_dsp_64_u/inst/i_synth/ADDSUB_OP.ADDSUB/LOGIC_SPEED.OP/OP/aclk
    SLICE_X27Y65         FDRE                                         r  bd_0_i/hls_inst/inst/dadd_64ns_64ns_64_7_full_dsp_1_U1/fn1_ap_dadd_5_full_dsp_64_u/inst/i_synth/ADDSUB_OP.ADDSUB/LOGIC_SPEED.OP/OP/RESULT_REG.NORMAL.exp_op_reg[10]/C
                         clock pessimism              0.000    10.924    
                         clock uncertainty           -0.035    10.889    
    SLICE_X27Y65         FDRE (Setup_fdre_C_D)        0.062    10.951    bd_0_i/hls_inst/inst/dadd_64ns_64ns_64_7_full_dsp_1_U1/fn1_ap_dadd_5_full_dsp_64_u/inst/i_synth/ADDSUB_OP.ADDSUB/LOGIC_SPEED.OP/OP/RESULT_REG.NORMAL.exp_op_reg[10]
  -------------------------------------------------------------------
                         required time                         10.951    
                         arrival time                          -9.269    
  -------------------------------------------------------------------
                         slack                                  1.682    

Slack (MET) :             1.698ns  (required time - arrival time)
  Source:                 bd_0_i/hls_inst/inst/dadd_64ns_64ns_64_7_full_dsp_1_U1/fn1_ap_dadd_5_full_dsp_64_u/inst/i_synth/ADDSUB_OP.ADDSUB/LOGIC_SPEED.OP/NORM/NORM_SHIFT/MUX_LOOP[2].DEL_SHIFT/i_pipe/opt_has_pipe.first_q_reg[54]/C
                            (rising edge-triggered cell FDRE clocked by ap_clk  {rise@0.000ns fall@5.000ns period=10.000ns})
  Destination:            bd_0_i/hls_inst/inst/dadd_64ns_64ns_64_7_full_dsp_1_U1/fn1_ap_dadd_5_full_dsp_64_u/inst/i_synth/ADDSUB_OP.ADDSUB/LOGIC_SPEED.OP/OP/RESULT_REG.NORMAL.exp_op_reg[8]/D
                            (rising edge-triggered cell FDRE clocked by ap_clk  {rise@0.000ns fall@5.000ns period=10.000ns})
  Path Group:             ap_clk
  Path Type:              Setup (Max at Slow Process Corner)
  Requirement:            10.000ns  (ap_clk rise@10.000ns - ap_clk rise@0.000ns)
  Data Path Delay:        8.280ns  (logic 4.558ns (55.049%)  route 3.722ns (44.951%))
  Logic Levels:           8  (CARRY4=4 DSP48E1=1 LUT3=2 LUT5=1)
  Clock Path Skew:        -0.049ns (DCD - SCD + CPR)
    Destination Clock Delay (DCD):    0.924ns = ( 10.924 - 10.000 ) 
    Source Clock Delay      (SCD):    0.973ns
    Clock Pessimism Removal (CPR):    0.000ns
  Clock Uncertainty:      0.035ns  ((TSJ^2 + TIJ^2)^1/2 + DJ) / 2 + PE
    Total System Jitter     (TSJ):    0.071ns
    Total Input Jitter      (TIJ):    0.000ns
    Discrete Jitter          (DJ):    0.000ns
    Phase Error              (PE):    0.000ns

    Location             Delay type                Incr(ns)  Path(ns)    Netlist Resource(s)
  -------------------------------------------------------------------    -------------------
                         (clock ap_clk rise edge)     0.000     0.000 r  
                                                      0.000     0.000 r  ap_clk (IN)
                         net (fo=7792, unset)         0.973     0.973    bd_0_i/hls_inst/inst/dadd_64ns_64ns_64_7_full_dsp_1_U1/fn1_ap_dadd_5_full_dsp_64_u/inst/i_synth/ADDSUB_OP.ADDSUB/LOGIC_SPEED.OP/NORM/NORM_SHIFT/MUX_LOOP[2].DEL_SHIFT/i_pipe/aclk
    SLICE_X27Y52         FDRE                                         r  bd_0_i/hls_inst/inst/dadd_64ns_64ns_64_7_full_dsp_1_U1/fn1_ap_dadd_5_full_dsp_64_u/inst/i_synth/ADDSUB_OP.ADDSUB/LOGIC_SPEED.OP/NORM/NORM_SHIFT/MUX_LOOP[2].DEL_SHIFT/i_pipe/opt_has_pipe.first_q_reg[54]/C
  -------------------------------------------------------------------    -------------------
    SLICE_X27Y52         FDRE (Prop_fdre_C_Q)         0.456     1.429 r  bd_0_i/hls_inst/inst/dadd_64ns_64ns_64_7_full_dsp_1_U1/fn1_ap_dadd_5_full_dsp_64_u/inst/i_synth/ADDSUB_OP.ADDSUB/LOGIC_SPEED.OP/NORM/NORM_SHIFT/MUX_LOOP[2].DEL_SHIFT/i_pipe/opt_has_pipe.first_q_reg[54]/Q
                         net (fo=1, routed)           1.057     2.486    bd_0_i/hls_inst/inst/dadd_64ns_64ns_64_7_full_dsp_1_U1/fn1_ap_dadd_5_full_dsp_64_u/inst/i_synth/ADDSUB_OP.ADDSUB/LOGIC_SPEED.OP/NORM/NORM_SHIFT/MUX_LOOP[2].DEL_SHIFT/i_pipe/part_norm_mant_ext[3]
    SLICE_X20Y45         LUT3 (Prop_lut3_I0_O)        0.124     2.610 r  bd_0_i/hls_inst/inst/dadd_64ns_64ns_64_7_full_dsp_1_U1/fn1_ap_dadd_5_full_dsp_64_u/inst/i_synth/ADDSUB_OP.ADDSUB/LOGIC_SPEED.OP/NORM/NORM_SHIFT/MUX_LOOP[2].DEL_SHIFT/i_pipe/CHAIN_GEN[0].C_MUX.CARRY_MUX_i_3/O
                         net (fo=1, routed)           0.379     2.989    bd_0_i/hls_inst/inst/dadd_64ns_64ns_64_7_full_dsp_1_U1/fn1_ap_dadd_5_full_dsp_64_u/inst/i_synth/ADDSUB_OP.ADDSUB/LOGIC_SPEED.OP/NORM/ROUND/RND_BIT_GEN/NORM_1_OR_0.STRUCT_REQ.SPECIAL.RND_CHAIN/i_no_versal_es1_workaround.DSP
    SLICE_X20Y45         CARRY4 (Prop_carry4_CYINIT_CO[0])
                                                      0.561     3.550 r  bd_0_i/hls_inst/inst/dadd_64ns_64ns_64_7_full_dsp_1_U1/fn1_ap_dadd_5_full_dsp_64_u/inst/i_synth/ADDSUB_OP.ADDSUB/LOGIC_SPEED.OP/NORM/ROUND/RND_BIT_GEN/NORM_1_OR_0.STRUCT_REQ.SPECIAL.RND_CHAIN/CHAIN_GEN[0].C_MUX.CARRY_MUX_CARRY4/CO[0]
                         net (fo=1, routed)           0.380     3.931    bd_0_i/hls_inst/inst/dadd_64ns_64ns_64_7_full_dsp_1_U1/fn1_ap_dadd_5_full_dsp_64_u/inst/i_synth/ADDSUB_OP.ADDSUB/LOGIC_SPEED.OP/NORM/ROUND/DSP48_E1.DSP48E1_ADD.DSP48E1_ADD/B[0]
    DSP48_X1Y18          DSP48E1 (Prop_dsp48e1_B[1]_P[47])
                                                      2.300     6.231 r  bd_0_i/hls_inst/inst/dadd_64ns_64ns_64_7_full_dsp_1_U1/fn1_ap_dadd_5_full_dsp_64_u/inst/i_synth/ADDSUB_OP.ADDSUB/LOGIC_SPEED.OP/NORM/ROUND/DSP48_E1.DSP48E1_ADD.DSP48E1_ADD/i_no_versal_es1_workaround.DSP/P[47]
                         net (fo=7, routed)           1.165     7.396    bd_0_i/hls_inst/inst/dadd_64ns_64ns_64_7_full_dsp_1_U1/fn1_ap_dadd_5_full_dsp_64_u/inst/i_synth/ADDSUB_OP.ADDSUB/LOGIC_SPEED.OP/NORM/ROUND/DSP48_E1.DSP_LOGIC_ADDERS.RND_1/P[0]
    SLICE_X27Y54         LUT3 (Prop_lut3_I1_O)        0.124     7.520 r  bd_0_i/hls_inst/inst/dadd_64ns_64ns_64_7_full_dsp_1_U1/fn1_ap_dadd_5_full_dsp_64_u/inst/i_synth/ADDSUB_OP.ADDSUB/LOGIC_SPEED.OP/NORM/ROUND/DSP48_E1.DSP_LOGIC_ADDERS.RND_1/RESULT_REG.NORMAL.exp_op[3]_i_7/O
                         net (fo=1, routed)           0.740     8.260    bd_0_i/hls_inst/inst/dadd_64ns_64ns_64_7_full_dsp_1_U1/fn1_ap_dadd_5_full_dsp_64_u/inst/i_synth/ADDSUB_OP.ADDSUB/LOGIC_SPEED.OP/EXP/STATE_DELAY/i_pipe/RESULT_REG.NORMAL.exp_op_reg[3]
    SLICE_X27Y63         LUT5 (Prop_lut5_I3_O)        0.124     8.384 r  bd_0_i/hls_inst/inst/dadd_64ns_64ns_64_7_full_dsp_1_U1/fn1_ap_dadd_5_full_dsp_64_u/inst/i_synth/ADDSUB_OP.ADDSUB/LOGIC_SPEED.OP/EXP/STATE_DELAY/i_pipe/RESULT_REG.NORMAL.exp_op[3]_i_6/O
                         net (fo=1, routed)           0.000     8.384    bd_0_i/hls_inst/inst/dadd_64ns_64ns_64_7_full_dsp_1_U1/fn1_ap_dadd_5_full_dsp_64_u/inst/i_synth/ADDSUB_OP.ADDSUB/LOGIC_SPEED.OP/EXP/STATE_DELAY/i_pipe/RESULT_REG.NORMAL.exp_op[3]_i_6_n_0
    SLICE_X27Y63         CARRY4 (Prop_carry4_S[0]_CO[3])
                                                      0.532     8.916 r  bd_0_i/hls_inst/inst/dadd_64ns_64ns_64_7_full_dsp_1_U1/fn1_ap_dadd_5_full_dsp_64_u/inst/i_synth/ADDSUB_OP.ADDSUB/LOGIC_SPEED.OP/EXP/STATE_DELAY/i_pipe/RESULT_REG.NORMAL.exp_op_reg[3]_i_1/CO[3]
                         net (fo=1, routed)           0.000     8.916    bd_0_i/hls_inst/inst/dadd_64ns_64ns_64_7_full_dsp_1_U1/fn1_ap_dadd_5_full_dsp_64_u/inst/i_synth/ADDSUB_OP.ADDSUB/LOGIC_SPEED.OP/EXP/STATE_DELAY/i_pipe/RESULT_REG.NORMAL.exp_op_reg[3]_i_1_n_0
    SLICE_X27Y64         CARRY4 (Prop_carry4_CI_CO[3])
                                                      0.114     9.030 r  bd_0_i/hls_inst/inst/dadd_64ns_64ns_64_7_full_dsp_1_U1/fn1_ap_dadd_5_full_dsp_64_u/inst/i_synth/ADDSUB_OP.ADDSUB/LOGIC_SPEED.OP/EXP/STATE_DELAY/i_pipe/RESULT_REG.NORMAL.exp_op_reg[7]_i_1/CO[3]
                         net (fo=1, routed)           0.000     9.030    bd_0_i/hls_inst/inst/dadd_64ns_64ns_64_7_full_dsp_1_U1/fn1_ap_dadd_5_full_dsp_64_u/inst/i_synth/ADDSUB_OP.ADDSUB/LOGIC_SPEED.OP/EXP/STATE_DELAY/i_pipe/RESULT_REG.NORMAL.exp_op_reg[7]_i_1_n_0
    SLICE_X27Y65         CARRY4 (Prop_carry4_CI_O[0])
                                                      0.223     9.253 r  bd_0_i/hls_inst/inst/dadd_64ns_64ns_64_7_full_dsp_1_U1/fn1_ap_dadd_5_full_dsp_64_u/inst/i_synth/ADDSUB_OP.ADDSUB/LOGIC_SPEED.OP/EXP/STATE_DELAY/i_pipe/RESULT_REG.NORMAL.exp_op_reg[10]_i_1/O[0]
                         net (fo=1, routed)           0.000     9.253    bd_0_i/hls_inst/inst/dadd_64ns_64ns_64_7_full_dsp_1_U1/fn1_ap_dadd_5_full_dsp_64_u/inst/i_synth/ADDSUB_OP.ADDSUB/LOGIC_SPEED.OP/OP/exp_pre_op[8]
    SLICE_X27Y65         FDRE                                         r  bd_0_i/hls_inst/inst/dadd_64ns_64ns_64_7_full_dsp_1_U1/fn1_ap_dadd_5_full_dsp_64_u/inst/i_synth/ADDSUB_OP.ADDSUB/LOGIC_SPEED.OP/OP/RESULT_REG.NORMAL.exp_op_reg[8]/D
  -------------------------------------------------------------------    -------------------

                         (clock ap_clk rise edge)    10.000    10.000 r  
                                                      0.000    10.000 r  ap_clk (IN)
                         net (fo=7792, unset)         0.924    10.924    bd_0_i/hls_inst/inst/dadd_64ns_64ns_64_7_full_dsp_1_U1/fn1_ap_dadd_5_full_dsp_64_u/inst/i_synth/ADDSUB_OP.ADDSUB/LOGIC_SPEED.OP/OP/aclk
    SLICE_X27Y65         FDRE                                         r  bd_0_i/hls_inst/inst/dadd_64ns_64ns_64_7_full_dsp_1_U1/fn1_ap_dadd_5_full_dsp_64_u/inst/i_synth/ADDSUB_OP.ADDSUB/LOGIC_SPEED.OP/OP/RESULT_REG.NORMAL.exp_op_reg[8]/C
                         clock pessimism              0.000    10.924    
                         clock uncertainty           -0.035    10.889    
    SLICE_X27Y65         FDRE (Setup_fdre_C_D)        0.062    10.951    bd_0_i/hls_inst/inst/dadd_64ns_64ns_64_7_full_dsp_1_U1/fn1_ap_dadd_5_full_dsp_64_u/inst/i_synth/ADDSUB_OP.ADDSUB/LOGIC_SPEED.OP/OP/RESULT_REG.NORMAL.exp_op_reg[8]
  -------------------------------------------------------------------
                         required time                         10.951    
                         arrival time                          -9.253    
  -------------------------------------------------------------------
                         slack                                  1.698    

Slack (MET) :             1.701ns  (required time - arrival time)
  Source:                 bd_0_i/hls_inst/inst/dadd_64ns_64ns_64_7_full_dsp_1_U1/fn1_ap_dadd_5_full_dsp_64_u/inst/i_synth/ADDSUB_OP.ADDSUB/LOGIC_SPEED.OP/NORM/NORM_SHIFT/MUX_LOOP[2].DEL_SHIFT/i_pipe/opt_has_pipe.first_q_reg[54]/C
                            (rising edge-triggered cell FDRE clocked by ap_clk  {rise@0.000ns fall@5.000ns period=10.000ns})
  Destination:            bd_0_i/hls_inst/inst/dadd_64ns_64ns_64_7_full_dsp_1_U1/fn1_ap_dadd_5_full_dsp_64_u/inst/i_synth/ADDSUB_OP.ADDSUB/LOGIC_SPEED.OP/OP/RESULT_REG.NORMAL.exp_op_reg[5]/D
                            (rising edge-triggered cell FDRE clocked by ap_clk  {rise@0.000ns fall@5.000ns period=10.000ns})
  Path Group:             ap_clk
  Path Type:              Setup (Max at Slow Process Corner)
  Requirement:            10.000ns  (ap_clk rise@10.000ns - ap_clk rise@0.000ns)
  Data Path Delay:        8.277ns  (logic 4.555ns (55.033%)  route 3.722ns (44.967%))
  Logic Levels:           7  (CARRY4=3 DSP48E1=1 LUT3=2 LUT5=1)
  Clock Path Skew:        -0.049ns (DCD - SCD + CPR)
    Destination Clock Delay (DCD):    0.924ns = ( 10.924 - 10.000 ) 
    Source Clock Delay      (SCD):    0.973ns
    Clock Pessimism Removal (CPR):    0.000ns
  Clock Uncertainty:      0.035ns  ((TSJ^2 + TIJ^2)^1/2 + DJ) / 2 + PE
    Total System Jitter     (TSJ):    0.071ns
    Total Input Jitter      (TIJ):    0.000ns
    Discrete Jitter          (DJ):    0.000ns
    Phase Error              (PE):    0.000ns

    Location             Delay type                Incr(ns)  Path(ns)    Netlist Resource(s)
  -------------------------------------------------------------------    -------------------
                         (clock ap_clk rise edge)     0.000     0.000 r  
                                                      0.000     0.000 r  ap_clk (IN)
                         net (fo=7792, unset)         0.973     0.973    bd_0_i/hls_inst/inst/dadd_64ns_64ns_64_7_full_dsp_1_U1/fn1_ap_dadd_5_full_dsp_64_u/inst/i_synth/ADDSUB_OP.ADDSUB/LOGIC_SPEED.OP/NORM/NORM_SHIFT/MUX_LOOP[2].DEL_SHIFT/i_pipe/aclk
    SLICE_X27Y52         FDRE                                         r  bd_0_i/hls_inst/inst/dadd_64ns_64ns_64_7_full_dsp_1_U1/fn1_ap_dadd_5_full_dsp_64_u/inst/i_synth/ADDSUB_OP.ADDSUB/LOGIC_SPEED.OP/NORM/NORM_SHIFT/MUX_LOOP[2].DEL_SHIFT/i_pipe/opt_has_pipe.first_q_reg[54]/C
  -------------------------------------------------------------------    -------------------
    SLICE_X27Y52         FDRE (Prop_fdre_C_Q)         0.456     1.429 r  bd_0_i/hls_inst/inst/dadd_64ns_64ns_64_7_full_dsp_1_U1/fn1_ap_dadd_5_full_dsp_64_u/inst/i_synth/ADDSUB_OP.ADDSUB/LOGIC_SPEED.OP/NORM/NORM_SHIFT/MUX_LOOP[2].DEL_SHIFT/i_pipe/opt_has_pipe.first_q_reg[54]/Q
                         net (fo=1, routed)           1.057     2.486    bd_0_i/hls_inst/inst/dadd_64ns_64ns_64_7_full_dsp_1_U1/fn1_ap_dadd_5_full_dsp_64_u/inst/i_synth/ADDSUB_OP.ADDSUB/LOGIC_SPEED.OP/NORM/NORM_SHIFT/MUX_LOOP[2].DEL_SHIFT/i_pipe/part_norm_mant_ext[3]
    SLICE_X20Y45         LUT3 (Prop_lut3_I0_O)        0.124     2.610 r  bd_0_i/hls_inst/inst/dadd_64ns_64ns_64_7_full_dsp_1_U1/fn1_ap_dadd_5_full_dsp_64_u/inst/i_synth/ADDSUB_OP.ADDSUB/LOGIC_SPEED.OP/NORM/NORM_SHIFT/MUX_LOOP[2].DEL_SHIFT/i_pipe/CHAIN_GEN[0].C_MUX.CARRY_MUX_i_3/O
                         net (fo=1, routed)           0.379     2.989    bd_0_i/hls_inst/inst/dadd_64ns_64ns_64_7_full_dsp_1_U1/fn1_ap_dadd_5_full_dsp_64_u/inst/i_synth/ADDSUB_OP.ADDSUB/LOGIC_SPEED.OP/NORM/ROUND/RND_BIT_GEN/NORM_1_OR_0.STRUCT_REQ.SPECIAL.RND_CHAIN/i_no_versal_es1_workaround.DSP
    SLICE_X20Y45         CARRY4 (Prop_carry4_CYINIT_CO[0])
                                                      0.561     3.550 r  bd_0_i/hls_inst/inst/dadd_64ns_64ns_64_7_full_dsp_1_U1/fn1_ap_dadd_5_full_dsp_64_u/inst/i_synth/ADDSUB_OP.ADDSUB/LOGIC_SPEED.OP/NORM/ROUND/RND_BIT_GEN/NORM_1_OR_0.STRUCT_REQ.SPECIAL.RND_CHAIN/CHAIN_GEN[0].C_MUX.CARRY_MUX_CARRY4/CO[0]
                         net (fo=1, routed)           0.380     3.931    bd_0_i/hls_inst/inst/dadd_64ns_64ns_64_7_full_dsp_1_U1/fn1_ap_dadd_5_full_dsp_64_u/inst/i_synth/ADDSUB_OP.ADDSUB/LOGIC_SPEED.OP/NORM/ROUND/DSP48_E1.DSP48E1_ADD.DSP48E1_ADD/B[0]
    DSP48_X1Y18          DSP48E1 (Prop_dsp48e1_B[1]_P[47])
                                                      2.300     6.231 r  bd_0_i/hls_inst/inst/dadd_64ns_64ns_64_7_full_dsp_1_U1/fn1_ap_dadd_5_full_dsp_64_u/inst/i_synth/ADDSUB_OP.ADDSUB/LOGIC_SPEED.OP/NORM/ROUND/DSP48_E1.DSP48E1_ADD.DSP48E1_ADD/i_no_versal_es1_workaround.DSP/P[47]
                         net (fo=7, routed)           1.165     7.396    bd_0_i/hls_inst/inst/dadd_64ns_64ns_64_7_full_dsp_1_U1/fn1_ap_dadd_5_full_dsp_64_u/inst/i_synth/ADDSUB_OP.ADDSUB/LOGIC_SPEED.OP/NORM/ROUND/DSP48_E1.DSP_LOGIC_ADDERS.RND_1/P[0]
    SLICE_X27Y54         LUT3 (Prop_lut3_I1_O)        0.124     7.520 r  bd_0_i/hls_inst/inst/dadd_64ns_64ns_64_7_full_dsp_1_U1/fn1_ap_dadd_5_full_dsp_64_u/inst/i_synth/ADDSUB_OP.ADDSUB/LOGIC_SPEED.OP/NORM/ROUND/DSP48_E1.DSP_LOGIC_ADDERS.RND_1/RESULT_REG.NORMAL.exp_op[3]_i_7/O
                         net (fo=1, routed)           0.740     8.260    bd_0_i/hls_inst/inst/dadd_64ns_64ns_64_7_full_dsp_1_U1/fn1_ap_dadd_5_full_dsp_64_u/inst/i_synth/ADDSUB_OP.ADDSUB/LOGIC_SPEED.OP/EXP/STATE_DELAY/i_pipe/RESULT_REG.NORMAL.exp_op_reg[3]
    SLICE_X27Y63         LUT5 (Prop_lut5_I3_O)        0.124     8.384 r  bd_0_i/hls_inst/inst/dadd_64ns_64ns_64_7_full_dsp_1_U1/fn1_ap_dadd_5_full_dsp_64_u/inst/i_synth/ADDSUB_OP.ADDSUB/LOGIC_SPEED.OP/EXP/STATE_DELAY/i_pipe/RESULT_REG.NORMAL.exp_op[3]_i_6/O
                         net (fo=1, routed)           0.000     8.384    bd_0_i/hls_inst/inst/dadd_64ns_64ns_64_7_full_dsp_1_U1/fn1_ap_dadd_5_full_dsp_64_u/inst/i_synth/ADDSUB_OP.ADDSUB/LOGIC_SPEED.OP/EXP/STATE_DELAY/i_pipe/RESULT_REG.NORMAL.exp_op[3]_i_6_n_0
    SLICE_X27Y63         CARRY4 (Prop_carry4_S[0]_CO[3])
                                                      0.532     8.916 r  bd_0_i/hls_inst/inst/dadd_64ns_64ns_64_7_full_dsp_1_U1/fn1_ap_dadd_5_full_dsp_64_u/inst/i_synth/ADDSUB_OP.ADDSUB/LOGIC_SPEED.OP/EXP/STATE_DELAY/i_pipe/RESULT_REG.NORMAL.exp_op_reg[3]_i_1/CO[3]
                         net (fo=1, routed)           0.000     8.916    bd_0_i/hls_inst/inst/dadd_64ns_64ns_64_7_full_dsp_1_U1/fn1_ap_dadd_5_full_dsp_64_u/inst/i_synth/ADDSUB_OP.ADDSUB/LOGIC_SPEED.OP/EXP/STATE_DELAY/i_pipe/RESULT_REG.NORMAL.exp_op_reg[3]_i_1_n_0
    SLICE_X27Y64         CARRY4 (Prop_carry4_CI_O[1])
                                                      0.334     9.250 r  bd_0_i/hls_inst/inst/dadd_64ns_64ns_64_7_full_dsp_1_U1/fn1_ap_dadd_5_full_dsp_64_u/inst/i_synth/ADDSUB_OP.ADDSUB/LOGIC_SPEED.OP/EXP/STATE_DELAY/i_pipe/RESULT_REG.NORMAL.exp_op_reg[7]_i_1/O[1]
                         net (fo=1, routed)           0.000     9.250    bd_0_i/hls_inst/inst/dadd_64ns_64ns_64_7_full_dsp_1_U1/fn1_ap_dadd_5_full_dsp_64_u/inst/i_synth/ADDSUB_OP.ADDSUB/LOGIC_SPEED.OP/OP/exp_pre_op[5]
    SLICE_X27Y64         FDRE                                         r  bd_0_i/hls_inst/inst/dadd_64ns_64ns_64_7_full_dsp_1_U1/fn1_ap_dadd_5_full_dsp_64_u/inst/i_synth/ADDSUB_OP.ADDSUB/LOGIC_SPEED.OP/OP/RESULT_REG.NORMAL.exp_op_reg[5]/D
  -------------------------------------------------------------------    -------------------

                         (clock ap_clk rise edge)    10.000    10.000 r  
                                                      0.000    10.000 r  ap_clk (IN)
                         net (fo=7792, unset)         0.924    10.924    bd_0_i/hls_inst/inst/dadd_64ns_64ns_64_7_full_dsp_1_U1/fn1_ap_dadd_5_full_dsp_64_u/inst/i_synth/ADDSUB_OP.ADDSUB/LOGIC_SPEED.OP/OP/aclk
    SLICE_X27Y64         FDRE                                         r  bd_0_i/hls_inst/inst/dadd_64ns_64ns_64_7_full_dsp_1_U1/fn1_ap_dadd_5_full_dsp_64_u/inst/i_synth/ADDSUB_OP.ADDSUB/LOGIC_SPEED.OP/OP/RESULT_REG.NORMAL.exp_op_reg[5]/C
                         clock pessimism              0.000    10.924    
                         clock uncertainty           -0.035    10.889    
    SLICE_X27Y64         FDRE (Setup_fdre_C_D)        0.062    10.951    bd_0_i/hls_inst/inst/dadd_64ns_64ns_64_7_full_dsp_1_U1/fn1_ap_dadd_5_full_dsp_64_u/inst/i_synth/ADDSUB_OP.ADDSUB/LOGIC_SPEED.OP/OP/RESULT_REG.NORMAL.exp_op_reg[5]
  -------------------------------------------------------------------
                         required time                         10.951    
                         arrival time                          -9.250    
  -------------------------------------------------------------------
                         slack                                  1.701    

Slack (MET) :             1.722ns  (required time - arrival time)
  Source:                 bd_0_i/hls_inst/inst/dadd_64ns_64ns_64_7_full_dsp_1_U1/fn1_ap_dadd_5_full_dsp_64_u/inst/i_synth/ADDSUB_OP.ADDSUB/LOGIC_SPEED.OP/NORM/NORM_SHIFT/MUX_LOOP[2].DEL_SHIFT/i_pipe/opt_has_pipe.first_q_reg[54]/C
                            (rising edge-triggered cell FDRE clocked by ap_clk  {rise@0.000ns fall@5.000ns period=10.000ns})
  Destination:            bd_0_i/hls_inst/inst/dadd_64ns_64ns_64_7_full_dsp_1_U1/fn1_ap_dadd_5_full_dsp_64_u/inst/i_synth/ADDSUB_OP.ADDSUB/LOGIC_SPEED.OP/OP/RESULT_REG.NORMAL.exp_op_reg[7]/D
                            (rising edge-triggered cell FDRE clocked by ap_clk  {rise@0.000ns fall@5.000ns period=10.000ns})
  Path Group:             ap_clk
  Path Type:              Setup (Max at Slow Process Corner)
  Requirement:            10.000ns  (ap_clk rise@10.000ns - ap_clk rise@0.000ns)
  Data Path Delay:        8.256ns  (logic 4.534ns (54.919%)  route 3.722ns (45.081%))
  Logic Levels:           7  (CARRY4=3 DSP48E1=1 LUT3=2 LUT5=1)
  Clock Path Skew:        -0.049ns (DCD - SCD + CPR)
    Destination Clock Delay (DCD):    0.924ns = ( 10.924 - 10.000 ) 
    Source Clock Delay      (SCD):    0.973ns
    Clock Pessimism Removal (CPR):    0.000ns
  Clock Uncertainty:      0.035ns  ((TSJ^2 + TIJ^2)^1/2 + DJ) / 2 + PE
    Total System Jitter     (TSJ):    0.071ns
    Total Input Jitter      (TIJ):    0.000ns
    Discrete Jitter          (DJ):    0.000ns
    Phase Error              (PE):    0.000ns

    Location             Delay type                Incr(ns)  Path(ns)    Netlist Resource(s)
  -------------------------------------------------------------------    -------------------
                         (clock ap_clk rise edge)     0.000     0.000 r  
                                                      0.000     0.000 r  ap_clk (IN)
                         net (fo=7792, unset)         0.973     0.973    bd_0_i/hls_inst/inst/dadd_64ns_64ns_64_7_full_dsp_1_U1/fn1_ap_dadd_5_full_dsp_64_u/inst/i_synth/ADDSUB_OP.ADDSUB/LOGIC_SPEED.OP/NORM/NORM_SHIFT/MUX_LOOP[2].DEL_SHIFT/i_pipe/aclk
    SLICE_X27Y52         FDRE                                         r  bd_0_i/hls_inst/inst/dadd_64ns_64ns_64_7_full_dsp_1_U1/fn1_ap_dadd_5_full_dsp_64_u/inst/i_synth/ADDSUB_OP.ADDSUB/LOGIC_SPEED.OP/NORM/NORM_SHIFT/MUX_LOOP[2].DEL_SHIFT/i_pipe/opt_has_pipe.first_q_reg[54]/C
  -------------------------------------------------------------------    -------------------
    SLICE_X27Y52         FDRE (Prop_fdre_C_Q)         0.456     1.429 r  bd_0_i/hls_inst/inst/dadd_64ns_64ns_64_7_full_dsp_1_U1/fn1_ap_dadd_5_full_dsp_64_u/inst/i_synth/ADDSUB_OP.ADDSUB/LOGIC_SPEED.OP/NORM/NORM_SHIFT/MUX_LOOP[2].DEL_SHIFT/i_pipe/opt_has_pipe.first_q_reg[54]/Q
                         net (fo=1, routed)           1.057     2.486    bd_0_i/hls_inst/inst/dadd_64ns_64ns_64_7_full_dsp_1_U1/fn1_ap_dadd_5_full_dsp_64_u/inst/i_synth/ADDSUB_OP.ADDSUB/LOGIC_SPEED.OP/NORM/NORM_SHIFT/MUX_LOOP[2].DEL_SHIFT/i_pipe/part_norm_mant_ext[3]
    SLICE_X20Y45         LUT3 (Prop_lut3_I0_O)        0.124     2.610 r  bd_0_i/hls_inst/inst/dadd_64ns_64ns_64_7_full_dsp_1_U1/fn1_ap_dadd_5_full_dsp_64_u/inst/i_synth/ADDSUB_OP.ADDSUB/LOGIC_SPEED.OP/NORM/NORM_SHIFT/MUX_LOOP[2].DEL_SHIFT/i_pipe/CHAIN_GEN[0].C_MUX.CARRY_MUX_i_3/O
                         net (fo=1, routed)           0.379     2.989    bd_0_i/hls_inst/inst/dadd_64ns_64ns_64_7_full_dsp_1_U1/fn1_ap_dadd_5_full_dsp_64_u/inst/i_synth/ADDSUB_OP.ADDSUB/LOGIC_SPEED.OP/NORM/ROUND/RND_BIT_GEN/NORM_1_OR_0.STRUCT_REQ.SPECIAL.RND_CHAIN/i_no_versal_es1_workaround.DSP
    SLICE_X20Y45         CARRY4 (Prop_carry4_CYINIT_CO[0])
                                                      0.561     3.550 r  bd_0_i/hls_inst/inst/dadd_64ns_64ns_64_7_full_dsp_1_U1/fn1_ap_dadd_5_full_dsp_64_u/inst/i_synth/ADDSUB_OP.ADDSUB/LOGIC_SPEED.OP/NORM/ROUND/RND_BIT_GEN/NORM_1_OR_0.STRUCT_REQ.SPECIAL.RND_CHAIN/CHAIN_GEN[0].C_MUX.CARRY_MUX_CARRY4/CO[0]
                         net (fo=1, routed)           0.380     3.931    bd_0_i/hls_inst/inst/dadd_64ns_64ns_64_7_full_dsp_1_U1/fn1_ap_dadd_5_full_dsp_64_u/inst/i_synth/ADDSUB_OP.ADDSUB/LOGIC_SPEED.OP/NORM/ROUND/DSP48_E1.DSP48E1_ADD.DSP48E1_ADD/B[0]
    DSP48_X1Y18          DSP48E1 (Prop_dsp48e1_B[1]_P[47])
                                                      2.300     6.231 r  bd_0_i/hls_inst/inst/dadd_64ns_64ns_64_7_full_dsp_1_U1/fn1_ap_dadd_5_full_dsp_64_u/inst/i_synth/ADDSUB_OP.ADDSUB/LOGIC_SPEED.OP/NORM/ROUND/DSP48_E1.DSP48E1_ADD.DSP48E1_ADD/i_no_versal_es1_workaround.DSP/P[47]
                         net (fo=7, routed)           1.165     7.396    bd_0_i/hls_inst/inst/dadd_64ns_64ns_64_7_full_dsp_1_U1/fn1_ap_dadd_5_full_dsp_64_u/inst/i_synth/ADDSUB_OP.ADDSUB/LOGIC_SPEED.OP/NORM/ROUND/DSP48_E1.DSP_LOGIC_ADDERS.RND_1/P[0]
    SLICE_X27Y54         LUT3 (Prop_lut3_I1_O)        0.124     7.520 r  bd_0_i/hls_inst/inst/dadd_64ns_64ns_64_7_full_dsp_1_U1/fn1_ap_dadd_5_full_dsp_64_u/inst/i_synth/ADDSUB_OP.ADDSUB/LOGIC_SPEED.OP/NORM/ROUND/DSP48_E1.DSP_LOGIC_ADDERS.RND_1/RESULT_REG.NORMAL.exp_op[3]_i_7/O
                         net (fo=1, routed)           0.740     8.260    bd_0_i/hls_inst/inst/dadd_64ns_64ns_64_7_full_dsp_1_U1/fn1_ap_dadd_5_full_dsp_64_u/inst/i_synth/ADDSUB_OP.ADDSUB/LOGIC_SPEED.OP/EXP/STATE_DELAY/i_pipe/RESULT_REG.NORMAL.exp_op_reg[3]
    SLICE_X27Y63         LUT5 (Prop_lut5_I3_O)        0.124     8.384 r  bd_0_i/hls_inst/inst/dadd_64ns_64ns_64_7_full_dsp_1_U1/fn1_ap_dadd_5_full_dsp_64_u/inst/i_synth/ADDSUB_OP.ADDSUB/LOGIC_SPEED.OP/EXP/STATE_DELAY/i_pipe/RESULT_REG.NORMAL.exp_op[3]_i_6/O
                         net (fo=1, routed)           0.000     8.384    bd_0_i/hls_inst/inst/dadd_64ns_64ns_64_7_full_dsp_1_U1/fn1_ap_dadd_5_full_dsp_64_u/inst/i_synth/ADDSUB_OP.ADDSUB/LOGIC_SPEED.OP/EXP/STATE_DELAY/i_pipe/RESULT_REG.NORMAL.exp_op[3]_i_6_n_0
    SLICE_X27Y63         CARRY4 (Prop_carry4_S[0]_CO[3])
                                                      0.532     8.916 r  bd_0_i/hls_inst/inst/dadd_64ns_64ns_64_7_full_dsp_1_U1/fn1_ap_dadd_5_full_dsp_64_u/inst/i_synth/ADDSUB_OP.ADDSUB/LOGIC_SPEED.OP/EXP/STATE_DELAY/i_pipe/RESULT_REG.NORMAL.exp_op_reg[3]_i_1/CO[3]
                         net (fo=1, routed)           0.000     8.916    bd_0_i/hls_inst/inst/dadd_64ns_64ns_64_7_full_dsp_1_U1/fn1_ap_dadd_5_full_dsp_64_u/inst/i_synth/ADDSUB_OP.ADDSUB/LOGIC_SPEED.OP/EXP/STATE_DELAY/i_pipe/RESULT_REG.NORMAL.exp_op_reg[3]_i_1_n_0
    SLICE_X27Y64         CARRY4 (Prop_carry4_CI_O[3])
                                                      0.313     9.229 r  bd_0_i/hls_inst/inst/dadd_64ns_64ns_64_7_full_dsp_1_U1/fn1_ap_dadd_5_full_dsp_64_u/inst/i_synth/ADDSUB_OP.ADDSUB/LOGIC_SPEED.OP/EXP/STATE_DELAY/i_pipe/RESULT_REG.NORMAL.exp_op_reg[7]_i_1/O[3]
                         net (fo=1, routed)           0.000     9.229    bd_0_i/hls_inst/inst/dadd_64ns_64ns_64_7_full_dsp_1_U1/fn1_ap_dadd_5_full_dsp_64_u/inst/i_synth/ADDSUB_OP.ADDSUB/LOGIC_SPEED.OP/OP/exp_pre_op[7]
    SLICE_X27Y64         FDRE                                         r  bd_0_i/hls_inst/inst/dadd_64ns_64ns_64_7_full_dsp_1_U1/fn1_ap_dadd_5_full_dsp_64_u/inst/i_synth/ADDSUB_OP.ADDSUB/LOGIC_SPEED.OP/OP/RESULT_REG.NORMAL.exp_op_reg[7]/D
  -------------------------------------------------------------------    -------------------

                         (clock ap_clk rise edge)    10.000    10.000 r  
                                                      0.000    10.000 r  ap_clk (IN)
                         net (fo=7792, unset)         0.924    10.924    bd_0_i/hls_inst/inst/dadd_64ns_64ns_64_7_full_dsp_1_U1/fn1_ap_dadd_5_full_dsp_64_u/inst/i_synth/ADDSUB_OP.ADDSUB/LOGIC_SPEED.OP/OP/aclk
    SLICE_X27Y64         FDRE                                         r  bd_0_i/hls_inst/inst/dadd_64ns_64ns_64_7_full_dsp_1_U1/fn1_ap_dadd_5_full_dsp_64_u/inst/i_synth/ADDSUB_OP.ADDSUB/LOGIC_SPEED.OP/OP/RESULT_REG.NORMAL.exp_op_reg[7]/C
                         clock pessimism              0.000    10.924    
                         clock uncertainty           -0.035    10.889    
    SLICE_X27Y64         FDRE (Setup_fdre_C_D)        0.062    10.951    bd_0_i/hls_inst/inst/dadd_64ns_64ns_64_7_full_dsp_1_U1/fn1_ap_dadd_5_full_dsp_64_u/inst/i_synth/ADDSUB_OP.ADDSUB/LOGIC_SPEED.OP/OP/RESULT_REG.NORMAL.exp_op_reg[7]
  -------------------------------------------------------------------
                         required time                         10.951    
                         arrival time                          -9.229    
  -------------------------------------------------------------------
                         slack                                  1.722    

Slack (MET) :             1.795ns  (required time - arrival time)
  Source:                 bd_0_i/hls_inst/inst/dmul_64ns_64ns_64_7_max_dsp_1_U2/din0_buf1_reg[5]/C
                            (rising edge-triggered cell FDRE clocked by ap_clk  {rise@0.000ns fall@5.000ns period=10.000ns})
  Destination:            bd_0_i/hls_inst/inst/dmul_64ns_64ns_64_7_max_dsp_1_U2/fn1_ap_dmul_5_max_dsp_64_u/inst/i_synth/MULT.OP/i_non_prim.MULT/DSP48E1_SPD_DBL_VARIANT.FIX_MULT/DSP1/i_no_versal_es1_workaround.DSP/PCIN[0]
                            (rising edge-triggered cell DSP48E1 clocked by ap_clk  {rise@0.000ns fall@5.000ns period=10.000ns})
  Path Group:             ap_clk
  Path Type:              Setup (Max at Slow Process Corner)
  Requirement:            10.000ns  (ap_clk rise@10.000ns - ap_clk rise@0.000ns)
  Data Path Delay:        6.721ns  (logic 4.691ns (69.792%)  route 2.030ns (30.208%))
  Logic Levels:           1  (DSP48E1=1)
  Clock Path Skew:        -0.049ns (DCD - SCD + CPR)
    Destination Clock Delay (DCD):    0.924ns = ( 10.924 - 10.000 ) 
    Source Clock Delay      (SCD):    0.973ns
    Clock Pessimism Removal (CPR):    0.000ns
  Clock Uncertainty:      0.035ns  ((TSJ^2 + TIJ^2)^1/2 + DJ) / 2 + PE
    Total System Jitter     (TSJ):    0.071ns
    Total Input Jitter      (TIJ):    0.000ns
    Discrete Jitter          (DJ):    0.000ns
    Phase Error              (PE):    0.000ns

    Location             Delay type                Incr(ns)  Path(ns)    Netlist Resource(s)
  -------------------------------------------------------------------    -------------------
                         (clock ap_clk rise edge)     0.000     0.000 r  
                                                      0.000     0.000 r  ap_clk (IN)
                         net (fo=7792, unset)         0.973     0.973    bd_0_i/hls_inst/inst/dmul_64ns_64ns_64_7_max_dsp_1_U2/ap_clk
    SLICE_X54Y59         FDRE                                         r  bd_0_i/hls_inst/inst/dmul_64ns_64ns_64_7_max_dsp_1_U2/din0_buf1_reg[5]/C
  -------------------------------------------------------------------    -------------------
    SLICE_X54Y59         FDRE (Prop_fdre_C_Q)         0.478     1.451 r  bd_0_i/hls_inst/inst/dmul_64ns_64ns_64_7_max_dsp_1_U2/din0_buf1_reg[5]/Q
                         net (fo=4, routed)           1.975     3.426    bd_0_i/hls_inst/inst/dmul_64ns_64ns_64_7_max_dsp_1_U2/fn1_ap_dmul_5_max_dsp_64_u/inst/i_synth/MULT.OP/i_non_prim.MULT/DSP48E1_SPD_DBL_VARIANT.FIX_MULT/DSP0/s_axis_a_tdata[5]
    DSP48_X2Y9           DSP48E1 (Prop_dsp48e1_A[5]_PCOUT[0])
                                                      4.213     7.639 r  bd_0_i/hls_inst/inst/dmul_64ns_64ns_64_7_max_dsp_1_U2/fn1_ap_dmul_5_max_dsp_64_u/inst/i_synth/MULT.OP/i_non_prim.MULT/DSP48E1_SPD_DBL_VARIANT.FIX_MULT/DSP0/i_no_versal_es1_workaround.DSP/PCOUT[0]
                         net (fo=1, routed)           0.056     7.694    bd_0_i/hls_inst/inst/dmul_64ns_64ns_64_7_max_dsp_1_U2/fn1_ap_dmul_5_max_dsp_64_u/inst/i_synth/MULT.OP/i_non_prim.MULT/DSP48E1_SPD_DBL_VARIANT.FIX_MULT/DSP1/i_no_versal_es1_workaround.DSP_0[0]
    DSP48_X2Y10          DSP48E1                                      r  bd_0_i/hls_inst/inst/dmul_64ns_64ns_64_7_max_dsp_1_U2/fn1_ap_dmul_5_max_dsp_64_u/inst/i_synth/MULT.OP/i_non_prim.MULT/DSP48E1_SPD_DBL_VARIANT.FIX_MULT/DSP1/i_no_versal_es1_workaround.DSP/PCIN[0]
  -------------------------------------------------------------------    -------------------

                         (clock ap_clk rise edge)    10.000    10.000 r  
                                                      0.000    10.000 r  ap_clk (IN)
                         net (fo=7792, unset)         0.924    10.924    bd_0_i/hls_inst/inst/dmul_64ns_64ns_64_7_max_dsp_1_U2/fn1_ap_dmul_5_max_dsp_64_u/inst/i_synth/MULT.OP/i_non_prim.MULT/DSP48E1_SPD_DBL_VARIANT.FIX_MULT/DSP1/aclk
    DSP48_X2Y10          DSP48E1                                      r  bd_0_i/hls_inst/inst/dmul_64ns_64ns_64_7_max_dsp_1_U2/fn1_ap_dmul_5_max_dsp_64_u/inst/i_synth/MULT.OP/i_non_prim.MULT/DSP48E1_SPD_DBL_VARIANT.FIX_MULT/DSP1/i_no_versal_es1_workaround.DSP/CLK
                         clock pessimism              0.000    10.924    
                         clock uncertainty           -0.035    10.889    
    DSP48_X2Y10          DSP48E1 (Setup_dsp48e1_CLK_PCIN[0])
                                                     -1.400     9.489    bd_0_i/hls_inst/inst/dmul_64ns_64ns_64_7_max_dsp_1_U2/fn1_ap_dmul_5_max_dsp_64_u/inst/i_synth/MULT.OP/i_non_prim.MULT/DSP48E1_SPD_DBL_VARIANT.FIX_MULT/DSP1/i_no_versal_es1_workaround.DSP
  -------------------------------------------------------------------
                         required time                          9.489    
                         arrival time                          -7.694    
  -------------------------------------------------------------------
                         slack                                  1.795    

Slack (MET) :             1.795ns  (required time - arrival time)
  Source:                 bd_0_i/hls_inst/inst/dmul_64ns_64ns_64_7_max_dsp_1_U2/din0_buf1_reg[5]/C
                            (rising edge-triggered cell FDRE clocked by ap_clk  {rise@0.000ns fall@5.000ns period=10.000ns})
  Destination:            bd_0_i/hls_inst/inst/dmul_64ns_64ns_64_7_max_dsp_1_U2/fn1_ap_dmul_5_max_dsp_64_u/inst/i_synth/MULT.OP/i_non_prim.MULT/DSP48E1_SPD_DBL_VARIANT.FIX_MULT/DSP1/i_no_versal_es1_workaround.DSP/PCIN[10]
                            (rising edge-triggered cell DSP48E1 clocked by ap_clk  {rise@0.000ns fall@5.000ns period=10.000ns})
  Path Group:             ap_clk
  Path Type:              Setup (Max at Slow Process Corner)
  Requirement:            10.000ns  (ap_clk rise@10.000ns - ap_clk rise@0.000ns)
  Data Path Delay:        6.721ns  (logic 4.691ns (69.792%)  route 2.030ns (30.208%))
  Logic Levels:           1  (DSP48E1=1)
  Clock Path Skew:        -0.049ns (DCD - SCD + CPR)
    Destination Clock Delay (DCD):    0.924ns = ( 10.924 - 10.000 ) 
    Source Clock Delay      (SCD):    0.973ns
    Clock Pessimism Removal (CPR):    0.000ns
  Clock Uncertainty:      0.035ns  ((TSJ^2 + TIJ^2)^1/2 + DJ) / 2 + PE
    Total System Jitter     (TSJ):    0.071ns
    Total Input Jitter      (TIJ):    0.000ns
    Discrete Jitter          (DJ):    0.000ns
    Phase Error              (PE):    0.000ns

    Location             Delay type                Incr(ns)  Path(ns)    Netlist Resource(s)
  -------------------------------------------------------------------    -------------------
                         (clock ap_clk rise edge)     0.000     0.000 r  
                                                      0.000     0.000 r  ap_clk (IN)
                         net (fo=7792, unset)         0.973     0.973    bd_0_i/hls_inst/inst/dmul_64ns_64ns_64_7_max_dsp_1_U2/ap_clk
    SLICE_X54Y59         FDRE                                         r  bd_0_i/hls_inst/inst/dmul_64ns_64ns_64_7_max_dsp_1_U2/din0_buf1_reg[5]/C
  -------------------------------------------------------------------    -------------------
    SLICE_X54Y59         FDRE (Prop_fdre_C_Q)         0.478     1.451 r  bd_0_i/hls_inst/inst/dmul_64ns_64ns_64_7_max_dsp_1_U2/din0_buf1_reg[5]/Q
                         net (fo=4, routed)           1.975     3.426    bd_0_i/hls_inst/inst/dmul_64ns_64ns_64_7_max_dsp_1_U2/fn1_ap_dmul_5_max_dsp_64_u/inst/i_synth/MULT.OP/i_non_prim.MULT/DSP48E1_SPD_DBL_VARIANT.FIX_MULT/DSP0/s_axis_a_tdata[5]
    DSP48_X2Y9           DSP48E1 (Prop_dsp48e1_A[5]_PCOUT[10])
                                                      4.213     7.639 r  bd_0_i/hls_inst/inst/dmul_64ns_64ns_64_7_max_dsp_1_U2/fn1_ap_dmul_5_max_dsp_64_u/inst/i_synth/MULT.OP/i_non_prim.MULT/DSP48E1_SPD_DBL_VARIANT.FIX_MULT/DSP0/i_no_versal_es1_workaround.DSP/PCOUT[10]
                         net (fo=1, routed)           0.056     7.694    bd_0_i/hls_inst/inst/dmul_64ns_64ns_64_7_max_dsp_1_U2/fn1_ap_dmul_5_max_dsp_64_u/inst/i_synth/MULT.OP/i_non_prim.MULT/DSP48E1_SPD_DBL_VARIANT.FIX_MULT/DSP1/i_no_versal_es1_workaround.DSP_0[10]
    DSP48_X2Y10          DSP48E1                                      r  bd_0_i/hls_inst/inst/dmul_64ns_64ns_64_7_max_dsp_1_U2/fn1_ap_dmul_5_max_dsp_64_u/inst/i_synth/MULT.OP/i_non_prim.MULT/DSP48E1_SPD_DBL_VARIANT.FIX_MULT/DSP1/i_no_versal_es1_workaround.DSP/PCIN[10]
  -------------------------------------------------------------------    -------------------

                         (clock ap_clk rise edge)    10.000    10.000 r  
                                                      0.000    10.000 r  ap_clk (IN)
                         net (fo=7792, unset)         0.924    10.924    bd_0_i/hls_inst/inst/dmul_64ns_64ns_64_7_max_dsp_1_U2/fn1_ap_dmul_5_max_dsp_64_u/inst/i_synth/MULT.OP/i_non_prim.MULT/DSP48E1_SPD_DBL_VARIANT.FIX_MULT/DSP1/aclk
    DSP48_X2Y10          DSP48E1                                      r  bd_0_i/hls_inst/inst/dmul_64ns_64ns_64_7_max_dsp_1_U2/fn1_ap_dmul_5_max_dsp_64_u/inst/i_synth/MULT.OP/i_non_prim.MULT/DSP48E1_SPD_DBL_VARIANT.FIX_MULT/DSP1/i_no_versal_es1_workaround.DSP/CLK
                         clock pessimism              0.000    10.924    
                         clock uncertainty           -0.035    10.889    
    DSP48_X2Y10          DSP48E1 (Setup_dsp48e1_CLK_PCIN[10])
                                                     -1.400     9.489    bd_0_i/hls_inst/inst/dmul_64ns_64ns_64_7_max_dsp_1_U2/fn1_ap_dmul_5_max_dsp_64_u/inst/i_synth/MULT.OP/i_non_prim.MULT/DSP48E1_SPD_DBL_VARIANT.FIX_MULT/DSP1/i_no_versal_es1_workaround.DSP
  -------------------------------------------------------------------
                         required time                          9.489    
                         arrival time                          -7.694    
  -------------------------------------------------------------------
                         slack                                  1.795    

Slack (MET) :             1.795ns  (required time - arrival time)
  Source:                 bd_0_i/hls_inst/inst/dmul_64ns_64ns_64_7_max_dsp_1_U2/din0_buf1_reg[5]/C
                            (rising edge-triggered cell FDRE clocked by ap_clk  {rise@0.000ns fall@5.000ns period=10.000ns})
  Destination:            bd_0_i/hls_inst/inst/dmul_64ns_64ns_64_7_max_dsp_1_U2/fn1_ap_dmul_5_max_dsp_64_u/inst/i_synth/MULT.OP/i_non_prim.MULT/DSP48E1_SPD_DBL_VARIANT.FIX_MULT/DSP1/i_no_versal_es1_workaround.DSP/PCIN[11]
                            (rising edge-triggered cell DSP48E1 clocked by ap_clk  {rise@0.000ns fall@5.000ns period=10.000ns})
  Path Group:             ap_clk
  Path Type:              Setup (Max at Slow Process Corner)
  Requirement:            10.000ns  (ap_clk rise@10.000ns - ap_clk rise@0.000ns)
  Data Path Delay:        6.721ns  (logic 4.691ns (69.792%)  route 2.030ns (30.208%))
  Logic Levels:           1  (DSP48E1=1)
  Clock Path Skew:        -0.049ns (DCD - SCD + CPR)
    Destination Clock Delay (DCD):    0.924ns = ( 10.924 - 10.000 ) 
    Source Clock Delay      (SCD):    0.973ns
    Clock Pessimism Removal (CPR):    0.000ns
  Clock Uncertainty:      0.035ns  ((TSJ^2 + TIJ^2)^1/2 + DJ) / 2 + PE
    Total System Jitter     (TSJ):    0.071ns
    Total Input Jitter      (TIJ):    0.000ns
    Discrete Jitter          (DJ):    0.000ns
    Phase Error              (PE):    0.000ns

    Location             Delay type                Incr(ns)  Path(ns)    Netlist Resource(s)
  -------------------------------------------------------------------    -------------------
                         (clock ap_clk rise edge)     0.000     0.000 r  
                                                      0.000     0.000 r  ap_clk (IN)
                         net (fo=7792, unset)         0.973     0.973    bd_0_i/hls_inst/inst/dmul_64ns_64ns_64_7_max_dsp_1_U2/ap_clk
    SLICE_X54Y59         FDRE                                         r  bd_0_i/hls_inst/inst/dmul_64ns_64ns_64_7_max_dsp_1_U2/din0_buf1_reg[5]/C
  -------------------------------------------------------------------    -------------------
    SLICE_X54Y59         FDRE (Prop_fdre_C_Q)         0.478     1.451 r  bd_0_i/hls_inst/inst/dmul_64ns_64ns_64_7_max_dsp_1_U2/din0_buf1_reg[5]/Q
                         net (fo=4, routed)           1.975     3.426    bd_0_i/hls_inst/inst/dmul_64ns_64ns_64_7_max_dsp_1_U2/fn1_ap_dmul_5_max_dsp_64_u/inst/i_synth/MULT.OP/i_non_prim.MULT/DSP48E1_SPD_DBL_VARIANT.FIX_MULT/DSP0/s_axis_a_tdata[5]
    DSP48_X2Y9           DSP48E1 (Prop_dsp48e1_A[5]_PCOUT[11])
                                                      4.213     7.639 r  bd_0_i/hls_inst/inst/dmul_64ns_64ns_64_7_max_dsp_1_U2/fn1_ap_dmul_5_max_dsp_64_u/inst/i_synth/MULT.OP/i_non_prim.MULT/DSP48E1_SPD_DBL_VARIANT.FIX_MULT/DSP0/i_no_versal_es1_workaround.DSP/PCOUT[11]
                         net (fo=1, routed)           0.056     7.694    bd_0_i/hls_inst/inst/dmul_64ns_64ns_64_7_max_dsp_1_U2/fn1_ap_dmul_5_max_dsp_64_u/inst/i_synth/MULT.OP/i_non_prim.MULT/DSP48E1_SPD_DBL_VARIANT.FIX_MULT/DSP1/i_no_versal_es1_workaround.DSP_0[11]
    DSP48_X2Y10          DSP48E1                                      r  bd_0_i/hls_inst/inst/dmul_64ns_64ns_64_7_max_dsp_1_U2/fn1_ap_dmul_5_max_dsp_64_u/inst/i_synth/MULT.OP/i_non_prim.MULT/DSP48E1_SPD_DBL_VARIANT.FIX_MULT/DSP1/i_no_versal_es1_workaround.DSP/PCIN[11]
  -------------------------------------------------------------------    -------------------

                         (clock ap_clk rise edge)    10.000    10.000 r  
                                                      0.000    10.000 r  ap_clk (IN)
                         net (fo=7792, unset)         0.924    10.924    bd_0_i/hls_inst/inst/dmul_64ns_64ns_64_7_max_dsp_1_U2/fn1_ap_dmul_5_max_dsp_64_u/inst/i_synth/MULT.OP/i_non_prim.MULT/DSP48E1_SPD_DBL_VARIANT.FIX_MULT/DSP1/aclk
    DSP48_X2Y10          DSP48E1                                      r  bd_0_i/hls_inst/inst/dmul_64ns_64ns_64_7_max_dsp_1_U2/fn1_ap_dmul_5_max_dsp_64_u/inst/i_synth/MULT.OP/i_non_prim.MULT/DSP48E1_SPD_DBL_VARIANT.FIX_MULT/DSP1/i_no_versal_es1_workaround.DSP/CLK
                         clock pessimism              0.000    10.924    
                         clock uncertainty           -0.035    10.889    
    DSP48_X2Y10          DSP48E1 (Setup_dsp48e1_CLK_PCIN[11])
                                                     -1.400     9.489    bd_0_i/hls_inst/inst/dmul_64ns_64ns_64_7_max_dsp_1_U2/fn1_ap_dmul_5_max_dsp_64_u/inst/i_synth/MULT.OP/i_non_prim.MULT/DSP48E1_SPD_DBL_VARIANT.FIX_MULT/DSP1/i_no_versal_es1_workaround.DSP
  -------------------------------------------------------------------
                         required time                          9.489    
                         arrival time                          -7.694    
  -------------------------------------------------------------------
                         slack                                  1.795    

Slack (MET) :             1.795ns  (required time - arrival time)
  Source:                 bd_0_i/hls_inst/inst/dmul_64ns_64ns_64_7_max_dsp_1_U2/din0_buf1_reg[5]/C
                            (rising edge-triggered cell FDRE clocked by ap_clk  {rise@0.000ns fall@5.000ns period=10.000ns})
  Destination:            bd_0_i/hls_inst/inst/dmul_64ns_64ns_64_7_max_dsp_1_U2/fn1_ap_dmul_5_max_dsp_64_u/inst/i_synth/MULT.OP/i_non_prim.MULT/DSP48E1_SPD_DBL_VARIANT.FIX_MULT/DSP1/i_no_versal_es1_workaround.DSP/PCIN[12]
                            (rising edge-triggered cell DSP48E1 clocked by ap_clk  {rise@0.000ns fall@5.000ns period=10.000ns})
  Path Group:             ap_clk
  Path Type:              Setup (Max at Slow Process Corner)
  Requirement:            10.000ns  (ap_clk rise@10.000ns - ap_clk rise@0.000ns)
  Data Path Delay:        6.721ns  (logic 4.691ns (69.792%)  route 2.030ns (30.208%))
  Logic Levels:           1  (DSP48E1=1)
  Clock Path Skew:        -0.049ns (DCD - SCD + CPR)
    Destination Clock Delay (DCD):    0.924ns = ( 10.924 - 10.000 ) 
    Source Clock Delay      (SCD):    0.973ns
    Clock Pessimism Removal (CPR):    0.000ns
  Clock Uncertainty:      0.035ns  ((TSJ^2 + TIJ^2)^1/2 + DJ) / 2 + PE
    Total System Jitter     (TSJ):    0.071ns
    Total Input Jitter      (TIJ):    0.000ns
    Discrete Jitter          (DJ):    0.000ns
    Phase Error              (PE):    0.000ns

    Location             Delay type                Incr(ns)  Path(ns)    Netlist Resource(s)
  -------------------------------------------------------------------    -------------------
                         (clock ap_clk rise edge)     0.000     0.000 r  
                                                      0.000     0.000 r  ap_clk (IN)
                         net (fo=7792, unset)         0.973     0.973    bd_0_i/hls_inst/inst/dmul_64ns_64ns_64_7_max_dsp_1_U2/ap_clk
    SLICE_X54Y59         FDRE                                         r  bd_0_i/hls_inst/inst/dmul_64ns_64ns_64_7_max_dsp_1_U2/din0_buf1_reg[5]/C
  -------------------------------------------------------------------    -------------------
    SLICE_X54Y59         FDRE (Prop_fdre_C_Q)         0.478     1.451 r  bd_0_i/hls_inst/inst/dmul_64ns_64ns_64_7_max_dsp_1_U2/din0_buf1_reg[5]/Q
                         net (fo=4, routed)           1.975     3.426    bd_0_i/hls_inst/inst/dmul_64ns_64ns_64_7_max_dsp_1_U2/fn1_ap_dmul_5_max_dsp_64_u/inst/i_synth/MULT.OP/i_non_prim.MULT/DSP48E1_SPD_DBL_VARIANT.FIX_MULT/DSP0/s_axis_a_tdata[5]
    DSP48_X2Y9           DSP48E1 (Prop_dsp48e1_A[5]_PCOUT[12])
                                                      4.213     7.639 r  bd_0_i/hls_inst/inst/dmul_64ns_64ns_64_7_max_dsp_1_U2/fn1_ap_dmul_5_max_dsp_64_u/inst/i_synth/MULT.OP/i_non_prim.MULT/DSP48E1_SPD_DBL_VARIANT.FIX_MULT/DSP0/i_no_versal_es1_workaround.DSP/PCOUT[12]
                         net (fo=1, routed)           0.056     7.694    bd_0_i/hls_inst/inst/dmul_64ns_64ns_64_7_max_dsp_1_U2/fn1_ap_dmul_5_max_dsp_64_u/inst/i_synth/MULT.OP/i_non_prim.MULT/DSP48E1_SPD_DBL_VARIANT.FIX_MULT/DSP1/i_no_versal_es1_workaround.DSP_0[12]
    DSP48_X2Y10          DSP48E1                                      r  bd_0_i/hls_inst/inst/dmul_64ns_64ns_64_7_max_dsp_1_U2/fn1_ap_dmul_5_max_dsp_64_u/inst/i_synth/MULT.OP/i_non_prim.MULT/DSP48E1_SPD_DBL_VARIANT.FIX_MULT/DSP1/i_no_versal_es1_workaround.DSP/PCIN[12]
  -------------------------------------------------------------------    -------------------

                         (clock ap_clk rise edge)    10.000    10.000 r  
                                                      0.000    10.000 r  ap_clk (IN)
                         net (fo=7792, unset)         0.924    10.924    bd_0_i/hls_inst/inst/dmul_64ns_64ns_64_7_max_dsp_1_U2/fn1_ap_dmul_5_max_dsp_64_u/inst/i_synth/MULT.OP/i_non_prim.MULT/DSP48E1_SPD_DBL_VARIANT.FIX_MULT/DSP1/aclk
    DSP48_X2Y10          DSP48E1                                      r  bd_0_i/hls_inst/inst/dmul_64ns_64ns_64_7_max_dsp_1_U2/fn1_ap_dmul_5_max_dsp_64_u/inst/i_synth/MULT.OP/i_non_prim.MULT/DSP48E1_SPD_DBL_VARIANT.FIX_MULT/DSP1/i_no_versal_es1_workaround.DSP/CLK
                         clock pessimism              0.000    10.924    
                         clock uncertainty           -0.035    10.889    
    DSP48_X2Y10          DSP48E1 (Setup_dsp48e1_CLK_PCIN[12])
                                                     -1.400     9.489    bd_0_i/hls_inst/inst/dmul_64ns_64ns_64_7_max_dsp_1_U2/fn1_ap_dmul_5_max_dsp_64_u/inst/i_synth/MULT.OP/i_non_prim.MULT/DSP48E1_SPD_DBL_VARIANT.FIX_MULT/DSP1/i_no_versal_es1_workaround.DSP
  -------------------------------------------------------------------
                         required time                          9.489    
                         arrival time                          -7.694    
  -------------------------------------------------------------------
                         slack                                  1.795    




