Copyright 1986-2020 Xilinx, Inc. All Rights Reserved.
-----------------------------------------------------------------------------------------
| Tool Version : Vivado v.2020.2 (lin64) Build 3064766 Wed Nov 18 09:12:47 MST 2020
| Date         : Fri Apr 30 12:06:53 2021
| Host         : seal-lambda running 64-bit Ubuntu 18.04.5 LTS
| Command      : report_control_sets -verbose -file bd_0_wrapper_control_sets_placed.rpt
| Design       : bd_0_wrapper
| Device       : xc7z020
-----------------------------------------------------------------------------------------

Control Set Information

Table of Contents
-----------------
1. Summary
2. Histogram
3. Flip-Flop Distribution
4. Detailed Control Set Information

1. Summary
----------

+----------------------------------------------------------+-------+
|                          Status                          | Count |
+----------------------------------------------------------+-------+
| Total control sets                                       |    27 |
|    Minimum number of control sets                        |    27 |
|    Addition due to synthesis replication                 |     0 |
|    Addition due to physical synthesis replication        |     0 |
| Unused register locations in slices containing registers |    98 |
+----------------------------------------------------------+-------+
* Control sets can be merged at opt_design using control_set_merge or merge_equivalent_drivers
** Run report_qor_suggestions for automated merging and remapping suggestions


2. Histogram
------------

+--------------------+-------+
|       Fanout       | Count |
+--------------------+-------+
| Total control sets |    27 |
| >= 0 to < 4        |     1 |
| >= 4 to < 6        |     2 |
| >= 6 to < 8        |     0 |
| >= 8 to < 10       |     2 |
| >= 10 to < 12      |     1 |
| >= 12 to < 14      |     1 |
| >= 14 to < 16      |     0 |
| >= 16              |    20 |
+--------------------+-------+
* Control sets can be remapped at either synth_design or opt_design


3. Flip-Flop Distribution
-------------------------

+--------------+-----------------------+------------------------+-----------------+--------------+
| Clock Enable | Synchronous Set/Reset | Asynchronous Set/Reset | Total Registers | Total Slices |
+--------------+-----------------------+------------------------+-----------------+--------------+
| No           | No                    | No                     |            6970 |         1371 |
| No           | No                    | Yes                    |               0 |            0 |
| No           | Yes                   | No                     |             545 |          152 |
| Yes          | No                    | No                     |             488 |          165 |
| Yes          | No                    | Yes                    |               0 |            0 |
| Yes          | Yes                   | No                     |              19 |           13 |
+--------------+-----------------------+------------------------+-----------------+--------------+


4. Detailed Control Set Information
-----------------------------------

+--------------+-------------------------------------------------------------------------------------------------------------------------------+------------------------------------------------------------------------------------------------------------------------------------------------------------------------------------------------------------------------------------+------------------+----------------+--------------+
| Clock Signal |                                                         Enable Signal                                                         |                                                                                                          Set/Reset Signal                                                                                                          | Slice Load Count | Bel Load Count | Bels / Slice |
+--------------+-------------------------------------------------------------------------------------------------------------------------------+------------------------------------------------------------------------------------------------------------------------------------------------------------------------------------------------------------------------------------+------------------+----------------+--------------+
|  ap_clk      |                                                                                                                               | bd_0_i/hls_inst/inst/ddiv_64ns_64ns_64_59_no_dsp_1_U2/fn1_ap_ddiv_57_no_dsp_64_u/inst/i_synth/DIV_OP.SPD.OP/EXP/STATE_DELAY/i_pipe/state_up[0]                                                                                     |                1 |              1 |         1.00 |
|  ap_clk      |                                                                                                                               | bd_0_i/hls_inst/inst/dadd_64ns_64ns_64_7_full_dsp_1_U1/fn1_ap_dadd_5_full_dsp_64_u/inst/i_synth/ADDSUB_OP.ADDSUB/LOGIC_SPEED.OP/EXP/BMA_EXP_DELAY/i_pipe/O[2]                                                                      |                2 |              4 |         2.00 |
|  ap_clk      |                                                                                                                               | bd_0_i/hls_inst/inst/dadd_64ns_64ns_64_7_full_dsp_1_U1/fn1_ap_dadd_5_full_dsp_64_u/inst/i_synth/ADDSUB_OP.ADDSUB/LOGIC_SPEED.OP/ALIGN_BLK/ALIGN_SHIFT/ALIGN_SHIFT/MUX_LOOP[1].DEL_SHIFT/i_pipe/opt_has_pipe.first_q[54]_i_1__1_n_0 |                2 |              4 |         2.00 |
|  ap_clk      |                                                                                                                               | bd_0_i/hls_inst/inst/dadd_64ns_64ns_64_7_full_dsp_1_U1/fn1_ap_dadd_5_full_dsp_64_u/inst/i_synth/ADDSUB_OP.ADDSUB/LOGIC_SPEED.OP/EXP/COND_DET_B/EXP_DET_LUT.EXP_ALL_ZERO_DEL/i_pipe/opt_has_pipe.first_q_reg[0]_0                   |                4 |              8 |         2.00 |
|  ap_clk      | bd_0_i/hls_inst/inst/srem_32ns_9ns_9_36_seq_1_U6/fn1_srem_32ns_9ns_9_36_seq_1_div_U/fn1_srem_32ns_9ns_9_36_seq_1_div_u_0/E[0] |                                                                                                                                                                                                                                    |                4 |              9 |         2.25 |
|  ap_clk      |                                                                                                                               | bd_0_i/hls_inst/inst/ddiv_64ns_64ns_64_59_no_dsp_1_U2/fn1_ap_ddiv_57_no_dsp_64_u/inst/i_synth/DIV_OP.SPD.OP/EXP/STATE_DEC_DELAY/i_pipe/opt_has_pipe.first_q_reg[13]_0[1]                                                           |                2 |             10 |         5.00 |
|  ap_clk      | bd_0_i/hls_inst/inst/ap_CS_fsm_state74                                                                                        |                                                                                                                                                                                                                                    |               12 |             12 |         1.00 |
|  ap_clk      | bd_0_i/hls_inst/inst/urem_64s_64s_16_68_seq_1_U7/fn1_urem_64s_64s_16_68_seq_1_div_U/fn1_urem_64s_64s_16_68_seq_1_div_u_0/E[0] |                                                                                                                                                                                                                                    |                3 |             16 |         5.33 |
|  ap_clk      | bd_0_i/hls_inst/inst/urem_64s_64s_16_68_seq_1_U7/fn1_urem_64s_64s_16_68_seq_1_div_U/start0                                    |                                                                                                                                                                                                                                    |                5 |             17 |         3.40 |
|  ap_clk      | bd_0_i/hls_inst/inst/ap_CS_fsm_state111                                                                                       |                                                                                                                                                                                                                                    |                7 |             17 |         2.43 |
|  ap_clk      | bd_0_i/hls_inst/inst/ap_CS_fsm_state74                                                                                        | bd_0_i/hls_inst/inst/val_reg_527[31]                                                                                                                                                                                               |               13 |             19 |         1.46 |
|  ap_clk      |                                                                                                                               | bd_0_i/hls_inst/inst/uitodp_32ns_64_6_no_dsp_1_U3/fn1_ap_uitodp_4_no_dsp_32_u/inst/i_synth/FIX_TO_FLT_OP.SPD.OP/EXP/ZERO_DELAY/i_pipe/opt_has_pipe.i_pipe[2].pipe_reg[2][0]_0                                                      |                7 |             27 |         3.86 |
|  ap_clk      |                                                                                                                               | bd_0_i/hls_inst/inst/sitodp_32ns_64_6_no_dsp_1_U4/fn1_ap_sitodp_4_no_dsp_32_u/inst/i_synth/FIX_TO_FLT_OP.SPD.OP/EXP/ZERO_DELAY/i_pipe/op_state[0]                                                                                  |                8 |             30 |         3.75 |
|  ap_clk      | bd_0_i/hls_inst/inst/ap_CS_fsm_state75                                                                                        |                                                                                                                                                                                                                                    |                8 |             32 |         4.00 |
|  ap_clk      | bd_0_i/hls_inst/inst/ap_CS_fsm_state2                                                                                         |                                                                                                                                                                                                                                    |               10 |             32 |         3.20 |
|  ap_clk      | bd_0_i/hls_inst/inst/srem_32ns_9ns_9_36_seq_1_U6/fn1_srem_32ns_9ns_9_36_seq_1_div_U/start0                                    |                                                                                                                                                                                                                                    |                8 |             33 |         4.12 |
|  ap_clk      | bd_0_i/hls_inst/inst/ap_CS_fsm_state7                                                                                         |                                                                                                                                                                                                                                    |               13 |             38 |         2.92 |
|  ap_clk      |                                                                                                                               | bd_0_i/hls_inst/inst/urem_64s_64s_16_68_seq_1_U7/fn1_urem_64s_64s_16_68_seq_1_div_U/fn1_urem_64s_64s_16_68_seq_1_div_u_0/dividend_tmp[63]_i_1_n_0                                                                                  |                7 |             47 |         6.71 |
|  ap_clk      | bd_0_i/hls_inst/inst/ap_CS_fsm_state181                                                                                       |                                                                                                                                                                                                                                    |               15 |             50 |         3.33 |
|  ap_clk      |                                                                                                                               | bd_0_i/hls_inst/inst/dadd_64ns_64ns_64_7_full_dsp_1_U1/fn1_ap_dadd_5_full_dsp_64_u/inst/i_synth/ADDSUB_OP.ADDSUB/LOGIC_SPEED.OP/EXP/STATE_DELAY/i_pipe/op_state[0]                                                                 |               16 |             51 |         3.19 |
|  ap_clk      |                                                                                                                               | bd_0_i/hls_inst/inst/ddiv_64ns_64ns_64_59_no_dsp_1_U2/fn1_ap_ddiv_57_no_dsp_64_u/inst/i_synth/DIV_OP.SPD.OP/EXP/STATE_DEC_DELAY/i_pipe/opt_has_pipe.first_q_reg[13]_0[3]                                                           |               14 |             51 |         3.64 |
|  ap_clk      | bd_0_i/hls_inst/inst/ap_CS_fsm_state3                                                                                         |                                                                                                                                                                                                                                    |               17 |             62 |         3.65 |
|  ap_clk      |                                                                                                                               | bd_0_i/hls_inst/inst/dadd_64ns_64ns_64_7_full_dsp_1_U1/din1_buf1[63]_i_1_n_0                                                                                                                                                       |               23 |             64 |         2.78 |
|  ap_clk      | bd_0_i/hls_inst/inst/reg_138[63]_i_1_n_0                                                                                      |                                                                                                                                                                                                                                    |               26 |             64 |         2.46 |
|  ap_clk      | bd_0_i/hls_inst/inst/ap_CS_fsm_state66                                                                                        |                                                                                                                                                                                                                                    |               37 |            106 |         2.86 |
|  ap_clk      |                                                                                                                               | ap_rst                                                                                                                                                                                                                             |               66 |            248 |         3.76 |
|  ap_clk      |                                                                                                                               |                                                                                                                                                                                                                                    |             1371 |           7089 |         5.17 |
+--------------+-------------------------------------------------------------------------------------------------------------------------------+------------------------------------------------------------------------------------------------------------------------------------------------------------------------------------------------------------------------------------+------------------+----------------+--------------+


