

================================================================
== Vitis HLS Report for 'fn1'
================================================================
* Date:           Sat May  1 02:10:58 2021

* Version:        2020.2 (Build 3064766 on Wed Nov 18 09:12:47 MST 2020)
* Project:        project_tmp
* Solution:       solution_tmp (Vivado IP Flow Target)
* Product family: zynq
* Target device:  xc7z020-clg484-1


================================================================
== Performance Estimates
================================================================
+ Timing: 
    * Summary: 
    +--------+----------+----------+------------+
    |  Clock |  Target  | Estimated| Uncertainty|
    +--------+----------+----------+------------+
    |ap_clk  |  10.00 ns|  5.340 ns|     2.70 ns|
    +--------+----------+----------+------------+

+ Latency: 
    * Summary: 
    +---------+---------+----------+----------+-----+-----+---------+
    |  Latency (cycles) |  Latency (absolute) |  Interval | Pipeline|
    |   min   |   max   |    min   |    max   | min | max |   Type  |
    +---------+---------+----------+----------+-----+-----+---------+
    |       80|       80|  0.800 us|  0.800 us|   81|   81|     none|
    +---------+---------+----------+----------+-----+-----+---------+

    + Detail: 
        * Instance: 
        N/A

        * Loop: 
        N/A



================================================================
== Utilization Estimates
================================================================
* Summary: 
+-----------------+---------+-----+--------+-------+-----+
|       Name      | BRAM_18K| DSP |   FF   |  LUT  | URAM|
+-----------------+---------+-----+--------+-------+-----+
|DSP              |        -|    -|       -|      -|    -|
|Expression       |        -|    -|       0|     22|    -|
|FIFO             |        -|    -|       -|      -|    -|
|Instance         |        -|    0|     897|    573|    -|
|Memory           |        -|    -|       -|      -|    -|
|Multiplexer      |        -|    -|       -|    417|    -|
|Register         |        -|    -|     106|      -|    -|
+-----------------+---------+-----+--------+-------+-----+
|Total            |        0|    0|    1003|   1012|    0|
+-----------------+---------+-----+--------+-------+-----+
|Available        |      280|  220|  106400|  53200|    0|
+-----------------+---------+-----+--------+-------+-----+
|Utilization (%)  |        0|    0|      ~0|      1|    0|
+-----------------+---------+-----+--------+-------+-----+

+ Detail: 
    * Instance: 
    +-----------------------------+--------------------------+---------+----+-----+-----+-----+
    |           Instance          |          Module          | BRAM_18K| DSP|  FF | LUT | URAM|
    +-----------------------------+--------------------------+---------+----+-----+-----+-----+
    |mul_9ns_8s_16_1_1_U2         |mul_9ns_8s_16_1_1         |        0|   0|    0|   51|    0|
    |urem_64s_17ns_8_68_seq_1_U3  |urem_64s_17ns_8_68_seq_1  |        0|   0|  779|  469|    0|
    |urem_8ns_9ns_9_12_seq_1_U1   |urem_8ns_9ns_9_12_seq_1   |        0|   0|  118|   53|    0|
    +-----------------------------+--------------------------+---------+----+-----+-----+-----+
    |Total                        |                          |        0|   0|  897|  573|    0|
    +-----------------------------+--------------------------+---------+----+-----+-----+-----+

    * DSP: 
    N/A

    * Memory: 
    N/A

    * FIFO: 
    N/A

    * Expression: 
    +--------------+----------+----+---+----+------------+------------+
    | Variable Name| Operation| DSP| FF| LUT| Bitwidth P0| Bitwidth P1|
    +--------------+----------+----+---+----+------------+------------+
    |grp_fu_60_p1  |         +|   0|  0|  14|           9|           9|
    |v_fu_66_p2    |       xor|   0|  0|   8|           8|           2|
    +--------------+----------+----+---+----+------------+------------+
    |Total         |          |   0|  0|  22|          17|          11|
    +--------------+----------+----+---+----+------------+------------+

    * Multiplexer: 
    +-----------+-----+-----------+-----+-----------+
    |    Name   | LUT | Input Size| Bits| Total Bits|
    +-----------+-----+-----------+-----+-----------+
    |ap_NS_fsm  |  417|         82|    1|         82|
    +-----------+-----+-----------+-----+-----------+
    |Total      |  417|         82|    1|         82|
    +-----------+-----+-----------+-----+-----------+

    * Register: 
    +-------------------+----+----+-----+-----------+
    |        Name       | FF | LUT| Bits| Const Bits|
    +-------------------+----+----+-----+-----------+
    |ap_CS_fsm          |  81|   0|   81|          0|
    |mul_ln20_reg_117   |  16|   0|   16|          0|
    |urem_ln20_reg_112  |   9|   0|    9|          0|
    +-------------------+----+----+-----+-----------+
    |Total              | 106|   0|  106|          0|
    +-------------------+----+----+-----+-----------+



================================================================
== Interface
================================================================
* Summary: 
+-----------+-----+-----+------------+--------------+--------------+
| RTL Ports | Dir | Bits|  Protocol  | Source Object|    C Type    |
+-----------+-----+-----+------------+--------------+--------------+
|ap_clk     |   in|    1|  ap_ctrl_hs|           fn1|  return value|
|ap_rst     |   in|    1|  ap_ctrl_hs|           fn1|  return value|
|ap_start   |   in|    1|  ap_ctrl_hs|           fn1|  return value|
|ap_done    |  out|    1|  ap_ctrl_hs|           fn1|  return value|
|ap_idle    |  out|    1|  ap_ctrl_hs|           fn1|  return value|
|ap_ready   |  out|    1|  ap_ctrl_hs|           fn1|  return value|
|ap_return  |  out|    8|  ap_ctrl_hs|           fn1|  return value|
|p          |   in|    8|     ap_none|             p|        scalar|
|p_11       |   in|   16|     ap_none|          p_11|        scalar|
+-----------+-----+-----+------------+--------------+--------------+

