

================================================================
== Vitis HLS Report for 'fn1'
================================================================
* Date:           Thu Apr 29 14:16:05 2021

* Version:        2020.2 (Build 3064766 on Wed Nov 18 09:12:47 MST 2020)
* Project:        project_tmp
* Solution:       solution_tmp (Vivado IP Flow Target)
* Product family: zynq
* Target device:  xc7z020-clg484-1


================================================================
== Performance Estimates
================================================================
+ Timing: 
    * Summary: 
    +--------+----------+----------+------------+
    |  Clock |  Target  | Estimated| Uncertainty|
    +--------+----------+----------+------------+
    |ap_clk  |  10.00 ns|  6.986 ns|     2.70 ns|
    +--------+----------+----------+------------+

+ Latency: 
    * Summary: 
    +---------+---------+----------+----------+-----+-----+---------+
    |  Latency (cycles) |  Latency (absolute) |  Interval | Pipeline|
    |   min   |   max   |    min   |    max   | min | max |   Type  |
    +---------+---------+----------+----------+-----+-----+---------+
    |      106|      106|  1.060 us|  1.060 us|  107|  107|     none|
    +---------+---------+----------+----------+-----+-----+---------+

    + Detail: 
        * Instance: 
        N/A

        * Loop: 
        N/A



================================================================
== Utilization Estimates
================================================================
* Summary: 
+-----------------+---------+-----+--------+-------+-----+
|       Name      | BRAM_18K| DSP |   FF   |  LUT  | URAM|
+-----------------+---------+-----+--------+-------+-----+
|DSP              |        -|    -|       -|      -|    -|
|Expression       |        -|    -|       0|   1422|    -|
|FIFO             |        -|    -|       -|      -|    -|
|Instance         |        -|    0|    2675|   1552|    -|
|Memory           |        -|    -|       -|      -|    -|
|Multiplexer      |        -|    -|       -|    535|    -|
|Register         |        -|    -|     446|      -|    -|
+-----------------+---------+-----+--------+-------+-----+
|Total            |        0|    0|    3121|   3509|    0|
+-----------------+---------+-----+--------+-------+-----+
|Available        |      280|  220|  106400|  53200|    0|
+-----------------+---------+-----+--------+-------+-----+
|Utilization (%)  |        0|    0|       2|      6|    0|
+-----------------+---------+-----+--------+-------+-----+

+ Detail: 
    * Instance: 
    +-------------------------------+----------------------------+---------+----+-----+-----+-----+
    |            Instance           |           Module           | BRAM_18K| DSP|  FF | LUT | URAM|
    +-------------------------------+----------------------------+---------+----+-----+-----+-----+
    |mul_32ns_34ns_65_2_1_U4        |mul_32ns_34ns_65_2_1        |        0|   0|  173|   54|    0|
    |mul_32s_32s_32_2_1_U3          |mul_32s_32s_32_2_1          |        0|   0|  165|   50|    0|
    |mul_3s_8s_8_1_1_U5             |mul_3s_8s_8_1_1             |        0|   0|    0|   41|    0|
    |sdiv_10s_64ns_10_14_seq_1_U6   |sdiv_10s_64ns_10_14_seq_1   |        0|   0|  779|  469|    0|
    |sdiv_18ns_64ns_64_22_seq_1_U1  |sdiv_18ns_64ns_64_22_seq_1  |        0|   0|  779|  469|    0|
    |udiv_64ns_64ns_8_68_seq_1_U2   |udiv_64ns_64ns_8_68_seq_1   |        0|   0|  779|  469|    0|
    +-------------------------------+----------------------------+---------+----+-----+-----+-----+
    |Total                          |                            |        0|   0| 2675| 1552|    0|
    +-------------------------------+----------------------------+---------+----+-----+-----+-----+

    * DSP: 
    N/A

    * Memory: 
    N/A

    * FIFO: 
    N/A

    * Expression: 
    +----------------------+----------+----+---+-----+------------+------------+
    |     Variable Name    | Operation| DSP| FF| LUT | Bitwidth P0| Bitwidth P1|
    +----------------------+----------+----+---+-----+------------+------------+
    |add_ln13_1_fu_125_p2  |         +|   0|  0|   64|          64|          10|
    |add_ln13_fu_114_p2    |         +|   0|  0|   71|          64|           9|
    |add_ln510_fu_192_p2   |         +|   0|  0|   12|          12|          11|
    |sub_ln1311_fu_206_p2  |         -|   0|  0|   12|          10|          11|
    |sub_ln13_1_fu_298_p2  |         -|   0|  0|   11|           1|           3|
    |sub_ln13_fu_130_p2    |         -|   0|  0|   64|          64|          64|
    |sub_ln15_1_fu_316_p2  |         -|   0|  0|   71|           8|          64|
    |sub_ln15_fu_324_p2    |         -|   0|  0|   14|           1|           9|
    |and_ln12_fu_139_p2    |       and|   0|  0|   64|          64|          64|
    |result_fu_343_p2      |      icmp|   0|  0|   11|          10|           1|
    |r_V_fu_232_p2         |      lshr|   0|  0|  460|         137|         137|
    |ush_fu_216_p3         |    select|   0|  0|   12|           1|          12|
    |val_fu_266_p3         |    select|   0|  0|   32|           1|          32|
    |r_V_1_fu_238_p2       |       shl|   0|  0|  460|         137|         137|
    |grp_fu_151_p0         |       xor|   0|  0|   64|           2|          64|
    +----------------------+----------+----+---+-----+------------+------------+
    |Total                 |          |   0|  0| 1422|         576|         628|
    +----------------------+----------+----+---+-----+------------+------------+

    * Multiplexer: 
    +-----------+-----+-----------+-----+-----------+
    |    Name   | LUT | Input Size| Bits| Total Bits|
    +-----------+-----+-----------+-----+-----------+
    |ap_NS_fsm  |  535|        108|    1|        108|
    +-----------+-----+-----------+-----+-----------+
    |Total      |  535|        108|    1|        108|
    +-----------+-----+-----------+-----+-----------+

    * Register: 
    +--------------------+-----+----+-----+-----------+
    |        Name        |  FF | LUT| Bits| Const Bits|
    +--------------------+-----+----+-----+-----------+
    |add_ln13_reg_359    |   64|   0|   64|          0|
    |ap_CS_fsm           |  107|   0|  107|          0|
    |mul_ln14_reg_389    |   32|   0|   32|          0|
    |sdiv_ln13_reg_364   |   64|   0|   64|          0|
    |sub_ln13_reg_369    |   64|   0|   64|          0|
    |sub_ln15_1_reg_414  |   64|   0|   64|          0|
    |trunc_ln_reg_404    |    3|   0|    3|          0|
    |udiv_ln12_reg_399   |    8|   0|    8|          0|
    |v_reg_409           |    8|   0|    8|          0|
    |val_reg_379         |   32|   0|   32|          0|
    +--------------------+-----+----+-----+-----------+
    |Total               |  446|   0|  446|          0|
    +--------------------+-----+----+-----+-----------+



================================================================
== Interface
================================================================
* Summary: 
+-----------+-----+-----+------------+--------------+--------------+
| RTL Ports | Dir | Bits|  Protocol  | Source Object|    C Type    |
+-----------+-----+-----+------------+--------------+--------------+
|ap_clk     |   in|    1|  ap_ctrl_hs|           fn1|  return value|
|ap_rst     |   in|    1|  ap_ctrl_hs|           fn1|  return value|
|ap_start   |   in|    1|  ap_ctrl_hs|           fn1|  return value|
|ap_done    |  out|    1|  ap_ctrl_hs|           fn1|  return value|
|ap_idle    |  out|    1|  ap_ctrl_hs|           fn1|  return value|
|ap_ready   |  out|    1|  ap_ctrl_hs|           fn1|  return value|
|ap_return  |  out|    8|  ap_ctrl_hs|           fn1|  return value|
|p          |   in|   64|     ap_none|             p|        scalar|
|p_5        |   in|    8|     ap_none|           p_5|        scalar|
|p_7        |   in|   64|     ap_none|           p_7|        scalar|
|p_9        |   in|   64|     ap_none|           p_9|        scalar|
|p_11       |   in|   32|     ap_none|          p_11|        scalar|
+-----------+-----+-----+------------+--------------+--------------+

