Copyright 1986-2020 Xilinx, Inc. All Rights Reserved.
------------------------------------------------------------------------------------
| Tool Version : Vivado v.2020.2 (lin64) Build 3064766 Wed Nov 18 09:12:47 MST 2020
| Date         : Sat May  1 16:01:52 2021
| Host         : seal-lambda running 64-bit Ubuntu 18.04.5 LTS
| Command      : report_timing_summary -file ./report/fn1_timing_synth.rpt
| Design       : bd_0_wrapper
| Device       : 7z020-clg484
| Speed File   : -1  PRODUCTION 1.12 2019-11-22
------------------------------------------------------------------------------------

Timing Summary Report

------------------------------------------------------------------------------------------------
| Timer Settings
| --------------
------------------------------------------------------------------------------------------------

  Enable Multi Corner Analysis               :  Yes
  Enable Pessimism Removal                   :  Yes
  Pessimism Removal Resolution               :  Nearest Common Node
  Enable Input Delay Default Clock           :  No
  Enable Preset / Clear Arcs                 :  No
  Disable Flight Delays                      :  No
  Ignore I/O Paths                           :  No
  Timing Early Launch at Borrowing Latches   :  No
  Borrow Time for Max Delay Exceptions       :  Yes
  Merge Timing Exceptions                    :  Yes

  Corner  Analyze    Analyze    
  Name    Max Paths  Min Paths  
  ------  ---------  ---------  
  Slow    Yes        Yes        
  Fast    Yes        Yes        



check_timing report

Table of Contents
-----------------
1. checking no_clock (0)
2. checking constant_clock (0)
3. checking pulse_width_clock (0)
4. checking unconstrained_internal_endpoints (0)
5. checking no_input_delay (10)
6. checking no_output_delay (67)
7. checking multiple_clock (0)
8. checking generated_clocks (0)
9. checking loops (0)
10. checking partial_input_delay (0)
11. checking partial_output_delay (0)
12. checking latch_loops (0)

1. checking no_clock (0)
------------------------
 There are 0 register/latch pins with no clock.


2. checking constant_clock (0)
------------------------------
 There are 0 register/latch pins with constant_clock.


3. checking pulse_width_clock (0)
---------------------------------
 There are 0 register/latch pins which need pulse_width check


4. checking unconstrained_internal_endpoints (0)
------------------------------------------------
 There are 0 pins that are not constrained for maximum delay.

 There are 0 pins that are not constrained for maximum delay due to constant clock.


5. checking no_input_delay (10)
-------------------------------
 There are 10 input ports with no input delay specified. (HIGH)

 There are 0 input ports with no input delay but user has a false path constraint.


6. checking no_output_delay (67)
--------------------------------
 There are 67 ports with no output delay specified. (HIGH)

 There are 0 ports with no output delay but user has a false path constraint

 There are 0 ports with no output delay but with a timing clock defined on it or propagating through it


7. checking multiple_clock (0)
------------------------------
 There are 0 register/latch pins with multiple clocks.


8. checking generated_clocks (0)
--------------------------------
 There are 0 generated clocks that are not connected to a clock source.


9. checking loops (0)
---------------------
 There are 0 combinational loops in the design.


10. checking partial_input_delay (0)
------------------------------------
 There are 0 input ports with partial input delay specified.


11. checking partial_output_delay (0)
-------------------------------------
 There are 0 ports with partial output delay specified.


12. checking latch_loops (0)
----------------------------
 There are 0 combinational latch loops in the design through latch input



------------------------------------------------------------------------------------------------
| Design Timing Summary
| ---------------------
------------------------------------------------------------------------------------------------

    WNS(ns)      TNS(ns)  TNS Failing Endpoints  TNS Total Endpoints      WHS(ns)      THS(ns)  THS Failing Endpoints  THS Total Endpoints     WPWS(ns)     TPWS(ns)  TPWS Failing Endpoints  TPWS Total Endpoints  
    -------      -------  ---------------------  -------------------      -------      -------  ---------------------  -------------------     --------     --------  ----------------------  --------------------  
      2.595        0.000                      0                 1419        0.256        0.000                      0                 1419        4.500        0.000                       0                   776  


All user specified timing constraints are met.


------------------------------------------------------------------------------------------------
| Clock Summary
| -------------
------------------------------------------------------------------------------------------------

Clock   Waveform(ns)       Period(ns)      Frequency(MHz)
-----   ------------       ----------      --------------
ap_clk  {0.000 5.000}      10.000          100.000         


------------------------------------------------------------------------------------------------
| Intra Clock Table
| -----------------
------------------------------------------------------------------------------------------------

Clock             WNS(ns)      TNS(ns)  TNS Failing Endpoints  TNS Total Endpoints      WHS(ns)      THS(ns)  THS Failing Endpoints  THS Total Endpoints     WPWS(ns)     TPWS(ns)  TPWS Failing Endpoints  TPWS Total Endpoints  
-----             -------      -------  ---------------------  -------------------      -------      -------  ---------------------  -------------------     --------     --------  ----------------------  --------------------  
ap_clk              2.595        0.000                      0                 1419        0.256        0.000                      0                 1419        4.500        0.000                       0                   776  


------------------------------------------------------------------------------------------------
| Inter Clock Table
| -----------------
------------------------------------------------------------------------------------------------

From Clock    To Clock          WNS(ns)      TNS(ns)  TNS Failing Endpoints  TNS Total Endpoints      WHS(ns)      THS(ns)  THS Failing Endpoints  THS Total Endpoints  
----------    --------          -------      -------  ---------------------  -------------------      -------      -------  ---------------------  -------------------  


------------------------------------------------------------------------------------------------
| Other Path Groups Table
| -----------------------
------------------------------------------------------------------------------------------------

Path Group    From Clock    To Clock          WNS(ns)      TNS(ns)  TNS Failing Endpoints  TNS Total Endpoints      WHS(ns)      THS(ns)  THS Failing Endpoints  THS Total Endpoints  
----------    ----------    --------          -------      -------  ---------------------  -------------------      -------      -------  ---------------------  -------------------  


------------------------------------------------------------------------------------------------
| Timing Details
| --------------
------------------------------------------------------------------------------------------------


---------------------------------------------------------------------------------------------------
From Clock:  ap_clk
  To Clock:  ap_clk

Setup :            0  Failing Endpoints,  Worst Slack        2.595ns,  Total Violation        0.000ns
Hold  :            0  Failing Endpoints,  Worst Slack        0.256ns,  Total Violation        0.000ns
PW    :            0  Failing Endpoints,  Worst Slack        4.500ns,  Total Violation        0.000ns
---------------------------------------------------------------------------------------------------


Max Delay Paths
--------------------------------------------------------------------------------------
Slack (MET) :             2.595ns  (required time - arrival time)
  Source:                 bd_0_i/hls_inst/inst/mul_64ns_66ns_129_5_1_U1/fn1_mul_64ns_66ns_129_5_1_Multiplier_0_U/buff1_reg__2/CLK
                            (rising edge-triggered cell DSP48E1 clocked by ap_clk  {rise@0.000ns fall@5.000ns period=10.000ns})
  Destination:            bd_0_i/hls_inst/inst/mul_64ns_66ns_129_5_1_U1/fn1_mul_64ns_66ns_129_5_1_Multiplier_0_U/buff2_reg[127]/D
                            (rising edge-triggered cell FDRE clocked by ap_clk  {rise@0.000ns fall@5.000ns period=10.000ns})
  Path Group:             ap_clk
  Path Type:              Setup (Max at Slow Process Corner)
  Requirement:            10.000ns  (ap_clk rise@10.000ns - ap_clk rise@0.000ns)
  Data Path Delay:        7.430ns  (logic 4.999ns (67.284%)  route 2.431ns (32.716%))
  Logic Levels:           24  (CARRY4=20 LUT3=2 LUT4=2)
  Clock Path Skew:        -0.049ns (DCD - SCD + CPR)
    Destination Clock Delay (DCD):    0.924ns = ( 10.924 - 10.000 ) 
    Source Clock Delay      (SCD):    0.973ns
    Clock Pessimism Removal (CPR):    0.000ns
  Clock Uncertainty:      0.035ns  ((TSJ^2 + TIJ^2)^1/2 + DJ) / 2 + PE
    Total System Jitter     (TSJ):    0.071ns
    Total Input Jitter      (TIJ):    0.000ns
    Discrete Jitter          (DJ):    0.000ns
    Phase Error              (PE):    0.000ns

    Location             Delay type                Incr(ns)  Path(ns)    Netlist Resource(s)
  -------------------------------------------------------------------    -------------------
                         (clock ap_clk rise edge)     0.000     0.000 r  
                                                      0.000     0.000 r  ap_clk (IN)
                         net (fo=775, unset)          0.973     0.973    bd_0_i/hls_inst/inst/mul_64ns_66ns_129_5_1_U1/fn1_mul_64ns_66ns_129_5_1_Multiplier_0_U/ap_clk
                         DSP48E1                                      r  bd_0_i/hls_inst/inst/mul_64ns_66ns_129_5_1_U1/fn1_mul_64ns_66ns_129_5_1_Multiplier_0_U/buff1_reg__2/CLK
  -------------------------------------------------------------------    -------------------
                         DSP48E1 (Prop_dsp48e1_CLK_P[1])
                                                      0.434     1.407 r  bd_0_i/hls_inst/inst/mul_64ns_66ns_129_5_1_U1/fn1_mul_64ns_66ns_129_5_1_Multiplier_0_U/buff1_reg__2/P[1]
                         net (fo=3, unplaced)         0.800     2.207    bd_0_i/hls_inst/inst/mul_64ns_66ns_129_5_1_U1/fn1_mul_64ns_66ns_129_5_1_Multiplier_0_U/buff1_reg__2_n_104
                         LUT3 (Prop_lut3_I0_O)        0.150     2.357 r  bd_0_i/hls_inst/inst/mul_64ns_66ns_129_5_1_U1/fn1_mul_64ns_66ns_129_5_1_Multiplier_0_U/buff2[73]_i_82/O
                         net (fo=2, unplaced)         0.485     2.842    bd_0_i/hls_inst/inst/mul_64ns_66ns_129_5_1_U1/fn1_mul_64ns_66ns_129_5_1_Multiplier_0_U/buff2[73]_i_82_n_0
                         LUT4 (Prop_lut4_I3_O)        0.355     3.197 r  bd_0_i/hls_inst/inst/mul_64ns_66ns_129_5_1_U1/fn1_mul_64ns_66ns_129_5_1_Multiplier_0_U/buff2[73]_i_86/O
                         net (fo=1, unplaced)         0.000     3.197    bd_0_i/hls_inst/inst/mul_64ns_66ns_129_5_1_U1/fn1_mul_64ns_66ns_129_5_1_Multiplier_0_U/buff2[73]_i_86_n_0
                         CARRY4 (Prop_carry4_S[0]_CO[3])
                                                      0.513     3.710 r  bd_0_i/hls_inst/inst/mul_64ns_66ns_129_5_1_U1/fn1_mul_64ns_66ns_129_5_1_Multiplier_0_U/buff2_reg[73]_i_64/CO[3]
                         net (fo=1, unplaced)         0.000     3.710    bd_0_i/hls_inst/inst/mul_64ns_66ns_129_5_1_U1/fn1_mul_64ns_66ns_129_5_1_Multiplier_0_U/buff2_reg[73]_i_64_n_0
                         CARRY4 (Prop_carry4_CI_CO[3])
                                                      0.117     3.827 r  bd_0_i/hls_inst/inst/mul_64ns_66ns_129_5_1_U1/fn1_mul_64ns_66ns_129_5_1_Multiplier_0_U/buff2_reg[73]_i_51/CO[3]
                         net (fo=1, unplaced)         0.000     3.827    bd_0_i/hls_inst/inst/mul_64ns_66ns_129_5_1_U1/fn1_mul_64ns_66ns_129_5_1_Multiplier_0_U/buff2_reg[73]_i_51_n_0
                         CARRY4 (Prop_carry4_CI_CO[3])
                                                      0.117     3.944 r  bd_0_i/hls_inst/inst/mul_64ns_66ns_129_5_1_U1/fn1_mul_64ns_66ns_129_5_1_Multiplier_0_U/buff2_reg[73]_i_37/CO[3]
                         net (fo=1, unplaced)         0.000     3.944    bd_0_i/hls_inst/inst/mul_64ns_66ns_129_5_1_U1/fn1_mul_64ns_66ns_129_5_1_Multiplier_0_U/buff2_reg[73]_i_37_n_0
                         CARRY4 (Prop_carry4_CI_CO[3])
                                                      0.117     4.061 r  bd_0_i/hls_inst/inst/mul_64ns_66ns_129_5_1_U1/fn1_mul_64ns_66ns_129_5_1_Multiplier_0_U/buff2_reg[73]_i_23/CO[3]
                         net (fo=1, unplaced)         0.000     4.061    bd_0_i/hls_inst/inst/mul_64ns_66ns_129_5_1_U1/fn1_mul_64ns_66ns_129_5_1_Multiplier_0_U/buff2_reg[73]_i_23_n_0
                         CARRY4 (Prop_carry4_CI_CO[3])
                                                      0.117     4.178 r  bd_0_i/hls_inst/inst/mul_64ns_66ns_129_5_1_U1/fn1_mul_64ns_66ns_129_5_1_Multiplier_0_U/buff2_reg[73]_i_17/CO[3]
                         net (fo=1, unplaced)         0.000     4.178    bd_0_i/hls_inst/inst/mul_64ns_66ns_129_5_1_U1/fn1_mul_64ns_66ns_129_5_1_Multiplier_0_U/buff2_reg[73]_i_17_n_0
                         CARRY4 (Prop_carry4_CI_CO[3])
                                                      0.117     4.295 r  bd_0_i/hls_inst/inst/mul_64ns_66ns_129_5_1_U1/fn1_mul_64ns_66ns_129_5_1_Multiplier_0_U/buff2_reg[77]_i_10/CO[3]
                         net (fo=1, unplaced)         0.000     4.295    bd_0_i/hls_inst/inst/mul_64ns_66ns_129_5_1_U1/fn1_mul_64ns_66ns_129_5_1_Multiplier_0_U/buff2_reg[77]_i_10_n_0
                         CARRY4 (Prop_carry4_CI_CO[3])
                                                      0.117     4.412 r  bd_0_i/hls_inst/inst/mul_64ns_66ns_129_5_1_U1/fn1_mul_64ns_66ns_129_5_1_Multiplier_0_U/buff2_reg[81]_i_10/CO[3]
                         net (fo=1, unplaced)         0.000     4.412    bd_0_i/hls_inst/inst/mul_64ns_66ns_129_5_1_U1/fn1_mul_64ns_66ns_129_5_1_Multiplier_0_U/buff2_reg[81]_i_10_n_0
                         CARRY4 (Prop_carry4_CI_CO[3])
                                                      0.117     4.529 r  bd_0_i/hls_inst/inst/mul_64ns_66ns_129_5_1_U1/fn1_mul_64ns_66ns_129_5_1_Multiplier_0_U/buff2_reg[85]_i_10/CO[3]
                         net (fo=1, unplaced)         0.000     4.529    bd_0_i/hls_inst/inst/mul_64ns_66ns_129_5_1_U1/fn1_mul_64ns_66ns_129_5_1_Multiplier_0_U/buff2_reg[85]_i_10_n_0
                         CARRY4 (Prop_carry4_CI_CO[3])
                                                      0.117     4.646 r  bd_0_i/hls_inst/inst/mul_64ns_66ns_129_5_1_U1/fn1_mul_64ns_66ns_129_5_1_Multiplier_0_U/buff2_reg[89]_i_10/CO[3]
                         net (fo=1, unplaced)         0.000     4.646    bd_0_i/hls_inst/inst/mul_64ns_66ns_129_5_1_U1/fn1_mul_64ns_66ns_129_5_1_Multiplier_0_U/buff2_reg[89]_i_10_n_0
                         CARRY4 (Prop_carry4_CI_CO[3])
                                                      0.117     4.763 r  bd_0_i/hls_inst/inst/mul_64ns_66ns_129_5_1_U1/fn1_mul_64ns_66ns_129_5_1_Multiplier_0_U/buff2_reg[93]_i_10/CO[3]
                         net (fo=1, unplaced)         0.000     4.763    bd_0_i/hls_inst/inst/mul_64ns_66ns_129_5_1_U1/fn1_mul_64ns_66ns_129_5_1_Multiplier_0_U/buff2_reg[93]_i_10_n_0
                         CARRY4 (Prop_carry4_CI_O[3])
                                                      0.331     5.094 r  bd_0_i/hls_inst/inst/mul_64ns_66ns_129_5_1_U1/fn1_mul_64ns_66ns_129_5_1_Multiplier_0_U/buff2_reg[97]_i_10/O[3]
                         net (fo=2, unplaced)         0.629     5.723    bd_0_i/hls_inst/inst/mul_64ns_66ns_129_5_1_U1/fn1_mul_64ns_66ns_129_5_1_Multiplier_0_U/buff2_reg[97]_i_10_n_4
                         LUT3 (Prop_lut3_I0_O)        0.300     6.023 r  bd_0_i/hls_inst/inst/mul_64ns_66ns_129_5_1_U1/fn1_mul_64ns_66ns_129_5_1_Multiplier_0_U/buff2[97]_i_2/O
                         net (fo=2, unplaced)         0.517     6.540    bd_0_i/hls_inst/inst/mul_64ns_66ns_129_5_1_U1/fn1_mul_64ns_66ns_129_5_1_Multiplier_0_U/buff2[97]_i_2_n_0
                         LUT4 (Prop_lut4_I3_O)        0.331     6.871 r  bd_0_i/hls_inst/inst/mul_64ns_66ns_129_5_1_U1/fn1_mul_64ns_66ns_129_5_1_Multiplier_0_U/buff2[97]_i_6/O
                         net (fo=1, unplaced)         0.000     6.871    bd_0_i/hls_inst/inst/mul_64ns_66ns_129_5_1_U1/fn1_mul_64ns_66ns_129_5_1_Multiplier_0_U/buff2[97]_i_6_n_0
                         CARRY4 (Prop_carry4_S[3]_CO[3])
                                                      0.376     7.247 r  bd_0_i/hls_inst/inst/mul_64ns_66ns_129_5_1_U1/fn1_mul_64ns_66ns_129_5_1_Multiplier_0_U/buff2_reg[97]_i_1/CO[3]
                         net (fo=1, unplaced)         0.000     7.247    bd_0_i/hls_inst/inst/mul_64ns_66ns_129_5_1_U1/fn1_mul_64ns_66ns_129_5_1_Multiplier_0_U/buff2_reg[97]_i_1_n_0
                         CARRY4 (Prop_carry4_CI_CO[3])
                                                      0.117     7.364 r  bd_0_i/hls_inst/inst/mul_64ns_66ns_129_5_1_U1/fn1_mul_64ns_66ns_129_5_1_Multiplier_0_U/buff2_reg[101]_i_1/CO[3]
                         net (fo=1, unplaced)         0.000     7.364    bd_0_i/hls_inst/inst/mul_64ns_66ns_129_5_1_U1/fn1_mul_64ns_66ns_129_5_1_Multiplier_0_U/buff2_reg[101]_i_1_n_0
                         CARRY4 (Prop_carry4_CI_CO[3])
                                                      0.117     7.481 r  bd_0_i/hls_inst/inst/mul_64ns_66ns_129_5_1_U1/fn1_mul_64ns_66ns_129_5_1_Multiplier_0_U/buff2_reg[105]_i_1/CO[3]
                         net (fo=1, unplaced)         0.000     7.481    bd_0_i/hls_inst/inst/mul_64ns_66ns_129_5_1_U1/fn1_mul_64ns_66ns_129_5_1_Multiplier_0_U/buff2_reg[105]_i_1_n_0
                         CARRY4 (Prop_carry4_CI_CO[3])
                                                      0.117     7.598 r  bd_0_i/hls_inst/inst/mul_64ns_66ns_129_5_1_U1/fn1_mul_64ns_66ns_129_5_1_Multiplier_0_U/buff2_reg[109]_i_1/CO[3]
                         net (fo=1, unplaced)         0.000     7.598    bd_0_i/hls_inst/inst/mul_64ns_66ns_129_5_1_U1/fn1_mul_64ns_66ns_129_5_1_Multiplier_0_U/buff2_reg[109]_i_1_n_0
                         CARRY4 (Prop_carry4_CI_CO[3])
                                                      0.117     7.715 r  bd_0_i/hls_inst/inst/mul_64ns_66ns_129_5_1_U1/fn1_mul_64ns_66ns_129_5_1_Multiplier_0_U/buff2_reg[113]_i_1/CO[3]
                         net (fo=1, unplaced)         0.000     7.715    bd_0_i/hls_inst/inst/mul_64ns_66ns_129_5_1_U1/fn1_mul_64ns_66ns_129_5_1_Multiplier_0_U/buff2_reg[113]_i_1_n_0
                         CARRY4 (Prop_carry4_CI_CO[3])
                                                      0.117     7.832 r  bd_0_i/hls_inst/inst/mul_64ns_66ns_129_5_1_U1/fn1_mul_64ns_66ns_129_5_1_Multiplier_0_U/buff2_reg[117]_i_1/CO[3]
                         net (fo=1, unplaced)         0.000     7.832    bd_0_i/hls_inst/inst/mul_64ns_66ns_129_5_1_U1/fn1_mul_64ns_66ns_129_5_1_Multiplier_0_U/buff2_reg[117]_i_1_n_0
                         CARRY4 (Prop_carry4_CI_CO[3])
                                                      0.117     7.949 r  bd_0_i/hls_inst/inst/mul_64ns_66ns_129_5_1_U1/fn1_mul_64ns_66ns_129_5_1_Multiplier_0_U/buff2_reg[121]_i_1/CO[3]
                         net (fo=1, unplaced)         0.000     7.949    bd_0_i/hls_inst/inst/mul_64ns_66ns_129_5_1_U1/fn1_mul_64ns_66ns_129_5_1_Multiplier_0_U/buff2_reg[121]_i_1_n_0
                         CARRY4 (Prop_carry4_CI_CO[3])
                                                      0.117     8.066 r  bd_0_i/hls_inst/inst/mul_64ns_66ns_129_5_1_U1/fn1_mul_64ns_66ns_129_5_1_Multiplier_0_U/buff2_reg[125]_i_1/CO[3]
                         net (fo=1, unplaced)         0.000     8.066    bd_0_i/hls_inst/inst/mul_64ns_66ns_129_5_1_U1/fn1_mul_64ns_66ns_129_5_1_Multiplier_0_U/buff2_reg[125]_i_1_n_0
                         CARRY4 (Prop_carry4_CI_O[1])
                                                      0.337     8.403 r  bd_0_i/hls_inst/inst/mul_64ns_66ns_129_5_1_U1/fn1_mul_64ns_66ns_129_5_1_Multiplier_0_U/buff2_reg[128]_i_1/O[1]
                         net (fo=1, unplaced)         0.000     8.403    bd_0_i/hls_inst/inst/mul_64ns_66ns_129_5_1_U1/fn1_mul_64ns_66ns_129_5_1_Multiplier_0_U/buff1_reg__5[127]
                         FDRE                                         r  bd_0_i/hls_inst/inst/mul_64ns_66ns_129_5_1_U1/fn1_mul_64ns_66ns_129_5_1_Multiplier_0_U/buff2_reg[127]/D
  -------------------------------------------------------------------    -------------------

                         (clock ap_clk rise edge)    10.000    10.000 r  
                                                      0.000    10.000 r  ap_clk (IN)
                         net (fo=775, unset)          0.924    10.924    bd_0_i/hls_inst/inst/mul_64ns_66ns_129_5_1_U1/fn1_mul_64ns_66ns_129_5_1_Multiplier_0_U/ap_clk
                         FDRE                                         r  bd_0_i/hls_inst/inst/mul_64ns_66ns_129_5_1_U1/fn1_mul_64ns_66ns_129_5_1_Multiplier_0_U/buff2_reg[127]/C
                         clock pessimism              0.000    10.924    
                         clock uncertainty           -0.035    10.889    
                         FDRE (Setup_fdre_C_D)        0.109    10.998    bd_0_i/hls_inst/inst/mul_64ns_66ns_129_5_1_U1/fn1_mul_64ns_66ns_129_5_1_Multiplier_0_U/buff2_reg[127]
  -------------------------------------------------------------------
                         required time                         10.998    
                         arrival time                          -8.403    
  -------------------------------------------------------------------
                         slack                                  2.595    





Min Delay Paths
--------------------------------------------------------------------------------------
Slack (MET) :             0.256ns  (arrival time - required time)
  Source:                 bd_0_i/hls_inst/inst/ap_CS_fsm_reg[73]/C
                            (rising edge-triggered cell FDRE clocked by ap_clk  {rise@0.000ns fall@5.000ns period=10.000ns})
  Destination:            bd_0_i/hls_inst/inst/ap_CS_fsm_reg[0]/D
                            (rising edge-triggered cell FDSE clocked by ap_clk  {rise@0.000ns fall@5.000ns period=10.000ns})
  Path Group:             ap_clk
  Path Type:              Hold (Min at Fast Process Corner)
  Requirement:            0.000ns  (ap_clk rise@0.000ns - ap_clk rise@0.000ns)
  Data Path Delay:        0.398ns  (logic 0.262ns (65.874%)  route 0.136ns (34.126%))
  Logic Levels:           1  (LUT3=1)
  Clock Path Skew:        0.022ns (DCD - SCD - CPR)
    Destination Clock Delay (DCD):    0.432ns
    Source Clock Delay      (SCD):    0.410ns
    Clock Pessimism Removal (CPR):    -0.000ns

    Location             Delay type                Incr(ns)  Path(ns)    Netlist Resource(s)
  -------------------------------------------------------------------    -------------------
                         (clock ap_clk rise edge)     0.000     0.000 r  
                                                      0.000     0.000 r  ap_clk (IN)
                         net (fo=775, unset)          0.410     0.410    bd_0_i/hls_inst/inst/ap_clk
                         FDRE                                         r  bd_0_i/hls_inst/inst/ap_CS_fsm_reg[73]/C
  -------------------------------------------------------------------    -------------------
                         FDRE (Prop_fdre_C_Q)         0.164     0.574 r  bd_0_i/hls_inst/inst/ap_CS_fsm_reg[73]/Q
                         net (fo=2, unplaced)         0.136     0.710    bd_0_i/hls_inst/inst/ap_done
                         LUT3 (Prop_lut3_I2_O)        0.098     0.808 r  bd_0_i/hls_inst/inst/ap_CS_fsm[0]_i_1/O
                         net (fo=1, unplaced)         0.000     0.808    bd_0_i/hls_inst/inst/ap_NS_fsm[0]
                         FDSE                                         r  bd_0_i/hls_inst/inst/ap_CS_fsm_reg[0]/D
  -------------------------------------------------------------------    -------------------

                         (clock ap_clk rise edge)     0.000     0.000 r  
                                                      0.000     0.000 r  ap_clk (IN)
                         net (fo=775, unset)          0.432     0.432    bd_0_i/hls_inst/inst/ap_clk
                         FDSE                                         r  bd_0_i/hls_inst/inst/ap_CS_fsm_reg[0]/C
                         clock pessimism              0.000     0.432    
                         FDSE (Hold_fdse_C_D)         0.120     0.552    bd_0_i/hls_inst/inst/ap_CS_fsm_reg[0]
  -------------------------------------------------------------------
                         required time                         -0.552    
                         arrival time                           0.808    
  -------------------------------------------------------------------
                         slack                                  0.256    





Pulse Width Checks
--------------------------------------------------------------------------------------
Clock Name:         ap_clk
Waveform(ns):       { 0.000 5.000 }
Period(ns):         10.000
Sources:            { ap_clk }

Check Type        Corner  Lib Pin      Reference Pin  Required(ns)  Actual(ns)  Slack(ns)  Location  Pin
Min Period        n/a     DSP48E1/CLK  n/a            3.884         10.000      6.116                bd_0_i/hls_inst/inst/mul_64ns_66ns_129_5_1_U1/fn1_mul_64ns_66ns_129_5_1_Multiplier_0_U/buff0_reg__1/CLK
Low Pulse Width   Fast    FDRE/C       n/a            0.500         5.000       4.500                bd_0_i/hls_inst/inst/mul_59ns_16ns_64_5_1_U3/fn1_mul_59ns_16ns_64_5_1_Multiplier_1_U/buff1_reg[0]/C
High Pulse Width  Slow    FDRE/C       n/a            0.500         5.000       4.500                bd_0_i/hls_inst/inst/mul_59ns_16ns_64_5_1_U3/fn1_mul_59ns_16ns_64_5_1_Multiplier_1_U/buff1_reg[0]/C



