#-----------------------------------------------------------
# Vivado v2020.2 (64-bit)
# SW Build 3064766 on Wed Nov 18 09:12:47 MST 2020
# IP Build 3064653 on Wed Nov 18 14:17:31 MST 2020
# Start of session at: Sun May 16 14:28:03 2021
# Process ID: 24991
# Current directory: /nethome/chao33/GNN-for-DFG/toy_example/project_tmp/solution_tmp/impl/verilog
# Command line: vivado project.xpr
# Log file: /nethome/chao33/GNN-for-DFG/toy_example/project_tmp/solution_tmp/impl/verilog/vivado.log
# Journal file: /nethome/chao33/GNN-for-DFG/toy_example/project_tmp/solution_tmp/impl/verilog/vivado.jou
#-----------------------------------------------------------
start_gui
open_project project.xpr
Scanning sources...
Finished scanning sources
INFO: [IP_Flow 19-234] Refreshing IP repositories
INFO: [IP_Flow 19-1700] Loaded user IP repository '/nethome/chao33/GNN-for-DFG/toy_example/project_tmp/solution_tmp/impl/ip'.
INFO: [IP_Flow 19-2313] Loaded Vivado IP repository '/tools/xilinx/Vivado/2020.2/data/ip'.
open_project: Time (s): cpu = 00:00:34 ; elapsed = 00:00:16 . Memory (MB): peak = 7584.324 ; gain = 83.246 ; free physical = 145512 ; free virtual = 238092
update_compile_order -fileset sources_1
INFO: [IP_Flow 19-3899] Cannot get the environment domain name variable for the component vendor name. Setting the vendor name to 'user.org'.
open_run impl_1
INFO: [Device 21-403] Loading part xc7z020clg484-1
Netlist sorting complete. Time (s): cpu = 00:00:00.02 ; elapsed = 00:00:00.02 . Memory (MB): peak = 7700.363 ; gain = 0.000 ; free physical = 145377 ; free virtual = 237923
INFO: [Netlist 29-17] Analyzing 46 Unisim elements for replacement
INFO: [Netlist 29-28] Unisim Transformation completed in 0 CPU seconds
INFO: [Project 1-479] Netlist was created with Vivado 2020.2
INFO: [Project 1-570] Preparing netlist for logic optimization
INFO: [Timing 38-478] Restoring timing data from binary archive.
INFO: [Timing 38-479] Binary timing data restore complete.
INFO: [Project 1-856] Restoring constraints from binary archive.
INFO: [Project 1-853] Binary constraint restore complete.
Reading XDEF placement.
Reading placer database...
Reading XDEF routing.
Read XDEF File: Time (s): cpu = 00:00:00.16 ; elapsed = 00:00:00.18 . Memory (MB): peak = 8053.113 ; gain = 5.000 ; free physical = 144712 ; free virtual = 237301
Restored from archive | CPU: 0.190000 secs | Memory: 0.587669 MB |
Finished XDEF File Restore: Time (s): cpu = 00:00:00.16 ; elapsed = 00:00:00.18 . Memory (MB): peak = 8053.113 ; gain = 5.000 ; free physical = 144712 ; free virtual = 237301
Netlist sorting complete. Time (s): cpu = 00:00:00 ; elapsed = 00:00:00 . Memory (MB): peak = 8053.113 ; gain = 0.000 ; free physical = 144712 ; free virtual = 237301
INFO: [Project 1-111] Unisim Transformation Summary:
No Unisim elements were transformed.

open_run: Time (s): cpu = 00:01:03 ; elapsed = 00:00:37 . Memory (MB): peak = 8317.711 ; gain = 617.348 ; free physical = 144526 ; free virtual = 237120
exit
INFO: [Common 17-206] Exiting Vivado at Sun May 16 22:33:21 2021...
