
*** Running vivado
    with args -log bd_0_wrapper.vdi -applog -m64 -product Vivado -messageDb vivado.pb -mode batch -source bd_0_wrapper.tcl -notrace


****** Vivado v2020.2 (64-bit)
  **** SW Build 3064766 on Wed Nov 18 09:12:47 MST 2020
  **** IP Build 3064653 on Wed Nov 18 14:17:31 MST 2020
    ** Copyright 1986-2020 Xilinx, Inc. All Rights Reserved.

source bd_0_wrapper.tcl -notrace
Command: open_checkpoint /home/nanwu/GNN_DFG/bb/dfg_13/project_tmp/solution_tmp/impl/verilog/project.runs/impl_1/bd_0_wrapper.dcp

Starting open_checkpoint Task

Time (s): cpu = 00:00:00.09 ; elapsed = 00:00:00.05 . Memory (MB): peak = 2395.309 ; gain = 0.000 ; free physical = 17843 ; free virtual = 126456
INFO: [Device 21-403] Loading part xc7z020clg484-1
Netlist sorting complete. Time (s): cpu = 00:00:00.01 ; elapsed = 00:00:00.02 . Memory (MB): peak = 2397.422 ; gain = 0.000 ; free physical = 17015 ; free virtual = 125633
INFO: [Netlist 29-17] Analyzing 105 Unisim elements for replacement
INFO: [Netlist 29-28] Unisim Transformation completed in 0 CPU seconds
INFO: [Project 1-479] Netlist was created with Vivado 2020.2
INFO: [Project 1-570] Preparing netlist for logic optimization
INFO: [Timing 38-478] Restoring timing data from binary archive.
INFO: [Timing 38-479] Binary timing data restore complete.
INFO: [Project 1-856] Restoring constraints from binary archive.
INFO: [Project 1-853] Binary constraint restore complete.
Netlist sorting complete. Time (s): cpu = 00:00:00 ; elapsed = 00:00:00 . Memory (MB): peak = 2714.309 ; gain = 0.000 ; free physical = 15793 ; free virtual = 124427
INFO: [Project 1-111] Unisim Transformation Summary:
No Unisim elements were transformed.

INFO: [Project 1-604] Checkpoint was created with Vivado v2020.2 (64-bit) build 3064766
open_checkpoint: Time (s): cpu = 00:00:11 ; elapsed = 00:00:12 . Memory (MB): peak = 2714.309 ; gain = 321.969 ; free physical = 15793 ; free virtual = 124427
INFO: [IP_Flow 19-234] Refreshing IP repositories
INFO: [IP_Flow 19-1700] Loaded user IP repository '/home/nanwu/GNN_DFG/bb/dfg_13/project_tmp/solution_tmp/impl/ip'.
INFO: [IP_Flow 19-2313] Loaded Vivado IP repository '/opt/Xilinx/Vivado/2020.2/data/ip'.
Command: opt_design
Attempting to get a license for feature 'Implementation' and/or device 'xc7z020'
INFO: [Common 17-349] Got license for feature 'Implementation' and/or device 'xc7z020'
Running DRC as a precondition to command opt_design

Starting DRC Task
INFO: [DRC 23-27] Running DRC with 8 threads
INFO: [Project 1-461] DRC finished with 0 Errors
INFO: [Project 1-462] Please refer to the DRC report (report_drc) for more information.

Time (s): cpu = 00:00:02 ; elapsed = 00:00:01 . Memory (MB): peak = 2846.715 ; gain = 117.562 ; free physical = 15746 ; free virtual = 124388

Starting Cache Timing Information Task
Ending Cache Timing Information Task | Checksum: cb8dba8f

Time (s): cpu = 00:00:00.02 ; elapsed = 00:00:00.02 . Memory (MB): peak = 2846.715 ; gain = 0.000 ; free physical = 15747 ; free virtual = 124389

Starting Logic Optimization Task

Phase 1 Retarget
INFO: [Opt 31-138] Pushed 0 inverter(s) to 0 load pin(s).
INFO: [Opt 31-49] Retargeted 0 cell(s).
Phase 1 Retarget | Checksum: 7e4b57c1

Time (s): cpu = 00:00:00.18 ; elapsed = 00:00:00.08 . Memory (MB): peak = 2929.699 ; gain = 0.000 ; free physical = 15147 ; free virtual = 123790
INFO: [Opt 31-389] Phase Retarget created 0 cells and removed 1 cells

Phase 2 Constant propagation
INFO: [Opt 31-138] Pushed 0 inverter(s) to 0 load pin(s).
Phase 2 Constant propagation | Checksum: 82392e32

Time (s): cpu = 00:00:00.19 ; elapsed = 00:00:00.10 . Memory (MB): peak = 2929.699 ; gain = 0.000 ; free physical = 15132 ; free virtual = 123775
INFO: [Opt 31-389] Phase Constant propagation created 0 cells and removed 0 cells

Phase 3 Sweep
Phase 3 Sweep | Checksum: 768b86c3

Time (s): cpu = 00:00:00.21 ; elapsed = 00:00:00.11 . Memory (MB): peak = 2929.699 ; gain = 0.000 ; free physical = 15107 ; free virtual = 123750
INFO: [Opt 31-389] Phase Sweep created 0 cells and removed 0 cells

Phase 4 BUFG optimization
Phase 4 BUFG optimization | Checksum: 768b86c3

Time (s): cpu = 00:00:00.21 ; elapsed = 00:00:00.12 . Memory (MB): peak = 2929.699 ; gain = 0.000 ; free physical = 15100 ; free virtual = 123743
INFO: [Opt 31-662] Phase BUFG optimization created 0 cells of which 0 are BUFGs and removed 0 cells.

Phase 5 Shift Register Optimization
INFO: [Opt 31-1064] SRL Remap converted 0 SRLs to 0 registers and converted 0 registers of register chains to 0 SRLs
Phase 5 Shift Register Optimization | Checksum: 768b86c3

Time (s): cpu = 00:00:00.21 ; elapsed = 00:00:00.12 . Memory (MB): peak = 2929.699 ; gain = 0.000 ; free physical = 15096 ; free virtual = 123739
INFO: [Opt 31-389] Phase Shift Register Optimization created 0 cells and removed 0 cells

Phase 6 Post Processing Netlist
Phase 6 Post Processing Netlist | Checksum: 768b86c3

Time (s): cpu = 00:00:00.22 ; elapsed = 00:00:00.12 . Memory (MB): peak = 2929.699 ; gain = 0.000 ; free physical = 15090 ; free virtual = 123733
INFO: [Opt 31-389] Phase Post Processing Netlist created 0 cells and removed 0 cells
Opt_design Change Summary
=========================


-------------------------------------------------------------------------------------------------------------------------
|  Phase                        |  #Cells created  |  #Cells Removed  |  #Constrained objects preventing optimizations  |
-------------------------------------------------------------------------------------------------------------------------
|  Retarget                     |               0  |               1  |                                              0  |
|  Constant propagation         |               0  |               0  |                                              0  |
|  Sweep                        |               0  |               0  |                                              0  |
|  BUFG optimization            |               0  |               0  |                                              0  |
|  Shift Register Optimization  |               0  |               0  |                                              0  |
|  Post Processing Netlist      |               0  |               0  |                                              0  |
-------------------------------------------------------------------------------------------------------------------------



Starting Connectivity Check Task

Time (s): cpu = 00:00:00 ; elapsed = 00:00:00 . Memory (MB): peak = 2953.711 ; gain = 0.000 ; free physical = 15045 ; free virtual = 123688
Ending Logic Optimization Task | Checksum: 146f377ac

Time (s): cpu = 00:00:00.41 ; elapsed = 00:00:00.16 . Memory (MB): peak = 2953.711 ; gain = 24.012 ; free physical = 15043 ; free virtual = 123686

Starting Power Optimization Task
INFO: [Pwropt 34-132] Skipping clock gating for clocks with a period < 2.00 ns.
Ending Power Optimization Task | Checksum: 146f377ac

Time (s): cpu = 00:00:00.01 ; elapsed = 00:00:00.01 . Memory (MB): peak = 2953.711 ; gain = 0.000 ; free physical = 15028 ; free virtual = 123671

Starting Final Cleanup Task
Ending Final Cleanup Task | Checksum: 146f377ac

Time (s): cpu = 00:00:00 ; elapsed = 00:00:00 . Memory (MB): peak = 2953.711 ; gain = 0.000 ; free physical = 15027 ; free virtual = 123670

Starting Netlist Obfuscation Task
Netlist sorting complete. Time (s): cpu = 00:00:00 ; elapsed = 00:00:00 . Memory (MB): peak = 2953.711 ; gain = 0.000 ; free physical = 15027 ; free virtual = 123670
Ending Netlist Obfuscation Task | Checksum: 146f377ac

Time (s): cpu = 00:00:00 ; elapsed = 00:00:00 . Memory (MB): peak = 2953.711 ; gain = 0.000 ; free physical = 15026 ; free virtual = 123669
INFO: [Common 17-83] Releasing license: Implementation
30 Infos, 0 Warnings, 0 Critical Warnings and 0 Errors encountered.
opt_design completed successfully
INFO: [Timing 38-35] Done setting XDC timing constraints.
INFO: [Timing 38-480] Writing timing data to binary archive.
INFO: [Common 17-1381] The checkpoint '/home/nanwu/GNN_DFG/bb/dfg_13/project_tmp/solution_tmp/impl/verilog/project.runs/impl_1/bd_0_wrapper_opt.dcp' has been generated.
INFO: [runtcl-4] Executing : report_drc -file bd_0_wrapper_drc_opted.rpt -pb bd_0_wrapper_drc_opted.pb -rpx bd_0_wrapper_drc_opted.rpx
Command: report_drc -file bd_0_wrapper_drc_opted.rpt -pb bd_0_wrapper_drc_opted.pb -rpx bd_0_wrapper_drc_opted.rpx
INFO: [IP_Flow 19-1839] IP Catalog is up to date.
WARNING: [Timing 38-242] The property HD.CLK_SRC of clock port "ap_clk" is not set. In out-of-context mode, this prevents timing estimation for clock delay/skew
Resolution: Set the HD.CLK_SRC property of the out-of-context port to the location of the clock buffer instance in the top-level design
INFO: [DRC 23-27] Running DRC with 8 threads
INFO: [Coretcl 2-168] The results of DRC are in file /home/nanwu/GNN_DFG/bb/dfg_13/project_tmp/solution_tmp/impl/verilog/project.runs/impl_1/bd_0_wrapper_drc_opted.rpt.
report_drc completed successfully
Command: place_design
Attempting to get a license for feature 'Implementation' and/or device 'xc7z020'
INFO: [Common 17-349] Got license for feature 'Implementation' and/or device 'xc7z020'
INFO: [DRC 23-27] Running DRC with 8 threads
INFO: [Vivado_Tcl 4-198] DRC finished with 0 Errors
INFO: [Vivado_Tcl 4-199] Please refer to the DRC report (report_drc) for more information.
Running DRC as a precondition to command place_design
INFO: [DRC 23-27] Running DRC with 8 threads
INFO: [Vivado_Tcl 4-198] DRC finished with 0 Errors
INFO: [Vivado_Tcl 4-199] Please refer to the DRC report (report_drc) for more information.

Starting Placer Task
INFO: [Place 30-611] Multithreading enabled for place_design using a maximum of 8 CPUs

Phase 1 Placer Initialization

Phase 1.1 Placer Initialization Netlist Sorting
Netlist sorting complete. Time (s): cpu = 00:00:00 ; elapsed = 00:00:00 . Memory (MB): peak = 3154.742 ; gain = 0.000 ; free physical = 15055 ; free virtual = 123739
Phase 1.1 Placer Initialization Netlist Sorting | Checksum: fa80bf87

Time (s): cpu = 00:00:00.01 ; elapsed = 00:00:00.04 . Memory (MB): peak = 3154.742 ; gain = 0.000 ; free physical = 15054 ; free virtual = 123738
Netlist sorting complete. Time (s): cpu = 00:00:00 ; elapsed = 00:00:00 . Memory (MB): peak = 3154.742 ; gain = 0.000 ; free physical = 15054 ; free virtual = 123738

Phase 1.2 IO Placement/ Clock Placement/ Build Placer Device
Phase 1.2 IO Placement/ Clock Placement/ Build Placer Device | Checksum: 175cc138

Time (s): cpu = 00:00:00.62 ; elapsed = 00:00:00.19 . Memory (MB): peak = 3154.742 ; gain = 0.000 ; free physical = 15074 ; free virtual = 123758

Phase 1.3 Build Placer Netlist Model
Phase 1.3 Build Placer Netlist Model | Checksum: 105264229

Time (s): cpu = 00:00:01 ; elapsed = 00:00:00.45 . Memory (MB): peak = 3154.742 ; gain = 0.000 ; free physical = 15074 ; free virtual = 123758

Phase 1.4 Constrain Clocks/Macros
Phase 1.4 Constrain Clocks/Macros | Checksum: 105264229

Time (s): cpu = 00:00:01 ; elapsed = 00:00:00.45 . Memory (MB): peak = 3154.742 ; gain = 0.000 ; free physical = 15073 ; free virtual = 123756
Phase 1 Placer Initialization | Checksum: 105264229

Time (s): cpu = 00:00:01 ; elapsed = 00:00:00.45 . Memory (MB): peak = 3154.742 ; gain = 0.000 ; free physical = 15072 ; free virtual = 123756

Phase 2 Global Placement

Phase 2.1 Floorplanning
Phase 2.1 Floorplanning | Checksum: 5c7a6d29

Time (s): cpu = 00:00:02 ; elapsed = 00:00:00.67 . Memory (MB): peak = 3162.746 ; gain = 8.004 ; free physical = 15032 ; free virtual = 123715

Phase 2.2 Update Timing before SLR Path Opt
Phase 2.2 Update Timing before SLR Path Opt | Checksum: 9438cd60

Time (s): cpu = 00:00:03 ; elapsed = 00:00:00.71 . Memory (MB): peak = 3162.746 ; gain = 8.004 ; free physical = 15045 ; free virtual = 123729

Phase 2.3 Global Placement Core

Phase 2.3.1 Physical Synthesis In Placer
INFO: [Physopt 32-1035] Found 0 LUTNM shape to break, 3 LUT instances to create LUTNM shape
INFO: [Physopt 32-1044] Break lutnm for timing: one critical 0, two critical 0, total 0, new lutff created 0
INFO: [Physopt 32-775] End 1 Pass. Optimized 1 net or cell. Created 0 new cell, deleted 1 existing cell and moved 0 existing cell
INFO: [Physopt 32-65] No nets found for high-fanout optimization.
INFO: [Physopt 32-232] Optimized 0 net. Created 0 new instance.
INFO: [Physopt 32-775] End 1 Pass. Optimized 0 net or cell. Created 0 new cell, deleted 0 existing cell and moved 0 existing cell
INFO: [Physopt 32-670] No setup violation found.  DSP Register Optimization was not performed.
INFO: [Physopt 32-670] No setup violation found.  Shift Register to Pipeline Optimization was not performed.
INFO: [Physopt 32-670] No setup violation found.  Shift Register Optimization was not performed.
INFO: [Physopt 32-670] No setup violation found.  BRAM Register Optimization was not performed.
INFO: [Physopt 32-670] No setup violation found.  URAM Register Optimization was not performed.
INFO: [Physopt 32-949] No candidate nets found for dynamic/static region interface net replication
INFO: [Physopt 32-775] End 1 Pass. Optimized 0 net or cell. Created 0 new cell, deleted 0 existing cell and moved 0 existing cell
Netlist sorting complete. Time (s): cpu = 00:00:00 ; elapsed = 00:00:00 . Memory (MB): peak = 3162.746 ; gain = 0.000 ; free physical = 14708 ; free virtual = 123392

Summary of Physical Synthesis Optimizations
============================================


-----------------------------------------------------------------------------------------------------------------------------------------------------------
|  Optimization                                     |  Added Cells  |  Removed Cells  |  Optimized Cells/Nets  |  Dont Touch  |  Iterations  |  Elapsed   |
-----------------------------------------------------------------------------------------------------------------------------------------------------------
|  LUT Combining                                    |            0  |              1  |                     1  |           0  |           1  |  00:00:00  |
|  Very High Fanout                                 |            0  |              0  |                     0  |           0  |           1  |  00:00:00  |
|  DSP Register                                     |            0  |              0  |                     0  |           0  |           0  |  00:00:00  |
|  Shift Register to Pipeline                       |            0  |              0  |                     0  |           0  |           0  |  00:00:00  |
|  Shift Register                                   |            0  |              0  |                     0  |           0  |           0  |  00:00:00  |
|  BRAM Register                                    |            0  |              0  |                     0  |           0  |           0  |  00:00:00  |
|  URAM Register                                    |            0  |              0  |                     0  |           0  |           0  |  00:00:00  |
|  Dynamic/Static Region Interface Net Replication  |            0  |              0  |                     0  |           0  |           1  |  00:00:00  |
|  Total                                            |            0  |              1  |                     1  |           0  |           3  |  00:00:00  |
-----------------------------------------------------------------------------------------------------------------------------------------------------------


Phase 2.3.1 Physical Synthesis In Placer | Checksum: ad025428

Time (s): cpu = 00:00:20 ; elapsed = 00:00:04 . Memory (MB): peak = 3162.746 ; gain = 8.004 ; free physical = 14700 ; free virtual = 123384
Phase 2.3 Global Placement Core | Checksum: ab80b4d8

Time (s): cpu = 00:00:20 ; elapsed = 00:00:04 . Memory (MB): peak = 3162.746 ; gain = 8.004 ; free physical = 14693 ; free virtual = 123377
Phase 2 Global Placement | Checksum: ab80b4d8

Time (s): cpu = 00:00:20 ; elapsed = 00:00:04 . Memory (MB): peak = 3162.746 ; gain = 8.004 ; free physical = 14693 ; free virtual = 123377

Phase 3 Detail Placement

Phase 3.1 Commit Multi Column Macros
Phase 3.1 Commit Multi Column Macros | Checksum: 3bc6d500

Time (s): cpu = 00:00:20 ; elapsed = 00:00:04 . Memory (MB): peak = 3162.746 ; gain = 8.004 ; free physical = 14687 ; free virtual = 123371

Phase 3.2 Commit Most Macros & LUTRAMs
Phase 3.2 Commit Most Macros & LUTRAMs | Checksum: 17fb4ccb0

Time (s): cpu = 00:00:21 ; elapsed = 00:00:04 . Memory (MB): peak = 3162.746 ; gain = 8.004 ; free physical = 14675 ; free virtual = 123358

Phase 3.3 Area Swap Optimization
Phase 3.3 Area Swap Optimization | Checksum: 19b81f3b0

Time (s): cpu = 00:00:21 ; elapsed = 00:00:04 . Memory (MB): peak = 3162.746 ; gain = 8.004 ; free physical = 14673 ; free virtual = 123357

Phase 3.4 Pipeline Register Optimization
Phase 3.4 Pipeline Register Optimization | Checksum: 126e3db71

Time (s): cpu = 00:00:21 ; elapsed = 00:00:04 . Memory (MB): peak = 3162.746 ; gain = 8.004 ; free physical = 14673 ; free virtual = 123357

Phase 3.5 Small Shape Detail Placement
Phase 3.5 Small Shape Detail Placement | Checksum: 1b821b2ff

Time (s): cpu = 00:00:22 ; elapsed = 00:00:04 . Memory (MB): peak = 3162.746 ; gain = 8.004 ; free physical = 14187 ; free virtual = 122871

Phase 3.6 Re-assign LUT pins
Phase 3.6 Re-assign LUT pins | Checksum: 11c975105

Time (s): cpu = 00:00:22 ; elapsed = 00:00:05 . Memory (MB): peak = 3162.746 ; gain = 8.004 ; free physical = 14149 ; free virtual = 122833

Phase 3.7 Pipeline Register Optimization
Phase 3.7 Pipeline Register Optimization | Checksum: 11997b4fe

Time (s): cpu = 00:00:22 ; elapsed = 00:00:05 . Memory (MB): peak = 3162.746 ; gain = 8.004 ; free physical = 14142 ; free virtual = 122826
Phase 3 Detail Placement | Checksum: 11997b4fe

Time (s): cpu = 00:00:22 ; elapsed = 00:00:05 . Memory (MB): peak = 3162.746 ; gain = 8.004 ; free physical = 14138 ; free virtual = 122822

Phase 4 Post Placement Optimization and Clean-Up

Phase 4.1 Post Commit Optimization
INFO: [Timing 38-35] Done setting XDC timing constraints.

Phase 4.1.1 Post Placement Optimization
Post Placement Optimization Initialization | Checksum: 89493d73

Phase 4.1.1.1 BUFG Insertion

Starting Physical Synthesis Task

Phase 1 Physical Synthesis Initialization
INFO: [Physopt 32-721] Multithreading enabled for phys_opt_design using a maximum of 8 CPUs
INFO: [Physopt 32-619] Estimated Timing Summary | WNS=2.772 | TNS=0.000 |
Phase 1 Physical Synthesis Initialization | Checksum: b8027189

Time (s): cpu = 00:00:00.18 ; elapsed = 00:00:00.04 . Memory (MB): peak = 3162.746 ; gain = 0.000 ; free physical = 13943 ; free virtual = 122627
INFO: [Place 46-56] BUFG insertion identified 0 candidate nets. Inserted BUFG: 0, Replicated BUFG Driver: 0, Skipped due to Placement/Routing Conflicts: 0, Skipped due to Timing Degradation: 0, Skipped due to Illegal Netlist: 0.
Ending Physical Synthesis Task | Checksum: 9504efad

Time (s): cpu = 00:00:00.18 ; elapsed = 00:00:00.05 . Memory (MB): peak = 3162.746 ; gain = 0.000 ; free physical = 13932 ; free virtual = 122615
Phase 4.1.1.1 BUFG Insertion | Checksum: 89493d73

Time (s): cpu = 00:00:23 ; elapsed = 00:00:05 . Memory (MB): peak = 3162.746 ; gain = 8.004 ; free physical = 13927 ; free virtual = 122611
INFO: [Place 30-746] Post Placement Timing Summary WNS=2.772. For the most accurate timing information please run report_timing.

Time (s): cpu = 00:00:23 ; elapsed = 00:00:05 . Memory (MB): peak = 3162.746 ; gain = 8.004 ; free physical = 13922 ; free virtual = 122606
Phase 4.1 Post Commit Optimization | Checksum: 119e56c51

Time (s): cpu = 00:00:23 ; elapsed = 00:00:05 . Memory (MB): peak = 3162.746 ; gain = 8.004 ; free physical = 13918 ; free virtual = 122602

Phase 4.2 Post Placement Cleanup
Phase 4.2 Post Placement Cleanup | Checksum: 119e56c51

Time (s): cpu = 00:00:23 ; elapsed = 00:00:05 . Memory (MB): peak = 3162.746 ; gain = 8.004 ; free physical = 13910 ; free virtual = 122594

Phase 4.3 Placer Reporting

Phase 4.3.1 Print Estimated Congestion
INFO: [Place 30-612] Post-Placement Estimated Congestion 
 ____________________________________________________
|           | Global Congestion | Short Congestion  |
| Direction | Region Size       | Region Size       |
|___________|___________________|___________________|
|      North|                1x1|                1x1|
|___________|___________________|___________________|
|      South|                1x1|                1x1|
|___________|___________________|___________________|
|       East|                1x1|                1x1|
|___________|___________________|___________________|
|       West|                1x1|                1x1|
|___________|___________________|___________________|

Phase 4.3.1 Print Estimated Congestion | Checksum: 119e56c51

Time (s): cpu = 00:00:23 ; elapsed = 00:00:05 . Memory (MB): peak = 3162.746 ; gain = 8.004 ; free physical = 13904 ; free virtual = 122588
Phase 4.3 Placer Reporting | Checksum: 119e56c51

Time (s): cpu = 00:00:23 ; elapsed = 00:00:05 . Memory (MB): peak = 3162.746 ; gain = 8.004 ; free physical = 13900 ; free virtual = 122584

Phase 4.4 Final Placement Cleanup
Netlist sorting complete. Time (s): cpu = 00:00:00 ; elapsed = 00:00:00 . Memory (MB): peak = 3162.746 ; gain = 0.000 ; free physical = 13900 ; free virtual = 122583

Time (s): cpu = 00:00:23 ; elapsed = 00:00:05 . Memory (MB): peak = 3162.746 ; gain = 8.004 ; free physical = 13899 ; free virtual = 122583
Phase 4 Post Placement Optimization and Clean-Up | Checksum: 16224c601

Time (s): cpu = 00:00:23 ; elapsed = 00:00:05 . Memory (MB): peak = 3162.746 ; gain = 8.004 ; free physical = 13895 ; free virtual = 122579
Ending Placer Task | Checksum: 90d19138

Time (s): cpu = 00:00:23 ; elapsed = 00:00:05 . Memory (MB): peak = 3162.746 ; gain = 8.004 ; free physical = 13891 ; free virtual = 122575
INFO: [Common 17-83] Releasing license: Implementation
65 Infos, 1 Warnings, 0 Critical Warnings and 0 Errors encountered.
place_design completed successfully
place_design: Time (s): cpu = 00:00:25 ; elapsed = 00:00:06 . Memory (MB): peak = 3162.746 ; gain = 8.004 ; free physical = 13909 ; free virtual = 122593
INFO: [Timing 38-480] Writing timing data to binary archive.
Writing placer database...
Writing XDEF routing.
Writing XDEF routing logical nets.
Writing XDEF routing special nets.
Write XDEF Complete: Time (s): cpu = 00:00:00.42 ; elapsed = 00:00:00.16 . Memory (MB): peak = 3162.746 ; gain = 0.000 ; free physical = 13857 ; free virtual = 122544
INFO: [Common 17-1381] The checkpoint '/home/nanwu/GNN_DFG/bb/dfg_13/project_tmp/solution_tmp/impl/verilog/project.runs/impl_1/bd_0_wrapper_placed.dcp' has been generated.
INFO: [runtcl-4] Executing : report_io -file bd_0_wrapper_io_placed.rpt
report_io: Time (s): cpu = 00:00:00.12 ; elapsed = 00:00:00.18 . Memory (MB): peak = 3162.746 ; gain = 0.000 ; free physical = 13825 ; free virtual = 122509
INFO: [runtcl-4] Executing : report_utilization -file bd_0_wrapper_utilization_placed.rpt -pb bd_0_wrapper_utilization_placed.pb
INFO: [runtcl-4] Executing : report_control_sets -verbose -file bd_0_wrapper_control_sets_placed.rpt
report_control_sets: Time (s): cpu = 00:00:00.08 ; elapsed = 00:00:00.13 . Memory (MB): peak = 3162.746 ; gain = 0.000 ; free physical = 13836 ; free virtual = 122520
Command: phys_opt_design
Attempting to get a license for feature 'Implementation' and/or device 'xc7z020'
INFO: [Common 17-349] Got license for feature 'Implementation' and/or device 'xc7z020'
INFO: [Vivado_Tcl 4-383] Design worst setup slack (WNS) is greater than or equal to 0.000 ns. Skipping all physical synthesis optimizations.
INFO: [Vivado_Tcl 4-232] No setup violation found. The netlist was not modified.
INFO: [Common 17-83] Releasing license: Implementation
74 Infos, 1 Warnings, 0 Critical Warnings and 0 Errors encountered.
phys_opt_design completed successfully
INFO: [Timing 38-480] Writing timing data to binary archive.
Writing placer database...
Writing XDEF routing.
Writing XDEF routing logical nets.
Writing XDEF routing special nets.
Write XDEF Complete: Time (s): cpu = 00:00:00.31 ; elapsed = 00:00:00.08 . Memory (MB): peak = 3162.746 ; gain = 0.000 ; free physical = 14484 ; free virtual = 123172
INFO: [Common 17-1381] The checkpoint '/home/nanwu/GNN_DFG/bb/dfg_13/project_tmp/solution_tmp/impl/verilog/project.runs/impl_1/bd_0_wrapper_physopt.dcp' has been generated.
Command: route_design
Attempting to get a license for feature 'Implementation' and/or device 'xc7z020'
INFO: [Common 17-349] Got license for feature 'Implementation' and/or device 'xc7z020'
Running DRC as a precondition to command route_design
WARNING: [Timing 38-242] The property HD.CLK_SRC of clock port "ap_clk" is not set. In out-of-context mode, this prevents timing estimation for clock delay/skew
Resolution: Set the HD.CLK_SRC property of the out-of-context port to the location of the clock buffer instance in the top-level design
INFO: [DRC 23-27] Running DRC with 8 threads
INFO: [Vivado_Tcl 4-198] DRC finished with 0 Errors
INFO: [Vivado_Tcl 4-199] Please refer to the DRC report (report_drc) for more information.


Starting Routing Task
INFO: [Route 35-254] Multithreading enabled for route_design using a maximum of 8 CPUs
Checksum: PlaceDB: 1db9840f ConstDB: 0 ShapeSum: 73180d29 RouteDB: 0

Phase 1 Build RT Design
WARNING: [Route 35-197] Clock port "ap_clk" does not have an associated HD.CLK_SRC. Without this constraint, timing analysis may not be accurate and upstream checks cannot be done to ensure correct clock placement.
WARNING: [Route 35-198] Port "ap_rst" does not have an associated HD.PARTPIN_LOCS, which will prevent the partial routing of the signal "ap_rst". Without this partial route, timing analysis to/from this port will not be accurate, and no routing information for this port can be exported.
WARNING: [Route 35-198] Port "ap_ctrl_start" does not have an associated HD.PARTPIN_LOCS, which will prevent the partial routing of the signal "ap_ctrl_start". Without this partial route, timing analysis to/from this port will not be accurate, and no routing information for this port can be exported.
WARNING: [Route 35-198] Port "p_13[1]" does not have an associated HD.PARTPIN_LOCS, which will prevent the partial routing of the signal "p_13[1]". Without this partial route, timing analysis to/from this port will not be accurate, and no routing information for this port can be exported.
WARNING: [Route 35-198] Port "p_13[7]" does not have an associated HD.PARTPIN_LOCS, which will prevent the partial routing of the signal "p_13[7]". Without this partial route, timing analysis to/from this port will not be accurate, and no routing information for this port can be exported.
WARNING: [Route 35-198] Port "p_13[8]" does not have an associated HD.PARTPIN_LOCS, which will prevent the partial routing of the signal "p_13[8]". Without this partial route, timing analysis to/from this port will not be accurate, and no routing information for this port can be exported.
WARNING: [Route 35-198] Port "p_13[10]" does not have an associated HD.PARTPIN_LOCS, which will prevent the partial routing of the signal "p_13[10]". Without this partial route, timing analysis to/from this port will not be accurate, and no routing information for this port can be exported.
WARNING: [Route 35-198] Port "p_13[11]" does not have an associated HD.PARTPIN_LOCS, which will prevent the partial routing of the signal "p_13[11]". Without this partial route, timing analysis to/from this port will not be accurate, and no routing information for this port can be exported.
WARNING: [Route 35-198] Port "p_13[12]" does not have an associated HD.PARTPIN_LOCS, which will prevent the partial routing of the signal "p_13[12]". Without this partial route, timing analysis to/from this port will not be accurate, and no routing information for this port can be exported.
WARNING: [Route 35-198] Port "p_13[13]" does not have an associated HD.PARTPIN_LOCS, which will prevent the partial routing of the signal "p_13[13]". Without this partial route, timing analysis to/from this port will not be accurate, and no routing information for this port can be exported.
WARNING: [Route 35-198] Port "p_13[14]" does not have an associated HD.PARTPIN_LOCS, which will prevent the partial routing of the signal "p_13[14]". Without this partial route, timing analysis to/from this port will not be accurate, and no routing information for this port can be exported.
WARNING: [Route 35-198] Port "p_13[15]" does not have an associated HD.PARTPIN_LOCS, which will prevent the partial routing of the signal "p_13[15]". Without this partial route, timing analysis to/from this port will not be accurate, and no routing information for this port can be exported.
WARNING: [Route 35-198] Port "p_13[17]" does not have an associated HD.PARTPIN_LOCS, which will prevent the partial routing of the signal "p_13[17]". Without this partial route, timing analysis to/from this port will not be accurate, and no routing information for this port can be exported.
WARNING: [Route 35-198] Port "p_13[18]" does not have an associated HD.PARTPIN_LOCS, which will prevent the partial routing of the signal "p_13[18]". Without this partial route, timing analysis to/from this port will not be accurate, and no routing information for this port can be exported.
WARNING: [Route 35-198] Port "p_13[19]" does not have an associated HD.PARTPIN_LOCS, which will prevent the partial routing of the signal "p_13[19]". Without this partial route, timing analysis to/from this port will not be accurate, and no routing information for this port can be exported.
WARNING: [Route 35-198] Port "p_13[20]" does not have an associated HD.PARTPIN_LOCS, which will prevent the partial routing of the signal "p_13[20]". Without this partial route, timing analysis to/from this port will not be accurate, and no routing information for this port can be exported.
WARNING: [Route 35-198] Port "p_13[24]" does not have an associated HD.PARTPIN_LOCS, which will prevent the partial routing of the signal "p_13[24]". Without this partial route, timing analysis to/from this port will not be accurate, and no routing information for this port can be exported.
WARNING: [Route 35-198] Port "p_13[21]" does not have an associated HD.PARTPIN_LOCS, which will prevent the partial routing of the signal "p_13[21]". Without this partial route, timing analysis to/from this port will not be accurate, and no routing information for this port can be exported.
WARNING: [Route 35-198] Port "p_13[22]" does not have an associated HD.PARTPIN_LOCS, which will prevent the partial routing of the signal "p_13[22]". Without this partial route, timing analysis to/from this port will not be accurate, and no routing information for this port can be exported.
WARNING: [Route 35-198] Port "p_13[23]" does not have an associated HD.PARTPIN_LOCS, which will prevent the partial routing of the signal "p_13[23]". Without this partial route, timing analysis to/from this port will not be accurate, and no routing information for this port can be exported.
WARNING: [Route 35-198] Port "p_13[26]" does not have an associated HD.PARTPIN_LOCS, which will prevent the partial routing of the signal "p_13[26]". Without this partial route, timing analysis to/from this port will not be accurate, and no routing information for this port can be exported.
WARNING: [Route 35-198] Port "p_13[27]" does not have an associated HD.PARTPIN_LOCS, which will prevent the partial routing of the signal "p_13[27]". Without this partial route, timing analysis to/from this port will not be accurate, and no routing information for this port can be exported.
WARNING: [Route 35-198] Port "p_13[28]" does not have an associated HD.PARTPIN_LOCS, which will prevent the partial routing of the signal "p_13[28]". Without this partial route, timing analysis to/from this port will not be accurate, and no routing information for this port can be exported.
WARNING: [Route 35-198] Port "p_13[29]" does not have an associated HD.PARTPIN_LOCS, which will prevent the partial routing of the signal "p_13[29]". Without this partial route, timing analysis to/from this port will not be accurate, and no routing information for this port can be exported.
WARNING: [Route 35-198] Port "p_13[31]" does not have an associated HD.PARTPIN_LOCS, which will prevent the partial routing of the signal "p_13[31]". Without this partial route, timing analysis to/from this port will not be accurate, and no routing information for this port can be exported.
WARNING: [Route 35-198] Port "p_13[5]" does not have an associated HD.PARTPIN_LOCS, which will prevent the partial routing of the signal "p_13[5]". Without this partial route, timing analysis to/from this port will not be accurate, and no routing information for this port can be exported.
WARNING: [Route 35-198] Port "p_13[6]" does not have an associated HD.PARTPIN_LOCS, which will prevent the partial routing of the signal "p_13[6]". Without this partial route, timing analysis to/from this port will not be accurate, and no routing information for this port can be exported.
WARNING: [Route 35-198] Port "p_13[9]" does not have an associated HD.PARTPIN_LOCS, which will prevent the partial routing of the signal "p_13[9]". Without this partial route, timing analysis to/from this port will not be accurate, and no routing information for this port can be exported.
WARNING: [Route 35-198] Port "p_13[25]" does not have an associated HD.PARTPIN_LOCS, which will prevent the partial routing of the signal "p_13[25]". Without this partial route, timing analysis to/from this port will not be accurate, and no routing information for this port can be exported.
WARNING: [Route 35-198] Port "p_13[30]" does not have an associated HD.PARTPIN_LOCS, which will prevent the partial routing of the signal "p_13[30]". Without this partial route, timing analysis to/from this port will not be accurate, and no routing information for this port can be exported.
WARNING: [Route 35-198] Port "p[3]" does not have an associated HD.PARTPIN_LOCS, which will prevent the partial routing of the signal "p[3]". Without this partial route, timing analysis to/from this port will not be accurate, and no routing information for this port can be exported.
WARNING: [Route 35-198] Port "p[2]" does not have an associated HD.PARTPIN_LOCS, which will prevent the partial routing of the signal "p[2]". Without this partial route, timing analysis to/from this port will not be accurate, and no routing information for this port can be exported.
WARNING: [Route 35-198] Port "p[1]" does not have an associated HD.PARTPIN_LOCS, which will prevent the partial routing of the signal "p[1]". Without this partial route, timing analysis to/from this port will not be accurate, and no routing information for this port can be exported.
WARNING: [Route 35-198] Port "p[0]" does not have an associated HD.PARTPIN_LOCS, which will prevent the partial routing of the signal "p[0]". Without this partial route, timing analysis to/from this port will not be accurate, and no routing information for this port can be exported.
WARNING: [Route 35-198] Port "p[7]" does not have an associated HD.PARTPIN_LOCS, which will prevent the partial routing of the signal "p[7]". Without this partial route, timing analysis to/from this port will not be accurate, and no routing information for this port can be exported.
WARNING: [Route 35-198] Port "p[6]" does not have an associated HD.PARTPIN_LOCS, which will prevent the partial routing of the signal "p[6]". Without this partial route, timing analysis to/from this port will not be accurate, and no routing information for this port can be exported.
WARNING: [Route 35-198] Port "p[5]" does not have an associated HD.PARTPIN_LOCS, which will prevent the partial routing of the signal "p[5]". Without this partial route, timing analysis to/from this port will not be accurate, and no routing information for this port can be exported.
WARNING: [Route 35-198] Port "p[4]" does not have an associated HD.PARTPIN_LOCS, which will prevent the partial routing of the signal "p[4]". Without this partial route, timing analysis to/from this port will not be accurate, and no routing information for this port can be exported.
WARNING: [Route 35-198] Port "p_15[1]" does not have an associated HD.PARTPIN_LOCS, which will prevent the partial routing of the signal "p_15[1]". Without this partial route, timing analysis to/from this port will not be accurate, and no routing information for this port can be exported.
WARNING: [Route 35-198] Port "p_15[2]" does not have an associated HD.PARTPIN_LOCS, which will prevent the partial routing of the signal "p_15[2]". Without this partial route, timing analysis to/from this port will not be accurate, and no routing information for this port can be exported.
WARNING: [Route 35-198] Port "p_13[3]" does not have an associated HD.PARTPIN_LOCS, which will prevent the partial routing of the signal "p_13[3]". Without this partial route, timing analysis to/from this port will not be accurate, and no routing information for this port can be exported.
WARNING: [Route 35-198] Port "p_13[4]" does not have an associated HD.PARTPIN_LOCS, which will prevent the partial routing of the signal "p_13[4]". Without this partial route, timing analysis to/from this port will not be accurate, and no routing information for this port can be exported.
WARNING: [Route 35-198] Port "p_15[3]" does not have an associated HD.PARTPIN_LOCS, which will prevent the partial routing of the signal "p_15[3]". Without this partial route, timing analysis to/from this port will not be accurate, and no routing information for this port can be exported.
WARNING: [Route 35-198] Port "p_15[4]" does not have an associated HD.PARTPIN_LOCS, which will prevent the partial routing of the signal "p_15[4]". Without this partial route, timing analysis to/from this port will not be accurate, and no routing information for this port can be exported.
WARNING: [Route 35-198] Port "p_15[6]" does not have an associated HD.PARTPIN_LOCS, which will prevent the partial routing of the signal "p_15[6]". Without this partial route, timing analysis to/from this port will not be accurate, and no routing information for this port can be exported.
WARNING: [Route 35-198] Port "p_15[7]" does not have an associated HD.PARTPIN_LOCS, which will prevent the partial routing of the signal "p_15[7]". Without this partial route, timing analysis to/from this port will not be accurate, and no routing information for this port can be exported.
WARNING: [Route 35-198] Port "p_13[2]" does not have an associated HD.PARTPIN_LOCS, which will prevent the partial routing of the signal "p_13[2]". Without this partial route, timing analysis to/from this port will not be accurate, and no routing information for this port can be exported.
WARNING: [Route 35-198] Port "p_13[16]" does not have an associated HD.PARTPIN_LOCS, which will prevent the partial routing of the signal "p_13[16]". Without this partial route, timing analysis to/from this port will not be accurate, and no routing information for this port can be exported.
WARNING: [Route 35-198] Port "p_15[0]" does not have an associated HD.PARTPIN_LOCS, which will prevent the partial routing of the signal "p_15[0]". Without this partial route, timing analysis to/from this port will not be accurate, and no routing information for this port can be exported.
WARNING: [Route 35-198] Port "p_15[5]" does not have an associated HD.PARTPIN_LOCS, which will prevent the partial routing of the signal "p_15[5]". Without this partial route, timing analysis to/from this port will not be accurate, and no routing information for this port can be exported.
WARNING: [Route 35-198] Port "p_13[0]" does not have an associated HD.PARTPIN_LOCS, which will prevent the partial routing of the signal "p_13[0]". Without this partial route, timing analysis to/from this port will not be accurate, and no routing information for this port can be exported.
WARNING: [Route 35-198] Port "p_19[3]" does not have an associated HD.PARTPIN_LOCS, which will prevent the partial routing of the signal "p_19[3]". Without this partial route, timing analysis to/from this port will not be accurate, and no routing information for this port can be exported.
WARNING: [Route 35-198] Port "p_19[31]" does not have an associated HD.PARTPIN_LOCS, which will prevent the partial routing of the signal "p_19[31]". Without this partial route, timing analysis to/from this port will not be accurate, and no routing information for this port can be exported.
WARNING: [Route 35-198] Port "p_19[5]" does not have an associated HD.PARTPIN_LOCS, which will prevent the partial routing of the signal "p_19[5]". Without this partial route, timing analysis to/from this port will not be accurate, and no routing information for this port can be exported.
WARNING: [Route 35-198] Port "p_19[6]" does not have an associated HD.PARTPIN_LOCS, which will prevent the partial routing of the signal "p_19[6]". Without this partial route, timing analysis to/from this port will not be accurate, and no routing information for this port can be exported.
WARNING: [Route 35-198] Port "p_19[7]" does not have an associated HD.PARTPIN_LOCS, which will prevent the partial routing of the signal "p_19[7]". Without this partial route, timing analysis to/from this port will not be accurate, and no routing information for this port can be exported.
WARNING: [Route 35-198] Port "p_19[8]" does not have an associated HD.PARTPIN_LOCS, which will prevent the partial routing of the signal "p_19[8]". Without this partial route, timing analysis to/from this port will not be accurate, and no routing information for this port can be exported.
WARNING: [Route 35-198] Port "p_19[9]" does not have an associated HD.PARTPIN_LOCS, which will prevent the partial routing of the signal "p_19[9]". Without this partial route, timing analysis to/from this port will not be accurate, and no routing information for this port can be exported.
WARNING: [Route 35-198] Port "p_19[0]" does not have an associated HD.PARTPIN_LOCS, which will prevent the partial routing of the signal "p_19[0]". Without this partial route, timing analysis to/from this port will not be accurate, and no routing information for this port can be exported.
WARNING: [Route 35-198] Port "p_19[1]" does not have an associated HD.PARTPIN_LOCS, which will prevent the partial routing of the signal "p_19[1]". Without this partial route, timing analysis to/from this port will not be accurate, and no routing information for this port can be exported.
WARNING: [Route 35-198] Port "p_19[2]" does not have an associated HD.PARTPIN_LOCS, which will prevent the partial routing of the signal "p_19[2]". Without this partial route, timing analysis to/from this port will not be accurate, and no routing information for this port can be exported.
WARNING: [Route 35-198] Port "p_19[4]" does not have an associated HD.PARTPIN_LOCS, which will prevent the partial routing of the signal "p_19[4]". Without this partial route, timing analysis to/from this port will not be accurate, and no routing information for this port can be exported.
WARNING: [Route 35-198] Port "p_19[10]" does not have an associated HD.PARTPIN_LOCS, which will prevent the partial routing of the signal "p_19[10]". Without this partial route, timing analysis to/from this port will not be accurate, and no routing information for this port can be exported.
WARNING: [Route 35-198] Port "p_19[11]" does not have an associated HD.PARTPIN_LOCS, which will prevent the partial routing of the signal "p_19[11]". Without this partial route, timing analysis to/from this port will not be accurate, and no routing information for this port can be exported.
WARNING: [Route 35-198] Port "p_19[12]" does not have an associated HD.PARTPIN_LOCS, which will prevent the partial routing of the signal "p_19[12]". Without this partial route, timing analysis to/from this port will not be accurate, and no routing information for this port can be exported.
WARNING: [Route 35-198] Port "p_19[13]" does not have an associated HD.PARTPIN_LOCS, which will prevent the partial routing of the signal "p_19[13]". Without this partial route, timing analysis to/from this port will not be accurate, and no routing information for this port can be exported.
WARNING: [Route 35-198] Port "p_19[14]" does not have an associated HD.PARTPIN_LOCS, which will prevent the partial routing of the signal "p_19[14]". Without this partial route, timing analysis to/from this port will not be accurate, and no routing information for this port can be exported.
WARNING: [Route 35-198] Port "p_19[15]" does not have an associated HD.PARTPIN_LOCS, which will prevent the partial routing of the signal "p_19[15]". Without this partial route, timing analysis to/from this port will not be accurate, and no routing information for this port can be exported.
WARNING: [Route 35-198] Port "p_19[16]" does not have an associated HD.PARTPIN_LOCS, which will prevent the partial routing of the signal "p_19[16]". Without this partial route, timing analysis to/from this port will not be accurate, and no routing information for this port can be exported.
WARNING: [Route 35-198] Port "p_19[17]" does not have an associated HD.PARTPIN_LOCS, which will prevent the partial routing of the signal "p_19[17]". Without this partial route, timing analysis to/from this port will not be accurate, and no routing information for this port can be exported.
WARNING: [Route 35-198] Port "p_19[18]" does not have an associated HD.PARTPIN_LOCS, which will prevent the partial routing of the signal "p_19[18]". Without this partial route, timing analysis to/from this port will not be accurate, and no routing information for this port can be exported.
WARNING: [Route 35-198] Port "p_19[19]" does not have an associated HD.PARTPIN_LOCS, which will prevent the partial routing of the signal "p_19[19]". Without this partial route, timing analysis to/from this port will not be accurate, and no routing information for this port can be exported.
WARNING: [Route 35-198] Port "p_19[20]" does not have an associated HD.PARTPIN_LOCS, which will prevent the partial routing of the signal "p_19[20]". Without this partial route, timing analysis to/from this port will not be accurate, and no routing information for this port can be exported.
WARNING: [Route 35-198] Port "p_19[21]" does not have an associated HD.PARTPIN_LOCS, which will prevent the partial routing of the signal "p_19[21]". Without this partial route, timing analysis to/from this port will not be accurate, and no routing information for this port can be exported.
WARNING: [Route 35-198] Port "p_19[22]" does not have an associated HD.PARTPIN_LOCS, which will prevent the partial routing of the signal "p_19[22]". Without this partial route, timing analysis to/from this port will not be accurate, and no routing information for this port can be exported.
WARNING: [Route 35-198] Port "p_19[23]" does not have an associated HD.PARTPIN_LOCS, which will prevent the partial routing of the signal "p_19[23]". Without this partial route, timing analysis to/from this port will not be accurate, and no routing information for this port can be exported.
WARNING: [Route 35-198] Port "p_19[24]" does not have an associated HD.PARTPIN_LOCS, which will prevent the partial routing of the signal "p_19[24]". Without this partial route, timing analysis to/from this port will not be accurate, and no routing information for this port can be exported.
WARNING: [Route 35-198] Port "p_19[25]" does not have an associated HD.PARTPIN_LOCS, which will prevent the partial routing of the signal "p_19[25]". Without this partial route, timing analysis to/from this port will not be accurate, and no routing information for this port can be exported.
WARNING: [Route 35-198] Port "p_19[26]" does not have an associated HD.PARTPIN_LOCS, which will prevent the partial routing of the signal "p_19[26]". Without this partial route, timing analysis to/from this port will not be accurate, and no routing information for this port can be exported.
WARNING: [Route 35-198] Port "p_19[27]" does not have an associated HD.PARTPIN_LOCS, which will prevent the partial routing of the signal "p_19[27]". Without this partial route, timing analysis to/from this port will not be accurate, and no routing information for this port can be exported.
WARNING: [Route 35-198] Port "p_19[28]" does not have an associated HD.PARTPIN_LOCS, which will prevent the partial routing of the signal "p_19[28]". Without this partial route, timing analysis to/from this port will not be accurate, and no routing information for this port can be exported.
WARNING: [Route 35-198] Port "p_19[29]" does not have an associated HD.PARTPIN_LOCS, which will prevent the partial routing of the signal "p_19[29]". Without this partial route, timing analysis to/from this port will not be accurate, and no routing information for this port can be exported.
WARNING: [Route 35-198] Port "p_19[30]" does not have an associated HD.PARTPIN_LOCS, which will prevent the partial routing of the signal "p_19[30]". Without this partial route, timing analysis to/from this port will not be accurate, and no routing information for this port can be exported.
WARNING: [Route 35-198] Port "p[13]" does not have an associated HD.PARTPIN_LOCS, which will prevent the partial routing of the signal "p[13]". Without this partial route, timing analysis to/from this port will not be accurate, and no routing information for this port can be exported.
WARNING: [Route 35-198] Port "p[14]" does not have an associated HD.PARTPIN_LOCS, which will prevent the partial routing of the signal "p[14]". Without this partial route, timing analysis to/from this port will not be accurate, and no routing information for this port can be exported.
WARNING: [Route 35-198] Port "p[8]" does not have an associated HD.PARTPIN_LOCS, which will prevent the partial routing of the signal "p[8]". Without this partial route, timing analysis to/from this port will not be accurate, and no routing information for this port can be exported.
WARNING: [Route 35-198] Port "p[9]" does not have an associated HD.PARTPIN_LOCS, which will prevent the partial routing of the signal "p[9]". Without this partial route, timing analysis to/from this port will not be accurate, and no routing information for this port can be exported.
WARNING: [Route 35-198] Port "p[15]" does not have an associated HD.PARTPIN_LOCS, which will prevent the partial routing of the signal "p[15]". Without this partial route, timing analysis to/from this port will not be accurate, and no routing information for this port can be exported.
WARNING: [Route 35-198] Port "p[12]" does not have an associated HD.PARTPIN_LOCS, which will prevent the partial routing of the signal "p[12]". Without this partial route, timing analysis to/from this port will not be accurate, and no routing information for this port can be exported.
WARNING: [Route 35-198] Port "p[10]" does not have an associated HD.PARTPIN_LOCS, which will prevent the partial routing of the signal "p[10]". Without this partial route, timing analysis to/from this port will not be accurate, and no routing information for this port can be exported.
WARNING: [Route 35-198] Port "p[11]" does not have an associated HD.PARTPIN_LOCS, which will prevent the partial routing of the signal "p[11]". Without this partial route, timing analysis to/from this port will not be accurate, and no routing information for this port can be exported.
Phase 1 Build RT Design | Checksum: 1a75422ca

Time (s): cpu = 00:00:12 ; elapsed = 00:00:10 . Memory (MB): peak = 3165.582 ; gain = 0.000 ; free physical = 15695 ; free virtual = 124382
Post Restoration Checksum: NetGraph: ec8ec41b NumContArr: bac55eaf Constraints: 0 Timing: 0

Phase 2 Router Initialization

Phase 2.1 Create Timer
Phase 2.1 Create Timer | Checksum: 1a75422ca

Time (s): cpu = 00:00:13 ; elapsed = 00:00:10 . Memory (MB): peak = 3176.383 ; gain = 10.801 ; free physical = 15690 ; free virtual = 124377

Phase 2.2 Fix Topology Constraints
Phase 2.2 Fix Topology Constraints | Checksum: 1a75422ca

Time (s): cpu = 00:00:13 ; elapsed = 00:00:10 . Memory (MB): peak = 3184.383 ; gain = 18.801 ; free physical = 15653 ; free virtual = 124339

Phase 2.3 Pre Route Cleanup
Phase 2.3 Pre Route Cleanup | Checksum: 1a75422ca

Time (s): cpu = 00:00:13 ; elapsed = 00:00:10 . Memory (MB): peak = 3184.383 ; gain = 18.801 ; free physical = 15652 ; free virtual = 124339
 Number of Nodes with overlaps = 0

Phase 2.4 Update Timing
Phase 2.4 Update Timing | Checksum: 7fea4e5d

Time (s): cpu = 00:00:13 ; elapsed = 00:00:10 . Memory (MB): peak = 3199.266 ; gain = 33.684 ; free physical = 15631 ; free virtual = 124317
INFO: [Route 35-416] Intermediate Timing Summary | WNS=2.855  | TNS=0.000  | WHS=0.131  | THS=0.000  |

Phase 2 Router Initialization | Checksum: 55a50783

Time (s): cpu = 00:00:14 ; elapsed = 00:00:10 . Memory (MB): peak = 3199.266 ; gain = 33.684 ; free physical = 15629 ; free virtual = 124316

Router Utilization Summary
  Global Vertical Routing Utilization    = 0 %
  Global Horizontal Routing Utilization  = 0 %
  Routable Net Status*
  *Does not include unroutable nets such as driverless and loadless.
  Run report_route_status for detailed report.
  Number of Failed Nets               = 1426
    (Failed Nets is the sum of unrouted and partially routed nets)
  Number of Unrouted Nets             = 1426
  Number of Partially Routed Nets     = 0
  Number of Node Overlaps             = 0


Phase 3 Initial Routing

Phase 3.1 Global Routing
Phase 3.1 Global Routing | Checksum: 55a50783

Time (s): cpu = 00:00:14 ; elapsed = 00:00:10 . Memory (MB): peak = 3200.266 ; gain = 34.684 ; free physical = 15640 ; free virtual = 124327
Phase 3 Initial Routing | Checksum: 152e9dc40

Time (s): cpu = 00:00:14 ; elapsed = 00:00:10 . Memory (MB): peak = 3200.266 ; gain = 34.684 ; free physical = 15638 ; free virtual = 124325

Phase 4 Rip-up And Reroute

Phase 4.1 Global Iteration 0
 Number of Nodes with overlaps = 45
 Number of Nodes with overlaps = 3
 Number of Nodes with overlaps = 0
INFO: [Route 35-416] Intermediate Timing Summary | WNS=3.336  | TNS=0.000  | WHS=N/A    | THS=N/A    |

Phase 4.1 Global Iteration 0 | Checksum: 17624b650

Time (s): cpu = 00:00:15 ; elapsed = 00:00:11 . Memory (MB): peak = 3200.266 ; gain = 34.684 ; free physical = 15676 ; free virtual = 124363
Phase 4 Rip-up And Reroute | Checksum: 17624b650

Time (s): cpu = 00:00:15 ; elapsed = 00:00:11 . Memory (MB): peak = 3200.266 ; gain = 34.684 ; free physical = 15676 ; free virtual = 124363

Phase 5 Delay and Skew Optimization

Phase 5.1 Delay CleanUp
Phase 5.1 Delay CleanUp | Checksum: 17624b650

Time (s): cpu = 00:00:15 ; elapsed = 00:00:11 . Memory (MB): peak = 3200.266 ; gain = 34.684 ; free physical = 15676 ; free virtual = 124362

Phase 5.2 Clock Skew Optimization
Phase 5.2 Clock Skew Optimization | Checksum: 17624b650

Time (s): cpu = 00:00:15 ; elapsed = 00:00:11 . Memory (MB): peak = 3200.266 ; gain = 34.684 ; free physical = 15676 ; free virtual = 124362
Phase 5 Delay and Skew Optimization | Checksum: 17624b650

Time (s): cpu = 00:00:15 ; elapsed = 00:00:11 . Memory (MB): peak = 3200.266 ; gain = 34.684 ; free physical = 15676 ; free virtual = 124362

Phase 6 Post Hold Fix

Phase 6.1 Hold Fix Iter

Phase 6.1.1 Update Timing
Phase 6.1.1 Update Timing | Checksum: 186779960

Time (s): cpu = 00:00:15 ; elapsed = 00:00:11 . Memory (MB): peak = 3200.266 ; gain = 34.684 ; free physical = 15671 ; free virtual = 124357
INFO: [Route 35-416] Intermediate Timing Summary | WNS=3.336  | TNS=0.000  | WHS=0.130  | THS=0.000  |

Phase 6.1 Hold Fix Iter | Checksum: 186779960

Time (s): cpu = 00:00:15 ; elapsed = 00:00:11 . Memory (MB): peak = 3200.266 ; gain = 34.684 ; free physical = 15671 ; free virtual = 124357
Phase 6 Post Hold Fix | Checksum: 186779960

Time (s): cpu = 00:00:15 ; elapsed = 00:00:11 . Memory (MB): peak = 3200.266 ; gain = 34.684 ; free physical = 15671 ; free virtual = 124357

Phase 7 Route finalize

Router Utilization Summary
  Global Vertical Routing Utilization    = 0.0757482 %
  Global Horizontal Routing Utilization  = 0.0904327 %
  Routable Net Status*
  *Does not include unroutable nets such as driverless and loadless.
  Run report_route_status for detailed report.
  Number of Failed Nets               = 0
    (Failed Nets is the sum of unrouted and partially routed nets)
  Number of Unrouted Nets             = 0
  Number of Partially Routed Nets     = 0
  Number of Node Overlaps             = 0

Phase 7 Route finalize | Checksum: 139ed2c10

Time (s): cpu = 00:00:15 ; elapsed = 00:00:11 . Memory (MB): peak = 3200.266 ; gain = 34.684 ; free physical = 15668 ; free virtual = 124354

Phase 8 Verifying routed nets

 Verification completed successfully
Phase 8 Verifying routed nets | Checksum: 139ed2c10

Time (s): cpu = 00:00:15 ; elapsed = 00:00:11 . Memory (MB): peak = 3200.266 ; gain = 34.684 ; free physical = 15665 ; free virtual = 124352

Phase 9 Depositing Routes
Phase 9 Depositing Routes | Checksum: a6347fef

Time (s): cpu = 00:00:15 ; elapsed = 00:00:11 . Memory (MB): peak = 3232.281 ; gain = 66.699 ; free physical = 15669 ; free virtual = 124356

Phase 10 Post Router Timing
INFO: [Route 35-57] Estimated Timing Summary | WNS=3.336  | TNS=0.000  | WHS=0.130  | THS=0.000  |

INFO: [Route 35-327] The final timing numbers are based on the router estimated timing analysis. For a complete and accurate timing signoff, please run report_timing_summary.
Phase 10 Post Router Timing | Checksum: a6347fef

Time (s): cpu = 00:00:15 ; elapsed = 00:00:11 . Memory (MB): peak = 3232.281 ; gain = 66.699 ; free physical = 15669 ; free virtual = 124356
INFO: [Route 35-16] Router Completed Successfully

Time (s): cpu = 00:00:15 ; elapsed = 00:00:11 . Memory (MB): peak = 3232.281 ; gain = 66.699 ; free physical = 15705 ; free virtual = 124392

Routing Is Done.
INFO: [Common 17-83] Releasing license: Implementation
88 Infos, 93 Warnings, 0 Critical Warnings and 0 Errors encountered.
route_design completed successfully
route_design: Time (s): cpu = 00:00:18 ; elapsed = 00:00:13 . Memory (MB): peak = 3232.281 ; gain = 69.535 ; free physical = 15705 ; free virtual = 124392
INFO: [Timing 38-480] Writing timing data to binary archive.
Writing placer database...
Writing XDEF routing.
Writing XDEF routing logical nets.
Writing XDEF routing special nets.
Write XDEF Complete: Time (s): cpu = 00:00:00.32 ; elapsed = 00:00:00.09 . Memory (MB): peak = 3232.281 ; gain = 0.000 ; free physical = 15694 ; free virtual = 124384
INFO: [Common 17-1381] The checkpoint '/home/nanwu/GNN_DFG/bb/dfg_13/project_tmp/solution_tmp/impl/verilog/project.runs/impl_1/bd_0_wrapper_routed.dcp' has been generated.
INFO: [runtcl-4] Executing : report_drc -file bd_0_wrapper_drc_routed.rpt -pb bd_0_wrapper_drc_routed.pb -rpx bd_0_wrapper_drc_routed.rpx
Command: report_drc -file bd_0_wrapper_drc_routed.rpt -pb bd_0_wrapper_drc_routed.pb -rpx bd_0_wrapper_drc_routed.rpx
INFO: [IP_Flow 19-1839] IP Catalog is up to date.
WARNING: [Timing 38-242] The property HD.CLK_SRC of clock port "ap_clk" is not set. In out-of-context mode, this prevents timing estimation for clock delay/skew
Resolution: Set the HD.CLK_SRC property of the out-of-context port to the location of the clock buffer instance in the top-level design
INFO: [DRC 23-27] Running DRC with 8 threads
INFO: [Coretcl 2-168] The results of DRC are in file /home/nanwu/GNN_DFG/bb/dfg_13/project_tmp/solution_tmp/impl/verilog/project.runs/impl_1/bd_0_wrapper_drc_routed.rpt.
report_drc completed successfully
INFO: [runtcl-4] Executing : report_methodology -file bd_0_wrapper_methodology_drc_routed.rpt -pb bd_0_wrapper_methodology_drc_routed.pb -rpx bd_0_wrapper_methodology_drc_routed.rpx
Command: report_methodology -file bd_0_wrapper_methodology_drc_routed.rpt -pb bd_0_wrapper_methodology_drc_routed.pb -rpx bd_0_wrapper_methodology_drc_routed.rpx
INFO: [Timing 38-35] Done setting XDC timing constraints.
INFO: [DRC 23-133] Running Methodology with 8 threads
INFO: [Coretcl 2-1520] The results of Report Methodology are in file /home/nanwu/GNN_DFG/bb/dfg_13/project_tmp/solution_tmp/impl/verilog/project.runs/impl_1/bd_0_wrapper_methodology_drc_routed.rpt.
report_methodology completed successfully
INFO: [runtcl-4] Executing : report_power -file bd_0_wrapper_power_routed.rpt -pb bd_0_wrapper_power_summary_routed.pb -rpx bd_0_wrapper_power_routed.rpx
Command: report_power -file bd_0_wrapper_power_routed.rpt -pb bd_0_wrapper_power_summary_routed.pb -rpx bd_0_wrapper_power_routed.rpx
INFO: [Timing 38-35] Done setting XDC timing constraints.
Running Vector-less Activity Propagation...

Finished Running Vector-less Activity Propagation
100 Infos, 94 Warnings, 0 Critical Warnings and 0 Errors encountered.
report_power completed successfully
INFO: [runtcl-4] Executing : report_route_status -file bd_0_wrapper_route_status.rpt -pb bd_0_wrapper_route_status.pb
INFO: [runtcl-4] Executing : report_timing_summary -max_paths 10 -file bd_0_wrapper_timing_summary_routed.rpt -pb bd_0_wrapper_timing_summary_routed.pb -rpx bd_0_wrapper_timing_summary_routed.rpx -warn_on_violation 
INFO: [Timing 38-91] UpdateTimingParams: Speed grade: -1, Delay Type: min_max.
INFO: [Timing 38-191] Multithreading enabled for timing update using a maximum of 8 CPUs
INFO: [runtcl-4] Executing : report_incremental_reuse -file bd_0_wrapper_incremental_reuse_routed.rpt
INFO: [Vivado_Tcl 4-1062] Incremental flow is disabled. No incremental reuse Info to report.
INFO: [runtcl-4] Executing : report_clock_utilization -file bd_0_wrapper_clock_utilization_routed.rpt
INFO: [runtcl-4] Executing : report_bus_skew -warn_on_violation -file bd_0_wrapper_bus_skew_routed.rpt -pb bd_0_wrapper_bus_skew_routed.pb -rpx bd_0_wrapper_bus_skew_routed.rpx
INFO: [Timing 38-91] UpdateTimingParams: Speed grade: -1, Delay Type: min_max.
INFO: [Timing 38-191] Multithreading enabled for timing update using a maximum of 8 CPUs
INFO: [Common 17-206] Exiting Vivado at Sat Apr 10 12:01:40 2021...
