==============================================================
Vitis HLS - High-Level Synthesis from C, C++ and OpenCL v2020.2 (64-bit)
Copyright 1986-2020 Xilinx, Inc. All Rights Reserved.
==============================================================
INFO: [HLS 200-1505] Using default flow_target 'vivado'
INFO: [HLS 200-1510] Running: set_part xc7z020clg484-1 
INFO: [HLS 200-10] Setting target device to 'xc7z020-clg484-1'
INFO: [HLS 200-1510] Running: create_clock -period 10 -name default 
INFO: [SYN 201-201] Setting up clock 'default' with a period of 10ns.
INFO: [HLS 200-1510] Running: csynth_design 
INFO: [HLS 200-111] Finished File checks and directory preparation: CPU user time: 0 seconds. CPU system time: 0 seconds. Elapsed time: 0 seconds; current allocated memory: 155.762 MB.
INFO: [HLS 200-10] Analyzing design file 'dfg_199.c' ... 
INFO: [HLS 200-111] Finished Source Code Analysis and Preprocessing: CPU user time: 0.62 seconds. CPU system time: 0.36 seconds. Elapsed time: 0.49 seconds; current allocated memory: 156.409 MB.
INFO: [HLS 200-777] Using interface defaults for 'Vivado' flow target.
INFO: [HLS 214-178] Inlining function 'fp_struct<double>::fp_struct(double)' into 'unsigned short generic_cast_IEEE754<unsigned short, (ap_q_mode)6, double>(double, bool, hls::enable_if<!(std::numeric_limits<unsigned short>::is_signed), bool>::type)' (/wrk/ci/prod/2020.2/rdi_builds/continuous/2020_11_18_3064766/src/shared/hls/clib/hlsmath/include/FloatingPoint/hls_case_IEEE754.h:65:0)
INFO: [HLS 214-178] Inlining function 'fp_struct<double>::mantissa() const' into 'unsigned short generic_cast_IEEE754<unsigned short, (ap_q_mode)6, double>(double, bool, hls::enable_if<!(std::numeric_limits<unsigned short>::is_signed), bool>::type)' (/wrk/ci/prod/2020.2/rdi_builds/continuous/2020_11_18_3064766/src/shared/hls/clib/hlsmath/include/FloatingPoint/hls_case_IEEE754.h:65:0)
INFO: [HLS 214-178] Inlining function 'fp_struct<double>::expv() const' into 'unsigned short generic_cast_IEEE754<unsigned short, (ap_q_mode)6, double>(double, bool, hls::enable_if<!(std::numeric_limits<unsigned short>::is_signed), bool>::type)' (/wrk/ci/prod/2020.2/rdi_builds/continuous/2020_11_18_3064766/src/shared/hls/clib/hlsmath/include/FloatingPoint/hls_case_IEEE754.h:65:0)
INFO: [HLS 214-178] Inlining function 'unsigned short generic_cast_IEEE754<unsigned short, (ap_q_mode)6, double>(double, bool, hls::enable_if<!(std::numeric_limits<unsigned short>::is_signed), bool>::type)' into 'unsigned short generic_cast_IEEE754<unsigned short, double>(double, bool)' (/wrk/ci/prod/2020.2/rdi_builds/continuous/2020_11_18_3064766/src/shared/hls/clib/hlsmath/include/FloatingPoint/hls_case_IEEE754.h:116:0)
INFO: [HLS 214-178] Inlining function 'unsigned short generic_cast_IEEE754<unsigned short, double>(double, bool)' into '__hls_fptoui_double_i16' (/wrk/ci/prod/2020.2/rdi_builds/continuous/2020_11_18_3064766/src/shared/hls/clib/hlsmath/src/lib_floatconversion.cpp:68:0)
INFO: [HLS 214-178] Inlining function 'fp_struct<double>::fp_struct(double)' into 'long generic_cast_IEEE754<long, (ap_q_mode)6, double>(double, bool, hls::enable_if<std::numeric_limits<long>::is_signed, bool>::type)' (/wrk/ci/prod/2020.2/rdi_builds/continuous/2020_11_18_3064766/src/shared/hls/clib/hlsmath/include/FloatingPoint/hls_case_IEEE754.h:12:0)
INFO: [HLS 214-178] Inlining function 'fp_struct<double>::mantissa() const' into 'long generic_cast_IEEE754<long, (ap_q_mode)6, double>(double, bool, hls::enable_if<std::numeric_limits<long>::is_signed, bool>::type)' (/wrk/ci/prod/2020.2/rdi_builds/continuous/2020_11_18_3064766/src/shared/hls/clib/hlsmath/include/FloatingPoint/hls_case_IEEE754.h:12:0)
INFO: [HLS 214-178] Inlining function 'fp_struct<double>::expv() const' into 'long generic_cast_IEEE754<long, (ap_q_mode)6, double>(double, bool, hls::enable_if<std::numeric_limits<long>::is_signed, bool>::type)' (/wrk/ci/prod/2020.2/rdi_builds/continuous/2020_11_18_3064766/src/shared/hls/clib/hlsmath/include/FloatingPoint/hls_case_IEEE754.h:12:0)
INFO: [HLS 214-178] Inlining function 'fp_struct<double>::__signbit() const' into 'long generic_cast_IEEE754<long, (ap_q_mode)6, double>(double, bool, hls::enable_if<std::numeric_limits<long>::is_signed, bool>::type)' (/wrk/ci/prod/2020.2/rdi_builds/continuous/2020_11_18_3064766/src/shared/hls/clib/hlsmath/include/FloatingPoint/hls_case_IEEE754.h:12:0)
INFO: [HLS 214-178] Inlining function 'long generic_cast_IEEE754<long, (ap_q_mode)6, double>(double, bool, hls::enable_if<std::numeric_limits<long>::is_signed, bool>::type)' into 'long generic_cast_IEEE754<long, double>(double, bool)' (/wrk/ci/prod/2020.2/rdi_builds/continuous/2020_11_18_3064766/src/shared/hls/clib/hlsmath/include/FloatingPoint/hls_case_IEEE754.h:116:0)
INFO: [HLS 214-178] Inlining function 'long generic_cast_IEEE754<long, double>(double, bool)' into '__hls_fptosi_double_i64' (/wrk/ci/prod/2020.2/rdi_builds/continuous/2020_11_18_3064766/src/shared/hls/clib/hlsmath/src/lib_floatconversion.cpp:56:0)
INFO: [HLS 214-178] Inlining function '__hls_fptoui_double_i16' into 'fn1' (dfg_199.c:9:0)
INFO: [HLS 214-178] Inlining function '__hls_fptosi_double_i64' into 'fn1' (dfg_199.c:9:0)
INFO: [HLS 200-111] Finished Compiling Optimization and Transform: CPU user time: 3.64 seconds. CPU system time: 0.47 seconds. Elapsed time: 3.89 seconds; current allocated memory: 157.723 MB.
INFO: [HLS 200-111] Finished Checking Pragmas: CPU user time: 0 seconds. CPU system time: 0 seconds. Elapsed time: 0 seconds; current allocated memory: 157.740 MB.
INFO: [HLS 200-10] Starting code transformations ...
INFO: [HLS 200-111] Finished Standard Transforms: CPU user time: 0.09 seconds. CPU system time: 0.01 seconds. Elapsed time: 0.11 seconds; current allocated memory: 177.594 MB.
INFO: [HLS 200-10] Checking synthesizability ...
WARNING: [SYNCHK 200-18] dfg_199.c:28: unsafe type casting from type 'ap_ufixed<64, 64, AP_TRN_ZERO, AP_WRAP, 0>' to type 'double'.
INFO: [SYNCHK 200-10] 0 error(s), 1 warning(s).
INFO: [HLS 200-111] Finished Checking Synthesizability: CPU user time: 0.22 seconds. CPU system time: 0.01 seconds. Elapsed time: 0.23 seconds; current allocated memory: 211.271 MB.
INFO: [HLS 200-111] Finished Loop, function and other optimizations: CPU user time: 0.31 seconds. CPU system time: 0.01 seconds. Elapsed time: 0.32 seconds; current allocated memory: 263.138 MB.
INFO: [HLS 200-111] Finished Architecture Synthesis: CPU user time: 0.18 seconds. CPU system time: 0.01 seconds. Elapsed time: 0.19 seconds; current allocated memory: 274.758 MB.
INFO: [HLS 200-10] Starting hardware synthesis ...
INFO: [HLS 200-10] Synthesizing 'fn1' ...
INFO: [HLS 200-10] ----------------------------------------------------------------
INFO: [HLS 200-42] -- Implementing module 'fn1' 
INFO: [HLS 200-10] ----------------------------------------------------------------
INFO: [SCHED 204-11] Starting scheduling ...
INFO: [SCHED 204-11] Finished scheduling.
INFO: [HLS 200-111] Finished Scheduling: CPU user time: 0.17 seconds. CPU system time: 0.01 seconds. Elapsed time: 0.18 seconds; current allocated memory: 275.508 MB.
INFO: [BIND 205-100] Starting micro-architecture generation ...
INFO: [BIND 205-101] Performing variable lifetime analysis.
INFO: [BIND 205-101] Exploring resource sharing.
INFO: [BIND 205-101] Binding ...
INFO: [BIND 205-100] Finished micro-architecture generation.
INFO: [HLS 200-111] Finished Binding: CPU user time: 0.42 seconds. CPU system time: 0 seconds. Elapsed time: 0.41 seconds; current allocated memory: 276.311 MB.
INFO: [HLS 200-10] ----------------------------------------------------------------
INFO: [HLS 200-10] -- Generating RTL for module 'fn1' 
INFO: [HLS 200-10] ----------------------------------------------------------------
INFO: [RTGEN 206-500] Setting interface mode on port 'fn1/p' to 'ap_none'.
INFO: [RTGEN 206-500] Setting interface mode on port 'fn1/p_5' to 'ap_none'.
INFO: [RTGEN 206-500] Setting interface mode on port 'fn1/p_7' to 'ap_none'.
INFO: [RTGEN 206-500] Setting interface mode on port 'fn1/p_11' to 'ap_none'.
INFO: [RTGEN 206-500] Setting interface mode on port 'fn1/p_13' to 'ap_none'.
INFO: [RTGEN 206-500] Setting interface mode on function 'fn1' to 'ap_ctrl_hs'.
INFO: [RTGEN 206-100] Generating core module 'dsub_64ns_64ns_64_7_full_dsp_1': 1 instance(s).
INFO: [RTGEN 206-100] Generating core module 'mul_50s_8s_57_5_1': 1 instance(s).
INFO: [RTGEN 206-100] Generating core module 'mul_64ns_66ns_100_5_1': 1 instance(s).
