#-----------------------------------------------------------
# Vivado v2020.2 (64-bit)
# SW Build 3064766 on Wed Nov 18 09:12:47 MST 2020
# IP Build 3064653 on Wed Nov 18 14:17:31 MST 2020
# Start of session at: Thu Apr 15 00:19:01 2021
# Process ID: 8653
# Current directory: /home/nanwu/GNN_DFG/bb/dfg_51/project_tmp/solution_tmp/impl/ip
# Command line: vivado -notrace -mode batch -source run_ippack.tcl
# Log file: /home/nanwu/GNN_DFG/bb/dfg_51/project_tmp/solution_tmp/impl/ip/vivado.log
# Journal file: /home/nanwu/GNN_DFG/bb/dfg_51/project_tmp/solution_tmp/impl/ip/vivado.jou
#-----------------------------------------------------------
source run_ippack.tcl -notrace
INFO: [IP_Flow 19-234] Refreshing IP repositories
INFO: [IP_Flow 19-1704] No user IP repositories specified
INFO: [IP_Flow 19-2313] Loaded Vivado IP repository '/opt/Xilinx/Vivado/2020.2/data/ip'.
WARNING: [IP_Flow 19-4832] The IP name 'fn1_ap_dadddsub_5_full_dsp_64' you have specified is long. The Windows operating system has path length limitations. It is recommended you use shorter names to reduce the likelihood of issues.
INFO: [IP_Flow 19-1686] Generating 'Synthesis' target for IP 'fn1_ap_dadddsub_5_full_dsp_64'...
INFO: [IP_Flow 19-1686] Generating 'Simulation' target for IP 'fn1_ap_dadddsub_5_full_dsp_64'...
INFO: [IP_Flow 19-1686] Generating 'Synthesis' target for IP 'fn1_ap_ddiv_57_no_dsp_64'...
INFO: [IP_Flow 19-1686] Generating 'Simulation' target for IP 'fn1_ap_ddiv_57_no_dsp_64'...
INFO: [IP_Flow 19-1686] Generating 'Synthesis' target for IP 'fn1_ap_sitodp_4_no_dsp_32'...
INFO: [IP_Flow 19-1686] Generating 'Simulation' target for IP 'fn1_ap_sitodp_4_no_dsp_32'...
INFO: [IP_Flow 19-234] Refreshing IP repositories
INFO: [IP_Flow 19-1704] No user IP repositories specified
INFO: [IP_Flow 19-2313] Loaded Vivado IP repository '/opt/Xilinx/Vivado/2020.2/data/ip'.
INFO: [Common 17-206] Exiting Vivado at Thu Apr 15 00:19:15 2021...
