==============================================================
Vitis HLS - High-Level Synthesis from C, C++ and OpenCL v2020.2 (64-bit)
Copyright 1986-2020 Xilinx, Inc. All Rights Reserved.
==============================================================
INFO: [HLS 200-1505] Using default flow_target 'vivado'
INFO: [HLS 200-1510] Running: set_part xc7z020clg484-1 
INFO: [HLS 200-10] Setting target device to 'xc7z020-clg484-1'
INFO: [HLS 200-1510] Running: create_clock -period 10 -name default 
INFO: [SYN 201-201] Setting up clock 'default' with a period of 10ns.
INFO: [HLS 200-1510] Running: csynth_design 
INFO: [HLS 200-111] Finished File checks and directory preparation: CPU user time: 0 seconds. CPU system time: 0 seconds. Elapsed time: 0 seconds; current allocated memory: 155.809 MB.
INFO: [HLS 200-10] Analyzing design file 'dfg_199.c' ... 
INFO: [HLS 200-111] Finished Source Code Analysis and Preprocessing: CPU user time: 0.61 seconds. CPU system time: 0.37 seconds. Elapsed time: 0.5 seconds; current allocated memory: 156.409 MB.
INFO: [HLS 200-777] Using interface defaults for 'Vivado' flow target.
INFO: [HLS 214-178] Inlining function 'fp_struct<float>::fp_struct(float)' into 'short generic_cast_IEEE754<short, (ap_q_mode)6, float>(float, bool, hls::enable_if<std::numeric_limits<short>::is_signed, bool>::type)' (/wrk/ci/prod/2020.2/rdi_builds/continuous/2020_11_18_3064766/src/shared/hls/clib/hlsmath/include/FloatingPoint/hls_case_IEEE754.h:12:0)
INFO: [HLS 214-178] Inlining function 'fp_struct<float>::mantissa() const' into 'short generic_cast_IEEE754<short, (ap_q_mode)6, float>(float, bool, hls::enable_if<std::numeric_limits<short>::is_signed, bool>::type)' (/wrk/ci/prod/2020.2/rdi_builds/continuous/2020_11_18_3064766/src/shared/hls/clib/hlsmath/include/FloatingPoint/hls_case_IEEE754.h:12:0)
INFO: [HLS 214-178] Inlining function 'fp_struct<float>::expv() const' into 'short generic_cast_IEEE754<short, (ap_q_mode)6, float>(float, bool, hls::enable_if<std::numeric_limits<short>::is_signed, bool>::type)' (/wrk/ci/prod/2020.2/rdi_builds/continuous/2020_11_18_3064766/src/shared/hls/clib/hlsmath/include/FloatingPoint/hls_case_IEEE754.h:12:0)
INFO: [HLS 214-178] Inlining function 'fp_struct<float>::__signbit() const' into 'short generic_cast_IEEE754<short, (ap_q_mode)6, float>(float, bool, hls::enable_if<std::numeric_limits<short>::is_signed, bool>::type)' (/wrk/ci/prod/2020.2/rdi_builds/continuous/2020_11_18_3064766/src/shared/hls/clib/hlsmath/include/FloatingPoint/hls_case_IEEE754.h:12:0)
INFO: [HLS 214-178] Inlining function 'short generic_cast_IEEE754<short, (ap_q_mode)6, float>(float, bool, hls::enable_if<std::numeric_limits<short>::is_signed, bool>::type)' into 'short generic_cast_IEEE754<short, float>(float, bool)' (/wrk/ci/prod/2020.2/rdi_builds/continuous/2020_11_18_3064766/src/shared/hls/clib/hlsmath/include/FloatingPoint/hls_case_IEEE754.h:116:0)
INFO: [HLS 214-178] Inlining function 'short generic_cast_IEEE754<short, float>(float, bool)' into '__hls_fptosi_float_i16' (/wrk/ci/prod/2020.2/rdi_builds/continuous/2020_11_18_3064766/src/shared/hls/clib/hlsmath/src/lib_floatconversion.cpp:50:0)
INFO: [HLS 214-178] Inlining function 'fp_struct<float>::fp_struct(float)' into 'long generic_cast_IEEE754<long, (ap_q_mode)6, float>(float, bool, hls::enable_if<std::numeric_limits<long>::is_signed, bool>::type)' (/wrk/ci/prod/2020.2/rdi_builds/continuous/2020_11_18_3064766/src/shared/hls/clib/hlsmath/include/FloatingPoint/hls_case_IEEE754.h:12:0)
INFO: [HLS 214-178] Inlining function 'fp_struct<float>::mantissa() const' into 'long generic_cast_IEEE754<long, (ap_q_mode)6, float>(float, bool, hls::enable_if<std::numeric_limits<long>::is_signed, bool>::type)' (/wrk/ci/prod/2020.2/rdi_builds/continuous/2020_11_18_3064766/src/shared/hls/clib/hlsmath/include/FloatingPoint/hls_case_IEEE754.h:12:0)
INFO: [HLS 214-178] Inlining function 'fp_struct<float>::expv() const' into 'long generic_cast_IEEE754<long, (ap_q_mode)6, float>(float, bool, hls::enable_if<std::numeric_limits<long>::is_signed, bool>::type)' (/wrk/ci/prod/2020.2/rdi_builds/continuous/2020_11_18_3064766/src/shared/hls/clib/hlsmath/include/FloatingPoint/hls_case_IEEE754.h:12:0)
INFO: [HLS 214-178] Inlining function 'fp_struct<float>::__signbit() const' into 'long generic_cast_IEEE754<long, (ap_q_mode)6, float>(float, bool, hls::enable_if<std::numeric_limits<long>::is_signed, bool>::type)' (/wrk/ci/prod/2020.2/rdi_builds/continuous/2020_11_18_3064766/src/shared/hls/clib/hlsmath/include/FloatingPoint/hls_case_IEEE754.h:12:0)
INFO: [HLS 214-178] Inlining function 'long generic_cast_IEEE754<long, (ap_q_mode)6, float>(float, bool, hls::enable_if<std::numeric_limits<long>::is_signed, bool>::type)' into 'long generic_cast_IEEE754<long, float>(float, bool)' (/wrk/ci/prod/2020.2/rdi_builds/continuous/2020_11_18_3064766/src/shared/hls/clib/hlsmath/include/FloatingPoint/hls_case_IEEE754.h:116:0)
INFO: [HLS 214-178] Inlining function 'long generic_cast_IEEE754<long, float>(float, bool)' into '__hls_fptosi_float_i64' (/wrk/ci/prod/2020.2/rdi_builds/continuous/2020_11_18_3064766/src/shared/hls/clib/hlsmath/src/lib_floatconversion.cpp:52:0)
INFO: [HLS 214-178] Inlining function '__hls_fptosi_float_i16' into 'fn1' (dfg_199.c:8:0)
INFO: [HLS 214-178] Inlining function '__hls_fptosi_float_i64' into 'fn1' (dfg_199.c:8:0)
INFO: [HLS 200-111] Finished Compiling Optimization and Transform: CPU user time: 3.74 seconds. CPU system time: 0.47 seconds. Elapsed time: 4.07 seconds; current allocated memory: 158.332 MB.
INFO: [HLS 200-111] Finished Checking Pragmas: CPU user time: 0 seconds. CPU system time: 0 seconds. Elapsed time: 0 seconds; current allocated memory: 158.349 MB.
INFO: [HLS 200-10] Starting code transformations ...
INFO: [HLS 200-111] Finished Standard Transforms: CPU user time: 0.08 seconds. CPU system time: 0 seconds. Elapsed time: 0.09 seconds; current allocated memory: 176.222 MB.
INFO: [HLS 200-10] Checking synthesizability ...
INFO: [HLS 200-111] Finished Checking Synthesizability: CPU user time: 0.19 seconds. CPU system time: 0.01 seconds. Elapsed time: 0.2 seconds; current allocated memory: 204.411 MB.
INFO: [HLS 200-111] Finished Loop, function and other optimizations: CPU user time: 0.26 seconds. CPU system time: 0.01 seconds. Elapsed time: 0.28 seconds; current allocated memory: 254.584 MB.
INFO: [HLS 200-111] Finished Architecture Synthesis: CPU user time: 0.14 seconds. CPU system time: 0 seconds. Elapsed time: 0.14 seconds; current allocated memory: 260.110 MB.
INFO: [HLS 200-10] Starting hardware synthesis ...
INFO: [HLS 200-10] Synthesizing 'fn1' ...
INFO: [HLS 200-10] ----------------------------------------------------------------
INFO: [HLS 200-42] -- Implementing module 'fn1' 
INFO: [HLS 200-10] ----------------------------------------------------------------
INFO: [SCHED 204-11] Starting scheduling ...
INFO: [SCHED 204-11] Finished scheduling.
INFO: [HLS 200-111] Finished Scheduling: CPU user time: 0.22 seconds. CPU system time: 0.01 seconds. Elapsed time: 0.22 seconds; current allocated memory: 260.970 MB.
INFO: [BIND 205-100] Starting micro-architecture generation ...
INFO: [BIND 205-101] Performing variable lifetime analysis.
INFO: [BIND 205-101] Exploring resource sharing.
INFO: [BIND 205-101] Binding ...
INFO: [BIND 205-100] Finished micro-architecture generation.
INFO: [HLS 200-111] Finished Binding: CPU user time: 0.59 seconds. CPU system time: 0 seconds. Elapsed time: 0.59 seconds; current allocated memory: 262.011 MB.
INFO: [HLS 200-10] ----------------------------------------------------------------
INFO: [HLS 200-10] -- Generating RTL for module 'fn1' 
INFO: [HLS 200-10] ----------------------------------------------------------------
INFO: [RTGEN 206-500] Setting interface mode on port 'fn1/p' to 'ap_none'.
INFO: [RTGEN 206-500] Setting interface mode on port 'fn1/p_11' to 'ap_none'.
INFO: [RTGEN 206-500] Setting interface mode on port 'fn1/p_13' to 'ap_none'.
INFO: [RTGEN 206-500] Setting interface mode on function 'fn1' to 'ap_ctrl_hs'.
INFO: [RTGEN 206-100] Generating core module 'mul_32s_16s_48_2_1': 1 instance(s).
INFO: [RTGEN 206-100] Generating core module 'mul_60s_33ns_64_5_1': 1 instance(s).
INFO: [RTGEN 206-100] Generating core module 'sdiv_18ns_64ns_17_22_seq_1': 1 instance(s).
INFO: [RTGEN 206-100] Generating core module 'sdiv_49s_60ns_60_53_seq_1': 1 instance(s).
INFO: [RTGEN 206-100] Generating core module 'srem_31ns_9s_8_35_seq_1': 1 instance(s).
