
*** Running vivado
    with args -log bd_0_wrapper.vdi -applog -m64 -product Vivado -messageDb vivado.pb -mode batch -source bd_0_wrapper.tcl -notrace


****** Vivado v2020.2 (64-bit)
  **** SW Build 3064766 on Wed Nov 18 09:12:47 MST 2020
  **** IP Build 3064653 on Wed Nov 18 14:17:31 MST 2020
    ** Copyright 1986-2020 Xilinx, Inc. All Rights Reserved.

source bd_0_wrapper.tcl -notrace
Command: open_checkpoint /home/nanwu/GNN_DFG/bb/dfg_61/project_tmp/solution_tmp/impl/verilog/project.runs/impl_1/bd_0_wrapper.dcp

Starting open_checkpoint Task

Time (s): cpu = 00:00:00.09 ; elapsed = 00:00:00.04 . Memory (MB): peak = 2395.312 ; gain = 0.000 ; free physical = 85684 ; free virtual = 128519
INFO: [Device 21-403] Loading part xc7z020clg484-1
Netlist sorting complete. Time (s): cpu = 00:00:00.01 ; elapsed = 00:00:00.01 . Memory (MB): peak = 2397.426 ; gain = 0.000 ; free physical = 85643 ; free virtual = 128487
INFO: [Netlist 29-17] Analyzing 18 Unisim elements for replacement
INFO: [Netlist 29-28] Unisim Transformation completed in 0 CPU seconds
INFO: [Project 1-479] Netlist was created with Vivado 2020.2
INFO: [Project 1-570] Preparing netlist for logic optimization
INFO: [Timing 38-478] Restoring timing data from binary archive.
INFO: [Timing 38-479] Binary timing data restore complete.
INFO: [Project 1-856] Restoring constraints from binary archive.
INFO: [Project 1-853] Binary constraint restore complete.
Netlist sorting complete. Time (s): cpu = 00:00:00 ; elapsed = 00:00:00 . Memory (MB): peak = 2636.375 ; gain = 0.000 ; free physical = 85033 ; free virtual = 127885
INFO: [Project 1-111] Unisim Transformation Summary:
No Unisim elements were transformed.

INFO: [Project 1-604] Checkpoint was created with Vivado v2020.2 (64-bit) build 3064766
open_checkpoint: Time (s): cpu = 00:00:10 ; elapsed = 00:00:11 . Memory (MB): peak = 2636.375 ; gain = 244.031 ; free physical = 85033 ; free virtual = 127885
INFO: [IP_Flow 19-234] Refreshing IP repositories
INFO: [IP_Flow 19-1700] Loaded user IP repository '/home/nanwu/GNN_DFG/bb/dfg_61/project_tmp/solution_tmp/impl/ip'.
INFO: [IP_Flow 19-2313] Loaded Vivado IP repository '/opt/Xilinx/Vivado/2020.2/data/ip'.
Command: opt_design
Attempting to get a license for feature 'Implementation' and/or device 'xc7z020'
INFO: [Common 17-349] Got license for feature 'Implementation' and/or device 'xc7z020'
Running DRC as a precondition to command opt_design

Starting DRC Task
INFO: [DRC 23-27] Running DRC with 8 threads
INFO: [Project 1-461] DRC finished with 0 Errors
INFO: [Project 1-462] Please refer to the DRC report (report_drc) for more information.

Time (s): cpu = 00:00:02 ; elapsed = 00:00:01 . Memory (MB): peak = 2766.812 ; gain = 117.562 ; free physical = 84981 ; free virtual = 127834

Starting Cache Timing Information Task
Ending Cache Timing Information Task | Checksum: 14269bbb6

Time (s): cpu = 00:00:00.02 ; elapsed = 00:00:00.02 . Memory (MB): peak = 2766.812 ; gain = 0.000 ; free physical = 84982 ; free virtual = 127834

Starting Logic Optimization Task

Phase 1 Retarget
INFO: [Opt 31-138] Pushed 0 inverter(s) to 0 load pin(s).
INFO: [Opt 31-49] Retargeted 0 cell(s).
Phase 1 Retarget | Checksum: 14269bbb6

Time (s): cpu = 00:00:00.07 ; elapsed = 00:00:00.04 . Memory (MB): peak = 2854.766 ; gain = 3.969 ; free physical = 84776 ; free virtual = 127629
INFO: [Opt 31-389] Phase Retarget created 0 cells and removed 0 cells

Phase 2 Constant propagation
INFO: [Opt 31-138] Pushed 0 inverter(s) to 0 load pin(s).
Phase 2 Constant propagation | Checksum: 1d6887b0f

Time (s): cpu = 00:00:00.07 ; elapsed = 00:00:00.05 . Memory (MB): peak = 2854.766 ; gain = 3.969 ; free physical = 84778 ; free virtual = 127631
INFO: [Opt 31-389] Phase Constant propagation created 0 cells and removed 0 cells

Phase 3 Sweep
Phase 3 Sweep | Checksum: 18c6127a1

Time (s): cpu = 00:00:00.08 ; elapsed = 00:00:00.06 . Memory (MB): peak = 2854.766 ; gain = 3.969 ; free physical = 84781 ; free virtual = 127634
INFO: [Opt 31-389] Phase Sweep created 0 cells and removed 0 cells

Phase 4 BUFG optimization
Phase 4 BUFG optimization | Checksum: 18c6127a1

Time (s): cpu = 00:00:00.08 ; elapsed = 00:00:00.06 . Memory (MB): peak = 2854.766 ; gain = 3.969 ; free physical = 84782 ; free virtual = 127635
INFO: [Opt 31-662] Phase BUFG optimization created 0 cells of which 0 are BUFGs and removed 0 cells.

Phase 5 Shift Register Optimization
INFO: [Opt 31-1064] SRL Remap converted 0 SRLs to 0 registers and converted 0 registers of register chains to 0 SRLs
Phase 5 Shift Register Optimization | Checksum: 18c6127a1

Time (s): cpu = 00:00:00.08 ; elapsed = 00:00:00.06 . Memory (MB): peak = 2854.766 ; gain = 3.969 ; free physical = 84783 ; free virtual = 127635
INFO: [Opt 31-389] Phase Shift Register Optimization created 0 cells and removed 0 cells

Phase 6 Post Processing Netlist
Phase 6 Post Processing Netlist | Checksum: 18c6127a1

Time (s): cpu = 00:00:00.08 ; elapsed = 00:00:00.06 . Memory (MB): peak = 2854.766 ; gain = 3.969 ; free physical = 84784 ; free virtual = 127636
INFO: [Opt 31-389] Phase Post Processing Netlist created 0 cells and removed 0 cells
Opt_design Change Summary
=========================


-------------------------------------------------------------------------------------------------------------------------
|  Phase                        |  #Cells created  |  #Cells Removed  |  #Constrained objects preventing optimizations  |
-------------------------------------------------------------------------------------------------------------------------
|  Retarget                     |               0  |               0  |                                              0  |
|  Constant propagation         |               0  |               0  |                                              0  |
|  Sweep                        |               0  |               0  |                                              0  |
|  BUFG optimization            |               0  |               0  |                                              0  |
|  Shift Register Optimization  |               0  |               0  |                                              0  |
|  Post Processing Netlist      |               0  |               0  |                                              0  |
-------------------------------------------------------------------------------------------------------------------------



Starting Connectivity Check Task

Time (s): cpu = 00:00:00 ; elapsed = 00:00:00 . Memory (MB): peak = 2854.766 ; gain = 0.000 ; free physical = 84792 ; free virtual = 127644
Ending Logic Optimization Task | Checksum: 75b53784

Time (s): cpu = 00:00:00.09 ; elapsed = 00:00:00.06 . Memory (MB): peak = 2854.766 ; gain = 3.969 ; free physical = 84793 ; free virtual = 127645

Starting Power Optimization Task
INFO: [Pwropt 34-132] Skipping clock gating for clocks with a period < 2.00 ns.
Ending Power Optimization Task | Checksum: 75b53784

Time (s): cpu = 00:00:00.01 ; elapsed = 00:00:00.01 . Memory (MB): peak = 2854.766 ; gain = 0.000 ; free physical = 84801 ; free virtual = 127653

Starting Final Cleanup Task
Ending Final Cleanup Task | Checksum: 75b53784

Time (s): cpu = 00:00:00 ; elapsed = 00:00:00 . Memory (MB): peak = 2854.766 ; gain = 0.000 ; free physical = 84801 ; free virtual = 127653

Starting Netlist Obfuscation Task
Netlist sorting complete. Time (s): cpu = 00:00:00 ; elapsed = 00:00:00 . Memory (MB): peak = 2854.766 ; gain = 0.000 ; free physical = 84801 ; free virtual = 127653
Ending Netlist Obfuscation Task | Checksum: 75b53784

Time (s): cpu = 00:00:00 ; elapsed = 00:00:00 . Memory (MB): peak = 2854.766 ; gain = 0.000 ; free physical = 84801 ; free virtual = 127653
INFO: [Common 17-83] Releasing license: Implementation
30 Infos, 0 Warnings, 0 Critical Warnings and 0 Errors encountered.
opt_design completed successfully
INFO: [Timing 38-35] Done setting XDC timing constraints.
INFO: [Timing 38-480] Writing timing data to binary archive.
INFO: [Common 17-1381] The checkpoint '/home/nanwu/GNN_DFG/bb/dfg_61/project_tmp/solution_tmp/impl/verilog/project.runs/impl_1/bd_0_wrapper_opt.dcp' has been generated.
INFO: [runtcl-4] Executing : report_drc -file bd_0_wrapper_drc_opted.rpt -pb bd_0_wrapper_drc_opted.pb -rpx bd_0_wrapper_drc_opted.rpx
Command: report_drc -file bd_0_wrapper_drc_opted.rpt -pb bd_0_wrapper_drc_opted.pb -rpx bd_0_wrapper_drc_opted.rpx
INFO: [IP_Flow 19-1839] IP Catalog is up to date.
WARNING: [Timing 38-242] The property HD.CLK_SRC of clock port "ap_clk" is not set. In out-of-context mode, this prevents timing estimation for clock delay/skew
Resolution: Set the HD.CLK_SRC property of the out-of-context port to the location of the clock buffer instance in the top-level design
INFO: [DRC 23-27] Running DRC with 8 threads
INFO: [Coretcl 2-168] The results of DRC are in file /home/nanwu/GNN_DFG/bb/dfg_61/project_tmp/solution_tmp/impl/verilog/project.runs/impl_1/bd_0_wrapper_drc_opted.rpt.
report_drc completed successfully
Command: place_design
Attempting to get a license for feature 'Implementation' and/or device 'xc7z020'
INFO: [Common 17-349] Got license for feature 'Implementation' and/or device 'xc7z020'
INFO: [DRC 23-27] Running DRC with 8 threads
INFO: [Vivado_Tcl 4-198] DRC finished with 0 Errors
INFO: [Vivado_Tcl 4-199] Please refer to the DRC report (report_drc) for more information.
Running DRC as a precondition to command place_design
INFO: [DRC 23-27] Running DRC with 8 threads
INFO: [Vivado_Tcl 4-198] DRC finished with 0 Errors
INFO: [Vivado_Tcl 4-199] Please refer to the DRC report (report_drc) for more information.

Starting Placer Task
INFO: [Place 30-611] Multithreading enabled for place_design using a maximum of 8 CPUs

Phase 1 Placer Initialization

Phase 1.1 Placer Initialization Netlist Sorting
Netlist sorting complete. Time (s): cpu = 00:00:00 ; elapsed = 00:00:00 . Memory (MB): peak = 3011.809 ; gain = 0.000 ; free physical = 84464 ; free virtual = 127317
Phase 1.1 Placer Initialization Netlist Sorting | Checksum: 44610395

Time (s): cpu = 00:00:00.02 ; elapsed = 00:00:00.05 . Memory (MB): peak = 3011.809 ; gain = 0.000 ; free physical = 84464 ; free virtual = 127317
Netlist sorting complete. Time (s): cpu = 00:00:00 ; elapsed = 00:00:00 . Memory (MB): peak = 3011.809 ; gain = 0.000 ; free physical = 84463 ; free virtual = 127316

Phase 1.2 IO Placement/ Clock Placement/ Build Placer Device
Phase 1.2 IO Placement/ Clock Placement/ Build Placer Device | Checksum: 32a0dca1

Time (s): cpu = 00:00:00.40 ; elapsed = 00:00:00.11 . Memory (MB): peak = 3035.820 ; gain = 24.012 ; free physical = 84459 ; free virtual = 127312

Phase 1.3 Build Placer Netlist Model
Phase 1.3 Build Placer Netlist Model | Checksum: acb2ac48

Time (s): cpu = 00:00:00.81 ; elapsed = 00:00:00.24 . Memory (MB): peak = 3067.836 ; gain = 56.027 ; free physical = 84447 ; free virtual = 127299

Phase 1.4 Constrain Clocks/Macros
Phase 1.4 Constrain Clocks/Macros | Checksum: acb2ac48

Time (s): cpu = 00:00:00.81 ; elapsed = 00:00:00.24 . Memory (MB): peak = 3067.836 ; gain = 56.027 ; free physical = 84446 ; free virtual = 127298
Phase 1 Placer Initialization | Checksum: acb2ac48

Time (s): cpu = 00:00:00.82 ; elapsed = 00:00:00.24 . Memory (MB): peak = 3067.836 ; gain = 56.027 ; free physical = 84444 ; free virtual = 127297

Phase 2 Global Placement

Phase 2.1 Floorplanning
Phase 2.1 Floorplanning | Checksum: 96bb74f8

Time (s): cpu = 00:00:02 ; elapsed = 00:00:00.38 . Memory (MB): peak = 3083.844 ; gain = 72.035 ; free physical = 84417 ; free virtual = 127270

Phase 2.2 Update Timing before SLR Path Opt
Phase 2.2 Update Timing before SLR Path Opt | Checksum: 3f422e1d

Time (s): cpu = 00:00:02 ; elapsed = 00:00:00.41 . Memory (MB): peak = 3083.844 ; gain = 72.035 ; free physical = 84422 ; free virtual = 127274

Phase 2.3 Global Placement Core

Phase 2.3.1 Physical Synthesis In Placer
INFO: [Physopt 32-1035] Found 0 LUTNM shape to break, 5 LUT instances to create LUTNM shape
INFO: [Physopt 32-1044] Break lutnm for timing: one critical 0, two critical 0, total 0, new lutff created 0
INFO: [Physopt 32-775] End 1 Pass. Optimized 2 nets or cells. Created 0 new cell, deleted 2 existing cells and moved 0 existing cell
INFO: [Physopt 32-65] No nets found for high-fanout optimization.
INFO: [Physopt 32-232] Optimized 0 net. Created 0 new instance.
INFO: [Physopt 32-775] End 1 Pass. Optimized 0 net or cell. Created 0 new cell, deleted 0 existing cell and moved 0 existing cell
INFO: [Physopt 32-670] No setup violation found.  DSP Register Optimization was not performed.
INFO: [Physopt 32-670] No setup violation found.  Shift Register to Pipeline Optimization was not performed.
INFO: [Physopt 32-670] No setup violation found.  Shift Register Optimization was not performed.
INFO: [Physopt 32-670] No setup violation found.  BRAM Register Optimization was not performed.
INFO: [Physopt 32-670] No setup violation found.  URAM Register Optimization was not performed.
INFO: [Physopt 32-949] No candidate nets found for dynamic/static region interface net replication
INFO: [Physopt 32-775] End 1 Pass. Optimized 0 net or cell. Created 0 new cell, deleted 0 existing cell and moved 0 existing cell
Netlist sorting complete. Time (s): cpu = 00:00:00 ; elapsed = 00:00:00 . Memory (MB): peak = 3091.848 ; gain = 0.000 ; free physical = 84122 ; free virtual = 126975

Summary of Physical Synthesis Optimizations
============================================


-----------------------------------------------------------------------------------------------------------------------------------------------------------
|  Optimization                                     |  Added Cells  |  Removed Cells  |  Optimized Cells/Nets  |  Dont Touch  |  Iterations  |  Elapsed   |
-----------------------------------------------------------------------------------------------------------------------------------------------------------
|  LUT Combining                                    |            0  |              2  |                     2  |           0  |           1  |  00:00:00  |
|  Very High Fanout                                 |            0  |              0  |                     0  |           0  |           1  |  00:00:00  |
|  DSP Register                                     |            0  |              0  |                     0  |           0  |           0  |  00:00:00  |
|  Shift Register to Pipeline                       |            0  |              0  |                     0  |           0  |           0  |  00:00:00  |
|  Shift Register                                   |            0  |              0  |                     0  |           0  |           0  |  00:00:00  |
|  BRAM Register                                    |            0  |              0  |                     0  |           0  |           0  |  00:00:00  |
|  URAM Register                                    |            0  |              0  |                     0  |           0  |           0  |  00:00:00  |
|  Dynamic/Static Region Interface Net Replication  |            0  |              0  |                     0  |           0  |           1  |  00:00:00  |
|  Total                                            |            0  |              2  |                     2  |           0  |           3  |  00:00:00  |
-----------------------------------------------------------------------------------------------------------------------------------------------------------


Phase 2.3.1 Physical Synthesis In Placer | Checksum: 16bfb9a65

Time (s): cpu = 00:00:19 ; elapsed = 00:00:03 . Memory (MB): peak = 3091.848 ; gain = 80.039 ; free physical = 84117 ; free virtual = 126970
Phase 2.3 Global Placement Core | Checksum: c7917432

Time (s): cpu = 00:00:19 ; elapsed = 00:00:03 . Memory (MB): peak = 3091.848 ; gain = 80.039 ; free physical = 84112 ; free virtual = 126965
Phase 2 Global Placement | Checksum: c7917432

Time (s): cpu = 00:00:19 ; elapsed = 00:00:03 . Memory (MB): peak = 3091.848 ; gain = 80.039 ; free physical = 84111 ; free virtual = 126964

Phase 3 Detail Placement

Phase 3.1 Commit Multi Column Macros
Phase 3.1 Commit Multi Column Macros | Checksum: 9e04aab4

Time (s): cpu = 00:00:19 ; elapsed = 00:00:03 . Memory (MB): peak = 3091.848 ; gain = 80.039 ; free physical = 84108 ; free virtual = 126960

Phase 3.2 Commit Most Macros & LUTRAMs
Phase 3.2 Commit Most Macros & LUTRAMs | Checksum: 1bad1d758

Time (s): cpu = 00:00:20 ; elapsed = 00:00:03 . Memory (MB): peak = 3091.848 ; gain = 80.039 ; free physical = 84100 ; free virtual = 126953

Phase 3.3 Area Swap Optimization
Phase 3.3 Area Swap Optimization | Checksum: 2065e6e71

Time (s): cpu = 00:00:20 ; elapsed = 00:00:03 . Memory (MB): peak = 3091.848 ; gain = 80.039 ; free physical = 84099 ; free virtual = 126952

Phase 3.4 Pipeline Register Optimization
Phase 3.4 Pipeline Register Optimization | Checksum: 20dd9c89d

Time (s): cpu = 00:00:20 ; elapsed = 00:00:03 . Memory (MB): peak = 3091.848 ; gain = 80.039 ; free physical = 84098 ; free virtual = 126951

Phase 3.5 Small Shape Detail Placement
Phase 3.5 Small Shape Detail Placement | Checksum: 1b130b226

Time (s): cpu = 00:00:20 ; elapsed = 00:00:04 . Memory (MB): peak = 3091.848 ; gain = 80.039 ; free physical = 84075 ; free virtual = 126928

Phase 3.6 Re-assign LUT pins
Phase 3.6 Re-assign LUT pins | Checksum: 1e6238be3

Time (s): cpu = 00:00:20 ; elapsed = 00:00:04 . Memory (MB): peak = 3091.848 ; gain = 80.039 ; free physical = 84073 ; free virtual = 126926

Phase 3.7 Pipeline Register Optimization
Phase 3.7 Pipeline Register Optimization | Checksum: 1b06c42b5

Time (s): cpu = 00:00:20 ; elapsed = 00:00:04 . Memory (MB): peak = 3091.848 ; gain = 80.039 ; free physical = 84072 ; free virtual = 126925
Phase 3 Detail Placement | Checksum: 1b06c42b5

Time (s): cpu = 00:00:20 ; elapsed = 00:00:04 . Memory (MB): peak = 3091.848 ; gain = 80.039 ; free physical = 84078 ; free virtual = 126930

Phase 4 Post Placement Optimization and Clean-Up

Phase 4.1 Post Commit Optimization
INFO: [Timing 38-35] Done setting XDC timing constraints.

Phase 4.1.1 Post Placement Optimization
Post Placement Optimization Initialization | Checksum: 1662f51fd

Phase 4.1.1.1 BUFG Insertion

Starting Physical Synthesis Task

Phase 1 Physical Synthesis Initialization
INFO: [Physopt 32-721] Multithreading enabled for phys_opt_design using a maximum of 8 CPUs
INFO: [Physopt 32-619] Estimated Timing Summary | WNS=4.374 | TNS=0.000 |
Phase 1 Physical Synthesis Initialization | Checksum: 102dc6abf

Time (s): cpu = 00:00:00.06 ; elapsed = 00:00:00.02 . Memory (MB): peak = 3091.848 ; gain = 0.000 ; free physical = 84074 ; free virtual = 126927
INFO: [Place 46-56] BUFG insertion identified 0 candidate nets. Inserted BUFG: 0, Replicated BUFG Driver: 0, Skipped due to Placement/Routing Conflicts: 0, Skipped due to Timing Degradation: 0, Skipped due to Illegal Netlist: 0.
Ending Physical Synthesis Task | Checksum: 141d077ed

Time (s): cpu = 00:00:00.06 ; elapsed = 00:00:00.02 . Memory (MB): peak = 3091.848 ; gain = 0.000 ; free physical = 84074 ; free virtual = 126927
Phase 4.1.1.1 BUFG Insertion | Checksum: 1662f51fd

Time (s): cpu = 00:00:21 ; elapsed = 00:00:04 . Memory (MB): peak = 3091.848 ; gain = 80.039 ; free physical = 84073 ; free virtual = 126926
INFO: [Place 30-746] Post Placement Timing Summary WNS=4.374. For the most accurate timing information please run report_timing.

Time (s): cpu = 00:00:21 ; elapsed = 00:00:04 . Memory (MB): peak = 3091.848 ; gain = 80.039 ; free physical = 84073 ; free virtual = 126926
Phase 4.1 Post Commit Optimization | Checksum: 1734027c9

Time (s): cpu = 00:00:21 ; elapsed = 00:00:04 . Memory (MB): peak = 3091.848 ; gain = 80.039 ; free physical = 84073 ; free virtual = 126926

Phase 4.2 Post Placement Cleanup
Phase 4.2 Post Placement Cleanup | Checksum: 1734027c9

Time (s): cpu = 00:00:21 ; elapsed = 00:00:04 . Memory (MB): peak = 3091.848 ; gain = 80.039 ; free physical = 84072 ; free virtual = 126925

Phase 4.3 Placer Reporting

Phase 4.3.1 Print Estimated Congestion
INFO: [Place 30-612] Post-Placement Estimated Congestion 
 ____________________________________________________
|           | Global Congestion | Short Congestion  |
| Direction | Region Size       | Region Size       |
|___________|___________________|___________________|
|      North|                1x1|                1x1|
|___________|___________________|___________________|
|      South|                1x1|                1x1|
|___________|___________________|___________________|
|       East|                1x1|                1x1|
|___________|___________________|___________________|
|       West|                1x1|                1x1|
|___________|___________________|___________________|

Phase 4.3.1 Print Estimated Congestion | Checksum: 1734027c9

Time (s): cpu = 00:00:21 ; elapsed = 00:00:04 . Memory (MB): peak = 3091.848 ; gain = 80.039 ; free physical = 84072 ; free virtual = 126925
Phase 4.3 Placer Reporting | Checksum: 1734027c9

Time (s): cpu = 00:00:21 ; elapsed = 00:00:04 . Memory (MB): peak = 3091.848 ; gain = 80.039 ; free physical = 84072 ; free virtual = 126925

Phase 4.4 Final Placement Cleanup
Netlist sorting complete. Time (s): cpu = 00:00:00 ; elapsed = 00:00:00 . Memory (MB): peak = 3091.848 ; gain = 0.000 ; free physical = 84072 ; free virtual = 126925

Time (s): cpu = 00:00:21 ; elapsed = 00:00:04 . Memory (MB): peak = 3091.848 ; gain = 80.039 ; free physical = 84072 ; free virtual = 126925
Phase 4 Post Placement Optimization and Clean-Up | Checksum: 11480b8f3

Time (s): cpu = 00:00:21 ; elapsed = 00:00:04 . Memory (MB): peak = 3091.848 ; gain = 80.039 ; free physical = 84072 ; free virtual = 126925
Ending Placer Task | Checksum: b1bcd528

Time (s): cpu = 00:00:21 ; elapsed = 00:00:04 . Memory (MB): peak = 3091.848 ; gain = 80.039 ; free physical = 84072 ; free virtual = 126925
INFO: [Common 17-83] Releasing license: Implementation
65 Infos, 1 Warnings, 0 Critical Warnings and 0 Errors encountered.
place_design completed successfully
place_design: Time (s): cpu = 00:00:23 ; elapsed = 00:00:05 . Memory (MB): peak = 3091.848 ; gain = 80.039 ; free physical = 84095 ; free virtual = 126948
INFO: [Timing 38-480] Writing timing data to binary archive.
Writing placer database...
Writing XDEF routing.
Writing XDEF routing logical nets.
Writing XDEF routing special nets.
Write XDEF Complete: Time (s): cpu = 00:00:00.23 ; elapsed = 00:00:00.12 . Memory (MB): peak = 3091.848 ; gain = 0.000 ; free physical = 84076 ; free virtual = 126931
INFO: [Common 17-1381] The checkpoint '/home/nanwu/GNN_DFG/bb/dfg_61/project_tmp/solution_tmp/impl/verilog/project.runs/impl_1/bd_0_wrapper_placed.dcp' has been generated.
INFO: [runtcl-4] Executing : report_io -file bd_0_wrapper_io_placed.rpt
report_io: Time (s): cpu = 00:00:00.11 ; elapsed = 00:00:00.19 . Memory (MB): peak = 3091.848 ; gain = 0.000 ; free physical = 83996 ; free virtual = 126850
INFO: [runtcl-4] Executing : report_utilization -file bd_0_wrapper_utilization_placed.rpt -pb bd_0_wrapper_utilization_placed.pb
INFO: [runtcl-4] Executing : report_control_sets -verbose -file bd_0_wrapper_control_sets_placed.rpt
report_control_sets: Time (s): cpu = 00:00:00.06 ; elapsed = 00:00:00.13 . Memory (MB): peak = 3091.848 ; gain = 0.000 ; free physical = 83965 ; free virtual = 126818
Command: phys_opt_design
Attempting to get a license for feature 'Implementation' and/or device 'xc7z020'
INFO: [Common 17-349] Got license for feature 'Implementation' and/or device 'xc7z020'
INFO: [Vivado_Tcl 4-383] Design worst setup slack (WNS) is greater than or equal to 0.000 ns. Skipping all physical synthesis optimizations.
INFO: [Vivado_Tcl 4-232] No setup violation found. The netlist was not modified.
INFO: [Common 17-83] Releasing license: Implementation
74 Infos, 1 Warnings, 0 Critical Warnings and 0 Errors encountered.
phys_opt_design completed successfully
INFO: [Timing 38-480] Writing timing data to binary archive.
Writing placer database...
Writing XDEF routing.
Writing XDEF routing logical nets.
Writing XDEF routing special nets.
Write XDEF Complete: Time (s): cpu = 00:00:00.17 ; elapsed = 00:00:00.05 . Memory (MB): peak = 3091.848 ; gain = 0.000 ; free physical = 83923 ; free virtual = 126778
INFO: [Common 17-1381] The checkpoint '/home/nanwu/GNN_DFG/bb/dfg_61/project_tmp/solution_tmp/impl/verilog/project.runs/impl_1/bd_0_wrapper_physopt.dcp' has been generated.
Command: route_design
Attempting to get a license for feature 'Implementation' and/or device 'xc7z020'
INFO: [Common 17-349] Got license for feature 'Implementation' and/or device 'xc7z020'
Running DRC as a precondition to command route_design
WARNING: [Timing 38-242] The property HD.CLK_SRC of clock port "ap_clk" is not set. In out-of-context mode, this prevents timing estimation for clock delay/skew
Resolution: Set the HD.CLK_SRC property of the out-of-context port to the location of the clock buffer instance in the top-level design
INFO: [DRC 23-27] Running DRC with 8 threads
INFO: [Vivado_Tcl 4-198] DRC finished with 0 Errors
INFO: [Vivado_Tcl 4-199] Please refer to the DRC report (report_drc) for more information.


Starting Routing Task
INFO: [Route 35-254] Multithreading enabled for route_design using a maximum of 8 CPUs
Checksum: PlaceDB: 94a71b2d ConstDB: 0 ShapeSum: 1d15b9fb RouteDB: 0

Phase 1 Build RT Design
WARNING: [Route 35-198] Port "p[7]" does not have an associated HD.PARTPIN_LOCS, which will prevent the partial routing of the signal "p[7]". Without this partial route, timing analysis to/from this port will not be accurate, and no routing information for this port can be exported.
WARNING: [Route 35-198] Port "p[6]" does not have an associated HD.PARTPIN_LOCS, which will prevent the partial routing of the signal "p[6]". Without this partial route, timing analysis to/from this port will not be accurate, and no routing information for this port can be exported.
WARNING: [Route 35-198] Port "p[5]" does not have an associated HD.PARTPIN_LOCS, which will prevent the partial routing of the signal "p[5]". Without this partial route, timing analysis to/from this port will not be accurate, and no routing information for this port can be exported.
WARNING: [Route 35-198] Port "p[4]" does not have an associated HD.PARTPIN_LOCS, which will prevent the partial routing of the signal "p[4]". Without this partial route, timing analysis to/from this port will not be accurate, and no routing information for this port can be exported.
WARNING: [Route 35-198] Port "p[3]" does not have an associated HD.PARTPIN_LOCS, which will prevent the partial routing of the signal "p[3]". Without this partial route, timing analysis to/from this port will not be accurate, and no routing information for this port can be exported.
WARNING: [Route 35-198] Port "p[2]" does not have an associated HD.PARTPIN_LOCS, which will prevent the partial routing of the signal "p[2]". Without this partial route, timing analysis to/from this port will not be accurate, and no routing information for this port can be exported.
WARNING: [Route 35-198] Port "p[1]" does not have an associated HD.PARTPIN_LOCS, which will prevent the partial routing of the signal "p[1]". Without this partial route, timing analysis to/from this port will not be accurate, and no routing information for this port can be exported.
WARNING: [Route 35-198] Port "p[0]" does not have an associated HD.PARTPIN_LOCS, which will prevent the partial routing of the signal "p[0]". Without this partial route, timing analysis to/from this port will not be accurate, and no routing information for this port can be exported.
WARNING: [Route 35-197] Clock port "ap_clk" does not have an associated HD.CLK_SRC. Without this constraint, timing analysis may not be accurate and upstream checks cannot be done to ensure correct clock placement.
WARNING: [Route 35-198] Port "ap_rst" does not have an associated HD.PARTPIN_LOCS, which will prevent the partial routing of the signal "ap_rst". Without this partial route, timing analysis to/from this port will not be accurate, and no routing information for this port can be exported.
WARNING: [Route 35-198] Port "ap_ctrl_start" does not have an associated HD.PARTPIN_LOCS, which will prevent the partial routing of the signal "ap_ctrl_start". Without this partial route, timing analysis to/from this port will not be accurate, and no routing information for this port can be exported.
Phase 1 Build RT Design | Checksum: 10264a4ba

Time (s): cpu = 00:00:12 ; elapsed = 00:00:10 . Memory (MB): peak = 3091.848 ; gain = 0.000 ; free physical = 83648 ; free virtual = 126502
Post Restoration Checksum: NetGraph: 2588cff1 NumContArr: dcdbd4c9 Constraints: 0 Timing: 0

Phase 2 Router Initialization

Phase 2.1 Create Timer
Phase 2.1 Create Timer | Checksum: 10264a4ba

Time (s): cpu = 00:00:12 ; elapsed = 00:00:10 . Memory (MB): peak = 3091.848 ; gain = 0.000 ; free physical = 83647 ; free virtual = 126502

Phase 2.2 Fix Topology Constraints
Phase 2.2 Fix Topology Constraints | Checksum: 10264a4ba

Time (s): cpu = 00:00:12 ; elapsed = 00:00:10 . Memory (MB): peak = 3094.480 ; gain = 2.633 ; free physical = 83612 ; free virtual = 126467

Phase 2.3 Pre Route Cleanup
Phase 2.3 Pre Route Cleanup | Checksum: 10264a4ba

Time (s): cpu = 00:00:12 ; elapsed = 00:00:10 . Memory (MB): peak = 3094.480 ; gain = 2.633 ; free physical = 83612 ; free virtual = 126467
 Number of Nodes with overlaps = 0

Phase 2.4 Update Timing
Phase 2.4 Update Timing | Checksum: 136ae63d6

Time (s): cpu = 00:00:13 ; elapsed = 00:00:10 . Memory (MB): peak = 3116.363 ; gain = 24.516 ; free physical = 83600 ; free virtual = 126455
INFO: [Route 35-416] Intermediate Timing Summary | WNS=4.561  | TNS=0.000  | WHS=0.090  | THS=0.000  |

Phase 2 Router Initialization | Checksum: daa619bc

Time (s): cpu = 00:00:13 ; elapsed = 00:00:10 . Memory (MB): peak = 3116.363 ; gain = 24.516 ; free physical = 83598 ; free virtual = 126453

Router Utilization Summary
  Global Vertical Routing Utilization    = 0 %
  Global Horizontal Routing Utilization  = 0 %
  Routable Net Status*
  *Does not include unroutable nets such as driverless and loadless.
  Run report_route_status for detailed report.
  Number of Failed Nets               = 470
    (Failed Nets is the sum of unrouted and partially routed nets)
  Number of Unrouted Nets             = 470
  Number of Partially Routed Nets     = 0
  Number of Node Overlaps             = 0


Phase 3 Initial Routing

Phase 3.1 Global Routing
Phase 3.1 Global Routing | Checksum: daa619bc

Time (s): cpu = 00:00:13 ; elapsed = 00:00:10 . Memory (MB): peak = 3117.363 ; gain = 25.516 ; free physical = 83593 ; free virtual = 126448
Phase 3 Initial Routing | Checksum: 1f206bc56

Time (s): cpu = 00:00:13 ; elapsed = 00:00:10 . Memory (MB): peak = 3117.363 ; gain = 25.516 ; free physical = 83592 ; free virtual = 126447

Phase 4 Rip-up And Reroute

Phase 4.1 Global Iteration 0
 Number of Nodes with overlaps = 6
 Number of Nodes with overlaps = 0
INFO: [Route 35-416] Intermediate Timing Summary | WNS=3.310  | TNS=0.000  | WHS=N/A    | THS=N/A    |

Phase 4.1 Global Iteration 0 | Checksum: 1366613a0

Time (s): cpu = 00:00:14 ; elapsed = 00:00:10 . Memory (MB): peak = 3117.363 ; gain = 25.516 ; free physical = 83589 ; free virtual = 126444
Phase 4 Rip-up And Reroute | Checksum: 1366613a0

Time (s): cpu = 00:00:14 ; elapsed = 00:00:10 . Memory (MB): peak = 3117.363 ; gain = 25.516 ; free physical = 83589 ; free virtual = 126444

Phase 5 Delay and Skew Optimization

Phase 5.1 Delay CleanUp
Phase 5.1 Delay CleanUp | Checksum: 1366613a0

Time (s): cpu = 00:00:14 ; elapsed = 00:00:10 . Memory (MB): peak = 3117.363 ; gain = 25.516 ; free physical = 83589 ; free virtual = 126444

Phase 5.2 Clock Skew Optimization
Phase 5.2 Clock Skew Optimization | Checksum: 1366613a0

Time (s): cpu = 00:00:14 ; elapsed = 00:00:10 . Memory (MB): peak = 3117.363 ; gain = 25.516 ; free physical = 83589 ; free virtual = 126444
Phase 5 Delay and Skew Optimization | Checksum: 1366613a0

Time (s): cpu = 00:00:14 ; elapsed = 00:00:10 . Memory (MB): peak = 3117.363 ; gain = 25.516 ; free physical = 83589 ; free virtual = 126444

Phase 6 Post Hold Fix

Phase 6.1 Hold Fix Iter

Phase 6.1.1 Update Timing
Phase 6.1.1 Update Timing | Checksum: 1299f7220

Time (s): cpu = 00:00:14 ; elapsed = 00:00:10 . Memory (MB): peak = 3117.363 ; gain = 25.516 ; free physical = 83587 ; free virtual = 126442
INFO: [Route 35-416] Intermediate Timing Summary | WNS=3.310  | TNS=0.000  | WHS=0.123  | THS=0.000  |

Phase 6.1 Hold Fix Iter | Checksum: 1299f7220

Time (s): cpu = 00:00:14 ; elapsed = 00:00:10 . Memory (MB): peak = 3117.363 ; gain = 25.516 ; free physical = 83586 ; free virtual = 126441
Phase 6 Post Hold Fix | Checksum: 1299f7220

Time (s): cpu = 00:00:14 ; elapsed = 00:00:10 . Memory (MB): peak = 3117.363 ; gain = 25.516 ; free physical = 83586 ; free virtual = 126441

Phase 7 Route finalize

Router Utilization Summary
  Global Vertical Routing Utilization    = 0.0279072 %
  Global Horizontal Routing Utilization  = 0.0285666 %
  Routable Net Status*
  *Does not include unroutable nets such as driverless and loadless.
  Run report_route_status for detailed report.
  Number of Failed Nets               = 0
    (Failed Nets is the sum of unrouted and partially routed nets)
  Number of Unrouted Nets             = 0
  Number of Partially Routed Nets     = 0
  Number of Node Overlaps             = 0

Phase 7 Route finalize | Checksum: 1ddbb9136

Time (s): cpu = 00:00:14 ; elapsed = 00:00:10 . Memory (MB): peak = 3117.363 ; gain = 25.516 ; free physical = 83581 ; free virtual = 126436

Phase 8 Verifying routed nets

 Verification completed successfully
Phase 8 Verifying routed nets | Checksum: 1ddbb9136

Time (s): cpu = 00:00:14 ; elapsed = 00:00:10 . Memory (MB): peak = 3117.363 ; gain = 25.516 ; free physical = 83579 ; free virtual = 126434

Phase 9 Depositing Routes
Phase 9 Depositing Routes | Checksum: 29ebe06ff

Time (s): cpu = 00:00:14 ; elapsed = 00:00:10 . Memory (MB): peak = 3149.379 ; gain = 57.531 ; free physical = 83585 ; free virtual = 126440

Phase 10 Post Router Timing
INFO: [Route 35-57] Estimated Timing Summary | WNS=3.310  | TNS=0.000  | WHS=0.123  | THS=0.000  |

INFO: [Route 35-327] The final timing numbers are based on the router estimated timing analysis. For a complete and accurate timing signoff, please run report_timing_summary.
Phase 10 Post Router Timing | Checksum: 29ebe06ff

Time (s): cpu = 00:00:14 ; elapsed = 00:00:10 . Memory (MB): peak = 3149.379 ; gain = 57.531 ; free physical = 83585 ; free virtual = 126440
INFO: [Route 35-16] Router Completed Successfully

Time (s): cpu = 00:00:14 ; elapsed = 00:00:10 . Memory (MB): peak = 3149.379 ; gain = 57.531 ; free physical = 83621 ; free virtual = 126476

Routing Is Done.
INFO: [Common 17-83] Releasing license: Implementation
88 Infos, 13 Warnings, 0 Critical Warnings and 0 Errors encountered.
route_design completed successfully
route_design: Time (s): cpu = 00:00:16 ; elapsed = 00:00:12 . Memory (MB): peak = 3149.379 ; gain = 57.531 ; free physical = 83621 ; free virtual = 126476
INFO: [Timing 38-480] Writing timing data to binary archive.
Writing placer database...
Writing XDEF routing.
Writing XDEF routing logical nets.
Writing XDEF routing special nets.
Write XDEF Complete: Time (s): cpu = 00:00:00.17 ; elapsed = 00:00:00.04 . Memory (MB): peak = 3149.379 ; gain = 0.000 ; free physical = 83611 ; free virtual = 126469
INFO: [Common 17-1381] The checkpoint '/home/nanwu/GNN_DFG/bb/dfg_61/project_tmp/solution_tmp/impl/verilog/project.runs/impl_1/bd_0_wrapper_routed.dcp' has been generated.
INFO: [runtcl-4] Executing : report_drc -file bd_0_wrapper_drc_routed.rpt -pb bd_0_wrapper_drc_routed.pb -rpx bd_0_wrapper_drc_routed.rpx
Command: report_drc -file bd_0_wrapper_drc_routed.rpt -pb bd_0_wrapper_drc_routed.pb -rpx bd_0_wrapper_drc_routed.rpx
INFO: [IP_Flow 19-1839] IP Catalog is up to date.
WARNING: [Timing 38-242] The property HD.CLK_SRC of clock port "ap_clk" is not set. In out-of-context mode, this prevents timing estimation for clock delay/skew
Resolution: Set the HD.CLK_SRC property of the out-of-context port to the location of the clock buffer instance in the top-level design
INFO: [DRC 23-27] Running DRC with 8 threads
INFO: [Coretcl 2-168] The results of DRC are in file /home/nanwu/GNN_DFG/bb/dfg_61/project_tmp/solution_tmp/impl/verilog/project.runs/impl_1/bd_0_wrapper_drc_routed.rpt.
report_drc completed successfully
INFO: [runtcl-4] Executing : report_methodology -file bd_0_wrapper_methodology_drc_routed.rpt -pb bd_0_wrapper_methodology_drc_routed.pb -rpx bd_0_wrapper_methodology_drc_routed.rpx
Command: report_methodology -file bd_0_wrapper_methodology_drc_routed.rpt -pb bd_0_wrapper_methodology_drc_routed.pb -rpx bd_0_wrapper_methodology_drc_routed.rpx
INFO: [Timing 38-35] Done setting XDC timing constraints.
INFO: [DRC 23-133] Running Methodology with 8 threads
INFO: [Coretcl 2-1520] The results of Report Methodology are in file /home/nanwu/GNN_DFG/bb/dfg_61/project_tmp/solution_tmp/impl/verilog/project.runs/impl_1/bd_0_wrapper_methodology_drc_routed.rpt.
report_methodology completed successfully
INFO: [runtcl-4] Executing : report_power -file bd_0_wrapper_power_routed.rpt -pb bd_0_wrapper_power_summary_routed.pb -rpx bd_0_wrapper_power_routed.rpx
Command: report_power -file bd_0_wrapper_power_routed.rpt -pb bd_0_wrapper_power_summary_routed.pb -rpx bd_0_wrapper_power_routed.rpx
INFO: [Timing 38-35] Done setting XDC timing constraints.
Running Vector-less Activity Propagation...

Finished Running Vector-less Activity Propagation
100 Infos, 14 Warnings, 0 Critical Warnings and 0 Errors encountered.
report_power completed successfully
INFO: [runtcl-4] Executing : report_route_status -file bd_0_wrapper_route_status.rpt -pb bd_0_wrapper_route_status.pb
INFO: [runtcl-4] Executing : report_timing_summary -max_paths 10 -file bd_0_wrapper_timing_summary_routed.rpt -pb bd_0_wrapper_timing_summary_routed.pb -rpx bd_0_wrapper_timing_summary_routed.rpx -warn_on_violation 
INFO: [Timing 38-91] UpdateTimingParams: Speed grade: -1, Delay Type: min_max.
INFO: [Timing 38-191] Multithreading enabled for timing update using a maximum of 8 CPUs
INFO: [runtcl-4] Executing : report_incremental_reuse -file bd_0_wrapper_incremental_reuse_routed.rpt
INFO: [Vivado_Tcl 4-1062] Incremental flow is disabled. No incremental reuse Info to report.
INFO: [runtcl-4] Executing : report_clock_utilization -file bd_0_wrapper_clock_utilization_routed.rpt
INFO: [runtcl-4] Executing : report_bus_skew -warn_on_violation -file bd_0_wrapper_bus_skew_routed.rpt -pb bd_0_wrapper_bus_skew_routed.pb -rpx bd_0_wrapper_bus_skew_routed.rpx
INFO: [Timing 38-91] UpdateTimingParams: Speed grade: -1, Delay Type: min_max.
INFO: [Timing 38-191] Multithreading enabled for timing update using a maximum of 8 CPUs
INFO: [Common 17-206] Exiting Vivado at Fri Apr 16 16:57:35 2021...
