Copyright 1986-2020 Xilinx, Inc. All Rights Reserved.
-----------------------------------------------------------------------------------------
| Tool Version : Vivado v.2020.2 (lin64) Build 3064766 Wed Nov 18 09:12:47 MST 2020
| Date         : Mon Apr 12 10:38:15 2021
| Host         : seal-lambda running 64-bit Ubuntu 18.04.5 LTS
| Command      : report_control_sets -verbose -file bd_0_wrapper_control_sets_placed.rpt
| Design       : bd_0_wrapper
| Device       : xc7z020
-----------------------------------------------------------------------------------------

Control Set Information

Table of Contents
-----------------
1. Summary
2. Histogram
3. Flip-Flop Distribution
4. Detailed Control Set Information

1. Summary
----------

+----------------------------------------------------------+-------+
|                          Status                          | Count |
+----------------------------------------------------------+-------+
| Total control sets                                       |     4 |
|    Minimum number of control sets                        |     4 |
|    Addition due to synthesis replication                 |     0 |
|    Addition due to physical synthesis replication        |     0 |
| Unused register locations in slices containing registers |    12 |
+----------------------------------------------------------+-------+
* Control sets can be merged at opt_design using control_set_merge or merge_equivalent_drivers
** Run report_qor_suggestions for automated merging and remapping suggestions


2. Histogram
------------

+--------------------+-------+
|       Fanout       | Count |
+--------------------+-------+
| Total control sets |     4 |
| >= 0 to < 4        |     0 |
| >= 4 to < 6        |     0 |
| >= 6 to < 8        |     0 |
| >= 8 to < 10       |     1 |
| >= 10 to < 12      |     0 |
| >= 12 to < 14      |     0 |
| >= 14 to < 16      |     0 |
| >= 16              |     3 |
+--------------------+-------+
* Control sets can be remapped at either synth_design or opt_design


3. Flip-Flop Distribution
-------------------------

+--------------+-----------------------+------------------------+-----------------+--------------+
| Clock Enable | Synchronous Set/Reset | Asynchronous Set/Reset | Total Registers | Total Slices |
+--------------+-----------------------+------------------------+-----------------+--------------+
| No           | No                    | No                     |              65 |           21 |
| No           | No                    | Yes                    |               0 |            0 |
| No           | Yes                   | No                     |              23 |            7 |
| Yes          | No                    | No                     |              52 |           14 |
| Yes          | No                    | Yes                    |               0 |            0 |
| Yes          | Yes                   | No                     |               0 |            0 |
+--------------+-----------------------+------------------------+-----------------+--------------+


4. Detailed Control Set Information
-----------------------------------

+--------------+-------------------------------------------------------------------------------------------------------------------------------------------+------------------+------------------+----------------+--------------+
| Clock Signal |                                                               Enable Signal                                                               | Set/Reset Signal | Slice Load Count | Bel Load Count | Bels / Slice |
+--------------+-------------------------------------------------------------------------------------------------------------------------------------------+------------------+------------------+----------------+--------------+
|  ap_clk      | bd_0_i/hls_inst/inst/srem_9s_18ns_8_13_seq_1_U2/fn1_srem_9s_18ns_8_13_seq_1_div_U/fn1_srem_9s_18ns_8_13_seq_1_div_u_0/r_stage_reg[9]_0[0] |                  |                2 |              8 |         4.00 |
|  ap_clk      |                                                                                                                                           | ap_rst           |                7 |             23 |         3.29 |
|  ap_clk      | bd_0_i/hls_inst/inst/urem_1ns_33ns_1_5_seq_1_U1/fn1_urem_1ns_33ns_1_5_seq_1_div_U/E[0]                                                    |                  |               12 |             44 |         3.67 |
|  ap_clk      |                                                                                                                                           |                  |               21 |             65 |         3.10 |
+--------------+-------------------------------------------------------------------------------------------------------------------------------------------+------------------+------------------+----------------+--------------+


