Copyright 1986-2020 Xilinx, Inc. All Rights Reserved.
--------------------------------------------------------------------------------------------------------------------------------------------------------------------------
| Tool Version : Vivado v.2020.2 (lin64) Build 3064766 Wed Nov 18 09:12:47 MST 2020
| Date         : Fri Apr 16 16:27:22 2021
| Host         : seal-lambda running 64-bit Ubuntu 18.04.5 LTS
| Command      : report_methodology -file bd_0_wrapper_methodology_drc_routed.rpt -pb bd_0_wrapper_methodology_drc_routed.pb -rpx bd_0_wrapper_methodology_drc_routed.rpx
| Design       : bd_0_wrapper
| Device       : xc7z020clg484-1
| Speed File   : -1
| Design State : Fully Routed
--------------------------------------------------------------------------------------------------------------------------------------------------------------------------

Report Methodology

Table of Contents
-----------------
1. REPORT SUMMARY
2. REPORT DETAILS

1. REPORT SUMMARY
-----------------
            Netlist: netlist
          Floorplan: checkpoint_bd_0_wrapper
      Design limits: <entire design considered>
             Max violations: <unlimited>
             Violations found: 157
+-----------+----------+-------------------------------+------------+
| Rule      | Severity | Description                   | Violations |
+-----------+----------+-------------------------------+------------+
| TIMING-18 | Warning  | Missing input or output delay | 157        |
+-----------+----------+-------------------------------+------------+

2. REPORT DETAILS
-----------------
TIMING-18#1 Warning
Missing input or output delay  
An input delay is missing on ap_ctrl_start relative to clock(s) ap_clk
Related violations: <none>

TIMING-18#2 Warning
Missing input or output delay  
An input delay is missing on ap_rst relative to clock(s) ap_clk
Related violations: <none>

TIMING-18#3 Warning
Missing input or output delay  
An input delay is missing on p[0] relative to clock(s) ap_clk
Related violations: <none>

TIMING-18#4 Warning
Missing input or output delay  
An input delay is missing on p[10] relative to clock(s) ap_clk
Related violations: <none>

TIMING-18#5 Warning
Missing input or output delay  
An input delay is missing on p[11] relative to clock(s) ap_clk
Related violations: <none>

TIMING-18#6 Warning
Missing input or output delay  
An input delay is missing on p[12] relative to clock(s) ap_clk
Related violations: <none>

TIMING-18#7 Warning
Missing input or output delay  
An input delay is missing on p[13] relative to clock(s) ap_clk
Related violations: <none>

TIMING-18#8 Warning
Missing input or output delay  
An input delay is missing on p[14] relative to clock(s) ap_clk
Related violations: <none>

TIMING-18#9 Warning
Missing input or output delay  
An input delay is missing on p[15] relative to clock(s) ap_clk
Related violations: <none>

TIMING-18#10 Warning
Missing input or output delay  
An input delay is missing on p[1] relative to clock(s) ap_clk
Related violations: <none>

TIMING-18#11 Warning
Missing input or output delay  
An input delay is missing on p[2] relative to clock(s) ap_clk
Related violations: <none>

TIMING-18#12 Warning
Missing input or output delay  
An input delay is missing on p[3] relative to clock(s) ap_clk
Related violations: <none>

TIMING-18#13 Warning
Missing input or output delay  
An input delay is missing on p[4] relative to clock(s) ap_clk
Related violations: <none>

TIMING-18#14 Warning
Missing input or output delay  
An input delay is missing on p[5] relative to clock(s) ap_clk
Related violations: <none>

TIMING-18#15 Warning
Missing input or output delay  
An input delay is missing on p[6] relative to clock(s) ap_clk
Related violations: <none>

TIMING-18#16 Warning
Missing input or output delay  
An input delay is missing on p[7] relative to clock(s) ap_clk
Related violations: <none>

TIMING-18#17 Warning
Missing input or output delay  
An input delay is missing on p[8] relative to clock(s) ap_clk
Related violations: <none>

TIMING-18#18 Warning
Missing input or output delay  
An input delay is missing on p[9] relative to clock(s) ap_clk
Related violations: <none>

TIMING-18#19 Warning
Missing input or output delay  
An input delay is missing on p_7[0] relative to clock(s) ap_clk
Related violations: <none>

TIMING-18#20 Warning
Missing input or output delay  
An input delay is missing on p_7[1] relative to clock(s) ap_clk
Related violations: <none>

TIMING-18#21 Warning
Missing input or output delay  
An input delay is missing on p_7[2] relative to clock(s) ap_clk
Related violations: <none>

TIMING-18#22 Warning
Missing input or output delay  
An input delay is missing on p_7[3] relative to clock(s) ap_clk
Related violations: <none>

TIMING-18#23 Warning
Missing input or output delay  
An input delay is missing on p_7[4] relative to clock(s) ap_clk
Related violations: <none>

TIMING-18#24 Warning
Missing input or output delay  
An input delay is missing on p_7[5] relative to clock(s) ap_clk
Related violations: <none>

TIMING-18#25 Warning
Missing input or output delay  
An input delay is missing on p_7[6] relative to clock(s) ap_clk
Related violations: <none>

TIMING-18#26 Warning
Missing input or output delay  
An input delay is missing on p_7[7] relative to clock(s) ap_clk
Related violations: <none>

TIMING-18#27 Warning
Missing input or output delay  
An input delay is missing on p_9[0] relative to clock(s) ap_clk
Related violations: <none>

TIMING-18#28 Warning
Missing input or output delay  
An input delay is missing on p_9[10] relative to clock(s) ap_clk
Related violations: <none>

TIMING-18#29 Warning
Missing input or output delay  
An input delay is missing on p_9[11] relative to clock(s) ap_clk
Related violations: <none>

TIMING-18#30 Warning
Missing input or output delay  
An input delay is missing on p_9[12] relative to clock(s) ap_clk
Related violations: <none>

TIMING-18#31 Warning
Missing input or output delay  
An input delay is missing on p_9[13] relative to clock(s) ap_clk
Related violations: <none>

TIMING-18#32 Warning
Missing input or output delay  
An input delay is missing on p_9[14] relative to clock(s) ap_clk
Related violations: <none>

TIMING-18#33 Warning
Missing input or output delay  
An input delay is missing on p_9[15] relative to clock(s) ap_clk
Related violations: <none>

TIMING-18#34 Warning
Missing input or output delay  
An input delay is missing on p_9[16] relative to clock(s) ap_clk
Related violations: <none>

TIMING-18#35 Warning
Missing input or output delay  
An input delay is missing on p_9[17] relative to clock(s) ap_clk
Related violations: <none>

TIMING-18#36 Warning
Missing input or output delay  
An input delay is missing on p_9[18] relative to clock(s) ap_clk
Related violations: <none>

TIMING-18#37 Warning
Missing input or output delay  
An input delay is missing on p_9[19] relative to clock(s) ap_clk
Related violations: <none>

TIMING-18#38 Warning
Missing input or output delay  
An input delay is missing on p_9[1] relative to clock(s) ap_clk
Related violations: <none>

TIMING-18#39 Warning
Missing input or output delay  
An input delay is missing on p_9[20] relative to clock(s) ap_clk
Related violations: <none>

TIMING-18#40 Warning
Missing input or output delay  
An input delay is missing on p_9[21] relative to clock(s) ap_clk
Related violations: <none>

TIMING-18#41 Warning
Missing input or output delay  
An input delay is missing on p_9[22] relative to clock(s) ap_clk
Related violations: <none>

TIMING-18#42 Warning
Missing input or output delay  
An input delay is missing on p_9[23] relative to clock(s) ap_clk
Related violations: <none>

TIMING-18#43 Warning
Missing input or output delay  
An input delay is missing on p_9[24] relative to clock(s) ap_clk
Related violations: <none>

TIMING-18#44 Warning
Missing input or output delay  
An input delay is missing on p_9[25] relative to clock(s) ap_clk
Related violations: <none>

TIMING-18#45 Warning
Missing input or output delay  
An input delay is missing on p_9[26] relative to clock(s) ap_clk
Related violations: <none>

TIMING-18#46 Warning
Missing input or output delay  
An input delay is missing on p_9[27] relative to clock(s) ap_clk
Related violations: <none>

TIMING-18#47 Warning
Missing input or output delay  
An input delay is missing on p_9[28] relative to clock(s) ap_clk
Related violations: <none>

TIMING-18#48 Warning
Missing input or output delay  
An input delay is missing on p_9[29] relative to clock(s) ap_clk
Related violations: <none>

TIMING-18#49 Warning
Missing input or output delay  
An input delay is missing on p_9[2] relative to clock(s) ap_clk
Related violations: <none>

TIMING-18#50 Warning
Missing input or output delay  
An input delay is missing on p_9[30] relative to clock(s) ap_clk
Related violations: <none>

TIMING-18#51 Warning
Missing input or output delay  
An input delay is missing on p_9[31] relative to clock(s) ap_clk
Related violations: <none>

TIMING-18#52 Warning
Missing input or output delay  
An input delay is missing on p_9[32] relative to clock(s) ap_clk
Related violations: <none>

TIMING-18#53 Warning
Missing input or output delay  
An input delay is missing on p_9[33] relative to clock(s) ap_clk
Related violations: <none>

TIMING-18#54 Warning
Missing input or output delay  
An input delay is missing on p_9[34] relative to clock(s) ap_clk
Related violations: <none>

TIMING-18#55 Warning
Missing input or output delay  
An input delay is missing on p_9[35] relative to clock(s) ap_clk
Related violations: <none>

TIMING-18#56 Warning
Missing input or output delay  
An input delay is missing on p_9[36] relative to clock(s) ap_clk
Related violations: <none>

TIMING-18#57 Warning
Missing input or output delay  
An input delay is missing on p_9[37] relative to clock(s) ap_clk
Related violations: <none>

TIMING-18#58 Warning
Missing input or output delay  
An input delay is missing on p_9[38] relative to clock(s) ap_clk
Related violations: <none>

TIMING-18#59 Warning
Missing input or output delay  
An input delay is missing on p_9[39] relative to clock(s) ap_clk
Related violations: <none>

TIMING-18#60 Warning
Missing input or output delay  
An input delay is missing on p_9[3] relative to clock(s) ap_clk
Related violations: <none>

TIMING-18#61 Warning
Missing input or output delay  
An input delay is missing on p_9[40] relative to clock(s) ap_clk
Related violations: <none>

TIMING-18#62 Warning
Missing input or output delay  
An input delay is missing on p_9[41] relative to clock(s) ap_clk
Related violations: <none>

TIMING-18#63 Warning
Missing input or output delay  
An input delay is missing on p_9[42] relative to clock(s) ap_clk
Related violations: <none>

TIMING-18#64 Warning
Missing input or output delay  
An input delay is missing on p_9[43] relative to clock(s) ap_clk
Related violations: <none>

TIMING-18#65 Warning
Missing input or output delay  
An input delay is missing on p_9[44] relative to clock(s) ap_clk
Related violations: <none>

TIMING-18#66 Warning
Missing input or output delay  
An input delay is missing on p_9[45] relative to clock(s) ap_clk
Related violations: <none>

TIMING-18#67 Warning
Missing input or output delay  
An input delay is missing on p_9[46] relative to clock(s) ap_clk
Related violations: <none>

TIMING-18#68 Warning
Missing input or output delay  
An input delay is missing on p_9[47] relative to clock(s) ap_clk
Related violations: <none>

TIMING-18#69 Warning
Missing input or output delay  
An input delay is missing on p_9[48] relative to clock(s) ap_clk
Related violations: <none>

TIMING-18#70 Warning
Missing input or output delay  
An input delay is missing on p_9[49] relative to clock(s) ap_clk
Related violations: <none>

TIMING-18#71 Warning
Missing input or output delay  
An input delay is missing on p_9[4] relative to clock(s) ap_clk
Related violations: <none>

TIMING-18#72 Warning
Missing input or output delay  
An input delay is missing on p_9[50] relative to clock(s) ap_clk
Related violations: <none>

TIMING-18#73 Warning
Missing input or output delay  
An input delay is missing on p_9[51] relative to clock(s) ap_clk
Related violations: <none>

TIMING-18#74 Warning
Missing input or output delay  
An input delay is missing on p_9[52] relative to clock(s) ap_clk
Related violations: <none>

TIMING-18#75 Warning
Missing input or output delay  
An input delay is missing on p_9[53] relative to clock(s) ap_clk
Related violations: <none>

TIMING-18#76 Warning
Missing input or output delay  
An input delay is missing on p_9[54] relative to clock(s) ap_clk
Related violations: <none>

TIMING-18#77 Warning
Missing input or output delay  
An input delay is missing on p_9[55] relative to clock(s) ap_clk
Related violations: <none>

TIMING-18#78 Warning
Missing input or output delay  
An input delay is missing on p_9[56] relative to clock(s) ap_clk
Related violations: <none>

TIMING-18#79 Warning
Missing input or output delay  
An input delay is missing on p_9[57] relative to clock(s) ap_clk
Related violations: <none>

TIMING-18#80 Warning
Missing input or output delay  
An input delay is missing on p_9[58] relative to clock(s) ap_clk
Related violations: <none>

TIMING-18#81 Warning
Missing input or output delay  
An input delay is missing on p_9[59] relative to clock(s) ap_clk
Related violations: <none>

TIMING-18#82 Warning
Missing input or output delay  
An input delay is missing on p_9[5] relative to clock(s) ap_clk
Related violations: <none>

TIMING-18#83 Warning
Missing input or output delay  
An input delay is missing on p_9[60] relative to clock(s) ap_clk
Related violations: <none>

TIMING-18#84 Warning
Missing input or output delay  
An input delay is missing on p_9[61] relative to clock(s) ap_clk
Related violations: <none>

TIMING-18#85 Warning
Missing input or output delay  
An input delay is missing on p_9[62] relative to clock(s) ap_clk
Related violations: <none>

TIMING-18#86 Warning
Missing input or output delay  
An input delay is missing on p_9[63] relative to clock(s) ap_clk
Related violations: <none>

TIMING-18#87 Warning
Missing input or output delay  
An input delay is missing on p_9[6] relative to clock(s) ap_clk
Related violations: <none>

TIMING-18#88 Warning
Missing input or output delay  
An input delay is missing on p_9[7] relative to clock(s) ap_clk
Related violations: <none>

TIMING-18#89 Warning
Missing input or output delay  
An input delay is missing on p_9[8] relative to clock(s) ap_clk
Related violations: <none>

TIMING-18#90 Warning
Missing input or output delay  
An input delay is missing on p_9[9] relative to clock(s) ap_clk
Related violations: <none>

TIMING-18#91 Warning
Missing input or output delay  
An output delay is missing on ap_ctrl_done relative to clock(s) ap_clk
Related violations: <none>

TIMING-18#92 Warning
Missing input or output delay  
An output delay is missing on ap_ctrl_idle relative to clock(s) ap_clk
Related violations: <none>

TIMING-18#93 Warning
Missing input or output delay  
An output delay is missing on ap_ctrl_ready relative to clock(s) ap_clk
Related violations: <none>

TIMING-18#94 Warning
Missing input or output delay  
An output delay is missing on ap_return[0] relative to clock(s) ap_clk
Related violations: <none>

TIMING-18#95 Warning
Missing input or output delay  
An output delay is missing on ap_return[10] relative to clock(s) ap_clk
Related violations: <none>

TIMING-18#96 Warning
Missing input or output delay  
An output delay is missing on ap_return[11] relative to clock(s) ap_clk
Related violations: <none>

TIMING-18#97 Warning
Missing input or output delay  
An output delay is missing on ap_return[12] relative to clock(s) ap_clk
Related violations: <none>

TIMING-18#98 Warning
Missing input or output delay  
An output delay is missing on ap_return[13] relative to clock(s) ap_clk
Related violations: <none>

TIMING-18#99 Warning
Missing input or output delay  
An output delay is missing on ap_return[14] relative to clock(s) ap_clk
Related violations: <none>

TIMING-18#100 Warning
Missing input or output delay  
An output delay is missing on ap_return[15] relative to clock(s) ap_clk
Related violations: <none>

TIMING-18#101 Warning
Missing input or output delay  
An output delay is missing on ap_return[16] relative to clock(s) ap_clk
Related violations: <none>

TIMING-18#102 Warning
Missing input or output delay  
An output delay is missing on ap_return[17] relative to clock(s) ap_clk
Related violations: <none>

TIMING-18#103 Warning
Missing input or output delay  
An output delay is missing on ap_return[18] relative to clock(s) ap_clk
Related violations: <none>

TIMING-18#104 Warning
Missing input or output delay  
An output delay is missing on ap_return[19] relative to clock(s) ap_clk
Related violations: <none>

TIMING-18#105 Warning
Missing input or output delay  
An output delay is missing on ap_return[1] relative to clock(s) ap_clk
Related violations: <none>

TIMING-18#106 Warning
Missing input or output delay  
An output delay is missing on ap_return[20] relative to clock(s) ap_clk
Related violations: <none>

TIMING-18#107 Warning
Missing input or output delay  
An output delay is missing on ap_return[21] relative to clock(s) ap_clk
Related violations: <none>

TIMING-18#108 Warning
Missing input or output delay  
An output delay is missing on ap_return[22] relative to clock(s) ap_clk
Related violations: <none>

TIMING-18#109 Warning
Missing input or output delay  
An output delay is missing on ap_return[23] relative to clock(s) ap_clk
Related violations: <none>

TIMING-18#110 Warning
Missing input or output delay  
An output delay is missing on ap_return[24] relative to clock(s) ap_clk
Related violations: <none>

TIMING-18#111 Warning
Missing input or output delay  
An output delay is missing on ap_return[25] relative to clock(s) ap_clk
Related violations: <none>

TIMING-18#112 Warning
Missing input or output delay  
An output delay is missing on ap_return[26] relative to clock(s) ap_clk
Related violations: <none>

TIMING-18#113 Warning
Missing input or output delay  
An output delay is missing on ap_return[27] relative to clock(s) ap_clk
Related violations: <none>

TIMING-18#114 Warning
Missing input or output delay  
An output delay is missing on ap_return[28] relative to clock(s) ap_clk
Related violations: <none>

TIMING-18#115 Warning
Missing input or output delay  
An output delay is missing on ap_return[29] relative to clock(s) ap_clk
Related violations: <none>

TIMING-18#116 Warning
Missing input or output delay  
An output delay is missing on ap_return[2] relative to clock(s) ap_clk
Related violations: <none>

TIMING-18#117 Warning
Missing input or output delay  
An output delay is missing on ap_return[30] relative to clock(s) ap_clk
Related violations: <none>

TIMING-18#118 Warning
Missing input or output delay  
An output delay is missing on ap_return[31] relative to clock(s) ap_clk
Related violations: <none>

TIMING-18#119 Warning
Missing input or output delay  
An output delay is missing on ap_return[32] relative to clock(s) ap_clk
Related violations: <none>

TIMING-18#120 Warning
Missing input or output delay  
An output delay is missing on ap_return[33] relative to clock(s) ap_clk
Related violations: <none>

TIMING-18#121 Warning
Missing input or output delay  
An output delay is missing on ap_return[34] relative to clock(s) ap_clk
Related violations: <none>

TIMING-18#122 Warning
Missing input or output delay  
An output delay is missing on ap_return[35] relative to clock(s) ap_clk
Related violations: <none>

TIMING-18#123 Warning
Missing input or output delay  
An output delay is missing on ap_return[36] relative to clock(s) ap_clk
Related violations: <none>

TIMING-18#124 Warning
Missing input or output delay  
An output delay is missing on ap_return[37] relative to clock(s) ap_clk
Related violations: <none>

TIMING-18#125 Warning
Missing input or output delay  
An output delay is missing on ap_return[38] relative to clock(s) ap_clk
Related violations: <none>

TIMING-18#126 Warning
Missing input or output delay  
An output delay is missing on ap_return[39] relative to clock(s) ap_clk
Related violations: <none>

TIMING-18#127 Warning
Missing input or output delay  
An output delay is missing on ap_return[3] relative to clock(s) ap_clk
Related violations: <none>

TIMING-18#128 Warning
Missing input or output delay  
An output delay is missing on ap_return[40] relative to clock(s) ap_clk
Related violations: <none>

TIMING-18#129 Warning
Missing input or output delay  
An output delay is missing on ap_return[41] relative to clock(s) ap_clk
Related violations: <none>

TIMING-18#130 Warning
Missing input or output delay  
An output delay is missing on ap_return[42] relative to clock(s) ap_clk
Related violations: <none>

TIMING-18#131 Warning
Missing input or output delay  
An output delay is missing on ap_return[43] relative to clock(s) ap_clk
Related violations: <none>

TIMING-18#132 Warning
Missing input or output delay  
An output delay is missing on ap_return[44] relative to clock(s) ap_clk
Related violations: <none>

TIMING-18#133 Warning
Missing input or output delay  
An output delay is missing on ap_return[45] relative to clock(s) ap_clk
Related violations: <none>

TIMING-18#134 Warning
Missing input or output delay  
An output delay is missing on ap_return[46] relative to clock(s) ap_clk
Related violations: <none>

TIMING-18#135 Warning
Missing input or output delay  
An output delay is missing on ap_return[47] relative to clock(s) ap_clk
Related violations: <none>

TIMING-18#136 Warning
Missing input or output delay  
An output delay is missing on ap_return[48] relative to clock(s) ap_clk
Related violations: <none>

TIMING-18#137 Warning
Missing input or output delay  
An output delay is missing on ap_return[49] relative to clock(s) ap_clk
Related violations: <none>

TIMING-18#138 Warning
Missing input or output delay  
An output delay is missing on ap_return[4] relative to clock(s) ap_clk
Related violations: <none>

TIMING-18#139 Warning
Missing input or output delay  
An output delay is missing on ap_return[50] relative to clock(s) ap_clk
Related violations: <none>

TIMING-18#140 Warning
Missing input or output delay  
An output delay is missing on ap_return[51] relative to clock(s) ap_clk
Related violations: <none>

TIMING-18#141 Warning
Missing input or output delay  
An output delay is missing on ap_return[52] relative to clock(s) ap_clk
Related violations: <none>

TIMING-18#142 Warning
Missing input or output delay  
An output delay is missing on ap_return[53] relative to clock(s) ap_clk
Related violations: <none>

TIMING-18#143 Warning
Missing input or output delay  
An output delay is missing on ap_return[54] relative to clock(s) ap_clk
Related violations: <none>

TIMING-18#144 Warning
Missing input or output delay  
An output delay is missing on ap_return[55] relative to clock(s) ap_clk
Related violations: <none>

TIMING-18#145 Warning
Missing input or output delay  
An output delay is missing on ap_return[56] relative to clock(s) ap_clk
Related violations: <none>

TIMING-18#146 Warning
Missing input or output delay  
An output delay is missing on ap_return[57] relative to clock(s) ap_clk
Related violations: <none>

TIMING-18#147 Warning
Missing input or output delay  
An output delay is missing on ap_return[58] relative to clock(s) ap_clk
Related violations: <none>

TIMING-18#148 Warning
Missing input or output delay  
An output delay is missing on ap_return[59] relative to clock(s) ap_clk
Related violations: <none>

TIMING-18#149 Warning
Missing input or output delay  
An output delay is missing on ap_return[5] relative to clock(s) ap_clk
Related violations: <none>

TIMING-18#150 Warning
Missing input or output delay  
An output delay is missing on ap_return[60] relative to clock(s) ap_clk
Related violations: <none>

TIMING-18#151 Warning
Missing input or output delay  
An output delay is missing on ap_return[61] relative to clock(s) ap_clk
Related violations: <none>

TIMING-18#152 Warning
Missing input or output delay  
An output delay is missing on ap_return[62] relative to clock(s) ap_clk
Related violations: <none>

TIMING-18#153 Warning
Missing input or output delay  
An output delay is missing on ap_return[63] relative to clock(s) ap_clk
Related violations: <none>

TIMING-18#154 Warning
Missing input or output delay  
An output delay is missing on ap_return[6] relative to clock(s) ap_clk
Related violations: <none>

TIMING-18#155 Warning
Missing input or output delay  
An output delay is missing on ap_return[7] relative to clock(s) ap_clk
Related violations: <none>

TIMING-18#156 Warning
Missing input or output delay  
An output delay is missing on ap_return[8] relative to clock(s) ap_clk
Related violations: <none>

TIMING-18#157 Warning
Missing input or output delay  
An output delay is missing on ap_return[9] relative to clock(s) ap_clk
Related violations: <none>


