==============================================================
Vitis HLS - High-Level Synthesis from C, C++ and OpenCL v2020.2 (64-bit)
Copyright 1986-2020 Xilinx, Inc. All Rights Reserved.
==============================================================
INFO: [HLS 200-1505] Using default flow_target 'vivado'
INFO: [HLS 200-1510] Running: set_part xc7z020clg484-1 
INFO: [HLS 200-10] Setting target device to 'xc7z020-clg484-1'
INFO: [HLS 200-1510] Running: create_clock -period 10 -name default 
INFO: [SYN 201-201] Setting up clock 'default' with a period of 10ns.
INFO: [HLS 200-1510] Running: csynth_design 
INFO: [HLS 200-111] Finished File checks and directory preparation: CPU user time: 0 seconds. CPU system time: 0 seconds. Elapsed time: 0 seconds; current allocated memory: 155.762 MB.
INFO: [HLS 200-10] Analyzing design file 'dfg_199.c' ... 
INFO: [HLS 200-111] Finished Source Code Analysis and Preprocessing: CPU user time: 0.62 seconds. CPU system time: 0.33 seconds. Elapsed time: 0.47 seconds; current allocated memory: 156.409 MB.
INFO: [HLS 200-777] Using interface defaults for 'Vivado' flow target.
INFO: [HLS 214-178] Inlining function 'fp_struct<float>::fp_struct(float)' into 'signed char generic_cast_IEEE754<signed char, (ap_q_mode)6, float>(float, bool, hls::enable_if<std::numeric_limits<signed char>::is_signed, bool>::type)' (/wrk/ci/prod/2020.2/rdi_builds/continuous/2020_11_18_3064766/src/shared/hls/clib/hlsmath/include/FloatingPoint/hls_case_IEEE754.h:12:0)
INFO: [HLS 214-178] Inlining function 'fp_struct<float>::mantissa() const' into 'signed char generic_cast_IEEE754<signed char, (ap_q_mode)6, float>(float, bool, hls::enable_if<std::numeric_limits<signed char>::is_signed, bool>::type)' (/wrk/ci/prod/2020.2/rdi_builds/continuous/2020_11_18_3064766/src/shared/hls/clib/hlsmath/include/FloatingPoint/hls_case_IEEE754.h:12:0)
INFO: [HLS 214-178] Inlining function 'fp_struct<float>::expv() const' into 'signed char generic_cast_IEEE754<signed char, (ap_q_mode)6, float>(float, bool, hls::enable_if<std::numeric_limits<signed char>::is_signed, bool>::type)' (/wrk/ci/prod/2020.2/rdi_builds/continuous/2020_11_18_3064766/src/shared/hls/clib/hlsmath/include/FloatingPoint/hls_case_IEEE754.h:12:0)
INFO: [HLS 214-178] Inlining function 'fp_struct<float>::__signbit() const' into 'signed char generic_cast_IEEE754<signed char, (ap_q_mode)6, float>(float, bool, hls::enable_if<std::numeric_limits<signed char>::is_signed, bool>::type)' (/wrk/ci/prod/2020.2/rdi_builds/continuous/2020_11_18_3064766/src/shared/hls/clib/hlsmath/include/FloatingPoint/hls_case_IEEE754.h:12:0)
INFO: [HLS 214-178] Inlining function 'signed char generic_cast_IEEE754<signed char, (ap_q_mode)6, float>(float, bool, hls::enable_if<std::numeric_limits<signed char>::is_signed, bool>::type)' into 'signed char generic_cast_IEEE754<signed char, float>(float, bool)' (/wrk/ci/prod/2020.2/rdi_builds/continuous/2020_11_18_3064766/src/shared/hls/clib/hlsmath/include/FloatingPoint/hls_case_IEEE754.h:116:0)
INFO: [HLS 214-178] Inlining function 'signed char generic_cast_IEEE754<signed char, float>(float, bool)' into '__hls_fptosi_float_i8' (/wrk/ci/prod/2020.2/rdi_builds/continuous/2020_11_18_3064766/src/shared/hls/clib/hlsmath/src/lib_floatconversion.cpp:49:0)
INFO: [HLS 214-178] Inlining function 'fp_struct<float>::fp_struct(float)' into 'unsigned int generic_cast_IEEE754<unsigned int, (ap_q_mode)6, float>(float, bool, hls::enable_if<!(std::numeric_limits<unsigned int>::is_signed), bool>::type)' (/wrk/ci/prod/2020.2/rdi_builds/continuous/2020_11_18_3064766/src/shared/hls/clib/hlsmath/include/FloatingPoint/hls_case_IEEE754.h:65:0)
INFO: [HLS 214-178] Inlining function 'fp_struct<float>::mantissa() const' into 'unsigned int generic_cast_IEEE754<unsigned int, (ap_q_mode)6, float>(float, bool, hls::enable_if<!(std::numeric_limits<unsigned int>::is_signed), bool>::type)' (/wrk/ci/prod/2020.2/rdi_builds/continuous/2020_11_18_3064766/src/shared/hls/clib/hlsmath/include/FloatingPoint/hls_case_IEEE754.h:65:0)
INFO: [HLS 214-178] Inlining function 'fp_struct<float>::expv() const' into 'unsigned int generic_cast_IEEE754<unsigned int, (ap_q_mode)6, float>(float, bool, hls::enable_if<!(std::numeric_limits<unsigned int>::is_signed), bool>::type)' (/wrk/ci/prod/2020.2/rdi_builds/continuous/2020_11_18_3064766/src/shared/hls/clib/hlsmath/include/FloatingPoint/hls_case_IEEE754.h:65:0)
INFO: [HLS 214-178] Inlining function 'unsigned int generic_cast_IEEE754<unsigned int, (ap_q_mode)6, float>(float, bool, hls::enable_if<!(std::numeric_limits<unsigned int>::is_signed), bool>::type)' into 'unsigned int generic_cast_IEEE754<unsigned int, float>(float, bool)' (/wrk/ci/prod/2020.2/rdi_builds/continuous/2020_11_18_3064766/src/shared/hls/clib/hlsmath/include/FloatingPoint/hls_case_IEEE754.h:116:0)
INFO: [HLS 214-178] Inlining function 'unsigned int generic_cast_IEEE754<unsigned int, float>(float, bool)' into '__hls_fptoui_float_i32' (/wrk/ci/prod/2020.2/rdi_builds/continuous/2020_11_18_3064766/src/shared/hls/clib/hlsmath/src/lib_floatconversion.cpp:65:0)
INFO: [HLS 214-178] Inlining function 'fp_struct<double>::fp_struct(double)' into 'unsigned long generic_cast_IEEE754<unsigned long, (ap_q_mode)6, double>(double, bool, hls::enable_if<!(std::numeric_limits<unsigned long>::is_signed), bool>::type)' (/wrk/ci/prod/2020.2/rdi_builds/continuous/2020_11_18_3064766/src/shared/hls/clib/hlsmath/include/FloatingPoint/hls_case_IEEE754.h:65:0)
INFO: [HLS 214-178] Inlining function 'fp_struct<double>::mantissa() const' into 'unsigned long generic_cast_IEEE754<unsigned long, (ap_q_mode)6, double>(double, bool, hls::enable_if<!(std::numeric_limits<unsigned long>::is_signed), bool>::type)' (/wrk/ci/prod/2020.2/rdi_builds/continuous/2020_11_18_3064766/src/shared/hls/clib/hlsmath/include/FloatingPoint/hls_case_IEEE754.h:65:0)
INFO: [HLS 214-178] Inlining function 'fp_struct<double>::expv() const' into 'unsigned long generic_cast_IEEE754<unsigned long, (ap_q_mode)6, double>(double, bool, hls::enable_if<!(std::numeric_limits<unsigned long>::is_signed), bool>::type)' (/wrk/ci/prod/2020.2/rdi_builds/continuous/2020_11_18_3064766/src/shared/hls/clib/hlsmath/include/FloatingPoint/hls_case_IEEE754.h:65:0)
INFO: [HLS 214-178] Inlining function 'unsigned long generic_cast_IEEE754<unsigned long, (ap_q_mode)6, double>(double, bool, hls::enable_if<!(std::numeric_limits<unsigned long>::is_signed), bool>::type)' into 'unsigned long generic_cast_IEEE754<unsigned long, double>(double, bool)' (/wrk/ci/prod/2020.2/rdi_builds/continuous/2020_11_18_3064766/src/shared/hls/clib/hlsmath/include/FloatingPoint/hls_case_IEEE754.h:116:0)
INFO: [HLS 214-178] Inlining function 'unsigned long generic_cast_IEEE754<unsigned long, double>(double, bool)' into '__hls_fptoui_double_i64' (/wrk/ci/prod/2020.2/rdi_builds/continuous/2020_11_18_3064766/src/shared/hls/clib/hlsmath/src/lib_floatconversion.cpp:70:0)
INFO: [HLS 214-178] Inlining function 'fp_struct<double>::fp_struct(double)' into 'int generic_cast_IEEE754<int, (ap_q_mode)6, double>(double, bool, hls::enable_if<std::numeric_limits<int>::is_signed, bool>::type)' (/wrk/ci/prod/2020.2/rdi_builds/continuous/2020_11_18_3064766/src/shared/hls/clib/hlsmath/include/FloatingPoint/hls_case_IEEE754.h:12:0)
INFO: [HLS 214-178] Inlining function 'fp_struct<double>::mantissa() const' into 'int generic_cast_IEEE754<int, (ap_q_mode)6, double>(double, bool, hls::enable_if<std::numeric_limits<int>::is_signed, bool>::type)' (/wrk/ci/prod/2020.2/rdi_builds/continuous/2020_11_18_3064766/src/shared/hls/clib/hlsmath/include/FloatingPoint/hls_case_IEEE754.h:12:0)
INFO: [HLS 214-178] Inlining function 'fp_struct<double>::expv() const' into 'int generic_cast_IEEE754<int, (ap_q_mode)6, double>(double, bool, hls::enable_if<std::numeric_limits<int>::is_signed, bool>::type)' (/wrk/ci/prod/2020.2/rdi_builds/continuous/2020_11_18_3064766/src/shared/hls/clib/hlsmath/include/FloatingPoint/hls_case_IEEE754.h:12:0)
INFO: [HLS 214-178] Inlining function 'fp_struct<double>::__signbit() const' into 'int generic_cast_IEEE754<int, (ap_q_mode)6, double>(double, bool, hls::enable_if<std::numeric_limits<int>::is_signed, bool>::type)' (/wrk/ci/prod/2020.2/rdi_builds/continuous/2020_11_18_3064766/src/shared/hls/clib/hlsmath/include/FloatingPoint/hls_case_IEEE754.h:12:0)
INFO: [HLS 214-178] Inlining function 'int generic_cast_IEEE754<int, (ap_q_mode)6, double>(double, bool, hls::enable_if<std::numeric_limits<int>::is_signed, bool>::type)' into 'int generic_cast_IEEE754<int, double>(double, bool)' (/wrk/ci/prod/2020.2/rdi_builds/continuous/2020_11_18_3064766/src/shared/hls/clib/hlsmath/include/FloatingPoint/hls_case_IEEE754.h:116:0)
INFO: [HLS 214-178] Inlining function 'int generic_cast_IEEE754<int, double>(double, bool)' into '__hls_fptosi_double_i32' (/wrk/ci/prod/2020.2/rdi_builds/continuous/2020_11_18_3064766/src/shared/hls/clib/hlsmath/src/lib_floatconversion.cpp:55:0)
INFO: [HLS 214-178] Inlining function 'fp_struct<float>::fp_struct(float)' into 'long generic_cast_IEEE754<long, (ap_q_mode)6, float>(float, bool, hls::enable_if<std::numeric_limits<long>::is_signed, bool>::type)' (/wrk/ci/prod/2020.2/rdi_builds/continuous/2020_11_18_3064766/src/shared/hls/clib/hlsmath/include/FloatingPoint/hls_case_IEEE754.h:12:0)
INFO: [HLS 214-178] Inlining function 'fp_struct<float>::mantissa() const' into 'long generic_cast_IEEE754<long, (ap_q_mode)6, float>(float, bool, hls::enable_if<std::numeric_limits<long>::is_signed, bool>::type)' (/wrk/ci/prod/2020.2/rdi_builds/continuous/2020_11_18_3064766/src/shared/hls/clib/hlsmath/include/FloatingPoint/hls_case_IEEE754.h:12:0)
INFO: [HLS 214-178] Inlining function 'fp_struct<float>::expv() const' into 'long generic_cast_IEEE754<long, (ap_q_mode)6, float>(float, bool, hls::enable_if<std::numeric_limits<long>::is_signed, bool>::type)' (/wrk/ci/prod/2020.2/rdi_builds/continuous/2020_11_18_3064766/src/shared/hls/clib/hlsmath/include/FloatingPoint/hls_case_IEEE754.h:12:0)
INFO: [HLS 214-178] Inlining function 'fp_struct<float>::__signbit() const' into 'long generic_cast_IEEE754<long, (ap_q_mode)6, float>(float, bool, hls::enable_if<std::numeric_limits<long>::is_signed, bool>::type)' (/wrk/ci/prod/2020.2/rdi_builds/continuous/2020_11_18_3064766/src/shared/hls/clib/hlsmath/include/FloatingPoint/hls_case_IEEE754.h:12:0)
INFO: [HLS 214-178] Inlining function 'long generic_cast_IEEE754<long, (ap_q_mode)6, float>(float, bool, hls::enable_if<std::numeric_limits<long>::is_signed, bool>::type)' into 'long generic_cast_IEEE754<long, float>(float, bool)' (/wrk/ci/prod/2020.2/rdi_builds/continuous/2020_11_18_3064766/src/shared/hls/clib/hlsmath/include/FloatingPoint/hls_case_IEEE754.h:116:0)
INFO: [HLS 214-178] Inlining function 'long generic_cast_IEEE754<long, float>(float, bool)' into '__hls_fptosi_float_i64' (/wrk/ci/prod/2020.2/rdi_builds/continuous/2020_11_18_3064766/src/shared/hls/clib/hlsmath/src/lib_floatconversion.cpp:52:0)
INFO: [HLS 214-178] Inlining function 'fp_struct<float>::fp_struct(float)' into 'int generic_cast_IEEE754<int, (ap_q_mode)6, float>(float, bool, hls::enable_if<std::numeric_limits<int>::is_signed, bool>::type)' (/wrk/ci/prod/2020.2/rdi_builds/continuous/2020_11_18_3064766/src/shared/hls/clib/hlsmath/include/FloatingPoint/hls_case_IEEE754.h:12:0)
INFO: [HLS 214-178] Inlining function 'fp_struct<float>::mantissa() const' into 'int generic_cast_IEEE754<int, (ap_q_mode)6, float>(float, bool, hls::enable_if<std::numeric_limits<int>::is_signed, bool>::type)' (/wrk/ci/prod/2020.2/rdi_builds/continuous/2020_11_18_3064766/src/shared/hls/clib/hlsmath/include/FloatingPoint/hls_case_IEEE754.h:12:0)
INFO: [HLS 214-178] Inlining function 'fp_struct<float>::expv() const' into 'int generic_cast_IEEE754<int, (ap_q_mode)6, float>(float, bool, hls::enable_if<std::numeric_limits<int>::is_signed, bool>::type)' (/wrk/ci/prod/2020.2/rdi_builds/continuous/2020_11_18_3064766/src/shared/hls/clib/hlsmath/include/FloatingPoint/hls_case_IEEE754.h:12:0)
INFO: [HLS 214-178] Inlining function 'fp_struct<float>::__signbit() const' into 'int generic_cast_IEEE754<int, (ap_q_mode)6, float>(float, bool, hls::enable_if<std::numeric_limits<int>::is_signed, bool>::type)' (/wrk/ci/prod/2020.2/rdi_builds/continuous/2020_11_18_3064766/src/shared/hls/clib/hlsmath/include/FloatingPoint/hls_case_IEEE754.h:12:0)
INFO: [HLS 214-178] Inlining function 'int generic_cast_IEEE754<int, (ap_q_mode)6, float>(float, bool, hls::enable_if<std::numeric_limits<int>::is_signed, bool>::type)' into 'int generic_cast_IEEE754<int, float>(float, bool)' (/wrk/ci/prod/2020.2/rdi_builds/continuous/2020_11_18_3064766/src/shared/hls/clib/hlsmath/include/FloatingPoint/hls_case_IEEE754.h:116:0)
INFO: [HLS 214-178] Inlining function 'int generic_cast_IEEE754<int, float>(float, bool)' into '__hls_fptosi_float_i32' (/wrk/ci/prod/2020.2/rdi_builds/continuous/2020_11_18_3064766/src/shared/hls/clib/hlsmath/src/lib_floatconversion.cpp:51:0)
INFO: [HLS 214-178] Inlining function '__hls_fptosi_float_i8' into 'fn1' (dfg_199.c:8:0)
INFO: [HLS 214-178] Inlining function '__hls_fptoui_float_i32' into 'fn1' (dfg_199.c:8:0)
INFO: [HLS 214-178] Inlining function '__hls_fptoui_double_i64' into 'fn1' (dfg_199.c:8:0)
INFO: [HLS 214-178] Inlining function '__hls_fptosi_double_i32' into 'fn1' (dfg_199.c:8:0)
INFO: [HLS 214-178] Inlining function '__hls_fptosi_float_i64' into 'fn1' (dfg_199.c:8:0)
INFO: [HLS 214-178] Inlining function '__hls_fptosi_float_i32' into 'fn1' (dfg_199.c:8:0)
INFO: [HLS 200-111] Finished Compiling Optimization and Transform: CPU user time: 4.26 seconds. CPU system time: 0.46 seconds. Elapsed time: 4.5 seconds; current allocated memory: 157.848 MB.
INFO: [HLS 200-111] Finished Checking Pragmas: CPU user time: 0 seconds. CPU system time: 0 seconds. Elapsed time: 0 seconds; current allocated memory: 157.850 MB.
INFO: [HLS 200-10] Starting code transformations ...
INFO: [HLS 200-111] Finished Standard Transforms: CPU user time: 0.12 seconds. CPU system time: 0.03 seconds. Elapsed time: 0.15 seconds; current allocated memory: 183.870 MB.
INFO: [HLS 200-10] Checking synthesizability ...
INFO: [HLS 200-111] Finished Checking Synthesizability: CPU user time: 0.31 seconds. CPU system time: 0.01 seconds. Elapsed time: 0.33 seconds; current allocated memory: 226.372 MB.
INFO: [HLS 200-111] Finished Loop, function and other optimizations: CPU user time: 0.39 seconds. CPU system time: 0.03 seconds. Elapsed time: 0.41 seconds; current allocated memory: 291.401 MB.
INFO: [HLS 200-111] Finished Architecture Synthesis: CPU user time: 0.25 seconds. CPU system time: 0 seconds. Elapsed time: 0.26 seconds; current allocated memory: 305.198 MB.
INFO: [HLS 200-10] Starting hardware synthesis ...
INFO: [HLS 200-10] Synthesizing 'fn1' ...
INFO: [HLS 200-10] ----------------------------------------------------------------
INFO: [HLS 200-42] -- Implementing module 'fn1' 
INFO: [HLS 200-10] ----------------------------------------------------------------
INFO: [SCHED 204-11] Starting scheduling ...
INFO: [SCHED 204-11] Finished scheduling.
INFO: [HLS 200-111] Finished Scheduling: CPU user time: 0.14 seconds. CPU system time: 0 seconds. Elapsed time: 0.14 seconds; current allocated memory: 306.018 MB.
INFO: [BIND 205-100] Starting micro-architecture generation ...
INFO: [BIND 205-101] Performing variable lifetime analysis.
INFO: [BIND 205-101] Exploring resource sharing.
INFO: [BIND 205-101] Binding ...
INFO: [BIND 205-100] Finished micro-architecture generation.
INFO: [HLS 200-111] Finished Binding: CPU user time: 0.26 seconds. CPU system time: 0 seconds. Elapsed time: 0.26 seconds; current allocated memory: 306.870 MB.
INFO: [HLS 200-10] ----------------------------------------------------------------
INFO: [HLS 200-10] -- Generating RTL for module 'fn1' 
INFO: [HLS 200-10] ----------------------------------------------------------------
INFO: [RTGEN 206-500] Setting interface mode on port 'fn1/p' to 'ap_none'.
INFO: [RTGEN 206-500] Setting interface mode on port 'fn1/p_7' to 'ap_none'.
INFO: [RTGEN 206-500] Setting interface mode on port 'fn1/p_9' to 'ap_none'.
INFO: [RTGEN 206-500] Setting interface mode on port 'fn1/p_11' to 'ap_none'.
INFO: [RTGEN 206-500] Setting interface mode on function 'fn1' to 'ap_ctrl_hs'.
INFO: [RTGEN 206-100] Generating core module 'dadd_64ns_64ns_64_7_full_dsp_1': 1 instance(s).
INFO: [RTGEN 206-100] Generating core module 'dmul_64ns_64ns_64_7_max_dsp_1': 1 instance(s).
INFO: [RTGEN 206-100] Generating core module 'faddfsub_32ns_32ns_32_5_full_dsp_1': 1 instance(s).
INFO: [RTGEN 206-100] Generating core module 'fmul_32ns_32ns_32_4_max_dsp_1': 1 instance(s).
INFO: [RTGEN 206-100] Generating core module 'mul_64ns_65ns_128_5_1': 1 instance(s).
INFO: [RTGEN 206-100] Generating core module 'sitodp_32s_64_6_no_dsp_1': 1 instance(s).
INFO: [RTGEN 206-100] Generating core module 'sitofp_64ns_32_6_no_dsp_1': 1 instance(s).
