
*** Running vivado
    with args -log bd_0_wrapper.vdi -applog -m64 -product Vivado -messageDb vivado.pb -mode batch -source bd_0_wrapper.tcl -notrace


****** Vivado v2020.2 (64-bit)
  **** SW Build 3064766 on Wed Nov 18 09:12:47 MST 2020
  **** IP Build 3064653 on Wed Nov 18 14:17:31 MST 2020
    ** Copyright 1986-2020 Xilinx, Inc. All Rights Reserved.

source bd_0_wrapper.tcl -notrace
Command: open_checkpoint /home/nanwu/GNN_DFG/bb/dfg_89/project_tmp/solution_tmp/impl/verilog/project.runs/impl_1/bd_0_wrapper.dcp

Starting open_checkpoint Task

Time (s): cpu = 00:00:00.08 ; elapsed = 00:00:00.05 . Memory (MB): peak = 2395.309 ; gain = 0.000 ; free physical = 111528 ; free virtual = 125697
INFO: [Device 21-403] Loading part xc7z020clg484-1
Netlist sorting complete. Time (s): cpu = 00:00:00.28 ; elapsed = 00:00:00.28 . Memory (MB): peak = 2397.422 ; gain = 0.000 ; free physical = 111027 ; free virtual = 125201
INFO: [Netlist 29-17] Analyzing 1197 Unisim elements for replacement
INFO: [Netlist 29-28] Unisim Transformation completed in 0 CPU seconds
INFO: [Project 1-479] Netlist was created with Vivado 2020.2
INFO: [Project 1-570] Preparing netlist for logic optimization
INFO: [Timing 38-478] Restoring timing data from binary archive.
INFO: [Timing 38-479] Binary timing data restore complete.
INFO: [Project 1-856] Restoring constraints from binary archive.
INFO: [Project 1-853] Binary constraint restore complete.
Netlist sorting complete. Time (s): cpu = 00:00:00 ; elapsed = 00:00:00 . Memory (MB): peak = 2749.387 ; gain = 0.000 ; free physical = 109338 ; free virtual = 123531
INFO: [Project 1-111] Unisim Transformation Summary:
No Unisim elements were transformed.

INFO: [Project 1-604] Checkpoint was created with Vivado v2020.2 (64-bit) build 3064766
open_checkpoint: Time (s): cpu = 00:00:12 ; elapsed = 00:00:13 . Memory (MB): peak = 2749.387 ; gain = 357.047 ; free physical = 109335 ; free virtual = 123528
INFO: [IP_Flow 19-234] Refreshing IP repositories
INFO: [IP_Flow 19-1700] Loaded user IP repository '/home/nanwu/GNN_DFG/bb/dfg_89/project_tmp/solution_tmp/impl/ip'.
INFO: [IP_Flow 19-2313] Loaded Vivado IP repository '/opt/Xilinx/Vivado/2020.2/data/ip'.
Command: opt_design
Attempting to get a license for feature 'Implementation' and/or device 'xc7z020'
INFO: [Common 17-349] Got license for feature 'Implementation' and/or device 'xc7z020'
Running DRC as a precondition to command opt_design

Starting DRC Task
INFO: [DRC 23-27] Running DRC with 8 threads
INFO: [Project 1-461] DRC finished with 0 Errors
INFO: [Project 1-462] Please refer to the DRC report (report_drc) for more information.

Time (s): cpu = 00:00:02 ; elapsed = 00:00:01 . Memory (MB): peak = 2879.824 ; gain = 117.562 ; free physical = 109097 ; free virtual = 123294

Starting Cache Timing Information Task
Ending Cache Timing Information Task | Checksum: 160448715

Time (s): cpu = 00:00:00.04 ; elapsed = 00:00:00.03 . Memory (MB): peak = 2879.824 ; gain = 0.000 ; free physical = 109097 ; free virtual = 123294

Starting Logic Optimization Task

Phase 1 Retarget
INFO: [Opt 31-138] Pushed 1 inverter(s) to 9 load pin(s).
INFO: [Opt 31-49] Retargeted 0 cell(s).
Phase 1 Retarget | Checksum: 153061c29

Time (s): cpu = 00:00:01 ; elapsed = 00:00:00.49 . Memory (MB): peak = 2985.820 ; gain = 24.012 ; free physical = 108787 ; free virtual = 122992
INFO: [Opt 31-389] Phase Retarget created 40 cells and removed 44 cells

Phase 2 Constant propagation
INFO: [Opt 31-138] Pushed 0 inverter(s) to 0 load pin(s).
Phase 2 Constant propagation | Checksum: f39dcb64

Time (s): cpu = 00:00:01 ; elapsed = 00:00:00.64 . Memory (MB): peak = 2985.820 ; gain = 24.012 ; free physical = 108769 ; free virtual = 122973
INFO: [Opt 31-389] Phase Constant propagation created 35 cells and removed 325 cells

Phase 3 Sweep
Phase 3 Sweep | Checksum: 10617b814

Time (s): cpu = 00:00:02 ; elapsed = 00:00:00.93 . Memory (MB): peak = 2985.820 ; gain = 24.012 ; free physical = 108730 ; free virtual = 122934
INFO: [Opt 31-389] Phase Sweep created 0 cells and removed 181 cells

Phase 4 BUFG optimization
Phase 4 BUFG optimization | Checksum: 10617b814

Time (s): cpu = 00:00:02 ; elapsed = 00:00:01 . Memory (MB): peak = 2985.820 ; gain = 24.012 ; free physical = 108715 ; free virtual = 122920
INFO: [Opt 31-662] Phase BUFG optimization created 0 cells of which 0 are BUFGs and removed 0 cells.

Phase 5 Shift Register Optimization
INFO: [Opt 31-1064] SRL Remap converted 0 SRLs to 0 registers and converted 0 registers of register chains to 0 SRLs
Phase 5 Shift Register Optimization | Checksum: 10617b814

Time (s): cpu = 00:00:02 ; elapsed = 00:00:01 . Memory (MB): peak = 2985.820 ; gain = 24.012 ; free physical = 108710 ; free virtual = 122914
INFO: [Opt 31-389] Phase Shift Register Optimization created 0 cells and removed 0 cells

Phase 6 Post Processing Netlist
Phase 6 Post Processing Netlist | Checksum: 10617b814

Time (s): cpu = 00:00:02 ; elapsed = 00:00:01 . Memory (MB): peak = 2985.820 ; gain = 24.012 ; free physical = 108704 ; free virtual = 122909
INFO: [Opt 31-389] Phase Post Processing Netlist created 0 cells and removed 0 cells
Opt_design Change Summary
=========================


-------------------------------------------------------------------------------------------------------------------------
|  Phase                        |  #Cells created  |  #Cells Removed  |  #Constrained objects preventing optimizations  |
-------------------------------------------------------------------------------------------------------------------------
|  Retarget                     |              40  |              44  |                                              0  |
|  Constant propagation         |              35  |             325  |                                              0  |
|  Sweep                        |               0  |             181  |                                              0  |
|  BUFG optimization            |               0  |               0  |                                              0  |
|  Shift Register Optimization  |               0  |               0  |                                              0  |
|  Post Processing Netlist      |               0  |               0  |                                              0  |
-------------------------------------------------------------------------------------------------------------------------



Starting Connectivity Check Task

Time (s): cpu = 00:00:00.02 ; elapsed = 00:00:00.01 . Memory (MB): peak = 2985.820 ; gain = 0.000 ; free physical = 108622 ; free virtual = 122826
Ending Logic Optimization Task | Checksum: fd982e2f

Time (s): cpu = 00:00:03 ; elapsed = 00:00:02 . Memory (MB): peak = 2985.820 ; gain = 24.012 ; free physical = 108622 ; free virtual = 122826

Starting Power Optimization Task
INFO: [Pwropt 34-132] Skipping clock gating for clocks with a period < 2.00 ns.
Ending Power Optimization Task | Checksum: fd982e2f

Time (s): cpu = 00:00:00.01 ; elapsed = 00:00:00.02 . Memory (MB): peak = 2985.820 ; gain = 0.000 ; free physical = 108614 ; free virtual = 122818

Starting Final Cleanup Task
Ending Final Cleanup Task | Checksum: fd982e2f

Time (s): cpu = 00:00:00 ; elapsed = 00:00:00 . Memory (MB): peak = 2985.820 ; gain = 0.000 ; free physical = 108614 ; free virtual = 122819

Starting Netlist Obfuscation Task
Netlist sorting complete. Time (s): cpu = 00:00:00 ; elapsed = 00:00:00 . Memory (MB): peak = 2985.820 ; gain = 0.000 ; free physical = 108614 ; free virtual = 122818
Ending Netlist Obfuscation Task | Checksum: fd982e2f

Time (s): cpu = 00:00:00 ; elapsed = 00:00:00 . Memory (MB): peak = 2985.820 ; gain = 0.000 ; free physical = 108613 ; free virtual = 122818
INFO: [Common 17-83] Releasing license: Implementation
30 Infos, 0 Warnings, 0 Critical Warnings and 0 Errors encountered.
opt_design completed successfully
INFO: [Timing 38-35] Done setting XDC timing constraints.
INFO: [Timing 38-480] Writing timing data to binary archive.
INFO: [Common 17-1381] The checkpoint '/home/nanwu/GNN_DFG/bb/dfg_89/project_tmp/solution_tmp/impl/verilog/project.runs/impl_1/bd_0_wrapper_opt.dcp' has been generated.
INFO: [runtcl-4] Executing : report_drc -file bd_0_wrapper_drc_opted.rpt -pb bd_0_wrapper_drc_opted.pb -rpx bd_0_wrapper_drc_opted.rpx
Command: report_drc -file bd_0_wrapper_drc_opted.rpt -pb bd_0_wrapper_drc_opted.pb -rpx bd_0_wrapper_drc_opted.rpx
INFO: [IP_Flow 19-1839] IP Catalog is up to date.
WARNING: [Timing 38-242] The property HD.CLK_SRC of clock port "ap_clk" is not set. In out-of-context mode, this prevents timing estimation for clock delay/skew
Resolution: Set the HD.CLK_SRC property of the out-of-context port to the location of the clock buffer instance in the top-level design
INFO: [DRC 23-27] Running DRC with 8 threads
INFO: [Coretcl 2-168] The results of DRC are in file /home/nanwu/GNN_DFG/bb/dfg_89/project_tmp/solution_tmp/impl/verilog/project.runs/impl_1/bd_0_wrapper_drc_opted.rpt.
report_drc completed successfully
Command: place_design
Attempting to get a license for feature 'Implementation' and/or device 'xc7z020'
INFO: [Common 17-349] Got license for feature 'Implementation' and/or device 'xc7z020'
INFO: [DRC 23-27] Running DRC with 8 threads
INFO: [Vivado_Tcl 4-198] DRC finished with 0 Errors
INFO: [Vivado_Tcl 4-199] Please refer to the DRC report (report_drc) for more information.
Running DRC as a precondition to command place_design
INFO: [DRC 23-27] Running DRC with 8 threads
INFO: [Vivado_Tcl 4-198] DRC finished with 0 Errors
INFO: [Vivado_Tcl 4-199] Please refer to the DRC report (report_drc) for more information.

Starting Placer Task
INFO: [Place 30-611] Multithreading enabled for place_design using a maximum of 8 CPUs

Phase 1 Placer Initialization

Phase 1.1 Placer Initialization Netlist Sorting
Netlist sorting complete. Time (s): cpu = 00:00:00.01 ; elapsed = 00:00:00 . Memory (MB): peak = 3202.789 ; gain = 0.000 ; free physical = 108608 ; free virtual = 122843
Phase 1.1 Placer Initialization Netlist Sorting | Checksum: 6ca0e5ea

Time (s): cpu = 00:00:00.03 ; elapsed = 00:00:00.03 . Memory (MB): peak = 3202.789 ; gain = 0.000 ; free physical = 108607 ; free virtual = 122843
Netlist sorting complete. Time (s): cpu = 00:00:00 ; elapsed = 00:00:00 . Memory (MB): peak = 3202.789 ; gain = 0.000 ; free physical = 108607 ; free virtual = 122843

Phase 1.2 IO Placement/ Clock Placement/ Build Placer Device
Phase 1.2 IO Placement/ Clock Placement/ Build Placer Device | Checksum: 0cc750f9

Time (s): cpu = 00:00:01 ; elapsed = 00:00:00.41 . Memory (MB): peak = 3202.789 ; gain = 0.000 ; free physical = 108641 ; free virtual = 122877

Phase 1.3 Build Placer Netlist Model
Phase 1.3 Build Placer Netlist Model | Checksum: 10562d8a3

Time (s): cpu = 00:00:05 ; elapsed = 00:00:02 . Memory (MB): peak = 3202.789 ; gain = 0.000 ; free physical = 108656 ; free virtual = 122906

Phase 1.4 Constrain Clocks/Macros
Phase 1.4 Constrain Clocks/Macros | Checksum: 10562d8a3

Time (s): cpu = 00:00:05 ; elapsed = 00:00:02 . Memory (MB): peak = 3202.789 ; gain = 0.000 ; free physical = 108654 ; free virtual = 122905
Phase 1 Placer Initialization | Checksum: 10562d8a3

Time (s): cpu = 00:00:05 ; elapsed = 00:00:02 . Memory (MB): peak = 3202.789 ; gain = 0.000 ; free physical = 108654 ; free virtual = 122904

Phase 2 Global Placement

Phase 2.1 Floorplanning
Phase 2.1 Floorplanning | Checksum: 835ae28f

Time (s): cpu = 00:00:07 ; elapsed = 00:00:02 . Memory (MB): peak = 3205.758 ; gain = 2.969 ; free physical = 108610 ; free virtual = 122851

Phase 2.2 Update Timing before SLR Path Opt
Phase 2.2 Update Timing before SLR Path Opt | Checksum: 293be731

Time (s): cpu = 00:00:08 ; elapsed = 00:00:02 . Memory (MB): peak = 3205.758 ; gain = 2.969 ; free physical = 108626 ; free virtual = 122868

Phase 2.3 Global Placement Core

Phase 2.3.1 Physical Synthesis In Placer
INFO: [Physopt 32-1035] Found 0 LUTNM shape to break, 149 LUT instances to create LUTNM shape
INFO: [Physopt 32-1044] Break lutnm for timing: one critical 0, two critical 0, total 0, new lutff created 0
INFO: [Physopt 32-775] End 1 Pass. Optimized 64 nets or cells. Created 0 new cell, deleted 64 existing cells and moved 0 existing cell
INFO: [Physopt 32-65] No nets found for high-fanout optimization.
INFO: [Physopt 32-232] Optimized 0 net. Created 0 new instance.
INFO: [Physopt 32-775] End 1 Pass. Optimized 0 net or cell. Created 0 new cell, deleted 0 existing cell and moved 0 existing cell
INFO: [Physopt 32-670] No setup violation found.  DSP Register Optimization was not performed.
INFO: [Physopt 32-670] No setup violation found.  Shift Register to Pipeline Optimization was not performed.
INFO: [Physopt 32-670] No setup violation found.  Shift Register Optimization was not performed.
INFO: [Physopt 32-670] No setup violation found.  BRAM Register Optimization was not performed.
INFO: [Physopt 32-670] No setup violation found.  URAM Register Optimization was not performed.
INFO: [Physopt 32-949] No candidate nets found for dynamic/static region interface net replication
INFO: [Physopt 32-775] End 1 Pass. Optimized 0 net or cell. Created 0 new cell, deleted 0 existing cell and moved 0 existing cell
Netlist sorting complete. Time (s): cpu = 00:00:00 ; elapsed = 00:00:00 . Memory (MB): peak = 3205.758 ; gain = 0.000 ; free physical = 108443 ; free virtual = 122684

Summary of Physical Synthesis Optimizations
============================================


-----------------------------------------------------------------------------------------------------------------------------------------------------------
|  Optimization                                     |  Added Cells  |  Removed Cells  |  Optimized Cells/Nets  |  Dont Touch  |  Iterations  |  Elapsed   |
-----------------------------------------------------------------------------------------------------------------------------------------------------------
|  LUT Combining                                    |            0  |             64  |                    64  |           0  |           1  |  00:00:00  |
|  Very High Fanout                                 |            0  |              0  |                     0  |           0  |           1  |  00:00:00  |
|  DSP Register                                     |            0  |              0  |                     0  |           0  |           0  |  00:00:00  |
|  Shift Register to Pipeline                       |            0  |              0  |                     0  |           0  |           0  |  00:00:00  |
|  Shift Register                                   |            0  |              0  |                     0  |           0  |           0  |  00:00:00  |
|  BRAM Register                                    |            0  |              0  |                     0  |           0  |           0  |  00:00:00  |
|  URAM Register                                    |            0  |              0  |                     0  |           0  |           0  |  00:00:00  |
|  Dynamic/Static Region Interface Net Replication  |            0  |              0  |                     0  |           0  |           1  |  00:00:00  |
|  Total                                            |            0  |             64  |                    64  |           0  |           3  |  00:00:00  |
-----------------------------------------------------------------------------------------------------------------------------------------------------------


Phase 2.3.1 Physical Synthesis In Placer | Checksum: 1adc0b1c2

Time (s): cpu = 00:00:42 ; elapsed = 00:00:11 . Memory (MB): peak = 3205.758 ; gain = 2.969 ; free physical = 108394 ; free virtual = 122635
Phase 2.3 Global Placement Core | Checksum: 12eee97da

Time (s): cpu = 00:00:43 ; elapsed = 00:00:11 . Memory (MB): peak = 3205.758 ; gain = 2.969 ; free physical = 108371 ; free virtual = 122611
Phase 2 Global Placement | Checksum: 12eee97da

Time (s): cpu = 00:00:43 ; elapsed = 00:00:11 . Memory (MB): peak = 3205.758 ; gain = 2.969 ; free physical = 108375 ; free virtual = 122616

Phase 3 Detail Placement

Phase 3.1 Commit Multi Column Macros
Phase 3.1 Commit Multi Column Macros | Checksum: c7f06a4c

Time (s): cpu = 00:00:44 ; elapsed = 00:00:12 . Memory (MB): peak = 3205.758 ; gain = 2.969 ; free physical = 108377 ; free virtual = 122621

Phase 3.2 Commit Most Macros & LUTRAMs
Phase 3.2 Commit Most Macros & LUTRAMs | Checksum: 2639565fd

Time (s): cpu = 00:00:46 ; elapsed = 00:00:12 . Memory (MB): peak = 3205.758 ; gain = 2.969 ; free physical = 108261 ; free virtual = 122503

Phase 3.3 Area Swap Optimization
Phase 3.3 Area Swap Optimization | Checksum: 1877dbf84

Time (s): cpu = 00:00:47 ; elapsed = 00:00:13 . Memory (MB): peak = 3205.758 ; gain = 2.969 ; free physical = 108249 ; free virtual = 122491

Phase 3.4 Pipeline Register Optimization
Phase 3.4 Pipeline Register Optimization | Checksum: 20e78ced6

Time (s): cpu = 00:00:47 ; elapsed = 00:00:13 . Memory (MB): peak = 3205.758 ; gain = 2.969 ; free physical = 108236 ; free virtual = 122478

Phase 3.5 Small Shape Detail Placement
Phase 3.5 Small Shape Detail Placement | Checksum: 118262e6e

Time (s): cpu = 00:00:49 ; elapsed = 00:00:14 . Memory (MB): peak = 3205.758 ; gain = 2.969 ; free physical = 108090 ; free virtual = 122334

Phase 3.6 Re-assign LUT pins
Phase 3.6 Re-assign LUT pins | Checksum: 1583b3aae

Time (s): cpu = 00:00:49 ; elapsed = 00:00:14 . Memory (MB): peak = 3205.758 ; gain = 2.969 ; free physical = 107944 ; free virtual = 122187

Phase 3.7 Pipeline Register Optimization
Phase 3.7 Pipeline Register Optimization | Checksum: 14e155c14

Time (s): cpu = 00:00:49 ; elapsed = 00:00:14 . Memory (MB): peak = 3205.758 ; gain = 2.969 ; free physical = 107653 ; free virtual = 121897
Phase 3 Detail Placement | Checksum: 14e155c14

Time (s): cpu = 00:00:49 ; elapsed = 00:00:14 . Memory (MB): peak = 3205.758 ; gain = 2.969 ; free physical = 107581 ; free virtual = 121825

Phase 4 Post Placement Optimization and Clean-Up

Phase 4.1 Post Commit Optimization
INFO: [Timing 38-35] Done setting XDC timing constraints.

Phase 4.1.1 Post Placement Optimization
Post Placement Optimization Initialization | Checksum: cda0a1dd

Phase 4.1.1.1 BUFG Insertion

Starting Physical Synthesis Task

Phase 1 Physical Synthesis Initialization
INFO: [Physopt 32-721] Multithreading enabled for phys_opt_design using a maximum of 8 CPUs
INFO: [Physopt 32-619] Estimated Timing Summary | WNS=1.229 | TNS=0.000 |
Phase 1 Physical Synthesis Initialization | Checksum: 108a6a97b

Time (s): cpu = 00:00:01 ; elapsed = 00:00:00.28 . Memory (MB): peak = 3205.758 ; gain = 0.000 ; free physical = 107022 ; free virtual = 121267
INFO: [Place 46-56] BUFG insertion identified 0 candidate nets. Inserted BUFG: 0, Replicated BUFG Driver: 0, Skipped due to Placement/Routing Conflicts: 0, Skipped due to Timing Degradation: 0, Skipped due to Illegal Netlist: 0.
Ending Physical Synthesis Task | Checksum: ec3b56be

Time (s): cpu = 00:00:01 ; elapsed = 00:00:00.31 . Memory (MB): peak = 3205.758 ; gain = 0.000 ; free physical = 107717 ; free virtual = 121962
Phase 4.1.1.1 BUFG Insertion | Checksum: cda0a1dd

Time (s): cpu = 00:00:55 ; elapsed = 00:00:16 . Memory (MB): peak = 3205.758 ; gain = 2.969 ; free physical = 107713 ; free virtual = 121957
INFO: [Place 30-746] Post Placement Timing Summary WNS=1.229. For the most accurate timing information please run report_timing.

Time (s): cpu = 00:00:55 ; elapsed = 00:00:16 . Memory (MB): peak = 3205.758 ; gain = 2.969 ; free physical = 107716 ; free virtual = 121961
Phase 4.1 Post Commit Optimization | Checksum: a841716d

Time (s): cpu = 00:00:55 ; elapsed = 00:00:16 . Memory (MB): peak = 3205.758 ; gain = 2.969 ; free physical = 107707 ; free virtual = 121951

Phase 4.2 Post Placement Cleanup
Phase 4.2 Post Placement Cleanup | Checksum: a841716d

Time (s): cpu = 00:00:55 ; elapsed = 00:00:16 . Memory (MB): peak = 3205.758 ; gain = 2.969 ; free physical = 107692 ; free virtual = 121937

Phase 4.3 Placer Reporting

Phase 4.3.1 Print Estimated Congestion
INFO: [Place 30-612] Post-Placement Estimated Congestion 
 ____________________________________________________
|           | Global Congestion | Short Congestion  |
| Direction | Region Size       | Region Size       |
|___________|___________________|___________________|
|      North|                1x1|                2x2|
|___________|___________________|___________________|
|      South|                1x1|                2x2|
|___________|___________________|___________________|
|       East|                1x1|                1x1|
|___________|___________________|___________________|
|       West|                1x1|                1x1|
|___________|___________________|___________________|

Phase 4.3.1 Print Estimated Congestion | Checksum: a841716d

Time (s): cpu = 00:00:55 ; elapsed = 00:00:16 . Memory (MB): peak = 3205.758 ; gain = 2.969 ; free physical = 107688 ; free virtual = 121932
Phase 4.3 Placer Reporting | Checksum: a841716d

Time (s): cpu = 00:00:55 ; elapsed = 00:00:16 . Memory (MB): peak = 3205.758 ; gain = 2.969 ; free physical = 107676 ; free virtual = 121921

Phase 4.4 Final Placement Cleanup
Netlist sorting complete. Time (s): cpu = 00:00:00 ; elapsed = 00:00:00.01 . Memory (MB): peak = 3205.758 ; gain = 0.000 ; free physical = 107676 ; free virtual = 121920

Time (s): cpu = 00:00:55 ; elapsed = 00:00:16 . Memory (MB): peak = 3205.758 ; gain = 2.969 ; free physical = 107676 ; free virtual = 121920
Phase 4 Post Placement Optimization and Clean-Up | Checksum: bcdf0300

Time (s): cpu = 00:00:55 ; elapsed = 00:00:16 . Memory (MB): peak = 3205.758 ; gain = 2.969 ; free physical = 107701 ; free virtual = 121945
Ending Placer Task | Checksum: 6fe1a00c

Time (s): cpu = 00:00:55 ; elapsed = 00:00:16 . Memory (MB): peak = 3205.758 ; gain = 2.969 ; free physical = 107720 ; free virtual = 121965
INFO: [Common 17-83] Releasing license: Implementation
65 Infos, 1 Warnings, 0 Critical Warnings and 0 Errors encountered.
place_design completed successfully
place_design: Time (s): cpu = 00:00:58 ; elapsed = 00:00:18 . Memory (MB): peak = 3205.758 ; gain = 2.969 ; free physical = 107744 ; free virtual = 121989
INFO: [Timing 38-480] Writing timing data to binary archive.
Writing placer database...
Writing XDEF routing.
Writing XDEF routing logical nets.
Writing XDEF routing special nets.
Write XDEF Complete: Time (s): cpu = 00:00:02 ; elapsed = 00:00:00.57 . Memory (MB): peak = 3205.758 ; gain = 0.000 ; free physical = 107558 ; free virtual = 121823
INFO: [Common 17-1381] The checkpoint '/home/nanwu/GNN_DFG/bb/dfg_89/project_tmp/solution_tmp/impl/verilog/project.runs/impl_1/bd_0_wrapper_placed.dcp' has been generated.
INFO: [runtcl-4] Executing : report_io -file bd_0_wrapper_io_placed.rpt
report_io: Time (s): cpu = 00:00:00.11 ; elapsed = 00:00:00.19 . Memory (MB): peak = 3205.758 ; gain = 0.000 ; free physical = 107408 ; free virtual = 121659
INFO: [runtcl-4] Executing : report_utilization -file bd_0_wrapper_utilization_placed.rpt -pb bd_0_wrapper_utilization_placed.pb
INFO: [runtcl-4] Executing : report_control_sets -verbose -file bd_0_wrapper_control_sets_placed.rpt
report_control_sets: Time (s): cpu = 00:00:00.09 ; elapsed = 00:00:00.14 . Memory (MB): peak = 3205.758 ; gain = 0.000 ; free physical = 108293 ; free virtual = 122544
Command: phys_opt_design
Attempting to get a license for feature 'Implementation' and/or device 'xc7z020'
INFO: [Common 17-349] Got license for feature 'Implementation' and/or device 'xc7z020'
INFO: [Vivado_Tcl 4-383] Design worst setup slack (WNS) is greater than or equal to 0.000 ns. Skipping all physical synthesis optimizations.
INFO: [Vivado_Tcl 4-232] No setup violation found. The netlist was not modified.
INFO: [Common 17-83] Releasing license: Implementation
74 Infos, 1 Warnings, 0 Critical Warnings and 0 Errors encountered.
phys_opt_design completed successfully
INFO: [Timing 38-480] Writing timing data to binary archive.
Writing placer database...
Writing XDEF routing.
Writing XDEF routing logical nets.
Writing XDEF routing special nets.
Write XDEF Complete: Time (s): cpu = 00:00:01 ; elapsed = 00:00:00.43 . Memory (MB): peak = 3205.758 ; gain = 0.000 ; free physical = 108087 ; free virtual = 122375
INFO: [Common 17-1381] The checkpoint '/home/nanwu/GNN_DFG/bb/dfg_89/project_tmp/solution_tmp/impl/verilog/project.runs/impl_1/bd_0_wrapper_physopt.dcp' has been generated.
Command: route_design
Attempting to get a license for feature 'Implementation' and/or device 'xc7z020'
INFO: [Common 17-349] Got license for feature 'Implementation' and/or device 'xc7z020'
Running DRC as a precondition to command route_design
WARNING: [Timing 38-242] The property HD.CLK_SRC of clock port "ap_clk" is not set. In out-of-context mode, this prevents timing estimation for clock delay/skew
Resolution: Set the HD.CLK_SRC property of the out-of-context port to the location of the clock buffer instance in the top-level design
INFO: [DRC 23-27] Running DRC with 8 threads
INFO: [Vivado_Tcl 4-198] DRC finished with 0 Errors
INFO: [Vivado_Tcl 4-199] Please refer to the DRC report (report_drc) for more information.


Starting Routing Task
INFO: [Route 35-254] Multithreading enabled for route_design using a maximum of 8 CPUs
Checksum: PlaceDB: 55f140a7 ConstDB: 0 ShapeSum: 19f05f65 RouteDB: 0

Phase 1 Build RT Design
WARNING: [Route 35-197] Clock port "ap_clk" does not have an associated HD.CLK_SRC. Without this constraint, timing analysis may not be accurate and upstream checks cannot be done to ensure correct clock placement.
WARNING: [Route 35-198] Port "p[4]" does not have an associated HD.PARTPIN_LOCS, which will prevent the partial routing of the signal "p[4]". Without this partial route, timing analysis to/from this port will not be accurate, and no routing information for this port can be exported.
WARNING: [Route 35-198] Port "p[6]" does not have an associated HD.PARTPIN_LOCS, which will prevent the partial routing of the signal "p[6]". Without this partial route, timing analysis to/from this port will not be accurate, and no routing information for this port can be exported.
WARNING: [Route 35-198] Port "p[1]" does not have an associated HD.PARTPIN_LOCS, which will prevent the partial routing of the signal "p[1]". Without this partial route, timing analysis to/from this port will not be accurate, and no routing information for this port can be exported.
WARNING: [Route 35-198] Port "p[5]" does not have an associated HD.PARTPIN_LOCS, which will prevent the partial routing of the signal "p[5]". Without this partial route, timing analysis to/from this port will not be accurate, and no routing information for this port can be exported.
WARNING: [Route 35-198] Port "p[7]" does not have an associated HD.PARTPIN_LOCS, which will prevent the partial routing of the signal "p[7]". Without this partial route, timing analysis to/from this port will not be accurate, and no routing information for this port can be exported.
WARNING: [Route 35-198] Port "p[10]" does not have an associated HD.PARTPIN_LOCS, which will prevent the partial routing of the signal "p[10]". Without this partial route, timing analysis to/from this port will not be accurate, and no routing information for this port can be exported.
WARNING: [Route 35-198] Port "p[2]" does not have an associated HD.PARTPIN_LOCS, which will prevent the partial routing of the signal "p[2]". Without this partial route, timing analysis to/from this port will not be accurate, and no routing information for this port can be exported.
WARNING: [Route 35-198] Port "p[8]" does not have an associated HD.PARTPIN_LOCS, which will prevent the partial routing of the signal "p[8]". Without this partial route, timing analysis to/from this port will not be accurate, and no routing information for this port can be exported.
WARNING: [Route 35-198] Port "p[13]" does not have an associated HD.PARTPIN_LOCS, which will prevent the partial routing of the signal "p[13]". Without this partial route, timing analysis to/from this port will not be accurate, and no routing information for this port can be exported.
WARNING: [Route 35-198] Port "p[15]" does not have an associated HD.PARTPIN_LOCS, which will prevent the partial routing of the signal "p[15]". Without this partial route, timing analysis to/from this port will not be accurate, and no routing information for this port can be exported.
WARNING: [Route 35-198] Port "p[3]" does not have an associated HD.PARTPIN_LOCS, which will prevent the partial routing of the signal "p[3]". Without this partial route, timing analysis to/from this port will not be accurate, and no routing information for this port can be exported.
WARNING: [Route 35-198] Port "p[17]" does not have an associated HD.PARTPIN_LOCS, which will prevent the partial routing of the signal "p[17]". Without this partial route, timing analysis to/from this port will not be accurate, and no routing information for this port can be exported.
WARNING: [Route 35-198] Port "p[18]" does not have an associated HD.PARTPIN_LOCS, which will prevent the partial routing of the signal "p[18]". Without this partial route, timing analysis to/from this port will not be accurate, and no routing information for this port can be exported.
WARNING: [Route 35-198] Port "p[20]" does not have an associated HD.PARTPIN_LOCS, which will prevent the partial routing of the signal "p[20]". Without this partial route, timing analysis to/from this port will not be accurate, and no routing information for this port can be exported.
WARNING: [Route 35-198] Port "p[22]" does not have an associated HD.PARTPIN_LOCS, which will prevent the partial routing of the signal "p[22]". Without this partial route, timing analysis to/from this port will not be accurate, and no routing information for this port can be exported.
WARNING: [Route 35-198] Port "p[16]" does not have an associated HD.PARTPIN_LOCS, which will prevent the partial routing of the signal "p[16]". Without this partial route, timing analysis to/from this port will not be accurate, and no routing information for this port can be exported.
WARNING: [Route 35-198] Port "p[23]" does not have an associated HD.PARTPIN_LOCS, which will prevent the partial routing of the signal "p[23]". Without this partial route, timing analysis to/from this port will not be accurate, and no routing information for this port can be exported.
WARNING: [Route 35-198] Port "p[24]" does not have an associated HD.PARTPIN_LOCS, which will prevent the partial routing of the signal "p[24]". Without this partial route, timing analysis to/from this port will not be accurate, and no routing information for this port can be exported.
WARNING: [Route 35-198] Port "p[27]" does not have an associated HD.PARTPIN_LOCS, which will prevent the partial routing of the signal "p[27]". Without this partial route, timing analysis to/from this port will not be accurate, and no routing information for this port can be exported.
WARNING: [Route 35-198] Port "p[29]" does not have an associated HD.PARTPIN_LOCS, which will prevent the partial routing of the signal "p[29]". Without this partial route, timing analysis to/from this port will not be accurate, and no routing information for this port can be exported.
WARNING: [Route 35-198] Port "p[14]" does not have an associated HD.PARTPIN_LOCS, which will prevent the partial routing of the signal "p[14]". Without this partial route, timing analysis to/from this port will not be accurate, and no routing information for this port can be exported.
WARNING: [Route 35-198] Port "p[19]" does not have an associated HD.PARTPIN_LOCS, which will prevent the partial routing of the signal "p[19]". Without this partial route, timing analysis to/from this port will not be accurate, and no routing information for this port can be exported.
WARNING: [Route 35-198] Port "p[34]" does not have an associated HD.PARTPIN_LOCS, which will prevent the partial routing of the signal "p[34]". Without this partial route, timing analysis to/from this port will not be accurate, and no routing information for this port can be exported.
WARNING: [Route 35-198] Port "p[35]" does not have an associated HD.PARTPIN_LOCS, which will prevent the partial routing of the signal "p[35]". Without this partial route, timing analysis to/from this port will not be accurate, and no routing information for this port can be exported.
WARNING: [Route 35-198] Port "p[42]" does not have an associated HD.PARTPIN_LOCS, which will prevent the partial routing of the signal "p[42]". Without this partial route, timing analysis to/from this port will not be accurate, and no routing information for this port can be exported.
WARNING: [Route 35-198] Port "p[36]" does not have an associated HD.PARTPIN_LOCS, which will prevent the partial routing of the signal "p[36]". Without this partial route, timing analysis to/from this port will not be accurate, and no routing information for this port can be exported.
WARNING: [Route 35-198] Port "p[41]" does not have an associated HD.PARTPIN_LOCS, which will prevent the partial routing of the signal "p[41]". Without this partial route, timing analysis to/from this port will not be accurate, and no routing information for this port can be exported.
WARNING: [Route 35-198] Port "p[43]" does not have an associated HD.PARTPIN_LOCS, which will prevent the partial routing of the signal "p[43]". Without this partial route, timing analysis to/from this port will not be accurate, and no routing information for this port can be exported.
WARNING: [Route 35-198] Port "p[0]" does not have an associated HD.PARTPIN_LOCS, which will prevent the partial routing of the signal "p[0]". Without this partial route, timing analysis to/from this port will not be accurate, and no routing information for this port can be exported.
WARNING: [Route 35-198] Port "p[12]" does not have an associated HD.PARTPIN_LOCS, which will prevent the partial routing of the signal "p[12]". Without this partial route, timing analysis to/from this port will not be accurate, and no routing information for this port can be exported.
WARNING: [Route 35-198] Port "p[11]" does not have an associated HD.PARTPIN_LOCS, which will prevent the partial routing of the signal "p[11]". Without this partial route, timing analysis to/from this port will not be accurate, and no routing information for this port can be exported.
WARNING: [Route 35-198] Port "p[9]" does not have an associated HD.PARTPIN_LOCS, which will prevent the partial routing of the signal "p[9]". Without this partial route, timing analysis to/from this port will not be accurate, and no routing information for this port can be exported.
WARNING: [Route 35-198] Port "p[21]" does not have an associated HD.PARTPIN_LOCS, which will prevent the partial routing of the signal "p[21]". Without this partial route, timing analysis to/from this port will not be accurate, and no routing information for this port can be exported.
WARNING: [Route 35-198] Port "p[28]" does not have an associated HD.PARTPIN_LOCS, which will prevent the partial routing of the signal "p[28]". Without this partial route, timing analysis to/from this port will not be accurate, and no routing information for this port can be exported.
WARNING: [Route 35-198] Port "p[26]" does not have an associated HD.PARTPIN_LOCS, which will prevent the partial routing of the signal "p[26]". Without this partial route, timing analysis to/from this port will not be accurate, and no routing information for this port can be exported.
WARNING: [Route 35-198] Port "p[25]" does not have an associated HD.PARTPIN_LOCS, which will prevent the partial routing of the signal "p[25]". Without this partial route, timing analysis to/from this port will not be accurate, and no routing information for this port can be exported.
WARNING: [Route 35-198] Port "p[32]" does not have an associated HD.PARTPIN_LOCS, which will prevent the partial routing of the signal "p[32]". Without this partial route, timing analysis to/from this port will not be accurate, and no routing information for this port can be exported.
WARNING: [Route 35-198] Port "p[31]" does not have an associated HD.PARTPIN_LOCS, which will prevent the partial routing of the signal "p[31]". Without this partial route, timing analysis to/from this port will not be accurate, and no routing information for this port can be exported.
WARNING: [Route 35-198] Port "p[30]" does not have an associated HD.PARTPIN_LOCS, which will prevent the partial routing of the signal "p[30]". Without this partial route, timing analysis to/from this port will not be accurate, and no routing information for this port can be exported.
WARNING: [Route 35-198] Port "p[33]" does not have an associated HD.PARTPIN_LOCS, which will prevent the partial routing of the signal "p[33]". Without this partial route, timing analysis to/from this port will not be accurate, and no routing information for this port can be exported.
WARNING: [Route 35-198] Port "p[40]" does not have an associated HD.PARTPIN_LOCS, which will prevent the partial routing of the signal "p[40]". Without this partial route, timing analysis to/from this port will not be accurate, and no routing information for this port can be exported.
WARNING: [Route 35-198] Port "p[39]" does not have an associated HD.PARTPIN_LOCS, which will prevent the partial routing of the signal "p[39]". Without this partial route, timing analysis to/from this port will not be accurate, and no routing information for this port can be exported.
WARNING: [Route 35-198] Port "p[38]" does not have an associated HD.PARTPIN_LOCS, which will prevent the partial routing of the signal "p[38]". Without this partial route, timing analysis to/from this port will not be accurate, and no routing information for this port can be exported.
WARNING: [Route 35-198] Port "p[37]" does not have an associated HD.PARTPIN_LOCS, which will prevent the partial routing of the signal "p[37]". Without this partial route, timing analysis to/from this port will not be accurate, and no routing information for this port can be exported.
WARNING: [Route 35-198] Port "p[44]" does not have an associated HD.PARTPIN_LOCS, which will prevent the partial routing of the signal "p[44]". Without this partial route, timing analysis to/from this port will not be accurate, and no routing information for this port can be exported.
WARNING: [Route 35-198] Port "p[48]" does not have an associated HD.PARTPIN_LOCS, which will prevent the partial routing of the signal "p[48]". Without this partial route, timing analysis to/from this port will not be accurate, and no routing information for this port can be exported.
WARNING: [Route 35-198] Port "p[47]" does not have an associated HD.PARTPIN_LOCS, which will prevent the partial routing of the signal "p[47]". Without this partial route, timing analysis to/from this port will not be accurate, and no routing information for this port can be exported.
WARNING: [Route 35-198] Port "p[46]" does not have an associated HD.PARTPIN_LOCS, which will prevent the partial routing of the signal "p[46]". Without this partial route, timing analysis to/from this port will not be accurate, and no routing information for this port can be exported.
WARNING: [Route 35-198] Port "p[45]" does not have an associated HD.PARTPIN_LOCS, which will prevent the partial routing of the signal "p[45]". Without this partial route, timing analysis to/from this port will not be accurate, and no routing information for this port can be exported.
WARNING: [Route 35-198] Port "p[52]" does not have an associated HD.PARTPIN_LOCS, which will prevent the partial routing of the signal "p[52]". Without this partial route, timing analysis to/from this port will not be accurate, and no routing information for this port can be exported.
WARNING: [Route 35-198] Port "p[51]" does not have an associated HD.PARTPIN_LOCS, which will prevent the partial routing of the signal "p[51]". Without this partial route, timing analysis to/from this port will not be accurate, and no routing information for this port can be exported.
WARNING: [Route 35-198] Port "p[50]" does not have an associated HD.PARTPIN_LOCS, which will prevent the partial routing of the signal "p[50]". Without this partial route, timing analysis to/from this port will not be accurate, and no routing information for this port can be exported.
WARNING: [Route 35-198] Port "p[49]" does not have an associated HD.PARTPIN_LOCS, which will prevent the partial routing of the signal "p[49]". Without this partial route, timing analysis to/from this port will not be accurate, and no routing information for this port can be exported.
WARNING: [Route 35-198] Port "p[56]" does not have an associated HD.PARTPIN_LOCS, which will prevent the partial routing of the signal "p[56]". Without this partial route, timing analysis to/from this port will not be accurate, and no routing information for this port can be exported.
WARNING: [Route 35-198] Port "p[55]" does not have an associated HD.PARTPIN_LOCS, which will prevent the partial routing of the signal "p[55]". Without this partial route, timing analysis to/from this port will not be accurate, and no routing information for this port can be exported.
WARNING: [Route 35-198] Port "p[54]" does not have an associated HD.PARTPIN_LOCS, which will prevent the partial routing of the signal "p[54]". Without this partial route, timing analysis to/from this port will not be accurate, and no routing information for this port can be exported.
WARNING: [Route 35-198] Port "p[53]" does not have an associated HD.PARTPIN_LOCS, which will prevent the partial routing of the signal "p[53]". Without this partial route, timing analysis to/from this port will not be accurate, and no routing information for this port can be exported.
WARNING: [Route 35-198] Port "p[60]" does not have an associated HD.PARTPIN_LOCS, which will prevent the partial routing of the signal "p[60]". Without this partial route, timing analysis to/from this port will not be accurate, and no routing information for this port can be exported.
WARNING: [Route 35-198] Port "p[59]" does not have an associated HD.PARTPIN_LOCS, which will prevent the partial routing of the signal "p[59]". Without this partial route, timing analysis to/from this port will not be accurate, and no routing information for this port can be exported.
WARNING: [Route 35-198] Port "p[58]" does not have an associated HD.PARTPIN_LOCS, which will prevent the partial routing of the signal "p[58]". Without this partial route, timing analysis to/from this port will not be accurate, and no routing information for this port can be exported.
WARNING: [Route 35-198] Port "p[57]" does not have an associated HD.PARTPIN_LOCS, which will prevent the partial routing of the signal "p[57]". Without this partial route, timing analysis to/from this port will not be accurate, and no routing information for this port can be exported.
WARNING: [Route 35-198] Port "p[63]" does not have an associated HD.PARTPIN_LOCS, which will prevent the partial routing of the signal "p[63]". Without this partial route, timing analysis to/from this port will not be accurate, and no routing information for this port can be exported.
WARNING: [Route 35-198] Port "p[62]" does not have an associated HD.PARTPIN_LOCS, which will prevent the partial routing of the signal "p[62]". Without this partial route, timing analysis to/from this port will not be accurate, and no routing information for this port can be exported.
WARNING: [Route 35-198] Port "p[61]" does not have an associated HD.PARTPIN_LOCS, which will prevent the partial routing of the signal "p[61]". Without this partial route, timing analysis to/from this port will not be accurate, and no routing information for this port can be exported.
WARNING: [Route 35-198] Port "p_4_q0[10]" does not have an associated HD.PARTPIN_LOCS, which will prevent the partial routing of the signal "p_4_q0[10]". Without this partial route, timing analysis to/from this port will not be accurate, and no routing information for this port can be exported.
WARNING: [Route 35-198] Port "p_4_q0[14]" does not have an associated HD.PARTPIN_LOCS, which will prevent the partial routing of the signal "p_4_q0[14]". Without this partial route, timing analysis to/from this port will not be accurate, and no routing information for this port can be exported.
WARNING: [Route 35-198] Port "p_4_q0[17]" does not have an associated HD.PARTPIN_LOCS, which will prevent the partial routing of the signal "p_4_q0[17]". Without this partial route, timing analysis to/from this port will not be accurate, and no routing information for this port can be exported.
WARNING: [Route 35-198] Port "p_4_q0[13]" does not have an associated HD.PARTPIN_LOCS, which will prevent the partial routing of the signal "p_4_q0[13]". Without this partial route, timing analysis to/from this port will not be accurate, and no routing information for this port can be exported.
WARNING: [Route 35-198] Port "p_4_q0[2]" does not have an associated HD.PARTPIN_LOCS, which will prevent the partial routing of the signal "p_4_q0[2]". Without this partial route, timing analysis to/from this port will not be accurate, and no routing information for this port can be exported.
WARNING: [Route 35-198] Port "p_4_q0[0]" does not have an associated HD.PARTPIN_LOCS, which will prevent the partial routing of the signal "p_4_q0[0]". Without this partial route, timing analysis to/from this port will not be accurate, and no routing information for this port can be exported.
WARNING: [Route 35-198] Port "p_4_q0[1]" does not have an associated HD.PARTPIN_LOCS, which will prevent the partial routing of the signal "p_4_q0[1]". Without this partial route, timing analysis to/from this port will not be accurate, and no routing information for this port can be exported.
WARNING: [Route 35-198] Port "p_4_q0[3]" does not have an associated HD.PARTPIN_LOCS, which will prevent the partial routing of the signal "p_4_q0[3]". Without this partial route, timing analysis to/from this port will not be accurate, and no routing information for this port can be exported.
WARNING: [Route 35-198] Port "p_4_q0[4]" does not have an associated HD.PARTPIN_LOCS, which will prevent the partial routing of the signal "p_4_q0[4]". Without this partial route, timing analysis to/from this port will not be accurate, and no routing information for this port can be exported.
WARNING: [Route 35-198] Port "p_4_q0[12]" does not have an associated HD.PARTPIN_LOCS, which will prevent the partial routing of the signal "p_4_q0[12]". Without this partial route, timing analysis to/from this port will not be accurate, and no routing information for this port can be exported.
WARNING: [Route 35-198] Port "p_4_q0[20]" does not have an associated HD.PARTPIN_LOCS, which will prevent the partial routing of the signal "p_4_q0[20]". Without this partial route, timing analysis to/from this port will not be accurate, and no routing information for this port can be exported.
WARNING: [Route 35-198] Port "p_4_q0[21]" does not have an associated HD.PARTPIN_LOCS, which will prevent the partial routing of the signal "p_4_q0[21]". Without this partial route, timing analysis to/from this port will not be accurate, and no routing information for this port can be exported.
WARNING: [Route 35-198] Port "p_4_q0[6]" does not have an associated HD.PARTPIN_LOCS, which will prevent the partial routing of the signal "p_4_q0[6]". Without this partial route, timing analysis to/from this port will not be accurate, and no routing information for this port can be exported.
WARNING: [Route 35-198] Port "p_4_q0[9]" does not have an associated HD.PARTPIN_LOCS, which will prevent the partial routing of the signal "p_4_q0[9]". Without this partial route, timing analysis to/from this port will not be accurate, and no routing information for this port can be exported.
WARNING: [Route 35-198] Port "p_4_q0[11]" does not have an associated HD.PARTPIN_LOCS, which will prevent the partial routing of the signal "p_4_q0[11]". Without this partial route, timing analysis to/from this port will not be accurate, and no routing information for this port can be exported.
WARNING: [Route 35-198] Port "p_4_q0[15]" does not have an associated HD.PARTPIN_LOCS, which will prevent the partial routing of the signal "p_4_q0[15]". Without this partial route, timing analysis to/from this port will not be accurate, and no routing information for this port can be exported.
WARNING: [Route 35-198] Port "p_4_q0[16]" does not have an associated HD.PARTPIN_LOCS, which will prevent the partial routing of the signal "p_4_q0[16]". Without this partial route, timing analysis to/from this port will not be accurate, and no routing information for this port can be exported.
WARNING: [Route 35-198] Port "p_4_q0[18]" does not have an associated HD.PARTPIN_LOCS, which will prevent the partial routing of the signal "p_4_q0[18]". Without this partial route, timing analysis to/from this port will not be accurate, and no routing information for this port can be exported.
WARNING: [Route 35-198] Port "p_4_q0[19]" does not have an associated HD.PARTPIN_LOCS, which will prevent the partial routing of the signal "p_4_q0[19]". Without this partial route, timing analysis to/from this port will not be accurate, and no routing information for this port can be exported.
WARNING: [Route 35-198] Port "p_4_q0[5]" does not have an associated HD.PARTPIN_LOCS, which will prevent the partial routing of the signal "p_4_q0[5]". Without this partial route, timing analysis to/from this port will not be accurate, and no routing information for this port can be exported.
WARNING: [Route 35-198] Port "p_4_q0[7]" does not have an associated HD.PARTPIN_LOCS, which will prevent the partial routing of the signal "p_4_q0[7]". Without this partial route, timing analysis to/from this port will not be accurate, and no routing information for this port can be exported.
WARNING: [Route 35-198] Port "p_4_q0[8]" does not have an associated HD.PARTPIN_LOCS, which will prevent the partial routing of the signal "p_4_q0[8]". Without this partial route, timing analysis to/from this port will not be accurate, and no routing information for this port can be exported.
WARNING: [Route 35-198] Port "p_4_q0[22]" does not have an associated HD.PARTPIN_LOCS, which will prevent the partial routing of the signal "p_4_q0[22]". Without this partial route, timing analysis to/from this port will not be accurate, and no routing information for this port can be exported.
WARNING: [Route 35-198] Port "p_4_q0[31]" does not have an associated HD.PARTPIN_LOCS, which will prevent the partial routing of the signal "p_4_q0[31]". Without this partial route, timing analysis to/from this port will not be accurate, and no routing information for this port can be exported.
WARNING: [Route 35-198] Port "ap_rst" does not have an associated HD.PARTPIN_LOCS, which will prevent the partial routing of the signal "ap_rst". Without this partial route, timing analysis to/from this port will not be accurate, and no routing information for this port can be exported.
WARNING: [Route 35-198] Port "p_4_q0[28]" does not have an associated HD.PARTPIN_LOCS, which will prevent the partial routing of the signal "p_4_q0[28]". Without this partial route, timing analysis to/from this port will not be accurate, and no routing information for this port can be exported.
WARNING: [Route 35-198] Port "p_4_q0[29]" does not have an associated HD.PARTPIN_LOCS, which will prevent the partial routing of the signal "p_4_q0[29]". Without this partial route, timing analysis to/from this port will not be accurate, and no routing information for this port can be exported.
WARNING: [Route 35-198] Port "p_4_q0[30]" does not have an associated HD.PARTPIN_LOCS, which will prevent the partial routing of the signal "p_4_q0[30]". Without this partial route, timing analysis to/from this port will not be accurate, and no routing information for this port can be exported.
WARNING: [Route 35-198] Port "p_4_q0[23]" does not have an associated HD.PARTPIN_LOCS, which will prevent the partial routing of the signal "p_4_q0[23]". Without this partial route, timing analysis to/from this port will not be accurate, and no routing information for this port can be exported.
WARNING: [Route 35-198] Port "p_4_q0[24]" does not have an associated HD.PARTPIN_LOCS, which will prevent the partial routing of the signal "p_4_q0[24]". Without this partial route, timing analysis to/from this port will not be accurate, and no routing information for this port can be exported.
WARNING: [Route 35-198] Port "p_4_q0[25]" does not have an associated HD.PARTPIN_LOCS, which will prevent the partial routing of the signal "p_4_q0[25]". Without this partial route, timing analysis to/from this port will not be accurate, and no routing information for this port can be exported.
WARNING: [Route 35-198] Port "p_4_q0[27]" does not have an associated HD.PARTPIN_LOCS, which will prevent the partial routing of the signal "p_4_q0[27]". Without this partial route, timing analysis to/from this port will not be accurate, and no routing information for this port can be exported.
WARNING: [Route 35-198] Port "p_4_q0[26]" does not have an associated HD.PARTPIN_LOCS, which will prevent the partial routing of the signal "p_4_q0[26]". Without this partial route, timing analysis to/from this port will not be accurate, and no routing information for this port can be exported.
WARNING: [Route 35-198] Port "ap_ctrl_start" does not have an associated HD.PARTPIN_LOCS, which will prevent the partial routing of the signal "ap_ctrl_start". Without this partial route, timing analysis to/from this port will not be accurate, and no routing information for this port can be exported.
WARNING: [Route 35-198] Port "p_9[15]" does not have an associated HD.PARTPIN_LOCS, which will prevent the partial routing of the signal "p_9[15]". Without this partial route, timing analysis to/from this port will not be accurate, and no routing information for this port can be exported.
WARNING: [Route 35-198] Port "p_9[13]" does not have an associated HD.PARTPIN_LOCS, which will prevent the partial routing of the signal "p_9[13]". Without this partial route, timing analysis to/from this port will not be accurate, and no routing information for this port can be exported.
INFO: [Common 17-14] Message 'Route 35-198' appears 100 times and further instances of the messages will be disabled. Use the Tcl command set_msg_config to change the current settings.
Phase 1 Build RT Design | Checksum: a986c4ef

Time (s): cpu = 00:00:15 ; elapsed = 00:00:10 . Memory (MB): peak = 3246.316 ; gain = 0.000 ; free physical = 106924 ; free virtual = 121202
Post Restoration Checksum: NetGraph: 3f1b11f6 NumContArr: 6a6bb2f9 Constraints: 0 Timing: 0

Phase 2 Router Initialization

Phase 2.1 Create Timer
Phase 2.1 Create Timer | Checksum: a986c4ef

Time (s): cpu = 00:00:15 ; elapsed = 00:00:10 . Memory (MB): peak = 3250.117 ; gain = 3.801 ; free physical = 106914 ; free virtual = 121192

Phase 2.2 Fix Topology Constraints
Phase 2.2 Fix Topology Constraints | Checksum: a986c4ef

Time (s): cpu = 00:00:15 ; elapsed = 00:00:10 . Memory (MB): peak = 3258.117 ; gain = 11.801 ; free physical = 106874 ; free virtual = 121152

Phase 2.3 Pre Route Cleanup
Phase 2.3 Pre Route Cleanup | Checksum: a986c4ef

Time (s): cpu = 00:00:15 ; elapsed = 00:00:11 . Memory (MB): peak = 3258.117 ; gain = 11.801 ; free physical = 106874 ; free virtual = 121152
 Number of Nodes with overlaps = 0

Phase 2.4 Update Timing
Phase 2.4 Update Timing | Checksum: e15671a1

Time (s): cpu = 00:00:18 ; elapsed = 00:00:11 . Memory (MB): peak = 3273.000 ; gain = 26.684 ; free physical = 106303 ; free virtual = 120581
INFO: [Route 35-416] Intermediate Timing Summary | WNS=1.297  | TNS=0.000  | WHS=0.058  | THS=0.000  |

Phase 2 Router Initialization | Checksum: 160c1f6aa

Time (s): cpu = 00:00:20 ; elapsed = 00:00:12 . Memory (MB): peak = 3281.000 ; gain = 34.684 ; free physical = 105826 ; free virtual = 120108

Router Utilization Summary
  Global Vertical Routing Utilization    = 0 %
  Global Horizontal Routing Utilization  = 0 %
  Routable Net Status*
  *Does not include unroutable nets such as driverless and loadless.
  Run report_route_status for detailed report.
  Number of Failed Nets               = 10779
    (Failed Nets is the sum of unrouted and partially routed nets)
  Number of Unrouted Nets             = 10779
  Number of Partially Routed Nets     = 0
  Number of Node Overlaps             = 0


Phase 3 Initial Routing

Phase 3.1 Global Routing
Phase 3.1 Global Routing | Checksum: 160c1f6aa

Time (s): cpu = 00:00:21 ; elapsed = 00:00:12 . Memory (MB): peak = 3281.000 ; gain = 34.684 ; free physical = 105806 ; free virtual = 120084
Phase 3 Initial Routing | Checksum: 1ca9f7aea

Time (s): cpu = 00:00:24 ; elapsed = 00:00:13 . Memory (MB): peak = 3281.000 ; gain = 34.684 ; free physical = 106514 ; free virtual = 120792

Phase 4 Rip-up And Reroute

Phase 4.1 Global Iteration 0
 Number of Nodes with overlaps = 322
 Number of Nodes with overlaps = 22
 Number of Nodes with overlaps = 4
 Number of Nodes with overlaps = 0
INFO: [Route 35-416] Intermediate Timing Summary | WNS=1.284  | TNS=0.000  | WHS=N/A    | THS=N/A    |

Phase 4.1 Global Iteration 0 | Checksum: 295c85b49

Time (s): cpu = 00:00:29 ; elapsed = 00:00:15 . Memory (MB): peak = 3281.000 ; gain = 34.684 ; free physical = 107686 ; free virtual = 121964
Phase 4 Rip-up And Reroute | Checksum: 295c85b49

Time (s): cpu = 00:00:29 ; elapsed = 00:00:15 . Memory (MB): peak = 3281.000 ; gain = 34.684 ; free physical = 107672 ; free virtual = 121950

Phase 5 Delay and Skew Optimization

Phase 5.1 Delay CleanUp
Phase 5.1 Delay CleanUp | Checksum: 295c85b49

Time (s): cpu = 00:00:29 ; elapsed = 00:00:15 . Memory (MB): peak = 3281.000 ; gain = 34.684 ; free physical = 107643 ; free virtual = 121921

Phase 5.2 Clock Skew Optimization
Phase 5.2 Clock Skew Optimization | Checksum: 295c85b49

Time (s): cpu = 00:00:29 ; elapsed = 00:00:15 . Memory (MB): peak = 3281.000 ; gain = 34.684 ; free physical = 107627 ; free virtual = 121905
Phase 5 Delay and Skew Optimization | Checksum: 295c85b49

Time (s): cpu = 00:00:29 ; elapsed = 00:00:15 . Memory (MB): peak = 3281.000 ; gain = 34.684 ; free physical = 107613 ; free virtual = 121891

Phase 6 Post Hold Fix

Phase 6.1 Hold Fix Iter

Phase 6.1.1 Update Timing
Phase 6.1.1 Update Timing | Checksum: 22245fe21

Time (s): cpu = 00:00:30 ; elapsed = 00:00:16 . Memory (MB): peak = 3281.000 ; gain = 34.684 ; free physical = 107553 ; free virtual = 121831
INFO: [Route 35-416] Intermediate Timing Summary | WNS=1.284  | TNS=0.000  | WHS=0.052  | THS=0.000  |

Phase 6.1 Hold Fix Iter | Checksum: 22245fe21

Time (s): cpu = 00:00:30 ; elapsed = 00:00:16 . Memory (MB): peak = 3281.000 ; gain = 34.684 ; free physical = 107558 ; free virtual = 121836
Phase 6 Post Hold Fix | Checksum: 22245fe21

Time (s): cpu = 00:00:30 ; elapsed = 00:00:16 . Memory (MB): peak = 3281.000 ; gain = 34.684 ; free physical = 107558 ; free virtual = 121836

Phase 7 Route finalize

Router Utilization Summary
  Global Vertical Routing Utilization    = 1.44268 %
  Global Horizontal Routing Utilization  = 1.9727 %
  Routable Net Status*
  *Does not include unroutable nets such as driverless and loadless.
  Run report_route_status for detailed report.
  Number of Failed Nets               = 0
    (Failed Nets is the sum of unrouted and partially routed nets)
  Number of Unrouted Nets             = 0
  Number of Partially Routed Nets     = 0
  Number of Node Overlaps             = 0

Phase 7 Route finalize | Checksum: 2031474f5

Time (s): cpu = 00:00:30 ; elapsed = 00:00:16 . Memory (MB): peak = 3281.000 ; gain = 34.684 ; free physical = 107553 ; free virtual = 121831

Phase 8 Verifying routed nets

 Verification completed successfully
Phase 8 Verifying routed nets | Checksum: 2031474f5

Time (s): cpu = 00:00:30 ; elapsed = 00:00:16 . Memory (MB): peak = 3281.000 ; gain = 34.684 ; free physical = 107549 ; free virtual = 121827

Phase 9 Depositing Routes
Phase 9 Depositing Routes | Checksum: 1e6d22f40

Time (s): cpu = 00:00:31 ; elapsed = 00:00:16 . Memory (MB): peak = 3313.016 ; gain = 66.699 ; free physical = 108198 ; free virtual = 122475

Phase 10 Post Router Timing
INFO: [Route 35-57] Estimated Timing Summary | WNS=1.284  | TNS=0.000  | WHS=0.052  | THS=0.000  |

INFO: [Route 35-327] The final timing numbers are based on the router estimated timing analysis. For a complete and accurate timing signoff, please run report_timing_summary.
Phase 10 Post Router Timing | Checksum: 1e6d22f40

Time (s): cpu = 00:00:31 ; elapsed = 00:00:16 . Memory (MB): peak = 3313.016 ; gain = 66.699 ; free physical = 108190 ; free virtual = 122468
INFO: [Route 35-16] Router Completed Successfully

Time (s): cpu = 00:00:31 ; elapsed = 00:00:16 . Memory (MB): peak = 3313.016 ; gain = 66.699 ; free physical = 108229 ; free virtual = 122506

Routing Is Done.
INFO: [Common 17-83] Releasing license: Implementation
89 Infos, 103 Warnings, 0 Critical Warnings and 0 Errors encountered.
route_design completed successfully
route_design: Time (s): cpu = 00:00:36 ; elapsed = 00:00:18 . Memory (MB): peak = 3313.016 ; gain = 107.258 ; free physical = 108228 ; free virtual = 122506
INFO: [Timing 38-480] Writing timing data to binary archive.
Writing placer database...
Writing XDEF routing.
Writing XDEF routing logical nets.
Writing XDEF routing special nets.
Write XDEF Complete: Time (s): cpu = 00:00:02 ; elapsed = 00:00:00.47 . Memory (MB): peak = 3313.016 ; gain = 0.000 ; free physical = 108105 ; free virtual = 122406
INFO: [Common 17-1381] The checkpoint '/home/nanwu/GNN_DFG/bb/dfg_89/project_tmp/solution_tmp/impl/verilog/project.runs/impl_1/bd_0_wrapper_routed.dcp' has been generated.
INFO: [runtcl-4] Executing : report_drc -file bd_0_wrapper_drc_routed.rpt -pb bd_0_wrapper_drc_routed.pb -rpx bd_0_wrapper_drc_routed.rpx
Command: report_drc -file bd_0_wrapper_drc_routed.rpt -pb bd_0_wrapper_drc_routed.pb -rpx bd_0_wrapper_drc_routed.rpx
INFO: [IP_Flow 19-1839] IP Catalog is up to date.
WARNING: [Timing 38-242] The property HD.CLK_SRC of clock port "ap_clk" is not set. In out-of-context mode, this prevents timing estimation for clock delay/skew
Resolution: Set the HD.CLK_SRC property of the out-of-context port to the location of the clock buffer instance in the top-level design
INFO: [DRC 23-27] Running DRC with 8 threads
INFO: [Coretcl 2-168] The results of DRC are in file /home/nanwu/GNN_DFG/bb/dfg_89/project_tmp/solution_tmp/impl/verilog/project.runs/impl_1/bd_0_wrapper_drc_routed.rpt.
report_drc completed successfully
INFO: [runtcl-4] Executing : report_methodology -file bd_0_wrapper_methodology_drc_routed.rpt -pb bd_0_wrapper_methodology_drc_routed.pb -rpx bd_0_wrapper_methodology_drc_routed.rpx
Command: report_methodology -file bd_0_wrapper_methodology_drc_routed.rpt -pb bd_0_wrapper_methodology_drc_routed.pb -rpx bd_0_wrapper_methodology_drc_routed.rpx
INFO: [Timing 38-35] Done setting XDC timing constraints.
INFO: [DRC 23-133] Running Methodology with 8 threads
INFO: [Coretcl 2-1520] The results of Report Methodology are in file /home/nanwu/GNN_DFG/bb/dfg_89/project_tmp/solution_tmp/impl/verilog/project.runs/impl_1/bd_0_wrapper_methodology_drc_routed.rpt.
report_methodology completed successfully
INFO: [runtcl-4] Executing : report_power -file bd_0_wrapper_power_routed.rpt -pb bd_0_wrapper_power_summary_routed.pb -rpx bd_0_wrapper_power_routed.rpx
Command: report_power -file bd_0_wrapper_power_routed.rpt -pb bd_0_wrapper_power_summary_routed.pb -rpx bd_0_wrapper_power_routed.rpx
INFO: [Timing 38-35] Done setting XDC timing constraints.
Running Vector-less Activity Propagation...

Finished Running Vector-less Activity Propagation
101 Infos, 104 Warnings, 0 Critical Warnings and 0 Errors encountered.
report_power completed successfully
INFO: [runtcl-4] Executing : report_route_status -file bd_0_wrapper_route_status.rpt -pb bd_0_wrapper_route_status.pb
INFO: [runtcl-4] Executing : report_timing_summary -max_paths 10 -file bd_0_wrapper_timing_summary_routed.rpt -pb bd_0_wrapper_timing_summary_routed.pb -rpx bd_0_wrapper_timing_summary_routed.rpx -warn_on_violation 
INFO: [Timing 38-91] UpdateTimingParams: Speed grade: -1, Delay Type: min_max.
INFO: [Timing 38-191] Multithreading enabled for timing update using a maximum of 8 CPUs
INFO: [runtcl-4] Executing : report_incremental_reuse -file bd_0_wrapper_incremental_reuse_routed.rpt
INFO: [Vivado_Tcl 4-1062] Incremental flow is disabled. No incremental reuse Info to report.
INFO: [runtcl-4] Executing : report_clock_utilization -file bd_0_wrapper_clock_utilization_routed.rpt
INFO: [runtcl-4] Executing : report_bus_skew -warn_on_violation -file bd_0_wrapper_bus_skew_routed.rpt -pb bd_0_wrapper_bus_skew_routed.pb -rpx bd_0_wrapper_bus_skew_routed.rpx
INFO: [Timing 38-91] UpdateTimingParams: Speed grade: -1, Delay Type: min_max.
INFO: [Timing 38-191] Multithreading enabled for timing update using a maximum of 8 CPUs
INFO: [Common 17-206] Exiting Vivado at Wed Apr 28 10:17:00 2021...
