Copyright 1986-2020 Xilinx, Inc. All Rights Reserved.
------------------------------------------------------------------------------------
| Tool Version : Vivado v.2020.2 (lin64) Build 3064766 Wed Nov 18 09:12:47 MST 2020
| Date         : Mon Apr 26 21:05:15 2021
| Host         : seal-lambda running 64-bit Ubuntu 18.04.5 LTS
| Command      : report_timing_summary -file ./report/fn1_timing_synth.rpt
| Design       : bd_0_wrapper
| Device       : 7z020-clg484
| Speed File   : -1  PRODUCTION 1.12 2019-11-22
------------------------------------------------------------------------------------

Timing Summary Report

------------------------------------------------------------------------------------------------
| Timer Settings
| --------------
------------------------------------------------------------------------------------------------

  Enable Multi Corner Analysis               :  Yes
  Enable Pessimism Removal                   :  Yes
  Pessimism Removal Resolution               :  Nearest Common Node
  Enable Input Delay Default Clock           :  No
  Enable Preset / Clear Arcs                 :  No
  Disable Flight Delays                      :  No
  Ignore I/O Paths                           :  No
  Timing Early Launch at Borrowing Latches   :  No
  Borrow Time for Max Delay Exceptions       :  Yes
  Merge Timing Exceptions                    :  Yes

  Corner  Analyze    Analyze    
  Name    Max Paths  Min Paths  
  ------  ---------  ---------  
  Slow    Yes        Yes        
  Fast    Yes        Yes        



check_timing report

Table of Contents
-----------------
1. checking no_clock (0)
2. checking constant_clock (0)
3. checking pulse_width_clock (0)
4. checking unconstrained_internal_endpoints (0)
5. checking no_input_delay (74)
6. checking no_output_delay (11)
7. checking multiple_clock (0)
8. checking generated_clocks (0)
9. checking loops (0)
10. checking partial_input_delay (0)
11. checking partial_output_delay (0)
12. checking latch_loops (0)

1. checking no_clock (0)
------------------------
 There are 0 register/latch pins with no clock.


2. checking constant_clock (0)
------------------------------
 There are 0 register/latch pins with constant_clock.


3. checking pulse_width_clock (0)
---------------------------------
 There are 0 register/latch pins which need pulse_width check


4. checking unconstrained_internal_endpoints (0)
------------------------------------------------
 There are 0 pins that are not constrained for maximum delay.

 There are 0 pins that are not constrained for maximum delay due to constant clock.


5. checking no_input_delay (74)
-------------------------------
 There are 74 input ports with no input delay specified. (HIGH)

 There are 0 input ports with no input delay but user has a false path constraint.


6. checking no_output_delay (11)
--------------------------------
 There are 11 ports with no output delay specified. (HIGH)

 There are 0 ports with no output delay but user has a false path constraint

 There are 0 ports with no output delay but with a timing clock defined on it or propagating through it


7. checking multiple_clock (0)
------------------------------
 There are 0 register/latch pins with multiple clocks.


8. checking generated_clocks (0)
--------------------------------
 There are 0 generated clocks that are not connected to a clock source.


9. checking loops (0)
---------------------
 There are 0 combinational loops in the design.


10. checking partial_input_delay (0)
------------------------------------
 There are 0 input ports with partial input delay specified.


11. checking partial_output_delay (0)
-------------------------------------
 There are 0 ports with partial output delay specified.


12. checking latch_loops (0)
----------------------------
 There are 0 combinational latch loops in the design through latch input



------------------------------------------------------------------------------------------------
| Design Timing Summary
| ---------------------
------------------------------------------------------------------------------------------------

    WNS(ns)      TNS(ns)  TNS Failing Endpoints  TNS Total Endpoints      WHS(ns)      THS(ns)  THS Failing Endpoints  THS Total Endpoints     WPWS(ns)     TPWS(ns)  TPWS Failing Endpoints  TPWS Total Endpoints  
    -------      -------  ---------------------  -------------------      -------      -------  ---------------------  -------------------     --------     --------  ----------------------  --------------------  
      4.889        0.000                      0                  617        0.256        0.000                      0                  617        4.500        0.000                       0                   481  


All user specified timing constraints are met.


------------------------------------------------------------------------------------------------
| Clock Summary
| -------------
------------------------------------------------------------------------------------------------

Clock   Waveform(ns)       Period(ns)      Frequency(MHz)
-----   ------------       ----------      --------------
ap_clk  {0.000 5.000}      10.000          100.000         


------------------------------------------------------------------------------------------------
| Intra Clock Table
| -----------------
------------------------------------------------------------------------------------------------

Clock             WNS(ns)      TNS(ns)  TNS Failing Endpoints  TNS Total Endpoints      WHS(ns)      THS(ns)  THS Failing Endpoints  THS Total Endpoints     WPWS(ns)     TPWS(ns)  TPWS Failing Endpoints  TPWS Total Endpoints  
-----             -------      -------  ---------------------  -------------------      -------      -------  ---------------------  -------------------     --------     --------  ----------------------  --------------------  
ap_clk              4.889        0.000                      0                  617        0.256        0.000                      0                  617        4.500        0.000                       0                   481  


------------------------------------------------------------------------------------------------
| Inter Clock Table
| -----------------
------------------------------------------------------------------------------------------------

From Clock    To Clock          WNS(ns)      TNS(ns)  TNS Failing Endpoints  TNS Total Endpoints      WHS(ns)      THS(ns)  THS Failing Endpoints  THS Total Endpoints  
----------    --------          -------      -------  ---------------------  -------------------      -------      -------  ---------------------  -------------------  


------------------------------------------------------------------------------------------------
| Other Path Groups Table
| -----------------------
------------------------------------------------------------------------------------------------

Path Group    From Clock    To Clock          WNS(ns)      TNS(ns)  TNS Failing Endpoints  TNS Total Endpoints      WHS(ns)      THS(ns)  THS Failing Endpoints  THS Total Endpoints  
----------    ----------    --------          -------      -------  ---------------------  -------------------      -------      -------  ---------------------  -------------------  


------------------------------------------------------------------------------------------------
| Timing Details
| --------------
------------------------------------------------------------------------------------------------


---------------------------------------------------------------------------------------------------
From Clock:  ap_clk
  To Clock:  ap_clk

Setup :            0  Failing Endpoints,  Worst Slack        4.889ns,  Total Violation        0.000ns
Hold  :            0  Failing Endpoints,  Worst Slack        0.256ns,  Total Violation        0.000ns
PW    :            0  Failing Endpoints,  Worst Slack        4.500ns,  Total Violation        0.000ns
---------------------------------------------------------------------------------------------------


Max Delay Paths
--------------------------------------------------------------------------------------
Slack (MET) :             4.889ns  (required time - arrival time)
  Source:                 bd_0_i/hls_inst/inst/urem_64s_64ns_8_68_seq_1_U2/fn1_urem_64s_64ns_8_68_seq_1_div_U/fn1_urem_64s_64ns_8_68_seq_1_div_u_0/r_stage_reg[0]/C
                            (rising edge-triggered cell FDRE clocked by ap_clk  {rise@0.000ns fall@5.000ns period=10.000ns})
  Destination:            bd_0_i/hls_inst/inst/urem_64s_64ns_8_68_seq_1_U2/fn1_urem_64s_64ns_8_68_seq_1_div_U/fn1_urem_64s_64ns_8_68_seq_1_div_u_0/remd_tmp_reg[61]/D
                            (rising edge-triggered cell FDRE clocked by ap_clk  {rise@0.000ns fall@5.000ns period=10.000ns})
  Path Group:             ap_clk
  Path Type:              Setup (Max at Slow Process Corner)
  Requirement:            10.000ns  (ap_clk rise@10.000ns - ap_clk rise@0.000ns)
  Data Path Delay:        5.104ns  (logic 3.627ns (71.062%)  route 1.477ns (28.938%))
  Logic Levels:           18  (CARRY4=16 LUT3=1 LUT4=1)
  Clock Path Skew:        -0.049ns (DCD - SCD + CPR)
    Destination Clock Delay (DCD):    0.924ns = ( 10.924 - 10.000 ) 
    Source Clock Delay      (SCD):    0.973ns
    Clock Pessimism Removal (CPR):    0.000ns
  Clock Uncertainty:      0.035ns  ((TSJ^2 + TIJ^2)^1/2 + DJ) / 2 + PE
    Total System Jitter     (TSJ):    0.071ns
    Total Input Jitter      (TIJ):    0.000ns
    Discrete Jitter          (DJ):    0.000ns
    Phase Error              (PE):    0.000ns

    Location             Delay type                Incr(ns)  Path(ns)    Netlist Resource(s)
  -------------------------------------------------------------------    -------------------
                         (clock ap_clk rise edge)     0.000     0.000 r  
                                                      0.000     0.000 r  ap_clk (IN)
                         net (fo=480, unset)          0.973     0.973    bd_0_i/hls_inst/inst/urem_64s_64ns_8_68_seq_1_U2/fn1_urem_64s_64ns_8_68_seq_1_div_U/fn1_urem_64s_64ns_8_68_seq_1_div_u_0/ap_clk
                         FDRE                                         r  bd_0_i/hls_inst/inst/urem_64s_64ns_8_68_seq_1_U2/fn1_urem_64s_64ns_8_68_seq_1_div_U/fn1_urem_64s_64ns_8_68_seq_1_div_u_0/r_stage_reg[0]/C
  -------------------------------------------------------------------    -------------------
                         FDRE (Prop_fdre_C_Q)         0.518     1.491 r  bd_0_i/hls_inst/inst/urem_64s_64ns_8_68_seq_1_U2/fn1_urem_64s_64ns_8_68_seq_1_div_U/fn1_urem_64s_64ns_8_68_seq_1_div_u_0/r_stage_reg[0]/Q
                         net (fo=191, unplaced)       0.857     2.348    bd_0_i/hls_inst/inst/urem_64s_64ns_8_68_seq_1_U2/fn1_urem_64s_64ns_8_68_seq_1_div_U/fn1_urem_64s_64ns_8_68_seq_1_div_u_0/r_stage_reg_n_0_[0]
                         LUT3 (Prop_lut3_I0_O)        0.295     2.643 r  bd_0_i/hls_inst/inst/urem_64s_64ns_8_68_seq_1_U2/fn1_urem_64s_64ns_8_68_seq_1_div_U/fn1_urem_64s_64ns_8_68_seq_1_div_u_0/cal_tmp_carry_i_7/O
                         net (fo=1, unplaced)         0.000     2.643    bd_0_i/hls_inst/inst/urem_64s_64ns_8_68_seq_1_U2/fn1_urem_64s_64ns_8_68_seq_1_div_U/fn1_urem_64s_64ns_8_68_seq_1_div_u_0/cal_tmp_carry_i_7_n_0
                         CARRY4 (Prop_carry4_S[1]_CO[3])
                                                      0.533     3.176 r  bd_0_i/hls_inst/inst/urem_64s_64ns_8_68_seq_1_U2/fn1_urem_64s_64ns_8_68_seq_1_div_U/fn1_urem_64s_64ns_8_68_seq_1_div_u_0/cal_tmp_carry/CO[3]
                         net (fo=1, unplaced)         0.009     3.185    bd_0_i/hls_inst/inst/urem_64s_64ns_8_68_seq_1_U2/fn1_urem_64s_64ns_8_68_seq_1_div_U/fn1_urem_64s_64ns_8_68_seq_1_div_u_0/cal_tmp_carry_n_0
                         CARRY4 (Prop_carry4_CI_CO[3])
                                                      0.117     3.302 r  bd_0_i/hls_inst/inst/urem_64s_64ns_8_68_seq_1_U2/fn1_urem_64s_64ns_8_68_seq_1_div_U/fn1_urem_64s_64ns_8_68_seq_1_div_u_0/cal_tmp_carry__0/CO[3]
                         net (fo=1, unplaced)         0.000     3.302    bd_0_i/hls_inst/inst/urem_64s_64ns_8_68_seq_1_U2/fn1_urem_64s_64ns_8_68_seq_1_div_U/fn1_urem_64s_64ns_8_68_seq_1_div_u_0/cal_tmp_carry__0_n_0
                         CARRY4 (Prop_carry4_CI_CO[3])
                                                      0.117     3.419 r  bd_0_i/hls_inst/inst/urem_64s_64ns_8_68_seq_1_U2/fn1_urem_64s_64ns_8_68_seq_1_div_U/fn1_urem_64s_64ns_8_68_seq_1_div_u_0/cal_tmp_carry__1/CO[3]
                         net (fo=1, unplaced)         0.000     3.419    bd_0_i/hls_inst/inst/urem_64s_64ns_8_68_seq_1_U2/fn1_urem_64s_64ns_8_68_seq_1_div_U/fn1_urem_64s_64ns_8_68_seq_1_div_u_0/cal_tmp_carry__1_n_0
                         CARRY4 (Prop_carry4_CI_CO[3])
                                                      0.117     3.536 r  bd_0_i/hls_inst/inst/urem_64s_64ns_8_68_seq_1_U2/fn1_urem_64s_64ns_8_68_seq_1_div_U/fn1_urem_64s_64ns_8_68_seq_1_div_u_0/cal_tmp_carry__2/CO[3]
                         net (fo=1, unplaced)         0.000     3.536    bd_0_i/hls_inst/inst/urem_64s_64ns_8_68_seq_1_U2/fn1_urem_64s_64ns_8_68_seq_1_div_U/fn1_urem_64s_64ns_8_68_seq_1_div_u_0/cal_tmp_carry__2_n_0
                         CARRY4 (Prop_carry4_CI_CO[3])
                                                      0.117     3.653 r  bd_0_i/hls_inst/inst/urem_64s_64ns_8_68_seq_1_U2/fn1_urem_64s_64ns_8_68_seq_1_div_U/fn1_urem_64s_64ns_8_68_seq_1_div_u_0/cal_tmp_carry__3/CO[3]
                         net (fo=1, unplaced)         0.000     3.653    bd_0_i/hls_inst/inst/urem_64s_64ns_8_68_seq_1_U2/fn1_urem_64s_64ns_8_68_seq_1_div_U/fn1_urem_64s_64ns_8_68_seq_1_div_u_0/cal_tmp_carry__3_n_0
                         CARRY4 (Prop_carry4_CI_CO[3])
                                                      0.117     3.770 r  bd_0_i/hls_inst/inst/urem_64s_64ns_8_68_seq_1_U2/fn1_urem_64s_64ns_8_68_seq_1_div_U/fn1_urem_64s_64ns_8_68_seq_1_div_u_0/cal_tmp_carry__4/CO[3]
                         net (fo=1, unplaced)         0.000     3.770    bd_0_i/hls_inst/inst/urem_64s_64ns_8_68_seq_1_U2/fn1_urem_64s_64ns_8_68_seq_1_div_U/fn1_urem_64s_64ns_8_68_seq_1_div_u_0/cal_tmp_carry__4_n_0
                         CARRY4 (Prop_carry4_CI_CO[3])
                                                      0.117     3.887 r  bd_0_i/hls_inst/inst/urem_64s_64ns_8_68_seq_1_U2/fn1_urem_64s_64ns_8_68_seq_1_div_U/fn1_urem_64s_64ns_8_68_seq_1_div_u_0/cal_tmp_carry__5/CO[3]
                         net (fo=1, unplaced)         0.000     3.887    bd_0_i/hls_inst/inst/urem_64s_64ns_8_68_seq_1_U2/fn1_urem_64s_64ns_8_68_seq_1_div_U/fn1_urem_64s_64ns_8_68_seq_1_div_u_0/cal_tmp_carry__5_n_0
                         CARRY4 (Prop_carry4_CI_CO[3])
                                                      0.117     4.004 r  bd_0_i/hls_inst/inst/urem_64s_64ns_8_68_seq_1_U2/fn1_urem_64s_64ns_8_68_seq_1_div_U/fn1_urem_64s_64ns_8_68_seq_1_div_u_0/cal_tmp_carry__6/CO[3]
                         net (fo=1, unplaced)         0.000     4.004    bd_0_i/hls_inst/inst/urem_64s_64ns_8_68_seq_1_U2/fn1_urem_64s_64ns_8_68_seq_1_div_U/fn1_urem_64s_64ns_8_68_seq_1_div_u_0/cal_tmp_carry__6_n_0
                         CARRY4 (Prop_carry4_CI_CO[3])
                                                      0.117     4.121 r  bd_0_i/hls_inst/inst/urem_64s_64ns_8_68_seq_1_U2/fn1_urem_64s_64ns_8_68_seq_1_div_U/fn1_urem_64s_64ns_8_68_seq_1_div_u_0/cal_tmp_carry__7/CO[3]
                         net (fo=1, unplaced)         0.000     4.121    bd_0_i/hls_inst/inst/urem_64s_64ns_8_68_seq_1_U2/fn1_urem_64s_64ns_8_68_seq_1_div_U/fn1_urem_64s_64ns_8_68_seq_1_div_u_0/cal_tmp_carry__7_n_0
                         CARRY4 (Prop_carry4_CI_CO[3])
                                                      0.117     4.238 r  bd_0_i/hls_inst/inst/urem_64s_64ns_8_68_seq_1_U2/fn1_urem_64s_64ns_8_68_seq_1_div_U/fn1_urem_64s_64ns_8_68_seq_1_div_u_0/cal_tmp_carry__8/CO[3]
                         net (fo=1, unplaced)         0.000     4.238    bd_0_i/hls_inst/inst/urem_64s_64ns_8_68_seq_1_U2/fn1_urem_64s_64ns_8_68_seq_1_div_U/fn1_urem_64s_64ns_8_68_seq_1_div_u_0/cal_tmp_carry__8_n_0
                         CARRY4 (Prop_carry4_CI_CO[3])
                                                      0.117     4.355 r  bd_0_i/hls_inst/inst/urem_64s_64ns_8_68_seq_1_U2/fn1_urem_64s_64ns_8_68_seq_1_div_U/fn1_urem_64s_64ns_8_68_seq_1_div_u_0/cal_tmp_carry__9/CO[3]
                         net (fo=1, unplaced)         0.000     4.355    bd_0_i/hls_inst/inst/urem_64s_64ns_8_68_seq_1_U2/fn1_urem_64s_64ns_8_68_seq_1_div_U/fn1_urem_64s_64ns_8_68_seq_1_div_u_0/cal_tmp_carry__9_n_0
                         CARRY4 (Prop_carry4_CI_CO[3])
                                                      0.117     4.472 r  bd_0_i/hls_inst/inst/urem_64s_64ns_8_68_seq_1_U2/fn1_urem_64s_64ns_8_68_seq_1_div_U/fn1_urem_64s_64ns_8_68_seq_1_div_u_0/cal_tmp_carry__10/CO[3]
                         net (fo=1, unplaced)         0.000     4.472    bd_0_i/hls_inst/inst/urem_64s_64ns_8_68_seq_1_U2/fn1_urem_64s_64ns_8_68_seq_1_div_U/fn1_urem_64s_64ns_8_68_seq_1_div_u_0/cal_tmp_carry__10_n_0
                         CARRY4 (Prop_carry4_CI_CO[3])
                                                      0.117     4.589 r  bd_0_i/hls_inst/inst/urem_64s_64ns_8_68_seq_1_U2/fn1_urem_64s_64ns_8_68_seq_1_div_U/fn1_urem_64s_64ns_8_68_seq_1_div_u_0/cal_tmp_carry__11/CO[3]
                         net (fo=1, unplaced)         0.000     4.589    bd_0_i/hls_inst/inst/urem_64s_64ns_8_68_seq_1_U2/fn1_urem_64s_64ns_8_68_seq_1_div_U/fn1_urem_64s_64ns_8_68_seq_1_div_u_0/cal_tmp_carry__11_n_0
                         CARRY4 (Prop_carry4_CI_CO[3])
                                                      0.117     4.706 r  bd_0_i/hls_inst/inst/urem_64s_64ns_8_68_seq_1_U2/fn1_urem_64s_64ns_8_68_seq_1_div_U/fn1_urem_64s_64ns_8_68_seq_1_div_u_0/cal_tmp_carry__12/CO[3]
                         net (fo=1, unplaced)         0.000     4.706    bd_0_i/hls_inst/inst/urem_64s_64ns_8_68_seq_1_U2/fn1_urem_64s_64ns_8_68_seq_1_div_U/fn1_urem_64s_64ns_8_68_seq_1_div_u_0/cal_tmp_carry__12_n_0
                         CARRY4 (Prop_carry4_CI_CO[3])
                                                      0.117     4.823 r  bd_0_i/hls_inst/inst/urem_64s_64ns_8_68_seq_1_U2/fn1_urem_64s_64ns_8_68_seq_1_div_U/fn1_urem_64s_64ns_8_68_seq_1_div_u_0/cal_tmp_carry__13/CO[3]
                         net (fo=1, unplaced)         0.000     4.823    bd_0_i/hls_inst/inst/urem_64s_64ns_8_68_seq_1_U2/fn1_urem_64s_64ns_8_68_seq_1_div_U/fn1_urem_64s_64ns_8_68_seq_1_div_u_0/cal_tmp_carry__13_n_0
                         CARRY4 (Prop_carry4_CI_O[1])
                                                      0.337     5.160 r  bd_0_i/hls_inst/inst/urem_64s_64ns_8_68_seq_1_U2/fn1_urem_64s_64ns_8_68_seq_1_div_U/fn1_urem_64s_64ns_8_68_seq_1_div_u_0/cal_tmp_carry__14/O[1]
                         net (fo=1, unplaced)         0.611     5.771    bd_0_i/hls_inst/inst/urem_64s_64ns_8_68_seq_1_U2/fn1_urem_64s_64ns_8_68_seq_1_div_U/fn1_urem_64s_64ns_8_68_seq_1_div_u_0/cal_tmp_carry__14_n_6
                         LUT4 (Prop_lut4_I3_O)        0.306     6.077 r  bd_0_i/hls_inst/inst/urem_64s_64ns_8_68_seq_1_U2/fn1_urem_64s_64ns_8_68_seq_1_div_U/fn1_urem_64s_64ns_8_68_seq_1_div_u_0/remd_tmp[61]_i_1/O
                         net (fo=1, unplaced)         0.000     6.077    bd_0_i/hls_inst/inst/urem_64s_64ns_8_68_seq_1_U2/fn1_urem_64s_64ns_8_68_seq_1_div_U/fn1_urem_64s_64ns_8_68_seq_1_div_u_0/remd_tmp[61]_i_1_n_0
                         FDRE                                         r  bd_0_i/hls_inst/inst/urem_64s_64ns_8_68_seq_1_U2/fn1_urem_64s_64ns_8_68_seq_1_div_U/fn1_urem_64s_64ns_8_68_seq_1_div_u_0/remd_tmp_reg[61]/D
  -------------------------------------------------------------------    -------------------

                         (clock ap_clk rise edge)    10.000    10.000 r  
                                                      0.000    10.000 r  ap_clk (IN)
                         net (fo=480, unset)          0.924    10.924    bd_0_i/hls_inst/inst/urem_64s_64ns_8_68_seq_1_U2/fn1_urem_64s_64ns_8_68_seq_1_div_U/fn1_urem_64s_64ns_8_68_seq_1_div_u_0/ap_clk
                         FDRE                                         r  bd_0_i/hls_inst/inst/urem_64s_64ns_8_68_seq_1_U2/fn1_urem_64s_64ns_8_68_seq_1_div_U/fn1_urem_64s_64ns_8_68_seq_1_div_u_0/remd_tmp_reg[61]/C
                         clock pessimism              0.000    10.924    
                         clock uncertainty           -0.035    10.889    
                         FDRE (Setup_fdre_C_D)        0.077    10.966    bd_0_i/hls_inst/inst/urem_64s_64ns_8_68_seq_1_U2/fn1_urem_64s_64ns_8_68_seq_1_div_U/fn1_urem_64s_64ns_8_68_seq_1_div_u_0/remd_tmp_reg[61]
  -------------------------------------------------------------------
                         required time                         10.966    
                         arrival time                          -6.077    
  -------------------------------------------------------------------
                         slack                                  4.889    





Min Delay Paths
--------------------------------------------------------------------------------------
Slack (MET) :             0.256ns  (arrival time - required time)
  Source:                 bd_0_i/hls_inst/inst/ap_CS_fsm_reg[68]/C
                            (rising edge-triggered cell FDRE clocked by ap_clk  {rise@0.000ns fall@5.000ns period=10.000ns})
  Destination:            bd_0_i/hls_inst/inst/ap_CS_fsm_reg[0]/D
                            (rising edge-triggered cell FDSE clocked by ap_clk  {rise@0.000ns fall@5.000ns period=10.000ns})
  Path Group:             ap_clk
  Path Type:              Hold (Min at Fast Process Corner)
  Requirement:            0.000ns  (ap_clk rise@0.000ns - ap_clk rise@0.000ns)
  Data Path Delay:        0.398ns  (logic 0.262ns (65.874%)  route 0.136ns (34.126%))
  Logic Levels:           1  (LUT3=1)
  Clock Path Skew:        0.022ns (DCD - SCD - CPR)
    Destination Clock Delay (DCD):    0.432ns
    Source Clock Delay      (SCD):    0.410ns
    Clock Pessimism Removal (CPR):    -0.000ns

    Location             Delay type                Incr(ns)  Path(ns)    Netlist Resource(s)
  -------------------------------------------------------------------    -------------------
                         (clock ap_clk rise edge)     0.000     0.000 r  
                                                      0.000     0.000 r  ap_clk (IN)
                         net (fo=480, unset)          0.410     0.410    bd_0_i/hls_inst/inst/ap_clk
                         FDRE                                         r  bd_0_i/hls_inst/inst/ap_CS_fsm_reg[68]/C
  -------------------------------------------------------------------    -------------------
                         FDRE (Prop_fdre_C_Q)         0.164     0.574 r  bd_0_i/hls_inst/inst/ap_CS_fsm_reg[68]/Q
                         net (fo=2, unplaced)         0.136     0.710    bd_0_i/hls_inst/inst/ap_done
                         LUT3 (Prop_lut3_I2_O)        0.098     0.808 r  bd_0_i/hls_inst/inst/ap_CS_fsm[0]_i_1/O
                         net (fo=1, unplaced)         0.000     0.808    bd_0_i/hls_inst/inst/ap_NS_fsm[0]
                         FDSE                                         r  bd_0_i/hls_inst/inst/ap_CS_fsm_reg[0]/D
  -------------------------------------------------------------------    -------------------

                         (clock ap_clk rise edge)     0.000     0.000 r  
                                                      0.000     0.000 r  ap_clk (IN)
                         net (fo=480, unset)          0.432     0.432    bd_0_i/hls_inst/inst/ap_clk
                         FDSE                                         r  bd_0_i/hls_inst/inst/ap_CS_fsm_reg[0]/C
                         clock pessimism              0.000     0.432    
                         FDSE (Hold_fdse_C_D)         0.120     0.552    bd_0_i/hls_inst/inst/ap_CS_fsm_reg[0]
  -------------------------------------------------------------------
                         required time                         -0.552    
                         arrival time                           0.808    
  -------------------------------------------------------------------
                         slack                                  0.256    





Pulse Width Checks
--------------------------------------------------------------------------------------
Clock Name:         ap_clk
Waveform(ns):       { 0.000 5.000 }
Period(ns):         10.000
Sources:            { ap_clk }

Check Type        Corner  Lib Pin  Reference Pin  Required(ns)  Actual(ns)  Slack(ns)  Location  Pin
Min Period        n/a     FDRE/C   n/a            1.000         10.000      9.000                bd_0_i/hls_inst/inst/ap_CS_fsm_reg[52]/C
Low Pulse Width   Fast    FDRE/C   n/a            0.500         5.000       4.500                bd_0_i/hls_inst/inst/ap_CS_fsm_reg[52]/C
High Pulse Width  Slow    FDRE/C   n/a            0.500         5.000       4.500                bd_0_i/hls_inst/inst/ap_CS_fsm_reg[52]/C



