==============================================================
Vitis HLS - High-Level Synthesis from C, C++ and OpenCL v2020.2 (64-bit)
Copyright 1986-2020 Xilinx, Inc. All Rights Reserved.
==============================================================
INFO: [HLS 200-1505] Using default flow_target 'vivado'
INFO: [HLS 200-1510] Running: set_part xc7z020clg484-1 
INFO: [HLS 200-10] Setting target device to 'xc7z020-clg484-1'
INFO: [HLS 200-1510] Running: create_clock -period 10 -name default 
INFO: [SYN 201-201] Setting up clock 'default' with a period of 10ns.
INFO: [HLS 200-1510] Running: csynth_design 
INFO: [HLS 200-111] Finished File checks and directory preparation: CPU user time: 0 seconds. CPU system time: 0 seconds. Elapsed time: 0.01 seconds; current allocated memory: 155.809 MB.
INFO: [HLS 200-10] Analyzing design file 'dfg_199.c' ... 
INFO: [HLS 200-111] Finished Source Code Analysis and Preprocessing: CPU user time: 0.57 seconds. CPU system time: 0.3 seconds. Elapsed time: 0.43 seconds; current allocated memory: 156.410 MB.
INFO: [HLS 200-777] Using interface defaults for 'Vivado' flow target.
INFO: [HLS 214-178] Inlining function 'fp_struct<double>::fp_struct(double)' into 'unsigned char generic_cast_IEEE754<unsigned char, (ap_q_mode)6, double>(double, bool, hls::enable_if<!(std::numeric_limits<unsigned char>::is_signed), bool>::type)' (/wrk/ci/prod/2020.2/rdi_builds/continuous/2020_11_18_3064766/src/shared/hls/clib/hlsmath/include/FloatingPoint/hls_case_IEEE754.h:65:0)
INFO: [HLS 214-178] Inlining function 'fp_struct<double>::mantissa() const' into 'unsigned char generic_cast_IEEE754<unsigned char, (ap_q_mode)6, double>(double, bool, hls::enable_if<!(std::numeric_limits<unsigned char>::is_signed), bool>::type)' (/wrk/ci/prod/2020.2/rdi_builds/continuous/2020_11_18_3064766/src/shared/hls/clib/hlsmath/include/FloatingPoint/hls_case_IEEE754.h:65:0)
INFO: [HLS 214-178] Inlining function 'fp_struct<double>::expv() const' into 'unsigned char generic_cast_IEEE754<unsigned char, (ap_q_mode)6, double>(double, bool, hls::enable_if<!(std::numeric_limits<unsigned char>::is_signed), bool>::type)' (/wrk/ci/prod/2020.2/rdi_builds/continuous/2020_11_18_3064766/src/shared/hls/clib/hlsmath/include/FloatingPoint/hls_case_IEEE754.h:65:0)
INFO: [HLS 214-178] Inlining function 'unsigned char generic_cast_IEEE754<unsigned char, (ap_q_mode)6, double>(double, bool, hls::enable_if<!(std::numeric_limits<unsigned char>::is_signed), bool>::type)' into 'unsigned char generic_cast_IEEE754<unsigned char, double>(double, bool)' (/wrk/ci/prod/2020.2/rdi_builds/continuous/2020_11_18_3064766/src/shared/hls/clib/hlsmath/include/FloatingPoint/hls_case_IEEE754.h:116:0)
INFO: [HLS 214-178] Inlining function 'unsigned char generic_cast_IEEE754<unsigned char, double>(double, bool)' into '__hls_fptoui_double_i8' (/wrk/ci/prod/2020.2/rdi_builds/continuous/2020_11_18_3064766/src/shared/hls/clib/hlsmath/src/lib_floatconversion.cpp:67:0)
INFO: [HLS 214-178] Inlining function '__hls_fptoui_double_i8' into 'fn1' (dfg_199.c:8:0)
INFO: [HLS 200-111] Finished Compiling Optimization and Transform: CPU user time: 3.36 seconds. CPU system time: 0.4 seconds. Elapsed time: 3.55 seconds; current allocated memory: 158.347 MB.
INFO: [HLS 200-111] Finished Checking Pragmas: CPU user time: 0 seconds. CPU system time: 0 seconds. Elapsed time: 0 seconds; current allocated memory: 158.348 MB.
INFO: [HLS 200-10] Starting code transformations ...
INFO: [HLS 200-111] Finished Standard Transforms: CPU user time: 0.04 seconds. CPU system time: 0.01 seconds. Elapsed time: 0.05 seconds; current allocated memory: 169.974 MB.
INFO: [HLS 200-10] Checking synthesizability ...
WARNING: [SYNCHK 200-18] dfg_199.c:22: unsafe type casting from type 'long long int' to type 'double'.
INFO: [SYNCHK 200-10] 0 error(s), 1 warning(s).
INFO: [HLS 200-111] Finished Checking Synthesizability: CPU user time: 0.1 seconds. CPU system time: 0 seconds. Elapsed time: 0.11 seconds; current allocated memory: 186.960 MB.
INFO: [HLS 200-111] Finished Loop, function and other optimizations: CPU user time: 0.15 seconds. CPU system time: 0.02 seconds. Elapsed time: 0.16 seconds; current allocated memory: 223.677 MB.
INFO: [HLS 200-111] Finished Architecture Synthesis: CPU user time: 0.08 seconds. CPU system time: 0 seconds. Elapsed time: 0.08 seconds; current allocated memory: 225.661 MB.
INFO: [HLS 200-10] Starting hardware synthesis ...
INFO: [HLS 200-10] Synthesizing 'fn1' ...
INFO: [HLS 200-10] ----------------------------------------------------------------
INFO: [HLS 200-42] -- Implementing module 'fn1' 
INFO: [HLS 200-10] ----------------------------------------------------------------
INFO: [SCHED 204-11] Starting scheduling ...
INFO: [SCHED 204-11] Finished scheduling.
INFO: [HLS 200-111] Finished Scheduling: CPU user time: 0.14 seconds. CPU system time: 0 seconds. Elapsed time: 0.14 seconds; current allocated memory: 226.213 MB.
INFO: [BIND 205-100] Starting micro-architecture generation ...
INFO: [BIND 205-101] Performing variable lifetime analysis.
INFO: [BIND 205-101] Exploring resource sharing.
INFO: [BIND 205-101] Binding ...
INFO: [BIND 205-100] Finished micro-architecture generation.
INFO: [HLS 200-111] Finished Binding: CPU user time: 0.36 seconds. CPU system time: 0 seconds. Elapsed time: 0.37 seconds; current allocated memory: 226.734 MB.
INFO: [HLS 200-10] ----------------------------------------------------------------
INFO: [HLS 200-10] -- Generating RTL for module 'fn1' 
INFO: [HLS 200-10] ----------------------------------------------------------------
INFO: [RTGEN 206-500] Setting interface mode on port 'fn1/p' to 'ap_none'.
INFO: [RTGEN 206-500] Setting interface mode on port 'fn1/p_4' to 'ap_memory'.
INFO: [RTGEN 206-500] Setting interface mode on port 'fn1/p_9' to 'ap_none'.
INFO: [RTGEN 206-500] Setting interface mode on port 'fn1/p_15' to 'ap_none'.
INFO: [RTGEN 206-500] Setting interface mode on function 'fn1' to 'ap_ctrl_hs'.
WARNING: [RTGEN 206-101] Port 'fn1/p_15' has no fanin or fanout and is left dangling.
               Please use C simulation to confirm this function argument can be read from or written to.
INFO: [RTGEN 206-100] Generating core module 'dadddsub_64ns_64ns_64_7_full_dsp_1': 1 instance(s).
INFO: [RTGEN 206-100] Generating core module 'ddiv_64ns_64ns_64_59_no_dsp_1': 1 instance(s).
INFO: [RTGEN 206-100] Generating core module 'dmul_64ns_64ns_64_7_max_dsp_1': 1 instance(s).
INFO: [RTGEN 206-100] Generating core module 'faddfsub_32ns_32ns_32_5_full_dsp_1': 1 instance(s).
INFO: [RTGEN 206-100] Generating core module 'fdiv_32ns_32ns_32_16_no_dsp_1': 1 instance(s).
INFO: [RTGEN 206-100] Generating core module 'fmul_32ns_32ns_32_4_max_dsp_1': 1 instance(s).
INFO: [RTGEN 206-100] Generating core module 'fpext_32ns_64_2_no_dsp_1': 2 instance(s).
INFO: [RTGEN 206-100] Generating core module 'uitodp_64ns_64_6_no_dsp_1': 1 instance(s).
INFO: [RTGEN 206-100] Generating core module 'uitofp_32ns_32_6_no_dsp_1': 1 instance(s).
INFO: [RTGEN 206-100] Finished creating RTL model for 'fn1'.
INFO: [HLS 200-111] Finished Creating RTL model: CPU user time: 0.17 seconds. CPU system time: 0.01 seconds. Elapsed time: 0.18 seconds; current allocated memory: 228.144 MB.
INFO: [HLS 200-111] Finished Generating all RTL models: CPU user time: 1.26 seconds. CPU system time: 0.06 seconds. Elapsed time: 1.32 seconds; current allocated memory: 236.293 MB.
INFO: [VHDL 208-304] Generating VHDL RTL for fn1.
INFO: [VLOG 209-307] Generating Verilog RTL for fn1.
INFO: [HLS 200-789] **** Estimated Fmax: 137.04 MHz
INFO: [HLS 200-111] Finished Command csynth_design CPU user time: 6.29 seconds. CPU system time: 0.81 seconds. Elapsed time: 6.49 seconds; current allocated memory: 236.493 MB.
INFO: [HLS 200-1510] Running: export_design -evaluate verilog -format ip_catalog 
INFO: [IMPL 213-8] Exporting RTL as a Vivado IP.
INFO: [IMPL 213-8] Starting RTL evaluation using Vivado ...
INFO: [HLS 200-802] Generated output file project_tmp/solution_tmp/impl/export.zip
WARNING: [HLS 200-484] The 'export_design -evaluate' command is deprecated and will be removed in a future release.
INFO: [HLS 200-111] Finished Command export_design CPU user time: 206.77 seconds. CPU system time: 21.52 seconds. Elapsed time: 334.33 seconds; current allocated memory: 240.291 MB.
INFO: [HLS 200-112] Total CPU user time: 214.95 seconds. Total CPU system time: 22.75 seconds. Total elapsed time: 342.25 seconds; peak allocated memory: 236.293 MB.
