

================================================================
== Vitis HLS Report for 'fn1'
================================================================
* Date:           Sat May  1 01:55:07 2021

* Version:        2020.2 (Build 3064766 on Wed Nov 18 09:12:47 MST 2020)
* Project:        project_tmp
* Solution:       solution_tmp (Vivado IP Flow Target)
* Product family: zynq
* Target device:  xc7z020-clg484-1


================================================================
== Performance Estimates
================================================================
+ Timing: 
    * Summary: 
    +--------+----------+----------+------------+
    |  Clock |  Target  | Estimated| Uncertainty|
    +--------+----------+----------+------------+
    |ap_clk  |  10.00 ns|  7.297 ns|     2.70 ns|
    +--------+----------+----------+------------+

+ Latency: 
    * Summary: 
    +---------+---------+----------+----------+-----+-----+---------+
    |  Latency (cycles) |  Latency (absolute) |  Interval | Pipeline|
    |   min   |   max   |    min   |    max   | min | max |   Type  |
    +---------+---------+----------+----------+-----+-----+---------+
    |      127|      127|  1.270 us|  1.270 us|  128|  128|     none|
    +---------+---------+----------+----------+-----+-----+---------+

    + Detail: 
        * Instance: 
        N/A

        * Loop: 
        N/A

============================================================
+ Verbose Summary: Synthesis Manager
============================================================
InlineROM: 1
ExposeGlobal: 0
============================================================
+ Verbose Summary: CDFG Model
============================================================
IsTopModel: 1
ResetActiveHigh: 1
IsCombinational: 0
IsDatapathOnly: 0
HasWiredReturn: 1
HasMFsm: 0
HasVarLatency: 1
IsPipeline: 0
IsRtlPipelined: 0
IsInstanceOverlapped: 0
IsDontTouch: 0
HasImplIP: 0
IsGatedGlobalClock: 0


============================================================
+ Verbose Summary: Schedule
============================================================
* Number of FSM states : 128
* Pipeline : 0
* Dataflow Pipeline: 0

* FSM state transitions: 
1 --> 2 
2 --> 3 
3 --> 4 
4 --> 5 
5 --> 6 
6 --> 7 
7 --> 8 
8 --> 9 
9 --> 10 
10 --> 11 
11 --> 12 
12 --> 13 
13 --> 14 
14 --> 15 
15 --> 16 
16 --> 17 
17 --> 18 
18 --> 19 
19 --> 20 
20 --> 21 
21 --> 22 
22 --> 23 
23 --> 24 
24 --> 25 
25 --> 26 
26 --> 27 
27 --> 28 
28 --> 29 
29 --> 30 
30 --> 31 
31 --> 32 
32 --> 33 
33 --> 34 
34 --> 35 
35 --> 36 
36 --> 37 
37 --> 38 
38 --> 39 
39 --> 40 
40 --> 41 
41 --> 42 
42 --> 43 
43 --> 44 
44 --> 45 
45 --> 46 
46 --> 47 
47 --> 48 
48 --> 49 
49 --> 50 
50 --> 51 
51 --> 52 
52 --> 53 
53 --> 54 
54 --> 55 
55 --> 56 
56 --> 57 
57 --> 58 
58 --> 59 
59 --> 60 
60 --> 61 
61 --> 62 
62 --> 63 
63 --> 64 
64 --> 65 
65 --> 66 
66 --> 67 
67 --> 68 
68 --> 69 
69 --> 70 
70 --> 71 
71 --> 72 
72 --> 73 
73 --> 74 
74 --> 75 
75 --> 76 
76 --> 77 
77 --> 78 
78 --> 79 
79 --> 80 
80 --> 81 
81 --> 82 
82 --> 83 
83 --> 84 
84 --> 85 
85 --> 86 
86 --> 87 
87 --> 88 
88 --> 89 
89 --> 90 
90 --> 91 
91 --> 92 
92 --> 93 
93 --> 94 
94 --> 95 
95 --> 96 
96 --> 97 
97 --> 98 
98 --> 99 
99 --> 100 
100 --> 101 
101 --> 102 
102 --> 103 
103 --> 104 
104 --> 105 
105 --> 106 
106 --> 107 
107 --> 108 
108 --> 109 
109 --> 110 
110 --> 111 
111 --> 112 
112 --> 113 
113 --> 114 
114 --> 115 
115 --> 116 
116 --> 117 
117 --> 118 
118 --> 119 
119 --> 120 
120 --> 121 
121 --> 122 
122 --> 123 
123 --> 124 
124 --> 125 
125 --> 126 
126 --> 127 
127 --> 128 
128 --> 

* FSM state operations: 

State 1 <SV = 0> <Delay = 2.32>
ST_1 : Operation 129 [1/1] (0.00ns)   --->   "%p_9_addr = getelementptr i64 %p_9, i64 0, i64 1" [dfg_199.c:14]   --->   Operation 129 'getelementptr' 'p_9_addr' <Predicate = true> <Delay = 0.00>
ST_1 : Operation 130 [2/2] (2.32ns)   --->   "%p_9_load = load i4 %p_9_addr" [dfg_199.c:14]   --->   Operation 130 'load' 'p_9_load' <Predicate = true> <Delay = 2.32> <CoreInst = "RAM">   --->   Core 82 'RAM' <Latency = 1> <II = 1> <Delay = 2.32> <Storage> <Opcode : 'load' 'store'> <Ports = 2> <Width = 64> <Depth = 15> <RAM>

State 2 <SV = 1> <Delay = 2.32>
ST_2 : Operation 131 [1/2] (2.32ns)   --->   "%p_9_load = load i4 %p_9_addr" [dfg_199.c:14]   --->   Operation 131 'load' 'p_9_load' <Predicate = true> <Delay = 2.32> <CoreInst = "RAM">   --->   Core 82 'RAM' <Latency = 1> <II = 1> <Delay = 2.32> <Storage> <Opcode : 'load' 'store'> <Ports = 2> <Width = 64> <Depth = 15> <RAM>

State 3 <SV = 2> <Delay = 6.71>
ST_3 : Operation 132 [1/1] (0.00ns)   --->   "%p_read = read i32 @_ssdm_op_Read.ap_auto.i32, i32 %p" [dfg_199.c:14]   --->   Operation 132 'read' 'p_read' <Predicate = true> <Delay = 0.00>
ST_3 : Operation 133 [1/1] (2.47ns)   --->   "%icmp_ln14 = icmp_eq  i32 %p_read, i32 0" [dfg_199.c:14]   --->   Operation 133 'icmp' 'icmp_ln14' <Predicate = true> <Delay = 2.47> <CoreInst = "Cmp">   --->   Core 9 'Cmp' <Latency = 0> <II = 1> <Delay = 2.47> <FuncUnit> <Opcode : 'icmp'> <InPorts = 2> <OutPorts = 1>
ST_3 : Operation 134 [1/1] (0.00ns)   --->   "%bitcast_ln14 = bitcast i64 %p_9_load" [dfg_199.c:14]   --->   Operation 134 'bitcast' 'bitcast_ln14' <Predicate = true> <Delay = 0.00>
ST_3 : Operation 135 [7/7] (6.71ns)   --->   "%mul = dmul i64 %bitcast_ln14, i64 6.1814e+08" [dfg_199.c:14]   --->   Operation 135 'dmul' 'mul' <Predicate = true> <Delay = 6.71> <CoreInst = "DMul_maxdsp">   --->   Core 49 'DMul_maxdsp' <Latency = 6> <II = 1> <Delay = 6.71> <FuncUnit> <Opcode : 'dmul'> <InPorts = 2> <OutPorts = 1>

State 4 <SV = 3> <Delay = 6.71>
ST_4 : Operation 136 [1/1] (0.00ns)   --->   "%zext_ln14 = zext i1 %icmp_ln14" [dfg_199.c:14]   --->   Operation 136 'zext' 'zext_ln14' <Predicate = true> <Delay = 0.00>
ST_4 : Operation 137 [6/6] (6.28ns)   --->   "%conv3 = uitodp i32 %zext_ln14" [dfg_199.c:14]   --->   Operation 137 'uitodp' 'conv3' <Predicate = true> <Delay = 6.28> <CoreInst = "Int2Double">   --->   Core 66 'Int2Double' <Latency = 5> <II = 1> <Delay = 6.28> <FuncUnit> <Opcode : 'sitodp' 'uitodp'> <InPorts = 1> <OutPorts = 1>
ST_4 : Operation 138 [6/7] (6.71ns)   --->   "%mul = dmul i64 %bitcast_ln14, i64 6.1814e+08" [dfg_199.c:14]   --->   Operation 138 'dmul' 'mul' <Predicate = true> <Delay = 6.71> <CoreInst = "DMul_maxdsp">   --->   Core 49 'DMul_maxdsp' <Latency = 6> <II = 1> <Delay = 6.71> <FuncUnit> <Opcode : 'dmul'> <InPorts = 2> <OutPorts = 1>

State 5 <SV = 4> <Delay = 6.71>
ST_5 : Operation 139 [5/6] (6.28ns)   --->   "%conv3 = uitodp i32 %zext_ln14" [dfg_199.c:14]   --->   Operation 139 'uitodp' 'conv3' <Predicate = true> <Delay = 6.28> <CoreInst = "Int2Double">   --->   Core 66 'Int2Double' <Latency = 5> <II = 1> <Delay = 6.28> <FuncUnit> <Opcode : 'sitodp' 'uitodp'> <InPorts = 1> <OutPorts = 1>
ST_5 : Operation 140 [5/7] (6.71ns)   --->   "%mul = dmul i64 %bitcast_ln14, i64 6.1814e+08" [dfg_199.c:14]   --->   Operation 140 'dmul' 'mul' <Predicate = true> <Delay = 6.71> <CoreInst = "DMul_maxdsp">   --->   Core 49 'DMul_maxdsp' <Latency = 6> <II = 1> <Delay = 6.71> <FuncUnit> <Opcode : 'dmul'> <InPorts = 2> <OutPorts = 1>

State 6 <SV = 5> <Delay = 6.71>
ST_6 : Operation 141 [4/6] (6.28ns)   --->   "%conv3 = uitodp i32 %zext_ln14" [dfg_199.c:14]   --->   Operation 141 'uitodp' 'conv3' <Predicate = true> <Delay = 6.28> <CoreInst = "Int2Double">   --->   Core 66 'Int2Double' <Latency = 5> <II = 1> <Delay = 6.28> <FuncUnit> <Opcode : 'sitodp' 'uitodp'> <InPorts = 1> <OutPorts = 1>
ST_6 : Operation 142 [4/7] (6.71ns)   --->   "%mul = dmul i64 %bitcast_ln14, i64 6.1814e+08" [dfg_199.c:14]   --->   Operation 142 'dmul' 'mul' <Predicate = true> <Delay = 6.71> <CoreInst = "DMul_maxdsp">   --->   Core 49 'DMul_maxdsp' <Latency = 6> <II = 1> <Delay = 6.71> <FuncUnit> <Opcode : 'dmul'> <InPorts = 2> <OutPorts = 1>

State 7 <SV = 6> <Delay = 6.71>
ST_7 : Operation 143 [3/6] (6.28ns)   --->   "%conv3 = uitodp i32 %zext_ln14" [dfg_199.c:14]   --->   Operation 143 'uitodp' 'conv3' <Predicate = true> <Delay = 6.28> <CoreInst = "Int2Double">   --->   Core 66 'Int2Double' <Latency = 5> <II = 1> <Delay = 6.28> <FuncUnit> <Opcode : 'sitodp' 'uitodp'> <InPorts = 1> <OutPorts = 1>
ST_7 : Operation 144 [3/7] (6.71ns)   --->   "%mul = dmul i64 %bitcast_ln14, i64 6.1814e+08" [dfg_199.c:14]   --->   Operation 144 'dmul' 'mul' <Predicate = true> <Delay = 6.71> <CoreInst = "DMul_maxdsp">   --->   Core 49 'DMul_maxdsp' <Latency = 6> <II = 1> <Delay = 6.71> <FuncUnit> <Opcode : 'dmul'> <InPorts = 2> <OutPorts = 1>

State 8 <SV = 7> <Delay = 6.71>
ST_8 : Operation 145 [2/6] (6.28ns)   --->   "%conv3 = uitodp i32 %zext_ln14" [dfg_199.c:14]   --->   Operation 145 'uitodp' 'conv3' <Predicate = true> <Delay = 6.28> <CoreInst = "Int2Double">   --->   Core 66 'Int2Double' <Latency = 5> <II = 1> <Delay = 6.28> <FuncUnit> <Opcode : 'sitodp' 'uitodp'> <InPorts = 1> <OutPorts = 1>
ST_8 : Operation 146 [2/7] (6.71ns)   --->   "%mul = dmul i64 %bitcast_ln14, i64 6.1814e+08" [dfg_199.c:14]   --->   Operation 146 'dmul' 'mul' <Predicate = true> <Delay = 6.71> <CoreInst = "DMul_maxdsp">   --->   Core 49 'DMul_maxdsp' <Latency = 6> <II = 1> <Delay = 6.71> <FuncUnit> <Opcode : 'dmul'> <InPorts = 2> <OutPorts = 1>

State 9 <SV = 8> <Delay = 6.71>
ST_9 : Operation 147 [1/6] (6.28ns)   --->   "%conv3 = uitodp i32 %zext_ln14" [dfg_199.c:14]   --->   Operation 147 'uitodp' 'conv3' <Predicate = true> <Delay = 6.28> <CoreInst = "Int2Double">   --->   Core 66 'Int2Double' <Latency = 5> <II = 1> <Delay = 6.28> <FuncUnit> <Opcode : 'sitodp' 'uitodp'> <InPorts = 1> <OutPorts = 1>
ST_9 : Operation 148 [1/7] (6.71ns)   --->   "%mul = dmul i64 %bitcast_ln14, i64 6.1814e+08" [dfg_199.c:14]   --->   Operation 148 'dmul' 'mul' <Predicate = true> <Delay = 6.71> <CoreInst = "DMul_maxdsp">   --->   Core 49 'DMul_maxdsp' <Latency = 6> <II = 1> <Delay = 6.71> <FuncUnit> <Opcode : 'dmul'> <InPorts = 2> <OutPorts = 1>

State 10 <SV = 9> <Delay = 6.71>
ST_10 : Operation 149 [7/7] (6.71ns)   --->   "%mul6 = dmul i64 %conv3, i64 %mul" [dfg_199.c:14]   --->   Operation 149 'dmul' 'mul6' <Predicate = true> <Delay = 6.71> <CoreInst = "DMul_maxdsp">   --->   Core 49 'DMul_maxdsp' <Latency = 6> <II = 1> <Delay = 6.71> <FuncUnit> <Opcode : 'dmul'> <InPorts = 2> <OutPorts = 1>

State 11 <SV = 10> <Delay = 6.71>
ST_11 : Operation 150 [6/7] (6.71ns)   --->   "%mul6 = dmul i64 %conv3, i64 %mul" [dfg_199.c:14]   --->   Operation 150 'dmul' 'mul6' <Predicate = true> <Delay = 6.71> <CoreInst = "DMul_maxdsp">   --->   Core 49 'DMul_maxdsp' <Latency = 6> <II = 1> <Delay = 6.71> <FuncUnit> <Opcode : 'dmul'> <InPorts = 2> <OutPorts = 1>

State 12 <SV = 11> <Delay = 6.71>
ST_12 : Operation 151 [5/7] (6.71ns)   --->   "%mul6 = dmul i64 %conv3, i64 %mul" [dfg_199.c:14]   --->   Operation 151 'dmul' 'mul6' <Predicate = true> <Delay = 6.71> <CoreInst = "DMul_maxdsp">   --->   Core 49 'DMul_maxdsp' <Latency = 6> <II = 1> <Delay = 6.71> <FuncUnit> <Opcode : 'dmul'> <InPorts = 2> <OutPorts = 1>

State 13 <SV = 12> <Delay = 6.71>
ST_13 : Operation 152 [4/7] (6.71ns)   --->   "%mul6 = dmul i64 %conv3, i64 %mul" [dfg_199.c:14]   --->   Operation 152 'dmul' 'mul6' <Predicate = true> <Delay = 6.71> <CoreInst = "DMul_maxdsp">   --->   Core 49 'DMul_maxdsp' <Latency = 6> <II = 1> <Delay = 6.71> <FuncUnit> <Opcode : 'dmul'> <InPorts = 2> <OutPorts = 1>

State 14 <SV = 13> <Delay = 6.71>
ST_14 : Operation 153 [3/7] (6.71ns)   --->   "%mul6 = dmul i64 %conv3, i64 %mul" [dfg_199.c:14]   --->   Operation 153 'dmul' 'mul6' <Predicate = true> <Delay = 6.71> <CoreInst = "DMul_maxdsp">   --->   Core 49 'DMul_maxdsp' <Latency = 6> <II = 1> <Delay = 6.71> <FuncUnit> <Opcode : 'dmul'> <InPorts = 2> <OutPorts = 1>

State 15 <SV = 14> <Delay = 6.71>
ST_15 : Operation 154 [2/7] (6.71ns)   --->   "%mul6 = dmul i64 %conv3, i64 %mul" [dfg_199.c:14]   --->   Operation 154 'dmul' 'mul6' <Predicate = true> <Delay = 6.71> <CoreInst = "DMul_maxdsp">   --->   Core 49 'DMul_maxdsp' <Latency = 6> <II = 1> <Delay = 6.71> <FuncUnit> <Opcode : 'dmul'> <InPorts = 2> <OutPorts = 1>

State 16 <SV = 15> <Delay = 6.71>
ST_16 : Operation 155 [1/7] (6.71ns)   --->   "%mul6 = dmul i64 %conv3, i64 %mul" [dfg_199.c:14]   --->   Operation 155 'dmul' 'mul6' <Predicate = true> <Delay = 6.71> <CoreInst = "DMul_maxdsp">   --->   Core 49 'DMul_maxdsp' <Latency = 6> <II = 1> <Delay = 6.71> <FuncUnit> <Opcode : 'dmul'> <InPorts = 2> <OutPorts = 1>

State 17 <SV = 16> <Delay = 7.29>
ST_17 : Operation 156 [7/7] (7.29ns)   --->   "%add7 = dadd i64 %mul6, i64 213" [dfg_199.c:14]   --->   Operation 156 'dadd' 'add7' <Predicate = true> <Delay = 7.29> <CoreInst = "DAddSub_fulldsp">   --->   Core 37 'DAddSub_fulldsp' <Latency = 6> <II = 1> <Delay = 7.29> <FuncUnit> <Opcode : 'dadd' 'dsub'> <InPorts = 2> <OutPorts = 1>

State 18 <SV = 17> <Delay = 7.29>
ST_18 : Operation 157 [1/1] (0.00ns)   --->   "%p_7_read = read i8 @_ssdm_op_Read.ap_auto.i8, i8 %p_7" [dfg_199.c:14]   --->   Operation 157 'read' 'p_7_read' <Predicate = true> <Delay = 0.00>
ST_18 : Operation 158 [1/1] (0.00ns)   --->   "%sext_ln14 = sext i8 %p_7_read" [dfg_199.c:14]   --->   Operation 158 'sext' 'sext_ln14' <Predicate = true> <Delay = 0.00>
ST_18 : Operation 159 [6/6] (6.28ns)   --->   "%conv2 = sitodp i32 %sext_ln14" [dfg_199.c:14]   --->   Operation 159 'sitodp' 'conv2' <Predicate = true> <Delay = 6.28> <CoreInst = "Int2Double">   --->   Core 66 'Int2Double' <Latency = 5> <II = 1> <Delay = 6.28> <FuncUnit> <Opcode : 'sitodp' 'uitodp'> <InPorts = 1> <OutPorts = 1>
ST_18 : Operation 160 [6/7] (7.29ns)   --->   "%add7 = dadd i64 %mul6, i64 213" [dfg_199.c:14]   --->   Operation 160 'dadd' 'add7' <Predicate = true> <Delay = 7.29> <CoreInst = "DAddSub_fulldsp">   --->   Core 37 'DAddSub_fulldsp' <Latency = 6> <II = 1> <Delay = 7.29> <FuncUnit> <Opcode : 'dadd' 'dsub'> <InPorts = 2> <OutPorts = 1>

State 19 <SV = 18> <Delay = 7.29>
ST_19 : Operation 161 [5/6] (6.28ns)   --->   "%conv2 = sitodp i32 %sext_ln14" [dfg_199.c:14]   --->   Operation 161 'sitodp' 'conv2' <Predicate = true> <Delay = 6.28> <CoreInst = "Int2Double">   --->   Core 66 'Int2Double' <Latency = 5> <II = 1> <Delay = 6.28> <FuncUnit> <Opcode : 'sitodp' 'uitodp'> <InPorts = 1> <OutPorts = 1>
ST_19 : Operation 162 [5/7] (7.29ns)   --->   "%add7 = dadd i64 %mul6, i64 213" [dfg_199.c:14]   --->   Operation 162 'dadd' 'add7' <Predicate = true> <Delay = 7.29> <CoreInst = "DAddSub_fulldsp">   --->   Core 37 'DAddSub_fulldsp' <Latency = 6> <II = 1> <Delay = 7.29> <FuncUnit> <Opcode : 'dadd' 'dsub'> <InPorts = 2> <OutPorts = 1>

State 20 <SV = 19> <Delay = 7.29>
ST_20 : Operation 163 [4/6] (6.28ns)   --->   "%conv2 = sitodp i32 %sext_ln14" [dfg_199.c:14]   --->   Operation 163 'sitodp' 'conv2' <Predicate = true> <Delay = 6.28> <CoreInst = "Int2Double">   --->   Core 66 'Int2Double' <Latency = 5> <II = 1> <Delay = 6.28> <FuncUnit> <Opcode : 'sitodp' 'uitodp'> <InPorts = 1> <OutPorts = 1>
ST_20 : Operation 164 [4/7] (7.29ns)   --->   "%add7 = dadd i64 %mul6, i64 213" [dfg_199.c:14]   --->   Operation 164 'dadd' 'add7' <Predicate = true> <Delay = 7.29> <CoreInst = "DAddSub_fulldsp">   --->   Core 37 'DAddSub_fulldsp' <Latency = 6> <II = 1> <Delay = 7.29> <FuncUnit> <Opcode : 'dadd' 'dsub'> <InPorts = 2> <OutPorts = 1>

State 21 <SV = 20> <Delay = 7.29>
ST_21 : Operation 165 [3/6] (6.28ns)   --->   "%conv2 = sitodp i32 %sext_ln14" [dfg_199.c:14]   --->   Operation 165 'sitodp' 'conv2' <Predicate = true> <Delay = 6.28> <CoreInst = "Int2Double">   --->   Core 66 'Int2Double' <Latency = 5> <II = 1> <Delay = 6.28> <FuncUnit> <Opcode : 'sitodp' 'uitodp'> <InPorts = 1> <OutPorts = 1>
ST_21 : Operation 166 [3/7] (7.29ns)   --->   "%add7 = dadd i64 %mul6, i64 213" [dfg_199.c:14]   --->   Operation 166 'dadd' 'add7' <Predicate = true> <Delay = 7.29> <CoreInst = "DAddSub_fulldsp">   --->   Core 37 'DAddSub_fulldsp' <Latency = 6> <II = 1> <Delay = 7.29> <FuncUnit> <Opcode : 'dadd' 'dsub'> <InPorts = 2> <OutPorts = 1>

State 22 <SV = 21> <Delay = 7.29>
ST_22 : Operation 167 [2/6] (6.28ns)   --->   "%conv2 = sitodp i32 %sext_ln14" [dfg_199.c:14]   --->   Operation 167 'sitodp' 'conv2' <Predicate = true> <Delay = 6.28> <CoreInst = "Int2Double">   --->   Core 66 'Int2Double' <Latency = 5> <II = 1> <Delay = 6.28> <FuncUnit> <Opcode : 'sitodp' 'uitodp'> <InPorts = 1> <OutPorts = 1>
ST_22 : Operation 168 [2/7] (7.29ns)   --->   "%add7 = dadd i64 %mul6, i64 213" [dfg_199.c:14]   --->   Operation 168 'dadd' 'add7' <Predicate = true> <Delay = 7.29> <CoreInst = "DAddSub_fulldsp">   --->   Core 37 'DAddSub_fulldsp' <Latency = 6> <II = 1> <Delay = 7.29> <FuncUnit> <Opcode : 'dadd' 'dsub'> <InPorts = 2> <OutPorts = 1>

State 23 <SV = 22> <Delay = 7.29>
ST_23 : Operation 169 [1/6] (6.28ns)   --->   "%conv2 = sitodp i32 %sext_ln14" [dfg_199.c:14]   --->   Operation 169 'sitodp' 'conv2' <Predicate = true> <Delay = 6.28> <CoreInst = "Int2Double">   --->   Core 66 'Int2Double' <Latency = 5> <II = 1> <Delay = 6.28> <FuncUnit> <Opcode : 'sitodp' 'uitodp'> <InPorts = 1> <OutPorts = 1>
ST_23 : Operation 170 [1/7] (7.29ns)   --->   "%add7 = dadd i64 %mul6, i64 213" [dfg_199.c:14]   --->   Operation 170 'dadd' 'add7' <Predicate = true> <Delay = 7.29> <CoreInst = "DAddSub_fulldsp">   --->   Core 37 'DAddSub_fulldsp' <Latency = 6> <II = 1> <Delay = 7.29> <FuncUnit> <Opcode : 'dadd' 'dsub'> <InPorts = 2> <OutPorts = 1>

State 24 <SV = 23> <Delay = 4.55>
ST_24 : Operation 171 [59/59] (4.55ns)   --->   "%div8 = ddiv i64 %conv2, i64 %add7" [dfg_199.c:14]   --->   Operation 171 'ddiv' 'div8' <Predicate = true> <Delay = 4.55> <CoreInst = "DDiv">   --->   Core 39 'DDiv' <Latency = 58> <II = 1> <Delay = 4.55> <FuncUnit> <Opcode : 'ddiv' 'drem'> <InPorts = 2> <OutPorts = 1>

State 25 <SV = 24> <Delay = 4.55>
ST_25 : Operation 172 [58/59] (4.55ns)   --->   "%div8 = ddiv i64 %conv2, i64 %add7" [dfg_199.c:14]   --->   Operation 172 'ddiv' 'div8' <Predicate = true> <Delay = 4.55> <CoreInst = "DDiv">   --->   Core 39 'DDiv' <Latency = 58> <II = 1> <Delay = 4.55> <FuncUnit> <Opcode : 'ddiv' 'drem'> <InPorts = 2> <OutPorts = 1>

State 26 <SV = 25> <Delay = 4.55>
ST_26 : Operation 173 [57/59] (4.55ns)   --->   "%div8 = ddiv i64 %conv2, i64 %add7" [dfg_199.c:14]   --->   Operation 173 'ddiv' 'div8' <Predicate = true> <Delay = 4.55> <CoreInst = "DDiv">   --->   Core 39 'DDiv' <Latency = 58> <II = 1> <Delay = 4.55> <FuncUnit> <Opcode : 'ddiv' 'drem'> <InPorts = 2> <OutPorts = 1>

State 27 <SV = 26> <Delay = 4.55>
ST_27 : Operation 174 [56/59] (4.55ns)   --->   "%div8 = ddiv i64 %conv2, i64 %add7" [dfg_199.c:14]   --->   Operation 174 'ddiv' 'div8' <Predicate = true> <Delay = 4.55> <CoreInst = "DDiv">   --->   Core 39 'DDiv' <Latency = 58> <II = 1> <Delay = 4.55> <FuncUnit> <Opcode : 'ddiv' 'drem'> <InPorts = 2> <OutPorts = 1>

State 28 <SV = 27> <Delay = 4.55>
ST_28 : Operation 175 [55/59] (4.55ns)   --->   "%div8 = ddiv i64 %conv2, i64 %add7" [dfg_199.c:14]   --->   Operation 175 'ddiv' 'div8' <Predicate = true> <Delay = 4.55> <CoreInst = "DDiv">   --->   Core 39 'DDiv' <Latency = 58> <II = 1> <Delay = 4.55> <FuncUnit> <Opcode : 'ddiv' 'drem'> <InPorts = 2> <OutPorts = 1>

State 29 <SV = 28> <Delay = 4.55>
ST_29 : Operation 176 [54/59] (4.55ns)   --->   "%div8 = ddiv i64 %conv2, i64 %add7" [dfg_199.c:14]   --->   Operation 176 'ddiv' 'div8' <Predicate = true> <Delay = 4.55> <CoreInst = "DDiv">   --->   Core 39 'DDiv' <Latency = 58> <II = 1> <Delay = 4.55> <FuncUnit> <Opcode : 'ddiv' 'drem'> <InPorts = 2> <OutPorts = 1>

State 30 <SV = 29> <Delay = 4.55>
ST_30 : Operation 177 [53/59] (4.55ns)   --->   "%div8 = ddiv i64 %conv2, i64 %add7" [dfg_199.c:14]   --->   Operation 177 'ddiv' 'div8' <Predicate = true> <Delay = 4.55> <CoreInst = "DDiv">   --->   Core 39 'DDiv' <Latency = 58> <II = 1> <Delay = 4.55> <FuncUnit> <Opcode : 'ddiv' 'drem'> <InPorts = 2> <OutPorts = 1>

State 31 <SV = 30> <Delay = 4.55>
ST_31 : Operation 178 [52/59] (4.55ns)   --->   "%div8 = ddiv i64 %conv2, i64 %add7" [dfg_199.c:14]   --->   Operation 178 'ddiv' 'div8' <Predicate = true> <Delay = 4.55> <CoreInst = "DDiv">   --->   Core 39 'DDiv' <Latency = 58> <II = 1> <Delay = 4.55> <FuncUnit> <Opcode : 'ddiv' 'drem'> <InPorts = 2> <OutPorts = 1>

State 32 <SV = 31> <Delay = 4.55>
ST_32 : Operation 179 [51/59] (4.55ns)   --->   "%div8 = ddiv i64 %conv2, i64 %add7" [dfg_199.c:14]   --->   Operation 179 'ddiv' 'div8' <Predicate = true> <Delay = 4.55> <CoreInst = "DDiv">   --->   Core 39 'DDiv' <Latency = 58> <II = 1> <Delay = 4.55> <FuncUnit> <Opcode : 'ddiv' 'drem'> <InPorts = 2> <OutPorts = 1>

State 33 <SV = 32> <Delay = 4.55>
ST_33 : Operation 180 [50/59] (4.55ns)   --->   "%div8 = ddiv i64 %conv2, i64 %add7" [dfg_199.c:14]   --->   Operation 180 'ddiv' 'div8' <Predicate = true> <Delay = 4.55> <CoreInst = "DDiv">   --->   Core 39 'DDiv' <Latency = 58> <II = 1> <Delay = 4.55> <FuncUnit> <Opcode : 'ddiv' 'drem'> <InPorts = 2> <OutPorts = 1>

State 34 <SV = 33> <Delay = 4.55>
ST_34 : Operation 181 [49/59] (4.55ns)   --->   "%div8 = ddiv i64 %conv2, i64 %add7" [dfg_199.c:14]   --->   Operation 181 'ddiv' 'div8' <Predicate = true> <Delay = 4.55> <CoreInst = "DDiv">   --->   Core 39 'DDiv' <Latency = 58> <II = 1> <Delay = 4.55> <FuncUnit> <Opcode : 'ddiv' 'drem'> <InPorts = 2> <OutPorts = 1>

State 35 <SV = 34> <Delay = 4.55>
ST_35 : Operation 182 [48/59] (4.55ns)   --->   "%div8 = ddiv i64 %conv2, i64 %add7" [dfg_199.c:14]   --->   Operation 182 'ddiv' 'div8' <Predicate = true> <Delay = 4.55> <CoreInst = "DDiv">   --->   Core 39 'DDiv' <Latency = 58> <II = 1> <Delay = 4.55> <FuncUnit> <Opcode : 'ddiv' 'drem'> <InPorts = 2> <OutPorts = 1>

State 36 <SV = 35> <Delay = 4.55>
ST_36 : Operation 183 [47/59] (4.55ns)   --->   "%div8 = ddiv i64 %conv2, i64 %add7" [dfg_199.c:14]   --->   Operation 183 'ddiv' 'div8' <Predicate = true> <Delay = 4.55> <CoreInst = "DDiv">   --->   Core 39 'DDiv' <Latency = 58> <II = 1> <Delay = 4.55> <FuncUnit> <Opcode : 'ddiv' 'drem'> <InPorts = 2> <OutPorts = 1>

State 37 <SV = 36> <Delay = 4.55>
ST_37 : Operation 184 [46/59] (4.55ns)   --->   "%div8 = ddiv i64 %conv2, i64 %add7" [dfg_199.c:14]   --->   Operation 184 'ddiv' 'div8' <Predicate = true> <Delay = 4.55> <CoreInst = "DDiv">   --->   Core 39 'DDiv' <Latency = 58> <II = 1> <Delay = 4.55> <FuncUnit> <Opcode : 'ddiv' 'drem'> <InPorts = 2> <OutPorts = 1>

State 38 <SV = 37> <Delay = 4.55>
ST_38 : Operation 185 [45/59] (4.55ns)   --->   "%div8 = ddiv i64 %conv2, i64 %add7" [dfg_199.c:14]   --->   Operation 185 'ddiv' 'div8' <Predicate = true> <Delay = 4.55> <CoreInst = "DDiv">   --->   Core 39 'DDiv' <Latency = 58> <II = 1> <Delay = 4.55> <FuncUnit> <Opcode : 'ddiv' 'drem'> <InPorts = 2> <OutPorts = 1>

State 39 <SV = 38> <Delay = 4.55>
ST_39 : Operation 186 [44/59] (4.55ns)   --->   "%div8 = ddiv i64 %conv2, i64 %add7" [dfg_199.c:14]   --->   Operation 186 'ddiv' 'div8' <Predicate = true> <Delay = 4.55> <CoreInst = "DDiv">   --->   Core 39 'DDiv' <Latency = 58> <II = 1> <Delay = 4.55> <FuncUnit> <Opcode : 'ddiv' 'drem'> <InPorts = 2> <OutPorts = 1>

State 40 <SV = 39> <Delay = 4.55>
ST_40 : Operation 187 [43/59] (4.55ns)   --->   "%div8 = ddiv i64 %conv2, i64 %add7" [dfg_199.c:14]   --->   Operation 187 'ddiv' 'div8' <Predicate = true> <Delay = 4.55> <CoreInst = "DDiv">   --->   Core 39 'DDiv' <Latency = 58> <II = 1> <Delay = 4.55> <FuncUnit> <Opcode : 'ddiv' 'drem'> <InPorts = 2> <OutPorts = 1>

State 41 <SV = 40> <Delay = 4.55>
ST_41 : Operation 188 [42/59] (4.55ns)   --->   "%div8 = ddiv i64 %conv2, i64 %add7" [dfg_199.c:14]   --->   Operation 188 'ddiv' 'div8' <Predicate = true> <Delay = 4.55> <CoreInst = "DDiv">   --->   Core 39 'DDiv' <Latency = 58> <II = 1> <Delay = 4.55> <FuncUnit> <Opcode : 'ddiv' 'drem'> <InPorts = 2> <OutPorts = 1>

State 42 <SV = 41> <Delay = 4.55>
ST_42 : Operation 189 [41/59] (4.55ns)   --->   "%div8 = ddiv i64 %conv2, i64 %add7" [dfg_199.c:14]   --->   Operation 189 'ddiv' 'div8' <Predicate = true> <Delay = 4.55> <CoreInst = "DDiv">   --->   Core 39 'DDiv' <Latency = 58> <II = 1> <Delay = 4.55> <FuncUnit> <Opcode : 'ddiv' 'drem'> <InPorts = 2> <OutPorts = 1>

State 43 <SV = 42> <Delay = 4.55>
ST_43 : Operation 190 [40/59] (4.55ns)   --->   "%div8 = ddiv i64 %conv2, i64 %add7" [dfg_199.c:14]   --->   Operation 190 'ddiv' 'div8' <Predicate = true> <Delay = 4.55> <CoreInst = "DDiv">   --->   Core 39 'DDiv' <Latency = 58> <II = 1> <Delay = 4.55> <FuncUnit> <Opcode : 'ddiv' 'drem'> <InPorts = 2> <OutPorts = 1>

State 44 <SV = 43> <Delay = 4.55>
ST_44 : Operation 191 [39/59] (4.55ns)   --->   "%div8 = ddiv i64 %conv2, i64 %add7" [dfg_199.c:14]   --->   Operation 191 'ddiv' 'div8' <Predicate = true> <Delay = 4.55> <CoreInst = "DDiv">   --->   Core 39 'DDiv' <Latency = 58> <II = 1> <Delay = 4.55> <FuncUnit> <Opcode : 'ddiv' 'drem'> <InPorts = 2> <OutPorts = 1>

State 45 <SV = 44> <Delay = 4.55>
ST_45 : Operation 192 [38/59] (4.55ns)   --->   "%div8 = ddiv i64 %conv2, i64 %add7" [dfg_199.c:14]   --->   Operation 192 'ddiv' 'div8' <Predicate = true> <Delay = 4.55> <CoreInst = "DDiv">   --->   Core 39 'DDiv' <Latency = 58> <II = 1> <Delay = 4.55> <FuncUnit> <Opcode : 'ddiv' 'drem'> <InPorts = 2> <OutPorts = 1>

State 46 <SV = 45> <Delay = 4.55>
ST_46 : Operation 193 [37/59] (4.55ns)   --->   "%div8 = ddiv i64 %conv2, i64 %add7" [dfg_199.c:14]   --->   Operation 193 'ddiv' 'div8' <Predicate = true> <Delay = 4.55> <CoreInst = "DDiv">   --->   Core 39 'DDiv' <Latency = 58> <II = 1> <Delay = 4.55> <FuncUnit> <Opcode : 'ddiv' 'drem'> <InPorts = 2> <OutPorts = 1>

State 47 <SV = 46> <Delay = 4.55>
ST_47 : Operation 194 [36/59] (4.55ns)   --->   "%div8 = ddiv i64 %conv2, i64 %add7" [dfg_199.c:14]   --->   Operation 194 'ddiv' 'div8' <Predicate = true> <Delay = 4.55> <CoreInst = "DDiv">   --->   Core 39 'DDiv' <Latency = 58> <II = 1> <Delay = 4.55> <FuncUnit> <Opcode : 'ddiv' 'drem'> <InPorts = 2> <OutPorts = 1>

State 48 <SV = 47> <Delay = 4.55>
ST_48 : Operation 195 [35/59] (4.55ns)   --->   "%div8 = ddiv i64 %conv2, i64 %add7" [dfg_199.c:14]   --->   Operation 195 'ddiv' 'div8' <Predicate = true> <Delay = 4.55> <CoreInst = "DDiv">   --->   Core 39 'DDiv' <Latency = 58> <II = 1> <Delay = 4.55> <FuncUnit> <Opcode : 'ddiv' 'drem'> <InPorts = 2> <OutPorts = 1>

State 49 <SV = 48> <Delay = 4.55>
ST_49 : Operation 196 [34/59] (4.55ns)   --->   "%div8 = ddiv i64 %conv2, i64 %add7" [dfg_199.c:14]   --->   Operation 196 'ddiv' 'div8' <Predicate = true> <Delay = 4.55> <CoreInst = "DDiv">   --->   Core 39 'DDiv' <Latency = 58> <II = 1> <Delay = 4.55> <FuncUnit> <Opcode : 'ddiv' 'drem'> <InPorts = 2> <OutPorts = 1>

State 50 <SV = 49> <Delay = 4.55>
ST_50 : Operation 197 [33/59] (4.55ns)   --->   "%div8 = ddiv i64 %conv2, i64 %add7" [dfg_199.c:14]   --->   Operation 197 'ddiv' 'div8' <Predicate = true> <Delay = 4.55> <CoreInst = "DDiv">   --->   Core 39 'DDiv' <Latency = 58> <II = 1> <Delay = 4.55> <FuncUnit> <Opcode : 'ddiv' 'drem'> <InPorts = 2> <OutPorts = 1>

State 51 <SV = 50> <Delay = 4.55>
ST_51 : Operation 198 [32/59] (4.55ns)   --->   "%div8 = ddiv i64 %conv2, i64 %add7" [dfg_199.c:14]   --->   Operation 198 'ddiv' 'div8' <Predicate = true> <Delay = 4.55> <CoreInst = "DDiv">   --->   Core 39 'DDiv' <Latency = 58> <II = 1> <Delay = 4.55> <FuncUnit> <Opcode : 'ddiv' 'drem'> <InPorts = 2> <OutPorts = 1>

State 52 <SV = 51> <Delay = 4.55>
ST_52 : Operation 199 [31/59] (4.55ns)   --->   "%div8 = ddiv i64 %conv2, i64 %add7" [dfg_199.c:14]   --->   Operation 199 'ddiv' 'div8' <Predicate = true> <Delay = 4.55> <CoreInst = "DDiv">   --->   Core 39 'DDiv' <Latency = 58> <II = 1> <Delay = 4.55> <FuncUnit> <Opcode : 'ddiv' 'drem'> <InPorts = 2> <OutPorts = 1>

State 53 <SV = 52> <Delay = 4.55>
ST_53 : Operation 200 [30/59] (4.55ns)   --->   "%div8 = ddiv i64 %conv2, i64 %add7" [dfg_199.c:14]   --->   Operation 200 'ddiv' 'div8' <Predicate = true> <Delay = 4.55> <CoreInst = "DDiv">   --->   Core 39 'DDiv' <Latency = 58> <II = 1> <Delay = 4.55> <FuncUnit> <Opcode : 'ddiv' 'drem'> <InPorts = 2> <OutPorts = 1>

State 54 <SV = 53> <Delay = 4.55>
ST_54 : Operation 201 [29/59] (4.55ns)   --->   "%div8 = ddiv i64 %conv2, i64 %add7" [dfg_199.c:14]   --->   Operation 201 'ddiv' 'div8' <Predicate = true> <Delay = 4.55> <CoreInst = "DDiv">   --->   Core 39 'DDiv' <Latency = 58> <II = 1> <Delay = 4.55> <FuncUnit> <Opcode : 'ddiv' 'drem'> <InPorts = 2> <OutPorts = 1>

State 55 <SV = 54> <Delay = 4.55>
ST_55 : Operation 202 [28/59] (4.55ns)   --->   "%div8 = ddiv i64 %conv2, i64 %add7" [dfg_199.c:14]   --->   Operation 202 'ddiv' 'div8' <Predicate = true> <Delay = 4.55> <CoreInst = "DDiv">   --->   Core 39 'DDiv' <Latency = 58> <II = 1> <Delay = 4.55> <FuncUnit> <Opcode : 'ddiv' 'drem'> <InPorts = 2> <OutPorts = 1>

State 56 <SV = 55> <Delay = 4.55>
ST_56 : Operation 203 [27/59] (4.55ns)   --->   "%div8 = ddiv i64 %conv2, i64 %add7" [dfg_199.c:14]   --->   Operation 203 'ddiv' 'div8' <Predicate = true> <Delay = 4.55> <CoreInst = "DDiv">   --->   Core 39 'DDiv' <Latency = 58> <II = 1> <Delay = 4.55> <FuncUnit> <Opcode : 'ddiv' 'drem'> <InPorts = 2> <OutPorts = 1>

State 57 <SV = 56> <Delay = 4.55>
ST_57 : Operation 204 [26/59] (4.55ns)   --->   "%div8 = ddiv i64 %conv2, i64 %add7" [dfg_199.c:14]   --->   Operation 204 'ddiv' 'div8' <Predicate = true> <Delay = 4.55> <CoreInst = "DDiv">   --->   Core 39 'DDiv' <Latency = 58> <II = 1> <Delay = 4.55> <FuncUnit> <Opcode : 'ddiv' 'drem'> <InPorts = 2> <OutPorts = 1>

State 58 <SV = 57> <Delay = 4.55>
ST_58 : Operation 205 [25/59] (4.55ns)   --->   "%div8 = ddiv i64 %conv2, i64 %add7" [dfg_199.c:14]   --->   Operation 205 'ddiv' 'div8' <Predicate = true> <Delay = 4.55> <CoreInst = "DDiv">   --->   Core 39 'DDiv' <Latency = 58> <II = 1> <Delay = 4.55> <FuncUnit> <Opcode : 'ddiv' 'drem'> <InPorts = 2> <OutPorts = 1>

State 59 <SV = 58> <Delay = 4.55>
ST_59 : Operation 206 [24/59] (4.55ns)   --->   "%div8 = ddiv i64 %conv2, i64 %add7" [dfg_199.c:14]   --->   Operation 206 'ddiv' 'div8' <Predicate = true> <Delay = 4.55> <CoreInst = "DDiv">   --->   Core 39 'DDiv' <Latency = 58> <II = 1> <Delay = 4.55> <FuncUnit> <Opcode : 'ddiv' 'drem'> <InPorts = 2> <OutPorts = 1>

State 60 <SV = 59> <Delay = 4.55>
ST_60 : Operation 207 [23/59] (4.55ns)   --->   "%div8 = ddiv i64 %conv2, i64 %add7" [dfg_199.c:14]   --->   Operation 207 'ddiv' 'div8' <Predicate = true> <Delay = 4.55> <CoreInst = "DDiv">   --->   Core 39 'DDiv' <Latency = 58> <II = 1> <Delay = 4.55> <FuncUnit> <Opcode : 'ddiv' 'drem'> <InPorts = 2> <OutPorts = 1>

State 61 <SV = 60> <Delay = 4.55>
ST_61 : Operation 208 [22/59] (4.55ns)   --->   "%div8 = ddiv i64 %conv2, i64 %add7" [dfg_199.c:14]   --->   Operation 208 'ddiv' 'div8' <Predicate = true> <Delay = 4.55> <CoreInst = "DDiv">   --->   Core 39 'DDiv' <Latency = 58> <II = 1> <Delay = 4.55> <FuncUnit> <Opcode : 'ddiv' 'drem'> <InPorts = 2> <OutPorts = 1>

State 62 <SV = 61> <Delay = 4.55>
ST_62 : Operation 209 [21/59] (4.55ns)   --->   "%div8 = ddiv i64 %conv2, i64 %add7" [dfg_199.c:14]   --->   Operation 209 'ddiv' 'div8' <Predicate = true> <Delay = 4.55> <CoreInst = "DDiv">   --->   Core 39 'DDiv' <Latency = 58> <II = 1> <Delay = 4.55> <FuncUnit> <Opcode : 'ddiv' 'drem'> <InPorts = 2> <OutPorts = 1>

State 63 <SV = 62> <Delay = 4.55>
ST_63 : Operation 210 [20/59] (4.55ns)   --->   "%div8 = ddiv i64 %conv2, i64 %add7" [dfg_199.c:14]   --->   Operation 210 'ddiv' 'div8' <Predicate = true> <Delay = 4.55> <CoreInst = "DDiv">   --->   Core 39 'DDiv' <Latency = 58> <II = 1> <Delay = 4.55> <FuncUnit> <Opcode : 'ddiv' 'drem'> <InPorts = 2> <OutPorts = 1>

State 64 <SV = 63> <Delay = 4.55>
ST_64 : Operation 211 [19/59] (4.55ns)   --->   "%div8 = ddiv i64 %conv2, i64 %add7" [dfg_199.c:14]   --->   Operation 211 'ddiv' 'div8' <Predicate = true> <Delay = 4.55> <CoreInst = "DDiv">   --->   Core 39 'DDiv' <Latency = 58> <II = 1> <Delay = 4.55> <FuncUnit> <Opcode : 'ddiv' 'drem'> <InPorts = 2> <OutPorts = 1>

State 65 <SV = 64> <Delay = 4.55>
ST_65 : Operation 212 [18/59] (4.55ns)   --->   "%div8 = ddiv i64 %conv2, i64 %add7" [dfg_199.c:14]   --->   Operation 212 'ddiv' 'div8' <Predicate = true> <Delay = 4.55> <CoreInst = "DDiv">   --->   Core 39 'DDiv' <Latency = 58> <II = 1> <Delay = 4.55> <FuncUnit> <Opcode : 'ddiv' 'drem'> <InPorts = 2> <OutPorts = 1>

State 66 <SV = 65> <Delay = 4.55>
ST_66 : Operation 213 [17/59] (4.55ns)   --->   "%div8 = ddiv i64 %conv2, i64 %add7" [dfg_199.c:14]   --->   Operation 213 'ddiv' 'div8' <Predicate = true> <Delay = 4.55> <CoreInst = "DDiv">   --->   Core 39 'DDiv' <Latency = 58> <II = 1> <Delay = 4.55> <FuncUnit> <Opcode : 'ddiv' 'drem'> <InPorts = 2> <OutPorts = 1>

State 67 <SV = 66> <Delay = 4.55>
ST_67 : Operation 214 [16/59] (4.55ns)   --->   "%div8 = ddiv i64 %conv2, i64 %add7" [dfg_199.c:14]   --->   Operation 214 'ddiv' 'div8' <Predicate = true> <Delay = 4.55> <CoreInst = "DDiv">   --->   Core 39 'DDiv' <Latency = 58> <II = 1> <Delay = 4.55> <FuncUnit> <Opcode : 'ddiv' 'drem'> <InPorts = 2> <OutPorts = 1>

State 68 <SV = 67> <Delay = 4.55>
ST_68 : Operation 215 [15/59] (4.55ns)   --->   "%div8 = ddiv i64 %conv2, i64 %add7" [dfg_199.c:14]   --->   Operation 215 'ddiv' 'div8' <Predicate = true> <Delay = 4.55> <CoreInst = "DDiv">   --->   Core 39 'DDiv' <Latency = 58> <II = 1> <Delay = 4.55> <FuncUnit> <Opcode : 'ddiv' 'drem'> <InPorts = 2> <OutPorts = 1>

State 69 <SV = 68> <Delay = 4.55>
ST_69 : Operation 216 [14/59] (4.55ns)   --->   "%div8 = ddiv i64 %conv2, i64 %add7" [dfg_199.c:14]   --->   Operation 216 'ddiv' 'div8' <Predicate = true> <Delay = 4.55> <CoreInst = "DDiv">   --->   Core 39 'DDiv' <Latency = 58> <II = 1> <Delay = 4.55> <FuncUnit> <Opcode : 'ddiv' 'drem'> <InPorts = 2> <OutPorts = 1>

State 70 <SV = 69> <Delay = 4.55>
ST_70 : Operation 217 [13/59] (4.55ns)   --->   "%div8 = ddiv i64 %conv2, i64 %add7" [dfg_199.c:14]   --->   Operation 217 'ddiv' 'div8' <Predicate = true> <Delay = 4.55> <CoreInst = "DDiv">   --->   Core 39 'DDiv' <Latency = 58> <II = 1> <Delay = 4.55> <FuncUnit> <Opcode : 'ddiv' 'drem'> <InPorts = 2> <OutPorts = 1>

State 71 <SV = 70> <Delay = 4.55>
ST_71 : Operation 218 [12/59] (4.55ns)   --->   "%div8 = ddiv i64 %conv2, i64 %add7" [dfg_199.c:14]   --->   Operation 218 'ddiv' 'div8' <Predicate = true> <Delay = 4.55> <CoreInst = "DDiv">   --->   Core 39 'DDiv' <Latency = 58> <II = 1> <Delay = 4.55> <FuncUnit> <Opcode : 'ddiv' 'drem'> <InPorts = 2> <OutPorts = 1>

State 72 <SV = 71> <Delay = 4.55>
ST_72 : Operation 219 [11/59] (4.55ns)   --->   "%div8 = ddiv i64 %conv2, i64 %add7" [dfg_199.c:14]   --->   Operation 219 'ddiv' 'div8' <Predicate = true> <Delay = 4.55> <CoreInst = "DDiv">   --->   Core 39 'DDiv' <Latency = 58> <II = 1> <Delay = 4.55> <FuncUnit> <Opcode : 'ddiv' 'drem'> <InPorts = 2> <OutPorts = 1>

State 73 <SV = 72> <Delay = 4.55>
ST_73 : Operation 220 [10/59] (4.55ns)   --->   "%div8 = ddiv i64 %conv2, i64 %add7" [dfg_199.c:14]   --->   Operation 220 'ddiv' 'div8' <Predicate = true> <Delay = 4.55> <CoreInst = "DDiv">   --->   Core 39 'DDiv' <Latency = 58> <II = 1> <Delay = 4.55> <FuncUnit> <Opcode : 'ddiv' 'drem'> <InPorts = 2> <OutPorts = 1>

State 74 <SV = 73> <Delay = 4.55>
ST_74 : Operation 221 [9/59] (4.55ns)   --->   "%div8 = ddiv i64 %conv2, i64 %add7" [dfg_199.c:14]   --->   Operation 221 'ddiv' 'div8' <Predicate = true> <Delay = 4.55> <CoreInst = "DDiv">   --->   Core 39 'DDiv' <Latency = 58> <II = 1> <Delay = 4.55> <FuncUnit> <Opcode : 'ddiv' 'drem'> <InPorts = 2> <OutPorts = 1>

State 75 <SV = 74> <Delay = 4.55>
ST_75 : Operation 222 [8/59] (4.55ns)   --->   "%div8 = ddiv i64 %conv2, i64 %add7" [dfg_199.c:14]   --->   Operation 222 'ddiv' 'div8' <Predicate = true> <Delay = 4.55> <CoreInst = "DDiv">   --->   Core 39 'DDiv' <Latency = 58> <II = 1> <Delay = 4.55> <FuncUnit> <Opcode : 'ddiv' 'drem'> <InPorts = 2> <OutPorts = 1>

State 76 <SV = 75> <Delay = 4.55>
ST_76 : Operation 223 [7/59] (4.55ns)   --->   "%div8 = ddiv i64 %conv2, i64 %add7" [dfg_199.c:14]   --->   Operation 223 'ddiv' 'div8' <Predicate = true> <Delay = 4.55> <CoreInst = "DDiv">   --->   Core 39 'DDiv' <Latency = 58> <II = 1> <Delay = 4.55> <FuncUnit> <Opcode : 'ddiv' 'drem'> <InPorts = 2> <OutPorts = 1>

State 77 <SV = 76> <Delay = 4.55>
ST_77 : Operation 224 [6/59] (4.55ns)   --->   "%div8 = ddiv i64 %conv2, i64 %add7" [dfg_199.c:14]   --->   Operation 224 'ddiv' 'div8' <Predicate = true> <Delay = 4.55> <CoreInst = "DDiv">   --->   Core 39 'DDiv' <Latency = 58> <II = 1> <Delay = 4.55> <FuncUnit> <Opcode : 'ddiv' 'drem'> <InPorts = 2> <OutPorts = 1>

State 78 <SV = 77> <Delay = 4.55>
ST_78 : Operation 225 [5/59] (4.55ns)   --->   "%div8 = ddiv i64 %conv2, i64 %add7" [dfg_199.c:14]   --->   Operation 225 'ddiv' 'div8' <Predicate = true> <Delay = 4.55> <CoreInst = "DDiv">   --->   Core 39 'DDiv' <Latency = 58> <II = 1> <Delay = 4.55> <FuncUnit> <Opcode : 'ddiv' 'drem'> <InPorts = 2> <OutPorts = 1>

State 79 <SV = 78> <Delay = 4.55>
ST_79 : Operation 226 [4/59] (4.55ns)   --->   "%div8 = ddiv i64 %conv2, i64 %add7" [dfg_199.c:14]   --->   Operation 226 'ddiv' 'div8' <Predicate = true> <Delay = 4.55> <CoreInst = "DDiv">   --->   Core 39 'DDiv' <Latency = 58> <II = 1> <Delay = 4.55> <FuncUnit> <Opcode : 'ddiv' 'drem'> <InPorts = 2> <OutPorts = 1>

State 80 <SV = 79> <Delay = 4.55>
ST_80 : Operation 227 [3/59] (4.55ns)   --->   "%div8 = ddiv i64 %conv2, i64 %add7" [dfg_199.c:14]   --->   Operation 227 'ddiv' 'div8' <Predicate = true> <Delay = 4.55> <CoreInst = "DDiv">   --->   Core 39 'DDiv' <Latency = 58> <II = 1> <Delay = 4.55> <FuncUnit> <Opcode : 'ddiv' 'drem'> <InPorts = 2> <OutPorts = 1>

State 81 <SV = 80> <Delay = 4.55>
ST_81 : Operation 228 [2/59] (4.55ns)   --->   "%div8 = ddiv i64 %conv2, i64 %add7" [dfg_199.c:14]   --->   Operation 228 'ddiv' 'div8' <Predicate = true> <Delay = 4.55> <CoreInst = "DDiv">   --->   Core 39 'DDiv' <Latency = 58> <II = 1> <Delay = 4.55> <FuncUnit> <Opcode : 'ddiv' 'drem'> <InPorts = 2> <OutPorts = 1>

State 82 <SV = 81> <Delay = 4.55>
ST_82 : Operation 229 [1/59] (4.55ns)   --->   "%div8 = ddiv i64 %conv2, i64 %add7" [dfg_199.c:14]   --->   Operation 229 'ddiv' 'div8' <Predicate = true> <Delay = 4.55> <CoreInst = "DDiv">   --->   Core 39 'DDiv' <Latency = 58> <II = 1> <Delay = 4.55> <FuncUnit> <Opcode : 'ddiv' 'drem'> <InPorts = 2> <OutPorts = 1>

State 83 <SV = 82> <Delay = 6.19>
ST_83 : Operation 230 [1/1] (0.00ns)   --->   "%bitcast_ln14_1 = bitcast i64 %div8" [dfg_199.c:14]   --->   Operation 230 'bitcast' 'bitcast_ln14_1' <Predicate = true> <Delay = 0.00>
ST_83 : Operation 231 [1/1] (0.99ns)   --->   "%xor_ln14 = xor i64 %bitcast_ln14_1, i64 9223372036854775808" [dfg_199.c:14]   --->   Operation 231 'xor' 'xor_ln14' <Predicate = true> <Delay = 0.99> <CoreInst = "LogicGate">   --->   Core 74 'LogicGate' <Latency = 0> <II = 1> <Delay = 0.99> <FuncUnit> <Opcode : 'and' 'or' 'xor'> <InPorts = 2> <OutPorts = 1>
ST_83 : Operation 232 [1/1] (0.00ns)   --->   "%bitcast_ln14_2 = bitcast i64 %xor_ln14" [dfg_199.c:14]   --->   Operation 232 'bitcast' 'bitcast_ln14_2' <Predicate = true> <Delay = 0.00>
ST_83 : Operation 233 [2/2] (5.20ns)   --->   "%v = fptrunc i64 %bitcast_ln14_2" [dfg_199.c:14]   --->   Operation 233 'fptrunc' 'v' <Predicate = true> <Delay = 5.20> <CoreInst = "Double2Float">   --->   Core 67 'Double2Float' <Latency = 1> <II = 1> <Delay = 5.20> <FuncUnit> <Opcode : 'fptrunc'> <InPorts = 1> <OutPorts = 1>

State 84 <SV = 83> <Delay = 7.11>
ST_84 : Operation 234 [1/2] (5.20ns)   --->   "%v = fptrunc i64 %bitcast_ln14_2" [dfg_199.c:14]   --->   Operation 234 'fptrunc' 'v' <Predicate = true> <Delay = 5.20> <CoreInst = "Double2Float">   --->   Core 67 'Double2Float' <Latency = 1> <II = 1> <Delay = 5.20> <FuncUnit> <Opcode : 'fptrunc'> <InPorts = 1> <OutPorts = 1>
ST_84 : Operation 235 [1/1] (0.00ns)   --->   "%data_V = bitcast i32 %v" [/wrk/ci/prod/2020.2/rdi_builds/continuous/2020_11_18_3064766/src/shared/hls/clib/src/hls/utils/x_hls_utils.h:312]   --->   Operation 235 'bitcast' 'data_V' <Predicate = true> <Delay = 0.00>
ST_84 : Operation 236 [1/1] (0.00ns)   --->   "%tmp_2 = partselect i8 @_ssdm_op_PartSelect.i8.i32.i32.i32, i32 %data_V, i32 23, i32 30"   --->   Operation 236 'partselect' 'tmp_2' <Predicate = true> <Delay = 0.00>
ST_84 : Operation 237 [1/1] (0.00ns)   --->   "%tmp_3 = trunc i32 %data_V"   --->   Operation 237 'trunc' 'tmp_3' <Predicate = true> <Delay = 0.00>
ST_84 : Operation 238 [1/1] (0.00ns)   --->   "%zext_ln341 = zext i8 %tmp_2" [/wrk/ci/prod/2020.2/rdi_builds/continuous/2020_11_18_3064766/src/shared/hls/clib/src/hls/utils/x_hls_utils.h:341]   --->   Operation 238 'zext' 'zext_ln341' <Predicate = true> <Delay = 0.00>
ST_84 : Operation 239 [1/1] (1.91ns)   --->   "%add_ln341 = add i9 %zext_ln341, i9 385" [/wrk/ci/prod/2020.2/rdi_builds/continuous/2020_11_18_3064766/src/shared/hls/clib/src/hls/utils/x_hls_utils.h:341]   --->   Operation 239 'add' 'add_ln341' <Predicate = true> <Delay = 1.91> <CoreInst = "Adder">   --->   Core 1 'Adder' <Latency = 0> <II = 1> <Delay = 2.59> <FuncUnit> <Opcode : 'add' 'sub'> <InPorts = 2> <OutPorts = 1>
ST_84 : Operation 240 [1/1] (0.00ns)   --->   "%isNeg = bitselect i1 @_ssdm_op_BitSelect.i1.i9.i32, i9 %add_ln341, i32 8"   --->   Operation 240 'bitselect' 'isNeg' <Predicate = true> <Delay = 0.00>
ST_84 : Operation 241 [1/1] (1.91ns)   --->   "%sub_ln1311 = sub i8 127, i8 %tmp_2"   --->   Operation 241 'sub' 'sub_ln1311' <Predicate = true> <Delay = 1.91> <CoreInst = "Adder">   --->   Core 1 'Adder' <Latency = 0> <II = 1> <Delay = 2.59> <FuncUnit> <Opcode : 'add' 'sub'> <InPorts = 2> <OutPorts = 1>

State 85 <SV = 84> <Delay = 6.71>
ST_85 : Operation 242 [1/1] (0.00ns)   --->   "%p_11_read = read i32 @_ssdm_op_Read.ap_auto.i32, i32 %p_11" [dfg_199.c:14]   --->   Operation 242 'read' 'p_11_read' <Predicate = true> <Delay = 0.00>
ST_85 : Operation 243 [1/1] (2.55ns)   --->   "%add_ln12 = add i32 %p_11_read, i32 22" [dfg_199.c:12]   --->   Operation 243 'add' 'add_ln12' <Predicate = true> <Delay = 2.55> <CoreInst = "Adder">   --->   Core 1 'Adder' <Latency = 0> <II = 1> <Delay = 2.59> <FuncUnit> <Opcode : 'add' 'sub'> <InPorts = 2> <OutPorts = 1>
ST_85 : Operation 244 [1/1] (0.00ns)   --->   "%sext_ln12 = sext i32 %add_ln12" [dfg_199.c:12]   --->   Operation 244 'sext' 'sext_ln12' <Predicate = true> <Delay = 0.00>
ST_85 : Operation 245 [37/37] (4.16ns)   --->   "%udiv_ln12 = udiv i33 3630855853, i33 %sext_ln12" [dfg_199.c:12]   --->   Operation 245 'udiv' 'udiv_ln12' <Predicate = true> <Delay = 4.16> <CoreInst = "DivnS_SEQ">   --->   Core 7 'DivnS_SEQ' <Latency = 35> <II = 16> <Delay = 4.13> <FuncUnit> <Opcode : 'sdiv' 'srem' 'udiv' 'urem'> <InPorts = 2> <OutPorts = 1>
ST_85 : Operation 246 [1/1] (0.00ns)   --->   "%mantissa = bitconcatenate i25 @_ssdm_op_BitConcatenate.i25.i1.i23.i1, i1 1, i23 %tmp_3, i1 0"   --->   Operation 246 'bitconcatenate' 'mantissa' <Predicate = true> <Delay = 0.00>
ST_85 : Operation 247 [1/1] (0.00ns)   --->   "%zext_ln68 = zext i25 %mantissa" [/wrk/ci/prod/2020.2/rdi_builds/continuous/2020_11_18_3064766/src/shared/hls/clib/hlsmath/include/FloatingPoint/hls_case_IEEE754.h:68]   --->   Operation 247 'zext' 'zext_ln68' <Predicate = true> <Delay = 0.00>
ST_85 : Operation 248 [1/1] (0.00ns)   --->   "%sext_ln1311 = sext i8 %sub_ln1311"   --->   Operation 248 'sext' 'sext_ln1311' <Predicate = (isNeg)> <Delay = 0.00>
ST_85 : Operation 249 [1/1] (0.96ns)   --->   "%ush = select i1 %isNeg, i9 %sext_ln1311, i9 %add_ln341"   --->   Operation 249 'select' 'ush' <Predicate = true> <Delay = 0.96> <CoreInst = "Sel">   --->   Core 73 'Sel' <Latency = 0> <II = 1> <Delay = 0.69> <FuncUnit> <Opcode : 'select'> <InPorts = 3> <OutPorts = 1>
ST_85 : Operation 250 [1/1] (0.00ns)   --->   "%sh_prom_i_i_i_i_i_cast_cast_cast = sext i9 %ush"   --->   Operation 250 'sext' 'sh_prom_i_i_i_i_i_cast_cast_cast' <Predicate = true> <Delay = 0.00>
ST_85 : Operation 251 [1/1] (0.00ns)   --->   "%sh_prom_i_i_i_i_i_cast_cast_cast_cast = zext i32 %sh_prom_i_i_i_i_i_cast_cast_cast"   --->   Operation 251 'zext' 'sh_prom_i_i_i_i_i_cast_cast_cast_cast' <Predicate = true> <Delay = 0.00>
ST_85 : Operation 252 [1/1] (0.00ns) (grouped into LUT with out node val)   --->   "%r_V = lshr i79 %zext_ln68, i79 %sh_prom_i_i_i_i_i_cast_cast_cast_cast"   --->   Operation 252 'lshr' 'r_V' <Predicate = (isNeg)> <Delay = 0.00> <CoreInst = "Shifter">   --->   Core 75 'Shifter' <Latency = 0> <II = 1> <Delay = 4.42> <FuncUnit> <Opcode : 'shl' 'lshr' 'ashr'> <InPorts = 2> <OutPorts = 1>
ST_85 : Operation 253 [1/1] (0.00ns) (grouped into LUT with out node val)   --->   "%r_V_1 = shl i79 %zext_ln68, i79 %sh_prom_i_i_i_i_i_cast_cast_cast_cast"   --->   Operation 253 'shl' 'r_V_1' <Predicate = (!isNeg)> <Delay = 0.00> <CoreInst = "Shifter">   --->   Core 75 'Shifter' <Latency = 0> <II = 1> <Delay = 4.42> <FuncUnit> <Opcode : 'shl' 'lshr' 'ashr'> <InPorts = 2> <OutPorts = 1>
ST_85 : Operation 254 [1/1] (0.00ns) (grouped into LUT with out node val)   --->   "%tmp = bitselect i1 @_ssdm_op_BitSelect.i1.i79.i32, i79 %r_V, i32 24"   --->   Operation 254 'bitselect' 'tmp' <Predicate = (isNeg)> <Delay = 0.00>
ST_85 : Operation 255 [1/1] (0.00ns) (grouped into LUT with out node val)   --->   "%zext_ln662 = zext i1 %tmp"   --->   Operation 255 'zext' 'zext_ln662' <Predicate = (isNeg)> <Delay = 0.00>
ST_85 : Operation 256 [1/1] (0.00ns) (grouped into LUT with out node val)   --->   "%tmp_1 = partselect i32 @_ssdm_op_PartSelect.i32.i79.i32.i32, i79 %r_V_1, i32 24, i32 55"   --->   Operation 256 'partselect' 'tmp_1' <Predicate = (!isNeg)> <Delay = 0.00>
ST_85 : Operation 257 [1/1] (4.42ns) (out node of the LUT)   --->   "%val = select i1 %isNeg, i32 %zext_ln662, i32 %tmp_1"   --->   Operation 257 'select' 'val' <Predicate = true> <Delay = 4.42> <CoreInst = "Sel">   --->   Core 73 'Sel' <Latency = 0> <II = 1> <Delay = 0.69> <FuncUnit> <Opcode : 'select'> <InPorts = 3> <OutPorts = 1>

State 86 <SV = 85> <Delay = 6.68>
ST_86 : Operation 258 [36/37] (4.16ns)   --->   "%udiv_ln12 = udiv i33 3630855853, i33 %sext_ln12" [dfg_199.c:12]   --->   Operation 258 'udiv' 'udiv_ln12' <Predicate = true> <Delay = 4.16> <CoreInst = "DivnS_SEQ">   --->   Core 7 'DivnS_SEQ' <Latency = 35> <II = 16> <Delay = 4.13> <FuncUnit> <Opcode : 'sdiv' 'srem' 'udiv' 'urem'> <InPorts = 2> <OutPorts = 1>
ST_86 : Operation 259 [1/1] (2.55ns)   --->   "%add_ln18 = add i32 %p_read, i32 92" [dfg_199.c:18]   --->   Operation 259 'add' 'add_ln18' <Predicate = true> <Delay = 2.55> <CoreInst = "Adder">   --->   Core 1 'Adder' <Latency = 0> <II = 1> <Delay = 2.59> <FuncUnit> <Opcode : 'add' 'sub'> <InPorts = 2> <OutPorts = 1>
ST_86 : Operation 260 [36/36] (4.13ns)   --->   "%urem_ln17 = urem i32 %val, i32 %add_ln18" [dfg_199.c:17]   --->   Operation 260 'urem' 'urem_ln17' <Predicate = true> <Delay = 4.13> <CoreInst = "DivnS_SEQ">   --->   Core 7 'DivnS_SEQ' <Latency = 35> <II = 32> <Delay = 4.13> <FuncUnit> <Opcode : 'sdiv' 'srem' 'udiv' 'urem'> <InPorts = 2> <OutPorts = 1>

State 87 <SV = 86> <Delay = 4.16>
ST_87 : Operation 261 [35/37] (4.16ns)   --->   "%udiv_ln12 = udiv i33 3630855853, i33 %sext_ln12" [dfg_199.c:12]   --->   Operation 261 'udiv' 'udiv_ln12' <Predicate = true> <Delay = 4.16> <CoreInst = "DivnS_SEQ">   --->   Core 7 'DivnS_SEQ' <Latency = 35> <II = 16> <Delay = 4.13> <FuncUnit> <Opcode : 'sdiv' 'srem' 'udiv' 'urem'> <InPorts = 2> <OutPorts = 1>
ST_87 : Operation 262 [35/36] (4.13ns)   --->   "%urem_ln17 = urem i32 %val, i32 %add_ln18" [dfg_199.c:17]   --->   Operation 262 'urem' 'urem_ln17' <Predicate = true> <Delay = 4.13> <CoreInst = "DivnS_SEQ">   --->   Core 7 'DivnS_SEQ' <Latency = 35> <II = 32> <Delay = 4.13> <FuncUnit> <Opcode : 'sdiv' 'srem' 'udiv' 'urem'> <InPorts = 2> <OutPorts = 1>

State 88 <SV = 87> <Delay = 4.16>
ST_88 : Operation 263 [34/37] (4.16ns)   --->   "%udiv_ln12 = udiv i33 3630855853, i33 %sext_ln12" [dfg_199.c:12]   --->   Operation 263 'udiv' 'udiv_ln12' <Predicate = true> <Delay = 4.16> <CoreInst = "DivnS_SEQ">   --->   Core 7 'DivnS_SEQ' <Latency = 35> <II = 16> <Delay = 4.13> <FuncUnit> <Opcode : 'sdiv' 'srem' 'udiv' 'urem'> <InPorts = 2> <OutPorts = 1>
ST_88 : Operation 264 [34/36] (4.13ns)   --->   "%urem_ln17 = urem i32 %val, i32 %add_ln18" [dfg_199.c:17]   --->   Operation 264 'urem' 'urem_ln17' <Predicate = true> <Delay = 4.13> <CoreInst = "DivnS_SEQ">   --->   Core 7 'DivnS_SEQ' <Latency = 35> <II = 32> <Delay = 4.13> <FuncUnit> <Opcode : 'sdiv' 'srem' 'udiv' 'urem'> <InPorts = 2> <OutPorts = 1>

State 89 <SV = 88> <Delay = 4.16>
ST_89 : Operation 265 [33/37] (4.16ns)   --->   "%udiv_ln12 = udiv i33 3630855853, i33 %sext_ln12" [dfg_199.c:12]   --->   Operation 265 'udiv' 'udiv_ln12' <Predicate = true> <Delay = 4.16> <CoreInst = "DivnS_SEQ">   --->   Core 7 'DivnS_SEQ' <Latency = 35> <II = 16> <Delay = 4.13> <FuncUnit> <Opcode : 'sdiv' 'srem' 'udiv' 'urem'> <InPorts = 2> <OutPorts = 1>
ST_89 : Operation 266 [33/36] (4.13ns)   --->   "%urem_ln17 = urem i32 %val, i32 %add_ln18" [dfg_199.c:17]   --->   Operation 266 'urem' 'urem_ln17' <Predicate = true> <Delay = 4.13> <CoreInst = "DivnS_SEQ">   --->   Core 7 'DivnS_SEQ' <Latency = 35> <II = 32> <Delay = 4.13> <FuncUnit> <Opcode : 'sdiv' 'srem' 'udiv' 'urem'> <InPorts = 2> <OutPorts = 1>

State 90 <SV = 89> <Delay = 4.16>
ST_90 : Operation 267 [32/37] (4.16ns)   --->   "%udiv_ln12 = udiv i33 3630855853, i33 %sext_ln12" [dfg_199.c:12]   --->   Operation 267 'udiv' 'udiv_ln12' <Predicate = true> <Delay = 4.16> <CoreInst = "DivnS_SEQ">   --->   Core 7 'DivnS_SEQ' <Latency = 35> <II = 16> <Delay = 4.13> <FuncUnit> <Opcode : 'sdiv' 'srem' 'udiv' 'urem'> <InPorts = 2> <OutPorts = 1>
ST_90 : Operation 268 [32/36] (4.13ns)   --->   "%urem_ln17 = urem i32 %val, i32 %add_ln18" [dfg_199.c:17]   --->   Operation 268 'urem' 'urem_ln17' <Predicate = true> <Delay = 4.13> <CoreInst = "DivnS_SEQ">   --->   Core 7 'DivnS_SEQ' <Latency = 35> <II = 32> <Delay = 4.13> <FuncUnit> <Opcode : 'sdiv' 'srem' 'udiv' 'urem'> <InPorts = 2> <OutPorts = 1>

State 91 <SV = 90> <Delay = 4.16>
ST_91 : Operation 269 [31/37] (4.16ns)   --->   "%udiv_ln12 = udiv i33 3630855853, i33 %sext_ln12" [dfg_199.c:12]   --->   Operation 269 'udiv' 'udiv_ln12' <Predicate = true> <Delay = 4.16> <CoreInst = "DivnS_SEQ">   --->   Core 7 'DivnS_SEQ' <Latency = 35> <II = 16> <Delay = 4.13> <FuncUnit> <Opcode : 'sdiv' 'srem' 'udiv' 'urem'> <InPorts = 2> <OutPorts = 1>
ST_91 : Operation 270 [31/36] (4.13ns)   --->   "%urem_ln17 = urem i32 %val, i32 %add_ln18" [dfg_199.c:17]   --->   Operation 270 'urem' 'urem_ln17' <Predicate = true> <Delay = 4.13> <CoreInst = "DivnS_SEQ">   --->   Core 7 'DivnS_SEQ' <Latency = 35> <II = 32> <Delay = 4.13> <FuncUnit> <Opcode : 'sdiv' 'srem' 'udiv' 'urem'> <InPorts = 2> <OutPorts = 1>

State 92 <SV = 91> <Delay = 4.16>
ST_92 : Operation 271 [30/37] (4.16ns)   --->   "%udiv_ln12 = udiv i33 3630855853, i33 %sext_ln12" [dfg_199.c:12]   --->   Operation 271 'udiv' 'udiv_ln12' <Predicate = true> <Delay = 4.16> <CoreInst = "DivnS_SEQ">   --->   Core 7 'DivnS_SEQ' <Latency = 35> <II = 16> <Delay = 4.13> <FuncUnit> <Opcode : 'sdiv' 'srem' 'udiv' 'urem'> <InPorts = 2> <OutPorts = 1>
ST_92 : Operation 272 [30/36] (4.13ns)   --->   "%urem_ln17 = urem i32 %val, i32 %add_ln18" [dfg_199.c:17]   --->   Operation 272 'urem' 'urem_ln17' <Predicate = true> <Delay = 4.13> <CoreInst = "DivnS_SEQ">   --->   Core 7 'DivnS_SEQ' <Latency = 35> <II = 32> <Delay = 4.13> <FuncUnit> <Opcode : 'sdiv' 'srem' 'udiv' 'urem'> <InPorts = 2> <OutPorts = 1>

State 93 <SV = 92> <Delay = 4.16>
ST_93 : Operation 273 [29/37] (4.16ns)   --->   "%udiv_ln12 = udiv i33 3630855853, i33 %sext_ln12" [dfg_199.c:12]   --->   Operation 273 'udiv' 'udiv_ln12' <Predicate = true> <Delay = 4.16> <CoreInst = "DivnS_SEQ">   --->   Core 7 'DivnS_SEQ' <Latency = 35> <II = 16> <Delay = 4.13> <FuncUnit> <Opcode : 'sdiv' 'srem' 'udiv' 'urem'> <InPorts = 2> <OutPorts = 1>
ST_93 : Operation 274 [29/36] (4.13ns)   --->   "%urem_ln17 = urem i32 %val, i32 %add_ln18" [dfg_199.c:17]   --->   Operation 274 'urem' 'urem_ln17' <Predicate = true> <Delay = 4.13> <CoreInst = "DivnS_SEQ">   --->   Core 7 'DivnS_SEQ' <Latency = 35> <II = 32> <Delay = 4.13> <FuncUnit> <Opcode : 'sdiv' 'srem' 'udiv' 'urem'> <InPorts = 2> <OutPorts = 1>

State 94 <SV = 93> <Delay = 4.16>
ST_94 : Operation 275 [28/37] (4.16ns)   --->   "%udiv_ln12 = udiv i33 3630855853, i33 %sext_ln12" [dfg_199.c:12]   --->   Operation 275 'udiv' 'udiv_ln12' <Predicate = true> <Delay = 4.16> <CoreInst = "DivnS_SEQ">   --->   Core 7 'DivnS_SEQ' <Latency = 35> <II = 16> <Delay = 4.13> <FuncUnit> <Opcode : 'sdiv' 'srem' 'udiv' 'urem'> <InPorts = 2> <OutPorts = 1>
ST_94 : Operation 276 [28/36] (4.13ns)   --->   "%urem_ln17 = urem i32 %val, i32 %add_ln18" [dfg_199.c:17]   --->   Operation 276 'urem' 'urem_ln17' <Predicate = true> <Delay = 4.13> <CoreInst = "DivnS_SEQ">   --->   Core 7 'DivnS_SEQ' <Latency = 35> <II = 32> <Delay = 4.13> <FuncUnit> <Opcode : 'sdiv' 'srem' 'udiv' 'urem'> <InPorts = 2> <OutPorts = 1>

State 95 <SV = 94> <Delay = 4.16>
ST_95 : Operation 277 [27/37] (4.16ns)   --->   "%udiv_ln12 = udiv i33 3630855853, i33 %sext_ln12" [dfg_199.c:12]   --->   Operation 277 'udiv' 'udiv_ln12' <Predicate = true> <Delay = 4.16> <CoreInst = "DivnS_SEQ">   --->   Core 7 'DivnS_SEQ' <Latency = 35> <II = 16> <Delay = 4.13> <FuncUnit> <Opcode : 'sdiv' 'srem' 'udiv' 'urem'> <InPorts = 2> <OutPorts = 1>
ST_95 : Operation 278 [27/36] (4.13ns)   --->   "%urem_ln17 = urem i32 %val, i32 %add_ln18" [dfg_199.c:17]   --->   Operation 278 'urem' 'urem_ln17' <Predicate = true> <Delay = 4.13> <CoreInst = "DivnS_SEQ">   --->   Core 7 'DivnS_SEQ' <Latency = 35> <II = 32> <Delay = 4.13> <FuncUnit> <Opcode : 'sdiv' 'srem' 'udiv' 'urem'> <InPorts = 2> <OutPorts = 1>

State 96 <SV = 95> <Delay = 4.16>
ST_96 : Operation 279 [26/37] (4.16ns)   --->   "%udiv_ln12 = udiv i33 3630855853, i33 %sext_ln12" [dfg_199.c:12]   --->   Operation 279 'udiv' 'udiv_ln12' <Predicate = true> <Delay = 4.16> <CoreInst = "DivnS_SEQ">   --->   Core 7 'DivnS_SEQ' <Latency = 35> <II = 16> <Delay = 4.13> <FuncUnit> <Opcode : 'sdiv' 'srem' 'udiv' 'urem'> <InPorts = 2> <OutPorts = 1>
ST_96 : Operation 280 [26/36] (4.13ns)   --->   "%urem_ln17 = urem i32 %val, i32 %add_ln18" [dfg_199.c:17]   --->   Operation 280 'urem' 'urem_ln17' <Predicate = true> <Delay = 4.13> <CoreInst = "DivnS_SEQ">   --->   Core 7 'DivnS_SEQ' <Latency = 35> <II = 32> <Delay = 4.13> <FuncUnit> <Opcode : 'sdiv' 'srem' 'udiv' 'urem'> <InPorts = 2> <OutPorts = 1>

State 97 <SV = 96> <Delay = 4.16>
ST_97 : Operation 281 [25/37] (4.16ns)   --->   "%udiv_ln12 = udiv i33 3630855853, i33 %sext_ln12" [dfg_199.c:12]   --->   Operation 281 'udiv' 'udiv_ln12' <Predicate = true> <Delay = 4.16> <CoreInst = "DivnS_SEQ">   --->   Core 7 'DivnS_SEQ' <Latency = 35> <II = 16> <Delay = 4.13> <FuncUnit> <Opcode : 'sdiv' 'srem' 'udiv' 'urem'> <InPorts = 2> <OutPorts = 1>
ST_97 : Operation 282 [25/36] (4.13ns)   --->   "%urem_ln17 = urem i32 %val, i32 %add_ln18" [dfg_199.c:17]   --->   Operation 282 'urem' 'urem_ln17' <Predicate = true> <Delay = 4.13> <CoreInst = "DivnS_SEQ">   --->   Core 7 'DivnS_SEQ' <Latency = 35> <II = 32> <Delay = 4.13> <FuncUnit> <Opcode : 'sdiv' 'srem' 'udiv' 'urem'> <InPorts = 2> <OutPorts = 1>

State 98 <SV = 97> <Delay = 4.16>
ST_98 : Operation 283 [24/37] (4.16ns)   --->   "%udiv_ln12 = udiv i33 3630855853, i33 %sext_ln12" [dfg_199.c:12]   --->   Operation 283 'udiv' 'udiv_ln12' <Predicate = true> <Delay = 4.16> <CoreInst = "DivnS_SEQ">   --->   Core 7 'DivnS_SEQ' <Latency = 35> <II = 16> <Delay = 4.13> <FuncUnit> <Opcode : 'sdiv' 'srem' 'udiv' 'urem'> <InPorts = 2> <OutPorts = 1>
ST_98 : Operation 284 [24/36] (4.13ns)   --->   "%urem_ln17 = urem i32 %val, i32 %add_ln18" [dfg_199.c:17]   --->   Operation 284 'urem' 'urem_ln17' <Predicate = true> <Delay = 4.13> <CoreInst = "DivnS_SEQ">   --->   Core 7 'DivnS_SEQ' <Latency = 35> <II = 32> <Delay = 4.13> <FuncUnit> <Opcode : 'sdiv' 'srem' 'udiv' 'urem'> <InPorts = 2> <OutPorts = 1>

State 99 <SV = 98> <Delay = 4.16>
ST_99 : Operation 285 [23/37] (4.16ns)   --->   "%udiv_ln12 = udiv i33 3630855853, i33 %sext_ln12" [dfg_199.c:12]   --->   Operation 285 'udiv' 'udiv_ln12' <Predicate = true> <Delay = 4.16> <CoreInst = "DivnS_SEQ">   --->   Core 7 'DivnS_SEQ' <Latency = 35> <II = 16> <Delay = 4.13> <FuncUnit> <Opcode : 'sdiv' 'srem' 'udiv' 'urem'> <InPorts = 2> <OutPorts = 1>
ST_99 : Operation 286 [23/36] (4.13ns)   --->   "%urem_ln17 = urem i32 %val, i32 %add_ln18" [dfg_199.c:17]   --->   Operation 286 'urem' 'urem_ln17' <Predicate = true> <Delay = 4.13> <CoreInst = "DivnS_SEQ">   --->   Core 7 'DivnS_SEQ' <Latency = 35> <II = 32> <Delay = 4.13> <FuncUnit> <Opcode : 'sdiv' 'srem' 'udiv' 'urem'> <InPorts = 2> <OutPorts = 1>

State 100 <SV = 99> <Delay = 4.16>
ST_100 : Operation 287 [22/37] (4.16ns)   --->   "%udiv_ln12 = udiv i33 3630855853, i33 %sext_ln12" [dfg_199.c:12]   --->   Operation 287 'udiv' 'udiv_ln12' <Predicate = true> <Delay = 4.16> <CoreInst = "DivnS_SEQ">   --->   Core 7 'DivnS_SEQ' <Latency = 35> <II = 16> <Delay = 4.13> <FuncUnit> <Opcode : 'sdiv' 'srem' 'udiv' 'urem'> <InPorts = 2> <OutPorts = 1>
ST_100 : Operation 288 [22/36] (4.13ns)   --->   "%urem_ln17 = urem i32 %val, i32 %add_ln18" [dfg_199.c:17]   --->   Operation 288 'urem' 'urem_ln17' <Predicate = true> <Delay = 4.13> <CoreInst = "DivnS_SEQ">   --->   Core 7 'DivnS_SEQ' <Latency = 35> <II = 32> <Delay = 4.13> <FuncUnit> <Opcode : 'sdiv' 'srem' 'udiv' 'urem'> <InPorts = 2> <OutPorts = 1>

State 101 <SV = 100> <Delay = 4.16>
ST_101 : Operation 289 [21/37] (4.16ns)   --->   "%udiv_ln12 = udiv i33 3630855853, i33 %sext_ln12" [dfg_199.c:12]   --->   Operation 289 'udiv' 'udiv_ln12' <Predicate = true> <Delay = 4.16> <CoreInst = "DivnS_SEQ">   --->   Core 7 'DivnS_SEQ' <Latency = 35> <II = 16> <Delay = 4.13> <FuncUnit> <Opcode : 'sdiv' 'srem' 'udiv' 'urem'> <InPorts = 2> <OutPorts = 1>
ST_101 : Operation 290 [21/36] (4.13ns)   --->   "%urem_ln17 = urem i32 %val, i32 %add_ln18" [dfg_199.c:17]   --->   Operation 290 'urem' 'urem_ln17' <Predicate = true> <Delay = 4.13> <CoreInst = "DivnS_SEQ">   --->   Core 7 'DivnS_SEQ' <Latency = 35> <II = 32> <Delay = 4.13> <FuncUnit> <Opcode : 'sdiv' 'srem' 'udiv' 'urem'> <InPorts = 2> <OutPorts = 1>

State 102 <SV = 101> <Delay = 4.16>
ST_102 : Operation 291 [20/37] (4.16ns)   --->   "%udiv_ln12 = udiv i33 3630855853, i33 %sext_ln12" [dfg_199.c:12]   --->   Operation 291 'udiv' 'udiv_ln12' <Predicate = true> <Delay = 4.16> <CoreInst = "DivnS_SEQ">   --->   Core 7 'DivnS_SEQ' <Latency = 35> <II = 16> <Delay = 4.13> <FuncUnit> <Opcode : 'sdiv' 'srem' 'udiv' 'urem'> <InPorts = 2> <OutPorts = 1>
ST_102 : Operation 292 [20/36] (4.13ns)   --->   "%urem_ln17 = urem i32 %val, i32 %add_ln18" [dfg_199.c:17]   --->   Operation 292 'urem' 'urem_ln17' <Predicate = true> <Delay = 4.13> <CoreInst = "DivnS_SEQ">   --->   Core 7 'DivnS_SEQ' <Latency = 35> <II = 32> <Delay = 4.13> <FuncUnit> <Opcode : 'sdiv' 'srem' 'udiv' 'urem'> <InPorts = 2> <OutPorts = 1>

State 103 <SV = 102> <Delay = 4.16>
ST_103 : Operation 293 [19/37] (4.16ns)   --->   "%udiv_ln12 = udiv i33 3630855853, i33 %sext_ln12" [dfg_199.c:12]   --->   Operation 293 'udiv' 'udiv_ln12' <Predicate = true> <Delay = 4.16> <CoreInst = "DivnS_SEQ">   --->   Core 7 'DivnS_SEQ' <Latency = 35> <II = 16> <Delay = 4.13> <FuncUnit> <Opcode : 'sdiv' 'srem' 'udiv' 'urem'> <InPorts = 2> <OutPorts = 1>
ST_103 : Operation 294 [19/36] (4.13ns)   --->   "%urem_ln17 = urem i32 %val, i32 %add_ln18" [dfg_199.c:17]   --->   Operation 294 'urem' 'urem_ln17' <Predicate = true> <Delay = 4.13> <CoreInst = "DivnS_SEQ">   --->   Core 7 'DivnS_SEQ' <Latency = 35> <II = 32> <Delay = 4.13> <FuncUnit> <Opcode : 'sdiv' 'srem' 'udiv' 'urem'> <InPorts = 2> <OutPorts = 1>

State 104 <SV = 103> <Delay = 4.16>
ST_104 : Operation 295 [18/37] (4.16ns)   --->   "%udiv_ln12 = udiv i33 3630855853, i33 %sext_ln12" [dfg_199.c:12]   --->   Operation 295 'udiv' 'udiv_ln12' <Predicate = true> <Delay = 4.16> <CoreInst = "DivnS_SEQ">   --->   Core 7 'DivnS_SEQ' <Latency = 35> <II = 16> <Delay = 4.13> <FuncUnit> <Opcode : 'sdiv' 'srem' 'udiv' 'urem'> <InPorts = 2> <OutPorts = 1>
ST_104 : Operation 296 [18/36] (4.13ns)   --->   "%urem_ln17 = urem i32 %val, i32 %add_ln18" [dfg_199.c:17]   --->   Operation 296 'urem' 'urem_ln17' <Predicate = true> <Delay = 4.13> <CoreInst = "DivnS_SEQ">   --->   Core 7 'DivnS_SEQ' <Latency = 35> <II = 32> <Delay = 4.13> <FuncUnit> <Opcode : 'sdiv' 'srem' 'udiv' 'urem'> <InPorts = 2> <OutPorts = 1>

State 105 <SV = 104> <Delay = 4.16>
ST_105 : Operation 297 [17/37] (4.16ns)   --->   "%udiv_ln12 = udiv i33 3630855853, i33 %sext_ln12" [dfg_199.c:12]   --->   Operation 297 'udiv' 'udiv_ln12' <Predicate = true> <Delay = 4.16> <CoreInst = "DivnS_SEQ">   --->   Core 7 'DivnS_SEQ' <Latency = 35> <II = 16> <Delay = 4.13> <FuncUnit> <Opcode : 'sdiv' 'srem' 'udiv' 'urem'> <InPorts = 2> <OutPorts = 1>
ST_105 : Operation 298 [17/36] (4.13ns)   --->   "%urem_ln17 = urem i32 %val, i32 %add_ln18" [dfg_199.c:17]   --->   Operation 298 'urem' 'urem_ln17' <Predicate = true> <Delay = 4.13> <CoreInst = "DivnS_SEQ">   --->   Core 7 'DivnS_SEQ' <Latency = 35> <II = 32> <Delay = 4.13> <FuncUnit> <Opcode : 'sdiv' 'srem' 'udiv' 'urem'> <InPorts = 2> <OutPorts = 1>

State 106 <SV = 105> <Delay = 4.16>
ST_106 : Operation 299 [16/37] (4.16ns)   --->   "%udiv_ln12 = udiv i33 3630855853, i33 %sext_ln12" [dfg_199.c:12]   --->   Operation 299 'udiv' 'udiv_ln12' <Predicate = true> <Delay = 4.16> <CoreInst = "DivnS_SEQ">   --->   Core 7 'DivnS_SEQ' <Latency = 35> <II = 16> <Delay = 4.13> <FuncUnit> <Opcode : 'sdiv' 'srem' 'udiv' 'urem'> <InPorts = 2> <OutPorts = 1>
ST_106 : Operation 300 [16/36] (4.13ns)   --->   "%urem_ln17 = urem i32 %val, i32 %add_ln18" [dfg_199.c:17]   --->   Operation 300 'urem' 'urem_ln17' <Predicate = true> <Delay = 4.13> <CoreInst = "DivnS_SEQ">   --->   Core 7 'DivnS_SEQ' <Latency = 35> <II = 32> <Delay = 4.13> <FuncUnit> <Opcode : 'sdiv' 'srem' 'udiv' 'urem'> <InPorts = 2> <OutPorts = 1>

State 107 <SV = 106> <Delay = 4.16>
ST_107 : Operation 301 [15/37] (4.16ns)   --->   "%udiv_ln12 = udiv i33 3630855853, i33 %sext_ln12" [dfg_199.c:12]   --->   Operation 301 'udiv' 'udiv_ln12' <Predicate = true> <Delay = 4.16> <CoreInst = "DivnS_SEQ">   --->   Core 7 'DivnS_SEQ' <Latency = 35> <II = 16> <Delay = 4.13> <FuncUnit> <Opcode : 'sdiv' 'srem' 'udiv' 'urem'> <InPorts = 2> <OutPorts = 1>
ST_107 : Operation 302 [15/36] (4.13ns)   --->   "%urem_ln17 = urem i32 %val, i32 %add_ln18" [dfg_199.c:17]   --->   Operation 302 'urem' 'urem_ln17' <Predicate = true> <Delay = 4.13> <CoreInst = "DivnS_SEQ">   --->   Core 7 'DivnS_SEQ' <Latency = 35> <II = 32> <Delay = 4.13> <FuncUnit> <Opcode : 'sdiv' 'srem' 'udiv' 'urem'> <InPorts = 2> <OutPorts = 1>

State 108 <SV = 107> <Delay = 4.16>
ST_108 : Operation 303 [14/37] (4.16ns)   --->   "%udiv_ln12 = udiv i33 3630855853, i33 %sext_ln12" [dfg_199.c:12]   --->   Operation 303 'udiv' 'udiv_ln12' <Predicate = true> <Delay = 4.16> <CoreInst = "DivnS_SEQ">   --->   Core 7 'DivnS_SEQ' <Latency = 35> <II = 16> <Delay = 4.13> <FuncUnit> <Opcode : 'sdiv' 'srem' 'udiv' 'urem'> <InPorts = 2> <OutPorts = 1>
ST_108 : Operation 304 [14/36] (4.13ns)   --->   "%urem_ln17 = urem i32 %val, i32 %add_ln18" [dfg_199.c:17]   --->   Operation 304 'urem' 'urem_ln17' <Predicate = true> <Delay = 4.13> <CoreInst = "DivnS_SEQ">   --->   Core 7 'DivnS_SEQ' <Latency = 35> <II = 32> <Delay = 4.13> <FuncUnit> <Opcode : 'sdiv' 'srem' 'udiv' 'urem'> <InPorts = 2> <OutPorts = 1>

State 109 <SV = 108> <Delay = 4.16>
ST_109 : Operation 305 [13/37] (4.16ns)   --->   "%udiv_ln12 = udiv i33 3630855853, i33 %sext_ln12" [dfg_199.c:12]   --->   Operation 305 'udiv' 'udiv_ln12' <Predicate = true> <Delay = 4.16> <CoreInst = "DivnS_SEQ">   --->   Core 7 'DivnS_SEQ' <Latency = 35> <II = 16> <Delay = 4.13> <FuncUnit> <Opcode : 'sdiv' 'srem' 'udiv' 'urem'> <InPorts = 2> <OutPorts = 1>
ST_109 : Operation 306 [13/36] (4.13ns)   --->   "%urem_ln17 = urem i32 %val, i32 %add_ln18" [dfg_199.c:17]   --->   Operation 306 'urem' 'urem_ln17' <Predicate = true> <Delay = 4.13> <CoreInst = "DivnS_SEQ">   --->   Core 7 'DivnS_SEQ' <Latency = 35> <II = 32> <Delay = 4.13> <FuncUnit> <Opcode : 'sdiv' 'srem' 'udiv' 'urem'> <InPorts = 2> <OutPorts = 1>

State 110 <SV = 109> <Delay = 4.16>
ST_110 : Operation 307 [12/37] (4.16ns)   --->   "%udiv_ln12 = udiv i33 3630855853, i33 %sext_ln12" [dfg_199.c:12]   --->   Operation 307 'udiv' 'udiv_ln12' <Predicate = true> <Delay = 4.16> <CoreInst = "DivnS_SEQ">   --->   Core 7 'DivnS_SEQ' <Latency = 35> <II = 16> <Delay = 4.13> <FuncUnit> <Opcode : 'sdiv' 'srem' 'udiv' 'urem'> <InPorts = 2> <OutPorts = 1>
ST_110 : Operation 308 [12/36] (4.13ns)   --->   "%urem_ln17 = urem i32 %val, i32 %add_ln18" [dfg_199.c:17]   --->   Operation 308 'urem' 'urem_ln17' <Predicate = true> <Delay = 4.13> <CoreInst = "DivnS_SEQ">   --->   Core 7 'DivnS_SEQ' <Latency = 35> <II = 32> <Delay = 4.13> <FuncUnit> <Opcode : 'sdiv' 'srem' 'udiv' 'urem'> <InPorts = 2> <OutPorts = 1>

State 111 <SV = 110> <Delay = 4.16>
ST_111 : Operation 309 [11/37] (4.16ns)   --->   "%udiv_ln12 = udiv i33 3630855853, i33 %sext_ln12" [dfg_199.c:12]   --->   Operation 309 'udiv' 'udiv_ln12' <Predicate = true> <Delay = 4.16> <CoreInst = "DivnS_SEQ">   --->   Core 7 'DivnS_SEQ' <Latency = 35> <II = 16> <Delay = 4.13> <FuncUnit> <Opcode : 'sdiv' 'srem' 'udiv' 'urem'> <InPorts = 2> <OutPorts = 1>
ST_111 : Operation 310 [11/36] (4.13ns)   --->   "%urem_ln17 = urem i32 %val, i32 %add_ln18" [dfg_199.c:17]   --->   Operation 310 'urem' 'urem_ln17' <Predicate = true> <Delay = 4.13> <CoreInst = "DivnS_SEQ">   --->   Core 7 'DivnS_SEQ' <Latency = 35> <II = 32> <Delay = 4.13> <FuncUnit> <Opcode : 'sdiv' 'srem' 'udiv' 'urem'> <InPorts = 2> <OutPorts = 1>

State 112 <SV = 111> <Delay = 4.16>
ST_112 : Operation 311 [10/37] (4.16ns)   --->   "%udiv_ln12 = udiv i33 3630855853, i33 %sext_ln12" [dfg_199.c:12]   --->   Operation 311 'udiv' 'udiv_ln12' <Predicate = true> <Delay = 4.16> <CoreInst = "DivnS_SEQ">   --->   Core 7 'DivnS_SEQ' <Latency = 35> <II = 16> <Delay = 4.13> <FuncUnit> <Opcode : 'sdiv' 'srem' 'udiv' 'urem'> <InPorts = 2> <OutPorts = 1>
ST_112 : Operation 312 [10/36] (4.13ns)   --->   "%urem_ln17 = urem i32 %val, i32 %add_ln18" [dfg_199.c:17]   --->   Operation 312 'urem' 'urem_ln17' <Predicate = true> <Delay = 4.13> <CoreInst = "DivnS_SEQ">   --->   Core 7 'DivnS_SEQ' <Latency = 35> <II = 32> <Delay = 4.13> <FuncUnit> <Opcode : 'sdiv' 'srem' 'udiv' 'urem'> <InPorts = 2> <OutPorts = 1>

State 113 <SV = 112> <Delay = 4.16>
ST_113 : Operation 313 [9/37] (4.16ns)   --->   "%udiv_ln12 = udiv i33 3630855853, i33 %sext_ln12" [dfg_199.c:12]   --->   Operation 313 'udiv' 'udiv_ln12' <Predicate = true> <Delay = 4.16> <CoreInst = "DivnS_SEQ">   --->   Core 7 'DivnS_SEQ' <Latency = 35> <II = 16> <Delay = 4.13> <FuncUnit> <Opcode : 'sdiv' 'srem' 'udiv' 'urem'> <InPorts = 2> <OutPorts = 1>
ST_113 : Operation 314 [9/36] (4.13ns)   --->   "%urem_ln17 = urem i32 %val, i32 %add_ln18" [dfg_199.c:17]   --->   Operation 314 'urem' 'urem_ln17' <Predicate = true> <Delay = 4.13> <CoreInst = "DivnS_SEQ">   --->   Core 7 'DivnS_SEQ' <Latency = 35> <II = 32> <Delay = 4.13> <FuncUnit> <Opcode : 'sdiv' 'srem' 'udiv' 'urem'> <InPorts = 2> <OutPorts = 1>

State 114 <SV = 113> <Delay = 4.16>
ST_114 : Operation 315 [8/37] (4.16ns)   --->   "%udiv_ln12 = udiv i33 3630855853, i33 %sext_ln12" [dfg_199.c:12]   --->   Operation 315 'udiv' 'udiv_ln12' <Predicate = true> <Delay = 4.16> <CoreInst = "DivnS_SEQ">   --->   Core 7 'DivnS_SEQ' <Latency = 35> <II = 16> <Delay = 4.13> <FuncUnit> <Opcode : 'sdiv' 'srem' 'udiv' 'urem'> <InPorts = 2> <OutPorts = 1>
ST_114 : Operation 316 [8/36] (4.13ns)   --->   "%urem_ln17 = urem i32 %val, i32 %add_ln18" [dfg_199.c:17]   --->   Operation 316 'urem' 'urem_ln17' <Predicate = true> <Delay = 4.13> <CoreInst = "DivnS_SEQ">   --->   Core 7 'DivnS_SEQ' <Latency = 35> <II = 32> <Delay = 4.13> <FuncUnit> <Opcode : 'sdiv' 'srem' 'udiv' 'urem'> <InPorts = 2> <OutPorts = 1>

State 115 <SV = 114> <Delay = 4.16>
ST_115 : Operation 317 [7/37] (4.16ns)   --->   "%udiv_ln12 = udiv i33 3630855853, i33 %sext_ln12" [dfg_199.c:12]   --->   Operation 317 'udiv' 'udiv_ln12' <Predicate = true> <Delay = 4.16> <CoreInst = "DivnS_SEQ">   --->   Core 7 'DivnS_SEQ' <Latency = 35> <II = 16> <Delay = 4.13> <FuncUnit> <Opcode : 'sdiv' 'srem' 'udiv' 'urem'> <InPorts = 2> <OutPorts = 1>
ST_115 : Operation 318 [7/36] (4.13ns)   --->   "%urem_ln17 = urem i32 %val, i32 %add_ln18" [dfg_199.c:17]   --->   Operation 318 'urem' 'urem_ln17' <Predicate = true> <Delay = 4.13> <CoreInst = "DivnS_SEQ">   --->   Core 7 'DivnS_SEQ' <Latency = 35> <II = 32> <Delay = 4.13> <FuncUnit> <Opcode : 'sdiv' 'srem' 'udiv' 'urem'> <InPorts = 2> <OutPorts = 1>

State 116 <SV = 115> <Delay = 4.16>
ST_116 : Operation 319 [6/37] (4.16ns)   --->   "%udiv_ln12 = udiv i33 3630855853, i33 %sext_ln12" [dfg_199.c:12]   --->   Operation 319 'udiv' 'udiv_ln12' <Predicate = true> <Delay = 4.16> <CoreInst = "DivnS_SEQ">   --->   Core 7 'DivnS_SEQ' <Latency = 35> <II = 16> <Delay = 4.13> <FuncUnit> <Opcode : 'sdiv' 'srem' 'udiv' 'urem'> <InPorts = 2> <OutPorts = 1>
ST_116 : Operation 320 [6/36] (4.13ns)   --->   "%urem_ln17 = urem i32 %val, i32 %add_ln18" [dfg_199.c:17]   --->   Operation 320 'urem' 'urem_ln17' <Predicate = true> <Delay = 4.13> <CoreInst = "DivnS_SEQ">   --->   Core 7 'DivnS_SEQ' <Latency = 35> <II = 32> <Delay = 4.13> <FuncUnit> <Opcode : 'sdiv' 'srem' 'udiv' 'urem'> <InPorts = 2> <OutPorts = 1>

State 117 <SV = 116> <Delay = 4.16>
ST_117 : Operation 321 [5/37] (4.16ns)   --->   "%udiv_ln12 = udiv i33 3630855853, i33 %sext_ln12" [dfg_199.c:12]   --->   Operation 321 'udiv' 'udiv_ln12' <Predicate = true> <Delay = 4.16> <CoreInst = "DivnS_SEQ">   --->   Core 7 'DivnS_SEQ' <Latency = 35> <II = 16> <Delay = 4.13> <FuncUnit> <Opcode : 'sdiv' 'srem' 'udiv' 'urem'> <InPorts = 2> <OutPorts = 1>
ST_117 : Operation 322 [5/36] (4.13ns)   --->   "%urem_ln17 = urem i32 %val, i32 %add_ln18" [dfg_199.c:17]   --->   Operation 322 'urem' 'urem_ln17' <Predicate = true> <Delay = 4.13> <CoreInst = "DivnS_SEQ">   --->   Core 7 'DivnS_SEQ' <Latency = 35> <II = 32> <Delay = 4.13> <FuncUnit> <Opcode : 'sdiv' 'srem' 'udiv' 'urem'> <InPorts = 2> <OutPorts = 1>

State 118 <SV = 117> <Delay = 4.16>
ST_118 : Operation 323 [4/37] (4.16ns)   --->   "%udiv_ln12 = udiv i33 3630855853, i33 %sext_ln12" [dfg_199.c:12]   --->   Operation 323 'udiv' 'udiv_ln12' <Predicate = true> <Delay = 4.16> <CoreInst = "DivnS_SEQ">   --->   Core 7 'DivnS_SEQ' <Latency = 35> <II = 16> <Delay = 4.13> <FuncUnit> <Opcode : 'sdiv' 'srem' 'udiv' 'urem'> <InPorts = 2> <OutPorts = 1>
ST_118 : Operation 324 [4/36] (4.13ns)   --->   "%urem_ln17 = urem i32 %val, i32 %add_ln18" [dfg_199.c:17]   --->   Operation 324 'urem' 'urem_ln17' <Predicate = true> <Delay = 4.13> <CoreInst = "DivnS_SEQ">   --->   Core 7 'DivnS_SEQ' <Latency = 35> <II = 32> <Delay = 4.13> <FuncUnit> <Opcode : 'sdiv' 'srem' 'udiv' 'urem'> <InPorts = 2> <OutPorts = 1>

State 119 <SV = 118> <Delay = 4.16>
ST_119 : Operation 325 [3/37] (4.16ns)   --->   "%udiv_ln12 = udiv i33 3630855853, i33 %sext_ln12" [dfg_199.c:12]   --->   Operation 325 'udiv' 'udiv_ln12' <Predicate = true> <Delay = 4.16> <CoreInst = "DivnS_SEQ">   --->   Core 7 'DivnS_SEQ' <Latency = 35> <II = 16> <Delay = 4.13> <FuncUnit> <Opcode : 'sdiv' 'srem' 'udiv' 'urem'> <InPorts = 2> <OutPorts = 1>
ST_119 : Operation 326 [3/36] (4.13ns)   --->   "%urem_ln17 = urem i32 %val, i32 %add_ln18" [dfg_199.c:17]   --->   Operation 326 'urem' 'urem_ln17' <Predicate = true> <Delay = 4.13> <CoreInst = "DivnS_SEQ">   --->   Core 7 'DivnS_SEQ' <Latency = 35> <II = 32> <Delay = 4.13> <FuncUnit> <Opcode : 'sdiv' 'srem' 'udiv' 'urem'> <InPorts = 2> <OutPorts = 1>

State 120 <SV = 119> <Delay = 4.16>
ST_120 : Operation 327 [2/37] (4.16ns)   --->   "%udiv_ln12 = udiv i33 3630855853, i33 %sext_ln12" [dfg_199.c:12]   --->   Operation 327 'udiv' 'udiv_ln12' <Predicate = true> <Delay = 4.16> <CoreInst = "DivnS_SEQ">   --->   Core 7 'DivnS_SEQ' <Latency = 35> <II = 16> <Delay = 4.13> <FuncUnit> <Opcode : 'sdiv' 'srem' 'udiv' 'urem'> <InPorts = 2> <OutPorts = 1>
ST_120 : Operation 328 [2/36] (4.13ns)   --->   "%urem_ln17 = urem i32 %val, i32 %add_ln18" [dfg_199.c:17]   --->   Operation 328 'urem' 'urem_ln17' <Predicate = true> <Delay = 4.13> <CoreInst = "DivnS_SEQ">   --->   Core 7 'DivnS_SEQ' <Latency = 35> <II = 32> <Delay = 4.13> <FuncUnit> <Opcode : 'sdiv' 'srem' 'udiv' 'urem'> <InPorts = 2> <OutPorts = 1>

State 121 <SV = 120> <Delay = 6.71>
ST_121 : Operation 329 [1/37] (4.16ns)   --->   "%udiv_ln12 = udiv i33 3630855853, i33 %sext_ln12" [dfg_199.c:12]   --->   Operation 329 'udiv' 'udiv_ln12' <Predicate = true> <Delay = 4.16> <CoreInst = "DivnS_SEQ">   --->   Core 7 'DivnS_SEQ' <Latency = 35> <II = 16> <Delay = 4.13> <FuncUnit> <Opcode : 'sdiv' 'srem' 'udiv' 'urem'> <InPorts = 2> <OutPorts = 1>
ST_121 : Operation 330 [1/1] (0.00ns) (grouped into LUT with out node sub_ln18)   --->   "%v_5 = trunc i16 %udiv_ln12" [dfg_199.c:12]   --->   Operation 330 'trunc' 'v_5' <Predicate = true> <Delay = 0.00>
ST_121 : Operation 331 [1/36] (4.13ns)   --->   "%urem_ln17 = urem i32 %val, i32 %add_ln18" [dfg_199.c:17]   --->   Operation 331 'urem' 'urem_ln17' <Predicate = true> <Delay = 4.13> <CoreInst = "DivnS_SEQ">   --->   Core 7 'DivnS_SEQ' <Latency = 35> <II = 32> <Delay = 4.13> <FuncUnit> <Opcode : 'sdiv' 'srem' 'udiv' 'urem'> <InPorts = 2> <OutPorts = 1>
ST_121 : Operation 332 [1/1] (0.00ns) (grouped into LUT with out node sub_ln18)   --->   "%zext_ln19 = zext i32 %urem_ln17" [dfg_199.c:19]   --->   Operation 332 'zext' 'zext_ln19' <Predicate = true> <Delay = 0.00>
ST_121 : Operation 333 [1/1] (0.00ns) (grouped into LUT with out node sub_ln18)   --->   "%or_ln19 = or i16 %v_5, i16 34186" [dfg_199.c:19]   --->   Operation 333 'or' 'or_ln19' <Predicate = true> <Delay = 0.00>
ST_121 : Operation 334 [1/1] (0.00ns) (grouped into LUT with out node sub_ln18)   --->   "%or_ln = bitconcatenate i26 @_ssdm_op_BitConcatenate.i26.i10.i16, i10 657, i16 %or_ln19" [dfg_199.c:19]   --->   Operation 334 'bitconcatenate' 'or_ln' <Predicate = true> <Delay = 0.00>
ST_121 : Operation 335 [1/1] (0.00ns) (grouped into LUT with out node sub_ln18)   --->   "%sext_ln18 = sext i26 %or_ln" [dfg_199.c:18]   --->   Operation 335 'sext' 'sext_ln18' <Predicate = true> <Delay = 0.00>
ST_121 : Operation 336 [1/1] (0.00ns) (grouped into LUT with out node sub_ln18)   --->   "%zext_ln18 = zext i28 %sext_ln18" [dfg_199.c:18]   --->   Operation 336 'zext' 'zext_ln18' <Predicate = true> <Delay = 0.00>
ST_121 : Operation 337 [1/1] (2.55ns) (out node of the LUT)   --->   "%sub_ln18 = sub i33 %zext_ln19, i33 %zext_ln18" [dfg_199.c:18]   --->   Operation 337 'sub' 'sub_ln18' <Predicate = true> <Delay = 2.55> <CoreInst = "Adder">   --->   Core 1 'Adder' <Latency = 0> <II = 1> <Delay = 2.59> <FuncUnit> <Opcode : 'add' 'sub'> <InPorts = 2> <OutPorts = 1>

State 122 <SV = 121> <Delay = 2.59>
ST_122 : Operation 338 [1/1] (0.00ns) (grouped into LUT with out node add_ln15)   --->   "%xor_ln15 = xor i33 %sub_ln18, i33 4991" [dfg_199.c:15]   --->   Operation 338 'xor' 'xor_ln15' <Predicate = true> <Delay = 0.00> <CoreInst = "LogicGate">   --->   Core 74 'LogicGate' <Latency = 0> <II = 1> <Delay = 0.99> <FuncUnit> <Opcode : 'and' 'or' 'xor'> <InPorts = 2> <OutPorts = 1>
ST_122 : Operation 339 [1/1] (0.00ns) (grouped into LUT with out node add_ln15)   --->   "%sext_ln15 = sext i33 %xor_ln15" [dfg_199.c:15]   --->   Operation 339 'sext' 'sext_ln15' <Predicate = true> <Delay = 0.00>
ST_122 : Operation 340 [1/1] (2.59ns) (out node of the LUT)   --->   "%add_ln15 = add i34 %sext_ln15, i34 16373832432" [dfg_199.c:15]   --->   Operation 340 'add' 'add_ln15' <Predicate = true> <Delay = 2.59> <CoreInst = "Adder">   --->   Core 1 'Adder' <Latency = 0> <II = 1> <Delay = 2.59> <FuncUnit> <Opcode : 'add' 'sub'> <InPorts = 2> <OutPorts = 1>

State 123 <SV = 122> <Delay = 6.28>
ST_123 : Operation 341 [1/1] (0.00ns)   --->   "%sext_ln15_1 = sext i34 %add_ln15" [dfg_199.c:15]   --->   Operation 341 'sext' 'sext_ln15_1' <Predicate = true> <Delay = 0.00>
ST_123 : Operation 342 [6/6] (6.28ns)   --->   "%result = uitodp i64 %sext_ln15_1" [dfg_199.c:15]   --->   Operation 342 'uitodp' 'result' <Predicate = true> <Delay = 6.28> <CoreInst = "Int2Double">   --->   Core 66 'Int2Double' <Latency = 5> <II = 1> <Delay = 6.28> <FuncUnit> <Opcode : 'sitodp' 'uitodp'> <InPorts = 1> <OutPorts = 1>

State 124 <SV = 123> <Delay = 6.28>
ST_124 : Operation 343 [5/6] (6.28ns)   --->   "%result = uitodp i64 %sext_ln15_1" [dfg_199.c:15]   --->   Operation 343 'uitodp' 'result' <Predicate = true> <Delay = 6.28> <CoreInst = "Int2Double">   --->   Core 66 'Int2Double' <Latency = 5> <II = 1> <Delay = 6.28> <FuncUnit> <Opcode : 'sitodp' 'uitodp'> <InPorts = 1> <OutPorts = 1>

State 125 <SV = 124> <Delay = 6.28>
ST_125 : Operation 344 [4/6] (6.28ns)   --->   "%result = uitodp i64 %sext_ln15_1" [dfg_199.c:15]   --->   Operation 344 'uitodp' 'result' <Predicate = true> <Delay = 6.28> <CoreInst = "Int2Double">   --->   Core 66 'Int2Double' <Latency = 5> <II = 1> <Delay = 6.28> <FuncUnit> <Opcode : 'sitodp' 'uitodp'> <InPorts = 1> <OutPorts = 1>

State 126 <SV = 125> <Delay = 6.28>
ST_126 : Operation 345 [3/6] (6.28ns)   --->   "%result = uitodp i64 %sext_ln15_1" [dfg_199.c:15]   --->   Operation 345 'uitodp' 'result' <Predicate = true> <Delay = 6.28> <CoreInst = "Int2Double">   --->   Core 66 'Int2Double' <Latency = 5> <II = 1> <Delay = 6.28> <FuncUnit> <Opcode : 'sitodp' 'uitodp'> <InPorts = 1> <OutPorts = 1>

State 127 <SV = 126> <Delay = 6.28>
ST_127 : Operation 346 [2/6] (6.28ns)   --->   "%result = uitodp i64 %sext_ln15_1" [dfg_199.c:15]   --->   Operation 346 'uitodp' 'result' <Predicate = true> <Delay = 6.28> <CoreInst = "Int2Double">   --->   Core 66 'Int2Double' <Latency = 5> <II = 1> <Delay = 6.28> <FuncUnit> <Opcode : 'sitodp' 'uitodp'> <InPorts = 1> <OutPorts = 1>

State 128 <SV = 127> <Delay = 6.28>
ST_128 : Operation 347 [1/1] (0.00ns)   --->   "%specbitsmap_ln0 = specbitsmap void @_ssdm_op_SpecBitsMap, i64 0"   --->   Operation 347 'specbitsmap' 'specbitsmap_ln0' <Predicate = true> <Delay = 0.00>
ST_128 : Operation 348 [1/1] (0.00ns)   --->   "%spectopmodule_ln0 = spectopmodule void @_ssdm_op_SpecTopModule, void @empty_2"   --->   Operation 348 'spectopmodule' 'spectopmodule_ln0' <Predicate = true> <Delay = 0.00>
ST_128 : Operation 349 [1/1] (0.00ns)   --->   "%specbitsmap_ln0 = specbitsmap void @_ssdm_op_SpecBitsMap, i32 %p"   --->   Operation 349 'specbitsmap' 'specbitsmap_ln0' <Predicate = true> <Delay = 0.00>
ST_128 : Operation 350 [1/1] (0.00ns)   --->   "%specinterface_ln0 = specinterface void @_ssdm_op_SpecInterface, i32 %p, void @empty, i32 0, i32 0, void @empty_0, i32 0, i32 0, void @empty_0, void @empty_0, void @empty_0, i32 0, i32 0, i32 0, i32 0, void @empty_0, void @empty_0"   --->   Operation 350 'specinterface' 'specinterface_ln0' <Predicate = true> <Delay = 0.00>
ST_128 : Operation 351 [1/1] (0.00ns)   --->   "%specbitsmap_ln0 = specbitsmap void @_ssdm_op_SpecBitsMap, i8 %p_7"   --->   Operation 351 'specbitsmap' 'specbitsmap_ln0' <Predicate = true> <Delay = 0.00>
ST_128 : Operation 352 [1/1] (0.00ns)   --->   "%specinterface_ln0 = specinterface void @_ssdm_op_SpecInterface, i8 %p_7, void @empty, i32 0, i32 0, void @empty_0, i32 0, i32 0, void @empty_0, void @empty_0, void @empty_0, i32 0, i32 0, i32 0, i32 0, void @empty_0, void @empty_0"   --->   Operation 352 'specinterface' 'specinterface_ln0' <Predicate = true> <Delay = 0.00>
ST_128 : Operation 353 [1/1] (0.00ns)   --->   "%specinterface_ln0 = specinterface void @_ssdm_op_SpecInterface, i64 %p_9, void @empty_1, i32 0, i32 0, void @empty_0, i32 4294967295, i32 0, void @empty_0, void @empty_0, void @empty_0, i32 0, i32 0, i32 0, i32 0, void @empty_0, void @empty_0"   --->   Operation 353 'specinterface' 'specinterface_ln0' <Predicate = true> <Delay = 0.00>
ST_128 : Operation 354 [1/1] (0.00ns)   --->   "%specbitsmap_ln0 = specbitsmap void @_ssdm_op_SpecBitsMap, i64 %p_9"   --->   Operation 354 'specbitsmap' 'specbitsmap_ln0' <Predicate = true> <Delay = 0.00>
ST_128 : Operation 355 [1/1] (0.00ns)   --->   "%specbitsmap_ln0 = specbitsmap void @_ssdm_op_SpecBitsMap, i32 %p_11"   --->   Operation 355 'specbitsmap' 'specbitsmap_ln0' <Predicate = true> <Delay = 0.00>
ST_128 : Operation 356 [1/1] (0.00ns)   --->   "%specinterface_ln0 = specinterface void @_ssdm_op_SpecInterface, i32 %p_11, void @empty, i32 0, i32 0, void @empty_0, i32 0, i32 0, void @empty_0, void @empty_0, void @empty_0, i32 0, i32 0, i32 0, i32 0, void @empty_0, void @empty_0"   --->   Operation 356 'specinterface' 'specinterface_ln0' <Predicate = true> <Delay = 0.00>
ST_128 : Operation 357 [1/6] (6.28ns)   --->   "%result = uitodp i64 %sext_ln15_1" [dfg_199.c:15]   --->   Operation 357 'uitodp' 'result' <Predicate = true> <Delay = 6.28> <CoreInst = "Int2Double">   --->   Core 66 'Int2Double' <Latency = 5> <II = 1> <Delay = 6.28> <FuncUnit> <Opcode : 'sitodp' 'uitodp'> <InPorts = 1> <OutPorts = 1>
ST_128 : Operation 358 [1/1] (0.00ns)   --->   "%ret_ln20 = ret i64 %result" [dfg_199.c:20]   --->   Operation 358 'ret' 'ret_ln20' <Predicate = true> <Delay = 0.00>


============================================================
+ Verbose Summary: Timing violations
============================================================
Target clock period: 10ns, clock uncertainty: 2.7ns.

 <State 1>: 2.32ns
The critical path consists of the following:
	'getelementptr' operation ('p_9_addr', dfg_199.c:14) [8]  (0 ns)
	'load' operation ('p_9_load', dfg_199.c:14) on array 'p_9' [28]  (2.32 ns)

 <State 2>: 2.32ns
The critical path consists of the following:
	'load' operation ('p_9_load', dfg_199.c:14) on array 'p_9' [28]  (2.32 ns)

 <State 3>: 6.72ns
The critical path consists of the following:
	'dmul' operation ('mul', dfg_199.c:14) [30]  (6.72 ns)

 <State 4>: 6.72ns
The critical path consists of the following:
	'dmul' operation ('mul', dfg_199.c:14) [30]  (6.72 ns)

 <State 5>: 6.72ns
The critical path consists of the following:
	'dmul' operation ('mul', dfg_199.c:14) [30]  (6.72 ns)

 <State 6>: 6.72ns
The critical path consists of the following:
	'dmul' operation ('mul', dfg_199.c:14) [30]  (6.72 ns)

 <State 7>: 6.72ns
The critical path consists of the following:
	'dmul' operation ('mul', dfg_199.c:14) [30]  (6.72 ns)

 <State 8>: 6.72ns
The critical path consists of the following:
	'dmul' operation ('mul', dfg_199.c:14) [30]  (6.72 ns)

 <State 9>: 6.72ns
The critical path consists of the following:
	'dmul' operation ('mul', dfg_199.c:14) [30]  (6.72 ns)

 <State 10>: 6.72ns
The critical path consists of the following:
	'dmul' operation ('mul6', dfg_199.c:14) [31]  (6.72 ns)

 <State 11>: 6.72ns
The critical path consists of the following:
	'dmul' operation ('mul6', dfg_199.c:14) [31]  (6.72 ns)

 <State 12>: 6.72ns
The critical path consists of the following:
	'dmul' operation ('mul6', dfg_199.c:14) [31]  (6.72 ns)

 <State 13>: 6.72ns
The critical path consists of the following:
	'dmul' operation ('mul6', dfg_199.c:14) [31]  (6.72 ns)

 <State 14>: 6.72ns
The critical path consists of the following:
	'dmul' operation ('mul6', dfg_199.c:14) [31]  (6.72 ns)

 <State 15>: 6.72ns
The critical path consists of the following:
	'dmul' operation ('mul6', dfg_199.c:14) [31]  (6.72 ns)

 <State 16>: 6.72ns
The critical path consists of the following:
	'dmul' operation ('mul6', dfg_199.c:14) [31]  (6.72 ns)

 <State 17>: 7.3ns
The critical path consists of the following:
	'dadd' operation ('add7', dfg_199.c:14) [32]  (7.3 ns)

 <State 18>: 7.3ns
The critical path consists of the following:
	'dadd' operation ('add7', dfg_199.c:14) [32]  (7.3 ns)

 <State 19>: 7.3ns
The critical path consists of the following:
	'dadd' operation ('add7', dfg_199.c:14) [32]  (7.3 ns)

 <State 20>: 7.3ns
The critical path consists of the following:
	'dadd' operation ('add7', dfg_199.c:14) [32]  (7.3 ns)

 <State 21>: 7.3ns
The critical path consists of the following:
	'dadd' operation ('add7', dfg_199.c:14) [32]  (7.3 ns)

 <State 22>: 7.3ns
The critical path consists of the following:
	'dadd' operation ('add7', dfg_199.c:14) [32]  (7.3 ns)

 <State 23>: 7.3ns
The critical path consists of the following:
	'dadd' operation ('add7', dfg_199.c:14) [32]  (7.3 ns)

 <State 24>: 4.55ns
The critical path consists of the following:
	'ddiv' operation ('div8', dfg_199.c:14) [33]  (4.55 ns)

 <State 25>: 4.55ns
The critical path consists of the following:
	'ddiv' operation ('div8', dfg_199.c:14) [33]  (4.55 ns)

 <State 26>: 4.55ns
The critical path consists of the following:
	'ddiv' operation ('div8', dfg_199.c:14) [33]  (4.55 ns)

 <State 27>: 4.55ns
The critical path consists of the following:
	'ddiv' operation ('div8', dfg_199.c:14) [33]  (4.55 ns)

 <State 28>: 4.55ns
The critical path consists of the following:
	'ddiv' operation ('div8', dfg_199.c:14) [33]  (4.55 ns)

 <State 29>: 4.55ns
The critical path consists of the following:
	'ddiv' operation ('div8', dfg_199.c:14) [33]  (4.55 ns)

 <State 30>: 4.55ns
The critical path consists of the following:
	'ddiv' operation ('div8', dfg_199.c:14) [33]  (4.55 ns)

 <State 31>: 4.55ns
The critical path consists of the following:
	'ddiv' operation ('div8', dfg_199.c:14) [33]  (4.55 ns)

 <State 32>: 4.55ns
The critical path consists of the following:
	'ddiv' operation ('div8', dfg_199.c:14) [33]  (4.55 ns)

 <State 33>: 4.55ns
The critical path consists of the following:
	'ddiv' operation ('div8', dfg_199.c:14) [33]  (4.55 ns)

 <State 34>: 4.55ns
The critical path consists of the following:
	'ddiv' operation ('div8', dfg_199.c:14) [33]  (4.55 ns)

 <State 35>: 4.55ns
The critical path consists of the following:
	'ddiv' operation ('div8', dfg_199.c:14) [33]  (4.55 ns)

 <State 36>: 4.55ns
The critical path consists of the following:
	'ddiv' operation ('div8', dfg_199.c:14) [33]  (4.55 ns)

 <State 37>: 4.55ns
The critical path consists of the following:
	'ddiv' operation ('div8', dfg_199.c:14) [33]  (4.55 ns)

 <State 38>: 4.55ns
The critical path consists of the following:
	'ddiv' operation ('div8', dfg_199.c:14) [33]  (4.55 ns)

 <State 39>: 4.55ns
The critical path consists of the following:
	'ddiv' operation ('div8', dfg_199.c:14) [33]  (4.55 ns)

 <State 40>: 4.55ns
The critical path consists of the following:
	'ddiv' operation ('div8', dfg_199.c:14) [33]  (4.55 ns)

 <State 41>: 4.55ns
The critical path consists of the following:
	'ddiv' operation ('div8', dfg_199.c:14) [33]  (4.55 ns)

 <State 42>: 4.55ns
The critical path consists of the following:
	'ddiv' operation ('div8', dfg_199.c:14) [33]  (4.55 ns)

 <State 43>: 4.55ns
The critical path consists of the following:
	'ddiv' operation ('div8', dfg_199.c:14) [33]  (4.55 ns)

 <State 44>: 4.55ns
The critical path consists of the following:
	'ddiv' operation ('div8', dfg_199.c:14) [33]  (4.55 ns)

 <State 45>: 4.55ns
The critical path consists of the following:
	'ddiv' operation ('div8', dfg_199.c:14) [33]  (4.55 ns)

 <State 46>: 4.55ns
The critical path consists of the following:
	'ddiv' operation ('div8', dfg_199.c:14) [33]  (4.55 ns)

 <State 47>: 4.55ns
The critical path consists of the following:
	'ddiv' operation ('div8', dfg_199.c:14) [33]  (4.55 ns)

 <State 48>: 4.55ns
The critical path consists of the following:
	'ddiv' operation ('div8', dfg_199.c:14) [33]  (4.55 ns)

 <State 49>: 4.55ns
The critical path consists of the following:
	'ddiv' operation ('div8', dfg_199.c:14) [33]  (4.55 ns)

 <State 50>: 4.55ns
The critical path consists of the following:
	'ddiv' operation ('div8', dfg_199.c:14) [33]  (4.55 ns)

 <State 51>: 4.55ns
The critical path consists of the following:
	'ddiv' operation ('div8', dfg_199.c:14) [33]  (4.55 ns)

 <State 52>: 4.55ns
The critical path consists of the following:
	'ddiv' operation ('div8', dfg_199.c:14) [33]  (4.55 ns)

 <State 53>: 4.55ns
The critical path consists of the following:
	'ddiv' operation ('div8', dfg_199.c:14) [33]  (4.55 ns)

 <State 54>: 4.55ns
The critical path consists of the following:
	'ddiv' operation ('div8', dfg_199.c:14) [33]  (4.55 ns)

 <State 55>: 4.55ns
The critical path consists of the following:
	'ddiv' operation ('div8', dfg_199.c:14) [33]  (4.55 ns)

 <State 56>: 4.55ns
The critical path consists of the following:
	'ddiv' operation ('div8', dfg_199.c:14) [33]  (4.55 ns)

 <State 57>: 4.55ns
The critical path consists of the following:
	'ddiv' operation ('div8', dfg_199.c:14) [33]  (4.55 ns)

 <State 58>: 4.55ns
The critical path consists of the following:
	'ddiv' operation ('div8', dfg_199.c:14) [33]  (4.55 ns)

 <State 59>: 4.55ns
The critical path consists of the following:
	'ddiv' operation ('div8', dfg_199.c:14) [33]  (4.55 ns)

 <State 60>: 4.55ns
The critical path consists of the following:
	'ddiv' operation ('div8', dfg_199.c:14) [33]  (4.55 ns)

 <State 61>: 4.55ns
The critical path consists of the following:
	'ddiv' operation ('div8', dfg_199.c:14) [33]  (4.55 ns)

 <State 62>: 4.55ns
The critical path consists of the following:
	'ddiv' operation ('div8', dfg_199.c:14) [33]  (4.55 ns)

 <State 63>: 4.55ns
The critical path consists of the following:
	'ddiv' operation ('div8', dfg_199.c:14) [33]  (4.55 ns)

 <State 64>: 4.55ns
The critical path consists of the following:
	'ddiv' operation ('div8', dfg_199.c:14) [33]  (4.55 ns)

 <State 65>: 4.55ns
The critical path consists of the following:
	'ddiv' operation ('div8', dfg_199.c:14) [33]  (4.55 ns)

 <State 66>: 4.55ns
The critical path consists of the following:
	'ddiv' operation ('div8', dfg_199.c:14) [33]  (4.55 ns)

 <State 67>: 4.55ns
The critical path consists of the following:
	'ddiv' operation ('div8', dfg_199.c:14) [33]  (4.55 ns)

 <State 68>: 4.55ns
The critical path consists of the following:
	'ddiv' operation ('div8', dfg_199.c:14) [33]  (4.55 ns)

 <State 69>: 4.55ns
The critical path consists of the following:
	'ddiv' operation ('div8', dfg_199.c:14) [33]  (4.55 ns)

 <State 70>: 4.55ns
The critical path consists of the following:
	'ddiv' operation ('div8', dfg_199.c:14) [33]  (4.55 ns)

 <State 71>: 4.55ns
The critical path consists of the following:
	'ddiv' operation ('div8', dfg_199.c:14) [33]  (4.55 ns)

 <State 72>: 4.55ns
The critical path consists of the following:
	'ddiv' operation ('div8', dfg_199.c:14) [33]  (4.55 ns)

 <State 73>: 4.55ns
The critical path consists of the following:
	'ddiv' operation ('div8', dfg_199.c:14) [33]  (4.55 ns)

 <State 74>: 4.55ns
The critical path consists of the following:
	'ddiv' operation ('div8', dfg_199.c:14) [33]  (4.55 ns)

 <State 75>: 4.55ns
The critical path consists of the following:
	'ddiv' operation ('div8', dfg_199.c:14) [33]  (4.55 ns)

 <State 76>: 4.55ns
The critical path consists of the following:
	'ddiv' operation ('div8', dfg_199.c:14) [33]  (4.55 ns)

 <State 77>: 4.55ns
The critical path consists of the following:
	'ddiv' operation ('div8', dfg_199.c:14) [33]  (4.55 ns)

 <State 78>: 4.55ns
The critical path consists of the following:
	'ddiv' operation ('div8', dfg_199.c:14) [33]  (4.55 ns)

 <State 79>: 4.55ns
The critical path consists of the following:
	'ddiv' operation ('div8', dfg_199.c:14) [33]  (4.55 ns)

 <State 80>: 4.55ns
The critical path consists of the following:
	'ddiv' operation ('div8', dfg_199.c:14) [33]  (4.55 ns)

 <State 81>: 4.55ns
The critical path consists of the following:
	'ddiv' operation ('div8', dfg_199.c:14) [33]  (4.55 ns)

 <State 82>: 4.55ns
The critical path consists of the following:
	'ddiv' operation ('div8', dfg_199.c:14) [33]  (4.55 ns)

 <State 83>: 6.19ns
The critical path consists of the following:
	'xor' operation ('xor_ln14', dfg_199.c:14) [35]  (0.99 ns)
	'fptrunc' operation ('v', dfg_199.c:14) [37]  (5.2 ns)

 <State 84>: 7.12ns
The critical path consists of the following:
	'fptrunc' operation ('v', dfg_199.c:14) [37]  (5.2 ns)
	'add' operation ('sh', /wrk/ci/prod/2020.2/rdi_builds/continuous/2020_11_18_3064766/src/shared/hls/clib/src/hls/utils/x_hls_utils.h:341) [44]  (1.92 ns)

 <State 85>: 6.72ns
The critical path consists of the following:
	wire read on port 'p_11' (dfg_199.c:14) [5]  (0 ns)
	'add' operation ('add_ln12', dfg_199.c:12) [19]  (2.55 ns)
	'udiv' operation ('udiv_ln12', dfg_199.c:12) [21]  (4.16 ns)

 <State 86>: 6.69ns
The critical path consists of the following:
	'add' operation ('add_ln18', dfg_199.c:18) [57]  (2.55 ns)
	'urem' operation ('urem_ln17', dfg_199.c:17) [58]  (4.13 ns)

 <State 87>: 4.16ns
The critical path consists of the following:
	'udiv' operation ('udiv_ln12', dfg_199.c:12) [21]  (4.16 ns)

 <State 88>: 4.16ns
The critical path consists of the following:
	'udiv' operation ('udiv_ln12', dfg_199.c:12) [21]  (4.16 ns)

 <State 89>: 4.16ns
The critical path consists of the following:
	'udiv' operation ('udiv_ln12', dfg_199.c:12) [21]  (4.16 ns)

 <State 90>: 4.16ns
The critical path consists of the following:
	'udiv' operation ('udiv_ln12', dfg_199.c:12) [21]  (4.16 ns)

 <State 91>: 4.16ns
The critical path consists of the following:
	'udiv' operation ('udiv_ln12', dfg_199.c:12) [21]  (4.16 ns)

 <State 92>: 4.16ns
The critical path consists of the following:
	'udiv' operation ('udiv_ln12', dfg_199.c:12) [21]  (4.16 ns)

 <State 93>: 4.16ns
The critical path consists of the following:
	'udiv' operation ('udiv_ln12', dfg_199.c:12) [21]  (4.16 ns)

 <State 94>: 4.16ns
The critical path consists of the following:
	'udiv' operation ('udiv_ln12', dfg_199.c:12) [21]  (4.16 ns)

 <State 95>: 4.16ns
The critical path consists of the following:
	'udiv' operation ('udiv_ln12', dfg_199.c:12) [21]  (4.16 ns)

 <State 96>: 4.16ns
The critical path consists of the following:
	'udiv' operation ('udiv_ln12', dfg_199.c:12) [21]  (4.16 ns)

 <State 97>: 4.16ns
The critical path consists of the following:
	'udiv' operation ('udiv_ln12', dfg_199.c:12) [21]  (4.16 ns)

 <State 98>: 4.16ns
The critical path consists of the following:
	'udiv' operation ('udiv_ln12', dfg_199.c:12) [21]  (4.16 ns)

 <State 99>: 4.16ns
The critical path consists of the following:
	'udiv' operation ('udiv_ln12', dfg_199.c:12) [21]  (4.16 ns)

 <State 100>: 4.16ns
The critical path consists of the following:
	'udiv' operation ('udiv_ln12', dfg_199.c:12) [21]  (4.16 ns)

 <State 101>: 4.16ns
The critical path consists of the following:
	'udiv' operation ('udiv_ln12', dfg_199.c:12) [21]  (4.16 ns)

 <State 102>: 4.16ns
The critical path consists of the following:
	'udiv' operation ('udiv_ln12', dfg_199.c:12) [21]  (4.16 ns)

 <State 103>: 4.16ns
The critical path consists of the following:
	'udiv' operation ('udiv_ln12', dfg_199.c:12) [21]  (4.16 ns)

 <State 104>: 4.16ns
The critical path consists of the following:
	'udiv' operation ('udiv_ln12', dfg_199.c:12) [21]  (4.16 ns)

 <State 105>: 4.16ns
The critical path consists of the following:
	'udiv' operation ('udiv_ln12', dfg_199.c:12) [21]  (4.16 ns)

 <State 106>: 4.16ns
The critical path consists of the following:
	'udiv' operation ('udiv_ln12', dfg_199.c:12) [21]  (4.16 ns)

 <State 107>: 4.16ns
The critical path consists of the following:
	'udiv' operation ('udiv_ln12', dfg_199.c:12) [21]  (4.16 ns)

 <State 108>: 4.16ns
The critical path consists of the following:
	'udiv' operation ('udiv_ln12', dfg_199.c:12) [21]  (4.16 ns)

 <State 109>: 4.16ns
The critical path consists of the following:
	'udiv' operation ('udiv_ln12', dfg_199.c:12) [21]  (4.16 ns)

 <State 110>: 4.16ns
The critical path consists of the following:
	'udiv' operation ('udiv_ln12', dfg_199.c:12) [21]  (4.16 ns)

 <State 111>: 4.16ns
The critical path consists of the following:
	'udiv' operation ('udiv_ln12', dfg_199.c:12) [21]  (4.16 ns)

 <State 112>: 4.16ns
The critical path consists of the following:
	'udiv' operation ('udiv_ln12', dfg_199.c:12) [21]  (4.16 ns)

 <State 113>: 4.16ns
The critical path consists of the following:
	'udiv' operation ('udiv_ln12', dfg_199.c:12) [21]  (4.16 ns)

 <State 114>: 4.16ns
The critical path consists of the following:
	'udiv' operation ('udiv_ln12', dfg_199.c:12) [21]  (4.16 ns)

 <State 115>: 4.16ns
The critical path consists of the following:
	'udiv' operation ('udiv_ln12', dfg_199.c:12) [21]  (4.16 ns)

 <State 116>: 4.16ns
The critical path consists of the following:
	'udiv' operation ('udiv_ln12', dfg_199.c:12) [21]  (4.16 ns)

 <State 117>: 4.16ns
The critical path consists of the following:
	'udiv' operation ('udiv_ln12', dfg_199.c:12) [21]  (4.16 ns)

 <State 118>: 4.16ns
The critical path consists of the following:
	'udiv' operation ('udiv_ln12', dfg_199.c:12) [21]  (4.16 ns)

 <State 119>: 4.16ns
The critical path consists of the following:
	'udiv' operation ('udiv_ln12', dfg_199.c:12) [21]  (4.16 ns)

 <State 120>: 4.16ns
The critical path consists of the following:
	'udiv' operation ('udiv_ln12', dfg_199.c:12) [21]  (4.16 ns)

 <State 121>: 6.72ns
The critical path consists of the following:
	'udiv' operation ('udiv_ln12', dfg_199.c:12) [21]  (4.16 ns)
	'or' operation ('or_ln19', dfg_199.c:19) [60]  (0 ns)
	'sub' operation ('sub_ln18', dfg_199.c:18) [64]  (2.55 ns)

 <State 122>: 2.59ns
The critical path consists of the following:
	'xor' operation ('xor_ln15', dfg_199.c:15) [65]  (0 ns)
	'add' operation ('add_ln15', dfg_199.c:15) [67]  (2.59 ns)

 <State 123>: 6.28ns
The critical path consists of the following:
	'uitodp' operation ('result', dfg_199.c:15) [69]  (6.28 ns)

 <State 124>: 6.28ns
The critical path consists of the following:
	'uitodp' operation ('result', dfg_199.c:15) [69]  (6.28 ns)

 <State 125>: 6.28ns
The critical path consists of the following:
	'uitodp' operation ('result', dfg_199.c:15) [69]  (6.28 ns)

 <State 126>: 6.28ns
The critical path consists of the following:
	'uitodp' operation ('result', dfg_199.c:15) [69]  (6.28 ns)

 <State 127>: 6.28ns
The critical path consists of the following:
	'uitodp' operation ('result', dfg_199.c:15) [69]  (6.28 ns)

 <State 128>: 6.28ns
The critical path consists of the following:
	'uitodp' operation ('result', dfg_199.c:15) [69]  (6.28 ns)


============================================================
+ Verbose Summary: Binding
============================================================
N/A
* FSMD analyzer results:
  - Output states:
 - Input state : 
  - Chain level:
	State 1
	State 2
	State 3
	State 4
	State 5
	State 6
	State 7
	State 8
	State 9
	State 10
	State 11
	State 12
	State 13
	State 14
	State 15
	State 16
	State 17
	State 18
	State 19
	State 20
	State 21
	State 22
	State 23
	State 24
	State 25
	State 26
	State 27
	State 28
	State 29
	State 30
	State 31
	State 32
	State 33
	State 34
	State 35
	State 36
	State 37
	State 38
	State 39
	State 40
	State 41
	State 42
	State 43
	State 44
	State 45
	State 46
	State 47
	State 48
	State 49
	State 50
	State 51
	State 52
	State 53
	State 54
	State 55
	State 56
	State 57
	State 58
	State 59
	State 60
	State 61
	State 62
	State 63
	State 64
	State 65
	State 66
	State 67
	State 68
	State 69
	State 70
	State 71
	State 72
	State 73
	State 74
	State 75
	State 76
	State 77
	State 78
	State 79
	State 80
	State 81
	State 82
	State 83
	State 84
	State 85
	State 86
	State 87
	State 88
	State 89
	State 90
	State 91
	State 92
	State 93
	State 94
	State 95
	State 96
	State 97
	State 98
	State 99
	State 100
	State 101
	State 102
	State 103
	State 104
	State 105
	State 106
	State 107
	State 108
	State 109
	State 110
	State 111
	State 112
	State 113
	State 114
	State 115
	State 116
	State 117
	State 118
	State 119
	State 120
	State 121
	State 122
	State 123
	State 124
	State 125
	State 126
	State 127
	State 128


============================================================
+ Verbose Summary: Datapath Resource usage 
============================================================
N/A
