

================================================================
== Vitis HLS Report for 'fn1'
================================================================
* Date:           Tue Apr 27 11:08:19 2021

* Version:        2020.2 (Build 3064766 on Wed Nov 18 09:12:47 MST 2020)
* Project:        project_tmp
* Solution:       solution_tmp (Vivado IP Flow Target)
* Product family: zynq
* Target device:  xc7z020-clg484-1


================================================================
== Performance Estimates
================================================================
+ Timing: 
    * Summary: 
    +--------+----------+----------+------------+
    |  Clock |  Target  | Estimated| Uncertainty|
    +--------+----------+----------+------------+
    |ap_clk  |  10.00 ns|  7.297 ns|     2.70 ns|
    +--------+----------+----------+------------+

+ Latency: 
    * Summary: 
    +---------+---------+----------+----------+-----+-----+---------+
    |  Latency (cycles) |  Latency (absolute) |  Interval | Pipeline|
    |   min   |   max   |    min   |    max   | min | max |   Type  |
    +---------+---------+----------+----------+-----+-----+---------+
    |       97|       97|  0.970 us|  0.970 us|   98|   98|     none|
    +---------+---------+----------+----------+-----+-----+---------+

    + Detail: 
        * Instance: 
        N/A

        * Loop: 
        N/A



================================================================
== Utilization Estimates
================================================================
* Summary: 
+-----------------+---------+-----+--------+-------+-----+
|       Name      | BRAM_18K| DSP |   FF   |  LUT  | URAM|
+-----------------+---------+-----+--------+-------+-----+
|DSP              |        -|    -|       -|      -|    -|
|Expression       |        -|    -|       0|   3924|    -|
|FIFO             |        -|    -|       -|      -|    -|
|Instance         |        -|   16|    2744|   3062|    -|
|Memory           |        -|    -|       -|      -|    -|
|Multiplexer      |        -|    -|       -|    514|    -|
|Register         |        -|    -|     759|      -|    -|
+-----------------+---------+-----+--------+-------+-----+
|Total            |        0|   16|    3503|   7500|    0|
+-----------------+---------+-----+--------+-------+-----+
|Available        |      280|  220|  106400|  53200|    0|
+-----------------+---------+-----+--------+-------+-----+
|Utilization (%)  |        0|    7|       3|     14|    0|
+-----------------+---------+-----+--------+-------+-----+

+ Detail: 
    * Instance: 
    +-----------------------------------+--------------------------------+---------+----+-----+------+-----+
    |              Instance             |             Module             | BRAM_18K| DSP|  FF |  LUT | URAM|
    +-----------------------------------+--------------------------------+---------+----+-----+------+-----+
    |dmul_64ns_64ns_64_7_max_dsp_1_U4   |dmul_64ns_64ns_64_7_max_dsp_1   |        0|  11|  342|   586|    0|
    |dsub_64ns_64ns_64_7_full_dsp_1_U3  |dsub_64ns_64ns_64_7_full_dsp_1  |        0|   3|  630|  1141|    0|
    |fadd_32ns_32ns_32_5_full_dsp_1_U1  |fadd_32ns_32ns_32_5_full_dsp_1  |        0|   2|  205|   390|    0|
    |sitodp_64ns_64_6_no_dsp_1_U6       |sitodp_64ns_64_6_no_dsp_1       |        0|   0|    0|     0|    0|
    |sitofp_32s_32_6_no_dsp_1_U2        |sitofp_32s_32_6_no_dsp_1        |        0|   0|    0|     0|    0|
    |udiv_32ns_32s_8_36_seq_1_U9        |udiv_32ns_32s_8_36_seq_1        |        0|   0|  394|   238|    0|
    |udiv_64ns_64ns_64_68_seq_1_U7      |udiv_64ns_64ns_64_68_seq_1      |        0|   0|  779|   469|    0|
    |uitodp_64s_64_6_no_dsp_1_U5        |uitodp_64s_64_6_no_dsp_1        |        0|   0|    0|     0|    0|
    |urem_32ns_32s_32_36_seq_1_U8       |urem_32ns_32s_32_36_seq_1       |        0|   0|  394|   238|    0|
    +-----------------------------------+--------------------------------+---------+----+-----+------+-----+
    |Total                              |                                |        0|  16| 2744|  3062|    0|
    +-----------------------------------+--------------------------------+---------+----+-----+------+-----+

    * DSP: 
    N/A

    * Memory: 
    N/A

    * FIFO: 
    N/A

    * Expression: 
    +---------------------------+----------+----+---+-----+------------+------------+
    |       Variable Name       | Operation| DSP| FF| LUT | Bitwidth P0| Bitwidth P1|
    +---------------------------+----------+----+---+-----+------------+------------+
    |add_ln18_fu_407_p2         |         +|   0|  0|   24|          17|           9|
    |add_ln19_1_fu_487_p2       |         +|   0|  0|   41|          34|          34|
    |add_ln19_2_fu_478_p2       |         +|   0|  0|   14|           9|           9|
    |add_ln19_fu_345_p2         |         +|   0|  0|   71|          64|          10|
    |add_ln22_fu_427_p2         |         +|   0|  0|   14|           9|           6|
    |add_ln341_fu_496_p2        |         +|   0|  0|   14|           9|           8|
    |add_ln510_1_fu_652_p2      |         +|   0|  0|   12|          12|          11|
    |add_ln510_fu_213_p2        |         +|   0|  0|   12|          12|          11|
    |result_V_2_fu_378_p2       |         -|   0|  0|   23|           1|          16|
    |sub_ln1311_1_fu_666_p2     |         -|   0|  0|   12|          10|          11|
    |sub_ln1311_2_fu_510_p2     |         -|   0|  0|   15|           7|           8|
    |sub_ln1311_fu_227_p2       |         -|   0|  0|   12|          10|          11|
    |sub_ln20_fu_757_p2         |         -|   0|  0|   15|           8|           8|
    |sub_ln59_fu_741_p2         |         -|   0|  0|   15|           1|           8|
    |v_9_fu_399_p2              |         -|   0|  0|   39|          32|          32|
    |and_ln16_fu_372_p2         |       and|   0|  0|   32|          32|          32|
    |icmp_ln16_fu_355_p2        |      icmp|   0|  0|   29|          64|           1|
    |icmp_ln18_fu_469_p2        |      icmp|   0|  0|   29|          64|           1|
    |r_V_2_fu_303_p2            |      lshr|   0|  0|  591|         169|         169|
    |r_V_4_fu_692_p2            |      lshr|   0|  0|  398|         121|         121|
    |r_V_6_fu_555_p2            |      lshr|   0|  0|  242|          79|          79|
    |r_V_fu_253_p2              |      lshr|   0|  0|  398|         121|         121|
    |ap_return                  |        or|   0|  0|    8|           8|           8|
    |result_V_fu_383_p3         |    select|   0|  0|   16|           1|          16|
    |select_ln1312_1_fu_589_p3  |    select|   0|  0|    8|           1|           8|
    |select_ln1312_fu_726_p3    |    select|   0|  0|    8|           1|           8|
    |select_ln16_fu_360_p3      |    select|   0|  0|    2|           1|           2|
    |select_ln59_fu_746_p3      |    select|   0|  0|    8|           1|           8|
    |ush_1_fu_676_p3            |    select|   0|  0|   12|           1|          12|
    |ush_2_fu_519_p3            |    select|   0|  0|    9|           1|           9|
    |ush_fu_237_p3              |    select|   0|  0|   12|           1|          12|
    |val_1_fu_337_p3            |    select|   0|  0|   64|           1|          64|
    |val_fu_287_p3              |    select|   0|  0|   16|           1|          16|
    |r_V_1_fu_259_p2            |       shl|   0|  0|  398|         121|         121|
    |r_V_3_fu_309_p2            |       shl|   0|  0|  591|         169|         169|
    |r_V_5_fu_698_p2            |       shl|   0|  0|  398|         121|         121|
    |r_V_7_fu_561_p2            |       shl|   0|  0|  242|          79|          79|
    |xor_ln20_1_fu_605_p2       |       xor|   0|  0|    8|           8|           8|
    |xor_ln20_2_fu_599_p2       |       xor|   0|  0|    8|           8|           2|
    |xor_ln20_fu_611_p2         |       xor|   0|  0|   64|          64|           2|
    +---------------------------+----------+----+---+-----+------------+------------+
    |Total                      |          |   0|  0| 3924|        1473|        1381|
    +---------------------------+----------+----+---+-----+------------+------------+

    * Multiplexer: 
    +---------------+-----+-----------+-----+-----------+
    |      Name     | LUT | Input Size| Bits| Total Bits|
    +---------------+-----+-----------+-----+-----------+
    |ap_NS_fsm      |  494|         99|    1|         99|
    |grp_fu_159_p0  |   20|          4|   64|        256|
    +---------------+-----+-----------+-----+-----------+
    |Total          |  514|        103|   65|        355|
    +---------------+-----+-----------+-----+-----------+

    * Register: 
    +-----------------------+----+----+-----+-----------+
    |          Name         | FF | LUT| Bits| Const Bits|
    +-----------------------+----+----+-----+-----------+
    |add_ln19_1_reg_860     |  34|   0|   34|          0|
    |add_ln19_reg_786       |  64|   0|   64|          0|
    |and_ln16_reg_801       |  32|   0|   32|          0|
    |ap_CS_fsm              |  98|   0|   98|          0|
    |conv2_reg_839          |  32|   0|   32|          0|
    |data_V_1_reg_915       |  64|   0|   64|          0|
    |dc_1_reg_910           |  64|   0|   64|          0|
    |isNeg_2_reg_865        |   1|   0|    1|          0|
    |mul_reg_905            |  64|   0|   64|          0|
    |p_Result_s_reg_775     |   1|   0|    1|          0|
    |reg_163                |  64|   0|   64|          0|
    |result_V_reg_807       |  16|   0|   16|          0|
    |result_reg_796         |   8|   0|    8|          0|
    |select_ln1312_reg_920  |   8|   0|    8|          0|
    |sext_ln19_reg_824      |   9|   0|    9|          0|
    |tmp_18_reg_849         |   8|   0|    8|          0|
    |tmp_19_reg_855         |  23|   0|   23|          0|
    |udiv_ln19_reg_844      |  64|   0|   64|          0|
    |udiv_ln22_reg_875      |   8|   0|    8|          0|
    |ush_2_reg_870          |   9|   0|    9|          0|
    |v_reg_895              |  64|   0|   64|          0|
    |val_reg_780            |  16|   0|   16|          0|
    |xor_ln20_1_reg_890     |   8|   0|    8|          0|
    +-----------------------+----+----+-----+-----------+
    |Total                  | 759|   0|  759|          0|
    +-----------------------+----+----+-----+-----------+



================================================================
== Interface
================================================================
* Summary: 
+-----------+-----+-----+------------+--------------+--------------+
| RTL Ports | Dir | Bits|  Protocol  | Source Object|    C Type    |
+-----------+-----+-----+------------+--------------+--------------+
|ap_clk     |   in|    1|  ap_ctrl_hs|           fn1|  return value|
|ap_rst     |   in|    1|  ap_ctrl_hs|           fn1|  return value|
|ap_start   |   in|    1|  ap_ctrl_hs|           fn1|  return value|
|ap_done    |  out|    1|  ap_ctrl_hs|           fn1|  return value|
|ap_idle    |  out|    1|  ap_ctrl_hs|           fn1|  return value|
|ap_ready   |  out|    1|  ap_ctrl_hs|           fn1|  return value|
|ap_return  |  out|    8|  ap_ctrl_hs|           fn1|  return value|
|p          |   in|   64|     ap_none|             p|        scalar|
|p_5        |   in|   16|     ap_none|           p_5|        scalar|
|p_11       |   in|    8|     ap_none|          p_11|        scalar|
|p_13       |   in|   64|     ap_none|          p_13|        scalar|
+-----------+-----+-----+------------+--------------+--------------+

