

================================================================
== Vitis HLS Report for 'fn1'
================================================================
* Date:           Sat May  1 01:47:34 2021

* Version:        2020.2 (Build 3064766 on Wed Nov 18 09:12:47 MST 2020)
* Project:        project_tmp
* Solution:       solution_tmp (Vivado IP Flow Target)
* Product family: zynq
* Target device:  xc7z020-clg484-1


================================================================
== Performance Estimates
================================================================
+ Timing: 
    * Summary: 
    +--------+----------+----------+------------+
    |  Clock |  Target  | Estimated| Uncertainty|
    +--------+----------+----------+------------+
    |ap_clk  |  10.00 ns|  7.272 ns|     2.70 ns|
    +--------+----------+----------+------------+

+ Latency: 
    * Summary: 
    +---------+---------+----------+----------+-----+-----+---------+
    |  Latency (cycles) |  Latency (absolute) |  Interval | Pipeline|
    |   min   |   max   |    min   |    max   | min | max |   Type  |
    +---------+---------+----------+----------+-----+-----+---------+
    |       98|       98|  0.980 us|  0.980 us|   99|   99|     none|
    +---------+---------+----------+----------+-----+-----+---------+

    + Detail: 
        * Instance: 
        N/A

        * Loop: 
        N/A

============================================================
+ Verbose Summary: Synthesis Manager
============================================================
InlineROM: 1
ExposeGlobal: 0
============================================================
+ Verbose Summary: CDFG Model
============================================================
IsTopModel: 1
ResetActiveHigh: 1
IsCombinational: 0
IsDatapathOnly: 0
HasWiredReturn: 1
HasMFsm: 0
HasVarLatency: 1
IsPipeline: 0
IsRtlPipelined: 0
IsInstanceOverlapped: 0
IsDontTouch: 0
HasImplIP: 0
IsGatedGlobalClock: 0


============================================================
+ Verbose Summary: Schedule
============================================================
* Number of FSM states : 99
* Pipeline : 0
* Dataflow Pipeline: 0

* FSM state transitions: 
1 --> 2 
2 --> 3 
3 --> 4 
4 --> 5 
5 --> 6 
6 --> 7 
7 --> 8 
8 --> 9 
9 --> 10 
10 --> 11 
11 --> 12 
12 --> 13 
13 --> 14 
14 --> 15 
15 --> 16 
16 --> 17 
17 --> 18 
18 --> 19 
19 --> 20 
20 --> 21 
21 --> 22 
22 --> 23 
23 --> 24 
24 --> 25 
25 --> 26 
26 --> 27 
27 --> 28 
28 --> 29 
29 --> 30 
30 --> 31 
31 --> 32 
32 --> 33 
33 --> 34 
34 --> 35 
35 --> 36 
36 --> 37 
37 --> 38 
38 --> 39 
39 --> 40 
40 --> 41 
41 --> 42 
42 --> 43 
43 --> 44 
44 --> 45 
45 --> 46 
46 --> 47 
47 --> 48 
48 --> 49 
49 --> 50 
50 --> 51 
51 --> 52 
52 --> 53 
53 --> 54 
54 --> 55 
55 --> 56 
56 --> 57 
57 --> 58 
58 --> 59 
59 --> 60 
60 --> 61 
61 --> 62 
62 --> 63 
63 --> 64 
64 --> 65 
65 --> 66 
66 --> 67 
67 --> 68 
68 --> 69 
69 --> 70 
70 --> 71 
71 --> 72 
72 --> 73 
73 --> 74 
74 --> 75 
75 --> 76 
76 --> 77 
77 --> 78 
78 --> 79 
79 --> 80 
80 --> 81 
81 --> 82 
82 --> 83 
83 --> 84 
84 --> 85 
85 --> 86 
86 --> 87 
87 --> 88 
88 --> 89 
89 --> 90 
90 --> 91 
91 --> 92 
92 --> 93 
93 --> 94 
94 --> 95 
95 --> 96 
96 --> 97 
97 --> 98 
98 --> 99 
99 --> 

* FSM state operations: 

State 1 <SV = 0> <Delay = 2.77>
ST_1 : Operation 100 [1/1] (0.00ns)   --->   "%p_9_read = read i64 @_ssdm_op_Read.ap_auto.i64, i64 %p_9" [dfg_199.c:17]   --->   Operation 100 'read' 'p_9_read' <Predicate = true> <Delay = 0.00>
ST_1 : Operation 101 [1/1] (0.00ns)   --->   "%p_4_read = read i32 @_ssdm_op_Read.ap_auto.i32, i32 %p_4" [dfg_199.c:17]   --->   Operation 101 'read' 'p_4_read' <Predicate = true> <Delay = 0.00>
ST_1 : Operation 102 [1/1] (0.00ns)   --->   "%v_13 = trunc i64 %p_9_read" [dfg_199.c:14]   --->   Operation 102 'trunc' 'v_13' <Predicate = true> <Delay = 0.00>
ST_1 : Operation 103 [1/1] (0.00ns)   --->   "%v_7 = trunc i32 %p_4_read" [dfg_199.c:15]   --->   Operation 103 'trunc' 'v_7' <Predicate = true> <Delay = 0.00>
ST_1 : Operation 104 [1/1] (0.00ns)   --->   "%trunc_ln16 = trunc i32 %p_4_read" [dfg_199.c:16]   --->   Operation 104 'trunc' 'trunc_ln16' <Predicate = true> <Delay = 0.00>
ST_1 : Operation 105 [1/1] (1.65ns) (grouped into DSP with root node add_ln16_1)   --->   "%add_ln16 = add i8 %v_13, i8 %trunc_ln16" [dfg_199.c:16]   --->   Operation 105 'add' 'add_ln16' <Predicate = true> <Delay = 1.65> <CoreInst = "DSP48">   --->   Core 119 'DSP48' <Latency = 3> <II = 1> <Delay = 2.15> <IPBlock> <Opcode : 'mul' 'add' 'sub' 'select'> <InPorts = 0> <OutPorts = 1> <Sync> <CReg>
ST_1 : Operation 106 [3/3] (1.05ns) (grouped into DSP with root node add_ln16_1)   --->   "%mul_ln16 = mul i8 %add_ln16, i8 38" [dfg_199.c:16]   --->   Operation 106 'mul' 'mul_ln16' <Predicate = true> <Delay = 1.05> <CoreInst = "DSP48">   --->   Core 119 'DSP48' <Latency = 3> <II = 1> <Delay = 2.15> <IPBlock> <Opcode : 'mul' 'add' 'sub' 'select'> <InPorts = 0> <OutPorts = 1> <Sync> <CReg>
ST_1 : Operation 107 [1/1] (2.77ns)   --->   "%icmp_ln22 = icmp_eq  i64 %p_9_read, i64 0" [dfg_199.c:22]   --->   Operation 107 'icmp' 'icmp_ln22' <Predicate = true> <Delay = 2.77> <CoreInst = "Cmp">   --->   Core 9 'Cmp' <Latency = 0> <II = 1> <Delay = 2.77> <FuncUnit> <Opcode : 'icmp'> <InPorts = 2> <OutPorts = 1>

State 2 <SV = 1> <Delay = 1.05>
ST_2 : Operation 108 [2/3] (1.05ns) (grouped into DSP with root node add_ln16_1)   --->   "%mul_ln16 = mul i8 %add_ln16, i8 38" [dfg_199.c:16]   --->   Operation 108 'mul' 'mul_ln16' <Predicate = true> <Delay = 1.05> <CoreInst = "DSP48">   --->   Core 119 'DSP48' <Latency = 3> <II = 1> <Delay = 2.15> <IPBlock> <Opcode : 'mul' 'add' 'sub' 'select'> <InPorts = 0> <OutPorts = 1> <Sync> <CReg>

State 3 <SV = 2> <Delay = 2.32>
ST_3 : Operation 109 [1/1] (0.00ns)   --->   "%p_15_addr = getelementptr i16 %p_15, i64 0, i64 5" [dfg_199.c:17]   --->   Operation 109 'getelementptr' 'p_15_addr' <Predicate = true> <Delay = 0.00>
ST_3 : Operation 110 [1/3] (0.00ns) (grouped into DSP with root node add_ln16_1)   --->   "%mul_ln16 = mul i8 %add_ln16, i8 38" [dfg_199.c:16]   --->   Operation 110 'mul' 'mul_ln16' <Predicate = true> <Delay = 0.00> <CoreInst = "DSP48">   --->   Core 119 'DSP48' <Latency = 3> <II = 1> <Delay = 2.15> <IPBlock> <Opcode : 'mul' 'add' 'sub' 'select'> <InPorts = 0> <OutPorts = 1> <Sync> <CReg>
ST_3 : Operation 111 [2/2] (2.32ns)   --->   "%p_15_load = load i4 %p_15_addr" [dfg_199.c:17]   --->   Operation 111 'load' 'p_15_load' <Predicate = true> <Delay = 2.32> <CoreInst = "RAM">   --->   Core 82 'RAM' <Latency = 1> <II = 1> <Delay = 2.32> <Storage> <Opcode : 'load' 'store'> <Ports = 2> <Width = 16> <Depth = 15> <RAM>
ST_3 : Operation 112 [2/2] (2.10ns) (root node of the DSP)   --->   "%add_ln16_1 = add i8 %mul_ln16, i8 39" [dfg_199.c:16]   --->   Operation 112 'add' 'add_ln16_1' <Predicate = true> <Delay = 2.10> <CoreInst = "DSP48">   --->   Core 119 'DSP48' <Latency = 3> <II = 1> <Delay = 2.15> <IPBlock> <Opcode : 'mul' 'add' 'sub' 'select'> <InPorts = 0> <OutPorts = 1> <Sync> <CReg>

State 4 <SV = 3> <Delay = 6.97>
ST_4 : Operation 113 [1/1] (0.00ns)   --->   "%p_read = read i64 @_ssdm_op_Read.ap_auto.i64, i64 %p" [dfg_199.c:17]   --->   Operation 113 'read' 'p_read' <Predicate = true> <Delay = 0.00>
ST_4 : Operation 114 [1/1] (0.00ns)   --->   "%zext_ln16 = zext i32 %p_4_read" [dfg_199.c:16]   --->   Operation 114 'zext' 'zext_ln16' <Predicate = true> <Delay = 0.00>
ST_4 : Operation 115 [1/1] (1.91ns)   --->   "%sub_ln17 = sub i8 0, i8 %v_13" [dfg_199.c:17]   --->   Operation 115 'sub' 'sub_ln17' <Predicate = true> <Delay = 1.91> <CoreInst = "Adder">   --->   Core 1 'Adder' <Latency = 0> <II = 1> <Delay = 2.07> <FuncUnit> <Opcode : 'add' 'sub'> <InPorts = 2> <OutPorts = 1>
ST_4 : Operation 116 [1/2] (2.32ns)   --->   "%p_15_load = load i4 %p_15_addr" [dfg_199.c:17]   --->   Operation 116 'load' 'p_15_load' <Predicate = true> <Delay = 2.32> <CoreInst = "RAM">   --->   Core 82 'RAM' <Latency = 1> <II = 1> <Delay = 2.32> <Storage> <Opcode : 'load' 'store'> <Ports = 2> <Width = 16> <Depth = 15> <RAM>
ST_4 : Operation 117 [1/1] (0.00ns) (grouped into LUT with out node v_11)   --->   "%trunc_ln17 = trunc i16 %p_15_load" [dfg_199.c:17]   --->   Operation 117 'trunc' 'trunc_ln17' <Predicate = true> <Delay = 0.00>
ST_4 : Operation 118 [1/1] (0.00ns) (grouped into LUT with out node v_11)   --->   "%xor_ln17 = xor i4 %trunc_ln17, i4 15" [dfg_199.c:17]   --->   Operation 118 'xor' 'xor_ln17' <Predicate = true> <Delay = 0.00> <CoreInst = "LogicGate">   --->   Core 74 'LogicGate' <Latency = 0> <II = 1> <Delay = 0.99> <FuncUnit> <Opcode : 'and' 'or' 'xor'> <InPorts = 2> <OutPorts = 1>
ST_4 : Operation 119 [1/1] (0.00ns) (grouped into LUT with out node v_11)   --->   "%xor_ln17cast = zext i4 %xor_ln17" [dfg_199.c:17]   --->   Operation 119 'zext' 'xor_ln17cast' <Predicate = true> <Delay = 0.00>
ST_4 : Operation 120 [1/1] (0.00ns) (grouped into LUT with out node v_11)   --->   "%shl_ln17 = shl i8 %sub_ln17, i8 %xor_ln17cast" [dfg_199.c:17]   --->   Operation 120 'shl' 'shl_ln17' <Predicate = true> <Delay = 0.00> <CoreInst = "Shifter">   --->   Core 75 'Shifter' <Latency = 0> <II = 1> <Delay = 4.59> <FuncUnit> <Opcode : 'shl' 'lshr' 'ashr'> <InPorts = 2> <OutPorts = 1>
ST_4 : Operation 121 [1/2] (2.10ns) (root node of the DSP)   --->   "%add_ln16_1 = add i8 %mul_ln16, i8 39" [dfg_199.c:16]   --->   Operation 121 'add' 'add_ln16_1' <Predicate = true> <Delay = 2.10> <CoreInst = "DSP48">   --->   Core 119 'DSP48' <Latency = 3> <II = 1> <Delay = 2.15> <IPBlock> <Opcode : 'mul' 'add' 'sub' 'select'> <InPorts = 0> <OutPorts = 1> <Sync> <CReg>
ST_4 : Operation 122 [1/1] (3.14ns) (out node of the LUT)   --->   "%v_11 = and i8 %shl_ln17, i8 %add_ln16_1" [dfg_199.c:16]   --->   Operation 122 'and' 'v_11' <Predicate = true> <Delay = 3.14> <CoreInst = "LogicGate">   --->   Core 74 'LogicGate' <Latency = 0> <II = 1> <Delay = 0.99> <FuncUnit> <Opcode : 'and' 'or' 'xor'> <InPorts = 2> <OutPorts = 1>
ST_4 : Operation 123 [1/1] (3.52ns)   --->   "%add_ln18 = add i64 %p_read, i64 324" [dfg_199.c:18]   --->   Operation 123 'add' 'add_ln18' <Predicate = true> <Delay = 3.52> <CoreInst = "Adder">   --->   Core 1 'Adder' <Latency = 0> <II = 1> <Delay = 2.07> <FuncUnit> <Opcode : 'add' 'sub'> <InPorts = 2> <OutPorts = 1>
ST_4 : Operation 124 [5/5] (6.97ns)   --->   "%mul_ln20 = mul i64 %zext_ln16, i64 %p_read" [dfg_199.c:20]   --->   Operation 124 'mul' 'mul_ln20' <Predicate = true> <Delay = 6.97> <CoreInst = "Multiplier">   --->   Core 3 'Multiplier' <Latency = 4> <II = 1> <Delay = 6.97> <FuncUnit> <Opcode : 'mul'> <InPorts = 2> <OutPorts = 1>

State 5 <SV = 4> <Delay = 6.97>
ST_5 : Operation 125 [1/1] (0.00ns)   --->   "%sext_ln18 = sext i8 %v_11" [dfg_199.c:18]   --->   Operation 125 'sext' 'sext_ln18' <Predicate = true> <Delay = 0.00>
ST_5 : Operation 126 [13/13] (5.07ns)   --->   "%sdiv_ln18 = sdiv i64 %sext_ln18, i64 %add_ln18" [dfg_199.c:18]   --->   Operation 126 'sdiv' 'sdiv_ln18' <Predicate = true> <Delay = 5.07> <CoreInst = "DivnS_SEQ">   --->   Core 7 'DivnS_SEQ' <Latency = 67> <II = 8> <Delay = 5.07> <FuncUnit> <Opcode : 'sdiv' 'srem' 'udiv' 'urem'> <InPorts = 2> <OutPorts = 1>
ST_5 : Operation 127 [4/5] (6.97ns)   --->   "%mul_ln20 = mul i64 %zext_ln16, i64 %p_read" [dfg_199.c:20]   --->   Operation 127 'mul' 'mul_ln20' <Predicate = true> <Delay = 6.97> <CoreInst = "Multiplier">   --->   Core 3 'Multiplier' <Latency = 4> <II = 1> <Delay = 6.97> <FuncUnit> <Opcode : 'mul'> <InPorts = 2> <OutPorts = 1>

State 6 <SV = 5> <Delay = 6.97>
ST_6 : Operation 128 [12/13] (5.07ns)   --->   "%sdiv_ln18 = sdiv i64 %sext_ln18, i64 %add_ln18" [dfg_199.c:18]   --->   Operation 128 'sdiv' 'sdiv_ln18' <Predicate = true> <Delay = 5.07> <CoreInst = "DivnS_SEQ">   --->   Core 7 'DivnS_SEQ' <Latency = 67> <II = 8> <Delay = 5.07> <FuncUnit> <Opcode : 'sdiv' 'srem' 'udiv' 'urem'> <InPorts = 2> <OutPorts = 1>
ST_6 : Operation 129 [3/5] (6.97ns)   --->   "%mul_ln20 = mul i64 %zext_ln16, i64 %p_read" [dfg_199.c:20]   --->   Operation 129 'mul' 'mul_ln20' <Predicate = true> <Delay = 6.97> <CoreInst = "Multiplier">   --->   Core 3 'Multiplier' <Latency = 4> <II = 1> <Delay = 6.97> <FuncUnit> <Opcode : 'mul'> <InPorts = 2> <OutPorts = 1>

State 7 <SV = 6> <Delay = 6.97>
ST_7 : Operation 130 [11/13] (5.07ns)   --->   "%sdiv_ln18 = sdiv i64 %sext_ln18, i64 %add_ln18" [dfg_199.c:18]   --->   Operation 130 'sdiv' 'sdiv_ln18' <Predicate = true> <Delay = 5.07> <CoreInst = "DivnS_SEQ">   --->   Core 7 'DivnS_SEQ' <Latency = 67> <II = 8> <Delay = 5.07> <FuncUnit> <Opcode : 'sdiv' 'srem' 'udiv' 'urem'> <InPorts = 2> <OutPorts = 1>
ST_7 : Operation 131 [2/5] (6.97ns)   --->   "%mul_ln20 = mul i64 %zext_ln16, i64 %p_read" [dfg_199.c:20]   --->   Operation 131 'mul' 'mul_ln20' <Predicate = true> <Delay = 6.97> <CoreInst = "Multiplier">   --->   Core 3 'Multiplier' <Latency = 4> <II = 1> <Delay = 6.97> <FuncUnit> <Opcode : 'mul'> <InPorts = 2> <OutPorts = 1>

State 8 <SV = 7> <Delay = 6.97>
ST_8 : Operation 132 [10/13] (5.07ns)   --->   "%sdiv_ln18 = sdiv i64 %sext_ln18, i64 %add_ln18" [dfg_199.c:18]   --->   Operation 132 'sdiv' 'sdiv_ln18' <Predicate = true> <Delay = 5.07> <CoreInst = "DivnS_SEQ">   --->   Core 7 'DivnS_SEQ' <Latency = 67> <II = 8> <Delay = 5.07> <FuncUnit> <Opcode : 'sdiv' 'srem' 'udiv' 'urem'> <InPorts = 2> <OutPorts = 1>
ST_8 : Operation 133 [1/5] (6.97ns)   --->   "%mul_ln20 = mul i64 %zext_ln16, i64 %p_read" [dfg_199.c:20]   --->   Operation 133 'mul' 'mul_ln20' <Predicate = true> <Delay = 6.97> <CoreInst = "Multiplier">   --->   Core 3 'Multiplier' <Latency = 4> <II = 1> <Delay = 6.97> <FuncUnit> <Opcode : 'mul'> <InPorts = 2> <OutPorts = 1>

State 9 <SV = 8> <Delay = 5.07>
ST_9 : Operation 134 [9/13] (5.07ns)   --->   "%sdiv_ln18 = sdiv i64 %sext_ln18, i64 %add_ln18" [dfg_199.c:18]   --->   Operation 134 'sdiv' 'sdiv_ln18' <Predicate = true> <Delay = 5.07> <CoreInst = "DivnS_SEQ">   --->   Core 7 'DivnS_SEQ' <Latency = 67> <II = 8> <Delay = 5.07> <FuncUnit> <Opcode : 'sdiv' 'srem' 'udiv' 'urem'> <InPorts = 2> <OutPorts = 1>

State 10 <SV = 9> <Delay = 5.07>
ST_10 : Operation 135 [8/13] (5.07ns)   --->   "%sdiv_ln18 = sdiv i64 %sext_ln18, i64 %add_ln18" [dfg_199.c:18]   --->   Operation 135 'sdiv' 'sdiv_ln18' <Predicate = true> <Delay = 5.07> <CoreInst = "DivnS_SEQ">   --->   Core 7 'DivnS_SEQ' <Latency = 67> <II = 8> <Delay = 5.07> <FuncUnit> <Opcode : 'sdiv' 'srem' 'udiv' 'urem'> <InPorts = 2> <OutPorts = 1>

State 11 <SV = 10> <Delay = 5.07>
ST_11 : Operation 136 [7/13] (5.07ns)   --->   "%sdiv_ln18 = sdiv i64 %sext_ln18, i64 %add_ln18" [dfg_199.c:18]   --->   Operation 136 'sdiv' 'sdiv_ln18' <Predicate = true> <Delay = 5.07> <CoreInst = "DivnS_SEQ">   --->   Core 7 'DivnS_SEQ' <Latency = 67> <II = 8> <Delay = 5.07> <FuncUnit> <Opcode : 'sdiv' 'srem' 'udiv' 'urem'> <InPorts = 2> <OutPorts = 1>

State 12 <SV = 11> <Delay = 5.07>
ST_12 : Operation 137 [6/13] (5.07ns)   --->   "%sdiv_ln18 = sdiv i64 %sext_ln18, i64 %add_ln18" [dfg_199.c:18]   --->   Operation 137 'sdiv' 'sdiv_ln18' <Predicate = true> <Delay = 5.07> <CoreInst = "DivnS_SEQ">   --->   Core 7 'DivnS_SEQ' <Latency = 67> <II = 8> <Delay = 5.07> <FuncUnit> <Opcode : 'sdiv' 'srem' 'udiv' 'urem'> <InPorts = 2> <OutPorts = 1>

State 13 <SV = 12> <Delay = 5.07>
ST_13 : Operation 138 [5/13] (5.07ns)   --->   "%sdiv_ln18 = sdiv i64 %sext_ln18, i64 %add_ln18" [dfg_199.c:18]   --->   Operation 138 'sdiv' 'sdiv_ln18' <Predicate = true> <Delay = 5.07> <CoreInst = "DivnS_SEQ">   --->   Core 7 'DivnS_SEQ' <Latency = 67> <II = 8> <Delay = 5.07> <FuncUnit> <Opcode : 'sdiv' 'srem' 'udiv' 'urem'> <InPorts = 2> <OutPorts = 1>

State 14 <SV = 13> <Delay = 5.07>
ST_14 : Operation 139 [4/13] (5.07ns)   --->   "%sdiv_ln18 = sdiv i64 %sext_ln18, i64 %add_ln18" [dfg_199.c:18]   --->   Operation 139 'sdiv' 'sdiv_ln18' <Predicate = true> <Delay = 5.07> <CoreInst = "DivnS_SEQ">   --->   Core 7 'DivnS_SEQ' <Latency = 67> <II = 8> <Delay = 5.07> <FuncUnit> <Opcode : 'sdiv' 'srem' 'udiv' 'urem'> <InPorts = 2> <OutPorts = 1>

State 15 <SV = 14> <Delay = 5.07>
ST_15 : Operation 140 [3/13] (5.07ns)   --->   "%sdiv_ln18 = sdiv i64 %sext_ln18, i64 %add_ln18" [dfg_199.c:18]   --->   Operation 140 'sdiv' 'sdiv_ln18' <Predicate = true> <Delay = 5.07> <CoreInst = "DivnS_SEQ">   --->   Core 7 'DivnS_SEQ' <Latency = 67> <II = 8> <Delay = 5.07> <FuncUnit> <Opcode : 'sdiv' 'srem' 'udiv' 'urem'> <InPorts = 2> <OutPorts = 1>

State 16 <SV = 15> <Delay = 5.07>
ST_16 : Operation 141 [2/13] (5.07ns)   --->   "%sdiv_ln18 = sdiv i64 %sext_ln18, i64 %add_ln18" [dfg_199.c:18]   --->   Operation 141 'sdiv' 'sdiv_ln18' <Predicate = true> <Delay = 5.07> <CoreInst = "DivnS_SEQ">   --->   Core 7 'DivnS_SEQ' <Latency = 67> <II = 8> <Delay = 5.07> <FuncUnit> <Opcode : 'sdiv' 'srem' 'udiv' 'urem'> <InPorts = 2> <OutPorts = 1>

State 17 <SV = 16> <Delay = 6.06>
ST_17 : Operation 142 [1/13] (5.07ns)   --->   "%sdiv_ln18 = sdiv i64 %sext_ln18, i64 %add_ln18" [dfg_199.c:18]   --->   Operation 142 'sdiv' 'sdiv_ln18' <Predicate = true> <Delay = 5.07> <CoreInst = "DivnS_SEQ">   --->   Core 7 'DivnS_SEQ' <Latency = 67> <II = 8> <Delay = 5.07> <FuncUnit> <Opcode : 'sdiv' 'srem' 'udiv' 'urem'> <InPorts = 2> <OutPorts = 1>
ST_17 : Operation 143 [1/1] (0.00ns)   --->   "%trunc_ln18 = trunc i8 %sdiv_ln18" [dfg_199.c:18]   --->   Operation 143 'trunc' 'trunc_ln18' <Predicate = true> <Delay = 0.00>
ST_17 : Operation 144 [1/1] (0.99ns)   --->   "%v_11_1 = or i8 %trunc_ln18, i8 %v_13" [dfg_199.c:18]   --->   Operation 144 'or' 'v_11_1' <Predicate = true> <Delay = 0.99> <CoreInst = "LogicGate">   --->   Core 74 'LogicGate' <Latency = 0> <II = 1> <Delay = 0.99> <FuncUnit> <Opcode : 'and' 'or' 'xor'> <InPorts = 2> <OutPorts = 1>

State 18 <SV = 17> <Delay = 6.28>
ST_18 : Operation 145 [1/1] (0.00ns)   --->   "%sext_ln19 = sext i8 %v_11_1" [dfg_199.c:19]   --->   Operation 145 'sext' 'sext_ln19' <Predicate = true> <Delay = 0.00>
ST_18 : Operation 146 [6/6] (6.28ns)   --->   "%v = sitodp i32 %sext_ln19" [dfg_199.c:19]   --->   Operation 146 'sitodp' 'v' <Predicate = true> <Delay = 6.28> <CoreInst = "Int2Double">   --->   Core 66 'Int2Double' <Latency = 5> <II = 1> <Delay = 6.28> <FuncUnit> <Opcode : 'sitodp' 'uitodp'> <InPorts = 1> <OutPorts = 1>

State 19 <SV = 18> <Delay = 6.28>
ST_19 : Operation 147 [5/6] (6.28ns)   --->   "%v = sitodp i32 %sext_ln19" [dfg_199.c:19]   --->   Operation 147 'sitodp' 'v' <Predicate = true> <Delay = 6.28> <CoreInst = "Int2Double">   --->   Core 66 'Int2Double' <Latency = 5> <II = 1> <Delay = 6.28> <FuncUnit> <Opcode : 'sitodp' 'uitodp'> <InPorts = 1> <OutPorts = 1>

State 20 <SV = 19> <Delay = 6.28>
ST_20 : Operation 148 [4/6] (6.28ns)   --->   "%v = sitodp i32 %sext_ln19" [dfg_199.c:19]   --->   Operation 148 'sitodp' 'v' <Predicate = true> <Delay = 6.28> <CoreInst = "Int2Double">   --->   Core 66 'Int2Double' <Latency = 5> <II = 1> <Delay = 6.28> <FuncUnit> <Opcode : 'sitodp' 'uitodp'> <InPorts = 1> <OutPorts = 1>

State 21 <SV = 20> <Delay = 6.28>
ST_21 : Operation 149 [3/6] (6.28ns)   --->   "%v = sitodp i32 %sext_ln19" [dfg_199.c:19]   --->   Operation 149 'sitodp' 'v' <Predicate = true> <Delay = 6.28> <CoreInst = "Int2Double">   --->   Core 66 'Int2Double' <Latency = 5> <II = 1> <Delay = 6.28> <FuncUnit> <Opcode : 'sitodp' 'uitodp'> <InPorts = 1> <OutPorts = 1>

State 22 <SV = 21> <Delay = 6.28>
ST_22 : Operation 150 [2/6] (6.28ns)   --->   "%v = sitodp i32 %sext_ln19" [dfg_199.c:19]   --->   Operation 150 'sitodp' 'v' <Predicate = true> <Delay = 6.28> <CoreInst = "Int2Double">   --->   Core 66 'Int2Double' <Latency = 5> <II = 1> <Delay = 6.28> <FuncUnit> <Opcode : 'sitodp' 'uitodp'> <InPorts = 1> <OutPorts = 1>

State 23 <SV = 22> <Delay = 7.27>
ST_23 : Operation 151 [1/6] (6.28ns)   --->   "%v = sitodp i32 %sext_ln19" [dfg_199.c:19]   --->   Operation 151 'sitodp' 'v' <Predicate = true> <Delay = 6.28> <CoreInst = "Int2Double">   --->   Core 66 'Int2Double' <Latency = 5> <II = 1> <Delay = 6.28> <FuncUnit> <Opcode : 'sitodp' 'uitodp'> <InPorts = 1> <OutPorts = 1>
ST_23 : Operation 152 [1/1] (0.00ns)   --->   "%bitcast_ln20 = bitcast i64 %v" [dfg_199.c:20]   --->   Operation 152 'bitcast' 'bitcast_ln20' <Predicate = true> <Delay = 0.00>
ST_23 : Operation 153 [1/1] (0.99ns)   --->   "%data_V = xor i64 %bitcast_ln20, i64 9223372036854775808" [dfg_199.c:20]   --->   Operation 153 'xor' 'data_V' <Predicate = true> <Delay = 0.99> <CoreInst = "LogicGate">   --->   Core 74 'LogicGate' <Latency = 0> <II = 1> <Delay = 0.99> <FuncUnit> <Opcode : 'and' 'or' 'xor'> <InPorts = 2> <OutPorts = 1>
ST_23 : Operation 154 [1/1] (0.00ns)   --->   "%p_Result_s = bitselect i1 @_ssdm_op_BitSelect.i1.i64.i32, i64 %data_V, i32 63"   --->   Operation 154 'bitselect' 'p_Result_s' <Predicate = true> <Delay = 0.00>
ST_23 : Operation 155 [1/1] (0.00ns)   --->   "%tmp_2 = partselect i11 @_ssdm_op_PartSelect.i11.i64.i32.i32, i64 %data_V, i32 52, i32 62"   --->   Operation 155 'partselect' 'tmp_2' <Predicate = true> <Delay = 0.00>
ST_23 : Operation 156 [1/1] (0.00ns)   --->   "%tmp_3 = trunc i64 %data_V"   --->   Operation 156 'trunc' 'tmp_3' <Predicate = true> <Delay = 0.00>

State 24 <SV = 23> <Delay = 6.94>
ST_24 : Operation 157 [1/1] (0.00ns)   --->   "%mantissa = bitconcatenate i54 @_ssdm_op_BitConcatenate.i54.i1.i52.i1, i1 1, i52 %tmp_3, i1 0"   --->   Operation 157 'bitconcatenate' 'mantissa' <Predicate = true> <Delay = 0.00>
ST_24 : Operation 158 [1/1] (0.00ns)   --->   "%zext_ln15 = zext i54 %mantissa" [/wrk/ci/prod/2020.2/rdi_builds/continuous/2020_11_18_3064766/src/shared/hls/clib/hlsmath/include/FloatingPoint/hls_case_IEEE754.h:15]   --->   Operation 158 'zext' 'zext_ln15' <Predicate = true> <Delay = 0.00>
ST_24 : Operation 159 [1/1] (0.00ns)   --->   "%zext_ln510 = zext i11 %tmp_2" [/wrk/ci/prod/2020.2/rdi_builds/continuous/2020_11_18_3064766/src/shared/hls/clib/src/hls/utils/x_hls_utils.h:510]   --->   Operation 159 'zext' 'zext_ln510' <Predicate = true> <Delay = 0.00>
ST_24 : Operation 160 [1/1] (1.63ns)   --->   "%add_ln510 = add i12 %zext_ln510, i12 3073" [/wrk/ci/prod/2020.2/rdi_builds/continuous/2020_11_18_3064766/src/shared/hls/clib/src/hls/utils/x_hls_utils.h:510]   --->   Operation 160 'add' 'add_ln510' <Predicate = true> <Delay = 1.63> <CoreInst = "Adder">   --->   Core 1 'Adder' <Latency = 0> <II = 1> <Delay = 2.07> <FuncUnit> <Opcode : 'add' 'sub'> <InPorts = 2> <OutPorts = 1>
ST_24 : Operation 161 [1/1] (0.00ns)   --->   "%isNeg = bitselect i1 @_ssdm_op_BitSelect.i1.i12.i32, i12 %add_ln510, i32 11"   --->   Operation 161 'bitselect' 'isNeg' <Predicate = true> <Delay = 0.00>
ST_24 : Operation 162 [1/1] (1.63ns)   --->   "%sub_ln1311 = sub i11 1023, i11 %tmp_2"   --->   Operation 162 'sub' 'sub_ln1311' <Predicate = true> <Delay = 1.63> <CoreInst = "Adder">   --->   Core 1 'Adder' <Latency = 0> <II = 1> <Delay = 2.07> <FuncUnit> <Opcode : 'add' 'sub'> <InPorts = 2> <OutPorts = 1>
ST_24 : Operation 163 [1/1] (0.00ns)   --->   "%sext_ln1311 = sext i11 %sub_ln1311"   --->   Operation 163 'sext' 'sext_ln1311' <Predicate = true> <Delay = 0.00>
ST_24 : Operation 164 [1/1] (0.69ns)   --->   "%ush = select i1 %isNeg, i12 %sext_ln1311, i12 %add_ln510"   --->   Operation 164 'select' 'ush' <Predicate = true> <Delay = 0.69> <CoreInst = "Sel">   --->   Core 73 'Sel' <Latency = 0> <II = 1> <Delay = 1.48> <FuncUnit> <Opcode : 'select'> <InPorts = 3> <OutPorts = 1>
ST_24 : Operation 165 [1/1] (0.00ns)   --->   "%sh_prom_i_i_i_i_i_cast_cast_cast = sext i12 %ush"   --->   Operation 165 'sext' 'sh_prom_i_i_i_i_i_cast_cast_cast' <Predicate = true> <Delay = 0.00>
ST_24 : Operation 166 [1/1] (0.00ns)   --->   "%sh_prom_i_i_i_i_i_cast_cast_cast_cast = zext i32 %sh_prom_i_i_i_i_i_cast_cast_cast"   --->   Operation 166 'zext' 'sh_prom_i_i_i_i_i_cast_cast_cast_cast' <Predicate = true> <Delay = 0.00>
ST_24 : Operation 167 [1/1] (0.00ns) (grouped into LUT with out node val)   --->   "%r_V = lshr i169 %zext_ln15, i169 %sh_prom_i_i_i_i_i_cast_cast_cast_cast"   --->   Operation 167 'lshr' 'r_V' <Predicate = true> <Delay = 0.00> <CoreInst = "Shifter">   --->   Core 75 'Shifter' <Latency = 0> <II = 1> <Delay = 4.59> <FuncUnit> <Opcode : 'shl' 'lshr' 'ashr'> <InPorts = 2> <OutPorts = 1>
ST_24 : Operation 168 [1/1] (0.00ns) (grouped into LUT with out node val)   --->   "%r_V_1 = shl i169 %zext_ln15, i169 %sh_prom_i_i_i_i_i_cast_cast_cast_cast"   --->   Operation 168 'shl' 'r_V_1' <Predicate = true> <Delay = 0.00> <CoreInst = "Shifter">   --->   Core 75 'Shifter' <Latency = 0> <II = 1> <Delay = 4.59> <FuncUnit> <Opcode : 'shl' 'lshr' 'ashr'> <InPorts = 2> <OutPorts = 1>
ST_24 : Operation 169 [1/1] (0.00ns) (grouped into LUT with out node val)   --->   "%tmp = bitselect i1 @_ssdm_op_BitSelect.i1.i169.i32, i169 %r_V, i32 53"   --->   Operation 169 'bitselect' 'tmp' <Predicate = true> <Delay = 0.00>
ST_24 : Operation 170 [1/1] (0.00ns) (grouped into LUT with out node val)   --->   "%zext_ln662 = zext i1 %tmp"   --->   Operation 170 'zext' 'zext_ln662' <Predicate = true> <Delay = 0.00>
ST_24 : Operation 171 [1/1] (0.00ns) (grouped into LUT with out node val)   --->   "%tmp_1 = partselect i64 @_ssdm_op_PartSelect.i64.i169.i32.i32, i169 %r_V_1, i32 53, i32 116"   --->   Operation 171 'partselect' 'tmp_1' <Predicate = true> <Delay = 0.00>
ST_24 : Operation 172 [1/1] (4.61ns) (out node of the LUT)   --->   "%val = select i1 %isNeg, i64 %zext_ln662, i64 %tmp_1"   --->   Operation 172 'select' 'val' <Predicate = true> <Delay = 4.61> <CoreInst = "Sel">   --->   Core 73 'Sel' <Latency = 0> <II = 1> <Delay = 1.48> <FuncUnit> <Opcode : 'select'> <InPorts = 3> <OutPorts = 1>

State 25 <SV = 24> <Delay = 5.00>
ST_25 : Operation 173 [1/1] (3.52ns)   --->   "%result_V_2 = sub i64 0, i64 %val"   --->   Operation 173 'sub' 'result_V_2' <Predicate = (p_Result_s)> <Delay = 3.52> <CoreInst = "Adder">   --->   Core 1 'Adder' <Latency = 0> <II = 1> <Delay = 2.07> <FuncUnit> <Opcode : 'add' 'sub'> <InPorts = 2> <OutPorts = 1>
ST_25 : Operation 174 [1/1] (1.48ns)   --->   "%result_V = select i1 %p_Result_s, i64 %result_V_2, i64 %val" [/wrk/ci/prod/2020.2/rdi_builds/continuous/2020_11_18_3064766/src/shared/hls/clib/hlsmath/include/FloatingPoint/hls_case_IEEE754.h:59]   --->   Operation 174 'select' 'result_V' <Predicate = true> <Delay = 1.48> <CoreInst = "Sel">   --->   Core 73 'Sel' <Latency = 0> <II = 1> <Delay = 1.48> <FuncUnit> <Opcode : 'select'> <InPorts = 3> <OutPorts = 1>

State 26 <SV = 25> <Delay = 6.97>
ST_26 : Operation 175 [5/5] (6.97ns)   --->   "%mul_ln20_1 = mul i64 %mul_ln20, i64 %result_V" [dfg_199.c:20]   --->   Operation 175 'mul' 'mul_ln20_1' <Predicate = true> <Delay = 6.97> <CoreInst = "Multiplier">   --->   Core 3 'Multiplier' <Latency = 4> <II = 1> <Delay = 6.97> <FuncUnit> <Opcode : 'mul'> <InPorts = 2> <OutPorts = 1>

State 27 <SV = 26> <Delay = 6.97>
ST_27 : Operation 176 [4/5] (6.97ns)   --->   "%mul_ln20_1 = mul i64 %mul_ln20, i64 %result_V" [dfg_199.c:20]   --->   Operation 176 'mul' 'mul_ln20_1' <Predicate = true> <Delay = 6.97> <CoreInst = "Multiplier">   --->   Core 3 'Multiplier' <Latency = 4> <II = 1> <Delay = 6.97> <FuncUnit> <Opcode : 'mul'> <InPorts = 2> <OutPorts = 1>

State 28 <SV = 27> <Delay = 6.97>
ST_28 : Operation 177 [3/5] (6.97ns)   --->   "%mul_ln20_1 = mul i64 %mul_ln20, i64 %result_V" [dfg_199.c:20]   --->   Operation 177 'mul' 'mul_ln20_1' <Predicate = true> <Delay = 6.97> <CoreInst = "Multiplier">   --->   Core 3 'Multiplier' <Latency = 4> <II = 1> <Delay = 6.97> <FuncUnit> <Opcode : 'mul'> <InPorts = 2> <OutPorts = 1>

State 29 <SV = 28> <Delay = 6.97>
ST_29 : Operation 178 [2/5] (6.97ns)   --->   "%mul_ln20_1 = mul i64 %mul_ln20, i64 %result_V" [dfg_199.c:20]   --->   Operation 178 'mul' 'mul_ln20_1' <Predicate = true> <Delay = 6.97> <CoreInst = "Multiplier">   --->   Core 3 'Multiplier' <Latency = 4> <II = 1> <Delay = 6.97> <FuncUnit> <Opcode : 'mul'> <InPorts = 2> <OutPorts = 1>

State 30 <SV = 29> <Delay = 6.97>
ST_30 : Operation 179 [1/5] (6.97ns)   --->   "%mul_ln20_1 = mul i64 %mul_ln20, i64 %result_V" [dfg_199.c:20]   --->   Operation 179 'mul' 'mul_ln20_1' <Predicate = true> <Delay = 6.97> <CoreInst = "Multiplier">   --->   Core 3 'Multiplier' <Latency = 4> <II = 1> <Delay = 6.97> <FuncUnit> <Opcode : 'mul'> <InPorts = 2> <OutPorts = 1>

State 31 <SV = 30> <Delay = 7.14>
ST_31 : Operation 180 [1/1] (0.00ns)   --->   "%zext_ln21 = zext i16 %v_7" [dfg_199.c:21]   --->   Operation 180 'zext' 'zext_ln21' <Predicate = true> <Delay = 0.00>
ST_31 : Operation 181 [1/1] (2.07ns)   --->   "%sub_ln21 = sub i17 364, i17 %zext_ln21" [dfg_199.c:21]   --->   Operation 181 'sub' 'sub_ln21' <Predicate = true> <Delay = 2.07> <CoreInst = "Adder">   --->   Core 1 'Adder' <Latency = 0> <II = 1> <Delay = 2.07> <FuncUnit> <Opcode : 'add' 'sub'> <InPorts = 2> <OutPorts = 1>
ST_31 : Operation 182 [1/1] (0.00ns)   --->   "%sext_ln20 = sext i17 %sub_ln21" [dfg_199.c:20]   --->   Operation 182 'sext' 'sext_ln20' <Predicate = true> <Delay = 0.00>
ST_31 : Operation 183 [1/1] (0.00ns)   --->   "%zext_ln20 = zext i32 %sext_ln20" [dfg_199.c:20]   --->   Operation 183 'zext' 'zext_ln20' <Predicate = true> <Delay = 0.00>
ST_31 : Operation 184 [68/68] (5.07ns)   --->   "%sdiv_ln20 = sdiv i64 %mul_ln20_1, i64 %zext_ln20" [dfg_199.c:20]   --->   Operation 184 'sdiv' 'sdiv_ln20' <Predicate = true> <Delay = 5.07> <CoreInst = "DivnS_SEQ">   --->   Core 7 'DivnS_SEQ' <Latency = 67> <II = 64> <Delay = 5.07> <FuncUnit> <Opcode : 'sdiv' 'srem' 'udiv' 'urem'> <InPorts = 2> <OutPorts = 1>

State 32 <SV = 31> <Delay = 5.07>
ST_32 : Operation 185 [67/68] (5.07ns)   --->   "%sdiv_ln20 = sdiv i64 %mul_ln20_1, i64 %zext_ln20" [dfg_199.c:20]   --->   Operation 185 'sdiv' 'sdiv_ln20' <Predicate = true> <Delay = 5.07> <CoreInst = "DivnS_SEQ">   --->   Core 7 'DivnS_SEQ' <Latency = 67> <II = 64> <Delay = 5.07> <FuncUnit> <Opcode : 'sdiv' 'srem' 'udiv' 'urem'> <InPorts = 2> <OutPorts = 1>

State 33 <SV = 32> <Delay = 5.07>
ST_33 : Operation 186 [66/68] (5.07ns)   --->   "%sdiv_ln20 = sdiv i64 %mul_ln20_1, i64 %zext_ln20" [dfg_199.c:20]   --->   Operation 186 'sdiv' 'sdiv_ln20' <Predicate = true> <Delay = 5.07> <CoreInst = "DivnS_SEQ">   --->   Core 7 'DivnS_SEQ' <Latency = 67> <II = 64> <Delay = 5.07> <FuncUnit> <Opcode : 'sdiv' 'srem' 'udiv' 'urem'> <InPorts = 2> <OutPorts = 1>

State 34 <SV = 33> <Delay = 5.07>
ST_34 : Operation 187 [65/68] (5.07ns)   --->   "%sdiv_ln20 = sdiv i64 %mul_ln20_1, i64 %zext_ln20" [dfg_199.c:20]   --->   Operation 187 'sdiv' 'sdiv_ln20' <Predicate = true> <Delay = 5.07> <CoreInst = "DivnS_SEQ">   --->   Core 7 'DivnS_SEQ' <Latency = 67> <II = 64> <Delay = 5.07> <FuncUnit> <Opcode : 'sdiv' 'srem' 'udiv' 'urem'> <InPorts = 2> <OutPorts = 1>

State 35 <SV = 34> <Delay = 5.07>
ST_35 : Operation 188 [64/68] (5.07ns)   --->   "%sdiv_ln20 = sdiv i64 %mul_ln20_1, i64 %zext_ln20" [dfg_199.c:20]   --->   Operation 188 'sdiv' 'sdiv_ln20' <Predicate = true> <Delay = 5.07> <CoreInst = "DivnS_SEQ">   --->   Core 7 'DivnS_SEQ' <Latency = 67> <II = 64> <Delay = 5.07> <FuncUnit> <Opcode : 'sdiv' 'srem' 'udiv' 'urem'> <InPorts = 2> <OutPorts = 1>

State 36 <SV = 35> <Delay = 5.07>
ST_36 : Operation 189 [63/68] (5.07ns)   --->   "%sdiv_ln20 = sdiv i64 %mul_ln20_1, i64 %zext_ln20" [dfg_199.c:20]   --->   Operation 189 'sdiv' 'sdiv_ln20' <Predicate = true> <Delay = 5.07> <CoreInst = "DivnS_SEQ">   --->   Core 7 'DivnS_SEQ' <Latency = 67> <II = 64> <Delay = 5.07> <FuncUnit> <Opcode : 'sdiv' 'srem' 'udiv' 'urem'> <InPorts = 2> <OutPorts = 1>

State 37 <SV = 36> <Delay = 5.07>
ST_37 : Operation 190 [62/68] (5.07ns)   --->   "%sdiv_ln20 = sdiv i64 %mul_ln20_1, i64 %zext_ln20" [dfg_199.c:20]   --->   Operation 190 'sdiv' 'sdiv_ln20' <Predicate = true> <Delay = 5.07> <CoreInst = "DivnS_SEQ">   --->   Core 7 'DivnS_SEQ' <Latency = 67> <II = 64> <Delay = 5.07> <FuncUnit> <Opcode : 'sdiv' 'srem' 'udiv' 'urem'> <InPorts = 2> <OutPorts = 1>

State 38 <SV = 37> <Delay = 5.07>
ST_38 : Operation 191 [61/68] (5.07ns)   --->   "%sdiv_ln20 = sdiv i64 %mul_ln20_1, i64 %zext_ln20" [dfg_199.c:20]   --->   Operation 191 'sdiv' 'sdiv_ln20' <Predicate = true> <Delay = 5.07> <CoreInst = "DivnS_SEQ">   --->   Core 7 'DivnS_SEQ' <Latency = 67> <II = 64> <Delay = 5.07> <FuncUnit> <Opcode : 'sdiv' 'srem' 'udiv' 'urem'> <InPorts = 2> <OutPorts = 1>

State 39 <SV = 38> <Delay = 5.07>
ST_39 : Operation 192 [60/68] (5.07ns)   --->   "%sdiv_ln20 = sdiv i64 %mul_ln20_1, i64 %zext_ln20" [dfg_199.c:20]   --->   Operation 192 'sdiv' 'sdiv_ln20' <Predicate = true> <Delay = 5.07> <CoreInst = "DivnS_SEQ">   --->   Core 7 'DivnS_SEQ' <Latency = 67> <II = 64> <Delay = 5.07> <FuncUnit> <Opcode : 'sdiv' 'srem' 'udiv' 'urem'> <InPorts = 2> <OutPorts = 1>

State 40 <SV = 39> <Delay = 5.07>
ST_40 : Operation 193 [59/68] (5.07ns)   --->   "%sdiv_ln20 = sdiv i64 %mul_ln20_1, i64 %zext_ln20" [dfg_199.c:20]   --->   Operation 193 'sdiv' 'sdiv_ln20' <Predicate = true> <Delay = 5.07> <CoreInst = "DivnS_SEQ">   --->   Core 7 'DivnS_SEQ' <Latency = 67> <II = 64> <Delay = 5.07> <FuncUnit> <Opcode : 'sdiv' 'srem' 'udiv' 'urem'> <InPorts = 2> <OutPorts = 1>

State 41 <SV = 40> <Delay = 5.07>
ST_41 : Operation 194 [58/68] (5.07ns)   --->   "%sdiv_ln20 = sdiv i64 %mul_ln20_1, i64 %zext_ln20" [dfg_199.c:20]   --->   Operation 194 'sdiv' 'sdiv_ln20' <Predicate = true> <Delay = 5.07> <CoreInst = "DivnS_SEQ">   --->   Core 7 'DivnS_SEQ' <Latency = 67> <II = 64> <Delay = 5.07> <FuncUnit> <Opcode : 'sdiv' 'srem' 'udiv' 'urem'> <InPorts = 2> <OutPorts = 1>

State 42 <SV = 41> <Delay = 5.07>
ST_42 : Operation 195 [57/68] (5.07ns)   --->   "%sdiv_ln20 = sdiv i64 %mul_ln20_1, i64 %zext_ln20" [dfg_199.c:20]   --->   Operation 195 'sdiv' 'sdiv_ln20' <Predicate = true> <Delay = 5.07> <CoreInst = "DivnS_SEQ">   --->   Core 7 'DivnS_SEQ' <Latency = 67> <II = 64> <Delay = 5.07> <FuncUnit> <Opcode : 'sdiv' 'srem' 'udiv' 'urem'> <InPorts = 2> <OutPorts = 1>

State 43 <SV = 42> <Delay = 5.07>
ST_43 : Operation 196 [56/68] (5.07ns)   --->   "%sdiv_ln20 = sdiv i64 %mul_ln20_1, i64 %zext_ln20" [dfg_199.c:20]   --->   Operation 196 'sdiv' 'sdiv_ln20' <Predicate = true> <Delay = 5.07> <CoreInst = "DivnS_SEQ">   --->   Core 7 'DivnS_SEQ' <Latency = 67> <II = 64> <Delay = 5.07> <FuncUnit> <Opcode : 'sdiv' 'srem' 'udiv' 'urem'> <InPorts = 2> <OutPorts = 1>

State 44 <SV = 43> <Delay = 5.07>
ST_44 : Operation 197 [55/68] (5.07ns)   --->   "%sdiv_ln20 = sdiv i64 %mul_ln20_1, i64 %zext_ln20" [dfg_199.c:20]   --->   Operation 197 'sdiv' 'sdiv_ln20' <Predicate = true> <Delay = 5.07> <CoreInst = "DivnS_SEQ">   --->   Core 7 'DivnS_SEQ' <Latency = 67> <II = 64> <Delay = 5.07> <FuncUnit> <Opcode : 'sdiv' 'srem' 'udiv' 'urem'> <InPorts = 2> <OutPorts = 1>

State 45 <SV = 44> <Delay = 5.07>
ST_45 : Operation 198 [54/68] (5.07ns)   --->   "%sdiv_ln20 = sdiv i64 %mul_ln20_1, i64 %zext_ln20" [dfg_199.c:20]   --->   Operation 198 'sdiv' 'sdiv_ln20' <Predicate = true> <Delay = 5.07> <CoreInst = "DivnS_SEQ">   --->   Core 7 'DivnS_SEQ' <Latency = 67> <II = 64> <Delay = 5.07> <FuncUnit> <Opcode : 'sdiv' 'srem' 'udiv' 'urem'> <InPorts = 2> <OutPorts = 1>

State 46 <SV = 45> <Delay = 5.07>
ST_46 : Operation 199 [53/68] (5.07ns)   --->   "%sdiv_ln20 = sdiv i64 %mul_ln20_1, i64 %zext_ln20" [dfg_199.c:20]   --->   Operation 199 'sdiv' 'sdiv_ln20' <Predicate = true> <Delay = 5.07> <CoreInst = "DivnS_SEQ">   --->   Core 7 'DivnS_SEQ' <Latency = 67> <II = 64> <Delay = 5.07> <FuncUnit> <Opcode : 'sdiv' 'srem' 'udiv' 'urem'> <InPorts = 2> <OutPorts = 1>

State 47 <SV = 46> <Delay = 5.07>
ST_47 : Operation 200 [52/68] (5.07ns)   --->   "%sdiv_ln20 = sdiv i64 %mul_ln20_1, i64 %zext_ln20" [dfg_199.c:20]   --->   Operation 200 'sdiv' 'sdiv_ln20' <Predicate = true> <Delay = 5.07> <CoreInst = "DivnS_SEQ">   --->   Core 7 'DivnS_SEQ' <Latency = 67> <II = 64> <Delay = 5.07> <FuncUnit> <Opcode : 'sdiv' 'srem' 'udiv' 'urem'> <InPorts = 2> <OutPorts = 1>

State 48 <SV = 47> <Delay = 5.07>
ST_48 : Operation 201 [51/68] (5.07ns)   --->   "%sdiv_ln20 = sdiv i64 %mul_ln20_1, i64 %zext_ln20" [dfg_199.c:20]   --->   Operation 201 'sdiv' 'sdiv_ln20' <Predicate = true> <Delay = 5.07> <CoreInst = "DivnS_SEQ">   --->   Core 7 'DivnS_SEQ' <Latency = 67> <II = 64> <Delay = 5.07> <FuncUnit> <Opcode : 'sdiv' 'srem' 'udiv' 'urem'> <InPorts = 2> <OutPorts = 1>

State 49 <SV = 48> <Delay = 5.07>
ST_49 : Operation 202 [50/68] (5.07ns)   --->   "%sdiv_ln20 = sdiv i64 %mul_ln20_1, i64 %zext_ln20" [dfg_199.c:20]   --->   Operation 202 'sdiv' 'sdiv_ln20' <Predicate = true> <Delay = 5.07> <CoreInst = "DivnS_SEQ">   --->   Core 7 'DivnS_SEQ' <Latency = 67> <II = 64> <Delay = 5.07> <FuncUnit> <Opcode : 'sdiv' 'srem' 'udiv' 'urem'> <InPorts = 2> <OutPorts = 1>

State 50 <SV = 49> <Delay = 5.07>
ST_50 : Operation 203 [49/68] (5.07ns)   --->   "%sdiv_ln20 = sdiv i64 %mul_ln20_1, i64 %zext_ln20" [dfg_199.c:20]   --->   Operation 203 'sdiv' 'sdiv_ln20' <Predicate = true> <Delay = 5.07> <CoreInst = "DivnS_SEQ">   --->   Core 7 'DivnS_SEQ' <Latency = 67> <II = 64> <Delay = 5.07> <FuncUnit> <Opcode : 'sdiv' 'srem' 'udiv' 'urem'> <InPorts = 2> <OutPorts = 1>

State 51 <SV = 50> <Delay = 5.07>
ST_51 : Operation 204 [48/68] (5.07ns)   --->   "%sdiv_ln20 = sdiv i64 %mul_ln20_1, i64 %zext_ln20" [dfg_199.c:20]   --->   Operation 204 'sdiv' 'sdiv_ln20' <Predicate = true> <Delay = 5.07> <CoreInst = "DivnS_SEQ">   --->   Core 7 'DivnS_SEQ' <Latency = 67> <II = 64> <Delay = 5.07> <FuncUnit> <Opcode : 'sdiv' 'srem' 'udiv' 'urem'> <InPorts = 2> <OutPorts = 1>

State 52 <SV = 51> <Delay = 5.07>
ST_52 : Operation 205 [47/68] (5.07ns)   --->   "%sdiv_ln20 = sdiv i64 %mul_ln20_1, i64 %zext_ln20" [dfg_199.c:20]   --->   Operation 205 'sdiv' 'sdiv_ln20' <Predicate = true> <Delay = 5.07> <CoreInst = "DivnS_SEQ">   --->   Core 7 'DivnS_SEQ' <Latency = 67> <II = 64> <Delay = 5.07> <FuncUnit> <Opcode : 'sdiv' 'srem' 'udiv' 'urem'> <InPorts = 2> <OutPorts = 1>

State 53 <SV = 52> <Delay = 5.07>
ST_53 : Operation 206 [46/68] (5.07ns)   --->   "%sdiv_ln20 = sdiv i64 %mul_ln20_1, i64 %zext_ln20" [dfg_199.c:20]   --->   Operation 206 'sdiv' 'sdiv_ln20' <Predicate = true> <Delay = 5.07> <CoreInst = "DivnS_SEQ">   --->   Core 7 'DivnS_SEQ' <Latency = 67> <II = 64> <Delay = 5.07> <FuncUnit> <Opcode : 'sdiv' 'srem' 'udiv' 'urem'> <InPorts = 2> <OutPorts = 1>

State 54 <SV = 53> <Delay = 5.07>
ST_54 : Operation 207 [45/68] (5.07ns)   --->   "%sdiv_ln20 = sdiv i64 %mul_ln20_1, i64 %zext_ln20" [dfg_199.c:20]   --->   Operation 207 'sdiv' 'sdiv_ln20' <Predicate = true> <Delay = 5.07> <CoreInst = "DivnS_SEQ">   --->   Core 7 'DivnS_SEQ' <Latency = 67> <II = 64> <Delay = 5.07> <FuncUnit> <Opcode : 'sdiv' 'srem' 'udiv' 'urem'> <InPorts = 2> <OutPorts = 1>

State 55 <SV = 54> <Delay = 5.07>
ST_55 : Operation 208 [44/68] (5.07ns)   --->   "%sdiv_ln20 = sdiv i64 %mul_ln20_1, i64 %zext_ln20" [dfg_199.c:20]   --->   Operation 208 'sdiv' 'sdiv_ln20' <Predicate = true> <Delay = 5.07> <CoreInst = "DivnS_SEQ">   --->   Core 7 'DivnS_SEQ' <Latency = 67> <II = 64> <Delay = 5.07> <FuncUnit> <Opcode : 'sdiv' 'srem' 'udiv' 'urem'> <InPorts = 2> <OutPorts = 1>

State 56 <SV = 55> <Delay = 5.07>
ST_56 : Operation 209 [43/68] (5.07ns)   --->   "%sdiv_ln20 = sdiv i64 %mul_ln20_1, i64 %zext_ln20" [dfg_199.c:20]   --->   Operation 209 'sdiv' 'sdiv_ln20' <Predicate = true> <Delay = 5.07> <CoreInst = "DivnS_SEQ">   --->   Core 7 'DivnS_SEQ' <Latency = 67> <II = 64> <Delay = 5.07> <FuncUnit> <Opcode : 'sdiv' 'srem' 'udiv' 'urem'> <InPorts = 2> <OutPorts = 1>

State 57 <SV = 56> <Delay = 5.07>
ST_57 : Operation 210 [42/68] (5.07ns)   --->   "%sdiv_ln20 = sdiv i64 %mul_ln20_1, i64 %zext_ln20" [dfg_199.c:20]   --->   Operation 210 'sdiv' 'sdiv_ln20' <Predicate = true> <Delay = 5.07> <CoreInst = "DivnS_SEQ">   --->   Core 7 'DivnS_SEQ' <Latency = 67> <II = 64> <Delay = 5.07> <FuncUnit> <Opcode : 'sdiv' 'srem' 'udiv' 'urem'> <InPorts = 2> <OutPorts = 1>

State 58 <SV = 57> <Delay = 5.07>
ST_58 : Operation 211 [41/68] (5.07ns)   --->   "%sdiv_ln20 = sdiv i64 %mul_ln20_1, i64 %zext_ln20" [dfg_199.c:20]   --->   Operation 211 'sdiv' 'sdiv_ln20' <Predicate = true> <Delay = 5.07> <CoreInst = "DivnS_SEQ">   --->   Core 7 'DivnS_SEQ' <Latency = 67> <II = 64> <Delay = 5.07> <FuncUnit> <Opcode : 'sdiv' 'srem' 'udiv' 'urem'> <InPorts = 2> <OutPorts = 1>

State 59 <SV = 58> <Delay = 5.07>
ST_59 : Operation 212 [40/68] (5.07ns)   --->   "%sdiv_ln20 = sdiv i64 %mul_ln20_1, i64 %zext_ln20" [dfg_199.c:20]   --->   Operation 212 'sdiv' 'sdiv_ln20' <Predicate = true> <Delay = 5.07> <CoreInst = "DivnS_SEQ">   --->   Core 7 'DivnS_SEQ' <Latency = 67> <II = 64> <Delay = 5.07> <FuncUnit> <Opcode : 'sdiv' 'srem' 'udiv' 'urem'> <InPorts = 2> <OutPorts = 1>

State 60 <SV = 59> <Delay = 5.07>
ST_60 : Operation 213 [39/68] (5.07ns)   --->   "%sdiv_ln20 = sdiv i64 %mul_ln20_1, i64 %zext_ln20" [dfg_199.c:20]   --->   Operation 213 'sdiv' 'sdiv_ln20' <Predicate = true> <Delay = 5.07> <CoreInst = "DivnS_SEQ">   --->   Core 7 'DivnS_SEQ' <Latency = 67> <II = 64> <Delay = 5.07> <FuncUnit> <Opcode : 'sdiv' 'srem' 'udiv' 'urem'> <InPorts = 2> <OutPorts = 1>

State 61 <SV = 60> <Delay = 5.07>
ST_61 : Operation 214 [38/68] (5.07ns)   --->   "%sdiv_ln20 = sdiv i64 %mul_ln20_1, i64 %zext_ln20" [dfg_199.c:20]   --->   Operation 214 'sdiv' 'sdiv_ln20' <Predicate = true> <Delay = 5.07> <CoreInst = "DivnS_SEQ">   --->   Core 7 'DivnS_SEQ' <Latency = 67> <II = 64> <Delay = 5.07> <FuncUnit> <Opcode : 'sdiv' 'srem' 'udiv' 'urem'> <InPorts = 2> <OutPorts = 1>

State 62 <SV = 61> <Delay = 5.07>
ST_62 : Operation 215 [37/68] (5.07ns)   --->   "%sdiv_ln20 = sdiv i64 %mul_ln20_1, i64 %zext_ln20" [dfg_199.c:20]   --->   Operation 215 'sdiv' 'sdiv_ln20' <Predicate = true> <Delay = 5.07> <CoreInst = "DivnS_SEQ">   --->   Core 7 'DivnS_SEQ' <Latency = 67> <II = 64> <Delay = 5.07> <FuncUnit> <Opcode : 'sdiv' 'srem' 'udiv' 'urem'> <InPorts = 2> <OutPorts = 1>

State 63 <SV = 62> <Delay = 5.07>
ST_63 : Operation 216 [36/68] (5.07ns)   --->   "%sdiv_ln20 = sdiv i64 %mul_ln20_1, i64 %zext_ln20" [dfg_199.c:20]   --->   Operation 216 'sdiv' 'sdiv_ln20' <Predicate = true> <Delay = 5.07> <CoreInst = "DivnS_SEQ">   --->   Core 7 'DivnS_SEQ' <Latency = 67> <II = 64> <Delay = 5.07> <FuncUnit> <Opcode : 'sdiv' 'srem' 'udiv' 'urem'> <InPorts = 2> <OutPorts = 1>

State 64 <SV = 63> <Delay = 5.07>
ST_64 : Operation 217 [35/68] (5.07ns)   --->   "%sdiv_ln20 = sdiv i64 %mul_ln20_1, i64 %zext_ln20" [dfg_199.c:20]   --->   Operation 217 'sdiv' 'sdiv_ln20' <Predicate = true> <Delay = 5.07> <CoreInst = "DivnS_SEQ">   --->   Core 7 'DivnS_SEQ' <Latency = 67> <II = 64> <Delay = 5.07> <FuncUnit> <Opcode : 'sdiv' 'srem' 'udiv' 'urem'> <InPorts = 2> <OutPorts = 1>

State 65 <SV = 64> <Delay = 5.07>
ST_65 : Operation 218 [34/68] (5.07ns)   --->   "%sdiv_ln20 = sdiv i64 %mul_ln20_1, i64 %zext_ln20" [dfg_199.c:20]   --->   Operation 218 'sdiv' 'sdiv_ln20' <Predicate = true> <Delay = 5.07> <CoreInst = "DivnS_SEQ">   --->   Core 7 'DivnS_SEQ' <Latency = 67> <II = 64> <Delay = 5.07> <FuncUnit> <Opcode : 'sdiv' 'srem' 'udiv' 'urem'> <InPorts = 2> <OutPorts = 1>

State 66 <SV = 65> <Delay = 5.07>
ST_66 : Operation 219 [33/68] (5.07ns)   --->   "%sdiv_ln20 = sdiv i64 %mul_ln20_1, i64 %zext_ln20" [dfg_199.c:20]   --->   Operation 219 'sdiv' 'sdiv_ln20' <Predicate = true> <Delay = 5.07> <CoreInst = "DivnS_SEQ">   --->   Core 7 'DivnS_SEQ' <Latency = 67> <II = 64> <Delay = 5.07> <FuncUnit> <Opcode : 'sdiv' 'srem' 'udiv' 'urem'> <InPorts = 2> <OutPorts = 1>

State 67 <SV = 66> <Delay = 5.07>
ST_67 : Operation 220 [32/68] (5.07ns)   --->   "%sdiv_ln20 = sdiv i64 %mul_ln20_1, i64 %zext_ln20" [dfg_199.c:20]   --->   Operation 220 'sdiv' 'sdiv_ln20' <Predicate = true> <Delay = 5.07> <CoreInst = "DivnS_SEQ">   --->   Core 7 'DivnS_SEQ' <Latency = 67> <II = 64> <Delay = 5.07> <FuncUnit> <Opcode : 'sdiv' 'srem' 'udiv' 'urem'> <InPorts = 2> <OutPorts = 1>

State 68 <SV = 67> <Delay = 5.07>
ST_68 : Operation 221 [31/68] (5.07ns)   --->   "%sdiv_ln20 = sdiv i64 %mul_ln20_1, i64 %zext_ln20" [dfg_199.c:20]   --->   Operation 221 'sdiv' 'sdiv_ln20' <Predicate = true> <Delay = 5.07> <CoreInst = "DivnS_SEQ">   --->   Core 7 'DivnS_SEQ' <Latency = 67> <II = 64> <Delay = 5.07> <FuncUnit> <Opcode : 'sdiv' 'srem' 'udiv' 'urem'> <InPorts = 2> <OutPorts = 1>

State 69 <SV = 68> <Delay = 5.07>
ST_69 : Operation 222 [30/68] (5.07ns)   --->   "%sdiv_ln20 = sdiv i64 %mul_ln20_1, i64 %zext_ln20" [dfg_199.c:20]   --->   Operation 222 'sdiv' 'sdiv_ln20' <Predicate = true> <Delay = 5.07> <CoreInst = "DivnS_SEQ">   --->   Core 7 'DivnS_SEQ' <Latency = 67> <II = 64> <Delay = 5.07> <FuncUnit> <Opcode : 'sdiv' 'srem' 'udiv' 'urem'> <InPorts = 2> <OutPorts = 1>

State 70 <SV = 69> <Delay = 5.07>
ST_70 : Operation 223 [29/68] (5.07ns)   --->   "%sdiv_ln20 = sdiv i64 %mul_ln20_1, i64 %zext_ln20" [dfg_199.c:20]   --->   Operation 223 'sdiv' 'sdiv_ln20' <Predicate = true> <Delay = 5.07> <CoreInst = "DivnS_SEQ">   --->   Core 7 'DivnS_SEQ' <Latency = 67> <II = 64> <Delay = 5.07> <FuncUnit> <Opcode : 'sdiv' 'srem' 'udiv' 'urem'> <InPorts = 2> <OutPorts = 1>

State 71 <SV = 70> <Delay = 5.07>
ST_71 : Operation 224 [28/68] (5.07ns)   --->   "%sdiv_ln20 = sdiv i64 %mul_ln20_1, i64 %zext_ln20" [dfg_199.c:20]   --->   Operation 224 'sdiv' 'sdiv_ln20' <Predicate = true> <Delay = 5.07> <CoreInst = "DivnS_SEQ">   --->   Core 7 'DivnS_SEQ' <Latency = 67> <II = 64> <Delay = 5.07> <FuncUnit> <Opcode : 'sdiv' 'srem' 'udiv' 'urem'> <InPorts = 2> <OutPorts = 1>

State 72 <SV = 71> <Delay = 5.07>
ST_72 : Operation 225 [27/68] (5.07ns)   --->   "%sdiv_ln20 = sdiv i64 %mul_ln20_1, i64 %zext_ln20" [dfg_199.c:20]   --->   Operation 225 'sdiv' 'sdiv_ln20' <Predicate = true> <Delay = 5.07> <CoreInst = "DivnS_SEQ">   --->   Core 7 'DivnS_SEQ' <Latency = 67> <II = 64> <Delay = 5.07> <FuncUnit> <Opcode : 'sdiv' 'srem' 'udiv' 'urem'> <InPorts = 2> <OutPorts = 1>

State 73 <SV = 72> <Delay = 5.07>
ST_73 : Operation 226 [26/68] (5.07ns)   --->   "%sdiv_ln20 = sdiv i64 %mul_ln20_1, i64 %zext_ln20" [dfg_199.c:20]   --->   Operation 226 'sdiv' 'sdiv_ln20' <Predicate = true> <Delay = 5.07> <CoreInst = "DivnS_SEQ">   --->   Core 7 'DivnS_SEQ' <Latency = 67> <II = 64> <Delay = 5.07> <FuncUnit> <Opcode : 'sdiv' 'srem' 'udiv' 'urem'> <InPorts = 2> <OutPorts = 1>

State 74 <SV = 73> <Delay = 5.07>
ST_74 : Operation 227 [25/68] (5.07ns)   --->   "%sdiv_ln20 = sdiv i64 %mul_ln20_1, i64 %zext_ln20" [dfg_199.c:20]   --->   Operation 227 'sdiv' 'sdiv_ln20' <Predicate = true> <Delay = 5.07> <CoreInst = "DivnS_SEQ">   --->   Core 7 'DivnS_SEQ' <Latency = 67> <II = 64> <Delay = 5.07> <FuncUnit> <Opcode : 'sdiv' 'srem' 'udiv' 'urem'> <InPorts = 2> <OutPorts = 1>

State 75 <SV = 74> <Delay = 5.07>
ST_75 : Operation 228 [24/68] (5.07ns)   --->   "%sdiv_ln20 = sdiv i64 %mul_ln20_1, i64 %zext_ln20" [dfg_199.c:20]   --->   Operation 228 'sdiv' 'sdiv_ln20' <Predicate = true> <Delay = 5.07> <CoreInst = "DivnS_SEQ">   --->   Core 7 'DivnS_SEQ' <Latency = 67> <II = 64> <Delay = 5.07> <FuncUnit> <Opcode : 'sdiv' 'srem' 'udiv' 'urem'> <InPorts = 2> <OutPorts = 1>

State 76 <SV = 75> <Delay = 5.07>
ST_76 : Operation 229 [23/68] (5.07ns)   --->   "%sdiv_ln20 = sdiv i64 %mul_ln20_1, i64 %zext_ln20" [dfg_199.c:20]   --->   Operation 229 'sdiv' 'sdiv_ln20' <Predicate = true> <Delay = 5.07> <CoreInst = "DivnS_SEQ">   --->   Core 7 'DivnS_SEQ' <Latency = 67> <II = 64> <Delay = 5.07> <FuncUnit> <Opcode : 'sdiv' 'srem' 'udiv' 'urem'> <InPorts = 2> <OutPorts = 1>

State 77 <SV = 76> <Delay = 5.07>
ST_77 : Operation 230 [22/68] (5.07ns)   --->   "%sdiv_ln20 = sdiv i64 %mul_ln20_1, i64 %zext_ln20" [dfg_199.c:20]   --->   Operation 230 'sdiv' 'sdiv_ln20' <Predicate = true> <Delay = 5.07> <CoreInst = "DivnS_SEQ">   --->   Core 7 'DivnS_SEQ' <Latency = 67> <II = 64> <Delay = 5.07> <FuncUnit> <Opcode : 'sdiv' 'srem' 'udiv' 'urem'> <InPorts = 2> <OutPorts = 1>

State 78 <SV = 77> <Delay = 5.07>
ST_78 : Operation 231 [21/68] (5.07ns)   --->   "%sdiv_ln20 = sdiv i64 %mul_ln20_1, i64 %zext_ln20" [dfg_199.c:20]   --->   Operation 231 'sdiv' 'sdiv_ln20' <Predicate = true> <Delay = 5.07> <CoreInst = "DivnS_SEQ">   --->   Core 7 'DivnS_SEQ' <Latency = 67> <II = 64> <Delay = 5.07> <FuncUnit> <Opcode : 'sdiv' 'srem' 'udiv' 'urem'> <InPorts = 2> <OutPorts = 1>

State 79 <SV = 78> <Delay = 5.07>
ST_79 : Operation 232 [20/68] (5.07ns)   --->   "%sdiv_ln20 = sdiv i64 %mul_ln20_1, i64 %zext_ln20" [dfg_199.c:20]   --->   Operation 232 'sdiv' 'sdiv_ln20' <Predicate = true> <Delay = 5.07> <CoreInst = "DivnS_SEQ">   --->   Core 7 'DivnS_SEQ' <Latency = 67> <II = 64> <Delay = 5.07> <FuncUnit> <Opcode : 'sdiv' 'srem' 'udiv' 'urem'> <InPorts = 2> <OutPorts = 1>

State 80 <SV = 79> <Delay = 5.07>
ST_80 : Operation 233 [19/68] (5.07ns)   --->   "%sdiv_ln20 = sdiv i64 %mul_ln20_1, i64 %zext_ln20" [dfg_199.c:20]   --->   Operation 233 'sdiv' 'sdiv_ln20' <Predicate = true> <Delay = 5.07> <CoreInst = "DivnS_SEQ">   --->   Core 7 'DivnS_SEQ' <Latency = 67> <II = 64> <Delay = 5.07> <FuncUnit> <Opcode : 'sdiv' 'srem' 'udiv' 'urem'> <InPorts = 2> <OutPorts = 1>

State 81 <SV = 80> <Delay = 5.07>
ST_81 : Operation 234 [18/68] (5.07ns)   --->   "%sdiv_ln20 = sdiv i64 %mul_ln20_1, i64 %zext_ln20" [dfg_199.c:20]   --->   Operation 234 'sdiv' 'sdiv_ln20' <Predicate = true> <Delay = 5.07> <CoreInst = "DivnS_SEQ">   --->   Core 7 'DivnS_SEQ' <Latency = 67> <II = 64> <Delay = 5.07> <FuncUnit> <Opcode : 'sdiv' 'srem' 'udiv' 'urem'> <InPorts = 2> <OutPorts = 1>

State 82 <SV = 81> <Delay = 5.07>
ST_82 : Operation 235 [17/68] (5.07ns)   --->   "%sdiv_ln20 = sdiv i64 %mul_ln20_1, i64 %zext_ln20" [dfg_199.c:20]   --->   Operation 235 'sdiv' 'sdiv_ln20' <Predicate = true> <Delay = 5.07> <CoreInst = "DivnS_SEQ">   --->   Core 7 'DivnS_SEQ' <Latency = 67> <II = 64> <Delay = 5.07> <FuncUnit> <Opcode : 'sdiv' 'srem' 'udiv' 'urem'> <InPorts = 2> <OutPorts = 1>

State 83 <SV = 82> <Delay = 5.07>
ST_83 : Operation 236 [16/68] (5.07ns)   --->   "%sdiv_ln20 = sdiv i64 %mul_ln20_1, i64 %zext_ln20" [dfg_199.c:20]   --->   Operation 236 'sdiv' 'sdiv_ln20' <Predicate = true> <Delay = 5.07> <CoreInst = "DivnS_SEQ">   --->   Core 7 'DivnS_SEQ' <Latency = 67> <II = 64> <Delay = 5.07> <FuncUnit> <Opcode : 'sdiv' 'srem' 'udiv' 'urem'> <InPorts = 2> <OutPorts = 1>

State 84 <SV = 83> <Delay = 5.07>
ST_84 : Operation 237 [15/68] (5.07ns)   --->   "%sdiv_ln20 = sdiv i64 %mul_ln20_1, i64 %zext_ln20" [dfg_199.c:20]   --->   Operation 237 'sdiv' 'sdiv_ln20' <Predicate = true> <Delay = 5.07> <CoreInst = "DivnS_SEQ">   --->   Core 7 'DivnS_SEQ' <Latency = 67> <II = 64> <Delay = 5.07> <FuncUnit> <Opcode : 'sdiv' 'srem' 'udiv' 'urem'> <InPorts = 2> <OutPorts = 1>

State 85 <SV = 84> <Delay = 5.07>
ST_85 : Operation 238 [14/68] (5.07ns)   --->   "%sdiv_ln20 = sdiv i64 %mul_ln20_1, i64 %zext_ln20" [dfg_199.c:20]   --->   Operation 238 'sdiv' 'sdiv_ln20' <Predicate = true> <Delay = 5.07> <CoreInst = "DivnS_SEQ">   --->   Core 7 'DivnS_SEQ' <Latency = 67> <II = 64> <Delay = 5.07> <FuncUnit> <Opcode : 'sdiv' 'srem' 'udiv' 'urem'> <InPorts = 2> <OutPorts = 1>

State 86 <SV = 85> <Delay = 5.07>
ST_86 : Operation 239 [13/68] (5.07ns)   --->   "%sdiv_ln20 = sdiv i64 %mul_ln20_1, i64 %zext_ln20" [dfg_199.c:20]   --->   Operation 239 'sdiv' 'sdiv_ln20' <Predicate = true> <Delay = 5.07> <CoreInst = "DivnS_SEQ">   --->   Core 7 'DivnS_SEQ' <Latency = 67> <II = 64> <Delay = 5.07> <FuncUnit> <Opcode : 'sdiv' 'srem' 'udiv' 'urem'> <InPorts = 2> <OutPorts = 1>

State 87 <SV = 86> <Delay = 5.07>
ST_87 : Operation 240 [12/68] (5.07ns)   --->   "%sdiv_ln20 = sdiv i64 %mul_ln20_1, i64 %zext_ln20" [dfg_199.c:20]   --->   Operation 240 'sdiv' 'sdiv_ln20' <Predicate = true> <Delay = 5.07> <CoreInst = "DivnS_SEQ">   --->   Core 7 'DivnS_SEQ' <Latency = 67> <II = 64> <Delay = 5.07> <FuncUnit> <Opcode : 'sdiv' 'srem' 'udiv' 'urem'> <InPorts = 2> <OutPorts = 1>

State 88 <SV = 87> <Delay = 5.07>
ST_88 : Operation 241 [11/68] (5.07ns)   --->   "%sdiv_ln20 = sdiv i64 %mul_ln20_1, i64 %zext_ln20" [dfg_199.c:20]   --->   Operation 241 'sdiv' 'sdiv_ln20' <Predicate = true> <Delay = 5.07> <CoreInst = "DivnS_SEQ">   --->   Core 7 'DivnS_SEQ' <Latency = 67> <II = 64> <Delay = 5.07> <FuncUnit> <Opcode : 'sdiv' 'srem' 'udiv' 'urem'> <InPorts = 2> <OutPorts = 1>

State 89 <SV = 88> <Delay = 5.07>
ST_89 : Operation 242 [10/68] (5.07ns)   --->   "%sdiv_ln20 = sdiv i64 %mul_ln20_1, i64 %zext_ln20" [dfg_199.c:20]   --->   Operation 242 'sdiv' 'sdiv_ln20' <Predicate = true> <Delay = 5.07> <CoreInst = "DivnS_SEQ">   --->   Core 7 'DivnS_SEQ' <Latency = 67> <II = 64> <Delay = 5.07> <FuncUnit> <Opcode : 'sdiv' 'srem' 'udiv' 'urem'> <InPorts = 2> <OutPorts = 1>

State 90 <SV = 89> <Delay = 5.07>
ST_90 : Operation 243 [9/68] (5.07ns)   --->   "%sdiv_ln20 = sdiv i64 %mul_ln20_1, i64 %zext_ln20" [dfg_199.c:20]   --->   Operation 243 'sdiv' 'sdiv_ln20' <Predicate = true> <Delay = 5.07> <CoreInst = "DivnS_SEQ">   --->   Core 7 'DivnS_SEQ' <Latency = 67> <II = 64> <Delay = 5.07> <FuncUnit> <Opcode : 'sdiv' 'srem' 'udiv' 'urem'> <InPorts = 2> <OutPorts = 1>

State 91 <SV = 90> <Delay = 5.07>
ST_91 : Operation 244 [8/68] (5.07ns)   --->   "%sdiv_ln20 = sdiv i64 %mul_ln20_1, i64 %zext_ln20" [dfg_199.c:20]   --->   Operation 244 'sdiv' 'sdiv_ln20' <Predicate = true> <Delay = 5.07> <CoreInst = "DivnS_SEQ">   --->   Core 7 'DivnS_SEQ' <Latency = 67> <II = 64> <Delay = 5.07> <FuncUnit> <Opcode : 'sdiv' 'srem' 'udiv' 'urem'> <InPorts = 2> <OutPorts = 1>

State 92 <SV = 91> <Delay = 5.07>
ST_92 : Operation 245 [7/68] (5.07ns)   --->   "%sdiv_ln20 = sdiv i64 %mul_ln20_1, i64 %zext_ln20" [dfg_199.c:20]   --->   Operation 245 'sdiv' 'sdiv_ln20' <Predicate = true> <Delay = 5.07> <CoreInst = "DivnS_SEQ">   --->   Core 7 'DivnS_SEQ' <Latency = 67> <II = 64> <Delay = 5.07> <FuncUnit> <Opcode : 'sdiv' 'srem' 'udiv' 'urem'> <InPorts = 2> <OutPorts = 1>

State 93 <SV = 92> <Delay = 5.07>
ST_93 : Operation 246 [6/68] (5.07ns)   --->   "%sdiv_ln20 = sdiv i64 %mul_ln20_1, i64 %zext_ln20" [dfg_199.c:20]   --->   Operation 246 'sdiv' 'sdiv_ln20' <Predicate = true> <Delay = 5.07> <CoreInst = "DivnS_SEQ">   --->   Core 7 'DivnS_SEQ' <Latency = 67> <II = 64> <Delay = 5.07> <FuncUnit> <Opcode : 'sdiv' 'srem' 'udiv' 'urem'> <InPorts = 2> <OutPorts = 1>

State 94 <SV = 93> <Delay = 5.07>
ST_94 : Operation 247 [5/68] (5.07ns)   --->   "%sdiv_ln20 = sdiv i64 %mul_ln20_1, i64 %zext_ln20" [dfg_199.c:20]   --->   Operation 247 'sdiv' 'sdiv_ln20' <Predicate = true> <Delay = 5.07> <CoreInst = "DivnS_SEQ">   --->   Core 7 'DivnS_SEQ' <Latency = 67> <II = 64> <Delay = 5.07> <FuncUnit> <Opcode : 'sdiv' 'srem' 'udiv' 'urem'> <InPorts = 2> <OutPorts = 1>

State 95 <SV = 94> <Delay = 5.07>
ST_95 : Operation 248 [4/68] (5.07ns)   --->   "%sdiv_ln20 = sdiv i64 %mul_ln20_1, i64 %zext_ln20" [dfg_199.c:20]   --->   Operation 248 'sdiv' 'sdiv_ln20' <Predicate = true> <Delay = 5.07> <CoreInst = "DivnS_SEQ">   --->   Core 7 'DivnS_SEQ' <Latency = 67> <II = 64> <Delay = 5.07> <FuncUnit> <Opcode : 'sdiv' 'srem' 'udiv' 'urem'> <InPorts = 2> <OutPorts = 1>

State 96 <SV = 95> <Delay = 5.07>
ST_96 : Operation 249 [3/68] (5.07ns)   --->   "%sdiv_ln20 = sdiv i64 %mul_ln20_1, i64 %zext_ln20" [dfg_199.c:20]   --->   Operation 249 'sdiv' 'sdiv_ln20' <Predicate = true> <Delay = 5.07> <CoreInst = "DivnS_SEQ">   --->   Core 7 'DivnS_SEQ' <Latency = 67> <II = 64> <Delay = 5.07> <FuncUnit> <Opcode : 'sdiv' 'srem' 'udiv' 'urem'> <InPorts = 2> <OutPorts = 1>

State 97 <SV = 96> <Delay = 5.07>
ST_97 : Operation 250 [2/68] (5.07ns)   --->   "%sdiv_ln20 = sdiv i64 %mul_ln20_1, i64 %zext_ln20" [dfg_199.c:20]   --->   Operation 250 'sdiv' 'sdiv_ln20' <Predicate = true> <Delay = 5.07> <CoreInst = "DivnS_SEQ">   --->   Core 7 'DivnS_SEQ' <Latency = 67> <II = 64> <Delay = 5.07> <FuncUnit> <Opcode : 'sdiv' 'srem' 'udiv' 'urem'> <InPorts = 2> <OutPorts = 1>

State 98 <SV = 97> <Delay = 5.07>
ST_98 : Operation 251 [1/68] (5.07ns)   --->   "%sdiv_ln20 = sdiv i64 %mul_ln20_1, i64 %zext_ln20" [dfg_199.c:20]   --->   Operation 251 'sdiv' 'sdiv_ln20' <Predicate = true> <Delay = 5.07> <CoreInst = "DivnS_SEQ">   --->   Core 7 'DivnS_SEQ' <Latency = 67> <II = 64> <Delay = 5.07> <FuncUnit> <Opcode : 'sdiv' 'srem' 'udiv' 'urem'> <InPorts = 2> <OutPorts = 1>

State 99 <SV = 98> <Delay = 4.59>
ST_99 : Operation 252 [1/1] (0.00ns)   --->   "%specbitsmap_ln0 = specbitsmap void @_ssdm_op_SpecBitsMap, i64 0"   --->   Operation 252 'specbitsmap' 'specbitsmap_ln0' <Predicate = true> <Delay = 0.00>
ST_99 : Operation 253 [1/1] (0.00ns)   --->   "%spectopmodule_ln0 = spectopmodule void @_ssdm_op_SpecTopModule, void @empty_2"   --->   Operation 253 'spectopmodule' 'spectopmodule_ln0' <Predicate = true> <Delay = 0.00>
ST_99 : Operation 254 [1/1] (0.00ns)   --->   "%specbitsmap_ln0 = specbitsmap void @_ssdm_op_SpecBitsMap, i64 %p"   --->   Operation 254 'specbitsmap' 'specbitsmap_ln0' <Predicate = true> <Delay = 0.00>
ST_99 : Operation 255 [1/1] (0.00ns)   --->   "%specinterface_ln0 = specinterface void @_ssdm_op_SpecInterface, i64 %p, void @empty, i32 0, i32 0, void @empty_0, i32 0, i32 0, void @empty_0, void @empty_0, void @empty_0, i32 0, i32 0, i32 0, i32 0, void @empty_0, void @empty_0"   --->   Operation 255 'specinterface' 'specinterface_ln0' <Predicate = true> <Delay = 0.00>
ST_99 : Operation 256 [1/1] (0.00ns)   --->   "%specbitsmap_ln0 = specbitsmap void @_ssdm_op_SpecBitsMap, i32 %p_4"   --->   Operation 256 'specbitsmap' 'specbitsmap_ln0' <Predicate = true> <Delay = 0.00>
ST_99 : Operation 257 [1/1] (0.00ns)   --->   "%specinterface_ln0 = specinterface void @_ssdm_op_SpecInterface, i32 %p_4, void @empty, i32 0, i32 0, void @empty_0, i32 0, i32 0, void @empty_0, void @empty_0, void @empty_0, i32 0, i32 0, i32 0, i32 0, void @empty_0, void @empty_0"   --->   Operation 257 'specinterface' 'specinterface_ln0' <Predicate = true> <Delay = 0.00>
ST_99 : Operation 258 [1/1] (0.00ns)   --->   "%specbitsmap_ln0 = specbitsmap void @_ssdm_op_SpecBitsMap, i64 %p_9"   --->   Operation 258 'specbitsmap' 'specbitsmap_ln0' <Predicate = true> <Delay = 0.00>
ST_99 : Operation 259 [1/1] (0.00ns)   --->   "%specinterface_ln0 = specinterface void @_ssdm_op_SpecInterface, i64 %p_9, void @empty, i32 0, i32 0, void @empty_0, i32 0, i32 0, void @empty_0, void @empty_0, void @empty_0, i32 0, i32 0, i32 0, i32 0, void @empty_0, void @empty_0"   --->   Operation 259 'specinterface' 'specinterface_ln0' <Predicate = true> <Delay = 0.00>
ST_99 : Operation 260 [1/1] (0.00ns)   --->   "%specinterface_ln0 = specinterface void @_ssdm_op_SpecInterface, i16 %p_15, void @empty_1, i32 0, i32 0, void @empty_0, i32 4294967295, i32 0, void @empty_0, void @empty_0, void @empty_0, i32 0, i32 0, i32 0, i32 0, void @empty_0, void @empty_0"   --->   Operation 260 'specinterface' 'specinterface_ln0' <Predicate = true> <Delay = 0.00>
ST_99 : Operation 261 [1/1] (0.00ns)   --->   "%specbitsmap_ln0 = specbitsmap void @_ssdm_op_SpecBitsMap, i16 %p_15"   --->   Operation 261 'specbitsmap' 'specbitsmap_ln0' <Predicate = true> <Delay = 0.00>
ST_99 : Operation 262 [1/1] (0.00ns)   --->   "%zext_ln22 = zext i1 %icmp_ln22" [dfg_199.c:22]   --->   Operation 262 'zext' 'zext_ln22' <Predicate = true> <Delay = 0.00>
ST_99 : Operation 263 [1/1] (4.59ns)   --->   "%result = ashr i64 %sdiv_ln20, i64 %zext_ln22" [dfg_199.c:21]   --->   Operation 263 'ashr' 'result' <Predicate = true> <Delay = 4.59> <CoreInst = "Shifter">   --->   Core 75 'Shifter' <Latency = 0> <II = 1> <Delay = 4.59> <FuncUnit> <Opcode : 'shl' 'lshr' 'ashr'> <InPorts = 2> <OutPorts = 1>
ST_99 : Operation 264 [1/1] (0.00ns)   --->   "%ret_ln23 = ret i64 %result" [dfg_199.c:23]   --->   Operation 264 'ret' 'ret_ln23' <Predicate = true> <Delay = 0.00>


============================================================
+ Verbose Summary: Timing violations
============================================================
Target clock period: 10ns, clock uncertainty: 2.7ns.

 <State 1>: 2.78ns
The critical path consists of the following:
	wire read on port 'p_9' (dfg_199.c:17) [5]  (0 ns)
	'icmp' operation ('icmp_ln22', dfg_199.c:22) [70]  (2.78 ns)

 <State 2>: 1.05ns
The critical path consists of the following:
	'mul' operation of DSP[31] ('mul_ln16', dfg_199.c:16) [24]  (1.05 ns)

 <State 3>: 2.32ns
The critical path consists of the following:
	'getelementptr' operation ('p_15_addr', dfg_199.c:17) [8]  (0 ns)
	'load' operation ('p_15_load', dfg_199.c:17) on array 'p_15' [26]  (2.32 ns)

 <State 4>: 6.98ns
The critical path consists of the following:
	wire read on port 'p' (dfg_199.c:17) [7]  (0 ns)
	'mul' operation ('mul_ln20', dfg_199.c:20) [63]  (6.98 ns)

 <State 5>: 6.98ns
The critical path consists of the following:
	'mul' operation ('mul_ln20', dfg_199.c:20) [63]  (6.98 ns)

 <State 6>: 6.98ns
The critical path consists of the following:
	'mul' operation ('mul_ln20', dfg_199.c:20) [63]  (6.98 ns)

 <State 7>: 6.98ns
The critical path consists of the following:
	'mul' operation ('mul_ln20', dfg_199.c:20) [63]  (6.98 ns)

 <State 8>: 6.98ns
The critical path consists of the following:
	'mul' operation ('mul_ln20', dfg_199.c:20) [63]  (6.98 ns)

 <State 9>: 5.07ns
The critical path consists of the following:
	'sdiv' operation ('sdiv_ln18', dfg_199.c:18) [35]  (5.07 ns)

 <State 10>: 5.07ns
The critical path consists of the following:
	'sdiv' operation ('sdiv_ln18', dfg_199.c:18) [35]  (5.07 ns)

 <State 11>: 5.07ns
The critical path consists of the following:
	'sdiv' operation ('sdiv_ln18', dfg_199.c:18) [35]  (5.07 ns)

 <State 12>: 5.07ns
The critical path consists of the following:
	'sdiv' operation ('sdiv_ln18', dfg_199.c:18) [35]  (5.07 ns)

 <State 13>: 5.07ns
The critical path consists of the following:
	'sdiv' operation ('sdiv_ln18', dfg_199.c:18) [35]  (5.07 ns)

 <State 14>: 5.07ns
The critical path consists of the following:
	'sdiv' operation ('sdiv_ln18', dfg_199.c:18) [35]  (5.07 ns)

 <State 15>: 5.07ns
The critical path consists of the following:
	'sdiv' operation ('sdiv_ln18', dfg_199.c:18) [35]  (5.07 ns)

 <State 16>: 5.07ns
The critical path consists of the following:
	'sdiv' operation ('sdiv_ln18', dfg_199.c:18) [35]  (5.07 ns)

 <State 17>: 6.06ns
The critical path consists of the following:
	'sdiv' operation ('sdiv_ln18', dfg_199.c:18) [35]  (5.07 ns)
	'or' operation ('v_11', dfg_199.c:18) [37]  (0.99 ns)

 <State 18>: 6.28ns
The critical path consists of the following:
	'sitodp' operation ('v', dfg_199.c:19) [39]  (6.28 ns)

 <State 19>: 6.28ns
The critical path consists of the following:
	'sitodp' operation ('v', dfg_199.c:19) [39]  (6.28 ns)

 <State 20>: 6.28ns
The critical path consists of the following:
	'sitodp' operation ('v', dfg_199.c:19) [39]  (6.28 ns)

 <State 21>: 6.28ns
The critical path consists of the following:
	'sitodp' operation ('v', dfg_199.c:19) [39]  (6.28 ns)

 <State 22>: 6.28ns
The critical path consists of the following:
	'sitodp' operation ('v', dfg_199.c:19) [39]  (6.28 ns)

 <State 23>: 7.27ns
The critical path consists of the following:
	'sitodp' operation ('v', dfg_199.c:19) [39]  (6.28 ns)
	'xor' operation ('data.V', dfg_199.c:20) [41]  (0.99 ns)

 <State 24>: 6.95ns
The critical path consists of the following:
	'add' operation ('sh', /wrk/ci/prod/2020.2/rdi_builds/continuous/2020_11_18_3064766/src/shared/hls/clib/src/hls/utils/x_hls_utils.h:510) [48]  (1.64 ns)
	'select' operation ('ush') [52]  (0.697 ns)
	'lshr' operation ('r.V') [55]  (0 ns)
	'select' operation ('val') [60]  (4.61 ns)

 <State 25>: 5ns
The critical path consists of the following:
	'sub' operation ('result.V') [61]  (3.52 ns)
	'select' operation ('result.V', /wrk/ci/prod/2020.2/rdi_builds/continuous/2020_11_18_3064766/src/shared/hls/clib/hlsmath/include/FloatingPoint/hls_case_IEEE754.h:59) [62]  (1.48 ns)

 <State 26>: 6.98ns
The critical path consists of the following:
	'mul' operation ('mul_ln20_1', dfg_199.c:20) [64]  (6.98 ns)

 <State 27>: 6.98ns
The critical path consists of the following:
	'mul' operation ('mul_ln20_1', dfg_199.c:20) [64]  (6.98 ns)

 <State 28>: 6.98ns
The critical path consists of the following:
	'mul' operation ('mul_ln20_1', dfg_199.c:20) [64]  (6.98 ns)

 <State 29>: 6.98ns
The critical path consists of the following:
	'mul' operation ('mul_ln20_1', dfg_199.c:20) [64]  (6.98 ns)

 <State 30>: 6.98ns
The critical path consists of the following:
	'mul' operation ('mul_ln20_1', dfg_199.c:20) [64]  (6.98 ns)

 <State 31>: 7.15ns
The critical path consists of the following:
	'sub' operation ('sub_ln21', dfg_199.c:21) [66]  (2.08 ns)
	'sdiv' operation ('sdiv_ln20', dfg_199.c:20) [69]  (5.07 ns)

 <State 32>: 5.07ns
The critical path consists of the following:
	'sdiv' operation ('sdiv_ln20', dfg_199.c:20) [69]  (5.07 ns)

 <State 33>: 5.07ns
The critical path consists of the following:
	'sdiv' operation ('sdiv_ln20', dfg_199.c:20) [69]  (5.07 ns)

 <State 34>: 5.07ns
The critical path consists of the following:
	'sdiv' operation ('sdiv_ln20', dfg_199.c:20) [69]  (5.07 ns)

 <State 35>: 5.07ns
The critical path consists of the following:
	'sdiv' operation ('sdiv_ln20', dfg_199.c:20) [69]  (5.07 ns)

 <State 36>: 5.07ns
The critical path consists of the following:
	'sdiv' operation ('sdiv_ln20', dfg_199.c:20) [69]  (5.07 ns)

 <State 37>: 5.07ns
The critical path consists of the following:
	'sdiv' operation ('sdiv_ln20', dfg_199.c:20) [69]  (5.07 ns)

 <State 38>: 5.07ns
The critical path consists of the following:
	'sdiv' operation ('sdiv_ln20', dfg_199.c:20) [69]  (5.07 ns)

 <State 39>: 5.07ns
The critical path consists of the following:
	'sdiv' operation ('sdiv_ln20', dfg_199.c:20) [69]  (5.07 ns)

 <State 40>: 5.07ns
The critical path consists of the following:
	'sdiv' operation ('sdiv_ln20', dfg_199.c:20) [69]  (5.07 ns)

 <State 41>: 5.07ns
The critical path consists of the following:
	'sdiv' operation ('sdiv_ln20', dfg_199.c:20) [69]  (5.07 ns)

 <State 42>: 5.07ns
The critical path consists of the following:
	'sdiv' operation ('sdiv_ln20', dfg_199.c:20) [69]  (5.07 ns)

 <State 43>: 5.07ns
The critical path consists of the following:
	'sdiv' operation ('sdiv_ln20', dfg_199.c:20) [69]  (5.07 ns)

 <State 44>: 5.07ns
The critical path consists of the following:
	'sdiv' operation ('sdiv_ln20', dfg_199.c:20) [69]  (5.07 ns)

 <State 45>: 5.07ns
The critical path consists of the following:
	'sdiv' operation ('sdiv_ln20', dfg_199.c:20) [69]  (5.07 ns)

 <State 46>: 5.07ns
The critical path consists of the following:
	'sdiv' operation ('sdiv_ln20', dfg_199.c:20) [69]  (5.07 ns)

 <State 47>: 5.07ns
The critical path consists of the following:
	'sdiv' operation ('sdiv_ln20', dfg_199.c:20) [69]  (5.07 ns)

 <State 48>: 5.07ns
The critical path consists of the following:
	'sdiv' operation ('sdiv_ln20', dfg_199.c:20) [69]  (5.07 ns)

 <State 49>: 5.07ns
The critical path consists of the following:
	'sdiv' operation ('sdiv_ln20', dfg_199.c:20) [69]  (5.07 ns)

 <State 50>: 5.07ns
The critical path consists of the following:
	'sdiv' operation ('sdiv_ln20', dfg_199.c:20) [69]  (5.07 ns)

 <State 51>: 5.07ns
The critical path consists of the following:
	'sdiv' operation ('sdiv_ln20', dfg_199.c:20) [69]  (5.07 ns)

 <State 52>: 5.07ns
The critical path consists of the following:
	'sdiv' operation ('sdiv_ln20', dfg_199.c:20) [69]  (5.07 ns)

 <State 53>: 5.07ns
The critical path consists of the following:
	'sdiv' operation ('sdiv_ln20', dfg_199.c:20) [69]  (5.07 ns)

 <State 54>: 5.07ns
The critical path consists of the following:
	'sdiv' operation ('sdiv_ln20', dfg_199.c:20) [69]  (5.07 ns)

 <State 55>: 5.07ns
The critical path consists of the following:
	'sdiv' operation ('sdiv_ln20', dfg_199.c:20) [69]  (5.07 ns)

 <State 56>: 5.07ns
The critical path consists of the following:
	'sdiv' operation ('sdiv_ln20', dfg_199.c:20) [69]  (5.07 ns)

 <State 57>: 5.07ns
The critical path consists of the following:
	'sdiv' operation ('sdiv_ln20', dfg_199.c:20) [69]  (5.07 ns)

 <State 58>: 5.07ns
The critical path consists of the following:
	'sdiv' operation ('sdiv_ln20', dfg_199.c:20) [69]  (5.07 ns)

 <State 59>: 5.07ns
The critical path consists of the following:
	'sdiv' operation ('sdiv_ln20', dfg_199.c:20) [69]  (5.07 ns)

 <State 60>: 5.07ns
The critical path consists of the following:
	'sdiv' operation ('sdiv_ln20', dfg_199.c:20) [69]  (5.07 ns)

 <State 61>: 5.07ns
The critical path consists of the following:
	'sdiv' operation ('sdiv_ln20', dfg_199.c:20) [69]  (5.07 ns)

 <State 62>: 5.07ns
The critical path consists of the following:
	'sdiv' operation ('sdiv_ln20', dfg_199.c:20) [69]  (5.07 ns)

 <State 63>: 5.07ns
The critical path consists of the following:
	'sdiv' operation ('sdiv_ln20', dfg_199.c:20) [69]  (5.07 ns)

 <State 64>: 5.07ns
The critical path consists of the following:
	'sdiv' operation ('sdiv_ln20', dfg_199.c:20) [69]  (5.07 ns)

 <State 65>: 5.07ns
The critical path consists of the following:
	'sdiv' operation ('sdiv_ln20', dfg_199.c:20) [69]  (5.07 ns)

 <State 66>: 5.07ns
The critical path consists of the following:
	'sdiv' operation ('sdiv_ln20', dfg_199.c:20) [69]  (5.07 ns)

 <State 67>: 5.07ns
The critical path consists of the following:
	'sdiv' operation ('sdiv_ln20', dfg_199.c:20) [69]  (5.07 ns)

 <State 68>: 5.07ns
The critical path consists of the following:
	'sdiv' operation ('sdiv_ln20', dfg_199.c:20) [69]  (5.07 ns)

 <State 69>: 5.07ns
The critical path consists of the following:
	'sdiv' operation ('sdiv_ln20', dfg_199.c:20) [69]  (5.07 ns)

 <State 70>: 5.07ns
The critical path consists of the following:
	'sdiv' operation ('sdiv_ln20', dfg_199.c:20) [69]  (5.07 ns)

 <State 71>: 5.07ns
The critical path consists of the following:
	'sdiv' operation ('sdiv_ln20', dfg_199.c:20) [69]  (5.07 ns)

 <State 72>: 5.07ns
The critical path consists of the following:
	'sdiv' operation ('sdiv_ln20', dfg_199.c:20) [69]  (5.07 ns)

 <State 73>: 5.07ns
The critical path consists of the following:
	'sdiv' operation ('sdiv_ln20', dfg_199.c:20) [69]  (5.07 ns)

 <State 74>: 5.07ns
The critical path consists of the following:
	'sdiv' operation ('sdiv_ln20', dfg_199.c:20) [69]  (5.07 ns)

 <State 75>: 5.07ns
The critical path consists of the following:
	'sdiv' operation ('sdiv_ln20', dfg_199.c:20) [69]  (5.07 ns)

 <State 76>: 5.07ns
The critical path consists of the following:
	'sdiv' operation ('sdiv_ln20', dfg_199.c:20) [69]  (5.07 ns)

 <State 77>: 5.07ns
The critical path consists of the following:
	'sdiv' operation ('sdiv_ln20', dfg_199.c:20) [69]  (5.07 ns)

 <State 78>: 5.07ns
The critical path consists of the following:
	'sdiv' operation ('sdiv_ln20', dfg_199.c:20) [69]  (5.07 ns)

 <State 79>: 5.07ns
The critical path consists of the following:
	'sdiv' operation ('sdiv_ln20', dfg_199.c:20) [69]  (5.07 ns)

 <State 80>: 5.07ns
The critical path consists of the following:
	'sdiv' operation ('sdiv_ln20', dfg_199.c:20) [69]  (5.07 ns)

 <State 81>: 5.07ns
The critical path consists of the following:
	'sdiv' operation ('sdiv_ln20', dfg_199.c:20) [69]  (5.07 ns)

 <State 82>: 5.07ns
The critical path consists of the following:
	'sdiv' operation ('sdiv_ln20', dfg_199.c:20) [69]  (5.07 ns)

 <State 83>: 5.07ns
The critical path consists of the following:
	'sdiv' operation ('sdiv_ln20', dfg_199.c:20) [69]  (5.07 ns)

 <State 84>: 5.07ns
The critical path consists of the following:
	'sdiv' operation ('sdiv_ln20', dfg_199.c:20) [69]  (5.07 ns)

 <State 85>: 5.07ns
The critical path consists of the following:
	'sdiv' operation ('sdiv_ln20', dfg_199.c:20) [69]  (5.07 ns)

 <State 86>: 5.07ns
The critical path consists of the following:
	'sdiv' operation ('sdiv_ln20', dfg_199.c:20) [69]  (5.07 ns)

 <State 87>: 5.07ns
The critical path consists of the following:
	'sdiv' operation ('sdiv_ln20', dfg_199.c:20) [69]  (5.07 ns)

 <State 88>: 5.07ns
The critical path consists of the following:
	'sdiv' operation ('sdiv_ln20', dfg_199.c:20) [69]  (5.07 ns)

 <State 89>: 5.07ns
The critical path consists of the following:
	'sdiv' operation ('sdiv_ln20', dfg_199.c:20) [69]  (5.07 ns)

 <State 90>: 5.07ns
The critical path consists of the following:
	'sdiv' operation ('sdiv_ln20', dfg_199.c:20) [69]  (5.07 ns)

 <State 91>: 5.07ns
The critical path consists of the following:
	'sdiv' operation ('sdiv_ln20', dfg_199.c:20) [69]  (5.07 ns)

 <State 92>: 5.07ns
The critical path consists of the following:
	'sdiv' operation ('sdiv_ln20', dfg_199.c:20) [69]  (5.07 ns)

 <State 93>: 5.07ns
The critical path consists of the following:
	'sdiv' operation ('sdiv_ln20', dfg_199.c:20) [69]  (5.07 ns)

 <State 94>: 5.07ns
The critical path consists of the following:
	'sdiv' operation ('sdiv_ln20', dfg_199.c:20) [69]  (5.07 ns)

 <State 95>: 5.07ns
The critical path consists of the following:
	'sdiv' operation ('sdiv_ln20', dfg_199.c:20) [69]  (5.07 ns)

 <State 96>: 5.07ns
The critical path consists of the following:
	'sdiv' operation ('sdiv_ln20', dfg_199.c:20) [69]  (5.07 ns)

 <State 97>: 5.07ns
The critical path consists of the following:
	'sdiv' operation ('sdiv_ln20', dfg_199.c:20) [69]  (5.07 ns)

 <State 98>: 5.07ns
The critical path consists of the following:
	'sdiv' operation ('sdiv_ln20', dfg_199.c:20) [69]  (5.07 ns)

 <State 99>: 4.59ns
The critical path consists of the following:
	'ashr' operation ('result', dfg_199.c:21) [72]  (4.59 ns)


============================================================
+ Verbose Summary: Binding
============================================================
N/A
* FSMD analyzer results:
  - Output states:
 - Input state : 
  - Chain level:
	State 1
	State 2
	State 3
	State 4
	State 5
	State 6
	State 7
	State 8
	State 9
	State 10
	State 11
	State 12
	State 13
	State 14
	State 15
	State 16
	State 17
	State 18
	State 19
	State 20
	State 21
	State 22
	State 23
	State 24
	State 25
	State 26
	State 27
	State 28
	State 29
	State 30
	State 31
	State 32
	State 33
	State 34
	State 35
	State 36
	State 37
	State 38
	State 39
	State 40
	State 41
	State 42
	State 43
	State 44
	State 45
	State 46
	State 47
	State 48
	State 49
	State 50
	State 51
	State 52
	State 53
	State 54
	State 55
	State 56
	State 57
	State 58
	State 59
	State 60
	State 61
	State 62
	State 63
	State 64
	State 65
	State 66
	State 67
	State 68
	State 69
	State 70
	State 71
	State 72
	State 73
	State 74
	State 75
	State 76
	State 77
	State 78
	State 79
	State 80
	State 81
	State 82
	State 83
	State 84
	State 85
	State 86
	State 87
	State 88
	State 89
	State 90
	State 91
	State 92
	State 93
	State 94
	State 95
	State 96
	State 97
	State 98
	State 99


============================================================
+ Verbose Summary: Datapath Resource usage 
============================================================
N/A
