Copyright 1986-2020 Xilinx, Inc. All Rights Reserved.
------------------------------------------------------------------------------------
| Tool Version : Vivado v.2020.2 (lin64) Build 3064766 Wed Nov 18 09:12:47 MST 2020
| Date         : Wed Apr 28 10:08:39 2021
| Host         : seal-lambda running 64-bit Ubuntu 18.04.5 LTS
| Command      : report_timing_summary -file ./report/fn1_timing_routed.rpt
| Design       : bd_0_wrapper
| Device       : 7z020-clg484
| Speed File   : -1  PRODUCTION 1.12 2019-11-22
------------------------------------------------------------------------------------

Timing Summary Report

------------------------------------------------------------------------------------------------
| Timer Settings
| --------------
------------------------------------------------------------------------------------------------

  Enable Multi Corner Analysis               :  Yes
  Enable Pessimism Removal                   :  Yes
  Pessimism Removal Resolution               :  Nearest Common Node
  Enable Input Delay Default Clock           :  No
  Enable Preset / Clear Arcs                 :  No
  Disable Flight Delays                      :  No
  Ignore I/O Paths                           :  No
  Timing Early Launch at Borrowing Latches   :  No
  Borrow Time for Max Delay Exceptions       :  Yes
  Merge Timing Exceptions                    :  Yes

  Corner  Analyze    Analyze    
  Name    Max Paths  Min Paths  
  ------  ---------  ---------  
  Slow    Yes        Yes        
  Fast    Yes        Yes        



check_timing report

Table of Contents
-----------------
1. checking no_clock (0)
2. checking constant_clock (0)
3. checking pulse_width_clock (0)
4. checking unconstrained_internal_endpoints (0)
5. checking no_input_delay (130)
6. checking no_output_delay (35)
7. checking multiple_clock (0)
8. checking generated_clocks (0)
9. checking loops (0)
10. checking partial_input_delay (0)
11. checking partial_output_delay (0)
12. checking latch_loops (0)

1. checking no_clock (0)
------------------------
 There are 0 register/latch pins with no clock.


2. checking constant_clock (0)
------------------------------
 There are 0 register/latch pins with constant_clock.


3. checking pulse_width_clock (0)
---------------------------------
 There are 0 register/latch pins which need pulse_width check


4. checking unconstrained_internal_endpoints (0)
------------------------------------------------
 There are 0 pins that are not constrained for maximum delay.

 There are 0 pins that are not constrained for maximum delay due to constant clock.


5. checking no_input_delay (130)
--------------------------------
 There are 130 input ports with no input delay specified. (HIGH)

 There are 0 input ports with no input delay but user has a false path constraint.


6. checking no_output_delay (35)
--------------------------------
 There are 35 ports with no output delay specified. (HIGH)

 There are 0 ports with no output delay but user has a false path constraint

 There are 0 ports with no output delay but with a timing clock defined on it or propagating through it


7. checking multiple_clock (0)
------------------------------
 There are 0 register/latch pins with multiple clocks.


8. checking generated_clocks (0)
--------------------------------
 There are 0 generated clocks that are not connected to a clock source.


9. checking loops (0)
---------------------
 There are 0 combinational loops in the design.


10. checking partial_input_delay (0)
------------------------------------
 There are 0 input ports with partial input delay specified.


11. checking partial_output_delay (0)
-------------------------------------
 There are 0 ports with partial output delay specified.


12. checking latch_loops (0)
----------------------------
 There are 0 combinational latch loops in the design through latch input



------------------------------------------------------------------------------------------------
| Design Timing Summary
| ---------------------
------------------------------------------------------------------------------------------------

    WNS(ns)      TNS(ns)  TNS Failing Endpoints  TNS Total Endpoints      WHS(ns)      THS(ns)  THS Failing Endpoints  THS Total Endpoints     WPWS(ns)     TPWS(ns)  TPWS Failing Endpoints  TPWS Total Endpoints  
    -------      -------  ---------------------  -------------------      -------      -------  ---------------------  -------------------     --------     --------  ----------------------  --------------------  
      0.625        0.000                      0                 3219        0.097        0.000                      0                 3219        4.020        0.000                       0                  2158  


All user specified timing constraints are met.


------------------------------------------------------------------------------------------------
| Clock Summary
| -------------
------------------------------------------------------------------------------------------------

Clock   Waveform(ns)       Period(ns)      Frequency(MHz)
-----   ------------       ----------      --------------
ap_clk  {0.000 5.000}      10.000          100.000         


------------------------------------------------------------------------------------------------
| Intra Clock Table
| -----------------
------------------------------------------------------------------------------------------------

Clock             WNS(ns)      TNS(ns)  TNS Failing Endpoints  TNS Total Endpoints      WHS(ns)      THS(ns)  THS Failing Endpoints  THS Total Endpoints     WPWS(ns)     TPWS(ns)  TPWS Failing Endpoints  TPWS Total Endpoints  
-----             -------      -------  ---------------------  -------------------      -------      -------  ---------------------  -------------------     --------     --------  ----------------------  --------------------  
ap_clk              0.625        0.000                      0                 3219        0.097        0.000                      0                 3219        4.020        0.000                       0                  2158  


------------------------------------------------------------------------------------------------
| Inter Clock Table
| -----------------
------------------------------------------------------------------------------------------------

From Clock    To Clock          WNS(ns)      TNS(ns)  TNS Failing Endpoints  TNS Total Endpoints      WHS(ns)      THS(ns)  THS Failing Endpoints  THS Total Endpoints  
----------    --------          -------      -------  ---------------------  -------------------      -------      -------  ---------------------  -------------------  


------------------------------------------------------------------------------------------------
| Other Path Groups Table
| -----------------------
------------------------------------------------------------------------------------------------

Path Group    From Clock    To Clock          WNS(ns)      TNS(ns)  TNS Failing Endpoints  TNS Total Endpoints      WHS(ns)      THS(ns)  THS Failing Endpoints  THS Total Endpoints  
----------    ----------    --------          -------      -------  ---------------------  -------------------      -------      -------  ---------------------  -------------------  


------------------------------------------------------------------------------------------------
| Timing Details
| --------------
------------------------------------------------------------------------------------------------


---------------------------------------------------------------------------------------------------
From Clock:  ap_clk
  To Clock:  ap_clk

Setup :            0  Failing Endpoints,  Worst Slack        0.625ns,  Total Violation        0.000ns
Hold  :            0  Failing Endpoints,  Worst Slack        0.097ns,  Total Violation        0.000ns
PW    :            0  Failing Endpoints,  Worst Slack        4.020ns,  Total Violation        0.000ns
---------------------------------------------------------------------------------------------------


Max Delay Paths
--------------------------------------------------------------------------------------
Slack (MET) :             0.625ns  (required time - arrival time)
  Source:                 bd_0_i/hls_inst/inst/sdiv_49s_60ns_60_53_seq_1_U4/fn1_sdiv_49s_60ns_60_53_seq_1_div_U/dividend0_reg[2]/C
                            (rising edge-triggered cell FDRE clocked by ap_clk  {rise@0.000ns fall@5.000ns period=10.000ns})
  Destination:            bd_0_i/hls_inst/inst/sdiv_49s_60ns_60_53_seq_1_U4/fn1_sdiv_49s_60ns_60_53_seq_1_div_U/fn1_sdiv_49s_60ns_60_53_seq_1_div_u_0/dividend0_reg[46]/D
                            (rising edge-triggered cell FDRE clocked by ap_clk  {rise@0.000ns fall@5.000ns period=10.000ns})
  Path Group:             ap_clk
  Path Type:              Setup (Max at Slow Process Corner)
  Requirement:            10.000ns  (ap_clk rise@10.000ns - ap_clk rise@0.000ns)
  Data Path Delay:        9.366ns  (logic 5.540ns (59.148%)  route 3.826ns (40.852%))
  Logic Levels:           14  (CARRY4=12 LUT1=1 LUT3=1)
  Clock Path Skew:        -0.049ns (DCD - SCD + CPR)
    Destination Clock Delay (DCD):    0.924ns = ( 10.924 - 10.000 ) 
    Source Clock Delay      (SCD):    0.973ns
    Clock Pessimism Removal (CPR):    0.000ns
  Clock Uncertainty:      0.035ns  ((TSJ^2 + TIJ^2)^1/2 + DJ) / 2 + PE
    Total System Jitter     (TSJ):    0.071ns
    Total Input Jitter      (TIJ):    0.000ns
    Discrete Jitter          (DJ):    0.000ns
    Phase Error              (PE):    0.000ns

    Location             Delay type                Incr(ns)  Path(ns)    Netlist Resource(s)
  -------------------------------------------------------------------    -------------------
                         (clock ap_clk rise edge)     0.000     0.000 r  
                                                      0.000     0.000 r  ap_clk (IN)
                         net (fo=2157, unset)         0.973     0.973    bd_0_i/hls_inst/inst/sdiv_49s_60ns_60_53_seq_1_U4/fn1_sdiv_49s_60ns_60_53_seq_1_div_U/ap_clk
    SLICE_X96Y45         FDRE                                         r  bd_0_i/hls_inst/inst/sdiv_49s_60ns_60_53_seq_1_U4/fn1_sdiv_49s_60ns_60_53_seq_1_div_U/dividend0_reg[2]/C
  -------------------------------------------------------------------    -------------------
    SLICE_X96Y45         FDRE (Prop_fdre_C_Q)         0.518     1.491 f  bd_0_i/hls_inst/inst/sdiv_49s_60ns_60_53_seq_1_U4/fn1_sdiv_49s_60ns_60_53_seq_1_div_U/dividend0_reg[2]/Q
                         net (fo=3, routed)           0.622     2.113    bd_0_i/hls_inst/inst/sdiv_49s_60ns_60_53_seq_1_U4/fn1_sdiv_49s_60ns_60_53_seq_1_div_U/dividend0_reg_n_0_[2]
    SLICE_X94Y45         LUT1 (Prop_lut1_I0_O)        0.124     2.237 r  bd_0_i/hls_inst/inst/sdiv_49s_60ns_60_53_seq_1_U4/fn1_sdiv_49s_60ns_60_53_seq_1_div_U/i__carry_i_1__0/O
                         net (fo=1, routed)           0.489     2.726    bd_0_i/hls_inst/inst/sdiv_49s_60ns_60_53_seq_1_U4/fn1_sdiv_49s_60ns_60_53_seq_1_div_U/i__carry_i_1__0_n_0
    SLICE_X96Y45         CARRY4 (Prop_carry4_CYINIT_CO[2])
                                                      0.608     3.334 r  bd_0_i/hls_inst/inst/sdiv_49s_60ns_60_53_seq_1_U4/fn1_sdiv_49s_60ns_60_53_seq_1_div_U/_inferred__0/i__carry/CO[2]
                         net (fo=2, routed)           0.350     3.684    bd_0_i/hls_inst/inst/sdiv_49s_60ns_60_53_seq_1_U4/fn1_sdiv_49s_60ns_60_53_seq_1_div_U/_inferred__0/i__carry_n_1
    SLICE_X97Y44         CARRY4 (Prop_carry4_CYINIT_CO[2])
                                                      0.778     4.462 r  bd_0_i/hls_inst/inst/sdiv_49s_60ns_60_53_seq_1_U4/fn1_sdiv_49s_60ns_60_53_seq_1_div_U/dividend0_reg[7]_i_2/CO[2]
                         net (fo=2, routed)           0.557     5.019    bd_0_i/hls_inst/inst/sdiv_49s_60ns_60_53_seq_1_U4/fn1_sdiv_49s_60ns_60_53_seq_1_div_U/fn1_sdiv_49s_60ns_60_53_seq_1_div_u_0/dividend0_reg[9]_0[0]
    SLICE_X98Y45         CARRY4 (Prop_carry4_CYINIT_CO[3])
                                                      0.784     5.803 r  bd_0_i/hls_inst/inst/sdiv_49s_60ns_60_53_seq_1_U4/fn1_sdiv_49s_60ns_60_53_seq_1_div_U/fn1_sdiv_49s_60ns_60_53_seq_1_div_u_0/dividend0_reg[11]_i_2/CO[3]
                         net (fo=2, routed)           0.798     6.601    bd_0_i/hls_inst/inst/sdiv_49s_60ns_60_53_seq_1_U4/fn1_sdiv_49s_60ns_60_53_seq_1_div_U/fn1_sdiv_49s_60ns_60_53_seq_1_div_u_0_n_2
    SLICE_X97Y46         CARRY4 (Prop_carry4_CYINIT_CO[2])
                                                      0.592     7.193 r  bd_0_i/hls_inst/inst/sdiv_49s_60ns_60_53_seq_1_U4/fn1_sdiv_49s_60ns_60_53_seq_1_div_U/dividend0_reg[14]_i_2/CO[2]
                         net (fo=2, routed)           0.351     7.544    bd_0_i/hls_inst/inst/sdiv_49s_60ns_60_53_seq_1_U4/fn1_sdiv_49s_60ns_60_53_seq_1_div_U/fn1_sdiv_49s_60ns_60_53_seq_1_div_u_0/CO[0]
    SLICE_X96Y47         CARRY4 (Prop_carry4_CYINIT_CO[3])
                                                      0.784     8.328 r  bd_0_i/hls_inst/inst/sdiv_49s_60ns_60_53_seq_1_U4/fn1_sdiv_49s_60ns_60_53_seq_1_div_U/fn1_sdiv_49s_60ns_60_53_seq_1_div_u_0/dividend0_reg[18]_i_2/CO[3]
                         net (fo=1, routed)           0.000     8.328    bd_0_i/hls_inst/inst/sdiv_49s_60ns_60_53_seq_1_U4/fn1_sdiv_49s_60ns_60_53_seq_1_div_U/fn1_sdiv_49s_60ns_60_53_seq_1_div_u_0/dividend0_reg[18]_i_2_n_0
    SLICE_X96Y48         CARRY4 (Prop_carry4_CI_CO[3])
                                                      0.117     8.445 r  bd_0_i/hls_inst/inst/sdiv_49s_60ns_60_53_seq_1_U4/fn1_sdiv_49s_60ns_60_53_seq_1_div_U/fn1_sdiv_49s_60ns_60_53_seq_1_div_u_0/dividend0_reg[22]_i_2/CO[3]
                         net (fo=1, routed)           0.000     8.445    bd_0_i/hls_inst/inst/sdiv_49s_60ns_60_53_seq_1_U4/fn1_sdiv_49s_60ns_60_53_seq_1_div_U/fn1_sdiv_49s_60ns_60_53_seq_1_div_u_0/dividend0_reg[22]_i_2_n_0
    SLICE_X96Y49         CARRY4 (Prop_carry4_CI_CO[3])
                                                      0.117     8.562 r  bd_0_i/hls_inst/inst/sdiv_49s_60ns_60_53_seq_1_U4/fn1_sdiv_49s_60ns_60_53_seq_1_div_U/fn1_sdiv_49s_60ns_60_53_seq_1_div_u_0/dividend0_reg[26]_i_2/CO[3]
                         net (fo=1, routed)           0.001     8.563    bd_0_i/hls_inst/inst/sdiv_49s_60ns_60_53_seq_1_U4/fn1_sdiv_49s_60ns_60_53_seq_1_div_U/fn1_sdiv_49s_60ns_60_53_seq_1_div_u_0/dividend0_reg[26]_i_2_n_0
    SLICE_X96Y50         CARRY4 (Prop_carry4_CI_CO[3])
                                                      0.117     8.680 r  bd_0_i/hls_inst/inst/sdiv_49s_60ns_60_53_seq_1_U4/fn1_sdiv_49s_60ns_60_53_seq_1_div_U/fn1_sdiv_49s_60ns_60_53_seq_1_div_u_0/dividend0_reg[30]_i_2/CO[3]
                         net (fo=1, routed)           0.000     8.680    bd_0_i/hls_inst/inst/sdiv_49s_60ns_60_53_seq_1_U4/fn1_sdiv_49s_60ns_60_53_seq_1_div_U/fn1_sdiv_49s_60ns_60_53_seq_1_div_u_0/dividend0_reg[30]_i_2_n_0
    SLICE_X96Y51         CARRY4 (Prop_carry4_CI_CO[3])
                                                      0.117     8.797 r  bd_0_i/hls_inst/inst/sdiv_49s_60ns_60_53_seq_1_U4/fn1_sdiv_49s_60ns_60_53_seq_1_div_U/fn1_sdiv_49s_60ns_60_53_seq_1_div_u_0/dividend0_reg[34]_i_2/CO[3]
                         net (fo=1, routed)           0.000     8.797    bd_0_i/hls_inst/inst/sdiv_49s_60ns_60_53_seq_1_U4/fn1_sdiv_49s_60ns_60_53_seq_1_div_U/fn1_sdiv_49s_60ns_60_53_seq_1_div_u_0/dividend0_reg[34]_i_2_n_0
    SLICE_X96Y52         CARRY4 (Prop_carry4_CI_CO[3])
                                                      0.117     8.914 r  bd_0_i/hls_inst/inst/sdiv_49s_60ns_60_53_seq_1_U4/fn1_sdiv_49s_60ns_60_53_seq_1_div_U/fn1_sdiv_49s_60ns_60_53_seq_1_div_u_0/dividend0_reg[38]_i_2/CO[3]
                         net (fo=1, routed)           0.000     8.914    bd_0_i/hls_inst/inst/sdiv_49s_60ns_60_53_seq_1_U4/fn1_sdiv_49s_60ns_60_53_seq_1_div_U/fn1_sdiv_49s_60ns_60_53_seq_1_div_u_0/dividend0_reg[38]_i_2_n_0
    SLICE_X96Y53         CARRY4 (Prop_carry4_CI_CO[3])
                                                      0.117     9.031 r  bd_0_i/hls_inst/inst/sdiv_49s_60ns_60_53_seq_1_U4/fn1_sdiv_49s_60ns_60_53_seq_1_div_U/fn1_sdiv_49s_60ns_60_53_seq_1_div_u_0/dividend0_reg[42]_i_2/CO[3]
                         net (fo=1, routed)           0.000     9.031    bd_0_i/hls_inst/inst/sdiv_49s_60ns_60_53_seq_1_U4/fn1_sdiv_49s_60ns_60_53_seq_1_div_U/fn1_sdiv_49s_60ns_60_53_seq_1_div_u_0/dividend0_reg[42]_i_2_n_0
    SLICE_X96Y54         CARRY4 (Prop_carry4_CI_O[3])
                                                      0.315     9.346 r  bd_0_i/hls_inst/inst/sdiv_49s_60ns_60_53_seq_1_U4/fn1_sdiv_49s_60ns_60_53_seq_1_div_U/fn1_sdiv_49s_60ns_60_53_seq_1_div_u_0/dividend0_reg[46]_i_2/O[3]
                         net (fo=1, routed)           0.658    10.004    bd_0_i/hls_inst/inst/sdiv_49s_60ns_60_53_seq_1_U4/fn1_sdiv_49s_60ns_60_53_seq_1_div_U/dividend_u0[46]
    SLICE_X97Y54         LUT3 (Prop_lut3_I0_O)        0.335    10.339 r  bd_0_i/hls_inst/inst/sdiv_49s_60ns_60_53_seq_1_U4/fn1_sdiv_49s_60ns_60_53_seq_1_div_U/dividend0[46]_i_1/O
                         net (fo=1, routed)           0.000    10.339    bd_0_i/hls_inst/inst/sdiv_49s_60ns_60_53_seq_1_U4/fn1_sdiv_49s_60ns_60_53_seq_1_div_U/fn1_sdiv_49s_60ns_60_53_seq_1_div_u_0/D[37]
    SLICE_X97Y54         FDRE                                         r  bd_0_i/hls_inst/inst/sdiv_49s_60ns_60_53_seq_1_U4/fn1_sdiv_49s_60ns_60_53_seq_1_div_U/fn1_sdiv_49s_60ns_60_53_seq_1_div_u_0/dividend0_reg[46]/D
  -------------------------------------------------------------------    -------------------

                         (clock ap_clk rise edge)    10.000    10.000 r  
                                                      0.000    10.000 r  ap_clk (IN)
                         net (fo=2157, unset)         0.924    10.924    bd_0_i/hls_inst/inst/sdiv_49s_60ns_60_53_seq_1_U4/fn1_sdiv_49s_60ns_60_53_seq_1_div_U/fn1_sdiv_49s_60ns_60_53_seq_1_div_u_0/ap_clk
    SLICE_X97Y54         FDRE                                         r  bd_0_i/hls_inst/inst/sdiv_49s_60ns_60_53_seq_1_U4/fn1_sdiv_49s_60ns_60_53_seq_1_div_U/fn1_sdiv_49s_60ns_60_53_seq_1_div_u_0/dividend0_reg[46]/C
                         clock pessimism              0.000    10.924    
                         clock uncertainty           -0.035    10.889    
    SLICE_X97Y54         FDRE (Setup_fdre_C_D)        0.075    10.964    bd_0_i/hls_inst/inst/sdiv_49s_60ns_60_53_seq_1_U4/fn1_sdiv_49s_60ns_60_53_seq_1_div_U/fn1_sdiv_49s_60ns_60_53_seq_1_div_u_0/dividend0_reg[46]
  -------------------------------------------------------------------
                         required time                         10.964    
                         arrival time                         -10.339    
  -------------------------------------------------------------------
                         slack                                  0.625    





Min Delay Paths
--------------------------------------------------------------------------------------
Slack (MET) :             0.097ns  (arrival time - required time)
  Source:                 bd_0_i/hls_inst/inst/mul_60s_33ns_64_5_1_U6/fn1_mul_60s_33ns_64_5_1_Multiplier_1_U/buff1_reg[2]__1/C
                            (rising edge-triggered cell FDRE clocked by ap_clk  {rise@0.000ns fall@5.000ns period=10.000ns})
  Destination:            bd_0_i/hls_inst/inst/mul_60s_33ns_64_5_1_U6/fn1_mul_60s_33ns_64_5_1_Multiplier_1_U/buff2_reg[2]/D
                            (rising edge-triggered cell FDRE clocked by ap_clk  {rise@0.000ns fall@5.000ns period=10.000ns})
  Path Group:             ap_clk
  Path Type:              Hold (Min at Fast Process Corner)
  Requirement:            0.000ns  (ap_clk rise@0.000ns - ap_clk rise@0.000ns)
  Data Path Delay:        0.197ns  (logic 0.141ns (71.611%)  route 0.056ns (28.389%))
  Logic Levels:           0  
  Clock Path Skew:        0.022ns (DCD - SCD - CPR)
    Destination Clock Delay (DCD):    0.432ns
    Source Clock Delay      (SCD):    0.410ns
    Clock Pessimism Removal (CPR):    -0.000ns

    Location             Delay type                Incr(ns)  Path(ns)    Netlist Resource(s)
  -------------------------------------------------------------------    -------------------
                         (clock ap_clk rise edge)     0.000     0.000 r  
                                                      0.000     0.000 r  ap_clk (IN)
                         net (fo=2157, unset)         0.410     0.410    bd_0_i/hls_inst/inst/mul_60s_33ns_64_5_1_U6/fn1_mul_60s_33ns_64_5_1_Multiplier_1_U/ap_clk
    SLICE_X95Y44         FDRE                                         r  bd_0_i/hls_inst/inst/mul_60s_33ns_64_5_1_U6/fn1_mul_60s_33ns_64_5_1_Multiplier_1_U/buff1_reg[2]__1/C
  -------------------------------------------------------------------    -------------------
    SLICE_X95Y44         FDRE (Prop_fdre_C_Q)         0.141     0.551 r  bd_0_i/hls_inst/inst/mul_60s_33ns_64_5_1_U6/fn1_mul_60s_33ns_64_5_1_Multiplier_1_U/buff1_reg[2]__1/Q
                         net (fo=1, routed)           0.056     0.607    bd_0_i/hls_inst/inst/mul_60s_33ns_64_5_1_U6/fn1_mul_60s_33ns_64_5_1_Multiplier_1_U/buff1_reg[2]__1_n_0
    SLICE_X95Y44         FDRE                                         r  bd_0_i/hls_inst/inst/mul_60s_33ns_64_5_1_U6/fn1_mul_60s_33ns_64_5_1_Multiplier_1_U/buff2_reg[2]/D
  -------------------------------------------------------------------    -------------------

                         (clock ap_clk rise edge)     0.000     0.000 r  
                                                      0.000     0.000 r  ap_clk (IN)
                         net (fo=2157, unset)         0.432     0.432    bd_0_i/hls_inst/inst/mul_60s_33ns_64_5_1_U6/fn1_mul_60s_33ns_64_5_1_Multiplier_1_U/ap_clk
    SLICE_X95Y44         FDRE                                         r  bd_0_i/hls_inst/inst/mul_60s_33ns_64_5_1_U6/fn1_mul_60s_33ns_64_5_1_Multiplier_1_U/buff2_reg[2]/C
                         clock pessimism              0.000     0.432    
    SLICE_X95Y44         FDRE (Hold_fdre_C_D)         0.078     0.510    bd_0_i/hls_inst/inst/mul_60s_33ns_64_5_1_U6/fn1_mul_60s_33ns_64_5_1_Multiplier_1_U/buff2_reg[2]
  -------------------------------------------------------------------
                         required time                         -0.510    
                         arrival time                           0.607    
  -------------------------------------------------------------------
                         slack                                  0.097    





Pulse Width Checks
--------------------------------------------------------------------------------------
Clock Name:         ap_clk
Waveform(ns):       { 0.000 5.000 }
Period(ns):         10.000
Sources:            { ap_clk }

Check Type        Corner  Lib Pin      Reference Pin  Required(ns)  Actual(ns)  Slack(ns)  Location       Pin
Min Period        n/a     DSP48E1/CLK  n/a            3.884         10.000      6.116      DSP48_X4Y20    bd_0_i/hls_inst/inst/mul_60s_33ns_64_5_1_U6/fn1_mul_60s_33ns_64_5_1_Multiplier_1_U/buff0_reg__0/CLK
Low Pulse Width   Fast    SRL16E/CLK   n/a            0.980         5.000       4.020      SLICE_X108Y61  bd_0_i/hls_inst/inst/sdiv_18ns_64ns_17_22_seq_1_U5/fn1_sdiv_18ns_64ns_17_22_seq_1_div_U/fn1_sdiv_18ns_64ns_17_22_seq_1_div_u_0/r_stage_reg[16]_srl16___udiv_64ns_8ns_60_68_seq_1_U2_fn1_udiv_64ns_8ns_60_68_seq_1_div_U_fn1_udiv_64ns_8ns_60_68_seq_1_div_u_0_r_stage_reg_r_14/CLK
High Pulse Width  Slow    SRL16E/CLK   n/a            0.980         5.000       4.020      SLICE_X108Y61  bd_0_i/hls_inst/inst/sdiv_18ns_64ns_17_22_seq_1_U5/fn1_sdiv_18ns_64ns_17_22_seq_1_div_U/fn1_sdiv_18ns_64ns_17_22_seq_1_div_u_0/r_stage_reg[16]_srl16___udiv_64ns_8ns_60_68_seq_1_U2_fn1_udiv_64ns_8ns_60_68_seq_1_div_U_fn1_udiv_64ns_8ns_60_68_seq_1_div_u_0_r_stage_reg_r_14/CLK



