Copyright 1986-2020 Xilinx, Inc. All Rights Reserved.
------------------------------------------------------------------------------------
| Tool Version : Vivado v.2020.2 (lin64) Build 3064766 Wed Nov 18 09:12:47 MST 2020
| Date         : Sun Apr 11 01:36:51 2021
| Host         : seal-lambda running 64-bit Ubuntu 18.04.5 LTS
| Command      : report_timing_summary -file ./report/fn1_timing_synth.rpt
| Design       : bd_0_wrapper
| Device       : 7z020-clg484
| Speed File   : -1  PRODUCTION 1.12 2019-11-22
------------------------------------------------------------------------------------

Timing Summary Report

------------------------------------------------------------------------------------------------
| Timer Settings
| --------------
------------------------------------------------------------------------------------------------

  Enable Multi Corner Analysis               :  Yes
  Enable Pessimism Removal                   :  Yes
  Pessimism Removal Resolution               :  Nearest Common Node
  Enable Input Delay Default Clock           :  No
  Enable Preset / Clear Arcs                 :  No
  Disable Flight Delays                      :  No
  Ignore I/O Paths                           :  No
  Timing Early Launch at Borrowing Latches   :  No
  Borrow Time for Max Delay Exceptions       :  Yes
  Merge Timing Exceptions                    :  Yes

  Corner  Analyze    Analyze    
  Name    Max Paths  Min Paths  
  ------  ---------  ---------  
  Slow    Yes        Yes        
  Fast    Yes        Yes        



check_timing report

Table of Contents
-----------------
1. checking no_clock (0)
2. checking constant_clock (0)
3. checking pulse_width_clock (0)
4. checking unconstrained_internal_endpoints (0)
5. checking no_input_delay (82)
6. checking no_output_delay (35)
7. checking multiple_clock (0)
8. checking generated_clocks (0)
9. checking loops (0)
10. checking partial_input_delay (0)
11. checking partial_output_delay (0)
12. checking latch_loops (0)

1. checking no_clock (0)
------------------------
 There are 0 register/latch pins with no clock.


2. checking constant_clock (0)
------------------------------
 There are 0 register/latch pins with constant_clock.


3. checking pulse_width_clock (0)
---------------------------------
 There are 0 register/latch pins which need pulse_width check


4. checking unconstrained_internal_endpoints (0)
------------------------------------------------
 There are 0 pins that are not constrained for maximum delay.

 There are 0 pins that are not constrained for maximum delay due to constant clock.


5. checking no_input_delay (82)
-------------------------------
 There are 82 input ports with no input delay specified. (HIGH)

 There are 0 input ports with no input delay but user has a false path constraint.


6. checking no_output_delay (35)
--------------------------------
 There are 35 ports with no output delay specified. (HIGH)

 There are 0 ports with no output delay but user has a false path constraint

 There are 0 ports with no output delay but with a timing clock defined on it or propagating through it


7. checking multiple_clock (0)
------------------------------
 There are 0 register/latch pins with multiple clocks.


8. checking generated_clocks (0)
--------------------------------
 There are 0 generated clocks that are not connected to a clock source.


9. checking loops (0)
---------------------
 There are 0 combinational loops in the design.


10. checking partial_input_delay (0)
------------------------------------
 There are 0 input ports with partial input delay specified.


11. checking partial_output_delay (0)
-------------------------------------
 There are 0 ports with partial output delay specified.


12. checking latch_loops (0)
----------------------------
 There are 0 combinational latch loops in the design through latch input



------------------------------------------------------------------------------------------------
| Design Timing Summary
| ---------------------
------------------------------------------------------------------------------------------------

    WNS(ns)      TNS(ns)  TNS Failing Endpoints  TNS Total Endpoints      WHS(ns)      THS(ns)  THS Failing Endpoints  THS Total Endpoints     WPWS(ns)     TPWS(ns)  TPWS Failing Endpoints  TPWS Total Endpoints  
    -------      -------  ---------------------  -------------------      -------      -------  ---------------------  -------------------     --------     --------  ----------------------  --------------------  
      1.753        0.000                      0                10092        0.193        0.000                      0                10092        4.020        0.000                       0                  8999  


All user specified timing constraints are met.


------------------------------------------------------------------------------------------------
| Clock Summary
| -------------
------------------------------------------------------------------------------------------------

Clock   Waveform(ns)       Period(ns)      Frequency(MHz)
-----   ------------       ----------      --------------
ap_clk  {0.000 5.000}      10.000          100.000         


------------------------------------------------------------------------------------------------
| Intra Clock Table
| -----------------
------------------------------------------------------------------------------------------------

Clock             WNS(ns)      TNS(ns)  TNS Failing Endpoints  TNS Total Endpoints      WHS(ns)      THS(ns)  THS Failing Endpoints  THS Total Endpoints     WPWS(ns)     TPWS(ns)  TPWS Failing Endpoints  TPWS Total Endpoints  
-----             -------      -------  ---------------------  -------------------      -------      -------  ---------------------  -------------------     --------     --------  ----------------------  --------------------  
ap_clk              1.753        0.000                      0                10092        0.193        0.000                      0                10092        4.020        0.000                       0                  8999  


------------------------------------------------------------------------------------------------
| Inter Clock Table
| -----------------
------------------------------------------------------------------------------------------------

From Clock    To Clock          WNS(ns)      TNS(ns)  TNS Failing Endpoints  TNS Total Endpoints      WHS(ns)      THS(ns)  THS Failing Endpoints  THS Total Endpoints  
----------    --------          -------      -------  ---------------------  -------------------      -------      -------  ---------------------  -------------------  


------------------------------------------------------------------------------------------------
| Other Path Groups Table
| -----------------------
------------------------------------------------------------------------------------------------

Path Group    From Clock    To Clock          WNS(ns)      TNS(ns)  TNS Failing Endpoints  TNS Total Endpoints      WHS(ns)      THS(ns)  THS Failing Endpoints  THS Total Endpoints  
----------    ----------    --------          -------      -------  ---------------------  -------------------      -------      -------  ---------------------  -------------------  


------------------------------------------------------------------------------------------------
| Timing Details
| --------------
------------------------------------------------------------------------------------------------


---------------------------------------------------------------------------------------------------
From Clock:  ap_clk
  To Clock:  ap_clk

Setup :            0  Failing Endpoints,  Worst Slack        1.753ns,  Total Violation        0.000ns
Hold  :            0  Failing Endpoints,  Worst Slack        0.193ns,  Total Violation        0.000ns
PW    :            0  Failing Endpoints,  Worst Slack        4.020ns,  Total Violation        0.000ns
---------------------------------------------------------------------------------------------------


Max Delay Paths
--------------------------------------------------------------------------------------
Slack (MET) :             1.753ns  (required time - arrival time)
  Source:                 bd_0_i/hls_inst/inst/dadd_64ns_64ns_64_7_full_dsp_1_U1/fn1_ap_dadd_5_full_dsp_64_u/inst/i_synth/ADDSUB_OP.ADDSUB/LOGIC_SPEED.OP/NORM/NORM_SHIFT/MUX_LOOP[2].DEL_SHIFT/i_pipe/opt_has_pipe.first_q_reg[54]/C
                            (rising edge-triggered cell FDRE clocked by ap_clk  {rise@0.000ns fall@5.000ns period=10.000ns})
  Destination:            bd_0_i/hls_inst/inst/dadd_64ns_64ns_64_7_full_dsp_1_U1/fn1_ap_dadd_5_full_dsp_64_u/inst/i_synth/ADDSUB_OP.ADDSUB/LOGIC_SPEED.OP/OP/RESULT_REG.NORMAL.exp_op_reg[9]/D
                            (rising edge-triggered cell FDRE clocked by ap_clk  {rise@0.000ns fall@5.000ns period=10.000ns})
  Path Group:             ap_clk
  Path Type:              Setup (Max at Slow Process Corner)
  Requirement:            10.000ns  (ap_clk rise@10.000ns - ap_clk rise@0.000ns)
  Data Path Delay:        8.272ns  (logic 4.925ns (59.535%)  route 3.347ns (40.465%))
  Logic Levels:           8  (CARRY4=4 DSP48E1=1 LUT3=2 LUT5=1)
  Clock Path Skew:        -0.049ns (DCD - SCD + CPR)
    Destination Clock Delay (DCD):    0.924ns = ( 10.924 - 10.000 ) 
    Source Clock Delay      (SCD):    0.973ns
    Clock Pessimism Removal (CPR):    0.000ns
  Clock Uncertainty:      0.035ns  ((TSJ^2 + TIJ^2)^1/2 + DJ) / 2 + PE
    Total System Jitter     (TSJ):    0.071ns
    Total Input Jitter      (TIJ):    0.000ns
    Discrete Jitter          (DJ):    0.000ns
    Phase Error              (PE):    0.000ns

    Location             Delay type                Incr(ns)  Path(ns)    Netlist Resource(s)
  -------------------------------------------------------------------    -------------------
                         (clock ap_clk rise edge)     0.000     0.000 r  
                                                      0.000     0.000 r  ap_clk (IN)
                         net (fo=9001, unset)         0.973     0.973    bd_0_i/hls_inst/inst/dadd_64ns_64ns_64_7_full_dsp_1_U1/fn1_ap_dadd_5_full_dsp_64_u/inst/i_synth/ADDSUB_OP.ADDSUB/LOGIC_SPEED.OP/NORM/NORM_SHIFT/MUX_LOOP[2].DEL_SHIFT/i_pipe/aclk
                         FDRE                                         r  bd_0_i/hls_inst/inst/dadd_64ns_64ns_64_7_full_dsp_1_U1/fn1_ap_dadd_5_full_dsp_64_u/inst/i_synth/ADDSUB_OP.ADDSUB/LOGIC_SPEED.OP/NORM/NORM_SHIFT/MUX_LOOP[2].DEL_SHIFT/i_pipe/opt_has_pipe.first_q_reg[54]/C
  -------------------------------------------------------------------    -------------------
                         FDRE (Prop_fdre_C_Q)         0.518     1.491 r  bd_0_i/hls_inst/inst/dadd_64ns_64ns_64_7_full_dsp_1_U1/fn1_ap_dadd_5_full_dsp_64_u/inst/i_synth/ADDSUB_OP.ADDSUB/LOGIC_SPEED.OP/NORM/NORM_SHIFT/MUX_LOOP[2].DEL_SHIFT/i_pipe/opt_has_pipe.first_q_reg[54]/Q
                         net (fo=1, unplaced)         0.741     2.232    bd_0_i/hls_inst/inst/dadd_64ns_64ns_64_7_full_dsp_1_U1/fn1_ap_dadd_5_full_dsp_64_u/inst/i_synth/ADDSUB_OP.ADDSUB/LOGIC_SPEED.OP/NORM/NORM_SHIFT/MUX_LOOP[2].DEL_SHIFT/i_pipe/part_norm_mant_ext[3]
                         LUT3 (Prop_lut3_I0_O)        0.295     2.527 r  bd_0_i/hls_inst/inst/dadd_64ns_64ns_64_7_full_dsp_1_U1/fn1_ap_dadd_5_full_dsp_64_u/inst/i_synth/ADDSUB_OP.ADDSUB/LOGIC_SPEED.OP/NORM/NORM_SHIFT/MUX_LOOP[2].DEL_SHIFT/i_pipe/CHAIN_GEN[0].C_MUX.CARRY_MUX_i_3__0/O
                         net (fo=1, unplaced)         0.333     2.860    bd_0_i/hls_inst/inst/dadd_64ns_64ns_64_7_full_dsp_1_U1/fn1_ap_dadd_5_full_dsp_64_u/inst/i_synth/ADDSUB_OP.ADDSUB/LOGIC_SPEED.OP/NORM/ROUND/RND_BIT_GEN/NORM_1_OR_0.STRUCT_REQ.SPECIAL.RND_CHAIN/i_no_versal_es1_workaround.DSP
                         CARRY4 (Prop_carry4_CYINIT_CO[0])
                                                      0.591     3.451 r  bd_0_i/hls_inst/inst/dadd_64ns_64ns_64_7_full_dsp_1_U1/fn1_ap_dadd_5_full_dsp_64_u/inst/i_synth/ADDSUB_OP.ADDSUB/LOGIC_SPEED.OP/NORM/ROUND/RND_BIT_GEN/NORM_1_OR_0.STRUCT_REQ.SPECIAL.RND_CHAIN/CHAIN_GEN[0].C_MUX.CARRY_MUX_CARRY4/CO[0]
                         net (fo=1, unplaced)         0.800     4.251    bd_0_i/hls_inst/inst/dadd_64ns_64ns_64_7_full_dsp_1_U1/fn1_ap_dadd_5_full_dsp_64_u/inst/i_synth/ADDSUB_OP.ADDSUB/LOGIC_SPEED.OP/NORM/ROUND/DSP48_E1.DSP48E1_ADD.DSP48E1_ADD/B[0]
                         DSP48E1 (Prop_dsp48e1_B[1]_P[47])
                                                      2.306     6.557 r  bd_0_i/hls_inst/inst/dadd_64ns_64ns_64_7_full_dsp_1_U1/fn1_ap_dadd_5_full_dsp_64_u/inst/i_synth/ADDSUB_OP.ADDSUB/LOGIC_SPEED.OP/NORM/ROUND/DSP48_E1.DSP48E1_ADD.DSP48E1_ADD/i_no_versal_es1_workaround.DSP/P[47]
                         net (fo=7, unplaced)         0.800     7.356    bd_0_i/hls_inst/inst/dadd_64ns_64ns_64_7_full_dsp_1_U1/fn1_ap_dadd_5_full_dsp_64_u/inst/i_synth/ADDSUB_OP.ADDSUB/LOGIC_SPEED.OP/NORM/ROUND/DSP48_E1.DSP_LOGIC_ADDERS.RND_1/P[0]
                         LUT3 (Prop_lut3_I1_O)        0.124     7.480 r  bd_0_i/hls_inst/inst/dadd_64ns_64ns_64_7_full_dsp_1_U1/fn1_ap_dadd_5_full_dsp_64_u/inst/i_synth/ADDSUB_OP.ADDSUB/LOGIC_SPEED.OP/NORM/ROUND/DSP48_E1.DSP_LOGIC_ADDERS.RND_1/RESULT_REG.NORMAL.exp_op[3]_i_7/O
                         net (fo=1, unplaced)         0.665     8.145    bd_0_i/hls_inst/inst/dadd_64ns_64ns_64_7_full_dsp_1_U1/fn1_ap_dadd_5_full_dsp_64_u/inst/i_synth/ADDSUB_OP.ADDSUB/LOGIC_SPEED.OP/EXP/STATE_DELAY/i_pipe/RESULT_REG.NORMAL.exp_op_reg[3]
                         LUT5 (Prop_lut5_I3_O)        0.124     8.269 r  bd_0_i/hls_inst/inst/dadd_64ns_64ns_64_7_full_dsp_1_U1/fn1_ap_dadd_5_full_dsp_64_u/inst/i_synth/ADDSUB_OP.ADDSUB/LOGIC_SPEED.OP/EXP/STATE_DELAY/i_pipe/RESULT_REG.NORMAL.exp_op[3]_i_6/O
                         net (fo=1, unplaced)         0.000     8.269    bd_0_i/hls_inst/inst/dadd_64ns_64ns_64_7_full_dsp_1_U1/fn1_ap_dadd_5_full_dsp_64_u/inst/i_synth/ADDSUB_OP.ADDSUB/LOGIC_SPEED.OP/EXP/STATE_DELAY/i_pipe/RESULT_REG.NORMAL.exp_op[3]_i_6_n_0
                         CARRY4 (Prop_carry4_S[0]_CO[3])
                                                      0.513     8.782 r  bd_0_i/hls_inst/inst/dadd_64ns_64ns_64_7_full_dsp_1_U1/fn1_ap_dadd_5_full_dsp_64_u/inst/i_synth/ADDSUB_OP.ADDSUB/LOGIC_SPEED.OP/EXP/STATE_DELAY/i_pipe/RESULT_REG.NORMAL.exp_op_reg[3]_i_1/CO[3]
                         net (fo=1, unplaced)         0.009     8.791    bd_0_i/hls_inst/inst/dadd_64ns_64ns_64_7_full_dsp_1_U1/fn1_ap_dadd_5_full_dsp_64_u/inst/i_synth/ADDSUB_OP.ADDSUB/LOGIC_SPEED.OP/EXP/STATE_DELAY/i_pipe/RESULT_REG.NORMAL.exp_op_reg[3]_i_1_n_0
                         CARRY4 (Prop_carry4_CI_CO[3])
                                                      0.117     8.908 r  bd_0_i/hls_inst/inst/dadd_64ns_64ns_64_7_full_dsp_1_U1/fn1_ap_dadd_5_full_dsp_64_u/inst/i_synth/ADDSUB_OP.ADDSUB/LOGIC_SPEED.OP/EXP/STATE_DELAY/i_pipe/RESULT_REG.NORMAL.exp_op_reg[7]_i_1/CO[3]
                         net (fo=1, unplaced)         0.000     8.908    bd_0_i/hls_inst/inst/dadd_64ns_64ns_64_7_full_dsp_1_U1/fn1_ap_dadd_5_full_dsp_64_u/inst/i_synth/ADDSUB_OP.ADDSUB/LOGIC_SPEED.OP/EXP/STATE_DELAY/i_pipe/RESULT_REG.NORMAL.exp_op_reg[7]_i_1_n_0
                         CARRY4 (Prop_carry4_CI_O[1])
                                                      0.337     9.245 r  bd_0_i/hls_inst/inst/dadd_64ns_64ns_64_7_full_dsp_1_U1/fn1_ap_dadd_5_full_dsp_64_u/inst/i_synth/ADDSUB_OP.ADDSUB/LOGIC_SPEED.OP/EXP/STATE_DELAY/i_pipe/RESULT_REG.NORMAL.exp_op_reg[10]_i_1/O[1]
                         net (fo=1, unplaced)         0.000     9.245    bd_0_i/hls_inst/inst/dadd_64ns_64ns_64_7_full_dsp_1_U1/fn1_ap_dadd_5_full_dsp_64_u/inst/i_synth/ADDSUB_OP.ADDSUB/LOGIC_SPEED.OP/OP/exp_pre_op[9]
                         FDRE                                         r  bd_0_i/hls_inst/inst/dadd_64ns_64ns_64_7_full_dsp_1_U1/fn1_ap_dadd_5_full_dsp_64_u/inst/i_synth/ADDSUB_OP.ADDSUB/LOGIC_SPEED.OP/OP/RESULT_REG.NORMAL.exp_op_reg[9]/D
  -------------------------------------------------------------------    -------------------

                         (clock ap_clk rise edge)    10.000    10.000 r  
                                                      0.000    10.000 r  ap_clk (IN)
                         net (fo=9001, unset)         0.924    10.924    bd_0_i/hls_inst/inst/dadd_64ns_64ns_64_7_full_dsp_1_U1/fn1_ap_dadd_5_full_dsp_64_u/inst/i_synth/ADDSUB_OP.ADDSUB/LOGIC_SPEED.OP/OP/aclk
                         FDRE                                         r  bd_0_i/hls_inst/inst/dadd_64ns_64ns_64_7_full_dsp_1_U1/fn1_ap_dadd_5_full_dsp_64_u/inst/i_synth/ADDSUB_OP.ADDSUB/LOGIC_SPEED.OP/OP/RESULT_REG.NORMAL.exp_op_reg[9]/C
                         clock pessimism              0.000    10.924    
                         clock uncertainty           -0.035    10.889    
                         FDRE (Setup_fdre_C_D)        0.109    10.998    bd_0_i/hls_inst/inst/dadd_64ns_64ns_64_7_full_dsp_1_U1/fn1_ap_dadd_5_full_dsp_64_u/inst/i_synth/ADDSUB_OP.ADDSUB/LOGIC_SPEED.OP/OP/RESULT_REG.NORMAL.exp_op_reg[9]
  -------------------------------------------------------------------
                         required time                         10.998    
                         arrival time                          -9.245    
  -------------------------------------------------------------------
                         slack                                  1.753    





Min Delay Paths
--------------------------------------------------------------------------------------
Slack (MET) :             0.193ns  (arrival time - required time)
  Source:                 bd_0_i/hls_inst/inst/ddiv_64ns_64ns_64_59_no_dsp_1_U2/fn1_ap_ddiv_57_no_dsp_64_u/inst/i_synth/DIV_OP.SPD.OP/EXP/EXP_PRE_RND_DEL/i_pipe/opt_has_pipe.i_pipe[32].pipe_reg[32][0]_srl32/CLK
                            (rising edge-triggered cell SRLC32E clocked by ap_clk  {rise@0.000ns fall@5.000ns period=10.000ns})
  Destination:            bd_0_i/hls_inst/inst/ddiv_64ns_64ns_64_59_no_dsp_1_U2/fn1_ap_ddiv_57_no_dsp_64_u/inst/i_synth/DIV_OP.SPD.OP/EXP/EXP_PRE_RND_DEL/i_pipe/opt_has_pipe.i_pipe[53].pipe_reg[53][0]_srl21/D
                            (rising edge-triggered cell SRLC32E clocked by ap_clk  {rise@0.000ns fall@5.000ns period=10.000ns})
  Path Group:             ap_clk
  Path Type:              Hold (Min at Fast Process Corner)
  Requirement:            0.000ns  (ap_clk rise@0.000ns - ap_clk rise@0.000ns)
  Data Path Delay:        0.332ns  (logic 0.332ns (100.000%)  route 0.000ns (0.000%))
  Logic Levels:           0  
  Clock Path Skew:        0.022ns (DCD - SCD - CPR)
    Destination Clock Delay (DCD):    0.432ns
    Source Clock Delay      (SCD):    0.410ns
    Clock Pessimism Removal (CPR):    -0.000ns

    Location             Delay type                Incr(ns)  Path(ns)    Netlist Resource(s)
  -------------------------------------------------------------------    -------------------
                         (clock ap_clk rise edge)     0.000     0.000 r  
                                                      0.000     0.000 r  ap_clk (IN)
                         net (fo=9001, unset)         0.410     0.410    bd_0_i/hls_inst/inst/ddiv_64ns_64ns_64_59_no_dsp_1_U2/fn1_ap_ddiv_57_no_dsp_64_u/inst/i_synth/DIV_OP.SPD.OP/EXP/EXP_PRE_RND_DEL/i_pipe/aclk
                         SRLC32E                                      r  bd_0_i/hls_inst/inst/ddiv_64ns_64ns_64_59_no_dsp_1_U2/fn1_ap_ddiv_57_no_dsp_64_u/inst/i_synth/DIV_OP.SPD.OP/EXP/EXP_PRE_RND_DEL/i_pipe/opt_has_pipe.i_pipe[32].pipe_reg[32][0]_srl32/CLK
  -------------------------------------------------------------------    -------------------
                         SRLC32E (Prop_srlc32e_CLK_Q31)
                                                      0.332     0.742 r  bd_0_i/hls_inst/inst/ddiv_64ns_64ns_64_59_no_dsp_1_U2/fn1_ap_ddiv_57_no_dsp_64_u/inst/i_synth/DIV_OP.SPD.OP/EXP/EXP_PRE_RND_DEL/i_pipe/opt_has_pipe.i_pipe[32].pipe_reg[32][0]_srl32/Q31
                         net (fo=1, unplaced)         0.000     0.742    bd_0_i/hls_inst/inst/ddiv_64ns_64ns_64_59_no_dsp_1_U2/fn1_ap_ddiv_57_no_dsp_64_u/inst/i_synth/DIV_OP.SPD.OP/EXP/EXP_PRE_RND_DEL/i_pipe/opt_has_pipe.i_pipe[32].pipe_reg[32][0]_srl32_n_1
                         SRLC32E                                      r  bd_0_i/hls_inst/inst/ddiv_64ns_64ns_64_59_no_dsp_1_U2/fn1_ap_ddiv_57_no_dsp_64_u/inst/i_synth/DIV_OP.SPD.OP/EXP/EXP_PRE_RND_DEL/i_pipe/opt_has_pipe.i_pipe[53].pipe_reg[53][0]_srl21/D
  -------------------------------------------------------------------    -------------------

                         (clock ap_clk rise edge)     0.000     0.000 r  
                                                      0.000     0.000 r  ap_clk (IN)
                         net (fo=9001, unset)         0.432     0.432    bd_0_i/hls_inst/inst/ddiv_64ns_64ns_64_59_no_dsp_1_U2/fn1_ap_ddiv_57_no_dsp_64_u/inst/i_synth/DIV_OP.SPD.OP/EXP/EXP_PRE_RND_DEL/i_pipe/aclk
                         SRLC32E                                      r  bd_0_i/hls_inst/inst/ddiv_64ns_64ns_64_59_no_dsp_1_U2/fn1_ap_ddiv_57_no_dsp_64_u/inst/i_synth/DIV_OP.SPD.OP/EXP/EXP_PRE_RND_DEL/i_pipe/opt_has_pipe.i_pipe[53].pipe_reg[53][0]_srl21/CLK
                         clock pessimism              0.000     0.432    
                         SRLC32E (Hold_srlc32e_CLK_D)
                                                      0.117     0.549    bd_0_i/hls_inst/inst/ddiv_64ns_64ns_64_59_no_dsp_1_U2/fn1_ap_ddiv_57_no_dsp_64_u/inst/i_synth/DIV_OP.SPD.OP/EXP/EXP_PRE_RND_DEL/i_pipe/opt_has_pipe.i_pipe[53].pipe_reg[53][0]_srl21
  -------------------------------------------------------------------
                         required time                         -0.549    
                         arrival time                           0.742    
  -------------------------------------------------------------------
                         slack                                  0.193    





Pulse Width Checks
--------------------------------------------------------------------------------------
Clock Name:         ap_clk
Waveform(ns):       { 0.000 5.000 }
Period(ns):         10.000
Sources:            { ap_clk }

Check Type        Corner  Lib Pin      Reference Pin  Required(ns)  Actual(ns)  Slack(ns)  Location  Pin
Min Period        n/a     FDRE/C       n/a            1.000         10.000      9.000                bd_0_i/hls_inst/inst/ddiv_64ns_64ns_64_59_no_dsp_1_U2/fn1_ap_ddiv_57_no_dsp_64_u/inst/i_synth/DIV_OP.SPD.OP/MANT_DIV/RT[49].ADDSUB/ADDSUB/Q_DEL/i_pipe/opt_has_pipe.first_q_reg[11]/C
Low Pulse Width   Fast    SRLC32E/CLK  n/a            0.980         5.000       4.020                bd_0_i/hls_inst/inst/ddiv_64ns_64ns_64_59_no_dsp_1_U2/fn1_ap_ddiv_57_no_dsp_64_u/inst/i_synth/DIV_OP.SPD.OP/MANT_DIV/RT[49].Q_DEL/i_pipe/opt_has_pipe.first_q_reg[31]_srl32/CLK
High Pulse Width  Slow    SRLC32E/CLK  n/a            0.980         5.000       4.020                bd_0_i/hls_inst/inst/ddiv_64ns_64ns_64_59_no_dsp_1_U2/fn1_ap_ddiv_57_no_dsp_64_u/inst/i_synth/DIV_OP.SPD.OP/MANT_DIV/RT[49].Q_DEL/i_pipe/opt_has_pipe.first_q_reg[31]_srl32/CLK



