Copyright 1986-2020 Xilinx, Inc. All Rights Reserved.
------------------------------------------------------------------------------------
| Tool Version : Vivado v.2020.2 (lin64) Build 3064766 Wed Nov 18 09:12:47 MST 2020
| Date         : Wed Apr 28 10:12:38 2021
| Host         : seal-lambda running 64-bit Ubuntu 18.04.5 LTS
| Command      : report_timing_summary -file ./report/fn1_timing_synth.rpt
| Design       : bd_0_wrapper
| Device       : 7z020-clg484
| Speed File   : -1  PRODUCTION 1.12 2019-11-22
------------------------------------------------------------------------------------

Timing Summary Report

------------------------------------------------------------------------------------------------
| Timer Settings
| --------------
------------------------------------------------------------------------------------------------

  Enable Multi Corner Analysis               :  Yes
  Enable Pessimism Removal                   :  Yes
  Pessimism Removal Resolution               :  Nearest Common Node
  Enable Input Delay Default Clock           :  No
  Enable Preset / Clear Arcs                 :  No
  Disable Flight Delays                      :  No
  Ignore I/O Paths                           :  No
  Timing Early Launch at Borrowing Latches   :  No
  Borrow Time for Max Delay Exceptions       :  Yes
  Merge Timing Exceptions                    :  Yes

  Corner  Analyze    Analyze    
  Name    Max Paths  Min Paths  
  ------  ---------  ---------  
  Slow    Yes        Yes        
  Fast    Yes        Yes        



check_timing report

Table of Contents
-----------------
1. checking no_clock (0)
2. checking constant_clock (0)
3. checking pulse_width_clock (0)
4. checking unconstrained_internal_endpoints (0)
5. checking no_input_delay (74)
6. checking no_output_delay (67)
7. checking multiple_clock (0)
8. checking generated_clocks (0)
9. checking loops (0)
10. checking partial_input_delay (0)
11. checking partial_output_delay (0)
12. checking latch_loops (0)

1. checking no_clock (0)
------------------------
 There are 0 register/latch pins with no clock.


2. checking constant_clock (0)
------------------------------
 There are 0 register/latch pins with constant_clock.


3. checking pulse_width_clock (0)
---------------------------------
 There are 0 register/latch pins which need pulse_width check


4. checking unconstrained_internal_endpoints (0)
------------------------------------------------
 There are 0 pins that are not constrained for maximum delay.

 There are 0 pins that are not constrained for maximum delay due to constant clock.


5. checking no_input_delay (74)
-------------------------------
 There are 74 input ports with no input delay specified. (HIGH)

 There are 0 input ports with no input delay but user has a false path constraint.


6. checking no_output_delay (67)
--------------------------------
 There are 67 ports with no output delay specified. (HIGH)

 There are 0 ports with no output delay but user has a false path constraint

 There are 0 ports with no output delay but with a timing clock defined on it or propagating through it


7. checking multiple_clock (0)
------------------------------
 There are 0 register/latch pins with multiple clocks.


8. checking generated_clocks (0)
--------------------------------
 There are 0 generated clocks that are not connected to a clock source.


9. checking loops (0)
---------------------
 There are 0 combinational loops in the design.


10. checking partial_input_delay (0)
------------------------------------
 There are 0 input ports with partial input delay specified.


11. checking partial_output_delay (0)
-------------------------------------
 There are 0 ports with partial output delay specified.


12. checking latch_loops (0)
----------------------------
 There are 0 combinational latch loops in the design through latch input



------------------------------------------------------------------------------------------------
| Design Timing Summary
| ---------------------
------------------------------------------------------------------------------------------------

    WNS(ns)      TNS(ns)  TNS Failing Endpoints  TNS Total Endpoints      WHS(ns)      THS(ns)  THS Failing Endpoints  THS Total Endpoints     WPWS(ns)     TPWS(ns)  TPWS Failing Endpoints  TPWS Total Endpoints  
    -------      -------  ---------------------  -------------------      -------      -------  ---------------------  -------------------     --------     --------  ----------------------  --------------------  
      4.620        0.000                      0                  488        0.239        0.000                      0                  488        4.020        0.000                       0                   389  


All user specified timing constraints are met.


------------------------------------------------------------------------------------------------
| Clock Summary
| -------------
------------------------------------------------------------------------------------------------

Clock   Waveform(ns)       Period(ns)      Frequency(MHz)
-----   ------------       ----------      --------------
ap_clk  {0.000 5.000}      10.000          100.000         


------------------------------------------------------------------------------------------------
| Intra Clock Table
| -----------------
------------------------------------------------------------------------------------------------

Clock             WNS(ns)      TNS(ns)  TNS Failing Endpoints  TNS Total Endpoints      WHS(ns)      THS(ns)  THS Failing Endpoints  THS Total Endpoints     WPWS(ns)     TPWS(ns)  TPWS Failing Endpoints  TPWS Total Endpoints  
-----             -------      -------  ---------------------  -------------------      -------      -------  ---------------------  -------------------     --------     --------  ----------------------  --------------------  
ap_clk              4.620        0.000                      0                  488        0.239        0.000                      0                  488        4.020        0.000                       0                   389  


------------------------------------------------------------------------------------------------
| Inter Clock Table
| -----------------
------------------------------------------------------------------------------------------------

From Clock    To Clock          WNS(ns)      TNS(ns)  TNS Failing Endpoints  TNS Total Endpoints      WHS(ns)      THS(ns)  THS Failing Endpoints  THS Total Endpoints  
----------    --------          -------      -------  ---------------------  -------------------      -------      -------  ---------------------  -------------------  


------------------------------------------------------------------------------------------------
| Other Path Groups Table
| -----------------------
------------------------------------------------------------------------------------------------

Path Group    From Clock    To Clock          WNS(ns)      TNS(ns)  TNS Failing Endpoints  TNS Total Endpoints      WHS(ns)      THS(ns)  THS Failing Endpoints  THS Total Endpoints  
----------    ----------    --------          -------      -------  ---------------------  -------------------      -------      -------  ---------------------  -------------------  


------------------------------------------------------------------------------------------------
| Timing Details
| --------------
------------------------------------------------------------------------------------------------


---------------------------------------------------------------------------------------------------
From Clock:  ap_clk
  To Clock:  ap_clk

Setup :            0  Failing Endpoints,  Worst Slack        4.620ns,  Total Violation        0.000ns
Hold  :            0  Failing Endpoints,  Worst Slack        0.239ns,  Total Violation        0.000ns
PW    :            0  Failing Endpoints,  Worst Slack        4.020ns,  Total Violation        0.000ns
---------------------------------------------------------------------------------------------------


Max Delay Paths
--------------------------------------------------------------------------------------
Slack (MET) :             4.620ns  (required time - arrival time)
  Source:                 bd_0_i/hls_inst/inst/tmp_11_reg_415_reg[9]/C
                            (rising edge-triggered cell FDRE clocked by ap_clk  {rise@0.000ns fall@5.000ns period=10.000ns})
  Destination:            bd_0_i/hls_inst/inst/val_1_reg_431_reg[1]/D
                            (rising edge-triggered cell FDRE clocked by ap_clk  {rise@0.000ns fall@5.000ns period=10.000ns})
  Path Group:             ap_clk
  Path Type:              Setup (Max at Slow Process Corner)
  Requirement:            10.000ns  (ap_clk rise@10.000ns - ap_clk rise@0.000ns)
  Data Path Delay:        5.373ns  (logic 1.309ns (24.363%)  route 4.064ns (75.637%))
  Logic Levels:           5  (LUT4=2 LUT6=3)
  Clock Path Skew:        -0.049ns (DCD - SCD + CPR)
    Destination Clock Delay (DCD):    0.924ns = ( 10.924 - 10.000 ) 
    Source Clock Delay      (SCD):    0.973ns
    Clock Pessimism Removal (CPR):    0.000ns
  Clock Uncertainty:      0.035ns  ((TSJ^2 + TIJ^2)^1/2 + DJ) / 2 + PE
    Total System Jitter     (TSJ):    0.071ns
    Total Input Jitter      (TIJ):    0.000ns
    Discrete Jitter          (DJ):    0.000ns
    Phase Error              (PE):    0.000ns

    Location             Delay type                Incr(ns)  Path(ns)    Netlist Resource(s)
  -------------------------------------------------------------------    -------------------
                         (clock ap_clk rise edge)     0.000     0.000 r  
                                                      0.000     0.000 r  ap_clk (IN)
                         net (fo=388, unset)          0.973     0.973    bd_0_i/hls_inst/inst/ap_clk
                         FDRE                                         r  bd_0_i/hls_inst/inst/tmp_11_reg_415_reg[9]/C
  -------------------------------------------------------------------    -------------------
                         FDRE (Prop_fdre_C_Q)         0.518     1.491 f  bd_0_i/hls_inst/inst/tmp_11_reg_415_reg[9]/Q
                         net (fo=19, unplaced)        0.800     2.291    bd_0_i/hls_inst/inst/tmp_11_reg_415[9]
                         LUT4 (Prop_lut4_I1_O)        0.295     2.586 r  bd_0_i/hls_inst/inst/val_1_reg_431[7]_i_42/O
                         net (fo=61, unplaced)        0.536     3.122    bd_0_i/hls_inst/inst/val_1_reg_431[7]_i_42_n_0
                         LUT4 (Prop_lut4_I2_O)        0.124     3.246 r  bd_0_i/hls_inst/inst/val_1_reg_431[5]_i_7/O
                         net (fo=2, unplaced)         0.913     4.159    bd_0_i/hls_inst/inst/val_1_reg_431[5]_i_7_n_0
                         LUT6 (Prop_lut6_I1_O)        0.124     4.283 r  bd_0_i/hls_inst/inst/val_1_reg_431[1]_i_4/O
                         net (fo=1, unplaced)         0.902     5.185    bd_0_i/hls_inst/inst/val_1_reg_431[1]_i_4_n_0
                         LUT6 (Prop_lut6_I1_O)        0.124     5.309 r  bd_0_i/hls_inst/inst/val_1_reg_431[1]_i_2/O
                         net (fo=2, unplaced)         0.913     6.222    bd_0_i/hls_inst/inst/val_1_reg_431[1]_i_2_n_0
                         LUT6 (Prop_lut6_I0_O)        0.124     6.346 r  bd_0_i/hls_inst/inst/val_1_reg_431[1]_i_1/O
                         net (fo=1, unplaced)         0.000     6.346    bd_0_i/hls_inst/inst/val_1_fu_335_p3[1]
                         FDRE                                         r  bd_0_i/hls_inst/inst/val_1_reg_431_reg[1]/D
  -------------------------------------------------------------------    -------------------

                         (clock ap_clk rise edge)    10.000    10.000 r  
                                                      0.000    10.000 r  ap_clk (IN)
                         net (fo=388, unset)          0.924    10.924    bd_0_i/hls_inst/inst/ap_clk
                         FDRE                                         r  bd_0_i/hls_inst/inst/val_1_reg_431_reg[1]/C
                         clock pessimism              0.000    10.924    
                         clock uncertainty           -0.035    10.889    
                         FDRE (Setup_fdre_C_D)        0.077    10.966    bd_0_i/hls_inst/inst/val_1_reg_431_reg[1]
  -------------------------------------------------------------------
                         required time                         10.966    
                         arrival time                          -6.346    
  -------------------------------------------------------------------
                         slack                                  4.620    





Min Delay Paths
--------------------------------------------------------------------------------------
Slack (MET) :             0.239ns  (arrival time - required time)
  Source:                 bd_0_i/hls_inst/inst/sitodp_32s_64_6_no_dsp_1_U1/din0_buf1_reg[31]/C
                            (rising edge-triggered cell FDRE clocked by ap_clk  {rise@0.000ns fall@5.000ns period=10.000ns})
  Destination:            bd_0_i/hls_inst/inst/sitodp_32s_64_6_no_dsp_1_U1/fn1_ap_sitodp_4_no_dsp_32_u/inst/i_synth/FIX_TO_FLT_OP.SPD.OP/EXP/a_is_signed.IP_SIGN_DELAY/i_pipe/opt_has_pipe.i_pipe[3].pipe_reg[3][0]_srl3/D
                            (rising edge-triggered cell SRL16E clocked by ap_clk  {rise@0.000ns fall@5.000ns period=10.000ns})
  Path Group:             ap_clk
  Path Type:              Hold (Min at Fast Process Corner)
  Requirement:            0.000ns  (ap_clk rise@0.000ns - ap_clk rise@0.000ns)
  Data Path Delay:        0.324ns  (logic 0.164ns (50.590%)  route 0.160ns (49.410%))
  Logic Levels:           0  
  Clock Path Skew:        0.022ns (DCD - SCD - CPR)
    Destination Clock Delay (DCD):    0.432ns
    Source Clock Delay      (SCD):    0.410ns
    Clock Pessimism Removal (CPR):    -0.000ns

    Location             Delay type                Incr(ns)  Path(ns)    Netlist Resource(s)
  -------------------------------------------------------------------    -------------------
                         (clock ap_clk rise edge)     0.000     0.000 r  
                                                      0.000     0.000 r  ap_clk (IN)
                         net (fo=388, unset)          0.410     0.410    bd_0_i/hls_inst/inst/sitodp_32s_64_6_no_dsp_1_U1/ap_clk
                         FDRE                                         r  bd_0_i/hls_inst/inst/sitodp_32s_64_6_no_dsp_1_U1/din0_buf1_reg[31]/C
  -------------------------------------------------------------------    -------------------
                         FDRE (Prop_fdre_C_Q)         0.164     0.574 r  bd_0_i/hls_inst/inst/sitodp_32s_64_6_no_dsp_1_U1/din0_buf1_reg[31]/Q
                         net (fo=11, unplaced)        0.160     0.734    bd_0_i/hls_inst/inst/sitodp_32s_64_6_no_dsp_1_U1/fn1_ap_sitodp_4_no_dsp_32_u/inst/i_synth/FIX_TO_FLT_OP.SPD.OP/EXP/a_is_signed.IP_SIGN_DELAY/i_pipe/s_axis_a_tdata[0]
                         SRL16E                                       r  bd_0_i/hls_inst/inst/sitodp_32s_64_6_no_dsp_1_U1/fn1_ap_sitodp_4_no_dsp_32_u/inst/i_synth/FIX_TO_FLT_OP.SPD.OP/EXP/a_is_signed.IP_SIGN_DELAY/i_pipe/opt_has_pipe.i_pipe[3].pipe_reg[3][0]_srl3/D
  -------------------------------------------------------------------    -------------------

                         (clock ap_clk rise edge)     0.000     0.000 r  
                                                      0.000     0.000 r  ap_clk (IN)
                         net (fo=388, unset)          0.432     0.432    bd_0_i/hls_inst/inst/sitodp_32s_64_6_no_dsp_1_U1/fn1_ap_sitodp_4_no_dsp_32_u/inst/i_synth/FIX_TO_FLT_OP.SPD.OP/EXP/a_is_signed.IP_SIGN_DELAY/i_pipe/aclk
                         SRL16E                                       r  bd_0_i/hls_inst/inst/sitodp_32s_64_6_no_dsp_1_U1/fn1_ap_sitodp_4_no_dsp_32_u/inst/i_synth/FIX_TO_FLT_OP.SPD.OP/EXP/a_is_signed.IP_SIGN_DELAY/i_pipe/opt_has_pipe.i_pipe[3].pipe_reg[3][0]_srl3/CLK
                         clock pessimism              0.000     0.432    
                         SRL16E (Hold_srl16e_CLK_D)
                                                      0.064     0.496    bd_0_i/hls_inst/inst/sitodp_32s_64_6_no_dsp_1_U1/fn1_ap_sitodp_4_no_dsp_32_u/inst/i_synth/FIX_TO_FLT_OP.SPD.OP/EXP/a_is_signed.IP_SIGN_DELAY/i_pipe/opt_has_pipe.i_pipe[3].pipe_reg[3][0]_srl3
  -------------------------------------------------------------------
                         required time                         -0.496    
                         arrival time                           0.734    
  -------------------------------------------------------------------
                         slack                                  0.239    





Pulse Width Checks
--------------------------------------------------------------------------------------
Clock Name:         ap_clk
Waveform(ns):       { 0.000 5.000 }
Period(ns):         10.000
Sources:            { ap_clk }

Check Type        Corner  Lib Pin     Reference Pin  Required(ns)  Actual(ns)  Slack(ns)  Location  Pin
Min Period        n/a     FDRE/C      n/a            1.000         10.000      9.000                bd_0_i/hls_inst/inst/add_ln16_1_reg_426_reg[0]/C
Low Pulse Width   Fast    SRL16E/CLK  n/a            0.980         5.000       4.020                bd_0_i/hls_inst/inst/sitodp_32s_64_6_no_dsp_1_U1/fn1_ap_sitodp_4_no_dsp_32_u/inst/i_synth/FIX_TO_FLT_OP.SPD.OP/EXP/a_is_signed.IP_SIGN_DELAY/i_pipe/opt_has_pipe.i_pipe[3].pipe_reg[3][0]_srl3/CLK
High Pulse Width  Slow    SRL16E/CLK  n/a            0.980         5.000       4.020                bd_0_i/hls_inst/inst/sitodp_32s_64_6_no_dsp_1_U1/fn1_ap_sitodp_4_no_dsp_32_u/inst/i_synth/FIX_TO_FLT_OP.SPD.OP/EXP/a_is_signed.IP_SIGN_DELAY/i_pipe/opt_has_pipe.i_pipe[3].pipe_reg[3][0]_srl3/CLK



