

================================================================
== Vitis HLS Report for 'fn1'
================================================================
* Date:           Fri Apr 16 16:23:51 2021

* Version:        2020.2 (Build 3064766 on Wed Nov 18 09:12:47 MST 2020)
* Project:        project_tmp
* Solution:       solution_tmp (Vivado IP Flow Target)
* Product family: zynq
* Target device:  xc7z020-clg484-1


================================================================
== Performance Estimates
================================================================
+ Timing: 
    * Summary: 
    +--------+----------+----------+------------+
    |  Clock |  Target  | Estimated| Uncertainty|
    +--------+----------+----------+------------+
    |ap_clk  |  10.00 ns|  7.221 ns|     2.70 ns|
    +--------+----------+----------+------------+

+ Latency: 
    * Summary: 
    +---------+---------+----------+----------+-----+-----+---------+
    |  Latency (cycles) |  Latency (absolute) |  Interval | Pipeline|
    |   min   |   max   |    min   |    max   | min | max |   Type  |
    +---------+---------+----------+----------+-----+-----+---------+
    |      101|      101|  1.010 us|  1.010 us|  102|  102|     none|
    +---------+---------+----------+----------+-----+-----+---------+

    + Detail: 
        * Instance: 
        N/A

        * Loop: 
        N/A

============================================================
+ Verbose Summary: Synthesis Manager
============================================================
InlineROM: 1
ExposeGlobal: 0
============================================================
+ Verbose Summary: CDFG Model
============================================================
IsTopModel: 1
ResetActiveHigh: 1
IsCombinational: 0
IsDatapathOnly: 0
HasWiredReturn: 1
HasMFsm: 0
HasVarLatency: 1
IsPipeline: 0
IsRtlPipelined: 0
IsInstanceOverlapped: 0
IsDontTouch: 0
HasImplIP: 0
IsGatedGlobalClock: 0


============================================================
+ Verbose Summary: Schedule
============================================================
* Number of FSM states : 102
* Pipeline : 0
* Dataflow Pipeline: 0

* FSM state transitions: 
1 --> 2 
2 --> 3 
3 --> 4 
4 --> 5 
5 --> 6 
6 --> 7 
7 --> 8 
8 --> 9 
9 --> 10 
10 --> 11 
11 --> 12 
12 --> 13 
13 --> 14 
14 --> 15 
15 --> 16 
16 --> 17 
17 --> 18 
18 --> 19 
19 --> 20 
20 --> 21 
21 --> 22 
22 --> 23 
23 --> 24 
24 --> 25 
25 --> 26 
26 --> 27 
27 --> 28 
28 --> 29 
29 --> 30 
30 --> 31 
31 --> 32 
32 --> 33 
33 --> 34 
34 --> 35 
35 --> 36 
36 --> 37 
37 --> 38 
38 --> 39 
39 --> 40 
40 --> 41 
41 --> 42 
42 --> 43 
43 --> 44 
44 --> 45 
45 --> 46 
46 --> 47 
47 --> 48 
48 --> 49 
49 --> 50 
50 --> 51 
51 --> 52 
52 --> 53 
53 --> 54 
54 --> 55 
55 --> 56 
56 --> 57 
57 --> 58 
58 --> 59 
59 --> 60 
60 --> 61 
61 --> 62 
62 --> 63 
63 --> 64 
64 --> 65 
65 --> 66 
66 --> 67 
67 --> 68 
68 --> 69 
69 --> 70 
70 --> 71 
71 --> 72 
72 --> 73 
73 --> 74 
74 --> 75 
75 --> 76 
76 --> 77 
77 --> 78 
78 --> 79 
79 --> 80 
80 --> 81 
81 --> 82 
82 --> 83 
83 --> 84 
84 --> 85 
85 --> 86 
86 --> 87 
87 --> 88 
88 --> 89 
89 --> 90 
90 --> 91 
91 --> 92 
92 --> 93 
93 --> 94 
94 --> 95 
95 --> 96 
96 --> 97 
97 --> 98 
98 --> 99 
99 --> 100 
100 --> 101 
101 --> 102 
102 --> 

* FSM state operations: 

State 1 <SV = 0> <Delay = 6.80>
ST_1 : Operation 103 [1/1] (0.00ns)   --->   "%p_9_read = read i64 @_ssdm_op_Read.ap_auto.i64, i64 %p_9" [dfg_199.c:7]   --->   Operation 103 'read' 'p_9_read' <Predicate = true> <Delay = 0.00>
ST_1 : Operation 104 [1/1] (0.00ns)   --->   "%p_7_read = read i8 @_ssdm_op_Read.ap_auto.i8, i8 %p_7" [dfg_199.c:7]   --->   Operation 104 'read' 'p_7_read' <Predicate = true> <Delay = 0.00>
ST_1 : Operation 105 [1/1] (0.00ns)   --->   "%zext_ln14 = zext i8 %p_7_read" [dfg_199.c:14]   --->   Operation 105 'zext' 'zext_ln14' <Predicate = true> <Delay = 0.00>
ST_1 : Operation 106 [1/1] (1.73ns)   --->   "%add_ln14 = add i10 %zext_ln14, i10 493" [dfg_199.c:14]   --->   Operation 106 'add' 'add_ln14' <Predicate = true> <Delay = 1.73> <CoreInst = "Adder">   --->   Core 1 'Adder' <Latency = 0> <II = 1> <Delay = 1.91> <FuncUnit> <Opcode : 'add' 'sub'> <InPorts = 2> <OutPorts = 1>
ST_1 : Operation 107 [1/1] (0.00ns)   --->   "%zext_ln14_1 = zext i10 %add_ln14" [dfg_199.c:14]   --->   Operation 107 'zext' 'zext_ln14_1' <Predicate = true> <Delay = 0.00>
ST_1 : Operation 108 [68/68] (5.07ns)   --->   "%v_5 = urem i64 %p_9_read, i64 %zext_ln14_1" [dfg_199.c:14]   --->   Operation 108 'urem' 'v_5' <Predicate = true> <Delay = 5.07> <CoreInst = "DivnS_SEQ">   --->   Core 7 'DivnS_SEQ' <Latency = 11> <II = 10> <Delay = 3.68> <FuncUnit> <Opcode : 'sdiv' 'srem' 'udiv' 'urem'> <InPorts = 2> <OutPorts = 1>

State 2 <SV = 1> <Delay = 5.07>
ST_2 : Operation 109 [67/68] (5.07ns)   --->   "%v_5 = urem i64 %p_9_read, i64 %zext_ln14_1" [dfg_199.c:14]   --->   Operation 109 'urem' 'v_5' <Predicate = true> <Delay = 5.07> <CoreInst = "DivnS_SEQ">   --->   Core 7 'DivnS_SEQ' <Latency = 11> <II = 10> <Delay = 3.68> <FuncUnit> <Opcode : 'sdiv' 'srem' 'udiv' 'urem'> <InPorts = 2> <OutPorts = 1>

State 3 <SV = 2> <Delay = 5.07>
ST_3 : Operation 110 [66/68] (5.07ns)   --->   "%v_5 = urem i64 %p_9_read, i64 %zext_ln14_1" [dfg_199.c:14]   --->   Operation 110 'urem' 'v_5' <Predicate = true> <Delay = 5.07> <CoreInst = "DivnS_SEQ">   --->   Core 7 'DivnS_SEQ' <Latency = 11> <II = 10> <Delay = 3.68> <FuncUnit> <Opcode : 'sdiv' 'srem' 'udiv' 'urem'> <InPorts = 2> <OutPorts = 1>

State 4 <SV = 3> <Delay = 5.07>
ST_4 : Operation 111 [65/68] (5.07ns)   --->   "%v_5 = urem i64 %p_9_read, i64 %zext_ln14_1" [dfg_199.c:14]   --->   Operation 111 'urem' 'v_5' <Predicate = true> <Delay = 5.07> <CoreInst = "DivnS_SEQ">   --->   Core 7 'DivnS_SEQ' <Latency = 11> <II = 10> <Delay = 3.68> <FuncUnit> <Opcode : 'sdiv' 'srem' 'udiv' 'urem'> <InPorts = 2> <OutPorts = 1>

State 5 <SV = 4> <Delay = 5.07>
ST_5 : Operation 112 [64/68] (5.07ns)   --->   "%v_5 = urem i64 %p_9_read, i64 %zext_ln14_1" [dfg_199.c:14]   --->   Operation 112 'urem' 'v_5' <Predicate = true> <Delay = 5.07> <CoreInst = "DivnS_SEQ">   --->   Core 7 'DivnS_SEQ' <Latency = 11> <II = 10> <Delay = 3.68> <FuncUnit> <Opcode : 'sdiv' 'srem' 'udiv' 'urem'> <InPorts = 2> <OutPorts = 1>

State 6 <SV = 5> <Delay = 5.07>
ST_6 : Operation 113 [63/68] (5.07ns)   --->   "%v_5 = urem i64 %p_9_read, i64 %zext_ln14_1" [dfg_199.c:14]   --->   Operation 113 'urem' 'v_5' <Predicate = true> <Delay = 5.07> <CoreInst = "DivnS_SEQ">   --->   Core 7 'DivnS_SEQ' <Latency = 11> <II = 10> <Delay = 3.68> <FuncUnit> <Opcode : 'sdiv' 'srem' 'udiv' 'urem'> <InPorts = 2> <OutPorts = 1>

State 7 <SV = 6> <Delay = 5.07>
ST_7 : Operation 114 [62/68] (5.07ns)   --->   "%v_5 = urem i64 %p_9_read, i64 %zext_ln14_1" [dfg_199.c:14]   --->   Operation 114 'urem' 'v_5' <Predicate = true> <Delay = 5.07> <CoreInst = "DivnS_SEQ">   --->   Core 7 'DivnS_SEQ' <Latency = 11> <II = 10> <Delay = 3.68> <FuncUnit> <Opcode : 'sdiv' 'srem' 'udiv' 'urem'> <InPorts = 2> <OutPorts = 1>

State 8 <SV = 7> <Delay = 5.07>
ST_8 : Operation 115 [61/68] (5.07ns)   --->   "%v_5 = urem i64 %p_9_read, i64 %zext_ln14_1" [dfg_199.c:14]   --->   Operation 115 'urem' 'v_5' <Predicate = true> <Delay = 5.07> <CoreInst = "DivnS_SEQ">   --->   Core 7 'DivnS_SEQ' <Latency = 11> <II = 10> <Delay = 3.68> <FuncUnit> <Opcode : 'sdiv' 'srem' 'udiv' 'urem'> <InPorts = 2> <OutPorts = 1>

State 9 <SV = 8> <Delay = 5.07>
ST_9 : Operation 116 [60/68] (5.07ns)   --->   "%v_5 = urem i64 %p_9_read, i64 %zext_ln14_1" [dfg_199.c:14]   --->   Operation 116 'urem' 'v_5' <Predicate = true> <Delay = 5.07> <CoreInst = "DivnS_SEQ">   --->   Core 7 'DivnS_SEQ' <Latency = 11> <II = 10> <Delay = 3.68> <FuncUnit> <Opcode : 'sdiv' 'srem' 'udiv' 'urem'> <InPorts = 2> <OutPorts = 1>

State 10 <SV = 9> <Delay = 5.07>
ST_10 : Operation 117 [59/68] (5.07ns)   --->   "%v_5 = urem i64 %p_9_read, i64 %zext_ln14_1" [dfg_199.c:14]   --->   Operation 117 'urem' 'v_5' <Predicate = true> <Delay = 5.07> <CoreInst = "DivnS_SEQ">   --->   Core 7 'DivnS_SEQ' <Latency = 11> <II = 10> <Delay = 3.68> <FuncUnit> <Opcode : 'sdiv' 'srem' 'udiv' 'urem'> <InPorts = 2> <OutPorts = 1>

State 11 <SV = 10> <Delay = 5.07>
ST_11 : Operation 118 [58/68] (5.07ns)   --->   "%v_5 = urem i64 %p_9_read, i64 %zext_ln14_1" [dfg_199.c:14]   --->   Operation 118 'urem' 'v_5' <Predicate = true> <Delay = 5.07> <CoreInst = "DivnS_SEQ">   --->   Core 7 'DivnS_SEQ' <Latency = 11> <II = 10> <Delay = 3.68> <FuncUnit> <Opcode : 'sdiv' 'srem' 'udiv' 'urem'> <InPorts = 2> <OutPorts = 1>

State 12 <SV = 11> <Delay = 5.07>
ST_12 : Operation 119 [57/68] (5.07ns)   --->   "%v_5 = urem i64 %p_9_read, i64 %zext_ln14_1" [dfg_199.c:14]   --->   Operation 119 'urem' 'v_5' <Predicate = true> <Delay = 5.07> <CoreInst = "DivnS_SEQ">   --->   Core 7 'DivnS_SEQ' <Latency = 11> <II = 10> <Delay = 3.68> <FuncUnit> <Opcode : 'sdiv' 'srem' 'udiv' 'urem'> <InPorts = 2> <OutPorts = 1>

State 13 <SV = 12> <Delay = 5.07>
ST_13 : Operation 120 [56/68] (5.07ns)   --->   "%v_5 = urem i64 %p_9_read, i64 %zext_ln14_1" [dfg_199.c:14]   --->   Operation 120 'urem' 'v_5' <Predicate = true> <Delay = 5.07> <CoreInst = "DivnS_SEQ">   --->   Core 7 'DivnS_SEQ' <Latency = 11> <II = 10> <Delay = 3.68> <FuncUnit> <Opcode : 'sdiv' 'srem' 'udiv' 'urem'> <InPorts = 2> <OutPorts = 1>

State 14 <SV = 13> <Delay = 5.07>
ST_14 : Operation 121 [55/68] (5.07ns)   --->   "%v_5 = urem i64 %p_9_read, i64 %zext_ln14_1" [dfg_199.c:14]   --->   Operation 121 'urem' 'v_5' <Predicate = true> <Delay = 5.07> <CoreInst = "DivnS_SEQ">   --->   Core 7 'DivnS_SEQ' <Latency = 11> <II = 10> <Delay = 3.68> <FuncUnit> <Opcode : 'sdiv' 'srem' 'udiv' 'urem'> <InPorts = 2> <OutPorts = 1>

State 15 <SV = 14> <Delay = 5.07>
ST_15 : Operation 122 [54/68] (5.07ns)   --->   "%v_5 = urem i64 %p_9_read, i64 %zext_ln14_1" [dfg_199.c:14]   --->   Operation 122 'urem' 'v_5' <Predicate = true> <Delay = 5.07> <CoreInst = "DivnS_SEQ">   --->   Core 7 'DivnS_SEQ' <Latency = 11> <II = 10> <Delay = 3.68> <FuncUnit> <Opcode : 'sdiv' 'srem' 'udiv' 'urem'> <InPorts = 2> <OutPorts = 1>

State 16 <SV = 15> <Delay = 5.07>
ST_16 : Operation 123 [53/68] (5.07ns)   --->   "%v_5 = urem i64 %p_9_read, i64 %zext_ln14_1" [dfg_199.c:14]   --->   Operation 123 'urem' 'v_5' <Predicate = true> <Delay = 5.07> <CoreInst = "DivnS_SEQ">   --->   Core 7 'DivnS_SEQ' <Latency = 11> <II = 10> <Delay = 3.68> <FuncUnit> <Opcode : 'sdiv' 'srem' 'udiv' 'urem'> <InPorts = 2> <OutPorts = 1>

State 17 <SV = 16> <Delay = 5.07>
ST_17 : Operation 124 [52/68] (5.07ns)   --->   "%v_5 = urem i64 %p_9_read, i64 %zext_ln14_1" [dfg_199.c:14]   --->   Operation 124 'urem' 'v_5' <Predicate = true> <Delay = 5.07> <CoreInst = "DivnS_SEQ">   --->   Core 7 'DivnS_SEQ' <Latency = 11> <II = 10> <Delay = 3.68> <FuncUnit> <Opcode : 'sdiv' 'srem' 'udiv' 'urem'> <InPorts = 2> <OutPorts = 1>

State 18 <SV = 17> <Delay = 5.07>
ST_18 : Operation 125 [51/68] (5.07ns)   --->   "%v_5 = urem i64 %p_9_read, i64 %zext_ln14_1" [dfg_199.c:14]   --->   Operation 125 'urem' 'v_5' <Predicate = true> <Delay = 5.07> <CoreInst = "DivnS_SEQ">   --->   Core 7 'DivnS_SEQ' <Latency = 11> <II = 10> <Delay = 3.68> <FuncUnit> <Opcode : 'sdiv' 'srem' 'udiv' 'urem'> <InPorts = 2> <OutPorts = 1>

State 19 <SV = 18> <Delay = 5.07>
ST_19 : Operation 126 [50/68] (5.07ns)   --->   "%v_5 = urem i64 %p_9_read, i64 %zext_ln14_1" [dfg_199.c:14]   --->   Operation 126 'urem' 'v_5' <Predicate = true> <Delay = 5.07> <CoreInst = "DivnS_SEQ">   --->   Core 7 'DivnS_SEQ' <Latency = 11> <II = 10> <Delay = 3.68> <FuncUnit> <Opcode : 'sdiv' 'srem' 'udiv' 'urem'> <InPorts = 2> <OutPorts = 1>

State 20 <SV = 19> <Delay = 5.07>
ST_20 : Operation 127 [49/68] (5.07ns)   --->   "%v_5 = urem i64 %p_9_read, i64 %zext_ln14_1" [dfg_199.c:14]   --->   Operation 127 'urem' 'v_5' <Predicate = true> <Delay = 5.07> <CoreInst = "DivnS_SEQ">   --->   Core 7 'DivnS_SEQ' <Latency = 11> <II = 10> <Delay = 3.68> <FuncUnit> <Opcode : 'sdiv' 'srem' 'udiv' 'urem'> <InPorts = 2> <OutPorts = 1>

State 21 <SV = 20> <Delay = 5.07>
ST_21 : Operation 128 [48/68] (5.07ns)   --->   "%v_5 = urem i64 %p_9_read, i64 %zext_ln14_1" [dfg_199.c:14]   --->   Operation 128 'urem' 'v_5' <Predicate = true> <Delay = 5.07> <CoreInst = "DivnS_SEQ">   --->   Core 7 'DivnS_SEQ' <Latency = 11> <II = 10> <Delay = 3.68> <FuncUnit> <Opcode : 'sdiv' 'srem' 'udiv' 'urem'> <InPorts = 2> <OutPorts = 1>

State 22 <SV = 21> <Delay = 5.07>
ST_22 : Operation 129 [47/68] (5.07ns)   --->   "%v_5 = urem i64 %p_9_read, i64 %zext_ln14_1" [dfg_199.c:14]   --->   Operation 129 'urem' 'v_5' <Predicate = true> <Delay = 5.07> <CoreInst = "DivnS_SEQ">   --->   Core 7 'DivnS_SEQ' <Latency = 11> <II = 10> <Delay = 3.68> <FuncUnit> <Opcode : 'sdiv' 'srem' 'udiv' 'urem'> <InPorts = 2> <OutPorts = 1>

State 23 <SV = 22> <Delay = 5.07>
ST_23 : Operation 130 [46/68] (5.07ns)   --->   "%v_5 = urem i64 %p_9_read, i64 %zext_ln14_1" [dfg_199.c:14]   --->   Operation 130 'urem' 'v_5' <Predicate = true> <Delay = 5.07> <CoreInst = "DivnS_SEQ">   --->   Core 7 'DivnS_SEQ' <Latency = 11> <II = 10> <Delay = 3.68> <FuncUnit> <Opcode : 'sdiv' 'srem' 'udiv' 'urem'> <InPorts = 2> <OutPorts = 1>

State 24 <SV = 23> <Delay = 5.07>
ST_24 : Operation 131 [45/68] (5.07ns)   --->   "%v_5 = urem i64 %p_9_read, i64 %zext_ln14_1" [dfg_199.c:14]   --->   Operation 131 'urem' 'v_5' <Predicate = true> <Delay = 5.07> <CoreInst = "DivnS_SEQ">   --->   Core 7 'DivnS_SEQ' <Latency = 11> <II = 10> <Delay = 3.68> <FuncUnit> <Opcode : 'sdiv' 'srem' 'udiv' 'urem'> <InPorts = 2> <OutPorts = 1>

State 25 <SV = 24> <Delay = 5.07>
ST_25 : Operation 132 [44/68] (5.07ns)   --->   "%v_5 = urem i64 %p_9_read, i64 %zext_ln14_1" [dfg_199.c:14]   --->   Operation 132 'urem' 'v_5' <Predicate = true> <Delay = 5.07> <CoreInst = "DivnS_SEQ">   --->   Core 7 'DivnS_SEQ' <Latency = 11> <II = 10> <Delay = 3.68> <FuncUnit> <Opcode : 'sdiv' 'srem' 'udiv' 'urem'> <InPorts = 2> <OutPorts = 1>

State 26 <SV = 25> <Delay = 5.07>
ST_26 : Operation 133 [43/68] (5.07ns)   --->   "%v_5 = urem i64 %p_9_read, i64 %zext_ln14_1" [dfg_199.c:14]   --->   Operation 133 'urem' 'v_5' <Predicate = true> <Delay = 5.07> <CoreInst = "DivnS_SEQ">   --->   Core 7 'DivnS_SEQ' <Latency = 11> <II = 10> <Delay = 3.68> <FuncUnit> <Opcode : 'sdiv' 'srem' 'udiv' 'urem'> <InPorts = 2> <OutPorts = 1>

State 27 <SV = 26> <Delay = 5.07>
ST_27 : Operation 134 [42/68] (5.07ns)   --->   "%v_5 = urem i64 %p_9_read, i64 %zext_ln14_1" [dfg_199.c:14]   --->   Operation 134 'urem' 'v_5' <Predicate = true> <Delay = 5.07> <CoreInst = "DivnS_SEQ">   --->   Core 7 'DivnS_SEQ' <Latency = 11> <II = 10> <Delay = 3.68> <FuncUnit> <Opcode : 'sdiv' 'srem' 'udiv' 'urem'> <InPorts = 2> <OutPorts = 1>

State 28 <SV = 27> <Delay = 5.07>
ST_28 : Operation 135 [41/68] (5.07ns)   --->   "%v_5 = urem i64 %p_9_read, i64 %zext_ln14_1" [dfg_199.c:14]   --->   Operation 135 'urem' 'v_5' <Predicate = true> <Delay = 5.07> <CoreInst = "DivnS_SEQ">   --->   Core 7 'DivnS_SEQ' <Latency = 11> <II = 10> <Delay = 3.68> <FuncUnit> <Opcode : 'sdiv' 'srem' 'udiv' 'urem'> <InPorts = 2> <OutPorts = 1>

State 29 <SV = 28> <Delay = 5.07>
ST_29 : Operation 136 [40/68] (5.07ns)   --->   "%v_5 = urem i64 %p_9_read, i64 %zext_ln14_1" [dfg_199.c:14]   --->   Operation 136 'urem' 'v_5' <Predicate = true> <Delay = 5.07> <CoreInst = "DivnS_SEQ">   --->   Core 7 'DivnS_SEQ' <Latency = 11> <II = 10> <Delay = 3.68> <FuncUnit> <Opcode : 'sdiv' 'srem' 'udiv' 'urem'> <InPorts = 2> <OutPorts = 1>

State 30 <SV = 29> <Delay = 5.07>
ST_30 : Operation 137 [39/68] (5.07ns)   --->   "%v_5 = urem i64 %p_9_read, i64 %zext_ln14_1" [dfg_199.c:14]   --->   Operation 137 'urem' 'v_5' <Predicate = true> <Delay = 5.07> <CoreInst = "DivnS_SEQ">   --->   Core 7 'DivnS_SEQ' <Latency = 11> <II = 10> <Delay = 3.68> <FuncUnit> <Opcode : 'sdiv' 'srem' 'udiv' 'urem'> <InPorts = 2> <OutPorts = 1>

State 31 <SV = 30> <Delay = 5.07>
ST_31 : Operation 138 [38/68] (5.07ns)   --->   "%v_5 = urem i64 %p_9_read, i64 %zext_ln14_1" [dfg_199.c:14]   --->   Operation 138 'urem' 'v_5' <Predicate = true> <Delay = 5.07> <CoreInst = "DivnS_SEQ">   --->   Core 7 'DivnS_SEQ' <Latency = 11> <II = 10> <Delay = 3.68> <FuncUnit> <Opcode : 'sdiv' 'srem' 'udiv' 'urem'> <InPorts = 2> <OutPorts = 1>

State 32 <SV = 31> <Delay = 5.07>
ST_32 : Operation 139 [37/68] (5.07ns)   --->   "%v_5 = urem i64 %p_9_read, i64 %zext_ln14_1" [dfg_199.c:14]   --->   Operation 139 'urem' 'v_5' <Predicate = true> <Delay = 5.07> <CoreInst = "DivnS_SEQ">   --->   Core 7 'DivnS_SEQ' <Latency = 11> <II = 10> <Delay = 3.68> <FuncUnit> <Opcode : 'sdiv' 'srem' 'udiv' 'urem'> <InPorts = 2> <OutPorts = 1>

State 33 <SV = 32> <Delay = 5.07>
ST_33 : Operation 140 [36/68] (5.07ns)   --->   "%v_5 = urem i64 %p_9_read, i64 %zext_ln14_1" [dfg_199.c:14]   --->   Operation 140 'urem' 'v_5' <Predicate = true> <Delay = 5.07> <CoreInst = "DivnS_SEQ">   --->   Core 7 'DivnS_SEQ' <Latency = 11> <II = 10> <Delay = 3.68> <FuncUnit> <Opcode : 'sdiv' 'srem' 'udiv' 'urem'> <InPorts = 2> <OutPorts = 1>

State 34 <SV = 33> <Delay = 5.07>
ST_34 : Operation 141 [35/68] (5.07ns)   --->   "%v_5 = urem i64 %p_9_read, i64 %zext_ln14_1" [dfg_199.c:14]   --->   Operation 141 'urem' 'v_5' <Predicate = true> <Delay = 5.07> <CoreInst = "DivnS_SEQ">   --->   Core 7 'DivnS_SEQ' <Latency = 11> <II = 10> <Delay = 3.68> <FuncUnit> <Opcode : 'sdiv' 'srem' 'udiv' 'urem'> <InPorts = 2> <OutPorts = 1>

State 35 <SV = 34> <Delay = 5.07>
ST_35 : Operation 142 [34/68] (5.07ns)   --->   "%v_5 = urem i64 %p_9_read, i64 %zext_ln14_1" [dfg_199.c:14]   --->   Operation 142 'urem' 'v_5' <Predicate = true> <Delay = 5.07> <CoreInst = "DivnS_SEQ">   --->   Core 7 'DivnS_SEQ' <Latency = 11> <II = 10> <Delay = 3.68> <FuncUnit> <Opcode : 'sdiv' 'srem' 'udiv' 'urem'> <InPorts = 2> <OutPorts = 1>

State 36 <SV = 35> <Delay = 5.07>
ST_36 : Operation 143 [33/68] (5.07ns)   --->   "%v_5 = urem i64 %p_9_read, i64 %zext_ln14_1" [dfg_199.c:14]   --->   Operation 143 'urem' 'v_5' <Predicate = true> <Delay = 5.07> <CoreInst = "DivnS_SEQ">   --->   Core 7 'DivnS_SEQ' <Latency = 11> <II = 10> <Delay = 3.68> <FuncUnit> <Opcode : 'sdiv' 'srem' 'udiv' 'urem'> <InPorts = 2> <OutPorts = 1>

State 37 <SV = 36> <Delay = 5.07>
ST_37 : Operation 144 [32/68] (5.07ns)   --->   "%v_5 = urem i64 %p_9_read, i64 %zext_ln14_1" [dfg_199.c:14]   --->   Operation 144 'urem' 'v_5' <Predicate = true> <Delay = 5.07> <CoreInst = "DivnS_SEQ">   --->   Core 7 'DivnS_SEQ' <Latency = 11> <II = 10> <Delay = 3.68> <FuncUnit> <Opcode : 'sdiv' 'srem' 'udiv' 'urem'> <InPorts = 2> <OutPorts = 1>

State 38 <SV = 37> <Delay = 5.07>
ST_38 : Operation 145 [31/68] (5.07ns)   --->   "%v_5 = urem i64 %p_9_read, i64 %zext_ln14_1" [dfg_199.c:14]   --->   Operation 145 'urem' 'v_5' <Predicate = true> <Delay = 5.07> <CoreInst = "DivnS_SEQ">   --->   Core 7 'DivnS_SEQ' <Latency = 11> <II = 10> <Delay = 3.68> <FuncUnit> <Opcode : 'sdiv' 'srem' 'udiv' 'urem'> <InPorts = 2> <OutPorts = 1>

State 39 <SV = 38> <Delay = 5.07>
ST_39 : Operation 146 [30/68] (5.07ns)   --->   "%v_5 = urem i64 %p_9_read, i64 %zext_ln14_1" [dfg_199.c:14]   --->   Operation 146 'urem' 'v_5' <Predicate = true> <Delay = 5.07> <CoreInst = "DivnS_SEQ">   --->   Core 7 'DivnS_SEQ' <Latency = 11> <II = 10> <Delay = 3.68> <FuncUnit> <Opcode : 'sdiv' 'srem' 'udiv' 'urem'> <InPorts = 2> <OutPorts = 1>

State 40 <SV = 39> <Delay = 5.07>
ST_40 : Operation 147 [29/68] (5.07ns)   --->   "%v_5 = urem i64 %p_9_read, i64 %zext_ln14_1" [dfg_199.c:14]   --->   Operation 147 'urem' 'v_5' <Predicate = true> <Delay = 5.07> <CoreInst = "DivnS_SEQ">   --->   Core 7 'DivnS_SEQ' <Latency = 11> <II = 10> <Delay = 3.68> <FuncUnit> <Opcode : 'sdiv' 'srem' 'udiv' 'urem'> <InPorts = 2> <OutPorts = 1>

State 41 <SV = 40> <Delay = 5.07>
ST_41 : Operation 148 [28/68] (5.07ns)   --->   "%v_5 = urem i64 %p_9_read, i64 %zext_ln14_1" [dfg_199.c:14]   --->   Operation 148 'urem' 'v_5' <Predicate = true> <Delay = 5.07> <CoreInst = "DivnS_SEQ">   --->   Core 7 'DivnS_SEQ' <Latency = 11> <II = 10> <Delay = 3.68> <FuncUnit> <Opcode : 'sdiv' 'srem' 'udiv' 'urem'> <InPorts = 2> <OutPorts = 1>

State 42 <SV = 41> <Delay = 5.07>
ST_42 : Operation 149 [27/68] (5.07ns)   --->   "%v_5 = urem i64 %p_9_read, i64 %zext_ln14_1" [dfg_199.c:14]   --->   Operation 149 'urem' 'v_5' <Predicate = true> <Delay = 5.07> <CoreInst = "DivnS_SEQ">   --->   Core 7 'DivnS_SEQ' <Latency = 11> <II = 10> <Delay = 3.68> <FuncUnit> <Opcode : 'sdiv' 'srem' 'udiv' 'urem'> <InPorts = 2> <OutPorts = 1>

State 43 <SV = 42> <Delay = 5.07>
ST_43 : Operation 150 [26/68] (5.07ns)   --->   "%v_5 = urem i64 %p_9_read, i64 %zext_ln14_1" [dfg_199.c:14]   --->   Operation 150 'urem' 'v_5' <Predicate = true> <Delay = 5.07> <CoreInst = "DivnS_SEQ">   --->   Core 7 'DivnS_SEQ' <Latency = 11> <II = 10> <Delay = 3.68> <FuncUnit> <Opcode : 'sdiv' 'srem' 'udiv' 'urem'> <InPorts = 2> <OutPorts = 1>

State 44 <SV = 43> <Delay = 5.07>
ST_44 : Operation 151 [25/68] (5.07ns)   --->   "%v_5 = urem i64 %p_9_read, i64 %zext_ln14_1" [dfg_199.c:14]   --->   Operation 151 'urem' 'v_5' <Predicate = true> <Delay = 5.07> <CoreInst = "DivnS_SEQ">   --->   Core 7 'DivnS_SEQ' <Latency = 11> <II = 10> <Delay = 3.68> <FuncUnit> <Opcode : 'sdiv' 'srem' 'udiv' 'urem'> <InPorts = 2> <OutPorts = 1>

State 45 <SV = 44> <Delay = 5.07>
ST_45 : Operation 152 [24/68] (5.07ns)   --->   "%v_5 = urem i64 %p_9_read, i64 %zext_ln14_1" [dfg_199.c:14]   --->   Operation 152 'urem' 'v_5' <Predicate = true> <Delay = 5.07> <CoreInst = "DivnS_SEQ">   --->   Core 7 'DivnS_SEQ' <Latency = 11> <II = 10> <Delay = 3.68> <FuncUnit> <Opcode : 'sdiv' 'srem' 'udiv' 'urem'> <InPorts = 2> <OutPorts = 1>

State 46 <SV = 45> <Delay = 5.07>
ST_46 : Operation 153 [23/68] (5.07ns)   --->   "%v_5 = urem i64 %p_9_read, i64 %zext_ln14_1" [dfg_199.c:14]   --->   Operation 153 'urem' 'v_5' <Predicate = true> <Delay = 5.07> <CoreInst = "DivnS_SEQ">   --->   Core 7 'DivnS_SEQ' <Latency = 11> <II = 10> <Delay = 3.68> <FuncUnit> <Opcode : 'sdiv' 'srem' 'udiv' 'urem'> <InPorts = 2> <OutPorts = 1>

State 47 <SV = 46> <Delay = 5.07>
ST_47 : Operation 154 [22/68] (5.07ns)   --->   "%v_5 = urem i64 %p_9_read, i64 %zext_ln14_1" [dfg_199.c:14]   --->   Operation 154 'urem' 'v_5' <Predicate = true> <Delay = 5.07> <CoreInst = "DivnS_SEQ">   --->   Core 7 'DivnS_SEQ' <Latency = 11> <II = 10> <Delay = 3.68> <FuncUnit> <Opcode : 'sdiv' 'srem' 'udiv' 'urem'> <InPorts = 2> <OutPorts = 1>

State 48 <SV = 47> <Delay = 5.07>
ST_48 : Operation 155 [21/68] (5.07ns)   --->   "%v_5 = urem i64 %p_9_read, i64 %zext_ln14_1" [dfg_199.c:14]   --->   Operation 155 'urem' 'v_5' <Predicate = true> <Delay = 5.07> <CoreInst = "DivnS_SEQ">   --->   Core 7 'DivnS_SEQ' <Latency = 11> <II = 10> <Delay = 3.68> <FuncUnit> <Opcode : 'sdiv' 'srem' 'udiv' 'urem'> <InPorts = 2> <OutPorts = 1>

State 49 <SV = 48> <Delay = 5.07>
ST_49 : Operation 156 [20/68] (5.07ns)   --->   "%v_5 = urem i64 %p_9_read, i64 %zext_ln14_1" [dfg_199.c:14]   --->   Operation 156 'urem' 'v_5' <Predicate = true> <Delay = 5.07> <CoreInst = "DivnS_SEQ">   --->   Core 7 'DivnS_SEQ' <Latency = 11> <II = 10> <Delay = 3.68> <FuncUnit> <Opcode : 'sdiv' 'srem' 'udiv' 'urem'> <InPorts = 2> <OutPorts = 1>

State 50 <SV = 49> <Delay = 5.07>
ST_50 : Operation 157 [19/68] (5.07ns)   --->   "%v_5 = urem i64 %p_9_read, i64 %zext_ln14_1" [dfg_199.c:14]   --->   Operation 157 'urem' 'v_5' <Predicate = true> <Delay = 5.07> <CoreInst = "DivnS_SEQ">   --->   Core 7 'DivnS_SEQ' <Latency = 11> <II = 10> <Delay = 3.68> <FuncUnit> <Opcode : 'sdiv' 'srem' 'udiv' 'urem'> <InPorts = 2> <OutPorts = 1>

State 51 <SV = 50> <Delay = 5.07>
ST_51 : Operation 158 [18/68] (5.07ns)   --->   "%v_5 = urem i64 %p_9_read, i64 %zext_ln14_1" [dfg_199.c:14]   --->   Operation 158 'urem' 'v_5' <Predicate = true> <Delay = 5.07> <CoreInst = "DivnS_SEQ">   --->   Core 7 'DivnS_SEQ' <Latency = 11> <II = 10> <Delay = 3.68> <FuncUnit> <Opcode : 'sdiv' 'srem' 'udiv' 'urem'> <InPorts = 2> <OutPorts = 1>

State 52 <SV = 51> <Delay = 5.07>
ST_52 : Operation 159 [17/68] (5.07ns)   --->   "%v_5 = urem i64 %p_9_read, i64 %zext_ln14_1" [dfg_199.c:14]   --->   Operation 159 'urem' 'v_5' <Predicate = true> <Delay = 5.07> <CoreInst = "DivnS_SEQ">   --->   Core 7 'DivnS_SEQ' <Latency = 11> <II = 10> <Delay = 3.68> <FuncUnit> <Opcode : 'sdiv' 'srem' 'udiv' 'urem'> <InPorts = 2> <OutPorts = 1>

State 53 <SV = 52> <Delay = 5.07>
ST_53 : Operation 160 [16/68] (5.07ns)   --->   "%v_5 = urem i64 %p_9_read, i64 %zext_ln14_1" [dfg_199.c:14]   --->   Operation 160 'urem' 'v_5' <Predicate = true> <Delay = 5.07> <CoreInst = "DivnS_SEQ">   --->   Core 7 'DivnS_SEQ' <Latency = 11> <II = 10> <Delay = 3.68> <FuncUnit> <Opcode : 'sdiv' 'srem' 'udiv' 'urem'> <InPorts = 2> <OutPorts = 1>

State 54 <SV = 53> <Delay = 5.07>
ST_54 : Operation 161 [15/68] (5.07ns)   --->   "%v_5 = urem i64 %p_9_read, i64 %zext_ln14_1" [dfg_199.c:14]   --->   Operation 161 'urem' 'v_5' <Predicate = true> <Delay = 5.07> <CoreInst = "DivnS_SEQ">   --->   Core 7 'DivnS_SEQ' <Latency = 11> <II = 10> <Delay = 3.68> <FuncUnit> <Opcode : 'sdiv' 'srem' 'udiv' 'urem'> <InPorts = 2> <OutPorts = 1>

State 55 <SV = 54> <Delay = 5.07>
ST_55 : Operation 162 [14/68] (5.07ns)   --->   "%v_5 = urem i64 %p_9_read, i64 %zext_ln14_1" [dfg_199.c:14]   --->   Operation 162 'urem' 'v_5' <Predicate = true> <Delay = 5.07> <CoreInst = "DivnS_SEQ">   --->   Core 7 'DivnS_SEQ' <Latency = 11> <II = 10> <Delay = 3.68> <FuncUnit> <Opcode : 'sdiv' 'srem' 'udiv' 'urem'> <InPorts = 2> <OutPorts = 1>

State 56 <SV = 55> <Delay = 5.07>
ST_56 : Operation 163 [13/68] (5.07ns)   --->   "%v_5 = urem i64 %p_9_read, i64 %zext_ln14_1" [dfg_199.c:14]   --->   Operation 163 'urem' 'v_5' <Predicate = true> <Delay = 5.07> <CoreInst = "DivnS_SEQ">   --->   Core 7 'DivnS_SEQ' <Latency = 11> <II = 10> <Delay = 3.68> <FuncUnit> <Opcode : 'sdiv' 'srem' 'udiv' 'urem'> <InPorts = 2> <OutPorts = 1>

State 57 <SV = 56> <Delay = 5.07>
ST_57 : Operation 164 [12/68] (5.07ns)   --->   "%v_5 = urem i64 %p_9_read, i64 %zext_ln14_1" [dfg_199.c:14]   --->   Operation 164 'urem' 'v_5' <Predicate = true> <Delay = 5.07> <CoreInst = "DivnS_SEQ">   --->   Core 7 'DivnS_SEQ' <Latency = 11> <II = 10> <Delay = 3.68> <FuncUnit> <Opcode : 'sdiv' 'srem' 'udiv' 'urem'> <InPorts = 2> <OutPorts = 1>

State 58 <SV = 57> <Delay = 5.07>
ST_58 : Operation 165 [11/68] (5.07ns)   --->   "%v_5 = urem i64 %p_9_read, i64 %zext_ln14_1" [dfg_199.c:14]   --->   Operation 165 'urem' 'v_5' <Predicate = true> <Delay = 5.07> <CoreInst = "DivnS_SEQ">   --->   Core 7 'DivnS_SEQ' <Latency = 11> <II = 10> <Delay = 3.68> <FuncUnit> <Opcode : 'sdiv' 'srem' 'udiv' 'urem'> <InPorts = 2> <OutPorts = 1>

State 59 <SV = 58> <Delay = 5.07>
ST_59 : Operation 166 [10/68] (5.07ns)   --->   "%v_5 = urem i64 %p_9_read, i64 %zext_ln14_1" [dfg_199.c:14]   --->   Operation 166 'urem' 'v_5' <Predicate = true> <Delay = 5.07> <CoreInst = "DivnS_SEQ">   --->   Core 7 'DivnS_SEQ' <Latency = 11> <II = 10> <Delay = 3.68> <FuncUnit> <Opcode : 'sdiv' 'srem' 'udiv' 'urem'> <InPorts = 2> <OutPorts = 1>

State 60 <SV = 59> <Delay = 5.07>
ST_60 : Operation 167 [9/68] (5.07ns)   --->   "%v_5 = urem i64 %p_9_read, i64 %zext_ln14_1" [dfg_199.c:14]   --->   Operation 167 'urem' 'v_5' <Predicate = true> <Delay = 5.07> <CoreInst = "DivnS_SEQ">   --->   Core 7 'DivnS_SEQ' <Latency = 11> <II = 10> <Delay = 3.68> <FuncUnit> <Opcode : 'sdiv' 'srem' 'udiv' 'urem'> <InPorts = 2> <OutPorts = 1>

State 61 <SV = 60> <Delay = 5.07>
ST_61 : Operation 168 [8/68] (5.07ns)   --->   "%v_5 = urem i64 %p_9_read, i64 %zext_ln14_1" [dfg_199.c:14]   --->   Operation 168 'urem' 'v_5' <Predicate = true> <Delay = 5.07> <CoreInst = "DivnS_SEQ">   --->   Core 7 'DivnS_SEQ' <Latency = 11> <II = 10> <Delay = 3.68> <FuncUnit> <Opcode : 'sdiv' 'srem' 'udiv' 'urem'> <InPorts = 2> <OutPorts = 1>

State 62 <SV = 61> <Delay = 5.07>
ST_62 : Operation 169 [7/68] (5.07ns)   --->   "%v_5 = urem i64 %p_9_read, i64 %zext_ln14_1" [dfg_199.c:14]   --->   Operation 169 'urem' 'v_5' <Predicate = true> <Delay = 5.07> <CoreInst = "DivnS_SEQ">   --->   Core 7 'DivnS_SEQ' <Latency = 11> <II = 10> <Delay = 3.68> <FuncUnit> <Opcode : 'sdiv' 'srem' 'udiv' 'urem'> <InPorts = 2> <OutPorts = 1>

State 63 <SV = 62> <Delay = 5.07>
ST_63 : Operation 170 [6/68] (5.07ns)   --->   "%v_5 = urem i64 %p_9_read, i64 %zext_ln14_1" [dfg_199.c:14]   --->   Operation 170 'urem' 'v_5' <Predicate = true> <Delay = 5.07> <CoreInst = "DivnS_SEQ">   --->   Core 7 'DivnS_SEQ' <Latency = 11> <II = 10> <Delay = 3.68> <FuncUnit> <Opcode : 'sdiv' 'srem' 'udiv' 'urem'> <InPorts = 2> <OutPorts = 1>

State 64 <SV = 63> <Delay = 5.07>
ST_64 : Operation 171 [5/68] (5.07ns)   --->   "%v_5 = urem i64 %p_9_read, i64 %zext_ln14_1" [dfg_199.c:14]   --->   Operation 171 'urem' 'v_5' <Predicate = true> <Delay = 5.07> <CoreInst = "DivnS_SEQ">   --->   Core 7 'DivnS_SEQ' <Latency = 11> <II = 10> <Delay = 3.68> <FuncUnit> <Opcode : 'sdiv' 'srem' 'udiv' 'urem'> <InPorts = 2> <OutPorts = 1>

State 65 <SV = 64> <Delay = 5.07>
ST_65 : Operation 172 [4/68] (5.07ns)   --->   "%v_5 = urem i64 %p_9_read, i64 %zext_ln14_1" [dfg_199.c:14]   --->   Operation 172 'urem' 'v_5' <Predicate = true> <Delay = 5.07> <CoreInst = "DivnS_SEQ">   --->   Core 7 'DivnS_SEQ' <Latency = 11> <II = 10> <Delay = 3.68> <FuncUnit> <Opcode : 'sdiv' 'srem' 'udiv' 'urem'> <InPorts = 2> <OutPorts = 1>

State 66 <SV = 65> <Delay = 5.07>
ST_66 : Operation 173 [3/68] (5.07ns)   --->   "%v_5 = urem i64 %p_9_read, i64 %zext_ln14_1" [dfg_199.c:14]   --->   Operation 173 'urem' 'v_5' <Predicate = true> <Delay = 5.07> <CoreInst = "DivnS_SEQ">   --->   Core 7 'DivnS_SEQ' <Latency = 11> <II = 10> <Delay = 3.68> <FuncUnit> <Opcode : 'sdiv' 'srem' 'udiv' 'urem'> <InPorts = 2> <OutPorts = 1>

State 67 <SV = 66> <Delay = 5.07>
ST_67 : Operation 174 [2/68] (5.07ns)   --->   "%v_5 = urem i64 %p_9_read, i64 %zext_ln14_1" [dfg_199.c:14]   --->   Operation 174 'urem' 'v_5' <Predicate = true> <Delay = 5.07> <CoreInst = "DivnS_SEQ">   --->   Core 7 'DivnS_SEQ' <Latency = 11> <II = 10> <Delay = 3.68> <FuncUnit> <Opcode : 'sdiv' 'srem' 'udiv' 'urem'> <InPorts = 2> <OutPorts = 1>

State 68 <SV = 67> <Delay = 7.22>
ST_68 : Operation 175 [1/68] (5.07ns)   --->   "%v_5 = urem i64 %p_9_read, i64 %zext_ln14_1" [dfg_199.c:14]   --->   Operation 175 'urem' 'v_5' <Predicate = true> <Delay = 5.07> <CoreInst = "DivnS_SEQ">   --->   Core 7 'DivnS_SEQ' <Latency = 11> <II = 10> <Delay = 3.68> <FuncUnit> <Opcode : 'sdiv' 'srem' 'udiv' 'urem'> <InPorts = 2> <OutPorts = 1>
ST_68 : Operation 176 [1/1] (0.00ns)   --->   "%trunc_ln16 = trunc i10 %v_5" [dfg_199.c:16]   --->   Operation 176 'trunc' 'trunc_ln16' <Predicate = true> <Delay = 0.00>
ST_68 : Operation 177 [1/1] (0.00ns)   --->   "%zext_ln16 = zext i10 %trunc_ln16" [dfg_199.c:16]   --->   Operation 177 'zext' 'zext_ln16' <Predicate = true> <Delay = 0.00>
ST_68 : Operation 178 [1/1] (0.00ns)   --->   "%sext_ln16 = sext i8 %p_7_read" [dfg_199.c:16]   --->   Operation 178 'sext' 'sext_ln16' <Predicate = true> <Delay = 0.00>
ST_68 : Operation 179 [4/4] (2.15ns) (root node of the DSP)   --->   "%mul_ln16 = mul i18 %zext_ln16, i18 %sext_ln16" [dfg_199.c:16]   --->   Operation 179 'mul' 'mul_ln16' <Predicate = true> <Delay = 2.15> <CoreInst = "DSP48">   --->   Core 119 'DSP48' <Latency = 3> <II = 1> <Delay = 2.15> <IPBlock> <Opcode : 'mul' 'add' 'sub' 'select'> <InPorts = 0> <OutPorts = 1> <Sync> <CReg>

State 69 <SV = 68> <Delay = 2.15>
ST_69 : Operation 180 [3/4] (2.15ns) (root node of the DSP)   --->   "%mul_ln16 = mul i18 %zext_ln16, i18 %sext_ln16" [dfg_199.c:16]   --->   Operation 180 'mul' 'mul_ln16' <Predicate = true> <Delay = 2.15> <CoreInst = "DSP48">   --->   Core 119 'DSP48' <Latency = 3> <II = 1> <Delay = 2.15> <IPBlock> <Opcode : 'mul' 'add' 'sub' 'select'> <InPorts = 0> <OutPorts = 1> <Sync> <CReg>

State 70 <SV = 69> <Delay = 2.15>
ST_70 : Operation 181 [2/4] (2.15ns) (root node of the DSP)   --->   "%mul_ln16 = mul i18 %zext_ln16, i18 %sext_ln16" [dfg_199.c:16]   --->   Operation 181 'mul' 'mul_ln16' <Predicate = true> <Delay = 2.15> <CoreInst = "DSP48">   --->   Core 119 'DSP48' <Latency = 3> <II = 1> <Delay = 2.15> <IPBlock> <Opcode : 'mul' 'add' 'sub' 'select'> <InPorts = 0> <OutPorts = 1> <Sync> <CReg>

State 71 <SV = 70> <Delay = 0.00>
ST_71 : Operation 182 [1/4] (0.00ns) (root node of the DSP)   --->   "%mul_ln16 = mul i18 %zext_ln16, i18 %sext_ln16" [dfg_199.c:16]   --->   Operation 182 'mul' 'mul_ln16' <Predicate = true> <Delay = 0.00> <CoreInst = "DSP48">   --->   Core 119 'DSP48' <Latency = 3> <II = 1> <Delay = 2.15> <IPBlock> <Opcode : 'mul' 'add' 'sub' 'select'> <InPorts = 0> <OutPorts = 1> <Sync> <CReg>

State 72 <SV = 71> <Delay = 6.41>
ST_72 : Operation 183 [1/1] (0.00ns)   --->   "%sext_ln15_1 = sext i18 %mul_ln16" [dfg_199.c:15]   --->   Operation 183 'sext' 'sext_ln15_1' <Predicate = true> <Delay = 0.00>
ST_72 : Operation 184 [6/6] (6.41ns)   --->   "%conv9 = sitofp i32 %sext_ln15_1" [dfg_199.c:15]   --->   Operation 184 'sitofp' 'conv9' <Predicate = true> <Delay = 6.41> <CoreInst = "Int2Float">   --->   Core 62 'Int2Float' <Latency = 5> <II = 1> <Delay = 6.41> <FuncUnit> <Opcode : 'sitofp' 'uitofp'> <InPorts = 1> <OutPorts = 1>

State 73 <SV = 72> <Delay = 6.41>
ST_73 : Operation 185 [5/6] (6.41ns)   --->   "%conv9 = sitofp i32 %sext_ln15_1" [dfg_199.c:15]   --->   Operation 185 'sitofp' 'conv9' <Predicate = true> <Delay = 6.41> <CoreInst = "Int2Float">   --->   Core 62 'Int2Float' <Latency = 5> <II = 1> <Delay = 6.41> <FuncUnit> <Opcode : 'sitofp' 'uitofp'> <InPorts = 1> <OutPorts = 1>

State 74 <SV = 73> <Delay = 6.41>
ST_74 : Operation 186 [4/6] (6.41ns)   --->   "%conv9 = sitofp i32 %sext_ln15_1" [dfg_199.c:15]   --->   Operation 186 'sitofp' 'conv9' <Predicate = true> <Delay = 6.41> <CoreInst = "Int2Float">   --->   Core 62 'Int2Float' <Latency = 5> <II = 1> <Delay = 6.41> <FuncUnit> <Opcode : 'sitofp' 'uitofp'> <InPorts = 1> <OutPorts = 1>

State 75 <SV = 74> <Delay = 6.41>
ST_75 : Operation 187 [3/6] (6.41ns)   --->   "%conv9 = sitofp i32 %sext_ln15_1" [dfg_199.c:15]   --->   Operation 187 'sitofp' 'conv9' <Predicate = true> <Delay = 6.41> <CoreInst = "Int2Float">   --->   Core 62 'Int2Float' <Latency = 5> <II = 1> <Delay = 6.41> <FuncUnit> <Opcode : 'sitofp' 'uitofp'> <InPorts = 1> <OutPorts = 1>

State 76 <SV = 75> <Delay = 6.41>
ST_76 : Operation 188 [1/1] (0.00ns)   --->   "%p_read = read i16 @_ssdm_op_Read.ap_auto.i16, i16 %p" [dfg_199.c:7]   --->   Operation 188 'read' 'p_read' <Predicate = true> <Delay = 0.00>
ST_76 : Operation 189 [1/1] (0.00ns)   --->   "%sext_ln15 = sext i16 %p_read" [dfg_199.c:15]   --->   Operation 189 'sext' 'sext_ln15' <Predicate = true> <Delay = 0.00>
ST_76 : Operation 190 [1/1] (2.07ns)   --->   "%add_ln15 = add i17 %sext_ln15, i17 84" [dfg_199.c:15]   --->   Operation 190 'add' 'add_ln15' <Predicate = true> <Delay = 2.07> <CoreInst = "Adder">   --->   Core 1 'Adder' <Latency = 0> <II = 1> <Delay = 1.91> <FuncUnit> <Opcode : 'add' 'sub'> <InPorts = 2> <OutPorts = 1>
ST_76 : Operation 191 [12/12] (3.68ns)   --->   "%sdiv_ln15 = sdiv i17 39, i17 %add_ln15" [dfg_199.c:15]   --->   Operation 191 'sdiv' 'sdiv_ln15' <Predicate = true> <Delay = 3.68> <CoreInst = "DivnS_SEQ">   --->   Core 7 'DivnS_SEQ' <Latency = 11> <II = 7> <Delay = 3.68> <FuncUnit> <Opcode : 'sdiv' 'srem' 'udiv' 'urem'> <InPorts = 2> <OutPorts = 1>
ST_76 : Operation 192 [2/6] (6.41ns)   --->   "%conv9 = sitofp i32 %sext_ln15_1" [dfg_199.c:15]   --->   Operation 192 'sitofp' 'conv9' <Predicate = true> <Delay = 6.41> <CoreInst = "Int2Float">   --->   Core 62 'Int2Float' <Latency = 5> <II = 1> <Delay = 6.41> <FuncUnit> <Opcode : 'sitofp' 'uitofp'> <InPorts = 1> <OutPorts = 1>

State 77 <SV = 76> <Delay = 6.41>
ST_77 : Operation 193 [11/12] (3.68ns)   --->   "%sdiv_ln15 = sdiv i17 39, i17 %add_ln15" [dfg_199.c:15]   --->   Operation 193 'sdiv' 'sdiv_ln15' <Predicate = true> <Delay = 3.68> <CoreInst = "DivnS_SEQ">   --->   Core 7 'DivnS_SEQ' <Latency = 11> <II = 7> <Delay = 3.68> <FuncUnit> <Opcode : 'sdiv' 'srem' 'udiv' 'urem'> <InPorts = 2> <OutPorts = 1>
ST_77 : Operation 194 [1/6] (6.41ns)   --->   "%conv9 = sitofp i32 %sext_ln15_1" [dfg_199.c:15]   --->   Operation 194 'sitofp' 'conv9' <Predicate = true> <Delay = 6.41> <CoreInst = "Int2Float">   --->   Core 62 'Int2Float' <Latency = 5> <II = 1> <Delay = 6.41> <FuncUnit> <Opcode : 'sitofp' 'uitofp'> <InPorts = 1> <OutPorts = 1>

State 78 <SV = 77> <Delay = 6.07>
ST_78 : Operation 195 [10/12] (3.68ns)   --->   "%sdiv_ln15 = sdiv i17 39, i17 %add_ln15" [dfg_199.c:15]   --->   Operation 195 'sdiv' 'sdiv_ln15' <Predicate = true> <Delay = 3.68> <CoreInst = "DivnS_SEQ">   --->   Core 7 'DivnS_SEQ' <Latency = 11> <II = 7> <Delay = 3.68> <FuncUnit> <Opcode : 'sdiv' 'srem' 'udiv' 'urem'> <InPorts = 2> <OutPorts = 1>
ST_78 : Operation 196 [16/16] (6.07ns)   --->   "%div = fdiv i32 %conv9, i32 3.04509e+09" [dfg_199.c:16]   --->   Operation 196 'fdiv' 'div' <Predicate = true> <Delay = 6.07> <CoreInst = "FDiv">   --->   Core 20 'FDiv' <Latency = 15> <II = 1> <Delay = 6.07> <FuncUnit> <Opcode : 'fdiv' 'frem'> <InPorts = 2> <OutPorts = 1>

State 79 <SV = 78> <Delay = 6.07>
ST_79 : Operation 197 [9/12] (3.68ns)   --->   "%sdiv_ln15 = sdiv i17 39, i17 %add_ln15" [dfg_199.c:15]   --->   Operation 197 'sdiv' 'sdiv_ln15' <Predicate = true> <Delay = 3.68> <CoreInst = "DivnS_SEQ">   --->   Core 7 'DivnS_SEQ' <Latency = 11> <II = 7> <Delay = 3.68> <FuncUnit> <Opcode : 'sdiv' 'srem' 'udiv' 'urem'> <InPorts = 2> <OutPorts = 1>
ST_79 : Operation 198 [15/16] (6.07ns)   --->   "%div = fdiv i32 %conv9, i32 3.04509e+09" [dfg_199.c:16]   --->   Operation 198 'fdiv' 'div' <Predicate = true> <Delay = 6.07> <CoreInst = "FDiv">   --->   Core 20 'FDiv' <Latency = 15> <II = 1> <Delay = 6.07> <FuncUnit> <Opcode : 'fdiv' 'frem'> <InPorts = 2> <OutPorts = 1>

State 80 <SV = 79> <Delay = 6.07>
ST_80 : Operation 199 [8/12] (3.68ns)   --->   "%sdiv_ln15 = sdiv i17 39, i17 %add_ln15" [dfg_199.c:15]   --->   Operation 199 'sdiv' 'sdiv_ln15' <Predicate = true> <Delay = 3.68> <CoreInst = "DivnS_SEQ">   --->   Core 7 'DivnS_SEQ' <Latency = 11> <II = 7> <Delay = 3.68> <FuncUnit> <Opcode : 'sdiv' 'srem' 'udiv' 'urem'> <InPorts = 2> <OutPorts = 1>
ST_80 : Operation 200 [14/16] (6.07ns)   --->   "%div = fdiv i32 %conv9, i32 3.04509e+09" [dfg_199.c:16]   --->   Operation 200 'fdiv' 'div' <Predicate = true> <Delay = 6.07> <CoreInst = "FDiv">   --->   Core 20 'FDiv' <Latency = 15> <II = 1> <Delay = 6.07> <FuncUnit> <Opcode : 'fdiv' 'frem'> <InPorts = 2> <OutPorts = 1>

State 81 <SV = 80> <Delay = 6.07>
ST_81 : Operation 201 [7/12] (3.68ns)   --->   "%sdiv_ln15 = sdiv i17 39, i17 %add_ln15" [dfg_199.c:15]   --->   Operation 201 'sdiv' 'sdiv_ln15' <Predicate = true> <Delay = 3.68> <CoreInst = "DivnS_SEQ">   --->   Core 7 'DivnS_SEQ' <Latency = 11> <II = 7> <Delay = 3.68> <FuncUnit> <Opcode : 'sdiv' 'srem' 'udiv' 'urem'> <InPorts = 2> <OutPorts = 1>
ST_81 : Operation 202 [13/16] (6.07ns)   --->   "%div = fdiv i32 %conv9, i32 3.04509e+09" [dfg_199.c:16]   --->   Operation 202 'fdiv' 'div' <Predicate = true> <Delay = 6.07> <CoreInst = "FDiv">   --->   Core 20 'FDiv' <Latency = 15> <II = 1> <Delay = 6.07> <FuncUnit> <Opcode : 'fdiv' 'frem'> <InPorts = 2> <OutPorts = 1>

State 82 <SV = 81> <Delay = 6.07>
ST_82 : Operation 203 [6/12] (3.68ns)   --->   "%sdiv_ln15 = sdiv i17 39, i17 %add_ln15" [dfg_199.c:15]   --->   Operation 203 'sdiv' 'sdiv_ln15' <Predicate = true> <Delay = 3.68> <CoreInst = "DivnS_SEQ">   --->   Core 7 'DivnS_SEQ' <Latency = 11> <II = 7> <Delay = 3.68> <FuncUnit> <Opcode : 'sdiv' 'srem' 'udiv' 'urem'> <InPorts = 2> <OutPorts = 1>
ST_82 : Operation 204 [12/16] (6.07ns)   --->   "%div = fdiv i32 %conv9, i32 3.04509e+09" [dfg_199.c:16]   --->   Operation 204 'fdiv' 'div' <Predicate = true> <Delay = 6.07> <CoreInst = "FDiv">   --->   Core 20 'FDiv' <Latency = 15> <II = 1> <Delay = 6.07> <FuncUnit> <Opcode : 'fdiv' 'frem'> <InPorts = 2> <OutPorts = 1>

State 83 <SV = 82> <Delay = 6.07>
ST_83 : Operation 205 [5/12] (3.68ns)   --->   "%sdiv_ln15 = sdiv i17 39, i17 %add_ln15" [dfg_199.c:15]   --->   Operation 205 'sdiv' 'sdiv_ln15' <Predicate = true> <Delay = 3.68> <CoreInst = "DivnS_SEQ">   --->   Core 7 'DivnS_SEQ' <Latency = 11> <II = 7> <Delay = 3.68> <FuncUnit> <Opcode : 'sdiv' 'srem' 'udiv' 'urem'> <InPorts = 2> <OutPorts = 1>
ST_83 : Operation 206 [11/16] (6.07ns)   --->   "%div = fdiv i32 %conv9, i32 3.04509e+09" [dfg_199.c:16]   --->   Operation 206 'fdiv' 'div' <Predicate = true> <Delay = 6.07> <CoreInst = "FDiv">   --->   Core 20 'FDiv' <Latency = 15> <II = 1> <Delay = 6.07> <FuncUnit> <Opcode : 'fdiv' 'frem'> <InPorts = 2> <OutPorts = 1>

State 84 <SV = 83> <Delay = 6.07>
ST_84 : Operation 207 [4/12] (3.68ns)   --->   "%sdiv_ln15 = sdiv i17 39, i17 %add_ln15" [dfg_199.c:15]   --->   Operation 207 'sdiv' 'sdiv_ln15' <Predicate = true> <Delay = 3.68> <CoreInst = "DivnS_SEQ">   --->   Core 7 'DivnS_SEQ' <Latency = 11> <II = 7> <Delay = 3.68> <FuncUnit> <Opcode : 'sdiv' 'srem' 'udiv' 'urem'> <InPorts = 2> <OutPorts = 1>
ST_84 : Operation 208 [10/16] (6.07ns)   --->   "%div = fdiv i32 %conv9, i32 3.04509e+09" [dfg_199.c:16]   --->   Operation 208 'fdiv' 'div' <Predicate = true> <Delay = 6.07> <CoreInst = "FDiv">   --->   Core 20 'FDiv' <Latency = 15> <II = 1> <Delay = 6.07> <FuncUnit> <Opcode : 'fdiv' 'frem'> <InPorts = 2> <OutPorts = 1>

State 85 <SV = 84> <Delay = 6.07>
ST_85 : Operation 209 [3/12] (3.68ns)   --->   "%sdiv_ln15 = sdiv i17 39, i17 %add_ln15" [dfg_199.c:15]   --->   Operation 209 'sdiv' 'sdiv_ln15' <Predicate = true> <Delay = 3.68> <CoreInst = "DivnS_SEQ">   --->   Core 7 'DivnS_SEQ' <Latency = 11> <II = 7> <Delay = 3.68> <FuncUnit> <Opcode : 'sdiv' 'srem' 'udiv' 'urem'> <InPorts = 2> <OutPorts = 1>
ST_85 : Operation 210 [9/16] (6.07ns)   --->   "%div = fdiv i32 %conv9, i32 3.04509e+09" [dfg_199.c:16]   --->   Operation 210 'fdiv' 'div' <Predicate = true> <Delay = 6.07> <CoreInst = "FDiv">   --->   Core 20 'FDiv' <Latency = 15> <II = 1> <Delay = 6.07> <FuncUnit> <Opcode : 'fdiv' 'frem'> <InPorts = 2> <OutPorts = 1>

State 86 <SV = 85> <Delay = 6.07>
ST_86 : Operation 211 [2/12] (3.68ns)   --->   "%sdiv_ln15 = sdiv i17 39, i17 %add_ln15" [dfg_199.c:15]   --->   Operation 211 'sdiv' 'sdiv_ln15' <Predicate = true> <Delay = 3.68> <CoreInst = "DivnS_SEQ">   --->   Core 7 'DivnS_SEQ' <Latency = 11> <II = 7> <Delay = 3.68> <FuncUnit> <Opcode : 'sdiv' 'srem' 'udiv' 'urem'> <InPorts = 2> <OutPorts = 1>
ST_86 : Operation 212 [8/16] (6.07ns)   --->   "%div = fdiv i32 %conv9, i32 3.04509e+09" [dfg_199.c:16]   --->   Operation 212 'fdiv' 'div' <Predicate = true> <Delay = 6.07> <CoreInst = "FDiv">   --->   Core 20 'FDiv' <Latency = 15> <II = 1> <Delay = 6.07> <FuncUnit> <Opcode : 'fdiv' 'frem'> <InPorts = 2> <OutPorts = 1>

State 87 <SV = 86> <Delay = 6.07>
ST_87 : Operation 213 [1/12] (3.68ns)   --->   "%sdiv_ln15 = sdiv i17 39, i17 %add_ln15" [dfg_199.c:15]   --->   Operation 213 'sdiv' 'sdiv_ln15' <Predicate = true> <Delay = 3.68> <CoreInst = "DivnS_SEQ">   --->   Core 7 'DivnS_SEQ' <Latency = 11> <II = 7> <Delay = 3.68> <FuncUnit> <Opcode : 'sdiv' 'srem' 'udiv' 'urem'> <InPorts = 2> <OutPorts = 1>
ST_87 : Operation 214 [1/1] (0.00ns)   --->   "%trunc_ln15 = trunc i7 %sdiv_ln15" [dfg_199.c:15]   --->   Operation 214 'trunc' 'trunc_ln15' <Predicate = true> <Delay = 0.00>
ST_87 : Operation 215 [1/1] (1.48ns)   --->   "%icmp_ln15 = icmp_ne  i7 %trunc_ln15, i7 0" [dfg_199.c:15]   --->   Operation 215 'icmp' 'icmp_ln15' <Predicate = true> <Delay = 1.48> <CoreInst = "Cmp">   --->   Core 9 'Cmp' <Latency = 0> <II = 1> <Delay = 2.77> <FuncUnit> <Opcode : 'icmp'> <InPorts = 2> <OutPorts = 1>
ST_87 : Operation 216 [7/16] (6.07ns)   --->   "%div = fdiv i32 %conv9, i32 3.04509e+09" [dfg_199.c:16]   --->   Operation 216 'fdiv' 'div' <Predicate = true> <Delay = 6.07> <CoreInst = "FDiv">   --->   Core 20 'FDiv' <Latency = 15> <II = 1> <Delay = 6.07> <FuncUnit> <Opcode : 'fdiv' 'frem'> <InPorts = 2> <OutPorts = 1>

State 88 <SV = 87> <Delay = 6.41>
ST_88 : Operation 217 [1/1] (0.00ns)   --->   "%zext_ln15 = zext i1 %icmp_ln15" [dfg_199.c:15]   --->   Operation 217 'zext' 'zext_ln15' <Predicate = true> <Delay = 0.00>
ST_88 : Operation 218 [6/6] (6.41ns)   --->   "%conv6 = uitofp i32 %zext_ln15" [dfg_199.c:15]   --->   Operation 218 'uitofp' 'conv6' <Predicate = true> <Delay = 6.41> <CoreInst = "Int2Float">   --->   Core 62 'Int2Float' <Latency = 5> <II = 1> <Delay = 6.41> <FuncUnit> <Opcode : 'sitofp' 'uitofp'> <InPorts = 1> <OutPorts = 1>
ST_88 : Operation 219 [6/16] (6.07ns)   --->   "%div = fdiv i32 %conv9, i32 3.04509e+09" [dfg_199.c:16]   --->   Operation 219 'fdiv' 'div' <Predicate = true> <Delay = 6.07> <CoreInst = "FDiv">   --->   Core 20 'FDiv' <Latency = 15> <II = 1> <Delay = 6.07> <FuncUnit> <Opcode : 'fdiv' 'frem'> <InPorts = 2> <OutPorts = 1>

State 89 <SV = 88> <Delay = 6.41>
ST_89 : Operation 220 [5/6] (6.41ns)   --->   "%conv6 = uitofp i32 %zext_ln15" [dfg_199.c:15]   --->   Operation 220 'uitofp' 'conv6' <Predicate = true> <Delay = 6.41> <CoreInst = "Int2Float">   --->   Core 62 'Int2Float' <Latency = 5> <II = 1> <Delay = 6.41> <FuncUnit> <Opcode : 'sitofp' 'uitofp'> <InPorts = 1> <OutPorts = 1>
ST_89 : Operation 221 [5/16] (6.07ns)   --->   "%div = fdiv i32 %conv9, i32 3.04509e+09" [dfg_199.c:16]   --->   Operation 221 'fdiv' 'div' <Predicate = true> <Delay = 6.07> <CoreInst = "FDiv">   --->   Core 20 'FDiv' <Latency = 15> <II = 1> <Delay = 6.07> <FuncUnit> <Opcode : 'fdiv' 'frem'> <InPorts = 2> <OutPorts = 1>

State 90 <SV = 89> <Delay = 6.41>
ST_90 : Operation 222 [4/6] (6.41ns)   --->   "%conv6 = uitofp i32 %zext_ln15" [dfg_199.c:15]   --->   Operation 222 'uitofp' 'conv6' <Predicate = true> <Delay = 6.41> <CoreInst = "Int2Float">   --->   Core 62 'Int2Float' <Latency = 5> <II = 1> <Delay = 6.41> <FuncUnit> <Opcode : 'sitofp' 'uitofp'> <InPorts = 1> <OutPorts = 1>
ST_90 : Operation 223 [4/16] (6.07ns)   --->   "%div = fdiv i32 %conv9, i32 3.04509e+09" [dfg_199.c:16]   --->   Operation 223 'fdiv' 'div' <Predicate = true> <Delay = 6.07> <CoreInst = "FDiv">   --->   Core 20 'FDiv' <Latency = 15> <II = 1> <Delay = 6.07> <FuncUnit> <Opcode : 'fdiv' 'frem'> <InPorts = 2> <OutPorts = 1>

State 91 <SV = 90> <Delay = 6.41>
ST_91 : Operation 224 [3/6] (6.41ns)   --->   "%conv6 = uitofp i32 %zext_ln15" [dfg_199.c:15]   --->   Operation 224 'uitofp' 'conv6' <Predicate = true> <Delay = 6.41> <CoreInst = "Int2Float">   --->   Core 62 'Int2Float' <Latency = 5> <II = 1> <Delay = 6.41> <FuncUnit> <Opcode : 'sitofp' 'uitofp'> <InPorts = 1> <OutPorts = 1>
ST_91 : Operation 225 [3/16] (6.07ns)   --->   "%div = fdiv i32 %conv9, i32 3.04509e+09" [dfg_199.c:16]   --->   Operation 225 'fdiv' 'div' <Predicate = true> <Delay = 6.07> <CoreInst = "FDiv">   --->   Core 20 'FDiv' <Latency = 15> <II = 1> <Delay = 6.07> <FuncUnit> <Opcode : 'fdiv' 'frem'> <InPorts = 2> <OutPorts = 1>

State 92 <SV = 91> <Delay = 6.41>
ST_92 : Operation 226 [2/6] (6.41ns)   --->   "%conv6 = uitofp i32 %zext_ln15" [dfg_199.c:15]   --->   Operation 226 'uitofp' 'conv6' <Predicate = true> <Delay = 6.41> <CoreInst = "Int2Float">   --->   Core 62 'Int2Float' <Latency = 5> <II = 1> <Delay = 6.41> <FuncUnit> <Opcode : 'sitofp' 'uitofp'> <InPorts = 1> <OutPorts = 1>
ST_92 : Operation 227 [2/16] (6.07ns)   --->   "%div = fdiv i32 %conv9, i32 3.04509e+09" [dfg_199.c:16]   --->   Operation 227 'fdiv' 'div' <Predicate = true> <Delay = 6.07> <CoreInst = "FDiv">   --->   Core 20 'FDiv' <Latency = 15> <II = 1> <Delay = 6.07> <FuncUnit> <Opcode : 'fdiv' 'frem'> <InPorts = 2> <OutPorts = 1>

State 93 <SV = 92> <Delay = 6.41>
ST_93 : Operation 228 [1/6] (6.41ns)   --->   "%conv6 = uitofp i32 %zext_ln15" [dfg_199.c:15]   --->   Operation 228 'uitofp' 'conv6' <Predicate = true> <Delay = 6.41> <CoreInst = "Int2Float">   --->   Core 62 'Int2Float' <Latency = 5> <II = 1> <Delay = 6.41> <FuncUnit> <Opcode : 'sitofp' 'uitofp'> <InPorts = 1> <OutPorts = 1>
ST_93 : Operation 229 [1/16] (6.07ns)   --->   "%div = fdiv i32 %conv9, i32 3.04509e+09" [dfg_199.c:16]   --->   Operation 229 'fdiv' 'div' <Predicate = true> <Delay = 6.07> <CoreInst = "FDiv">   --->   Core 20 'FDiv' <Latency = 15> <II = 1> <Delay = 6.07> <FuncUnit> <Opcode : 'fdiv' 'frem'> <InPorts = 2> <OutPorts = 1>

State 94 <SV = 93> <Delay = 6.69>
ST_94 : Operation 230 [1/1] (0.00ns)   --->   "%bitcast_ln15 = bitcast i32 %div" [dfg_199.c:15]   --->   Operation 230 'bitcast' 'bitcast_ln15' <Predicate = true> <Delay = 0.00>
ST_94 : Operation 231 [1/1] (0.99ns)   --->   "%xor_ln15 = xor i32 %bitcast_ln15, i32 2147483648" [dfg_199.c:15]   --->   Operation 231 'xor' 'xor_ln15' <Predicate = true> <Delay = 0.99> <CoreInst = "LogicGate">   --->   Core 74 'LogicGate' <Latency = 0> <II = 1> <Delay = 0.99> <FuncUnit> <Opcode : 'and' 'or' 'xor'> <InPorts = 2> <OutPorts = 1>
ST_94 : Operation 232 [1/1] (0.00ns)   --->   "%bitcast_ln15_1 = bitcast i32 %xor_ln15" [dfg_199.c:15]   --->   Operation 232 'bitcast' 'bitcast_ln15_1' <Predicate = true> <Delay = 0.00>
ST_94 : Operation 233 [4/4] (5.70ns)   --->   "%dc = fmul i32 %conv6, i32 %bitcast_ln15_1" [dfg_199.c:15]   --->   Operation 233 'fmul' 'dc' <Predicate = true> <Delay = 5.70> <CoreInst = "FMul_maxdsp">   --->   Core 30 'FMul_maxdsp' <Latency = 3> <II = 1> <Delay = 5.70> <FuncUnit> <Opcode : 'fmul'> <InPorts = 2> <OutPorts = 1>

State 95 <SV = 94> <Delay = 5.70>
ST_95 : Operation 234 [3/4] (5.70ns)   --->   "%dc = fmul i32 %conv6, i32 %bitcast_ln15_1" [dfg_199.c:15]   --->   Operation 234 'fmul' 'dc' <Predicate = true> <Delay = 5.70> <CoreInst = "FMul_maxdsp">   --->   Core 30 'FMul_maxdsp' <Latency = 3> <II = 1> <Delay = 5.70> <FuncUnit> <Opcode : 'fmul'> <InPorts = 2> <OutPorts = 1>

State 96 <SV = 95> <Delay = 5.70>
ST_96 : Operation 235 [2/4] (5.70ns)   --->   "%dc = fmul i32 %conv6, i32 %bitcast_ln15_1" [dfg_199.c:15]   --->   Operation 235 'fmul' 'dc' <Predicate = true> <Delay = 5.70> <CoreInst = "FMul_maxdsp">   --->   Core 30 'FMul_maxdsp' <Latency = 3> <II = 1> <Delay = 5.70> <FuncUnit> <Opcode : 'fmul'> <InPorts = 2> <OutPorts = 1>

State 97 <SV = 96> <Delay = 5.70>
ST_97 : Operation 236 [1/4] (5.70ns)   --->   "%dc = fmul i32 %conv6, i32 %bitcast_ln15_1" [dfg_199.c:15]   --->   Operation 236 'fmul' 'dc' <Predicate = true> <Delay = 5.70> <CoreInst = "FMul_maxdsp">   --->   Core 30 'FMul_maxdsp' <Latency = 3> <II = 1> <Delay = 5.70> <FuncUnit> <Opcode : 'fmul'> <InPorts = 2> <OutPorts = 1>
ST_97 : Operation 237 [1/1] (0.00ns)   --->   "%data_V = bitcast i32 %dc" [/wrk/ci/prod/2020.2/rdi_builds/continuous/2020_11_18_3064766/src/shared/hls/clib/src/hls/utils/x_hls_utils.h:312]   --->   Operation 237 'bitcast' 'data_V' <Predicate = true> <Delay = 0.00>
ST_97 : Operation 238 [1/1] (0.00ns)   --->   "%tmp_2 = partselect i8 @_ssdm_op_PartSelect.i8.i32.i32.i32, i32 %data_V, i32 23, i32 30"   --->   Operation 238 'partselect' 'tmp_2' <Predicate = true> <Delay = 0.00>
ST_97 : Operation 239 [1/1] (0.00ns)   --->   "%tmp_3 = trunc i32 %data_V"   --->   Operation 239 'trunc' 'tmp_3' <Predicate = true> <Delay = 0.00>

State 98 <SV = 97> <Delay = 2.88>
ST_98 : Operation 240 [1/1] (0.00ns)   --->   "%zext_ln341 = zext i8 %tmp_2" [/wrk/ci/prod/2020.2/rdi_builds/continuous/2020_11_18_3064766/src/shared/hls/clib/src/hls/utils/x_hls_utils.h:341]   --->   Operation 240 'zext' 'zext_ln341' <Predicate = true> <Delay = 0.00>
ST_98 : Operation 241 [1/1] (1.91ns)   --->   "%add_ln341 = add i9 %zext_ln341, i9 385" [/wrk/ci/prod/2020.2/rdi_builds/continuous/2020_11_18_3064766/src/shared/hls/clib/src/hls/utils/x_hls_utils.h:341]   --->   Operation 241 'add' 'add_ln341' <Predicate = true> <Delay = 1.91> <CoreInst = "Adder">   --->   Core 1 'Adder' <Latency = 0> <II = 1> <Delay = 1.91> <FuncUnit> <Opcode : 'add' 'sub'> <InPorts = 2> <OutPorts = 1>
ST_98 : Operation 242 [1/1] (0.00ns)   --->   "%isNeg = bitselect i1 @_ssdm_op_BitSelect.i1.i9.i32, i9 %add_ln341, i32 8"   --->   Operation 242 'bitselect' 'isNeg' <Predicate = true> <Delay = 0.00>
ST_98 : Operation 243 [1/1] (1.91ns)   --->   "%sub_ln1311 = sub i8 127, i8 %tmp_2"   --->   Operation 243 'sub' 'sub_ln1311' <Predicate = true> <Delay = 1.91> <CoreInst = "Adder">   --->   Core 1 'Adder' <Latency = 0> <II = 1> <Delay = 1.91> <FuncUnit> <Opcode : 'add' 'sub'> <InPorts = 2> <OutPorts = 1>
ST_98 : Operation 244 [1/1] (0.00ns)   --->   "%sext_ln1311 = sext i8 %sub_ln1311"   --->   Operation 244 'sext' 'sext_ln1311' <Predicate = true> <Delay = 0.00>
ST_98 : Operation 245 [1/1] (0.96ns)   --->   "%ush = select i1 %isNeg, i9 %sext_ln1311, i9 %add_ln341"   --->   Operation 245 'select' 'ush' <Predicate = true> <Delay = 0.96> <CoreInst = "Sel">   --->   Core 73 'Sel' <Latency = 0> <II = 1> <Delay = 0.69> <FuncUnit> <Opcode : 'select'> <InPorts = 3> <OutPorts = 1>

State 99 <SV = 98> <Delay = 5.41>
ST_99 : Operation 246 [1/1] (0.00ns)   --->   "%mantissa = bitconcatenate i25 @_ssdm_op_BitConcatenate.i25.i1.i23.i1, i1 1, i23 %tmp_3, i1 0"   --->   Operation 246 'bitconcatenate' 'mantissa' <Predicate = true> <Delay = 0.00>
ST_99 : Operation 247 [1/1] (0.00ns)   --->   "%zext_ln68 = zext i25 %mantissa" [/wrk/ci/prod/2020.2/rdi_builds/continuous/2020_11_18_3064766/src/shared/hls/clib/hlsmath/include/FloatingPoint/hls_case_IEEE754.h:68]   --->   Operation 247 'zext' 'zext_ln68' <Predicate = true> <Delay = 0.00>
ST_99 : Operation 248 [1/1] (0.00ns)   --->   "%sh_prom_i_i_i_i_i_cast_cast_cast = sext i9 %ush"   --->   Operation 248 'sext' 'sh_prom_i_i_i_i_i_cast_cast_cast' <Predicate = true> <Delay = 0.00>
ST_99 : Operation 249 [1/1] (0.00ns)   --->   "%sh_prom_i_i_i_i_i_cast_cast_cast_cast = zext i32 %sh_prom_i_i_i_i_i_cast_cast_cast"   --->   Operation 249 'zext' 'sh_prom_i_i_i_i_i_cast_cast_cast_cast' <Predicate = true> <Delay = 0.00>
ST_99 : Operation 250 [1/1] (0.00ns) (grouped into LUT with out node val)   --->   "%r_V = lshr i79 %zext_ln68, i79 %sh_prom_i_i_i_i_i_cast_cast_cast_cast"   --->   Operation 250 'lshr' 'r_V' <Predicate = (isNeg)> <Delay = 0.00> <CoreInst = "Shifter">   --->   Core 75 'Shifter' <Latency = 0> <II = 1> <Delay = 4.42> <FuncUnit> <Opcode : 'shl' 'lshr' 'ashr'> <InPorts = 2> <OutPorts = 1>
ST_99 : Operation 251 [1/1] (0.00ns) (grouped into LUT with out node val)   --->   "%r_V_1 = shl i79 %zext_ln68, i79 %sh_prom_i_i_i_i_i_cast_cast_cast_cast"   --->   Operation 251 'shl' 'r_V_1' <Predicate = (!isNeg)> <Delay = 0.00> <CoreInst = "Shifter">   --->   Core 75 'Shifter' <Latency = 0> <II = 1> <Delay = 4.42> <FuncUnit> <Opcode : 'shl' 'lshr' 'ashr'> <InPorts = 2> <OutPorts = 1>
ST_99 : Operation 252 [1/1] (0.00ns) (grouped into LUT with out node val)   --->   "%tmp = bitselect i1 @_ssdm_op_BitSelect.i1.i79.i32, i79 %r_V, i32 24"   --->   Operation 252 'bitselect' 'tmp' <Predicate = (isNeg)> <Delay = 0.00>
ST_99 : Operation 253 [1/1] (0.00ns) (grouped into LUT with out node val)   --->   "%zext_ln662 = zext i1 %tmp"   --->   Operation 253 'zext' 'zext_ln662' <Predicate = (isNeg)> <Delay = 0.00>
ST_99 : Operation 254 [1/1] (0.00ns) (grouped into LUT with out node val)   --->   "%tmp_1 = partselect i32 @_ssdm_op_PartSelect.i32.i79.i32.i32, i79 %r_V_1, i32 24, i32 55"   --->   Operation 254 'partselect' 'tmp_1' <Predicate = (!isNeg)> <Delay = 0.00>
ST_99 : Operation 255 [1/1] (4.42ns) (out node of the LUT)   --->   "%val = select i1 %isNeg, i32 %zext_ln662, i32 %tmp_1"   --->   Operation 255 'select' 'val' <Predicate = true> <Delay = 4.42> <CoreInst = "Sel">   --->   Core 73 'Sel' <Latency = 0> <II = 1> <Delay = 0.69> <FuncUnit> <Opcode : 'select'> <InPorts = 3> <OutPorts = 1>
ST_99 : Operation 256 [1/1] (0.00ns)   --->   "%zext_ln12 = zext i32 %val" [dfg_199.c:12]   --->   Operation 256 'zext' 'zext_ln12' <Predicate = true> <Delay = 0.00>
ST_99 : Operation 257 [1/1] (0.99ns)   --->   "%xor_ln18 = xor i33 %zext_ln12, i33 8589934591" [dfg_199.c:18]   --->   Operation 257 'xor' 'xor_ln18' <Predicate = true> <Delay = 0.99> <CoreInst = "LogicGate">   --->   Core 74 'LogicGate' <Latency = 0> <II = 1> <Delay = 0.99> <FuncUnit> <Opcode : 'and' 'or' 'xor'> <InPorts = 2> <OutPorts = 1>

State 100 <SV = 99> <Delay = 6.91>
ST_100 : Operation 258 [1/1] (0.00ns)   --->   "%zext_ln17 = zext i32 %val" [dfg_199.c:17]   --->   Operation 258 'zext' 'zext_ln17' <Predicate = true> <Delay = 0.00>
ST_100 : Operation 259 [1/1] (0.00ns)   --->   "%sext_ln18 = sext i33 %xor_ln18" [dfg_199.c:18]   --->   Operation 259 'sext' 'sext_ln18' <Predicate = true> <Delay = 0.00>
ST_100 : Operation 260 [2/2] (6.91ns)   --->   "%mul_ln18 = mul i64 %zext_ln17, i64 %sext_ln18" [dfg_199.c:18]   --->   Operation 260 'mul' 'mul_ln18' <Predicate = true> <Delay = 6.91> <CoreInst = "Multiplier">   --->   Core 3 'Multiplier' <Latency = 1> <II = 1> <Delay = 6.91> <FuncUnit> <Opcode : 'mul'> <InPorts = 2> <OutPorts = 1>

State 101 <SV = 100> <Delay = 6.91>
ST_101 : Operation 261 [1/2] (6.91ns)   --->   "%mul_ln18 = mul i64 %zext_ln17, i64 %sext_ln18" [dfg_199.c:18]   --->   Operation 261 'mul' 'mul_ln18' <Predicate = true> <Delay = 6.91> <CoreInst = "Multiplier">   --->   Core 3 'Multiplier' <Latency = 1> <II = 1> <Delay = 6.91> <FuncUnit> <Opcode : 'mul'> <InPorts = 2> <OutPorts = 1>

State 102 <SV = 101> <Delay = 2.77>
ST_102 : Operation 262 [1/1] (0.00ns)   --->   "%specbitsmap_ln0 = specbitsmap void @_ssdm_op_SpecBitsMap, i64 0"   --->   Operation 262 'specbitsmap' 'specbitsmap_ln0' <Predicate = true> <Delay = 0.00>
ST_102 : Operation 263 [1/1] (0.00ns)   --->   "%spectopmodule_ln0 = spectopmodule void @_ssdm_op_SpecTopModule, void @empty_1"   --->   Operation 263 'spectopmodule' 'spectopmodule_ln0' <Predicate = true> <Delay = 0.00>
ST_102 : Operation 264 [1/1] (0.00ns)   --->   "%specbitsmap_ln0 = specbitsmap void @_ssdm_op_SpecBitsMap, i16 %p"   --->   Operation 264 'specbitsmap' 'specbitsmap_ln0' <Predicate = true> <Delay = 0.00>
ST_102 : Operation 265 [1/1] (0.00ns)   --->   "%specinterface_ln0 = specinterface void @_ssdm_op_SpecInterface, i16 %p, void @empty, i32 0, i32 0, void @empty_0, i32 0, i32 0, void @empty_0, void @empty_0, void @empty_0, i32 0, i32 0, i32 0, i32 0, void @empty_0, void @empty_0"   --->   Operation 265 'specinterface' 'specinterface_ln0' <Predicate = true> <Delay = 0.00>
ST_102 : Operation 266 [1/1] (0.00ns)   --->   "%specbitsmap_ln0 = specbitsmap void @_ssdm_op_SpecBitsMap, i8 %p_7"   --->   Operation 266 'specbitsmap' 'specbitsmap_ln0' <Predicate = true> <Delay = 0.00>
ST_102 : Operation 267 [1/1] (0.00ns)   --->   "%specinterface_ln0 = specinterface void @_ssdm_op_SpecInterface, i8 %p_7, void @empty, i32 0, i32 0, void @empty_0, i32 0, i32 0, void @empty_0, void @empty_0, void @empty_0, i32 0, i32 0, i32 0, i32 0, void @empty_0, void @empty_0"   --->   Operation 267 'specinterface' 'specinterface_ln0' <Predicate = true> <Delay = 0.00>
ST_102 : Operation 268 [1/1] (0.00ns)   --->   "%specbitsmap_ln0 = specbitsmap void @_ssdm_op_SpecBitsMap, i64 %p_9"   --->   Operation 268 'specbitsmap' 'specbitsmap_ln0' <Predicate = true> <Delay = 0.00>
ST_102 : Operation 269 [1/1] (0.00ns)   --->   "%specinterface_ln0 = specinterface void @_ssdm_op_SpecInterface, i64 %p_9, void @empty, i32 0, i32 0, void @empty_0, i32 0, i32 0, void @empty_0, void @empty_0, void @empty_0, i32 0, i32 0, i32 0, i32 0, void @empty_0, void @empty_0"   --->   Operation 269 'specinterface' 'specinterface_ln0' <Predicate = true> <Delay = 0.00>
ST_102 : Operation 270 [1/1] (2.77ns)   --->   "%result_1 = icmp_eq  i64 %mul_ln18, i64 0" [dfg_199.c:18]   --->   Operation 270 'icmp' 'result_1' <Predicate = true> <Delay = 2.77> <CoreInst = "Cmp">   --->   Core 9 'Cmp' <Latency = 0> <II = 1> <Delay = 2.77> <FuncUnit> <Opcode : 'icmp'> <InPorts = 2> <OutPorts = 1>
ST_102 : Operation 271 [1/1] (0.00ns)   --->   "%zext_ln18 = zext i1 %result_1" [dfg_199.c:18]   --->   Operation 271 'zext' 'zext_ln18' <Predicate = true> <Delay = 0.00>
ST_102 : Operation 272 [1/1] (0.00ns)   --->   "%ret_ln19 = ret i64 %zext_ln18" [dfg_199.c:19]   --->   Operation 272 'ret' 'ret_ln19' <Predicate = true> <Delay = 0.00>


============================================================
+ Verbose Summary: Timing violations
============================================================
Target clock period: 10ns, clock uncertainty: 2.7ns.

 <State 1>: 6.8ns
The critical path consists of the following:
	wire read on port 'p_7' (dfg_199.c:7) [13]  (0 ns)
	'add' operation ('add_ln14', dfg_199.c:14) [16]  (1.73 ns)
	'urem' operation ('v_5', dfg_199.c:14) [18]  (5.07 ns)

 <State 2>: 5.07ns
The critical path consists of the following:
	'urem' operation ('v_5', dfg_199.c:14) [18]  (5.07 ns)

 <State 3>: 5.07ns
The critical path consists of the following:
	'urem' operation ('v_5', dfg_199.c:14) [18]  (5.07 ns)

 <State 4>: 5.07ns
The critical path consists of the following:
	'urem' operation ('v_5', dfg_199.c:14) [18]  (5.07 ns)

 <State 5>: 5.07ns
The critical path consists of the following:
	'urem' operation ('v_5', dfg_199.c:14) [18]  (5.07 ns)

 <State 6>: 5.07ns
The critical path consists of the following:
	'urem' operation ('v_5', dfg_199.c:14) [18]  (5.07 ns)

 <State 7>: 5.07ns
The critical path consists of the following:
	'urem' operation ('v_5', dfg_199.c:14) [18]  (5.07 ns)

 <State 8>: 5.07ns
The critical path consists of the following:
	'urem' operation ('v_5', dfg_199.c:14) [18]  (5.07 ns)

 <State 9>: 5.07ns
The critical path consists of the following:
	'urem' operation ('v_5', dfg_199.c:14) [18]  (5.07 ns)

 <State 10>: 5.07ns
The critical path consists of the following:
	'urem' operation ('v_5', dfg_199.c:14) [18]  (5.07 ns)

 <State 11>: 5.07ns
The critical path consists of the following:
	'urem' operation ('v_5', dfg_199.c:14) [18]  (5.07 ns)

 <State 12>: 5.07ns
The critical path consists of the following:
	'urem' operation ('v_5', dfg_199.c:14) [18]  (5.07 ns)

 <State 13>: 5.07ns
The critical path consists of the following:
	'urem' operation ('v_5', dfg_199.c:14) [18]  (5.07 ns)

 <State 14>: 5.07ns
The critical path consists of the following:
	'urem' operation ('v_5', dfg_199.c:14) [18]  (5.07 ns)

 <State 15>: 5.07ns
The critical path consists of the following:
	'urem' operation ('v_5', dfg_199.c:14) [18]  (5.07 ns)

 <State 16>: 5.07ns
The critical path consists of the following:
	'urem' operation ('v_5', dfg_199.c:14) [18]  (5.07 ns)

 <State 17>: 5.07ns
The critical path consists of the following:
	'urem' operation ('v_5', dfg_199.c:14) [18]  (5.07 ns)

 <State 18>: 5.07ns
The critical path consists of the following:
	'urem' operation ('v_5', dfg_199.c:14) [18]  (5.07 ns)

 <State 19>: 5.07ns
The critical path consists of the following:
	'urem' operation ('v_5', dfg_199.c:14) [18]  (5.07 ns)

 <State 20>: 5.07ns
The critical path consists of the following:
	'urem' operation ('v_5', dfg_199.c:14) [18]  (5.07 ns)

 <State 21>: 5.07ns
The critical path consists of the following:
	'urem' operation ('v_5', dfg_199.c:14) [18]  (5.07 ns)

 <State 22>: 5.07ns
The critical path consists of the following:
	'urem' operation ('v_5', dfg_199.c:14) [18]  (5.07 ns)

 <State 23>: 5.07ns
The critical path consists of the following:
	'urem' operation ('v_5', dfg_199.c:14) [18]  (5.07 ns)

 <State 24>: 5.07ns
The critical path consists of the following:
	'urem' operation ('v_5', dfg_199.c:14) [18]  (5.07 ns)

 <State 25>: 5.07ns
The critical path consists of the following:
	'urem' operation ('v_5', dfg_199.c:14) [18]  (5.07 ns)

 <State 26>: 5.07ns
The critical path consists of the following:
	'urem' operation ('v_5', dfg_199.c:14) [18]  (5.07 ns)

 <State 27>: 5.07ns
The critical path consists of the following:
	'urem' operation ('v_5', dfg_199.c:14) [18]  (5.07 ns)

 <State 28>: 5.07ns
The critical path consists of the following:
	'urem' operation ('v_5', dfg_199.c:14) [18]  (5.07 ns)

 <State 29>: 5.07ns
The critical path consists of the following:
	'urem' operation ('v_5', dfg_199.c:14) [18]  (5.07 ns)

 <State 30>: 5.07ns
The critical path consists of the following:
	'urem' operation ('v_5', dfg_199.c:14) [18]  (5.07 ns)

 <State 31>: 5.07ns
The critical path consists of the following:
	'urem' operation ('v_5', dfg_199.c:14) [18]  (5.07 ns)

 <State 32>: 5.07ns
The critical path consists of the following:
	'urem' operation ('v_5', dfg_199.c:14) [18]  (5.07 ns)

 <State 33>: 5.07ns
The critical path consists of the following:
	'urem' operation ('v_5', dfg_199.c:14) [18]  (5.07 ns)

 <State 34>: 5.07ns
The critical path consists of the following:
	'urem' operation ('v_5', dfg_199.c:14) [18]  (5.07 ns)

 <State 35>: 5.07ns
The critical path consists of the following:
	'urem' operation ('v_5', dfg_199.c:14) [18]  (5.07 ns)

 <State 36>: 5.07ns
The critical path consists of the following:
	'urem' operation ('v_5', dfg_199.c:14) [18]  (5.07 ns)

 <State 37>: 5.07ns
The critical path consists of the following:
	'urem' operation ('v_5', dfg_199.c:14) [18]  (5.07 ns)

 <State 38>: 5.07ns
The critical path consists of the following:
	'urem' operation ('v_5', dfg_199.c:14) [18]  (5.07 ns)

 <State 39>: 5.07ns
The critical path consists of the following:
	'urem' operation ('v_5', dfg_199.c:14) [18]  (5.07 ns)

 <State 40>: 5.07ns
The critical path consists of the following:
	'urem' operation ('v_5', dfg_199.c:14) [18]  (5.07 ns)

 <State 41>: 5.07ns
The critical path consists of the following:
	'urem' operation ('v_5', dfg_199.c:14) [18]  (5.07 ns)

 <State 42>: 5.07ns
The critical path consists of the following:
	'urem' operation ('v_5', dfg_199.c:14) [18]  (5.07 ns)

 <State 43>: 5.07ns
The critical path consists of the following:
	'urem' operation ('v_5', dfg_199.c:14) [18]  (5.07 ns)

 <State 44>: 5.07ns
The critical path consists of the following:
	'urem' operation ('v_5', dfg_199.c:14) [18]  (5.07 ns)

 <State 45>: 5.07ns
The critical path consists of the following:
	'urem' operation ('v_5', dfg_199.c:14) [18]  (5.07 ns)

 <State 46>: 5.07ns
The critical path consists of the following:
	'urem' operation ('v_5', dfg_199.c:14) [18]  (5.07 ns)

 <State 47>: 5.07ns
The critical path consists of the following:
	'urem' operation ('v_5', dfg_199.c:14) [18]  (5.07 ns)

 <State 48>: 5.07ns
The critical path consists of the following:
	'urem' operation ('v_5', dfg_199.c:14) [18]  (5.07 ns)

 <State 49>: 5.07ns
The critical path consists of the following:
	'urem' operation ('v_5', dfg_199.c:14) [18]  (5.07 ns)

 <State 50>: 5.07ns
The critical path consists of the following:
	'urem' operation ('v_5', dfg_199.c:14) [18]  (5.07 ns)

 <State 51>: 5.07ns
The critical path consists of the following:
	'urem' operation ('v_5', dfg_199.c:14) [18]  (5.07 ns)

 <State 52>: 5.07ns
The critical path consists of the following:
	'urem' operation ('v_5', dfg_199.c:14) [18]  (5.07 ns)

 <State 53>: 5.07ns
The critical path consists of the following:
	'urem' operation ('v_5', dfg_199.c:14) [18]  (5.07 ns)

 <State 54>: 5.07ns
The critical path consists of the following:
	'urem' operation ('v_5', dfg_199.c:14) [18]  (5.07 ns)

 <State 55>: 5.07ns
The critical path consists of the following:
	'urem' operation ('v_5', dfg_199.c:14) [18]  (5.07 ns)

 <State 56>: 5.07ns
The critical path consists of the following:
	'urem' operation ('v_5', dfg_199.c:14) [18]  (5.07 ns)

 <State 57>: 5.07ns
The critical path consists of the following:
	'urem' operation ('v_5', dfg_199.c:14) [18]  (5.07 ns)

 <State 58>: 5.07ns
The critical path consists of the following:
	'urem' operation ('v_5', dfg_199.c:14) [18]  (5.07 ns)

 <State 59>: 5.07ns
The critical path consists of the following:
	'urem' operation ('v_5', dfg_199.c:14) [18]  (5.07 ns)

 <State 60>: 5.07ns
The critical path consists of the following:
	'urem' operation ('v_5', dfg_199.c:14) [18]  (5.07 ns)

 <State 61>: 5.07ns
The critical path consists of the following:
	'urem' operation ('v_5', dfg_199.c:14) [18]  (5.07 ns)

 <State 62>: 5.07ns
The critical path consists of the following:
	'urem' operation ('v_5', dfg_199.c:14) [18]  (5.07 ns)

 <State 63>: 5.07ns
The critical path consists of the following:
	'urem' operation ('v_5', dfg_199.c:14) [18]  (5.07 ns)

 <State 64>: 5.07ns
The critical path consists of the following:
	'urem' operation ('v_5', dfg_199.c:14) [18]  (5.07 ns)

 <State 65>: 5.07ns
The critical path consists of the following:
	'urem' operation ('v_5', dfg_199.c:14) [18]  (5.07 ns)

 <State 66>: 5.07ns
The critical path consists of the following:
	'urem' operation ('v_5', dfg_199.c:14) [18]  (5.07 ns)

 <State 67>: 5.07ns
The critical path consists of the following:
	'urem' operation ('v_5', dfg_199.c:14) [18]  (5.07 ns)

 <State 68>: 7.22ns
The critical path consists of the following:
	'urem' operation ('v_5', dfg_199.c:14) [18]  (5.07 ns)
	'mul' operation of DSP[29] ('mul_ln16', dfg_199.c:16) [29]  (2.15 ns)

 <State 69>: 2.15ns
The critical path consists of the following:
	'mul' operation of DSP[29] ('mul_ln16', dfg_199.c:16) [29]  (2.15 ns)

 <State 70>: 2.15ns
The critical path consists of the following:
	'mul' operation of DSP[29] ('mul_ln16', dfg_199.c:16) [29]  (2.15 ns)

 <State 71>: 0ns
The critical path consists of the following:

 <State 72>: 6.41ns
The critical path consists of the following:
	'sitofp' operation ('conv9', dfg_199.c:15) [31]  (6.41 ns)

 <State 73>: 6.41ns
The critical path consists of the following:
	'sitofp' operation ('conv9', dfg_199.c:15) [31]  (6.41 ns)

 <State 74>: 6.41ns
The critical path consists of the following:
	'sitofp' operation ('conv9', dfg_199.c:15) [31]  (6.41 ns)

 <State 75>: 6.41ns
The critical path consists of the following:
	'sitofp' operation ('conv9', dfg_199.c:15) [31]  (6.41 ns)

 <State 76>: 6.41ns
The critical path consists of the following:
	'sitofp' operation ('conv9', dfg_199.c:15) [31]  (6.41 ns)

 <State 77>: 6.41ns
The critical path consists of the following:
	'sitofp' operation ('conv9', dfg_199.c:15) [31]  (6.41 ns)

 <State 78>: 6.08ns
The critical path consists of the following:
	'fdiv' operation ('div', dfg_199.c:16) [32]  (6.08 ns)

 <State 79>: 6.08ns
The critical path consists of the following:
	'fdiv' operation ('div', dfg_199.c:16) [32]  (6.08 ns)

 <State 80>: 6.08ns
The critical path consists of the following:
	'fdiv' operation ('div', dfg_199.c:16) [32]  (6.08 ns)

 <State 81>: 6.08ns
The critical path consists of the following:
	'fdiv' operation ('div', dfg_199.c:16) [32]  (6.08 ns)

 <State 82>: 6.08ns
The critical path consists of the following:
	'fdiv' operation ('div', dfg_199.c:16) [32]  (6.08 ns)

 <State 83>: 6.08ns
The critical path consists of the following:
	'fdiv' operation ('div', dfg_199.c:16) [32]  (6.08 ns)

 <State 84>: 6.08ns
The critical path consists of the following:
	'fdiv' operation ('div', dfg_199.c:16) [32]  (6.08 ns)

 <State 85>: 6.08ns
The critical path consists of the following:
	'fdiv' operation ('div', dfg_199.c:16) [32]  (6.08 ns)

 <State 86>: 6.08ns
The critical path consists of the following:
	'fdiv' operation ('div', dfg_199.c:16) [32]  (6.08 ns)

 <State 87>: 6.08ns
The critical path consists of the following:
	'fdiv' operation ('div', dfg_199.c:16) [32]  (6.08 ns)

 <State 88>: 6.41ns
The critical path consists of the following:
	'uitofp' operation ('conv6', dfg_199.c:15) [25]  (6.41 ns)

 <State 89>: 6.41ns
The critical path consists of the following:
	'uitofp' operation ('conv6', dfg_199.c:15) [25]  (6.41 ns)

 <State 90>: 6.41ns
The critical path consists of the following:
	'uitofp' operation ('conv6', dfg_199.c:15) [25]  (6.41 ns)

 <State 91>: 6.41ns
The critical path consists of the following:
	'uitofp' operation ('conv6', dfg_199.c:15) [25]  (6.41 ns)

 <State 92>: 6.41ns
The critical path consists of the following:
	'uitofp' operation ('conv6', dfg_199.c:15) [25]  (6.41 ns)

 <State 93>: 6.41ns
The critical path consists of the following:
	'uitofp' operation ('conv6', dfg_199.c:15) [25]  (6.41 ns)

 <State 94>: 6.7ns
The critical path consists of the following:
	'xor' operation ('xor_ln15', dfg_199.c:15) [34]  (0.993 ns)
	'fmul' operation ('x', dfg_199.c:15) [36]  (5.7 ns)

 <State 95>: 5.7ns
The critical path consists of the following:
	'fmul' operation ('x', dfg_199.c:15) [36]  (5.7 ns)

 <State 96>: 5.7ns
The critical path consists of the following:
	'fmul' operation ('x', dfg_199.c:15) [36]  (5.7 ns)

 <State 97>: 5.7ns
The critical path consists of the following:
	'fmul' operation ('x', dfg_199.c:15) [36]  (5.7 ns)

 <State 98>: 2.88ns
The critical path consists of the following:
	'add' operation ('sh', /wrk/ci/prod/2020.2/rdi_builds/continuous/2020_11_18_3064766/src/shared/hls/clib/src/hls/utils/x_hls_utils.h:341) [43]  (1.92 ns)
	'select' operation ('ush') [47]  (0.968 ns)

 <State 99>: 5.41ns
The critical path consists of the following:
	'lshr' operation ('r.V') [50]  (0 ns)
	'select' operation ('val') [55]  (4.42 ns)
	'xor' operation ('xor_ln18', dfg_199.c:18) [58]  (0.993 ns)

 <State 100>: 6.91ns
The critical path consists of the following:
	'mul' operation ('mul_ln18', dfg_199.c:18) [60]  (6.91 ns)

 <State 101>: 6.91ns
The critical path consists of the following:
	'mul' operation ('mul_ln18', dfg_199.c:18) [60]  (6.91 ns)

 <State 102>: 2.78ns
The critical path consists of the following:
	'icmp' operation ('result', dfg_199.c:18) [61]  (2.78 ns)


============================================================
+ Verbose Summary: Binding
============================================================
N/A
* FSMD analyzer results:
  - Output states:
 - Input state : 
  - Chain level:
	State 1
	State 2
	State 3
	State 4
	State 5
	State 6
	State 7
	State 8
	State 9
	State 10
	State 11
	State 12
	State 13
	State 14
	State 15
	State 16
	State 17
	State 18
	State 19
	State 20
	State 21
	State 22
	State 23
	State 24
	State 25
	State 26
	State 27
	State 28
	State 29
	State 30
	State 31
	State 32
	State 33
	State 34
	State 35
	State 36
	State 37
	State 38
	State 39
	State 40
	State 41
	State 42
	State 43
	State 44
	State 45
	State 46
	State 47
	State 48
	State 49
	State 50
	State 51
	State 52
	State 53
	State 54
	State 55
	State 56
	State 57
	State 58
	State 59
	State 60
	State 61
	State 62
	State 63
	State 64
	State 65
	State 66
	State 67
	State 68
	State 69
	State 70
	State 71
	State 72
	State 73
	State 74
	State 75
	State 76
	State 77
	State 78
	State 79
	State 80
	State 81
	State 82
	State 83
	State 84
	State 85
	State 86
	State 87
	State 88
	State 89
	State 90
	State 91
	State 92
	State 93
	State 94
	State 95
	State 96
	State 97
	State 98
	State 99
	State 100
	State 101
	State 102


============================================================
+ Verbose Summary: Datapath Resource usage 
============================================================
N/A
