Copyright 1986-2020 Xilinx, Inc. All Rights Reserved.
------------------------------------------------------------------------------------
| Tool Version : Vivado v.2020.2 (lin64) Build 3064766 Wed Nov 18 09:12:47 MST 2020
| Date         : Sat May  1 02:14:03 2021
| Host         : seal-lambda running 64-bit Ubuntu 18.04.5 LTS
| Command      : report_timing_summary -file ./report/fn1_timing_routed.rpt
| Design       : bd_0_wrapper
| Device       : 7z020-clg484
| Speed File   : -1  PRODUCTION 1.12 2019-11-22
------------------------------------------------------------------------------------

Timing Summary Report

------------------------------------------------------------------------------------------------
| Timer Settings
| --------------
------------------------------------------------------------------------------------------------

  Enable Multi Corner Analysis               :  Yes
  Enable Pessimism Removal                   :  Yes
  Pessimism Removal Resolution               :  Nearest Common Node
  Enable Input Delay Default Clock           :  No
  Enable Preset / Clear Arcs                 :  No
  Disable Flight Delays                      :  No
  Ignore I/O Paths                           :  No
  Timing Early Launch at Borrowing Latches   :  No
  Borrow Time for Max Delay Exceptions       :  Yes
  Merge Timing Exceptions                    :  Yes

  Corner  Analyze    Analyze    
  Name    Max Paths  Min Paths  
  ------  ---------  ---------  
  Slow    Yes        Yes        
  Fast    Yes        Yes        



check_timing report

Table of Contents
-----------------
1. checking no_clock (0)
2. checking constant_clock (0)
3. checking pulse_width_clock (0)
4. checking unconstrained_internal_endpoints (0)
5. checking no_input_delay (18)
6. checking no_output_delay (11)
7. checking multiple_clock (0)
8. checking generated_clocks (0)
9. checking loops (0)
10. checking partial_input_delay (0)
11. checking partial_output_delay (0)
12. checking latch_loops (0)

1. checking no_clock (0)
------------------------
 There are 0 register/latch pins with no clock.


2. checking constant_clock (0)
------------------------------
 There are 0 register/latch pins with constant_clock.


3. checking pulse_width_clock (0)
---------------------------------
 There are 0 register/latch pins which need pulse_width check


4. checking unconstrained_internal_endpoints (0)
------------------------------------------------
 There are 0 pins that are not constrained for maximum delay.

 There are 0 pins that are not constrained for maximum delay due to constant clock.


5. checking no_input_delay (18)
-------------------------------
 There are 18 input ports with no input delay specified. (HIGH)

 There are 0 input ports with no input delay but user has a false path constraint.


6. checking no_output_delay (11)
--------------------------------
 There are 11 ports with no output delay specified. (HIGH)

 There are 0 ports with no output delay but user has a false path constraint

 There are 0 ports with no output delay but with a timing clock defined on it or propagating through it


7. checking multiple_clock (0)
------------------------------
 There are 0 register/latch pins with multiple clocks.


8. checking generated_clocks (0)
--------------------------------
 There are 0 generated clocks that are not connected to a clock source.


9. checking loops (0)
---------------------
 There are 0 combinational loops in the design.


10. checking partial_input_delay (0)
------------------------------------
 There are 0 input ports with partial input delay specified.


11. checking partial_output_delay (0)
-------------------------------------
 There are 0 ports with partial output delay specified.


12. checking latch_loops (0)
----------------------------
 There are 0 combinational latch loops in the design through latch input



------------------------------------------------------------------------------------------------
| Design Timing Summary
| ---------------------
------------------------------------------------------------------------------------------------

    WNS(ns)      TNS(ns)  TNS Failing Endpoints  TNS Total Endpoints      WHS(ns)      THS(ns)  THS Failing Endpoints  THS Total Endpoints     WPWS(ns)     TPWS(ns)  TPWS Failing Endpoints  TPWS Total Endpoints  
    -------      -------  ---------------------  -------------------      -------      -------  ---------------------  -------------------     --------     --------  ----------------------  --------------------  
      3.612        0.000                      0                  391        0.133        0.000                      0                  391        4.020        0.000                       0                   358  


All user specified timing constraints are met.


------------------------------------------------------------------------------------------------
| Clock Summary
| -------------
------------------------------------------------------------------------------------------------

Clock   Waveform(ns)       Period(ns)      Frequency(MHz)
-----   ------------       ----------      --------------
ap_clk  {0.000 5.000}      10.000          100.000         


------------------------------------------------------------------------------------------------
| Intra Clock Table
| -----------------
------------------------------------------------------------------------------------------------

Clock             WNS(ns)      TNS(ns)  TNS Failing Endpoints  TNS Total Endpoints      WHS(ns)      THS(ns)  THS Failing Endpoints  THS Total Endpoints     WPWS(ns)     TPWS(ns)  TPWS Failing Endpoints  TPWS Total Endpoints  
-----             -------      -------  ---------------------  -------------------      -------      -------  ---------------------  -------------------     --------     --------  ----------------------  --------------------  
ap_clk              3.612        0.000                      0                  391        0.133        0.000                      0                  391        4.020        0.000                       0                   358  


------------------------------------------------------------------------------------------------
| Inter Clock Table
| -----------------
------------------------------------------------------------------------------------------------

From Clock    To Clock          WNS(ns)      TNS(ns)  TNS Failing Endpoints  TNS Total Endpoints      WHS(ns)      THS(ns)  THS Failing Endpoints  THS Total Endpoints  
----------    --------          -------      -------  ---------------------  -------------------      -------      -------  ---------------------  -------------------  


------------------------------------------------------------------------------------------------
| Other Path Groups Table
| -----------------------
------------------------------------------------------------------------------------------------

Path Group    From Clock    To Clock          WNS(ns)      TNS(ns)  TNS Failing Endpoints  TNS Total Endpoints      WHS(ns)      THS(ns)  THS Failing Endpoints  THS Total Endpoints  
----------    ----------    --------          -------      -------  ---------------------  -------------------      -------      -------  ---------------------  -------------------  


------------------------------------------------------------------------------------------------
| Timing Details
| --------------
------------------------------------------------------------------------------------------------


---------------------------------------------------------------------------------------------------
From Clock:  ap_clk
  To Clock:  ap_clk

Setup :            0  Failing Endpoints,  Worst Slack        3.612ns,  Total Violation        0.000ns
Hold  :            0  Failing Endpoints,  Worst Slack        0.133ns,  Total Violation        0.000ns
PW    :            0  Failing Endpoints,  Worst Slack        4.020ns,  Total Violation        0.000ns
---------------------------------------------------------------------------------------------------


Max Delay Paths
--------------------------------------------------------------------------------------
Slack (MET) :             3.612ns  (required time - arrival time)
  Source:                 bd_0_i/hls_inst/inst/urem_64s_17ns_8_68_seq_1_U3/fn1_urem_64s_17ns_8_68_seq_1_div_U/fn1_urem_64s_17ns_8_68_seq_1_div_u_0/r_stage_reg[0]/C
                            (rising edge-triggered cell FDRE clocked by ap_clk  {rise@0.000ns fall@5.000ns period=10.000ns})
  Destination:            bd_0_i/hls_inst/inst/urem_64s_17ns_8_68_seq_1_U3/fn1_urem_64s_17ns_8_68_seq_1_div_U/fn1_urem_64s_17ns_8_68_seq_1_div_u_0/remd_tmp_reg[18]/D
                            (rising edge-triggered cell FDRE clocked by ap_clk  {rise@0.000ns fall@5.000ns period=10.000ns})
  Path Group:             ap_clk
  Path Type:              Setup (Max at Slow Process Corner)
  Requirement:            10.000ns  (ap_clk rise@10.000ns - ap_clk rise@0.000ns)
  Data Path Delay:        6.383ns  (logic 3.133ns (49.081%)  route 3.250ns (50.919%))
  Logic Levels:           17  (CARRY4=15 LUT2=1 LUT4=1)
  Clock Path Skew:        -0.049ns (DCD - SCD + CPR)
    Destination Clock Delay (DCD):    0.924ns = ( 10.924 - 10.000 ) 
    Source Clock Delay      (SCD):    0.973ns
    Clock Pessimism Removal (CPR):    0.000ns
  Clock Uncertainty:      0.035ns  ((TSJ^2 + TIJ^2)^1/2 + DJ) / 2 + PE
    Total System Jitter     (TSJ):    0.071ns
    Total Input Jitter      (TIJ):    0.000ns
    Discrete Jitter          (DJ):    0.000ns
    Phase Error              (PE):    0.000ns

    Location             Delay type                Incr(ns)  Path(ns)    Netlist Resource(s)
  -------------------------------------------------------------------    -------------------
                         (clock ap_clk rise edge)     0.000     0.000 r  
                                                      0.000     0.000 r  ap_clk (IN)
                         net (fo=357, unset)          0.973     0.973    bd_0_i/hls_inst/inst/urem_64s_17ns_8_68_seq_1_U3/fn1_urem_64s_17ns_8_68_seq_1_div_U/fn1_urem_64s_17ns_8_68_seq_1_div_u_0/ap_clk
    SLICE_X37Y63         FDRE                                         r  bd_0_i/hls_inst/inst/urem_64s_17ns_8_68_seq_1_U3/fn1_urem_64s_17ns_8_68_seq_1_div_U/fn1_urem_64s_17ns_8_68_seq_1_div_u_0/r_stage_reg[0]/C
  -------------------------------------------------------------------    -------------------
    SLICE_X37Y63         FDRE (Prop_fdre_C_Q)         0.456     1.429 f  bd_0_i/hls_inst/inst/urem_64s_17ns_8_68_seq_1_U3/fn1_urem_64s_17ns_8_68_seq_1_div_U/fn1_urem_64s_17ns_8_68_seq_1_div_u_0/r_stage_reg[0]/Q
                         net (fo=102, routed)         1.564     2.993    bd_0_i/hls_inst/inst/urem_64s_17ns_8_68_seq_1_U3/fn1_urem_64s_17ns_8_68_seq_1_div_U/fn1_urem_64s_17ns_8_68_seq_1_div_u_0/r_stage_reg_n_0_[0]
    SLICE_X33Y64         LUT2 (Prop_lut2_I1_O)        0.124     3.117 r  bd_0_i/hls_inst/inst/urem_64s_17ns_8_68_seq_1_U3/fn1_urem_64s_17ns_8_68_seq_1_div_U/fn1_urem_64s_17ns_8_68_seq_1_div_u_0/cal_tmp_carry__1_i_7/O
                         net (fo=1, routed)           0.000     3.117    bd_0_i/hls_inst/inst/urem_64s_17ns_8_68_seq_1_U3/fn1_urem_64s_17ns_8_68_seq_1_div_U/fn1_urem_64s_17ns_8_68_seq_1_div_u_0/cal_tmp_carry__1_i_7_n_0
    SLICE_X33Y64         CARRY4 (Prop_carry4_S[1]_CO[3])
                                                      0.550     3.667 r  bd_0_i/hls_inst/inst/urem_64s_17ns_8_68_seq_1_U3/fn1_urem_64s_17ns_8_68_seq_1_div_U/fn1_urem_64s_17ns_8_68_seq_1_div_u_0/cal_tmp_carry__1/CO[3]
                         net (fo=1, routed)           0.000     3.667    bd_0_i/hls_inst/inst/urem_64s_17ns_8_68_seq_1_U3/fn1_urem_64s_17ns_8_68_seq_1_div_U/fn1_urem_64s_17ns_8_68_seq_1_div_u_0/cal_tmp_carry__1_n_0
    SLICE_X33Y65         CARRY4 (Prop_carry4_CI_CO[3])
                                                      0.114     3.781 r  bd_0_i/hls_inst/inst/urem_64s_17ns_8_68_seq_1_U3/fn1_urem_64s_17ns_8_68_seq_1_div_U/fn1_urem_64s_17ns_8_68_seq_1_div_u_0/cal_tmp_carry__2/CO[3]
                         net (fo=1, routed)           0.000     3.781    bd_0_i/hls_inst/inst/urem_64s_17ns_8_68_seq_1_U3/fn1_urem_64s_17ns_8_68_seq_1_div_U/fn1_urem_64s_17ns_8_68_seq_1_div_u_0/cal_tmp_carry__2_n_0
    SLICE_X33Y66         CARRY4 (Prop_carry4_CI_CO[3])
                                                      0.114     3.895 r  bd_0_i/hls_inst/inst/urem_64s_17ns_8_68_seq_1_U3/fn1_urem_64s_17ns_8_68_seq_1_div_U/fn1_urem_64s_17ns_8_68_seq_1_div_u_0/cal_tmp_carry__3/CO[3]
                         net (fo=1, routed)           0.000     3.895    bd_0_i/hls_inst/inst/urem_64s_17ns_8_68_seq_1_U3/fn1_urem_64s_17ns_8_68_seq_1_div_U/fn1_urem_64s_17ns_8_68_seq_1_div_u_0/cal_tmp_carry__3_n_0
    SLICE_X33Y67         CARRY4 (Prop_carry4_CI_CO[3])
                                                      0.114     4.009 r  bd_0_i/hls_inst/inst/urem_64s_17ns_8_68_seq_1_U3/fn1_urem_64s_17ns_8_68_seq_1_div_U/fn1_urem_64s_17ns_8_68_seq_1_div_u_0/cal_tmp_carry__4/CO[3]
                         net (fo=1, routed)           0.000     4.009    bd_0_i/hls_inst/inst/urem_64s_17ns_8_68_seq_1_U3/fn1_urem_64s_17ns_8_68_seq_1_div_U/fn1_urem_64s_17ns_8_68_seq_1_div_u_0/cal_tmp_carry__4_n_0
    SLICE_X33Y68         CARRY4 (Prop_carry4_CI_CO[3])
                                                      0.114     4.123 r  bd_0_i/hls_inst/inst/urem_64s_17ns_8_68_seq_1_U3/fn1_urem_64s_17ns_8_68_seq_1_div_U/fn1_urem_64s_17ns_8_68_seq_1_div_u_0/cal_tmp_carry__5/CO[3]
                         net (fo=1, routed)           0.000     4.123    bd_0_i/hls_inst/inst/urem_64s_17ns_8_68_seq_1_U3/fn1_urem_64s_17ns_8_68_seq_1_div_U/fn1_urem_64s_17ns_8_68_seq_1_div_u_0/cal_tmp_carry__5_n_0
    SLICE_X33Y69         CARRY4 (Prop_carry4_CI_CO[3])
                                                      0.114     4.237 r  bd_0_i/hls_inst/inst/urem_64s_17ns_8_68_seq_1_U3/fn1_urem_64s_17ns_8_68_seq_1_div_U/fn1_urem_64s_17ns_8_68_seq_1_div_u_0/cal_tmp_carry__6/CO[3]
                         net (fo=1, routed)           0.000     4.237    bd_0_i/hls_inst/inst/urem_64s_17ns_8_68_seq_1_U3/fn1_urem_64s_17ns_8_68_seq_1_div_U/fn1_urem_64s_17ns_8_68_seq_1_div_u_0/cal_tmp_carry__6_n_0
    SLICE_X33Y70         CARRY4 (Prop_carry4_CI_CO[3])
                                                      0.114     4.351 r  bd_0_i/hls_inst/inst/urem_64s_17ns_8_68_seq_1_U3/fn1_urem_64s_17ns_8_68_seq_1_div_U/fn1_urem_64s_17ns_8_68_seq_1_div_u_0/cal_tmp_carry__7/CO[3]
                         net (fo=1, routed)           0.000     4.351    bd_0_i/hls_inst/inst/urem_64s_17ns_8_68_seq_1_U3/fn1_urem_64s_17ns_8_68_seq_1_div_U/fn1_urem_64s_17ns_8_68_seq_1_div_u_0/cal_tmp_carry__7_n_0
    SLICE_X33Y71         CARRY4 (Prop_carry4_CI_CO[3])
                                                      0.114     4.465 r  bd_0_i/hls_inst/inst/urem_64s_17ns_8_68_seq_1_U3/fn1_urem_64s_17ns_8_68_seq_1_div_U/fn1_urem_64s_17ns_8_68_seq_1_div_u_0/cal_tmp_carry__8/CO[3]
                         net (fo=1, routed)           0.000     4.465    bd_0_i/hls_inst/inst/urem_64s_17ns_8_68_seq_1_U3/fn1_urem_64s_17ns_8_68_seq_1_div_U/fn1_urem_64s_17ns_8_68_seq_1_div_u_0/cal_tmp_carry__8_n_0
    SLICE_X33Y72         CARRY4 (Prop_carry4_CI_CO[3])
                                                      0.114     4.579 r  bd_0_i/hls_inst/inst/urem_64s_17ns_8_68_seq_1_U3/fn1_urem_64s_17ns_8_68_seq_1_div_U/fn1_urem_64s_17ns_8_68_seq_1_div_u_0/cal_tmp_carry__9/CO[3]
                         net (fo=1, routed)           0.000     4.579    bd_0_i/hls_inst/inst/urem_64s_17ns_8_68_seq_1_U3/fn1_urem_64s_17ns_8_68_seq_1_div_U/fn1_urem_64s_17ns_8_68_seq_1_div_u_0/cal_tmp_carry__9_n_0
    SLICE_X33Y73         CARRY4 (Prop_carry4_CI_CO[3])
                                                      0.114     4.693 r  bd_0_i/hls_inst/inst/urem_64s_17ns_8_68_seq_1_U3/fn1_urem_64s_17ns_8_68_seq_1_div_U/fn1_urem_64s_17ns_8_68_seq_1_div_u_0/cal_tmp_carry__10/CO[3]
                         net (fo=1, routed)           0.000     4.693    bd_0_i/hls_inst/inst/urem_64s_17ns_8_68_seq_1_U3/fn1_urem_64s_17ns_8_68_seq_1_div_U/fn1_urem_64s_17ns_8_68_seq_1_div_u_0/cal_tmp_carry__10_n_0
    SLICE_X33Y74         CARRY4 (Prop_carry4_CI_CO[3])
                                                      0.114     4.807 r  bd_0_i/hls_inst/inst/urem_64s_17ns_8_68_seq_1_U3/fn1_urem_64s_17ns_8_68_seq_1_div_U/fn1_urem_64s_17ns_8_68_seq_1_div_u_0/cal_tmp_carry__11/CO[3]
                         net (fo=1, routed)           0.009     4.816    bd_0_i/hls_inst/inst/urem_64s_17ns_8_68_seq_1_U3/fn1_urem_64s_17ns_8_68_seq_1_div_U/fn1_urem_64s_17ns_8_68_seq_1_div_u_0/cal_tmp_carry__11_n_0
    SLICE_X33Y75         CARRY4 (Prop_carry4_CI_CO[3])
                                                      0.114     4.930 r  bd_0_i/hls_inst/inst/urem_64s_17ns_8_68_seq_1_U3/fn1_urem_64s_17ns_8_68_seq_1_div_U/fn1_urem_64s_17ns_8_68_seq_1_div_u_0/cal_tmp_carry__12/CO[3]
                         net (fo=1, routed)           0.000     4.930    bd_0_i/hls_inst/inst/urem_64s_17ns_8_68_seq_1_U3/fn1_urem_64s_17ns_8_68_seq_1_div_U/fn1_urem_64s_17ns_8_68_seq_1_div_u_0/cal_tmp_carry__12_n_0
    SLICE_X33Y76         CARRY4 (Prop_carry4_CI_CO[3])
                                                      0.114     5.044 r  bd_0_i/hls_inst/inst/urem_64s_17ns_8_68_seq_1_U3/fn1_urem_64s_17ns_8_68_seq_1_div_U/fn1_urem_64s_17ns_8_68_seq_1_div_u_0/cal_tmp_carry__13/CO[3]
                         net (fo=1, routed)           0.000     5.044    bd_0_i/hls_inst/inst/urem_64s_17ns_8_68_seq_1_U3/fn1_urem_64s_17ns_8_68_seq_1_div_U/fn1_urem_64s_17ns_8_68_seq_1_div_u_0/cal_tmp_carry__13_n_0
    SLICE_X33Y77         CARRY4 (Prop_carry4_CI_CO[3])
                                                      0.114     5.158 r  bd_0_i/hls_inst/inst/urem_64s_17ns_8_68_seq_1_U3/fn1_urem_64s_17ns_8_68_seq_1_div_U/fn1_urem_64s_17ns_8_68_seq_1_div_u_0/cal_tmp_carry__14/CO[3]
                         net (fo=2, routed)           0.000     5.158    bd_0_i/hls_inst/inst/urem_64s_17ns_8_68_seq_1_U3/fn1_urem_64s_17ns_8_68_seq_1_div_U/fn1_urem_64s_17ns_8_68_seq_1_div_u_0/p_2_out[0]
    SLICE_X33Y78         CARRY4 (Prop_carry4_CI_O[0])
                                                      0.222     5.380 r  bd_0_i/hls_inst/inst/urem_64s_17ns_8_68_seq_1_U3/fn1_urem_64s_17ns_8_68_seq_1_div_U/fn1_urem_64s_17ns_8_68_seq_1_div_u_0/cal_tmp_carry__15/O[0]
                         net (fo=63, routed)          1.677     7.057    bd_0_i/hls_inst/inst/urem_64s_17ns_8_68_seq_1_U3/fn1_urem_64s_17ns_8_68_seq_1_div_U/fn1_urem_64s_17ns_8_68_seq_1_div_u_0/p_0_in
    SLICE_X32Y66         LUT4 (Prop_lut4_I2_O)        0.299     7.356 r  bd_0_i/hls_inst/inst/urem_64s_17ns_8_68_seq_1_U3/fn1_urem_64s_17ns_8_68_seq_1_div_U/fn1_urem_64s_17ns_8_68_seq_1_div_u_0/remd_tmp[18]_i_1/O
                         net (fo=1, routed)           0.000     7.356    bd_0_i/hls_inst/inst/urem_64s_17ns_8_68_seq_1_U3/fn1_urem_64s_17ns_8_68_seq_1_div_U/fn1_urem_64s_17ns_8_68_seq_1_div_u_0/remd_tmp[18]_i_1_n_0
    SLICE_X32Y66         FDRE                                         r  bd_0_i/hls_inst/inst/urem_64s_17ns_8_68_seq_1_U3/fn1_urem_64s_17ns_8_68_seq_1_div_U/fn1_urem_64s_17ns_8_68_seq_1_div_u_0/remd_tmp_reg[18]/D
  -------------------------------------------------------------------    -------------------

                         (clock ap_clk rise edge)    10.000    10.000 r  
                                                      0.000    10.000 r  ap_clk (IN)
                         net (fo=357, unset)          0.924    10.924    bd_0_i/hls_inst/inst/urem_64s_17ns_8_68_seq_1_U3/fn1_urem_64s_17ns_8_68_seq_1_div_U/fn1_urem_64s_17ns_8_68_seq_1_div_u_0/ap_clk
    SLICE_X32Y66         FDRE                                         r  bd_0_i/hls_inst/inst/urem_64s_17ns_8_68_seq_1_U3/fn1_urem_64s_17ns_8_68_seq_1_div_U/fn1_urem_64s_17ns_8_68_seq_1_div_u_0/remd_tmp_reg[18]/C
                         clock pessimism              0.000    10.924    
                         clock uncertainty           -0.035    10.889    
    SLICE_X32Y66         FDRE (Setup_fdre_C_D)        0.079    10.968    bd_0_i/hls_inst/inst/urem_64s_17ns_8_68_seq_1_U3/fn1_urem_64s_17ns_8_68_seq_1_div_U/fn1_urem_64s_17ns_8_68_seq_1_div_u_0/remd_tmp_reg[18]
  -------------------------------------------------------------------
                         required time                         10.968    
                         arrival time                          -7.356    
  -------------------------------------------------------------------
                         slack                                  3.612    





Min Delay Paths
--------------------------------------------------------------------------------------
Slack (MET) :             0.133ns  (arrival time - required time)
  Source:                 bd_0_i/hls_inst/inst/ap_CS_fsm_reg[18]/C
                            (rising edge-triggered cell FDRE clocked by ap_clk  {rise@0.000ns fall@5.000ns period=10.000ns})
  Destination:            bd_0_i/hls_inst/inst/ap_CS_fsm_reg[19]/D
                            (rising edge-triggered cell FDRE clocked by ap_clk  {rise@0.000ns fall@5.000ns period=10.000ns})
  Path Group:             ap_clk
  Path Type:              Hold (Min at Fast Process Corner)
  Requirement:            0.000ns  (ap_clk rise@0.000ns - ap_clk rise@0.000ns)
  Data Path Delay:        0.239ns  (logic 0.141ns (58.945%)  route 0.098ns (41.055%))
  Logic Levels:           0  
  Clock Path Skew:        0.022ns (DCD - SCD - CPR)
    Destination Clock Delay (DCD):    0.432ns
    Source Clock Delay      (SCD):    0.410ns
    Clock Pessimism Removal (CPR):    -0.000ns

    Location             Delay type                Incr(ns)  Path(ns)    Netlist Resource(s)
  -------------------------------------------------------------------    -------------------
                         (clock ap_clk rise edge)     0.000     0.000 r  
                                                      0.000     0.000 r  ap_clk (IN)
                         net (fo=357, unset)          0.410     0.410    bd_0_i/hls_inst/inst/ap_clk
    SLICE_X27Y66         FDRE                                         r  bd_0_i/hls_inst/inst/ap_CS_fsm_reg[18]/C
  -------------------------------------------------------------------    -------------------
    SLICE_X27Y66         FDRE (Prop_fdre_C_Q)         0.141     0.551 r  bd_0_i/hls_inst/inst/ap_CS_fsm_reg[18]/Q
                         net (fo=2, routed)           0.098     0.649    bd_0_i/hls_inst/inst/ap_CS_fsm_reg_n_0_[18]
    SLICE_X26Y66         FDRE                                         r  bd_0_i/hls_inst/inst/ap_CS_fsm_reg[19]/D
  -------------------------------------------------------------------    -------------------

                         (clock ap_clk rise edge)     0.000     0.000 r  
                                                      0.000     0.000 r  ap_clk (IN)
                         net (fo=357, unset)          0.432     0.432    bd_0_i/hls_inst/inst/ap_clk
    SLICE_X26Y66         FDRE                                         r  bd_0_i/hls_inst/inst/ap_CS_fsm_reg[19]/C
                         clock pessimism              0.000     0.432    
    SLICE_X26Y66         FDRE (Hold_fdre_C_D)         0.085     0.517    bd_0_i/hls_inst/inst/ap_CS_fsm_reg[19]
  -------------------------------------------------------------------
                         required time                         -0.517    
                         arrival time                           0.649    
  -------------------------------------------------------------------
                         slack                                  0.133    





Pulse Width Checks
--------------------------------------------------------------------------------------
Clock Name:         ap_clk
Waveform(ns):       { 0.000 5.000 }
Period(ns):         10.000
Sources:            { ap_clk }

Check Type        Corner  Lib Pin      Reference Pin  Required(ns)  Actual(ns)  Slack(ns)  Location      Pin
Min Period        n/a     DSP48E1/CLK  n/a            2.154         10.000      7.846      DSP48_X2Y24   bd_0_i/hls_inst/inst/urem_64s_17ns_8_68_seq_1_U3/fn1_urem_64s_17ns_8_68_seq_1_div_U/dividend0_reg/CLK
Low Pulse Width   Fast    SRLC32E/CLK  n/a            0.980         5.000       4.020      SLICE_X38Y63  bd_0_i/hls_inst/inst/urem_64s_17ns_8_68_seq_1_U3/fn1_urem_64s_17ns_8_68_seq_1_div_U/fn1_urem_64s_17ns_8_68_seq_1_div_u_0/r_stage_reg[32]_srl32___urem_64s_17ns_8_68_seq_1_U3_fn1_urem_64s_17ns_8_68_seq_1_div_U_fn1_urem_64s_17ns_8_68_seq_1_div_u_0_r_stage_reg_r_30/CLK
High Pulse Width  Slow    SRLC32E/CLK  n/a            0.980         5.000       4.020      SLICE_X38Y63  bd_0_i/hls_inst/inst/urem_64s_17ns_8_68_seq_1_U3/fn1_urem_64s_17ns_8_68_seq_1_div_U/fn1_urem_64s_17ns_8_68_seq_1_div_u_0/r_stage_reg[32]_srl32___urem_64s_17ns_8_68_seq_1_U3_fn1_urem_64s_17ns_8_68_seq_1_div_U_fn1_urem_64s_17ns_8_68_seq_1_div_u_0_r_stage_reg_r_30/CLK



