

================================================================
== Vitis HLS Report for 'fn1'
================================================================
* Date:           Fri Apr 30 12:04:18 2021

* Version:        2020.2 (Build 3064766 on Wed Nov 18 09:12:47 MST 2020)
* Project:        project_tmp
* Solution:       solution_tmp (Vivado IP Flow Target)
* Product family: zynq
* Target device:  xc7z020-clg484-1


================================================================
== Performance Estimates
================================================================
+ Timing: 
    * Summary: 
    +--------+----------+----------+------------+
    |  Clock |  Target  | Estimated| Uncertainty|
    +--------+----------+----------+------------+
    |ap_clk  |  10.00 ns|  7.272 ns|     2.70 ns|
    +--------+----------+----------+------------+

+ Latency: 
    * Summary: 
    +---------+---------+----------+----------+-----+-----+---------+
    |  Latency (cycles) |  Latency (absolute) |  Interval | Pipeline|
    |   min   |   max   |    min   |    max   | min | max |   Type  |
    +---------+---------+----------+----------+-----+-----+---------+
    |      243|      243|  2.430 us|  2.430 us|  244|  244|     none|
    +---------+---------+----------+----------+-----+-----+---------+

    + Detail: 
        * Instance: 
        N/A

        * Loop: 
        N/A



================================================================
== Utilization Estimates
================================================================
* Summary: 
+-----------------+---------+-----+--------+-------+-----+
|       Name      | BRAM_18K| DSP |   FF   |  LUT  | URAM|
+-----------------+---------+-----+--------+-------+-----+
|DSP              |        -|    1|       -|      -|    -|
|Expression       |        -|    -|       0|   1717|    -|
|FIFO             |        -|    -|       -|      -|    -|
|Instance         |        -|   14|    5052|   3400|    -|
|Memory           |        -|    -|       -|      -|    -|
|Multiplexer      |        -|    -|       -|   1317|    -|
|Register         |        -|    -|     994|      -|    -|
+-----------------+---------+-----+--------+-------+-----+
|Total            |        0|   15|    6046|   6434|    0|
+-----------------+---------+-----+--------+-------+-----+
|Available        |      280|  220|  106400|  53200|    0|
+-----------------+---------+-----+--------+-------+-----+
|Utilization (%)  |        0|    6|       5|     12|    0|
+-----------------+---------+-----+--------+-------+-----+

+ Detail: 
    * Instance: 
    +-----------------------------------+--------------------------------+---------+----+-----+-----+-----+
    |              Instance             |             Module             | BRAM_18K| DSP|  FF | LUT | URAM|
    +-----------------------------------+--------------------------------+---------+----+-----+-----+-----+
    |fdiv_32ns_32ns_32_16_no_dsp_1_U3   |fdiv_32ns_32ns_32_16_no_dsp_1   |        0|   0|    0|    0|    0|
    |fmul_32ns_32ns_32_4_max_dsp_1_U2   |fmul_32ns_32ns_32_4_max_dsp_1   |        0|   3|  143|  321|    0|
    |fsub_32ns_32ns_32_5_full_dsp_1_U1  |fsub_32ns_32ns_32_5_full_dsp_1  |        0|   2|  205|  390|    0|
    |mul_16s_64s_64_5_1_U13             |mul_16s_64s_64_5_1              |        0|   2|  441|  256|    0|
    |mul_18s_32s_32_2_1_U9              |mul_18s_32s_32_2_1              |        0|   1|  165|   50|    0|
    |mul_32s_10ns_32_2_1_U11            |mul_32s_10ns_32_2_1             |        0|   0|  165|   50|    0|
    |mul_64s_64s_64_5_1_U14             |mul_64s_64s_64_5_1              |        0|   4|  441|  256|    0|
    |mul_64s_9s_64_5_1_U8               |mul_64s_9s_64_5_1               |        0|   2|  441|  256|    0|
    |sdiv_9s_9ns_9_13_seq_1_U7          |sdiv_9s_9ns_9_13_seq_1          |        0|   0|  118|   53|    0|
    |udiv_64ns_64s_16_68_seq_1_U15      |udiv_64ns_64s_16_68_seq_1       |        0|   0|  779|  469|    0|
    |uitofp_64s_32_6_no_dsp_1_U4        |uitofp_64s_32_6_no_dsp_1        |        0|   0|    0|    0|    0|
    |urem_16s_10ns_10_20_seq_1_U10      |urem_16s_10ns_10_20_seq_1       |        0|   0|  202|  123|    0|
    |urem_64s_17ns_16_68_seq_1_U5       |urem_64s_17ns_16_68_seq_1       |        0|   0|  779|  469|    0|
    |urem_64s_9ns_10_68_seq_1_U6        |urem_64s_9ns_10_68_seq_1        |        0|   0|  779|  469|    0|
    |urem_7ns_32ns_6_11_seq_1_U12       |urem_7ns_32ns_6_11_seq_1        |        0|   0|  394|  238|    0|
    +-----------------------------------+--------------------------------+---------+----+-----+-----+-----+
    |Total                              |                                |        0|  14| 5052| 3400|    0|
    +-----------------------------------+--------------------------------+---------+----+-----+-----+-----+

    * DSP: 
    +--------------------------------------+----------------------------------+--------------+
    |               Instance               |              Module              |  Expression  |
    +--------------------------------------+----------------------------------+--------------+
    |mac_muladd_16ns_16ns_11ns_32_4_1_U16  |mac_muladd_16ns_16ns_11ns_32_4_1  |  i0 * i0 + i1|
    +--------------------------------------+----------------------------------+--------------+

    * Memory: 
    N/A

    * FIFO: 
    N/A

    * Expression: 
    +-------------------------+----------+----+---+-----+------------+------------+
    |      Variable Name      | Operation| DSP| FF| LUT | Bitwidth P0| Bitwidth P1|
    +-------------------------+----------+----+---+-----+------------+------------+
    |add_ln18_1_fu_209_p2     |         +|   0|  0|   18|          18|          18|
    |add_ln18_2_fu_215_p2     |         +|   0|  0|   18|          18|          18|
    |add_ln18_fu_199_p2       |         +|   0|  0|   24|          17|          17|
    |add_ln19_fu_346_p2       |         +|   0|  0|   14|           9|           9|
    |add_ln20_fu_549_p2       |         +|   0|  0|   13|          10|           9|
    |add_ln24_fu_644_p2       |         +|   0|  0|   71|          64|          64|
    |add_ln341_fu_434_p2      |         +|   0|  0|   14|           9|           8|
    |add_ln510_fu_257_p2      |         +|   0|  0|   12|          12|          11|
    |grp_fu_391_p1            |         +|   0|  0|   14|           9|           5|
    |grp_fu_605_p1            |         -|   0|  0|   39|          32|          32|
    |result_V_2_fu_369_p2     |         -|   0|  0|   15|           1|           8|
    |sub_ln1311_1_fu_448_p2   |         -|   0|  0|   15|           7|           8|
    |sub_ln1311_fu_271_p2     |         -|   0|  0|   12|          10|          11|
    |sub_ln20_fu_471_p2       |         -|   0|  0|   25|          18|          18|
    |sub_ln22_fu_400_p2       |         -|   0|  0|   71|          64|          64|
    |icmp_ln23_fu_581_p2      |      icmp|   0|  0|   13|          16|           1|
    |v_3_fu_623_p2            |      icmp|   0|  0|   10|           6|           1|
    |r_V_2_fu_497_p2          |      lshr|   0|  0|  242|          79|          79|
    |r_V_fu_297_p2            |      lshr|   0|  0|  370|         113|         113|
    |or_ln20_fu_568_p2        |        or|   0|  0|   10|          10|          10|
    |grp_fu_605_p00           |    select|   0|  0|    6|           1|           5|
    |result_V_fu_374_p3       |    select|   0|  0|    8|           1|           8|
    |select_ln23_1_fu_593_p3  |    select|   0|  0|   10|           1|          10|
    |ush_1_fu_457_p3          |    select|   0|  0|    9|           1|           9|
    |ush_fu_281_p3            |    select|   0|  0|   12|           1|          12|
    |val_1_fu_531_p3          |    select|   0|  0|   32|           1|          32|
    |val_fu_331_p3            |    select|   0|  0|    8|           1|           8|
    |r_V_1_fu_303_p2          |       shl|   0|  0|  370|         113|         113|
    |r_V_3_fu_503_p2          |       shl|   0|  0|  242|          79|          79|
    +-------------------------+----------+----+---+-----+------------+------------+
    |Total                    |          |   0|  0| 1717|         721|         780|
    +-------------------------+----------+----+---+-----+------------+------------+

    * Multiplexer: 
    +---------------+------+-----------+-----+-----------+
    |      Name     |  LUT | Input Size| Bits| Total Bits|
    +---------------+------+-----------+-----+-----------+
    |ap_NS_fsm      |  1303|        245|    1|        245|
    |grp_fu_168_p0  |    14|          3|   64|        192|
    +---------------+------+-----------+-----+-----------+
    |Total          |  1317|        248|   65|        437|
    +---------------+------+-----------+-----+-----------+

    * Register: 
    +--------------------+-----+----+-----+-----------+
    |        Name        |  FF | LUT| Bits| Const Bits|
    +--------------------+-----+----+-----+-----------+
    |add_ln18_2_reg_704  |   18|   0|   18|          0|
    |add_ln24_reg_877    |   64|   0|   64|          0|
    |add_ln26_reg_893    |   32|   0|   32|          0|
    |add_reg_770         |   32|   0|   32|          0|
    |ap_CS_fsm           |  244|   0|  244|          0|
    |data_V_reg_709      |   64|   0|   64|          0|
    |icmp_ln23_reg_846   |    1|   0|    1|          0|
    |isNeg_1_reg_786     |    1|   0|    1|          0|
    |mul1_reg_765        |   32|   0|   32|          0|
    |mul_ln20_reg_811    |   32|   0|   32|          0|
    |mul_ln21_reg_760    |   64|   0|   64|          0|
    |mul_ln24_reg_872    |   64|   0|   64|          0|
    |mul_ln25_reg_888    |   64|   0|   64|          0|
    |or_ln20_reg_831     |   10|   0|   10|          0|
    |reg_172             |   32|   0|   32|          0|
    |sdiv_ln21_reg_745   |    9|   0|    9|          0|
    |sub_ln20_reg_796    |   18|   0|   18|          0|
    |sub_ln22_reg_750    |   64|   0|   64|          0|
    |tmp_10_reg_775      |    8|   0|    8|          0|
    |tmp_11_reg_781      |   23|   0|   23|          0|
    |trunc_ln12_reg_821  |   10|   0|   10|          0|
    |urem_ln18_reg_685   |   16|   0|   16|          0|
    |ush_1_reg_791       |    9|   0|    9|          0|
    |v_1_reg_816         |   10|   0|   10|          0|
    |v_2_reg_841         |   32|   0|   32|          0|
    |v_3_reg_867         |    1|   0|    1|          0|
    |val_1_reg_801       |   32|   0|   32|          0|
    |val_reg_714         |    8|   0|    8|          0|
    +--------------------+-----+----+-----+-----------+
    |Total               |  994|   0|  994|          0|
    +--------------------+-----+----+-----+-----------+



================================================================
== Interface
================================================================
* Summary: 
+-----------+-----+-----+------------+--------------+--------------+
| RTL Ports | Dir | Bits|  Protocol  | Source Object|    C Type    |
+-----------+-----+-----+------------+--------------+--------------+
|ap_clk     |   in|    1|  ap_ctrl_hs|           fn1|  return value|
|ap_rst     |   in|    1|  ap_ctrl_hs|           fn1|  return value|
|ap_start   |   in|    1|  ap_ctrl_hs|           fn1|  return value|
|ap_done    |  out|    1|  ap_ctrl_hs|           fn1|  return value|
|ap_idle    |  out|    1|  ap_ctrl_hs|           fn1|  return value|
|ap_ready   |  out|    1|  ap_ctrl_hs|           fn1|  return value|
|ap_return  |  out|   16|  ap_ctrl_hs|           fn1|  return value|
|p          |   in|   64|     ap_none|             p|        scalar|
|p_5        |   in|   16|     ap_none|           p_5|        scalar|
|p_7        |   in|    8|     ap_none|           p_7|       pointer|
|p_9        |   in|    8|     ap_none|           p_9|       pointer|
|p_11       |   in|   64|     ap_none|          p_11|        scalar|
+-----------+-----+-----+------------+--------------+--------------+

