

================================================================
== Vitis HLS Report for 'fn1'
================================================================
* Date:           Fri Apr  9 20:28:18 2021

* Version:        2020.2 (Build 3064766 on Wed Nov 18 09:12:47 MST 2020)
* Project:        project_tmp
* Solution:       solution_tmp (Vivado IP Flow Target)
* Product family: zynq
* Target device:  xc7z020-clg484-1


================================================================
== Performance Estimates
================================================================
+ Timing: 
    * Summary: 
    +--------+----------+----------+------------+
    |  Clock |  Target  | Estimated| Uncertainty|
    +--------+----------+----------+------------+
    |ap_clk  |  10.00 ns|  6.978 ns|     2.70 ns|
    +--------+----------+----------+------------+

+ Latency: 
    * Summary: 
    +---------+---------+----------+----------+-----+-----+---------+
    |  Latency (cycles) |  Latency (absolute) |  Interval | Pipeline|
    |   min   |   max   |    min   |    max   | min | max |   Type  |
    +---------+---------+----------+----------+-----+-----+---------+
    |      149|      149|  1.490 us|  1.490 us|  150|  150|     none|
    +---------+---------+----------+----------+-----+-----+---------+

    + Detail: 
        * Instance: 
        N/A

        * Loop: 
        N/A



================================================================
== Utilization Estimates
================================================================
* Summary: 
+-----------------+---------+-----+--------+-------+-----+
|       Name      | BRAM_18K| DSP |   FF   |  LUT  | URAM|
+-----------------+---------+-----+--------+-------+-----+
|DSP              |        -|    -|       -|      -|    -|
|Expression       |        -|    -|       0|    239|    -|
|FIFO             |        -|    -|       -|      -|    -|
|Instance         |        -|    2|    2405|   1439|    -|
|Memory           |        -|    -|       -|      -|    -|
|Multiplexer      |        -|    -|       -|    806|    -|
|Register         |        -|    -|     550|      -|    -|
+-----------------+---------+-----+--------+-------+-----+
|Total            |        0|    2|    2955|   2484|    0|
+-----------------+---------+-----+--------+-------+-----+
|Available        |      280|  220|  106400|  53200|    0|
+-----------------+---------+-----+--------+-------+-----+
|Utilization (%)  |        0|   ~0|       2|      4|    0|
+-----------------+---------+-----+--------+-------+-----+

+ Detail: 
    * Instance: 
    +-------------------------------+----------------------------+---------+----+-----+-----+-----+
    |            Instance           |           Module           | BRAM_18K| DSP|  FF | LUT | URAM|
    +-------------------------------+----------------------------+---------+----+-----+-----+-----+
    |mul_64s_16s_64_5_1_U1          |mul_64s_16s_64_5_1          |        0|   2|  441|  256|    0|
    |urem_1ns_33ns_33_5_seq_1_U4    |urem_1ns_33ns_33_5_seq_1    |        0|   0|  406|  245|    0|
    |urem_64ns_32ns_32_68_seq_1_U3  |urem_64ns_32ns_32_68_seq_1  |        0|   0|  779|  469|    0|
    |urem_64ns_64ns_64_68_seq_1_U2  |urem_64ns_64ns_64_68_seq_1  |        0|   0|  779|  469|    0|
    +-------------------------------+----------------------------+---------+----+-----+-----+-----+
    |Total                          |                            |        0|   2| 2405| 1439|    0|
    +-------------------------------+----------------------------+---------+----+-----+-----+-----+

    * DSP: 
    N/A

    * Memory: 
    N/A

    * FIFO: 
    N/A

    * Expression: 
    +---------------------+----------+----+---+----+------------+------------+
    |    Variable Name    | Operation| DSP| FF| LUT| Bitwidth P0| Bitwidth P1|
    +---------------------+----------+----+---+----+------------+------------+
    |add_ln18_fu_103_p2   |         +|   0|  0|  71|          64|          30|
    |add_ln19_fu_93_p2    |         +|   0|  0|  71|          64|           8|
    |add_ln20_fu_108_p2   |         +|   0|  0|  39|          32|           9|
    |grp_fu_145_p1        |         +|   0|  0|  40|          33|          10|
    |icmp_ln21_fu_129_p2  |      icmp|   0|  0|  18|          32|           1|
    +---------------------+----------+----+---+----+------------+------------+
    |Total                |          |   0|  0| 239|         225|          58|
    +---------------------+----------+----+---+----+------------+------------+

    * Multiplexer: 
    +-----------+-----+-----------+-----+-----------+
    |    Name   | LUT | Input Size| Bits| Total Bits|
    +-----------+-----+-----------+-----+-----------+
    |ap_NS_fsm  |  806|        151|    1|        151|
    +-----------+-----+-----------+-----+-----------+
    |Total      |  806|        151|    1|        151|
    +-----------+-----+-----------+-----+-----------+

    * Register: 
    +--------------------+-----+----+-----+-----------+
    |        Name        |  FF | LUT| Bits| Const Bits|
    +--------------------+-----+----+-----+-----------+
    |add_ln18_reg_200    |   64|   0|   64|          0|
    |add_ln19_reg_185    |   64|   0|   64|          0|
    |add_ln20_reg_205    |   32|   0|   32|          0|
    |ap_CS_fsm           |  150|   0|  150|          0|
    |mul_ln19_reg_180    |   64|   0|   64|          0|
    |p_7_load_1_reg_170  |   64|   0|   64|          0|
    |result_reg_215      |   32|   0|   32|          0|
    |urem_ln19_reg_195   |   64|   0|   64|          0|
    |v_5_reg_165         |   16|   0|   16|          0|
    +--------------------+-----+----+-----+-----------+
    |Total               |  550|   0|  550|          0|
    +--------------------+-----+----+-----+-----------+



================================================================
== Interface
================================================================
* Summary: 
+--------------+-----+-----+------------+--------------+--------------+
|   RTL Ports  | Dir | Bits|  Protocol  | Source Object|    C Type    |
+--------------+-----+-----+------------+--------------+--------------+
|ap_clk        |   in|    1|  ap_ctrl_hs|           fn1|  return value|
|ap_rst        |   in|    1|  ap_ctrl_hs|           fn1|  return value|
|ap_start      |   in|    1|  ap_ctrl_hs|           fn1|  return value|
|ap_done       |  out|    1|  ap_ctrl_hs|           fn1|  return value|
|ap_idle       |  out|    1|  ap_ctrl_hs|           fn1|  return value|
|ap_ready      |  out|    1|  ap_ctrl_hs|           fn1|  return value|
|ap_return     |  out|   64|  ap_ctrl_hs|           fn1|  return value|
|p             |   in|   64|     ap_none|             p|        scalar|
|p_7_address0  |  out|    4|   ap_memory|           p_7|         array|
|p_7_ce0       |  out|    1|   ap_memory|           p_7|         array|
|p_7_q0        |   in|   64|   ap_memory|           p_7|         array|
|p_7_address1  |  out|    4|   ap_memory|           p_7|         array|
|p_7_ce1       |  out|    1|   ap_memory|           p_7|         array|
|p_7_q1        |   in|   64|   ap_memory|           p_7|         array|
|p_9           |   in|   32|     ap_none|           p_9|        scalar|
+--------------+-----+-----+------------+--------------+--------------+

