Copyright 1986-2020 Xilinx, Inc. All Rights Reserved.
------------------------------------------------------------------------------------
| Tool Version : Vivado v.2020.2 (lin64) Build 3064766 Wed Nov 18 09:12:47 MST 2020
| Date         : Fri Apr 30 12:36:43 2021
| Host         : seal-lambda running 64-bit Ubuntu 18.04.5 LTS
| Command      : report_timing_summary -file ./report/fn1_timing_routed.rpt
| Design       : bd_0_wrapper
| Device       : 7z020-clg484
| Speed File   : -1  PRODUCTION 1.12 2019-11-22
------------------------------------------------------------------------------------

Timing Summary Report

------------------------------------------------------------------------------------------------
| Timer Settings
| --------------
------------------------------------------------------------------------------------------------

  Enable Multi Corner Analysis               :  Yes
  Enable Pessimism Removal                   :  Yes
  Pessimism Removal Resolution               :  Nearest Common Node
  Enable Input Delay Default Clock           :  No
  Enable Preset / Clear Arcs                 :  No
  Disable Flight Delays                      :  No
  Ignore I/O Paths                           :  No
  Timing Early Launch at Borrowing Latches   :  No
  Borrow Time for Max Delay Exceptions       :  Yes
  Merge Timing Exceptions                    :  Yes

  Corner  Analyze    Analyze    
  Name    Max Paths  Min Paths  
  ------  ---------  ---------  
  Slow    Yes        Yes        
  Fast    Yes        Yes        



check_timing report

Table of Contents
-----------------
1. checking no_clock (0)
2. checking constant_clock (0)
3. checking pulse_width_clock (0)
4. checking unconstrained_internal_endpoints (0)
5. checking no_input_delay (105)
6. checking no_output_delay (75)
7. checking multiple_clock (0)
8. checking generated_clocks (0)
9. checking loops (0)
10. checking partial_input_delay (0)
11. checking partial_output_delay (0)
12. checking latch_loops (0)

1. checking no_clock (0)
------------------------
 There are 0 register/latch pins with no clock.


2. checking constant_clock (0)
------------------------------
 There are 0 register/latch pins with constant_clock.


3. checking pulse_width_clock (0)
---------------------------------
 There are 0 register/latch pins which need pulse_width check


4. checking unconstrained_internal_endpoints (0)
------------------------------------------------
 There are 0 pins that are not constrained for maximum delay.

 There are 0 pins that are not constrained for maximum delay due to constant clock.


5. checking no_input_delay (105)
--------------------------------
 There are 105 input ports with no input delay specified. (HIGH)

 There are 0 input ports with no input delay but user has a false path constraint.


6. checking no_output_delay (75)
--------------------------------
 There are 75 ports with no output delay specified. (HIGH)

 There are 0 ports with no output delay but user has a false path constraint

 There are 0 ports with no output delay but with a timing clock defined on it or propagating through it


7. checking multiple_clock (0)
------------------------------
 There are 0 register/latch pins with multiple clocks.


8. checking generated_clocks (0)
--------------------------------
 There are 0 generated clocks that are not connected to a clock source.


9. checking loops (0)
---------------------
 There are 0 combinational loops in the design.


10. checking partial_input_delay (0)
------------------------------------
 There are 0 input ports with partial input delay specified.


11. checking partial_output_delay (0)
-------------------------------------
 There are 0 ports with partial output delay specified.


12. checking latch_loops (0)
----------------------------
 There are 0 combinational latch loops in the design through latch input



------------------------------------------------------------------------------------------------
| Design Timing Summary
| ---------------------
------------------------------------------------------------------------------------------------

    WNS(ns)      TNS(ns)  TNS Failing Endpoints  TNS Total Endpoints      WHS(ns)      THS(ns)  THS Failing Endpoints  THS Total Endpoints     WPWS(ns)     TPWS(ns)  TPWS Failing Endpoints  TPWS Total Endpoints  
    -------      -------  ---------------------  -------------------      -------      -------  ---------------------  -------------------     --------     --------  ----------------------  --------------------  
      1.675        0.000                      0                 1546        0.132        0.000                      0                 1546        4.020        0.000                       0                   929  


All user specified timing constraints are met.


------------------------------------------------------------------------------------------------
| Clock Summary
| -------------
------------------------------------------------------------------------------------------------

Clock   Waveform(ns)       Period(ns)      Frequency(MHz)
-----   ------------       ----------      --------------
ap_clk  {0.000 5.000}      10.000          100.000         


------------------------------------------------------------------------------------------------
| Intra Clock Table
| -----------------
------------------------------------------------------------------------------------------------

Clock             WNS(ns)      TNS(ns)  TNS Failing Endpoints  TNS Total Endpoints      WHS(ns)      THS(ns)  THS Failing Endpoints  THS Total Endpoints     WPWS(ns)     TPWS(ns)  TPWS Failing Endpoints  TPWS Total Endpoints  
-----             -------      -------  ---------------------  -------------------      -------      -------  ---------------------  -------------------     --------     --------  ----------------------  --------------------  
ap_clk              1.675        0.000                      0                 1546        0.132        0.000                      0                 1546        4.020        0.000                       0                   929  


------------------------------------------------------------------------------------------------
| Inter Clock Table
| -----------------
------------------------------------------------------------------------------------------------

From Clock    To Clock          WNS(ns)      TNS(ns)  TNS Failing Endpoints  TNS Total Endpoints      WHS(ns)      THS(ns)  THS Failing Endpoints  THS Total Endpoints  
----------    --------          -------      -------  ---------------------  -------------------      -------      -------  ---------------------  -------------------  


------------------------------------------------------------------------------------------------
| Other Path Groups Table
| -----------------------
------------------------------------------------------------------------------------------------

Path Group    From Clock    To Clock          WNS(ns)      TNS(ns)  TNS Failing Endpoints  TNS Total Endpoints      WHS(ns)      THS(ns)  THS Failing Endpoints  THS Total Endpoints  
----------    ----------    --------          -------      -------  ---------------------  -------------------      -------      -------  ---------------------  -------------------  


------------------------------------------------------------------------------------------------
| Timing Details
| --------------
------------------------------------------------------------------------------------------------


---------------------------------------------------------------------------------------------------
From Clock:  ap_clk
  To Clock:  ap_clk

Setup :            0  Failing Endpoints,  Worst Slack        1.675ns,  Total Violation        0.000ns
Hold  :            0  Failing Endpoints,  Worst Slack        0.132ns,  Total Violation        0.000ns
PW    :            0  Failing Endpoints,  Worst Slack        4.020ns,  Total Violation        0.000ns
---------------------------------------------------------------------------------------------------


Max Delay Paths
--------------------------------------------------------------------------------------
Slack (MET) :             1.675ns  (required time - arrival time)
  Source:                 bd_0_i/hls_inst/inst/udiv_64s_64ns_8_68_seq_1_U2/fn1_udiv_64s_64ns_8_68_seq_1_div_U/fn1_udiv_64s_64ns_8_68_seq_1_div_u_0/r_stage_reg[0]/C
                            (rising edge-triggered cell FDRE clocked by ap_clk  {rise@0.000ns fall@5.000ns period=10.000ns})
  Destination:            bd_0_i/hls_inst/inst/udiv_64s_64ns_8_68_seq_1_U2/fn1_udiv_64s_64ns_8_68_seq_1_div_U/fn1_udiv_64s_64ns_8_68_seq_1_div_u_0/remd_tmp_reg[0]/D
                            (rising edge-triggered cell FDRE clocked by ap_clk  {rise@0.000ns fall@5.000ns period=10.000ns})
  Path Group:             ap_clk
  Path Type:              Setup (Max at Slow Process Corner)
  Requirement:            10.000ns  (ap_clk rise@10.000ns - ap_clk rise@0.000ns)
  Data Path Delay:        8.320ns  (logic 3.247ns (39.027%)  route 5.073ns (60.973%))
  Logic Levels:           18  (CARRY4=16 LUT3=1 LUT5=1)
  Clock Path Skew:        -0.049ns (DCD - SCD + CPR)
    Destination Clock Delay (DCD):    0.924ns = ( 10.924 - 10.000 ) 
    Source Clock Delay      (SCD):    0.973ns
    Clock Pessimism Removal (CPR):    0.000ns
  Clock Uncertainty:      0.035ns  ((TSJ^2 + TIJ^2)^1/2 + DJ) / 2 + PE
    Total System Jitter     (TSJ):    0.071ns
    Total Input Jitter      (TIJ):    0.000ns
    Discrete Jitter          (DJ):    0.000ns
    Phase Error              (PE):    0.000ns

    Location             Delay type                Incr(ns)  Path(ns)    Netlist Resource(s)
  -------------------------------------------------------------------    -------------------
                         (clock ap_clk rise edge)     0.000     0.000 r  
                                                      0.000     0.000 r  ap_clk (IN)
                         net (fo=928, unset)          0.973     0.973    bd_0_i/hls_inst/inst/udiv_64s_64ns_8_68_seq_1_U2/fn1_udiv_64s_64ns_8_68_seq_1_div_U/fn1_udiv_64s_64ns_8_68_seq_1_div_u_0/ap_clk
    SLICE_X48Y82         FDRE                                         r  bd_0_i/hls_inst/inst/udiv_64s_64ns_8_68_seq_1_U2/fn1_udiv_64s_64ns_8_68_seq_1_div_U/fn1_udiv_64s_64ns_8_68_seq_1_div_u_0/r_stage_reg[0]/C
  -------------------------------------------------------------------    -------------------
    SLICE_X48Y82         FDRE (Prop_fdre_C_Q)         0.456     1.429 r  bd_0_i/hls_inst/inst/udiv_64s_64ns_8_68_seq_1_U2/fn1_udiv_64s_64ns_8_68_seq_1_div_U/fn1_udiv_64s_64ns_8_68_seq_1_div_u_0/r_stage_reg[0]/Q
                         net (fo=191, routed)         2.878     4.307    bd_0_i/hls_inst/inst/udiv_64s_64ns_8_68_seq_1_U2/fn1_udiv_64s_64ns_8_68_seq_1_div_U/fn1_udiv_64s_64ns_8_68_seq_1_div_u_0/r_stage_reg_n_0_[0]
    SLICE_X47Y72         LUT3 (Prop_lut3_I0_O)        0.124     4.431 r  bd_0_i/hls_inst/inst/udiv_64s_64ns_8_68_seq_1_U2/fn1_udiv_64s_64ns_8_68_seq_1_div_U/fn1_udiv_64s_64ns_8_68_seq_1_div_u_0/cal_tmp_carry__0_i_7/O
                         net (fo=1, routed)           0.000     4.431    bd_0_i/hls_inst/inst/udiv_64s_64ns_8_68_seq_1_U2/fn1_udiv_64s_64ns_8_68_seq_1_div_U/fn1_udiv_64s_64ns_8_68_seq_1_div_u_0/cal_tmp_carry__0_i_7_n_0
    SLICE_X47Y72         CARRY4 (Prop_carry4_S[1]_CO[3])
                                                      0.550     4.981 r  bd_0_i/hls_inst/inst/udiv_64s_64ns_8_68_seq_1_U2/fn1_udiv_64s_64ns_8_68_seq_1_div_U/fn1_udiv_64s_64ns_8_68_seq_1_div_u_0/cal_tmp_carry__0/CO[3]
                         net (fo=1, routed)           0.000     4.981    bd_0_i/hls_inst/inst/udiv_64s_64ns_8_68_seq_1_U2/fn1_udiv_64s_64ns_8_68_seq_1_div_U/fn1_udiv_64s_64ns_8_68_seq_1_div_u_0/cal_tmp_carry__0_n_0
    SLICE_X47Y73         CARRY4 (Prop_carry4_CI_CO[3])
                                                      0.114     5.095 r  bd_0_i/hls_inst/inst/udiv_64s_64ns_8_68_seq_1_U2/fn1_udiv_64s_64ns_8_68_seq_1_div_U/fn1_udiv_64s_64ns_8_68_seq_1_div_u_0/cal_tmp_carry__1/CO[3]
                         net (fo=1, routed)           0.000     5.095    bd_0_i/hls_inst/inst/udiv_64s_64ns_8_68_seq_1_U2/fn1_udiv_64s_64ns_8_68_seq_1_div_U/fn1_udiv_64s_64ns_8_68_seq_1_div_u_0/cal_tmp_carry__1_n_0
    SLICE_X47Y74         CARRY4 (Prop_carry4_CI_CO[3])
                                                      0.114     5.209 r  bd_0_i/hls_inst/inst/udiv_64s_64ns_8_68_seq_1_U2/fn1_udiv_64s_64ns_8_68_seq_1_div_U/fn1_udiv_64s_64ns_8_68_seq_1_div_u_0/cal_tmp_carry__2/CO[3]
                         net (fo=1, routed)           0.009     5.218    bd_0_i/hls_inst/inst/udiv_64s_64ns_8_68_seq_1_U2/fn1_udiv_64s_64ns_8_68_seq_1_div_U/fn1_udiv_64s_64ns_8_68_seq_1_div_u_0/cal_tmp_carry__2_n_0
    SLICE_X47Y75         CARRY4 (Prop_carry4_CI_CO[3])
                                                      0.114     5.332 r  bd_0_i/hls_inst/inst/udiv_64s_64ns_8_68_seq_1_U2/fn1_udiv_64s_64ns_8_68_seq_1_div_U/fn1_udiv_64s_64ns_8_68_seq_1_div_u_0/cal_tmp_carry__3/CO[3]
                         net (fo=1, routed)           0.000     5.332    bd_0_i/hls_inst/inst/udiv_64s_64ns_8_68_seq_1_U2/fn1_udiv_64s_64ns_8_68_seq_1_div_U/fn1_udiv_64s_64ns_8_68_seq_1_div_u_0/cal_tmp_carry__3_n_0
    SLICE_X47Y76         CARRY4 (Prop_carry4_CI_CO[3])
                                                      0.114     5.446 r  bd_0_i/hls_inst/inst/udiv_64s_64ns_8_68_seq_1_U2/fn1_udiv_64s_64ns_8_68_seq_1_div_U/fn1_udiv_64s_64ns_8_68_seq_1_div_u_0/cal_tmp_carry__4/CO[3]
                         net (fo=1, routed)           0.000     5.446    bd_0_i/hls_inst/inst/udiv_64s_64ns_8_68_seq_1_U2/fn1_udiv_64s_64ns_8_68_seq_1_div_U/fn1_udiv_64s_64ns_8_68_seq_1_div_u_0/cal_tmp_carry__4_n_0
    SLICE_X47Y77         CARRY4 (Prop_carry4_CI_CO[3])
                                                      0.114     5.560 r  bd_0_i/hls_inst/inst/udiv_64s_64ns_8_68_seq_1_U2/fn1_udiv_64s_64ns_8_68_seq_1_div_U/fn1_udiv_64s_64ns_8_68_seq_1_div_u_0/cal_tmp_carry__5/CO[3]
                         net (fo=1, routed)           0.000     5.560    bd_0_i/hls_inst/inst/udiv_64s_64ns_8_68_seq_1_U2/fn1_udiv_64s_64ns_8_68_seq_1_div_U/fn1_udiv_64s_64ns_8_68_seq_1_div_u_0/cal_tmp_carry__5_n_0
    SLICE_X47Y78         CARRY4 (Prop_carry4_CI_CO[3])
                                                      0.114     5.674 r  bd_0_i/hls_inst/inst/udiv_64s_64ns_8_68_seq_1_U2/fn1_udiv_64s_64ns_8_68_seq_1_div_U/fn1_udiv_64s_64ns_8_68_seq_1_div_u_0/cal_tmp_carry__6/CO[3]
                         net (fo=1, routed)           0.000     5.674    bd_0_i/hls_inst/inst/udiv_64s_64ns_8_68_seq_1_U2/fn1_udiv_64s_64ns_8_68_seq_1_div_U/fn1_udiv_64s_64ns_8_68_seq_1_div_u_0/cal_tmp_carry__6_n_0
    SLICE_X47Y79         CARRY4 (Prop_carry4_CI_CO[3])
                                                      0.114     5.788 r  bd_0_i/hls_inst/inst/udiv_64s_64ns_8_68_seq_1_U2/fn1_udiv_64s_64ns_8_68_seq_1_div_U/fn1_udiv_64s_64ns_8_68_seq_1_div_u_0/cal_tmp_carry__7/CO[3]
                         net (fo=1, routed)           0.000     5.788    bd_0_i/hls_inst/inst/udiv_64s_64ns_8_68_seq_1_U2/fn1_udiv_64s_64ns_8_68_seq_1_div_U/fn1_udiv_64s_64ns_8_68_seq_1_div_u_0/cal_tmp_carry__7_n_0
    SLICE_X47Y80         CARRY4 (Prop_carry4_CI_CO[3])
                                                      0.114     5.902 r  bd_0_i/hls_inst/inst/udiv_64s_64ns_8_68_seq_1_U2/fn1_udiv_64s_64ns_8_68_seq_1_div_U/fn1_udiv_64s_64ns_8_68_seq_1_div_u_0/cal_tmp_carry__8/CO[3]
                         net (fo=1, routed)           0.000     5.902    bd_0_i/hls_inst/inst/udiv_64s_64ns_8_68_seq_1_U2/fn1_udiv_64s_64ns_8_68_seq_1_div_U/fn1_udiv_64s_64ns_8_68_seq_1_div_u_0/cal_tmp_carry__8_n_0
    SLICE_X47Y81         CARRY4 (Prop_carry4_CI_CO[3])
                                                      0.114     6.016 r  bd_0_i/hls_inst/inst/udiv_64s_64ns_8_68_seq_1_U2/fn1_udiv_64s_64ns_8_68_seq_1_div_U/fn1_udiv_64s_64ns_8_68_seq_1_div_u_0/cal_tmp_carry__9/CO[3]
                         net (fo=1, routed)           0.000     6.016    bd_0_i/hls_inst/inst/udiv_64s_64ns_8_68_seq_1_U2/fn1_udiv_64s_64ns_8_68_seq_1_div_U/fn1_udiv_64s_64ns_8_68_seq_1_div_u_0/cal_tmp_carry__9_n_0
    SLICE_X47Y82         CARRY4 (Prop_carry4_CI_CO[3])
                                                      0.114     6.130 r  bd_0_i/hls_inst/inst/udiv_64s_64ns_8_68_seq_1_U2/fn1_udiv_64s_64ns_8_68_seq_1_div_U/fn1_udiv_64s_64ns_8_68_seq_1_div_u_0/cal_tmp_carry__10/CO[3]
                         net (fo=1, routed)           0.000     6.130    bd_0_i/hls_inst/inst/udiv_64s_64ns_8_68_seq_1_U2/fn1_udiv_64s_64ns_8_68_seq_1_div_U/fn1_udiv_64s_64ns_8_68_seq_1_div_u_0/cal_tmp_carry__10_n_0
    SLICE_X47Y83         CARRY4 (Prop_carry4_CI_CO[3])
                                                      0.114     6.244 r  bd_0_i/hls_inst/inst/udiv_64s_64ns_8_68_seq_1_U2/fn1_udiv_64s_64ns_8_68_seq_1_div_U/fn1_udiv_64s_64ns_8_68_seq_1_div_u_0/cal_tmp_carry__11/CO[3]
                         net (fo=1, routed)           0.000     6.244    bd_0_i/hls_inst/inst/udiv_64s_64ns_8_68_seq_1_U2/fn1_udiv_64s_64ns_8_68_seq_1_div_U/fn1_udiv_64s_64ns_8_68_seq_1_div_u_0/cal_tmp_carry__11_n_0
    SLICE_X47Y84         CARRY4 (Prop_carry4_CI_CO[3])
                                                      0.114     6.358 r  bd_0_i/hls_inst/inst/udiv_64s_64ns_8_68_seq_1_U2/fn1_udiv_64s_64ns_8_68_seq_1_div_U/fn1_udiv_64s_64ns_8_68_seq_1_div_u_0/cal_tmp_carry__12/CO[3]
                         net (fo=1, routed)           0.000     6.358    bd_0_i/hls_inst/inst/udiv_64s_64ns_8_68_seq_1_U2/fn1_udiv_64s_64ns_8_68_seq_1_div_U/fn1_udiv_64s_64ns_8_68_seq_1_div_u_0/cal_tmp_carry__12_n_0
    SLICE_X47Y85         CARRY4 (Prop_carry4_CI_CO[3])
                                                      0.114     6.472 r  bd_0_i/hls_inst/inst/udiv_64s_64ns_8_68_seq_1_U2/fn1_udiv_64s_64ns_8_68_seq_1_div_U/fn1_udiv_64s_64ns_8_68_seq_1_div_u_0/cal_tmp_carry__13/CO[3]
                         net (fo=1, routed)           0.000     6.472    bd_0_i/hls_inst/inst/udiv_64s_64ns_8_68_seq_1_U2/fn1_udiv_64s_64ns_8_68_seq_1_div_U/fn1_udiv_64s_64ns_8_68_seq_1_div_u_0/cal_tmp_carry__13_n_0
    SLICE_X47Y86         CARRY4 (Prop_carry4_CI_CO[3])
                                                      0.114     6.586 r  bd_0_i/hls_inst/inst/udiv_64s_64ns_8_68_seq_1_U2/fn1_udiv_64s_64ns_8_68_seq_1_div_U/fn1_udiv_64s_64ns_8_68_seq_1_div_u_0/cal_tmp_carry__14/CO[3]
                         net (fo=2, routed)           0.000     6.586    bd_0_i/hls_inst/inst/udiv_64s_64ns_8_68_seq_1_U2/fn1_udiv_64s_64ns_8_68_seq_1_div_U/fn1_udiv_64s_64ns_8_68_seq_1_div_u_0/p_2_out[0]
    SLICE_X47Y87         CARRY4 (Prop_carry4_CI_O[0])
                                                      0.222     6.808 r  bd_0_i/hls_inst/inst/udiv_64s_64ns_8_68_seq_1_U2/fn1_udiv_64s_64ns_8_68_seq_1_div_U/fn1_udiv_64s_64ns_8_68_seq_1_div_u_0/cal_tmp_carry__15/O[0]
                         net (fo=63, routed)          2.186     8.994    bd_0_i/hls_inst/inst/udiv_64s_64ns_8_68_seq_1_U2/fn1_udiv_64s_64ns_8_68_seq_1_div_U/fn1_udiv_64s_64ns_8_68_seq_1_div_u_0/p_0_in
    SLICE_X46Y71         LUT5 (Prop_lut5_I3_O)        0.299     9.293 r  bd_0_i/hls_inst/inst/udiv_64s_64ns_8_68_seq_1_U2/fn1_udiv_64s_64ns_8_68_seq_1_div_U/fn1_udiv_64s_64ns_8_68_seq_1_div_u_0/remd_tmp[0]_i_1/O
                         net (fo=1, routed)           0.000     9.293    bd_0_i/hls_inst/inst/udiv_64s_64ns_8_68_seq_1_U2/fn1_udiv_64s_64ns_8_68_seq_1_div_U/fn1_udiv_64s_64ns_8_68_seq_1_div_u_0/remd_tmp[0]_i_1_n_0
    SLICE_X46Y71         FDRE                                         r  bd_0_i/hls_inst/inst/udiv_64s_64ns_8_68_seq_1_U2/fn1_udiv_64s_64ns_8_68_seq_1_div_U/fn1_udiv_64s_64ns_8_68_seq_1_div_u_0/remd_tmp_reg[0]/D
  -------------------------------------------------------------------    -------------------

                         (clock ap_clk rise edge)    10.000    10.000 r  
                                                      0.000    10.000 r  ap_clk (IN)
                         net (fo=928, unset)          0.924    10.924    bd_0_i/hls_inst/inst/udiv_64s_64ns_8_68_seq_1_U2/fn1_udiv_64s_64ns_8_68_seq_1_div_U/fn1_udiv_64s_64ns_8_68_seq_1_div_u_0/ap_clk
    SLICE_X46Y71         FDRE                                         r  bd_0_i/hls_inst/inst/udiv_64s_64ns_8_68_seq_1_U2/fn1_udiv_64s_64ns_8_68_seq_1_div_U/fn1_udiv_64s_64ns_8_68_seq_1_div_u_0/remd_tmp_reg[0]/C
                         clock pessimism              0.000    10.924    
                         clock uncertainty           -0.035    10.889    
    SLICE_X46Y71         FDRE (Setup_fdre_C_D)        0.079    10.968    bd_0_i/hls_inst/inst/udiv_64s_64ns_8_68_seq_1_U2/fn1_udiv_64s_64ns_8_68_seq_1_div_U/fn1_udiv_64s_64ns_8_68_seq_1_div_u_0/remd_tmp_reg[0]
  -------------------------------------------------------------------
                         required time                         10.968    
                         arrival time                          -9.293    
  -------------------------------------------------------------------
                         slack                                  1.675    





Min Delay Paths
--------------------------------------------------------------------------------------
Slack (MET) :             0.132ns  (arrival time - required time)
  Source:                 bd_0_i/hls_inst/inst/p_7_load_1_reg_405_reg[2]/C
                            (rising edge-triggered cell FDRE clocked by ap_clk  {rise@0.000ns fall@5.000ns period=10.000ns})
  Destination:            bd_0_i/hls_inst/inst/udiv_64s_64ns_8_68_seq_1_U2/fn1_udiv_64s_64ns_8_68_seq_1_div_U/dividend0_reg[2]/D
                            (rising edge-triggered cell FDRE clocked by ap_clk  {rise@0.000ns fall@5.000ns period=10.000ns})
  Path Group:             ap_clk
  Path Type:              Hold (Min at Fast Process Corner)
  Requirement:            0.000ns  (ap_clk rise@0.000ns - ap_clk rise@0.000ns)
  Data Path Delay:        0.273ns  (logic 0.186ns (68.106%)  route 0.087ns (31.894%))
  Logic Levels:           1  (LUT1=1)
  Clock Path Skew:        0.022ns (DCD - SCD - CPR)
    Destination Clock Delay (DCD):    0.432ns
    Source Clock Delay      (SCD):    0.410ns
    Clock Pessimism Removal (CPR):    -0.000ns

    Location             Delay type                Incr(ns)  Path(ns)    Netlist Resource(s)
  -------------------------------------------------------------------    -------------------
                         (clock ap_clk rise edge)     0.000     0.000 r  
                                                      0.000     0.000 r  ap_clk (IN)
                         net (fo=928, unset)          0.410     0.410    bd_0_i/hls_inst/inst/ap_clk
    SLICE_X55Y80         FDRE                                         r  bd_0_i/hls_inst/inst/p_7_load_1_reg_405_reg[2]/C
  -------------------------------------------------------------------    -------------------
    SLICE_X55Y80         FDRE (Prop_fdre_C_Q)         0.141     0.551 f  bd_0_i/hls_inst/inst/p_7_load_1_reg_405_reg[2]/Q
                         net (fo=1, routed)           0.087     0.638    bd_0_i/hls_inst/inst/udiv_64s_64ns_8_68_seq_1_U2/fn1_udiv_64s_64ns_8_68_seq_1_div_U/Q[2]
    SLICE_X54Y80         LUT1 (Prop_lut1_I0_O)        0.045     0.683 r  bd_0_i/hls_inst/inst/udiv_64s_64ns_8_68_seq_1_U2/fn1_udiv_64s_64ns_8_68_seq_1_div_U/dividend0[2]_i_1__0/O
                         net (fo=1, routed)           0.000     0.683    bd_0_i/hls_inst/inst/udiv_64s_64ns_8_68_seq_1_U2/fn1_udiv_64s_64ns_8_68_seq_1_div_U/grp_fu_271_p0[2]
    SLICE_X54Y80         FDRE                                         r  bd_0_i/hls_inst/inst/udiv_64s_64ns_8_68_seq_1_U2/fn1_udiv_64s_64ns_8_68_seq_1_div_U/dividend0_reg[2]/D
  -------------------------------------------------------------------    -------------------

                         (clock ap_clk rise edge)     0.000     0.000 r  
                                                      0.000     0.000 r  ap_clk (IN)
                         net (fo=928, unset)          0.432     0.432    bd_0_i/hls_inst/inst/udiv_64s_64ns_8_68_seq_1_U2/fn1_udiv_64s_64ns_8_68_seq_1_div_U/ap_clk
    SLICE_X54Y80         FDRE                                         r  bd_0_i/hls_inst/inst/udiv_64s_64ns_8_68_seq_1_U2/fn1_udiv_64s_64ns_8_68_seq_1_div_U/dividend0_reg[2]/C
                         clock pessimism              0.000     0.432    
    SLICE_X54Y80         FDRE (Hold_fdre_C_D)         0.120     0.552    bd_0_i/hls_inst/inst/udiv_64s_64ns_8_68_seq_1_U2/fn1_udiv_64s_64ns_8_68_seq_1_div_U/dividend0_reg[2]
  -------------------------------------------------------------------
                         required time                         -0.552    
                         arrival time                           0.683    
  -------------------------------------------------------------------
                         slack                                  0.132    





Pulse Width Checks
--------------------------------------------------------------------------------------
Clock Name:         ap_clk
Waveform(ns):       { 0.000 5.000 }
Period(ns):         10.000
Sources:            { ap_clk }

Check Type        Corner  Lib Pin      Reference Pin  Required(ns)  Actual(ns)  Slack(ns)  Location      Pin
Min Period        n/a     DSP48E1/CLK  n/a            3.884         10.000      6.116      DSP48_X2Y31   bd_0_i/hls_inst/inst/mul_64s_31ns_64_5_1_U1/fn1_mul_64s_31ns_64_5_1_Multiplier_0_U/buff0_reg__0/CLK
Low Pulse Width   Fast    SRL16E/CLK   n/a            0.980         5.000       4.020      SLICE_X62Y77  bd_0_i/hls_inst/inst/srem_9s_15ns_15_13_seq_1_U3/fn1_srem_9s_15ns_15_13_seq_1_div_U/fn1_srem_9s_15ns_15_13_seq_1_div_u_0/r_stage_reg[7]_srl7___udiv_64s_64ns_8_68_seq_1_U2_fn1_udiv_64s_64ns_8_68_seq_1_div_U_fn1_udiv_64s_64ns_8_68_seq_1_div_u_0_r_stage_reg_r_5/CLK
High Pulse Width  Slow    SRL16E/CLK   n/a            0.980         5.000       4.020      SLICE_X62Y77  bd_0_i/hls_inst/inst/srem_9s_15ns_15_13_seq_1_U3/fn1_srem_9s_15ns_15_13_seq_1_div_U/fn1_srem_9s_15ns_15_13_seq_1_div_u_0/r_stage_reg[7]_srl7___udiv_64s_64ns_8_68_seq_1_U2_fn1_udiv_64s_64ns_8_68_seq_1_div_U_fn1_udiv_64s_64ns_8_68_seq_1_div_u_0_r_stage_reg_r_5/CLK



