#
# An unexpected error has occurred (11)
#
Stack:
/lib/x86_64-linux-gnu/libc.so.6(+0x3f040) [0x7f960b43c040]
/opt/Xilinx/Vitis_HLS/2020.2/lib/lnx64.o/libhls_hwsyn.so(fsmd::RtlGen::getStateEnableCondition(fsmd::State*, bool, bool)+0x91) [0x7f95efa77b91]
/opt/Xilinx/Vitis_HLS/2020.2/lib/lnx64.o/libhls_hwsyn.so(fsmd::RtlGen::getPipelineFlushSignal(fsmd::Pipeline*)+0xb6) [0x7f95ef951186]
/opt/Xilinx/Vitis_HLS/2020.2/lib/lnx64.o/libhls_hwsyn.so(fsmd::PipelineStatusRegGen::collectIter0EnableAssign0()+0x44d) [0x7f95eface39d]
/opt/Xilinx/Vitis_HLS/2020.2/lib/lnx64.o/libhls_hwsyn.so(fsmd::PipelineStatusRegGen::run()+0x154) [0x7f95efad0744]
/opt/Xilinx/Vitis_HLS/2020.2/lib/lnx64.o/libhls_hwsyn.so(fsmd::RtlGenPassMan::runAllPasses()+0x12b0) [0x7f95efacbb50]
/opt/Xilinx/Vitis_HLS/2020.2/lib/lnx64.o/libhls_hwsyn.so(fsmd::RtlGenPassMan::createRtlModel()+0x266) [0x7f95efacc436]
/opt/Xilinx/Vitis_HLS/2020.2/lib/lnx64.o/libhls_main.so(+0x159bf5) [0x7f95f22abbf5]
/opt/Xilinx/Vitis_HLS/2020.2/lib/lnx64.o/libhls_support.so(xpcl::TclCommand::callbackInternal(int, Tcl_Obj* const*)+0x5ed) [0x7f95f1f1abcd]
/opt/Xilinx/Vitis_HLS/2020.2/lib/lnx64.o/libhls_support.so(xpcl::TclCommand::callback(int, Tcl_Obj* const*)+0x2b) [0x7f95f1f1f80b]
/opt/Xilinx/Vitis_HLS/2020.2/lib/lnx64.o/libtcl8.5.so(+0x3356f) [0x7f9606a8856f]
/opt/Xilinx/Vitis_HLS/2020.2/lib/lnx64.o/libtcl8.5.so(+0x76945) [0x7f9606acb945]
/opt/Xilinx/Vitis_HLS/2020.2/lib/lnx64.o/libtcl8.5.so(TclObjInterpProcCore+0x420) [0x7f9606b0ced0]
/opt/Xilinx/Vitis_HLS/2020.2/lib/lnx64.o/libtcl8.5.so(+0x3356f) [0x7f9606a8856f]
/opt/Xilinx/Vitis_HLS/2020.2/lib/lnx64.o/libtcl8.5.so(+0x76945) [0x7f9606acb945]
/opt/Xilinx/Vitis_HLS/2020.2/lib/lnx64.o/libtcl8.5.so(+0x7e0f9) [0x7f9606ad30f9]
/opt/Xilinx/Vitis_HLS/2020.2/lib/lnx64.o/libtcl8.5.so(TclEvalObjEx+0x76) [0x7f9606a8a216]
/opt/Xilinx/Vitis_HLS/2020.2/lib/lnx64.o/librdi_commontasks.so(+0x1dc832) [0x7f95f9f70832]
/opt/Xilinx/Vitis_HLS/2020.2/lib/lnx64.o/libtcl8.5.so(+0x3356f) [0x7f9606a8856f]
/opt/Xilinx/Vitis_HLS/2020.2/lib/lnx64.o/libtcl8.5.so(+0x76945) [0x7f9606acb945]
/opt/Xilinx/Vitis_HLS/2020.2/lib/lnx64.o/libtcl8.5.so(+0x7e0f9) [0x7f9606ad30f9]
/opt/Xilinx/Vitis_HLS/2020.2/lib/lnx64.o/libtcl8.5.so(TclEvalObjEx+0x76) [0x7f9606a8a216]
/opt/Xilinx/Vitis_HLS/2020.2/lib/lnx64.o/librdi_commontasks.so(+0x1db9d7) [0x7f95f9f6f9d7]
/opt/Xilinx/Vitis_HLS/2020.2/lib/lnx64.o/libtcl8.5.so(+0x3356f) [0x7f9606a8856f]
/opt/Xilinx/Vitis_HLS/2020.2/lib/lnx64.o/libtcl8.5.so(+0x76945) [0x7f9606acb945]
/opt/Xilinx/Vitis_HLS/2020.2/lib/lnx64.o/libtcl8.5.so(TclObjInterpProcCore+0x420) [0x7f9606b0ced0]
/opt/Xilinx/Vitis_HLS/2020.2/lib/lnx64.o/libtcl8.5.so(+0x3356f) [0x7f9606a8856f]
/opt/Xilinx/Vitis_HLS/2020.2/lib/lnx64.o/libtcl8.5.so(+0x76945) [0x7f9606acb945]
/opt/Xilinx/Vitis_HLS/2020.2/lib/lnx64.o/libtcl8.5.so(TclObjInterpProcCore+0x420) [0x7f9606b0ced0]
/opt/Xilinx/Vitis_HLS/2020.2/lib/lnx64.o/libtcl8.5.so(+0x3356f) [0x7f9606a8856f]
/opt/Xilinx/Vitis_HLS/2020.2/lib/lnx64.o/libtcl8.5.so(+0x76945) [0x7f9606acb945]
/opt/Xilinx/Vitis_HLS/2020.2/lib/lnx64.o/libtcl8.5.so(TclObjInterpProcCore+0x420) [0x7f9606b0ced0]
/opt/Xilinx/Vitis_HLS/2020.2/lib/lnx64.o/libtcl8.5.so(+0x3356f) [0x7f9606a8856f]
/opt/Xilinx/Vitis_HLS/2020.2/lib/lnx64.o/libtcl8.5.so(+0x76945) [0x7f9606acb945]
/opt/Xilinx/Vitis_HLS/2020.2/lib/lnx64.o/libtcl8.5.so(+0x7e0f9) [0x7f9606ad30f9]
/opt/Xilinx/Vitis_HLS/2020.2/lib/lnx64.o/libtcl8.5.so(TclEvalObjEx+0x76) [0x7f9606a8a216]
/opt/Xilinx/Vitis_HLS/2020.2/lib/lnx64.o/librdi_commontasks.so(+0x1db9d7) [0x7f95f9f6f9d7]
/opt/Xilinx/Vitis_HLS/2020.2/lib/lnx64.o/libtcl8.5.so(+0x3356f) [0x7f9606a8856f]
/opt/Xilinx/Vitis_HLS/2020.2/lib/lnx64.o/libtcl8.5.so(+0x76945) [0x7f9606acb945]
/opt/Xilinx/Vitis_HLS/2020.2/lib/lnx64.o/libtcl8.5.so(Tcl_ExprObj+0xf8) [0x7f9606ad2cd8]
/opt/Xilinx/Vitis_HLS/2020.2/lib/lnx64.o/libtcl8.5.so(Tcl_ExprBooleanObj+0x16) [0x7f9606a88f56]
/opt/Xilinx/Vitis_HLS/2020.2/lib/lnx64.o/libtcl8.5.so(+0x3e7ae) [0x7f9606a937ae]
/opt/Xilinx/Vitis_HLS/2020.2/lib/lnx64.o/libtcl8.5.so(+0x3356f) [0x7f9606a8856f]
/opt/Xilinx/Vitis_HLS/2020.2/lib/lnx64.o/libtcl8.5.so(+0x34bf8) [0x7f9606a89bf8]
/opt/Xilinx/Vitis_HLS/2020.2/lib/lnx64.o/libtcl8.5.so(Tcl_EvalEx+0x13) [0x7f9606a8a163]
/opt/Xilinx/Vitis_HLS/2020.2/lib/lnx64.o/libtcl8.5.so(Tcl_Eval+0x15) [0x7f9606a8a185]
/opt/Xilinx/Vitis_HLS/2020.2/lib/lnx64.o/libhls_main.so(+0xa3071) [0x7f95f21f5071]
/opt/Xilinx/Vitis_HLS/2020.2/lib/lnx64.o/libhls_support.so(xpcl::TclCommand::callbackInternal(int, Tcl_Obj* const*)+0x5ed) [0x7f95f1f1abcd]
/opt/Xilinx/Vitis_HLS/2020.2/lib/lnx64.o/libhls_support.so(xpcl::TclCommand::callback(int, Tcl_Obj* const*)+0x2b) [0x7f95f1f1f80b]
/opt/Xilinx/Vitis_HLS/2020.2/lib/lnx64.o/libtcl8.5.so(+0x3356f) [0x7f9606a8856f]
/opt/Xilinx/Vitis_HLS/2020.2/lib/lnx64.o/libtcl8.5.so(+0x76945) [0x7f9606acb945]
/opt/Xilinx/Vitis_HLS/2020.2/lib/lnx64.o/libtcl8.5.so(TclObjInterpProcCore+0x420) [0x7f9606b0ced0]
/opt/Xilinx/Vitis_HLS/2020.2/lib/lnx64.o/libtcl8.5.so(+0x3356f) [0x7f9606a8856f]
/opt/Xilinx/Vitis_HLS/2020.2/lib/lnx64.o/libtcl8.5.so(+0x76945) [0x7f9606acb945]
/opt/Xilinx/Vitis_HLS/2020.2/lib/lnx64.o/libtcl8.5.so(+0x7e0f9) [0x7f9606ad30f9]
/opt/Xilinx/Vitis_HLS/2020.2/lib/lnx64.o/libtcl8.5.so(TclEvalObjEx+0x76) [0x7f9606a8a216]
/opt/Xilinx/Vitis_HLS/2020.2/lib/lnx64.o/librdi_commontasks.so(+0x1db9d7) [0x7f95f9f6f9d7]
/opt/Xilinx/Vitis_HLS/2020.2/lib/lnx64.o/libtcl8.5.so(+0x3356f) [0x7f9606a8856f]
/opt/Xilinx/Vitis_HLS/2020.2/lib/lnx64.o/libtcl8.5.so(+0x76945) [0x7f9606acb945]
/opt/Xilinx/Vitis_HLS/2020.2/lib/lnx64.o/libtcl8.5.so(Tcl_ExprObj+0xf8) [0x7f9606ad2cd8]
/opt/Xilinx/Vitis_HLS/2020.2/lib/lnx64.o/libtcl8.5.so(Tcl_ExprBooleanObj+0x16) [0x7f9606a88f56]
/opt/Xilinx/Vitis_HLS/2020.2/lib/lnx64.o/libtcl8.5.so(+0x3e7ae) [0x7f9606a937ae]
/opt/Xilinx/Vitis_HLS/2020.2/lib/lnx64.o/libtcl8.5.so(+0x3356f) [0x7f9606a8856f]
/opt/Xilinx/Vitis_HLS/2020.2/lib/lnx64.o/libtcl8.5.so(+0x34bf8) [0x7f9606a89bf8]
/opt/Xilinx/Vitis_HLS/2020.2/lib/lnx64.o/libtcl8.5.so(Tcl_EvalEx+0x13) [0x7f9606a8a163]
/opt/Xilinx/Vitis_HLS/2020.2/lib/lnx64.o/libtcl8.5.so(Tcl_Eval+0x15) [0x7f9606a8a185]
/opt/Xilinx/Vitis_HLS/2020.2/lib/lnx64.o/libhls_main.so(+0xa3071) [0x7f95f21f5071]
/opt/Xilinx/Vitis_HLS/2020.2/lib/lnx64.o/libhls_support.so(xpcl::TclCommand::callbackInternal(int, Tcl_Obj* const*)+0x5ed) [0x7f95f1f1abcd]
/opt/Xilinx/Vitis_HLS/2020.2/lib/lnx64.o/libhls_support.so(xpcl::TclCommand::callback(int, Tcl_Obj* const*)+0x2b) [0x7f95f1f1f80b]
/opt/Xilinx/Vitis_HLS/2020.2/lib/lnx64.o/libtcl8.5.so(+0x3356f) [0x7f9606a8856f]
/opt/Xilinx/Vitis_HLS/2020.2/lib/lnx64.o/libtcl8.5.so(+0x34bf8) [0x7f9606a89bf8]
/opt/Xilinx/Vitis_HLS/2020.2/lib/lnx64.o/libtcl8.5.so(Tcl_EvalEx+0x13) [0x7f9606a8a163]
/opt/Xilinx/Vitis_HLS/2020.2/lib/lnx64.o/libtcl8.5.so(Tcl_FSEvalFileEx+0x1da) [0x7f9606aeed2a]
/opt/Xilinx/Vitis_HLS/2020.2/lib/lnx64.o/libhls_main.so(ApSourceTclFile(std::__cxx11::basic_string<char, std::char_traits<char>, std::allocator<char> > const&, char const*)+0x77) [0x7f95f21e8257]
/opt/Xilinx/Vitis_HLS/2020.2/lib/lnx64.o/libhls_main.so(+0x9b4d9) [0x7f95f21ed4d9]
/opt/Xilinx/Vitis_HLS/2020.2/lib/lnx64.o/libhls_support.so(xpcl::TclCommand::callbackInternal(int, Tcl_Obj* const*)+0x5ed) [0x7f95f1f1abcd]
/opt/Xilinx/Vitis_HLS/2020.2/lib/lnx64.o/libhls_support.so(xpcl::TclCommand::callback(int, Tcl_Obj* const*)+0x2b) [0x7f95f1f1f80b]
/opt/Xilinx/Vitis_HLS/2020.2/lib/lnx64.o/libtcl8.5.so(+0x3356f) [0x7f9606a8856f]
/opt/Xilinx/Vitis_HLS/2020.2/lib/lnx64.o/libtcl8.5.so(Tcl_EvalObjv+0x32) [0x7f9606a886a2]
/opt/Xilinx/Vitis_HLS/2020.2/lib/lnx64.o/libtcl8.5.so(TclEvalObjEx+0x322) [0x7f9606a8a4c2]
/opt/Xilinx/Vitis_HLS/2020.2/lib/lnx64.o/libtcl8.5.so(+0xb7637) [0x7f9606b0c637]
/opt/Xilinx/Vitis_HLS/2020.2/lib/lnx64.o/libtcl8.5.so(+0x3356f) [0x7f9606a8856f]
/opt/Xilinx/Vitis_HLS/2020.2/lib/lnx64.o/libtcl8.5.so(+0x76945) [0x7f9606acb945]
/opt/Xilinx/Vitis_HLS/2020.2/lib/lnx64.o/libtcl8.5.so(+0x7e0f9) [0x7f9606ad30f9]
/opt/Xilinx/Vitis_HLS/2020.2/lib/lnx64.o/libtcl8.5.so(TclEvalObjEx+0x76) [0x7f9606a8a216]
/opt/Xilinx/Vitis_HLS/2020.2/lib/lnx64.o/librdi_commontasks.so(+0x1db9d7) [0x7f95f9f6f9d7]
/opt/Xilinx/Vitis_HLS/2020.2/lib/lnx64.o/libtcl8.5.so(+0x3356f) [0x7f9606a8856f]
/opt/Xilinx/Vitis_HLS/2020.2/lib/lnx64.o/libtcl8.5.so(+0x76945) [0x7f9606acb945]
/opt/Xilinx/Vitis_HLS/2020.2/lib/lnx64.o/libtcl8.5.so(+0x7e0f9) [0x7f9606ad30f9]
/opt/Xilinx/Vitis_HLS/2020.2/lib/lnx64.o/libtcl8.5.so(TclEvalObjEx+0x76) [0x7f9606a8a216]
/opt/Xilinx/Vitis_HLS/2020.2/lib/lnx64.o/librdi_commontasks.so(+0x1dc832) [0x7f95f9f70832]
/opt/Xilinx/Vitis_HLS/2020.2/lib/lnx64.o/libtcl8.5.so(+0x3356f) [0x7f9606a8856f]
/opt/Xilinx/Vitis_HLS/2020.2/lib/lnx64.o/libtcl8.5.so(+0x76945) [0x7f9606acb945]
/opt/Xilinx/Vitis_HLS/2020.2/lib/lnx64.o/libtcl8.5.so(TclObjInterpProcCore+0x420) [0x7f9606b0ced0]
/opt/Xilinx/Vitis_HLS/2020.2/lib/lnx64.o/libtcl8.5.so(+0x3356f) [0x7f9606a8856f]
/opt/Xilinx/Vitis_HLS/2020.2/lib/lnx64.o/libtcl8.5.so(+0x76945) [0x7f9606acb945]
/opt/Xilinx/Vitis_HLS/2020.2/lib/lnx64.o/libtcl8.5.so(TclObjInterpProcCore+0x420) [0x7f9606b0ced0]
/opt/Xilinx/Vitis_HLS/2020.2/lib/lnx64.o/libtcl8.5.so(+0x3356f) [0x7f9606a8856f]
/opt/Xilinx/Vitis_HLS/2020.2/lib/lnx64.o/libtcl8.5.so(+0x76945) [0x7f9606acb945]
/opt/Xilinx/Vitis_HLS/2020.2/lib/lnx64.o/libtcl8.5.so(+0x7e0f9) [0x7f9606ad30f9]
/opt/Xilinx/Vitis_HLS/2020.2/lib/lnx64.o/libtcl8.5.so(TclEvalObjEx+0x76) [0x7f9606a8a216]
/opt/Xilinx/Vitis_HLS/2020.2/lib/lnx64.o/librdi_commontasks.so(+0x1db9d7) [0x7f95f9f6f9d7]
/opt/Xilinx/Vitis_HLS/2020.2/lib/lnx64.o/libtcl8.5.so(+0x3356f) [0x7f9606a8856f]
/opt/Xilinx/Vitis_HLS/2020.2/lib/lnx64.o/libtcl8.5.so(+0x76945) [0x7f9606acb945]
/opt/Xilinx/Vitis_HLS/2020.2/lib/lnx64.o/libtcl8.5.so(Tcl_ExprObj+0xf8) [0x7f9606ad2cd8]
/opt/Xilinx/Vitis_HLS/2020.2/lib/lnx64.o/libtcl8.5.so(Tcl_ExprBooleanObj+0x16) [0x7f9606a88f56]
/opt/Xilinx/Vitis_HLS/2020.2/lib/lnx64.o/libtcl8.5.so(+0x3e7ae) [0x7f9606a937ae]
/opt/Xilinx/Vitis_HLS/2020.2/lib/lnx64.o/libtcl8.5.so(+0x3356f) [0x7f9606a8856f]
/opt/Xilinx/Vitis_HLS/2020.2/lib/lnx64.o/libtcl8.5.so(+0x34bf8) [0x7f9606a89bf8]
/opt/Xilinx/Vitis_HLS/2020.2/lib/lnx64.o/libtcl8.5.so(Tcl_EvalEx+0x13) [0x7f9606a8a163]
/opt/Xilinx/Vitis_HLS/2020.2/lib/lnx64.o/libtcl8.5.so(Tcl_Eval+0x15) [0x7f9606a8a185]
/opt/Xilinx/Vitis_HLS/2020.2/lib/lnx64.o/libhls_main.so(+0xa3071) [0x7f95f21f5071]
/opt/Xilinx/Vitis_HLS/2020.2/lib/lnx64.o/libhls_support.so(xpcl::TclCommand::callbackInternal(int, Tcl_Obj* const*)+0x5ed) [0x7f95f1f1abcd]
/opt/Xilinx/Vitis_HLS/2020.2/lib/lnx64.o/libhls_support.so(xpcl::TclCommand::callback(int, Tcl_Obj* const*)+0x2b) [0x7f95f1f1f80b]
/opt/Xilinx/Vitis_HLS/2020.2/lib/lnx64.o/libtcl8.5.so(+0x3356f) [0x7f9606a8856f]
/opt/Xilinx/Vitis_HLS/2020.2/lib/lnx64.o/libtcl8.5.so(+0x34bf8) [0x7f9606a89bf8]
/opt/Xilinx/Vitis_HLS/2020.2/lib/lnx64.o/libtcl8.5.so(Tcl_EvalEx+0x13) [0x7f9606a8a163]
/opt/Xilinx/Vitis_HLS/2020.2/lib/lnx64.o/libtcl8.5.so(TclEvalObjEx+0x1e0) [0x7f9606a8a380]
/opt/Xilinx/Vitis_HLS/2020.2/lib/lnx64.o/libtcl8.5.so(+0x3b445) [0x7f9606a90445]
/opt/Xilinx/Vitis_HLS/2020.2/lib/lnx64.o/libtcl8.5.so(+0x3356f) [0x7f9606a8856f]
/opt/Xilinx/Vitis_HLS/2020.2/lib/lnx64.o/libtcl8.5.so(+0x76945) [0x7f9606acb945]
/opt/Xilinx/Vitis_HLS/2020.2/lib/lnx64.o/libtcl8.5.so(+0x7e0f9) [0x7f9606ad30f9]
/opt/Xilinx/Vitis_HLS/2020.2/lib/lnx64.o/libtcl8.5.so(TclEvalObjEx+0x76) [0x7f9606a8a216]
/opt/Xilinx/Vitis_HLS/2020.2/lib/lnx64.o/librdi_commontasks.so(+0x1db9d7) [0x7f95f9f6f9d7]
/opt/Xilinx/Vitis_HLS/2020.2/lib/lnx64.o/libtcl8.5.so(+0x3356f) [0x7f9606a8856f]
/opt/Xilinx/Vitis_HLS/2020.2/lib/lnx64.o/libtcl8.5.so(+0x76945) [0x7f9606acb945]
/opt/Xilinx/Vitis_HLS/2020.2/lib/lnx64.o/libtcl8.5.so(TclObjInterpProcCore+0x420) [0x7f9606b0ced0]
/opt/Xilinx/Vitis_HLS/2020.2/lib/lnx64.o/libtcl8.5.so(+0x3356f) [0x7f9606a8856f]
/opt/Xilinx/Vitis_HLS/2020.2/lib/lnx64.o/libtcl8.5.so(+0x76945) [0x7f9606acb945]
/opt/Xilinx/Vitis_HLS/2020.2/lib/lnx64.o/libtcl8.5.so(TclObjInterpProcCore+0x420) [0x7f9606b0ced0]
/opt/Xilinx/Vitis_HLS/2020.2/lib/lnx64.o/libtcl8.5.so(+0x3356f) [0x7f9606a8856f]
/opt/Xilinx/Vitis_HLS/2020.2/lib/lnx64.o/libtcl8.5.so(+0x34bf8) [0x7f9606a89bf8]
/opt/Xilinx/Vitis_HLS/2020.2/lib/lnx64.o/libtcl8.5.so(Tcl_EvalEx+0x13) [0x7f9606a8a163]
/opt/Xilinx/Vitis_HLS/2020.2/lib/lnx64.o/libtcl8.5.so(Tcl_Eval+0x15) [0x7f9606a8a185]
/opt/Xilinx/Vitis_HLS/2020.2/lib/lnx64.o/libhls_support.so(xpcl::TclManager::tclAppInit(Tcl_Interp*)+0x233) [0x7f95f1f1d063]
/opt/Xilinx/Vitis_HLS/2020.2/lib/lnx64.o/libhls_support.so(xpcl::TclManager::issueFromTcl(Tcl_Interp*, bool)+0x14e) [0x7f95f1f1d26e]
/opt/Xilinx/Vitis_HLS/2020.2/lib/lnx64.o/librdi_hlstasks.so(+0x9d7f) [0x7f95f2698d7f]
/opt/Xilinx/Vitis_HLS/2020.2/lib/lnx64.o/librdi_common.so(+0x9cfb1d) [0x7f960c973b1d]
/opt/Xilinx/Vitis_HLS/2020.2/lib/lnx64.o/libtcl8.5.so(+0x3356f) [0x7f9606a8856f]
/opt/Xilinx/Vitis_HLS/2020.2/lib/lnx64.o/libtcl8.5.so(+0x34bf8) [0x7f9606a89bf8]
/opt/Xilinx/Vitis_HLS/2020.2/lib/lnx64.o/libtcl8.5.so(Tcl_EvalEx+0x13) [0x7f9606a8a163]
/opt/Xilinx/Vitis_HLS/2020.2/lib/lnx64.o/libtcl8.5.so(TclEvalObjEx+0x3cf) [0x7f9606a8a56f]
/opt/Xilinx/Vitis_HLS/2020.2/lib/lnx64.o/libtcl8.5.so(+0xb7589) [0x7f9606b0c589]
/opt/Xilinx/Vitis_HLS/2020.2/lib/lnx64.o/libtcl8.5.so(+0x3356f) [0x7f9606a8856f]
/opt/Xilinx/Vitis_HLS/2020.2/lib/lnx64.o/libtcl8.5.so(+0x76945) [0x7f9606acb945]
/opt/Xilinx/Vitis_HLS/2020.2/lib/lnx64.o/libtcl8.5.so(TclObjInterpProcCore+0x420) [0x7f9606b0ced0]
/opt/Xilinx/Vitis_HLS/2020.2/lib/lnx64.o/libtcl8.5.so(+0x3356f) [0x7f9606a8856f]
/opt/Xilinx/Vitis_HLS/2020.2/lib/lnx64.o/libtcl8.5.so(+0x76945) [0x7f9606acb945]
/opt/Xilinx/Vitis_HLS/2020.2/lib/lnx64.o/libtcl8.5.so(+0x7e0f9) [0x7f9606ad30f9]
/opt/Xilinx/Vitis_HLS/2020.2/lib/lnx64.o/libtcl8.5.so(TclEvalObjEx+0x76) [0x7f9606a8a216]
/opt/Xilinx/Vitis_HLS/2020.2/lib/lnx64.o/librdi_commontasks.so(+0x1dba74) [0x7f95f9f6fa74]
/opt/Xilinx/Vitis_HLS/2020.2/lib/lnx64.o/libtcl8.5.so(+0x3356f) [0x7f9606a8856f]
/opt/Xilinx/Vitis_HLS/2020.2/lib/lnx64.o/libtcl8.5.so(+0x34bf8) [0x7f9606a89bf8]
/opt/Xilinx/Vitis_HLS/2020.2/lib/lnx64.o/libtcl8.5.so(+0xad566) [0x7f9606b02566]
/opt/Xilinx/Vitis_HLS/2020.2/lib/lnx64.o/libtcl8.5.so(+0x34785) [0x7f9606a89785]
/opt/Xilinx/Vitis_HLS/2020.2/lib/lnx64.o/libtcl8.5.so(Tcl_EvalEx+0x13) [0x7f9606a8a163]
/opt/Xilinx/Vitis_HLS/2020.2/lib/lnx64.o/libtcl8.5.so(Tcl_FSEvalFileEx+0x1da) [0x7f9606aeed2a]
/opt/Xilinx/Vitis_HLS/2020.2/lib/lnx64.o/librdi_commontasks.so(+0x1f8c0d) [0x7f95f9f8cc0d]
/opt/Xilinx/Vitis_HLS/2020.2/lib/lnx64.o/librdi_common.so(+0x9cfb1d) [0x7f960c973b1d]
/opt/Xilinx/Vitis_HLS/2020.2/lib/lnx64.o/libtcl8.5.so(+0x3356f) [0x7f9606a8856f]
/opt/Xilinx/Vitis_HLS/2020.2/lib/lnx64.o/libtcl8.5.so(Tcl_EvalObjv+0x32) [0x7f9606a886a2]
/opt/Xilinx/Vitis_HLS/2020.2/lib/lnx64.o/libtcl8.5.so(TclEvalObjEx+0x322) [0x7f9606a8a4c2]
/opt/Xilinx/Vitis_HLS/2020.2/lib/lnx64.o/librdi_commontasks.so(+0x23f1d9) [0x7f95f9fd31d9]
/opt/Xilinx/Vitis_HLS/2020.2/lib/lnx64.o/librdi_commontasks.so(+0x240bde) [0x7f95f9fd4bde]
/opt/Xilinx/Vitis_HLS/2020.2/lib/lnx64.o/librdi_common.so(+0x9cfb1d) [0x7f960c973b1d]
/opt/Xilinx/Vitis_HLS/2020.2/lib/lnx64.o/libtcl8.5.so(+0x3356f) [0x7f9606a8856f]
/opt/Xilinx/Vitis_HLS/2020.2/lib/lnx64.o/libtcl8.5.so(Tcl_EvalObjv+0x32) [0x7f9606a886a2]
/opt/Xilinx/Vitis_HLS/2020.2/lib/lnx64.o/libtcl8.5.so(TclEvalObjEx+0x322) [0x7f9606a8a4c2]
/opt/Xilinx/Vitis_HLS/2020.2/lib/lnx64.o/librdi_commonmain.so(+0xad53) [0x7f960bd9cd53]
/opt/Xilinx/Vitis_HLS/2020.2/lib/lnx64.o/libtcl8.5.so(Tcl_Main+0x1d0) [0x7f9606af52f0]
/opt/Xilinx/Vitis_HLS/2020.2/lib/lnx64.o/librdi_common.so(+0xa1442b) [0x7f960c9b842b]
/lib/x86_64-linux-gnu/libpthread.so.0(+0x76db) [0x7f96031fa6db]
/lib/x86_64-linux-gnu/libc.so.6(clone+0x3f) [0x7f960b51e71f]
