
*** Running vivado
    with args -log bd_0_hls_inst_0.vds -m64 -product Vivado -mode batch -messageDb vivado.pb -notrace -source bd_0_hls_inst_0.tcl


****** Vivado v2020.2 (64-bit)
  **** SW Build 3064766 on Wed Nov 18 09:12:47 MST 2020
  **** IP Build 3064653 on Wed Nov 18 14:17:31 MST 2020
    ** Copyright 1986-2020 Xilinx, Inc. All Rights Reserved.

source bd_0_hls_inst_0.tcl -notrace
INFO: [IP_Flow 19-234] Refreshing IP repositories
INFO: [IP_Flow 19-1700] Loaded user IP repository '/home/nanwu/GNN_DFG/bb/dfg_12/project_tmp/solution_tmp/impl/ip'.
INFO: [IP_Flow 19-2313] Loaded Vivado IP repository '/opt/Xilinx/Vivado/2020.2/data/ip'.
Command: synth_design -top bd_0_hls_inst_0 -part xc7z020clg484-1 -directive sdx_optimization_effort_high -mode out_of_context
Starting synth_design
Attempting to get a license for feature 'Synthesis' and/or device 'xc7z020'
INFO: [Common 17-349] Got license for feature 'Synthesis' and/or device 'xc7z020'
INFO: [Device 21-403] Loading part xc7z020clg484-1
INFO: [Synth 8-7079] Multithreading enabled for synth_design using a maximum of 4 processes.
INFO: [Synth 8-7078] Launching helper process for spawning children vivado processes
INFO: [Synth 8-7075] Helper process launched with PID 4259
---------------------------------------------------------------------------------
Starting RTL Elaboration : Time (s): cpu = 00:00:04 ; elapsed = 00:00:07 . Memory (MB): peak = 2394.453 ; gain = 0.000 ; free physical = 15723 ; free virtual = 125189
---------------------------------------------------------------------------------
INFO: [Synth 8-6157] synthesizing module 'bd_0_hls_inst_0' [/home/nanwu/GNN_DFG/bb/dfg_12/project_tmp/solution_tmp/impl/verilog/project.gen/sources_1/bd/bd_0/ip/bd_0_hls_inst_0/synth/bd_0_hls_inst_0.v:58]
INFO: [Synth 8-6157] synthesizing module 'fn1' [/home/nanwu/GNN_DFG/bb/dfg_12/project_tmp/solution_tmp/impl/verilog/project.gen/sources_1/bd/bd_0/ipshared/6d3f/hdl/verilog/fn1.v:12]
	Parameter ap_ST_fsm_state1 bound to: 60'b000000000000000000000000000000000000000000000000000000000001 
	Parameter ap_ST_fsm_state2 bound to: 60'b000000000000000000000000000000000000000000000000000000000010 
	Parameter ap_ST_fsm_state3 bound to: 60'b000000000000000000000000000000000000000000000000000000000100 
	Parameter ap_ST_fsm_state4 bound to: 60'b000000000000000000000000000000000000000000000000000000001000 
	Parameter ap_ST_fsm_state5 bound to: 60'b000000000000000000000000000000000000000000000000000000010000 
	Parameter ap_ST_fsm_state6 bound to: 60'b000000000000000000000000000000000000000000000000000000100000 
	Parameter ap_ST_fsm_state7 bound to: 60'b000000000000000000000000000000000000000000000000000001000000 
	Parameter ap_ST_fsm_state8 bound to: 60'b000000000000000000000000000000000000000000000000000010000000 
	Parameter ap_ST_fsm_state9 bound to: 60'b000000000000000000000000000000000000000000000000000100000000 
	Parameter ap_ST_fsm_state10 bound to: 60'b000000000000000000000000000000000000000000000000001000000000 
	Parameter ap_ST_fsm_state11 bound to: 60'b000000000000000000000000000000000000000000000000010000000000 
	Parameter ap_ST_fsm_state12 bound to: 60'b000000000000000000000000000000000000000000000000100000000000 
	Parameter ap_ST_fsm_state13 bound to: 60'b000000000000000000000000000000000000000000000001000000000000 
	Parameter ap_ST_fsm_state14 bound to: 60'b000000000000000000000000000000000000000000000010000000000000 
	Parameter ap_ST_fsm_state15 bound to: 60'b000000000000000000000000000000000000000000000100000000000000 
	Parameter ap_ST_fsm_state16 bound to: 60'b000000000000000000000000000000000000000000001000000000000000 
	Parameter ap_ST_fsm_state17 bound to: 60'b000000000000000000000000000000000000000000010000000000000000 
	Parameter ap_ST_fsm_state18 bound to: 60'b000000000000000000000000000000000000000000100000000000000000 
	Parameter ap_ST_fsm_state19 bound to: 60'b000000000000000000000000000000000000000001000000000000000000 
	Parameter ap_ST_fsm_state20 bound to: 60'b000000000000000000000000000000000000000010000000000000000000 
	Parameter ap_ST_fsm_state21 bound to: 60'b000000000000000000000000000000000000000100000000000000000000 
	Parameter ap_ST_fsm_state22 bound to: 60'b000000000000000000000000000000000000001000000000000000000000 
	Parameter ap_ST_fsm_state23 bound to: 60'b000000000000000000000000000000000000010000000000000000000000 
	Parameter ap_ST_fsm_state24 bound to: 60'b000000000000000000000000000000000000100000000000000000000000 
	Parameter ap_ST_fsm_state25 bound to: 60'b000000000000000000000000000000000001000000000000000000000000 
	Parameter ap_ST_fsm_state26 bound to: 60'b000000000000000000000000000000000010000000000000000000000000 
	Parameter ap_ST_fsm_state27 bound to: 60'b000000000000000000000000000000000100000000000000000000000000 
	Parameter ap_ST_fsm_state28 bound to: 60'b000000000000000000000000000000001000000000000000000000000000 
	Parameter ap_ST_fsm_state29 bound to: 60'b000000000000000000000000000000010000000000000000000000000000 
	Parameter ap_ST_fsm_state30 bound to: 60'b000000000000000000000000000000100000000000000000000000000000 
	Parameter ap_ST_fsm_state31 bound to: 60'b000000000000000000000000000001000000000000000000000000000000 
	Parameter ap_ST_fsm_state32 bound to: 60'b000000000000000000000000000010000000000000000000000000000000 
	Parameter ap_ST_fsm_state33 bound to: 60'b000000000000000000000000000100000000000000000000000000000000 
	Parameter ap_ST_fsm_state34 bound to: 60'b000000000000000000000000001000000000000000000000000000000000 
	Parameter ap_ST_fsm_state35 bound to: 60'b000000000000000000000000010000000000000000000000000000000000 
	Parameter ap_ST_fsm_state36 bound to: 60'b000000000000000000000000100000000000000000000000000000000000 
	Parameter ap_ST_fsm_state37 bound to: 60'b000000000000000000000001000000000000000000000000000000000000 
	Parameter ap_ST_fsm_state38 bound to: 60'b000000000000000000000010000000000000000000000000000000000000 
	Parameter ap_ST_fsm_state39 bound to: 60'b000000000000000000000100000000000000000000000000000000000000 
	Parameter ap_ST_fsm_state40 bound to: 60'b000000000000000000001000000000000000000000000000000000000000 
	Parameter ap_ST_fsm_state41 bound to: 60'b000000000000000000010000000000000000000000000000000000000000 
	Parameter ap_ST_fsm_state42 bound to: 60'b000000000000000000100000000000000000000000000000000000000000 
	Parameter ap_ST_fsm_state43 bound to: 60'b000000000000000001000000000000000000000000000000000000000000 
	Parameter ap_ST_fsm_state44 bound to: 60'b000000000000000010000000000000000000000000000000000000000000 
	Parameter ap_ST_fsm_state45 bound to: 60'b000000000000000100000000000000000000000000000000000000000000 
	Parameter ap_ST_fsm_state46 bound to: 60'b000000000000001000000000000000000000000000000000000000000000 
	Parameter ap_ST_fsm_state47 bound to: 60'b000000000000010000000000000000000000000000000000000000000000 
	Parameter ap_ST_fsm_state48 bound to: 60'b000000000000100000000000000000000000000000000000000000000000 
	Parameter ap_ST_fsm_state49 bound to: 60'b000000000001000000000000000000000000000000000000000000000000 
	Parameter ap_ST_fsm_state50 bound to: 60'b000000000010000000000000000000000000000000000000000000000000 
	Parameter ap_ST_fsm_state51 bound to: 60'b000000000100000000000000000000000000000000000000000000000000 
	Parameter ap_ST_fsm_state52 bound to: 60'b000000001000000000000000000000000000000000000000000000000000 
	Parameter ap_ST_fsm_state53 bound to: 60'b000000010000000000000000000000000000000000000000000000000000 
	Parameter ap_ST_fsm_state54 bound to: 60'b000000100000000000000000000000000000000000000000000000000000 
	Parameter ap_ST_fsm_state55 bound to: 60'b000001000000000000000000000000000000000000000000000000000000 
	Parameter ap_ST_fsm_state56 bound to: 60'b000010000000000000000000000000000000000000000000000000000000 
	Parameter ap_ST_fsm_state57 bound to: 60'b000100000000000000000000000000000000000000000000000000000000 
	Parameter ap_ST_fsm_state58 bound to: 60'b001000000000000000000000000000000000000000000000000000000000 
	Parameter ap_ST_fsm_state59 bound to: 60'b010000000000000000000000000000000000000000000000000000000000 
	Parameter ap_ST_fsm_state60 bound to: 60'b100000000000000000000000000000000000000000000000000000000000 
INFO: [Synth 8-6157] synthesizing module 'fn1_faddfsub_32ns_32ns_32_5_full_dsp_1' [/home/nanwu/GNN_DFG/bb/dfg_12/project_tmp/solution_tmp/impl/verilog/project.gen/sources_1/bd/bd_0/ipshared/6d3f/hdl/verilog/fn1_faddfsub_32ns_32ns_32_5_full_dsp_1.v:8]
	Parameter ID bound to: 1 - type: integer 
	Parameter NUM_STAGE bound to: 5 - type: integer 
	Parameter din0_WIDTH bound to: 32 - type: integer 
	Parameter din1_WIDTH bound to: 32 - type: integer 
	Parameter dout_WIDTH bound to: 32 - type: integer 
INFO: [Synth 8-6157] synthesizing module 'fn1_ap_faddfsub_3_full_dsp_32' [/home/nanwu/GNN_DFG/bb/dfg_12/project_tmp/solution_tmp/impl/verilog/project.gen/sources_1/bd/bd_0/ipshared/6d3f/hdl/ip/fn1_ap_faddfsub_3_full_dsp_32.v:60]
INFO: [Synth 8-6157] synthesizing module 'LUT1' [/opt/Xilinx/Vivado/2020.2/scripts/rt/data/unisim_comp.v:39137]
INFO: [Synth 8-6155] done synthesizing module 'LUT1' (1#1) [/opt/Xilinx/Vivado/2020.2/scripts/rt/data/unisim_comp.v:39137]
INFO: [Synth 8-6155] done synthesizing module 'fn1_ap_faddfsub_3_full_dsp_32' (20#1) [/home/nanwu/GNN_DFG/bb/dfg_12/project_tmp/solution_tmp/impl/verilog/project.gen/sources_1/bd/bd_0/ipshared/6d3f/hdl/ip/fn1_ap_faddfsub_3_full_dsp_32.v:60]
INFO: [Synth 8-6155] done synthesizing module 'fn1_faddfsub_32ns_32ns_32_5_full_dsp_1' (21#1) [/home/nanwu/GNN_DFG/bb/dfg_12/project_tmp/solution_tmp/impl/verilog/project.gen/sources_1/bd/bd_0/ipshared/6d3f/hdl/verilog/fn1_faddfsub_32ns_32ns_32_5_full_dsp_1.v:8]
INFO: [Synth 8-6157] synthesizing module 'fn1_fmul_32ns_32ns_32_4_max_dsp_1' [/home/nanwu/GNN_DFG/bb/dfg_12/project_tmp/solution_tmp/impl/verilog/project.gen/sources_1/bd/bd_0/ipshared/6d3f/hdl/verilog/fn1_fmul_32ns_32ns_32_4_max_dsp_1.v:8]
	Parameter ID bound to: 1 - type: integer 
	Parameter NUM_STAGE bound to: 4 - type: integer 
	Parameter din0_WIDTH bound to: 32 - type: integer 
	Parameter din1_WIDTH bound to: 32 - type: integer 
	Parameter dout_WIDTH bound to: 32 - type: integer 
INFO: [Synth 8-6157] synthesizing module 'fn1_ap_fmul_2_max_dsp_32' [/home/nanwu/GNN_DFG/bb/dfg_12/project_tmp/solution_tmp/impl/verilog/project.gen/sources_1/bd/bd_0/ipshared/6d3f/hdl/ip/fn1_ap_fmul_2_max_dsp_32.v:60]
INFO: [Synth 8-6155] done synthesizing module 'fn1_ap_fmul_2_max_dsp_32' (29#1) [/home/nanwu/GNN_DFG/bb/dfg_12/project_tmp/solution_tmp/impl/verilog/project.gen/sources_1/bd/bd_0/ipshared/6d3f/hdl/ip/fn1_ap_fmul_2_max_dsp_32.v:60]
INFO: [Synth 8-6155] done synthesizing module 'fn1_fmul_32ns_32ns_32_4_max_dsp_1' (30#1) [/home/nanwu/GNN_DFG/bb/dfg_12/project_tmp/solution_tmp/impl/verilog/project.gen/sources_1/bd/bd_0/ipshared/6d3f/hdl/verilog/fn1_fmul_32ns_32ns_32_4_max_dsp_1.v:8]
INFO: [Synth 8-6157] synthesizing module 'fn1_uitofp_32ns_32_6_no_dsp_1' [/home/nanwu/GNN_DFG/bb/dfg_12/project_tmp/solution_tmp/impl/verilog/project.gen/sources_1/bd/bd_0/ipshared/6d3f/hdl/verilog/fn1_uitofp_32ns_32_6_no_dsp_1.v:8]
	Parameter ID bound to: 1 - type: integer 
	Parameter NUM_STAGE bound to: 6 - type: integer 
	Parameter din0_WIDTH bound to: 32 - type: integer 
	Parameter dout_WIDTH bound to: 32 - type: integer 
INFO: [Synth 8-6157] synthesizing module 'fn1_ap_uitofp_4_no_dsp_32' [/home/nanwu/GNN_DFG/bb/dfg_12/project_tmp/solution_tmp/impl/verilog/project.gen/sources_1/bd/bd_0/ipshared/6d3f/hdl/ip/fn1_ap_uitofp_4_no_dsp_32.v:60]
INFO: [Synth 8-6155] done synthesizing module 'fn1_ap_uitofp_4_no_dsp_32' (39#1) [/home/nanwu/GNN_DFG/bb/dfg_12/project_tmp/solution_tmp/impl/verilog/project.gen/sources_1/bd/bd_0/ipshared/6d3f/hdl/ip/fn1_ap_uitofp_4_no_dsp_32.v:60]
INFO: [Synth 8-6155] done synthesizing module 'fn1_uitofp_32ns_32_6_no_dsp_1' (40#1) [/home/nanwu/GNN_DFG/bb/dfg_12/project_tmp/solution_tmp/impl/verilog/project.gen/sources_1/bd/bd_0/ipshared/6d3f/hdl/verilog/fn1_uitofp_32ns_32_6_no_dsp_1.v:8]
INFO: [Synth 8-6157] synthesizing module 'fn1_sitofp_64ns_32_6_no_dsp_1' [/home/nanwu/GNN_DFG/bb/dfg_12/project_tmp/solution_tmp/impl/verilog/project.gen/sources_1/bd/bd_0/ipshared/6d3f/hdl/verilog/fn1_sitofp_64ns_32_6_no_dsp_1.v:8]
	Parameter ID bound to: 1 - type: integer 
	Parameter NUM_STAGE bound to: 6 - type: integer 
	Parameter din0_WIDTH bound to: 64 - type: integer 
	Parameter dout_WIDTH bound to: 32 - type: integer 
INFO: [Synth 8-6157] synthesizing module 'fn1_ap_sitofp_4_no_dsp_64' [/home/nanwu/GNN_DFG/bb/dfg_12/project_tmp/solution_tmp/impl/verilog/project.gen/sources_1/bd/bd_0/ipshared/6d3f/hdl/ip/fn1_ap_sitofp_4_no_dsp_64.v:60]
INFO: [Synth 8-6155] done synthesizing module 'fn1_ap_sitofp_4_no_dsp_64' (41#1) [/home/nanwu/GNN_DFG/bb/dfg_12/project_tmp/solution_tmp/impl/verilog/project.gen/sources_1/bd/bd_0/ipshared/6d3f/hdl/ip/fn1_ap_sitofp_4_no_dsp_64.v:60]
INFO: [Synth 8-6155] done synthesizing module 'fn1_sitofp_64ns_32_6_no_dsp_1' (42#1) [/home/nanwu/GNN_DFG/bb/dfg_12/project_tmp/solution_tmp/impl/verilog/project.gen/sources_1/bd/bd_0/ipshared/6d3f/hdl/verilog/fn1_sitofp_64ns_32_6_no_dsp_1.v:8]
INFO: [Synth 8-6157] synthesizing module 'fn1_dadd_64ns_64ns_64_7_full_dsp_1' [/home/nanwu/GNN_DFG/bb/dfg_12/project_tmp/solution_tmp/impl/verilog/project.gen/sources_1/bd/bd_0/ipshared/6d3f/hdl/verilog/fn1_dadd_64ns_64ns_64_7_full_dsp_1.v:8]
	Parameter ID bound to: 1 - type: integer 
	Parameter NUM_STAGE bound to: 7 - type: integer 
	Parameter din0_WIDTH bound to: 64 - type: integer 
	Parameter din1_WIDTH bound to: 64 - type: integer 
	Parameter dout_WIDTH bound to: 64 - type: integer 
INFO: [Synth 8-6157] synthesizing module 'fn1_ap_dadd_5_full_dsp_64' [/home/nanwu/GNN_DFG/bb/dfg_12/project_tmp/solution_tmp/impl/verilog/project.gen/sources_1/bd/bd_0/ipshared/6d3f/hdl/ip/fn1_ap_dadd_5_full_dsp_64.v:60]
INFO: [Synth 8-6155] done synthesizing module 'fn1_ap_dadd_5_full_dsp_64' (52#1) [/home/nanwu/GNN_DFG/bb/dfg_12/project_tmp/solution_tmp/impl/verilog/project.gen/sources_1/bd/bd_0/ipshared/6d3f/hdl/ip/fn1_ap_dadd_5_full_dsp_64.v:60]
INFO: [Synth 8-6155] done synthesizing module 'fn1_dadd_64ns_64ns_64_7_full_dsp_1' (53#1) [/home/nanwu/GNN_DFG/bb/dfg_12/project_tmp/solution_tmp/impl/verilog/project.gen/sources_1/bd/bd_0/ipshared/6d3f/hdl/verilog/fn1_dadd_64ns_64ns_64_7_full_dsp_1.v:8]
INFO: [Synth 8-6157] synthesizing module 'fn1_dmul_64ns_64ns_64_7_max_dsp_1' [/home/nanwu/GNN_DFG/bb/dfg_12/project_tmp/solution_tmp/impl/verilog/project.gen/sources_1/bd/bd_0/ipshared/6d3f/hdl/verilog/fn1_dmul_64ns_64ns_64_7_max_dsp_1.v:8]
	Parameter ID bound to: 1 - type: integer 
	Parameter NUM_STAGE bound to: 7 - type: integer 
	Parameter din0_WIDTH bound to: 64 - type: integer 
	Parameter din1_WIDTH bound to: 64 - type: integer 
	Parameter dout_WIDTH bound to: 64 - type: integer 
INFO: [Synth 8-6157] synthesizing module 'fn1_ap_dmul_5_max_dsp_64' [/home/nanwu/GNN_DFG/bb/dfg_12/project_tmp/solution_tmp/impl/verilog/project.gen/sources_1/bd/bd_0/ipshared/6d3f/hdl/ip/fn1_ap_dmul_5_max_dsp_64.v:60]
INFO: [Synth 8-6155] done synthesizing module 'fn1_ap_dmul_5_max_dsp_64' (55#1) [/home/nanwu/GNN_DFG/bb/dfg_12/project_tmp/solution_tmp/impl/verilog/project.gen/sources_1/bd/bd_0/ipshared/6d3f/hdl/ip/fn1_ap_dmul_5_max_dsp_64.v:60]
INFO: [Synth 8-6155] done synthesizing module 'fn1_dmul_64ns_64ns_64_7_max_dsp_1' (56#1) [/home/nanwu/GNN_DFG/bb/dfg_12/project_tmp/solution_tmp/impl/verilog/project.gen/sources_1/bd/bd_0/ipshared/6d3f/hdl/verilog/fn1_dmul_64ns_64ns_64_7_max_dsp_1.v:8]
INFO: [Synth 8-6157] synthesizing module 'fn1_sitodp_32s_64_6_no_dsp_1' [/home/nanwu/GNN_DFG/bb/dfg_12/project_tmp/solution_tmp/impl/verilog/project.gen/sources_1/bd/bd_0/ipshared/6d3f/hdl/verilog/fn1_sitodp_32s_64_6_no_dsp_1.v:8]
	Parameter ID bound to: 1 - type: integer 
	Parameter NUM_STAGE bound to: 6 - type: integer 
	Parameter din0_WIDTH bound to: 32 - type: integer 
	Parameter dout_WIDTH bound to: 64 - type: integer 
INFO: [Synth 8-6157] synthesizing module 'fn1_ap_sitodp_4_no_dsp_32' [/home/nanwu/GNN_DFG/bb/dfg_12/project_tmp/solution_tmp/impl/verilog/project.gen/sources_1/bd/bd_0/ipshared/6d3f/hdl/ip/fn1_ap_sitodp_4_no_dsp_32.v:60]
INFO: [Synth 8-6155] done synthesizing module 'fn1_ap_sitodp_4_no_dsp_32' (57#1) [/home/nanwu/GNN_DFG/bb/dfg_12/project_tmp/solution_tmp/impl/verilog/project.gen/sources_1/bd/bd_0/ipshared/6d3f/hdl/ip/fn1_ap_sitodp_4_no_dsp_32.v:60]
INFO: [Synth 8-6155] done synthesizing module 'fn1_sitodp_32s_64_6_no_dsp_1' (58#1) [/home/nanwu/GNN_DFG/bb/dfg_12/project_tmp/solution_tmp/impl/verilog/project.gen/sources_1/bd/bd_0/ipshared/6d3f/hdl/verilog/fn1_sitodp_32s_64_6_no_dsp_1.v:8]
INFO: [Synth 8-6157] synthesizing module 'fn1_mul_64ns_65ns_128_5_1' [/home/nanwu/GNN_DFG/bb/dfg_12/project_tmp/solution_tmp/impl/verilog/project.gen/sources_1/bd/bd_0/ipshared/6d3f/hdl/verilog/fn1_mul_64ns_65ns_128_5_1.v:35]
	Parameter ID bound to: 1 - type: integer 
	Parameter NUM_STAGE bound to: 5 - type: integer 
	Parameter din0_WIDTH bound to: 64 - type: integer 
	Parameter din1_WIDTH bound to: 65 - type: integer 
	Parameter dout_WIDTH bound to: 128 - type: integer 
INFO: [Synth 8-6157] synthesizing module 'fn1_mul_64ns_65ns_128_5_1_Multiplier_0' [/home/nanwu/GNN_DFG/bb/dfg_12/project_tmp/solution_tmp/impl/verilog/project.gen/sources_1/bd/bd_0/ipshared/6d3f/hdl/verilog/fn1_mul_64ns_65ns_128_5_1.v:8]
INFO: [Synth 8-6155] done synthesizing module 'fn1_mul_64ns_65ns_128_5_1_Multiplier_0' (59#1) [/home/nanwu/GNN_DFG/bb/dfg_12/project_tmp/solution_tmp/impl/verilog/project.gen/sources_1/bd/bd_0/ipshared/6d3f/hdl/verilog/fn1_mul_64ns_65ns_128_5_1.v:8]
INFO: [Synth 8-6155] done synthesizing module 'fn1_mul_64ns_65ns_128_5_1' (60#1) [/home/nanwu/GNN_DFG/bb/dfg_12/project_tmp/solution_tmp/impl/verilog/project.gen/sources_1/bd/bd_0/ipshared/6d3f/hdl/verilog/fn1_mul_64ns_65ns_128_5_1.v:35]
INFO: [Synth 8-6157] synthesizing module 'fn1_srem_32ns_32ns_32_36_seq_1' [/home/nanwu/GNN_DFG/bb/dfg_12/project_tmp/solution_tmp/impl/verilog/project.gen/sources_1/bd/bd_0/ipshared/6d3f/hdl/verilog/fn1_srem_32ns_32ns_32_36_seq_1.v:178]
	Parameter ID bound to: 1 - type: integer 
	Parameter NUM_STAGE bound to: 36 - type: integer 
	Parameter din0_WIDTH bound to: 32 - type: integer 
	Parameter din1_WIDTH bound to: 32 - type: integer 
	Parameter dout_WIDTH bound to: 32 - type: integer 
INFO: [Synth 8-6157] synthesizing module 'fn1_srem_32ns_32ns_32_36_seq_1_div' [/home/nanwu/GNN_DFG/bb/dfg_12/project_tmp/solution_tmp/impl/verilog/project.gen/sources_1/bd/bd_0/ipshared/6d3f/hdl/verilog/fn1_srem_32ns_32ns_32_36_seq_1.v:87]
	Parameter in0_WIDTH bound to: 32 - type: integer 
	Parameter in1_WIDTH bound to: 32 - type: integer 
	Parameter out_WIDTH bound to: 32 - type: integer 
INFO: [Synth 8-6157] synthesizing module 'fn1_srem_32ns_32ns_32_36_seq_1_div_u' [/home/nanwu/GNN_DFG/bb/dfg_12/project_tmp/solution_tmp/impl/verilog/project.gen/sources_1/bd/bd_0/ipshared/6d3f/hdl/verilog/fn1_srem_32ns_32ns_32_36_seq_1.v:7]
	Parameter in0_WIDTH bound to: 32 - type: integer 
	Parameter in1_WIDTH bound to: 32 - type: integer 
	Parameter out_WIDTH bound to: 32 - type: integer 
	Parameter cal_WIDTH bound to: 32 - type: integer 
INFO: [Synth 8-6155] done synthesizing module 'fn1_srem_32ns_32ns_32_36_seq_1_div_u' (61#1) [/home/nanwu/GNN_DFG/bb/dfg_12/project_tmp/solution_tmp/impl/verilog/project.gen/sources_1/bd/bd_0/ipshared/6d3f/hdl/verilog/fn1_srem_32ns_32ns_32_36_seq_1.v:7]
INFO: [Synth 8-6155] done synthesizing module 'fn1_srem_32ns_32ns_32_36_seq_1_div' (62#1) [/home/nanwu/GNN_DFG/bb/dfg_12/project_tmp/solution_tmp/impl/verilog/project.gen/sources_1/bd/bd_0/ipshared/6d3f/hdl/verilog/fn1_srem_32ns_32ns_32_36_seq_1.v:87]
INFO: [Synth 8-6155] done synthesizing module 'fn1_srem_32ns_32ns_32_36_seq_1' (63#1) [/home/nanwu/GNN_DFG/bb/dfg_12/project_tmp/solution_tmp/impl/verilog/project.gen/sources_1/bd/bd_0/ipshared/6d3f/hdl/verilog/fn1_srem_32ns_32ns_32_36_seq_1.v:178]
INFO: [Synth 8-6155] done synthesizing module 'fn1' (64#1) [/home/nanwu/GNN_DFG/bb/dfg_12/project_tmp/solution_tmp/impl/verilog/project.gen/sources_1/bd/bd_0/ipshared/6d3f/hdl/verilog/fn1.v:12]
INFO: [Synth 8-6155] done synthesizing module 'bd_0_hls_inst_0' (65#1) [/home/nanwu/GNN_DFG/bb/dfg_12/project_tmp/solution_tmp/impl/verilog/project.gen/sources_1/bd/bd_0/ip/bd_0_hls_inst_0/synth/bd_0_hls_inst_0.v:58]
---------------------------------------------------------------------------------
Finished RTL Elaboration : Time (s): cpu = 00:00:13 ; elapsed = 00:00:19 . Memory (MB): peak = 2510.355 ; gain = 115.902 ; free physical = 16917 ; free virtual = 126409
---------------------------------------------------------------------------------
---------------------------------------------------------------------------------
Start Handling Custom Attributes
---------------------------------------------------------------------------------
---------------------------------------------------------------------------------
Finished Handling Custom Attributes : Time (s): cpu = 00:00:14 ; elapsed = 00:00:19 . Memory (MB): peak = 2525.199 ; gain = 130.746 ; free physical = 16893 ; free virtual = 126385
---------------------------------------------------------------------------------
---------------------------------------------------------------------------------
Finished RTL Optimization Phase 1 : Time (s): cpu = 00:00:14 ; elapsed = 00:00:19 . Memory (MB): peak = 2525.199 ; gain = 130.746 ; free physical = 16893 ; free virtual = 126385
---------------------------------------------------------------------------------
Netlist sorting complete. Time (s): cpu = 00:00:00.17 ; elapsed = 00:00:00.16 . Memory (MB): peak = 2531.137 ; gain = 0.000 ; free physical = 16849 ; free virtual = 126348
INFO: [Netlist 29-17] Analyzing 1027 Unisim elements for replacement
INFO: [Netlist 29-28] Unisim Transformation completed in 0 CPU seconds
INFO: [Project 1-570] Preparing netlist for logic optimization

Processing XDC Constraints
Initializing timing engine
Parsing XDC File [/home/nanwu/GNN_DFG/bb/dfg_12/project_tmp/solution_tmp/impl/verilog/project.gen/sources_1/bd/bd_0/ip/bd_0_hls_inst_0/constraints/fn1_ooc.xdc] for cell 'inst'
Finished Parsing XDC File [/home/nanwu/GNN_DFG/bb/dfg_12/project_tmp/solution_tmp/impl/verilog/project.gen/sources_1/bd/bd_0/ip/bd_0_hls_inst_0/constraints/fn1_ooc.xdc] for cell 'inst'
Parsing XDC File [/home/nanwu/GNN_DFG/bb/dfg_12/project_tmp/solution_tmp/impl/verilog/project.runs/bd_0_hls_inst_0_synth_1/dont_touch.xdc]
Finished Parsing XDC File [/home/nanwu/GNN_DFG/bb/dfg_12/project_tmp/solution_tmp/impl/verilog/project.runs/bd_0_hls_inst_0_synth_1/dont_touch.xdc]
Completed Processing XDC Constraints

Netlist sorting complete. Time (s): cpu = 00:00:00 ; elapsed = 00:00:00 . Memory (MB): peak = 2664.980 ; gain = 0.000 ; free physical = 15792 ; free virtual = 125300
INFO: [Project 1-111] Unisim Transformation Summary:
  A total of 54 instances were transformed.
  FDE => FDRE: 54 instances

Constraint Validation Runtime : Time (s): cpu = 00:00:00.32 ; elapsed = 00:00:00.11 . Memory (MB): peak = 2664.980 ; gain = 0.000 ; free physical = 15772 ; free virtual = 125280
---------------------------------------------------------------------------------
Finished Constraint Validation : Time (s): cpu = 00:00:21 ; elapsed = 00:00:26 . Memory (MB): peak = 2664.980 ; gain = 270.527 ; free physical = 17824 ; free virtual = 127341
---------------------------------------------------------------------------------
---------------------------------------------------------------------------------
Start Loading Part and Timing Information
---------------------------------------------------------------------------------
Loading part: xc7z020clg484-1
---------------------------------------------------------------------------------
Finished Loading Part and Timing Information : Time (s): cpu = 00:00:21 ; elapsed = 00:00:26 . Memory (MB): peak = 2664.980 ; gain = 270.527 ; free physical = 17827 ; free virtual = 127344
---------------------------------------------------------------------------------
---------------------------------------------------------------------------------
Start Applying 'set_property' XDC Constraints
---------------------------------------------------------------------------------
Applied set_property KEEP_HIERARCHY = SOFT for inst. (constraint file  /home/nanwu/GNN_DFG/bb/dfg_12/project_tmp/solution_tmp/impl/verilog/project.runs/bd_0_hls_inst_0_synth_1/dont_touch.xdc, line 9).
---------------------------------------------------------------------------------
Finished applying 'set_property' XDC Constraints : Time (s): cpu = 00:00:21 ; elapsed = 00:00:26 . Memory (MB): peak = 2664.980 ; gain = 270.527 ; free physical = 17824 ; free virtual = 127341
---------------------------------------------------------------------------------
INFO: [Synth 8-4490] FSM extraction disabled for register 'ap_CS_fsm_reg' through user attribute
---------------------------------------------------------------------------------
Finished RTL Optimization Phase 2 : Time (s): cpu = 00:00:23 ; elapsed = 00:00:30 . Memory (MB): peak = 2664.980 ; gain = 270.527 ; free physical = 17354 ; free virtual = 126873
---------------------------------------------------------------------------------
INFO: [Synth 8-223] decloning instance 'inst/faddfsub_32ns_32ns_32_5_full_dsp_1_U1/fn1_ap_faddfsub_3_full_dsp_32_u/inst/i_synth/ADDSUB_OP.ADDSUB/DSP.OP/DSP48E1_BODY.ALIGN_ADD/SUB_DELAY' (delay__parameterized0) to 'inst/faddfsub_32ns_32ns_32_5_full_dsp_1_U1/fn1_ap_faddfsub_3_full_dsp_32_u/inst/i_synth/ADDSUB_OP.ADDSUB/DSP.OP/DSP48E1_BODY.ALIGN_ADD/SUB_ADD_IP_DELAY'
INFO: [Synth 8-223] decloning instance 'inst/faddfsub_32ns_32ns_32_5_full_dsp_1_U1/fn1_ap_faddfsub_3_full_dsp_32_u/inst/i_synth/DELAY_DIVIDE_BY_ZERO' (delay__parameterized0) to 'inst/faddfsub_32ns_32ns_32_5_full_dsp_1_U1/fn1_ap_faddfsub_3_full_dsp_32_u/inst/i_synth/DELAY_ACCUM_OVERFLOW'
INFO: [Synth 8-223] decloning instance 'inst/faddfsub_32ns_32ns_32_5_full_dsp_1_U1/fn1_ap_faddfsub_3_full_dsp_32_u/inst/i_synth/DELAY_DIVIDE_BY_ZERO' (delay__parameterized0) to 'inst/faddfsub_32ns_32ns_32_5_full_dsp_1_U1/fn1_ap_faddfsub_3_full_dsp_32_u/inst/i_synth/DELAY_ACCUM_INPUT_OVERFLOW'
INFO: [Synth 8-223] decloning instance 'inst/fmul_32ns_32ns_32_4_max_dsp_1_U2/fn1_ap_fmul_2_max_dsp_32_u/inst/i_synth/DELAY_DIVIDE_BY_ZERO' (delay__parameterized0) to 'inst/fmul_32ns_32ns_32_4_max_dsp_1_U2/fn1_ap_fmul_2_max_dsp_32_u/inst/i_synth/DELAY_ACCUM_OVERFLOW'
INFO: [Synth 8-223] decloning instance 'inst/fmul_32ns_32ns_32_4_max_dsp_1_U2/fn1_ap_fmul_2_max_dsp_32_u/inst/i_synth/DELAY_DIVIDE_BY_ZERO' (delay__parameterized0) to 'inst/fmul_32ns_32ns_32_4_max_dsp_1_U2/fn1_ap_fmul_2_max_dsp_32_u/inst/i_synth/DELAY_ACCUM_INPUT_OVERFLOW'
INFO: [Synth 8-223] decloning instance 'inst/uitofp_32ns_32_6_no_dsp_1_U3/fn1_ap_uitofp_4_no_dsp_32_u/inst/i_synth/FIX_TO_FLT_OP.SPD.OP/ROUND/EXTRA_LSB_BIT_DEL' (delay__parameterized0) to 'inst/uitofp_32ns_32_6_no_dsp_1_U3/fn1_ap_uitofp_4_no_dsp_32_u/inst/i_synth/FIX_TO_FLT_OP.SPD.OP/ROUND/EXTRA_LSB_RND1_DEL'
INFO: [Synth 8-223] decloning instance 'inst/uitofp_32ns_32_6_no_dsp_1_U3/fn1_ap_uitofp_4_no_dsp_32_u/inst/i_synth/FIX_TO_FLT_OP.SPD.OP/ROUND/EXP_INC_DELAY' (delay__parameterized0) to 'inst/uitofp_32ns_32_6_no_dsp_1_U3/fn1_ap_uitofp_4_no_dsp_32_u/inst/i_synth/FIX_TO_FLT_OP.SPD.OP/ROUND/EXP_INC_RND1_DELAY'
INFO: [Synth 8-223] decloning instance 'inst/uitofp_32ns_32_6_no_dsp_1_U3/fn1_ap_uitofp_4_no_dsp_32_u/inst/i_synth/DELAY_INVALID_OP' (delay__parameterized0) to 'inst/uitofp_32ns_32_6_no_dsp_1_U3/fn1_ap_uitofp_4_no_dsp_32_u/inst/i_synth/DELAY_DIVIDE_BY_ZERO'
INFO: [Synth 8-223] decloning instance 'inst/uitofp_32ns_32_6_no_dsp_1_U3/fn1_ap_uitofp_4_no_dsp_32_u/inst/i_synth/DELAY_INVALID_OP' (delay__parameterized0) to 'inst/uitofp_32ns_32_6_no_dsp_1_U3/fn1_ap_uitofp_4_no_dsp_32_u/inst/i_synth/DELAY_OVERFLOW'
INFO: [Synth 8-223] decloning instance 'inst/uitofp_32ns_32_6_no_dsp_1_U3/fn1_ap_uitofp_4_no_dsp_32_u/inst/i_synth/DELAY_INVALID_OP' (delay__parameterized0) to 'inst/uitofp_32ns_32_6_no_dsp_1_U3/fn1_ap_uitofp_4_no_dsp_32_u/inst/i_synth/DELAY_UNDERFLOW'
INFO: [Synth 8-223] decloning instance 'inst/uitofp_32ns_32_6_no_dsp_1_U3/fn1_ap_uitofp_4_no_dsp_32_u/inst/i_synth/DELAY_INVALID_OP' (delay__parameterized0) to 'inst/uitofp_32ns_32_6_no_dsp_1_U3/fn1_ap_uitofp_4_no_dsp_32_u/inst/i_synth/DELAY_ACCUM_OVERFLOW'
INFO: [Synth 8-223] decloning instance 'inst/uitofp_32ns_32_6_no_dsp_1_U3/fn1_ap_uitofp_4_no_dsp_32_u/inst/i_synth/DELAY_INVALID_OP' (delay__parameterized0) to 'inst/uitofp_32ns_32_6_no_dsp_1_U3/fn1_ap_uitofp_4_no_dsp_32_u/inst/i_synth/DELAY_ACCUM_INPUT_OVERFLOW'
INFO: [Synth 8-223] decloning instance 'inst/sitofp_64ns_32_6_no_dsp_1_U4/fn1_ap_sitofp_4_no_dsp_64_u/inst/i_synth/FIX_TO_FLT_OP.SPD.OP/ROUND/EXTRA_LSB_BIT_DEL' (delay__parameterized0) to 'inst/sitofp_64ns_32_6_no_dsp_1_U4/fn1_ap_sitofp_4_no_dsp_64_u/inst/i_synth/FIX_TO_FLT_OP.SPD.OP/ROUND/EXTRA_LSB_RND1_DEL'
INFO: [Synth 8-223] decloning instance 'inst/sitofp_64ns_32_6_no_dsp_1_U4/fn1_ap_sitofp_4_no_dsp_64_u/inst/i_synth/FIX_TO_FLT_OP.SPD.OP/ROUND/EXP_INC_DELAY' (delay__parameterized0) to 'inst/sitofp_64ns_32_6_no_dsp_1_U4/fn1_ap_sitofp_4_no_dsp_64_u/inst/i_synth/FIX_TO_FLT_OP.SPD.OP/ROUND/EXP_INC_RND1_DELAY'
INFO: [Synth 8-223] decloning instance 'inst/sitofp_64ns_32_6_no_dsp_1_U4/fn1_ap_sitofp_4_no_dsp_64_u/inst/i_synth/FIX_TO_FLT_OP.SPD.OP/ROUND/EXP_IN_DELAY.EXP_IN_DEL' (delay__parameterized27) to 'inst/sitofp_64ns_32_6_no_dsp_1_U4/fn1_ap_sitofp_4_no_dsp_64_u/inst/i_synth/FIX_TO_FLT_OP.SPD.OP/ROUND/EXP_RND2_DELAY.EXP_RND_DEL'
INFO: [Synth 8-223] decloning instance 'inst/sitofp_64ns_32_6_no_dsp_1_U4/fn1_ap_sitofp_4_no_dsp_64_u/inst/i_synth/FIX_TO_FLT_OP.SPD.OP/ROUND/EXP_IN_DELAY.EXP_OFF_OP_DEL' (delay__parameterized27) to 'inst/sitofp_64ns_32_6_no_dsp_1_U4/fn1_ap_sitofp_4_no_dsp_64_u/inst/i_synth/FIX_TO_FLT_OP.SPD.OP/ROUND/EXP_RND2_DELAY.EXP_OFF_RND_DEL'
INFO: [Synth 8-223] decloning instance 'inst/sitofp_64ns_32_6_no_dsp_1_U4/fn1_ap_sitofp_4_no_dsp_64_u/inst/i_synth/DELAY_INVALID_OP' (delay__parameterized0) to 'inst/sitofp_64ns_32_6_no_dsp_1_U4/fn1_ap_sitofp_4_no_dsp_64_u/inst/i_synth/DELAY_DIVIDE_BY_ZERO'
INFO: [Synth 8-223] decloning instance 'inst/sitofp_64ns_32_6_no_dsp_1_U4/fn1_ap_sitofp_4_no_dsp_64_u/inst/i_synth/DELAY_INVALID_OP' (delay__parameterized0) to 'inst/sitofp_64ns_32_6_no_dsp_1_U4/fn1_ap_sitofp_4_no_dsp_64_u/inst/i_synth/DELAY_OVERFLOW'
INFO: [Synth 8-223] decloning instance 'inst/sitofp_64ns_32_6_no_dsp_1_U4/fn1_ap_sitofp_4_no_dsp_64_u/inst/i_synth/DELAY_INVALID_OP' (delay__parameterized0) to 'inst/sitofp_64ns_32_6_no_dsp_1_U4/fn1_ap_sitofp_4_no_dsp_64_u/inst/i_synth/DELAY_UNDERFLOW'
INFO: [Synth 8-223] decloning instance 'inst/sitofp_64ns_32_6_no_dsp_1_U4/fn1_ap_sitofp_4_no_dsp_64_u/inst/i_synth/DELAY_INVALID_OP' (delay__parameterized0) to 'inst/sitofp_64ns_32_6_no_dsp_1_U4/fn1_ap_sitofp_4_no_dsp_64_u/inst/i_synth/DELAY_ACCUM_OVERFLOW'
INFO: [Synth 8-223] decloning instance 'inst/sitofp_64ns_32_6_no_dsp_1_U4/fn1_ap_sitofp_4_no_dsp_64_u/inst/i_synth/DELAY_INVALID_OP' (delay__parameterized0) to 'inst/sitofp_64ns_32_6_no_dsp_1_U4/fn1_ap_sitofp_4_no_dsp_64_u/inst/i_synth/DELAY_ACCUM_INPUT_OVERFLOW'
INFO: [Synth 8-223] decloning instance 'inst/dadd_64ns_64ns_64_7_full_dsp_1_U5/fn1_ap_dadd_5_full_dsp_64_u/inst/i_synth/ADDSUB_OP.ADDSUB/LOGIC_SPEED.OP/NORM/ROUND/EXTRA_LSB_BIT_DEL' (delay__parameterized0) to 'inst/dadd_64ns_64ns_64_7_full_dsp_1_U5/fn1_ap_dadd_5_full_dsp_64_u/inst/i_synth/ADDSUB_OP.ADDSUB/LOGIC_SPEED.OP/NORM/ROUND/EXTRA_LSB_RND1_DEL'
INFO: [Synth 8-223] decloning instance 'inst/dadd_64ns_64ns_64_7_full_dsp_1_U5/fn1_ap_dadd_5_full_dsp_64_u/inst/i_synth/ADDSUB_OP.ADDSUB/LOGIC_SPEED.OP/NORM/ROUND/EXP_INC_DELAY' (delay__parameterized0) to 'inst/dadd_64ns_64ns_64_7_full_dsp_1_U5/fn1_ap_dadd_5_full_dsp_64_u/inst/i_synth/ADDSUB_OP.ADDSUB/LOGIC_SPEED.OP/NORM/ROUND/EXP_INC_RND1_DELAY'
INFO: [Synth 8-223] decloning instance 'inst/dadd_64ns_64ns_64_7_full_dsp_1_U5/fn1_ap_dadd_5_full_dsp_64_u/inst/i_synth/DELAY_DIVIDE_BY_ZERO' (delay__parameterized0) to 'inst/dadd_64ns_64ns_64_7_full_dsp_1_U5/fn1_ap_dadd_5_full_dsp_64_u/inst/i_synth/DELAY_ACCUM_OVERFLOW'
INFO: [Synth 8-223] decloning instance 'inst/dadd_64ns_64ns_64_7_full_dsp_1_U5/fn1_ap_dadd_5_full_dsp_64_u/inst/i_synth/DELAY_DIVIDE_BY_ZERO' (delay__parameterized0) to 'inst/dadd_64ns_64ns_64_7_full_dsp_1_U5/fn1_ap_dadd_5_full_dsp_64_u/inst/i_synth/DELAY_ACCUM_INPUT_OVERFLOW'
INFO: [Synth 8-223] decloning instance 'inst/dmul_64ns_64ns_64_7_max_dsp_1_U6/fn1_ap_dmul_5_max_dsp_64_u/inst/i_synth/DELAY_DIVIDE_BY_ZERO' (delay__parameterized0) to 'inst/dmul_64ns_64ns_64_7_max_dsp_1_U6/fn1_ap_dmul_5_max_dsp_64_u/inst/i_synth/DELAY_ACCUM_OVERFLOW'
INFO: [Synth 8-223] decloning instance 'inst/dmul_64ns_64ns_64_7_max_dsp_1_U6/fn1_ap_dmul_5_max_dsp_64_u/inst/i_synth/DELAY_DIVIDE_BY_ZERO' (delay__parameterized0) to 'inst/dmul_64ns_64ns_64_7_max_dsp_1_U6/fn1_ap_dmul_5_max_dsp_64_u/inst/i_synth/DELAY_ACCUM_INPUT_OVERFLOW'
INFO: [Synth 8-223] decloning instance 'inst/sitodp_32s_64_6_no_dsp_1_U7/fn1_ap_sitodp_4_no_dsp_32_u/inst/i_synth/FIX_TO_FLT_OP.SPD.OP/ROUND/EXTRA_LSB_BIT_DEL' (delay__parameterized0) to 'inst/sitodp_32s_64_6_no_dsp_1_U7/fn1_ap_sitodp_4_no_dsp_32_u/inst/i_synth/FIX_TO_FLT_OP.SPD.OP/ROUND/EXTRA_LSB_RND1_DEL'
INFO: [Synth 8-223] decloning instance 'inst/sitodp_32s_64_6_no_dsp_1_U7/fn1_ap_sitodp_4_no_dsp_32_u/inst/i_synth/FIX_TO_FLT_OP.SPD.OP/ROUND/EXP_INC_DELAY' (delay__parameterized0) to 'inst/sitodp_32s_64_6_no_dsp_1_U7/fn1_ap_sitodp_4_no_dsp_32_u/inst/i_synth/FIX_TO_FLT_OP.SPD.OP/ROUND/EXP_INC_RND1_DELAY'
INFO: [Synth 8-223] decloning instance 'inst/sitodp_32s_64_6_no_dsp_1_U7/fn1_ap_sitodp_4_no_dsp_32_u/inst/i_synth/FIX_TO_FLT_OP.SPD.OP/ROUND/EXP_IN_DELAY.EXP_IN_DEL' (delay__parameterized87) to 'inst/sitodp_32s_64_6_no_dsp_1_U7/fn1_ap_sitodp_4_no_dsp_32_u/inst/i_synth/FIX_TO_FLT_OP.SPD.OP/ROUND/EXP_RND2_DELAY.EXP_RND_DEL'
INFO: [Synth 8-223] decloning instance 'inst/sitodp_32s_64_6_no_dsp_1_U7/fn1_ap_sitodp_4_no_dsp_32_u/inst/i_synth/FIX_TO_FLT_OP.SPD.OP/ROUND/EXP_IN_DELAY.EXP_OFF_OP_DEL' (delay__parameterized87) to 'inst/sitodp_32s_64_6_no_dsp_1_U7/fn1_ap_sitodp_4_no_dsp_32_u/inst/i_synth/FIX_TO_FLT_OP.SPD.OP/ROUND/EXP_RND2_DELAY.EXP_OFF_RND_DEL'
INFO: [Synth 8-223] decloning instance 'inst/sitodp_32s_64_6_no_dsp_1_U7/fn1_ap_sitodp_4_no_dsp_32_u/inst/i_synth/DELAY_INVALID_OP' (delay__parameterized0) to 'inst/sitodp_32s_64_6_no_dsp_1_U7/fn1_ap_sitodp_4_no_dsp_32_u/inst/i_synth/DELAY_DIVIDE_BY_ZERO'
INFO: [Synth 8-223] decloning instance 'inst/sitodp_32s_64_6_no_dsp_1_U7/fn1_ap_sitodp_4_no_dsp_32_u/inst/i_synth/DELAY_INVALID_OP' (delay__parameterized0) to 'inst/sitodp_32s_64_6_no_dsp_1_U7/fn1_ap_sitodp_4_no_dsp_32_u/inst/i_synth/DELAY_OVERFLOW'
INFO: [Synth 8-223] decloning instance 'inst/sitodp_32s_64_6_no_dsp_1_U7/fn1_ap_sitodp_4_no_dsp_32_u/inst/i_synth/DELAY_INVALID_OP' (delay__parameterized0) to 'inst/sitodp_32s_64_6_no_dsp_1_U7/fn1_ap_sitodp_4_no_dsp_32_u/inst/i_synth/DELAY_UNDERFLOW'
INFO: [Synth 8-223] decloning instance 'inst/sitodp_32s_64_6_no_dsp_1_U7/fn1_ap_sitodp_4_no_dsp_32_u/inst/i_synth/DELAY_INVALID_OP' (delay__parameterized0) to 'inst/sitodp_32s_64_6_no_dsp_1_U7/fn1_ap_sitodp_4_no_dsp_32_u/inst/i_synth/DELAY_ACCUM_OVERFLOW'
INFO: [Synth 8-223] decloning instance 'inst/sitodp_32s_64_6_no_dsp_1_U7/fn1_ap_sitodp_4_no_dsp_32_u/inst/i_synth/DELAY_INVALID_OP' (delay__parameterized0) to 'inst/sitodp_32s_64_6_no_dsp_1_U7/fn1_ap_sitodp_4_no_dsp_32_u/inst/i_synth/DELAY_ACCUM_INPUT_OVERFLOW'
---------------------------------------------------------------------------------
Start RTL Component Statistics 
---------------------------------------------------------------------------------
---------------------------------------------------------------------------------
Finished RTL Component Statistics 
---------------------------------------------------------------------------------
---------------------------------------------------------------------------------
Start Part Resource Summary
---------------------------------------------------------------------------------
Part Resources:
DSPs: 220 (col length:60)
BRAMs: 280 (col length: RAMB18 60 RAMB36 30)
---------------------------------------------------------------------------------
Finished Part Resource Summary
---------------------------------------------------------------------------------
---------------------------------------------------------------------------------
Start Cross Boundary and Area Optimization
---------------------------------------------------------------------------------
---------------------------------------------------------------------------------
Finished Cross Boundary and Area Optimization : Time (s): cpu = 00:00:36 ; elapsed = 00:00:43 . Memory (MB): peak = 2664.980 ; gain = 270.527 ; free physical = 17182 ; free virtual = 126710
---------------------------------------------------------------------------------
---------------------------------------------------------------------------------
Start Applying XDC Timing Constraints
---------------------------------------------------------------------------------
---------------------------------------------------------------------------------
Finished Applying XDC Timing Constraints : Time (s): cpu = 00:00:41 ; elapsed = 00:00:48 . Memory (MB): peak = 2664.980 ; gain = 270.527 ; free physical = 17936 ; free virtual = 127475
---------------------------------------------------------------------------------
---------------------------------------------------------------------------------
Start Timing Optimization
---------------------------------------------------------------------------------
---------------------------------------------------------------------------------
Finished Timing Optimization : Time (s): cpu = 00:00:43 ; elapsed = 00:00:50 . Memory (MB): peak = 2664.980 ; gain = 270.527 ; free physical = 18092 ; free virtual = 127632
---------------------------------------------------------------------------------
---------------------------------------------------------------------------------
Start Technology Mapping
---------------------------------------------------------------------------------
---------------------------------------------------------------------------------
Finished Technology Mapping : Time (s): cpu = 00:00:46 ; elapsed = 00:00:53 . Memory (MB): peak = 2675.020 ; gain = 280.566 ; free physical = 18327 ; free virtual = 127679
---------------------------------------------------------------------------------
---------------------------------------------------------------------------------
Start IO Insertion
---------------------------------------------------------------------------------
---------------------------------------------------------------------------------
Start Flattening Before IO Insertion
---------------------------------------------------------------------------------
---------------------------------------------------------------------------------
Finished Flattening Before IO Insertion
---------------------------------------------------------------------------------
---------------------------------------------------------------------------------
Start Final Netlist Cleanup
---------------------------------------------------------------------------------
---------------------------------------------------------------------------------
Finished Final Netlist Cleanup
---------------------------------------------------------------------------------
---------------------------------------------------------------------------------
Finished IO Insertion : Time (s): cpu = 00:00:49 ; elapsed = 00:00:56 . Memory (MB): peak = 2685.926 ; gain = 291.473 ; free physical = 17953 ; free virtual = 127308
---------------------------------------------------------------------------------
---------------------------------------------------------------------------------
Start Renaming Generated Instances
---------------------------------------------------------------------------------
---------------------------------------------------------------------------------
Finished Renaming Generated Instances : Time (s): cpu = 00:00:49 ; elapsed = 00:00:56 . Memory (MB): peak = 2685.926 ; gain = 291.473 ; free physical = 17953 ; free virtual = 127308
---------------------------------------------------------------------------------
---------------------------------------------------------------------------------
Start Rebuilding User Hierarchy
---------------------------------------------------------------------------------
---------------------------------------------------------------------------------
Finished Rebuilding User Hierarchy : Time (s): cpu = 00:00:49 ; elapsed = 00:00:56 . Memory (MB): peak = 2685.926 ; gain = 291.473 ; free physical = 17282 ; free virtual = 126640
---------------------------------------------------------------------------------
---------------------------------------------------------------------------------
Start Renaming Generated Ports
---------------------------------------------------------------------------------
---------------------------------------------------------------------------------
Finished Renaming Generated Ports : Time (s): cpu = 00:00:49 ; elapsed = 00:00:56 . Memory (MB): peak = 2685.926 ; gain = 291.473 ; free physical = 17294 ; free virtual = 126665
---------------------------------------------------------------------------------
---------------------------------------------------------------------------------
Start Handling Custom Attributes
---------------------------------------------------------------------------------
---------------------------------------------------------------------------------
Finished Handling Custom Attributes : Time (s): cpu = 00:00:49 ; elapsed = 00:00:56 . Memory (MB): peak = 2685.926 ; gain = 291.473 ; free physical = 17139 ; free virtual = 126510
---------------------------------------------------------------------------------
---------------------------------------------------------------------------------
Start Renaming Generated Nets
---------------------------------------------------------------------------------
---------------------------------------------------------------------------------
Finished Renaming Generated Nets : Time (s): cpu = 00:00:49 ; elapsed = 00:00:56 . Memory (MB): peak = 2685.926 ; gain = 291.473 ; free physical = 17112 ; free virtual = 126483
---------------------------------------------------------------------------------
---------------------------------------------------------------------------------
Start Writing Synthesis Report
---------------------------------------------------------------------------------

Report BlackBoxes: 
+-+--------------+----------+
| |BlackBox name |Instances |
+-+--------------+----------+
+-+--------------+----------+

Report Cell Usage: 
+------+--------+------+
|      |Cell    |Count |
+------+--------+------+
|1     |CARRY4  |   147|
|2     |DSP48E1 |    35|
|24    |LUT1    |   162|
|25    |LUT2    |   624|
|26    |LUT3    |   718|
|27    |LUT4    |   567|
|28    |LUT5    |   392|
|29    |LUT6    |  1099|
|30    |MUXCY   |   587|
|31    |MUXF7   |    23|
|32    |MUXF8   |     1|
|33    |SRL16E  |    33|
|34    |XORCY   |   311|
|35    |FDE     |    54|
|36    |FDRE    |  2888|
|37    |FDSE    |     1|
+------+--------+------+
---------------------------------------------------------------------------------
Finished Writing Synthesis Report : Time (s): cpu = 00:00:49 ; elapsed = 00:00:56 . Memory (MB): peak = 2685.926 ; gain = 291.473 ; free physical = 17098 ; free virtual = 126469
---------------------------------------------------------------------------------
Synthesis finished with 0 errors, 0 critical warnings and 0 warnings.
Synthesis Optimization Runtime : Time (s): cpu = 00:00:46 ; elapsed = 00:00:53 . Memory (MB): peak = 2685.926 ; gain = 151.691 ; free physical = 17251 ; free virtual = 126622
Synthesis Optimization Complete : Time (s): cpu = 00:00:50 ; elapsed = 00:00:57 . Memory (MB): peak = 2685.934 ; gain = 291.473 ; free physical = 17250 ; free virtual = 126622
INFO: [Project 1-571] Translating synthesized netlist
Netlist sorting complete. Time (s): cpu = 00:00:00.11 ; elapsed = 00:00:00.10 . Memory (MB): peak = 2685.934 ; gain = 0.000 ; free physical = 17199 ; free virtual = 126570
INFO: [Netlist 29-17] Analyzing 1158 Unisim elements for replacement
INFO: [Netlist 29-28] Unisim Transformation completed in 0 CPU seconds
INFO: [Project 1-570] Preparing netlist for logic optimization
INFO: [Opt 31-138] Pushed 0 inverter(s) to 0 load pin(s).
Netlist sorting complete. Time (s): cpu = 00:00:00 ; elapsed = 00:00:00 . Memory (MB): peak = 2720.910 ; gain = 0.000 ; free physical = 17837 ; free virtual = 127220
INFO: [Project 1-111] Unisim Transformation Summary:
  A total of 213 instances were transformed.
  (MUXCY,XORCY) => CARRY4: 159 instances
  FDE => FDRE: 54 instances

INFO: [Common 17-83] Releasing license: Synthesis
100 Infos, 0 Warnings, 0 Critical Warnings and 0 Errors encountered.
synth_design completed successfully
synth_design: Time (s): cpu = 00:00:58 ; elapsed = 00:01:02 . Memory (MB): peak = 2720.910 ; gain = 326.555 ; free physical = 18019 ; free virtual = 127406
INFO: [Common 17-1381] The checkpoint '/home/nanwu/GNN_DFG/bb/dfg_12/project_tmp/solution_tmp/impl/verilog/project.runs/bd_0_hls_inst_0_synth_1/bd_0_hls_inst_0.dcp' has been generated.
WARNING: [Common 17-576] 'use_project_ipc' is deprecated. This option is deprecated and no longer used.
INFO: [Coretcl 2-1648] Added synthesis output to IP cache for IP bd_0_hls_inst_0, cache-ID = 86f3060ad70f1ce5
INFO: [Coretcl 2-1174] Renamed 411 cell refs.
INFO: [Common 17-1381] The checkpoint '/home/nanwu/GNN_DFG/bb/dfg_12/project_tmp/solution_tmp/impl/verilog/project.runs/bd_0_hls_inst_0_synth_1/bd_0_hls_inst_0.dcp' has been generated.
INFO: [runtcl-4] Executing : report_utilization -file bd_0_hls_inst_0_utilization_synth.rpt -pb bd_0_hls_inst_0_utilization_synth.pb
INFO: [Common 17-206] Exiting Vivado at Sat Apr 10 23:50:52 2021...
