

================================================================
== Vitis HLS Report for 'fn1'
================================================================
* Date:           Mon Apr 12 21:10:55 2021

* Version:        2020.2 (Build 3064766 on Wed Nov 18 09:12:47 MST 2020)
* Project:        project_tmp
* Solution:       solution_tmp (Vivado IP Flow Target)
* Product family: zynq
* Target device:  xc7z020-clg484-1


================================================================
== Performance Estimates
================================================================
+ Timing: 
    * Summary: 
    +--------+----------+----------+------------+
    |  Clock |  Target  | Estimated| Uncertainty|
    +--------+----------+----------+------------+
    |ap_clk  |  10.00 ns|      0 ns|     2.70 ns|
    +--------+----------+----------+------------+

+ Latency: 
    * Summary: 
    +---------+---------+----------+----------+-----+-----+---------+
    |  Latency (cycles) |  Latency (absolute) |  Interval | Pipeline|
    |   min   |   max   |    min   |    max   | min | max |   Type  |
    +---------+---------+----------+----------+-----+-----+---------+
    |        0|        0|      0 ns|      0 ns|    1|    1|     none|
    +---------+---------+----------+----------+-----+-----+---------+

    + Detail: 
        * Instance: 
        N/A

        * Loop: 
        N/A



================================================================
== Utilization Estimates
================================================================
* Summary: 
+-----------------+---------+-----+--------+-------+-----+
|       Name      | BRAM_18K| DSP |   FF   |  LUT  | URAM|
+-----------------+---------+-----+--------+-------+-----+
|DSP              |        -|    -|       -|      -|    -|
|Expression       |        -|    -|       -|      -|    -|
|FIFO             |        -|    -|       -|      -|    -|
|Instance         |        -|    -|       -|      -|    -|
|Memory           |        -|    -|       -|      -|    -|
|Multiplexer      |        -|    -|       -|      -|    -|
|Register         |        -|    -|       -|      -|    -|
+-----------------+---------+-----+--------+-------+-----+
|Total            |        0|    0|       0|      0|    0|
+-----------------+---------+-----+--------+-------+-----+
|Available        |      280|  220|  106400|  53200|    0|
+-----------------+---------+-----+--------+-------+-----+
|Utilization (%)  |        0|    0|       0|      0|    0|
+-----------------+---------+-----+--------+-------+-----+

+ Detail: 
    * Instance: 
    N/A

    * DSP: 
    N/A

    * Memory: 
    N/A

    * FIFO: 
    N/A

    * Expression: 
    N/A

    * Multiplexer: 
    N/A

    * Register: 
    N/A



================================================================
== Interface
================================================================
* Summary: 
+------------+-----+-----+------------+--------------+--------------+
|  RTL Ports | Dir | Bits|  Protocol  | Source Object|    C Type    |
+------------+-----+-----+------------+--------------+--------------+
|ap_start    |   in|    1|  ap_ctrl_hs|           fn1|  return value|
|ap_done     |  out|    1|  ap_ctrl_hs|           fn1|  return value|
|ap_idle     |  out|    1|  ap_ctrl_hs|           fn1|  return value|
|ap_ready    |  out|    1|  ap_ctrl_hs|           fn1|  return value|
|ap_return   |  out|   64|  ap_ctrl_hs|           fn1|  return value|
|p_address0  |  out|    6|   ap_memory|             p|         array|
|p_ce0       |  out|    1|   ap_memory|             p|         array|
|p_we0       |  out|    1|   ap_memory|             p|         array|
|p_d0        |  out|   64|   ap_memory|             p|         array|
|p_q0        |   in|   64|   ap_memory|             p|         array|
|p_address1  |  out|    6|   ap_memory|             p|         array|
|p_ce1       |  out|    1|   ap_memory|             p|         array|
|p_we1       |  out|    1|   ap_memory|             p|         array|
|p_d1        |  out|   64|   ap_memory|             p|         array|
|p_q1        |   in|   64|   ap_memory|             p|         array|
|p_11        |   in|   32|     ap_none|          p_11|        scalar|
|p_13        |   in|   64|     ap_none|          p_13|        scalar|
|p_17        |   in|   64|     ap_none|          p_17|        scalar|
+------------+-----+-----+------------+--------------+--------------+

