
*** Running vivado
    with args -log bd_0_wrapper.vdi -applog -m64 -product Vivado -messageDb vivado.pb -mode batch -source bd_0_wrapper.tcl -notrace


****** Vivado v2020.2 (64-bit)
  **** SW Build 3064766 on Wed Nov 18 09:12:47 MST 2020
  **** IP Build 3064653 on Wed Nov 18 14:17:31 MST 2020
    ** Copyright 1986-2020 Xilinx, Inc. All Rights Reserved.

source bd_0_wrapper.tcl -notrace
Command: open_checkpoint /home/nanwu/GNN_DFG/bb/dfg_99/project_tmp/solution_tmp/impl/verilog/project.runs/impl_1/bd_0_wrapper.dcp

Starting open_checkpoint Task

Time (s): cpu = 00:00:00.09 ; elapsed = 00:00:00.05 . Memory (MB): peak = 2395.230 ; gain = 0.000 ; free physical = 104614 ; free virtual = 124734
INFO: [Device 21-403] Loading part xc7z020clg484-1
Netlist sorting complete. Time (s): cpu = 00:00:00.29 ; elapsed = 00:00:00.29 . Memory (MB): peak = 2397.352 ; gain = 0.000 ; free physical = 104602 ; free virtual = 124738
INFO: [Netlist 29-17] Analyzing 1016 Unisim elements for replacement
INFO: [Netlist 29-28] Unisim Transformation completed in 0 CPU seconds
INFO: [Project 1-479] Netlist was created with Vivado 2020.2
INFO: [Project 1-570] Preparing netlist for logic optimization
INFO: [Timing 38-478] Restoring timing data from binary archive.
INFO: [Timing 38-479] Binary timing data restore complete.
INFO: [Project 1-856] Restoring constraints from binary archive.
INFO: [Project 1-853] Binary constraint restore complete.
Netlist sorting complete. Time (s): cpu = 00:00:00 ; elapsed = 00:00:00 . Memory (MB): peak = 2774.309 ; gain = 0.000 ; free physical = 104563 ; free virtual = 124724
INFO: [Project 1-111] Unisim Transformation Summary:
No Unisim elements were transformed.

INFO: [Project 1-604] Checkpoint was created with Vivado v2020.2 (64-bit) build 3064766
open_checkpoint: Time (s): cpu = 00:00:12 ; elapsed = 00:00:13 . Memory (MB): peak = 2774.309 ; gain = 383.047 ; free physical = 104562 ; free virtual = 124723
INFO: [IP_Flow 19-234] Refreshing IP repositories
INFO: [IP_Flow 19-1700] Loaded user IP repository '/home/nanwu/GNN_DFG/bb/dfg_99/project_tmp/solution_tmp/impl/ip'.
INFO: [IP_Flow 19-2313] Loaded Vivado IP repository '/opt/Xilinx/Vivado/2020.2/data/ip'.
Command: opt_design
Attempting to get a license for feature 'Implementation' and/or device 'xc7z020'
INFO: [Common 17-349] Got license for feature 'Implementation' and/or device 'xc7z020'
Running DRC as a precondition to command opt_design

Starting DRC Task
INFO: [DRC 23-27] Running DRC with 8 threads
INFO: [Project 1-461] DRC finished with 0 Errors
INFO: [Project 1-462] Please refer to the DRC report (report_drc) for more information.

Time (s): cpu = 00:00:02 ; elapsed = 00:00:01 . Memory (MB): peak = 2901.777 ; gain = 116.562 ; free physical = 103611 ; free virtual = 123771

Starting Cache Timing Information Task
Ending Cache Timing Information Task | Checksum: 168a7a946

Time (s): cpu = 00:00:00.04 ; elapsed = 00:00:00.04 . Memory (MB): peak = 2901.777 ; gain = 0.000 ; free physical = 103613 ; free virtual = 123774

Starting Logic Optimization Task

Phase 1 Retarget
INFO: [Opt 31-138] Pushed 0 inverter(s) to 0 load pin(s).
INFO: [Opt 31-49] Retargeted 0 cell(s).
Phase 1 Retarget | Checksum: f4ea9c8a

Time (s): cpu = 00:00:01 ; elapsed = 00:00:00.44 . Memory (MB): peak = 3010.773 ; gain = 24.012 ; free physical = 104261 ; free virtual = 124422
INFO: [Opt 31-389] Phase Retarget created 16 cells and removed 25 cells

Phase 2 Constant propagation
INFO: [Opt 31-138] Pushed 0 inverter(s) to 0 load pin(s).
Phase 2 Constant propagation | Checksum: 158e3c718

Time (s): cpu = 00:00:01 ; elapsed = 00:00:00.57 . Memory (MB): peak = 3010.773 ; gain = 24.012 ; free physical = 104243 ; free virtual = 124404
INFO: [Opt 31-389] Phase Constant propagation created 105 cells and removed 324 cells

Phase 3 Sweep
Phase 3 Sweep | Checksum: 175b3ef03

Time (s): cpu = 00:00:02 ; elapsed = 00:00:00.80 . Memory (MB): peak = 3010.773 ; gain = 24.012 ; free physical = 104225 ; free virtual = 124386
INFO: [Opt 31-389] Phase Sweep created 0 cells and removed 138 cells

Phase 4 BUFG optimization
Phase 4 BUFG optimization | Checksum: 175b3ef03

Time (s): cpu = 00:00:02 ; elapsed = 00:00:00.88 . Memory (MB): peak = 3010.773 ; gain = 24.012 ; free physical = 104266 ; free virtual = 124427
INFO: [Opt 31-662] Phase BUFG optimization created 0 cells of which 0 are BUFGs and removed 0 cells.

Phase 5 Shift Register Optimization
INFO: [Opt 31-1064] SRL Remap converted 0 SRLs to 0 registers and converted 0 registers of register chains to 0 SRLs
Phase 5 Shift Register Optimization | Checksum: 175b3ef03

Time (s): cpu = 00:00:02 ; elapsed = 00:00:00.90 . Memory (MB): peak = 3010.773 ; gain = 24.012 ; free physical = 104287 ; free virtual = 124448
INFO: [Opt 31-389] Phase Shift Register Optimization created 0 cells and removed 0 cells

Phase 6 Post Processing Netlist
Phase 6 Post Processing Netlist | Checksum: 175b3ef03

Time (s): cpu = 00:00:02 ; elapsed = 00:00:00.94 . Memory (MB): peak = 3010.773 ; gain = 24.012 ; free physical = 104303 ; free virtual = 124464
INFO: [Opt 31-389] Phase Post Processing Netlist created 0 cells and removed 0 cells
Opt_design Change Summary
=========================


-------------------------------------------------------------------------------------------------------------------------
|  Phase                        |  #Cells created  |  #Cells Removed  |  #Constrained objects preventing optimizations  |
-------------------------------------------------------------------------------------------------------------------------
|  Retarget                     |              16  |              25  |                                              0  |
|  Constant propagation         |             105  |             324  |                                              0  |
|  Sweep                        |               0  |             138  |                                              0  |
|  BUFG optimization            |               0  |               0  |                                              0  |
|  Shift Register Optimization  |               0  |               0  |                                              0  |
|  Post Processing Netlist      |               0  |               0  |                                              0  |
-------------------------------------------------------------------------------------------------------------------------



Starting Connectivity Check Task

Time (s): cpu = 00:00:00.02 ; elapsed = 00:00:00.02 . Memory (MB): peak = 3010.773 ; gain = 0.000 ; free physical = 104221 ; free virtual = 124382
Ending Logic Optimization Task | Checksum: 14df166ca

Time (s): cpu = 00:00:02 ; elapsed = 00:00:01 . Memory (MB): peak = 3010.773 ; gain = 24.012 ; free physical = 104221 ; free virtual = 124382

Starting Power Optimization Task
INFO: [Pwropt 34-132] Skipping clock gating for clocks with a period < 2.00 ns.
Ending Power Optimization Task | Checksum: 14df166ca

Time (s): cpu = 00:00:00.01 ; elapsed = 00:00:00.01 . Memory (MB): peak = 3010.773 ; gain = 0.000 ; free physical = 104212 ; free virtual = 124373

Starting Final Cleanup Task
Ending Final Cleanup Task | Checksum: 14df166ca

Time (s): cpu = 00:00:00 ; elapsed = 00:00:00 . Memory (MB): peak = 3010.773 ; gain = 0.000 ; free physical = 104212 ; free virtual = 124373

Starting Netlist Obfuscation Task
Netlist sorting complete. Time (s): cpu = 00:00:00 ; elapsed = 00:00:00 . Memory (MB): peak = 3010.773 ; gain = 0.000 ; free physical = 104212 ; free virtual = 124373
Ending Netlist Obfuscation Task | Checksum: 14df166ca

Time (s): cpu = 00:00:00 ; elapsed = 00:00:00 . Memory (MB): peak = 3010.773 ; gain = 0.000 ; free physical = 104211 ; free virtual = 124372
INFO: [Common 17-83] Releasing license: Implementation
30 Infos, 0 Warnings, 0 Critical Warnings and 0 Errors encountered.
opt_design completed successfully
INFO: [Timing 38-35] Done setting XDC timing constraints.
INFO: [Timing 38-480] Writing timing data to binary archive.
INFO: [Common 17-1381] The checkpoint '/home/nanwu/GNN_DFG/bb/dfg_99/project_tmp/solution_tmp/impl/verilog/project.runs/impl_1/bd_0_wrapper_opt.dcp' has been generated.
INFO: [runtcl-4] Executing : report_drc -file bd_0_wrapper_drc_opted.rpt -pb bd_0_wrapper_drc_opted.pb -rpx bd_0_wrapper_drc_opted.rpx
Command: report_drc -file bd_0_wrapper_drc_opted.rpt -pb bd_0_wrapper_drc_opted.pb -rpx bd_0_wrapper_drc_opted.rpx
INFO: [IP_Flow 19-1839] IP Catalog is up to date.
WARNING: [Timing 38-242] The property HD.CLK_SRC of clock port "ap_clk" is not set. In out-of-context mode, this prevents timing estimation for clock delay/skew
Resolution: Set the HD.CLK_SRC property of the out-of-context port to the location of the clock buffer instance in the top-level design
INFO: [DRC 23-27] Running DRC with 8 threads
INFO: [Coretcl 2-168] The results of DRC are in file /home/nanwu/GNN_DFG/bb/dfg_99/project_tmp/solution_tmp/impl/verilog/project.runs/impl_1/bd_0_wrapper_drc_opted.rpt.
report_drc completed successfully
Command: place_design
Attempting to get a license for feature 'Implementation' and/or device 'xc7z020'
INFO: [Common 17-349] Got license for feature 'Implementation' and/or device 'xc7z020'
INFO: [DRC 23-27] Running DRC with 8 threads
INFO: [Vivado_Tcl 4-198] DRC finished with 0 Errors
INFO: [Vivado_Tcl 4-199] Please refer to the DRC report (report_drc) for more information.
Running DRC as a precondition to command place_design
INFO: [DRC 23-27] Running DRC with 8 threads
INFO: [Vivado_Tcl 4-198] DRC finished with 0 Errors
INFO: [Vivado_Tcl 4-199] Please refer to the DRC report (report_drc) for more information.

Starting Placer Task
INFO: [Place 30-611] Multithreading enabled for place_design using a maximum of 8 CPUs

Phase 1 Placer Initialization

Phase 1.1 Placer Initialization Netlist Sorting
Netlist sorting complete. Time (s): cpu = 00:00:00 ; elapsed = 00:00:00.01 . Memory (MB): peak = 3222.773 ; gain = 0.000 ; free physical = 105459 ; free virtual = 125630
Phase 1.1 Placer Initialization Netlist Sorting | Checksum: 5c2c6e23

Time (s): cpu = 00:00:00.03 ; elapsed = 00:00:00.05 . Memory (MB): peak = 3222.773 ; gain = 0.000 ; free physical = 105459 ; free virtual = 125630
Netlist sorting complete. Time (s): cpu = 00:00:00 ; elapsed = 00:00:00.01 . Memory (MB): peak = 3222.773 ; gain = 0.000 ; free physical = 105456 ; free virtual = 125627

Phase 1.2 IO Placement/ Clock Placement/ Build Placer Device
Phase 1.2 IO Placement/ Clock Placement/ Build Placer Device | Checksum: c032426d

Time (s): cpu = 00:00:01 ; elapsed = 00:00:00.38 . Memory (MB): peak = 3222.773 ; gain = 0.000 ; free physical = 105486 ; free virtual = 125658

Phase 1.3 Build Placer Netlist Model
Phase 1.3 Build Placer Netlist Model | Checksum: 18b34dd35

Time (s): cpu = 00:00:05 ; elapsed = 00:00:02 . Memory (MB): peak = 3222.773 ; gain = 0.000 ; free physical = 104654 ; free virtual = 124783

Phase 1.4 Constrain Clocks/Macros
Phase 1.4 Constrain Clocks/Macros | Checksum: 18b34dd35

Time (s): cpu = 00:00:05 ; elapsed = 00:00:02 . Memory (MB): peak = 3222.773 ; gain = 0.000 ; free physical = 104645 ; free virtual = 124773
Phase 1 Placer Initialization | Checksum: 18b34dd35

Time (s): cpu = 00:00:05 ; elapsed = 00:00:02 . Memory (MB): peak = 3222.773 ; gain = 0.000 ; free physical = 104636 ; free virtual = 124764

Phase 2 Global Placement

Phase 2.1 Floorplanning
Phase 2.1 Floorplanning | Checksum: 105d6161e

Time (s): cpu = 00:00:07 ; elapsed = 00:00:02 . Memory (MB): peak = 3229.711 ; gain = 6.938 ; free physical = 104659 ; free virtual = 124788

Phase 2.2 Update Timing before SLR Path Opt
Phase 2.2 Update Timing before SLR Path Opt | Checksum: 147f34437

Time (s): cpu = 00:00:08 ; elapsed = 00:00:02 . Memory (MB): peak = 3229.711 ; gain = 6.938 ; free physical = 104752 ; free virtual = 124880

Phase 2.3 Global Placement Core

Phase 2.3.1 Physical Synthesis In Placer
INFO: [Physopt 32-1035] Found 0 LUTNM shape to break, 107 LUT instances to create LUTNM shape
INFO: [Physopt 32-1044] Break lutnm for timing: one critical 0, two critical 0, total 0, new lutff created 0
INFO: [Physopt 32-775] End 1 Pass. Optimized 49 nets or cells. Created 0 new cell, deleted 49 existing cells and moved 0 existing cell
INFO: [Physopt 32-65] No nets found for high-fanout optimization.
INFO: [Physopt 32-232] Optimized 0 net. Created 0 new instance.
INFO: [Physopt 32-775] End 1 Pass. Optimized 0 net or cell. Created 0 new cell, deleted 0 existing cell and moved 0 existing cell
INFO: [Physopt 32-670] No setup violation found.  DSP Register Optimization was not performed.
INFO: [Physopt 32-670] No setup violation found.  Shift Register to Pipeline Optimization was not performed.
INFO: [Physopt 32-670] No setup violation found.  Shift Register Optimization was not performed.
INFO: [Physopt 32-670] No setup violation found.  BRAM Register Optimization was not performed.
INFO: [Physopt 32-670] No setup violation found.  URAM Register Optimization was not performed.
INFO: [Physopt 32-949] No candidate nets found for dynamic/static region interface net replication
INFO: [Physopt 32-775] End 1 Pass. Optimized 0 net or cell. Created 0 new cell, deleted 0 existing cell and moved 0 existing cell
Netlist sorting complete. Time (s): cpu = 00:00:00 ; elapsed = 00:00:00 . Memory (MB): peak = 3237.715 ; gain = 0.000 ; free physical = 104085 ; free virtual = 124244

Summary of Physical Synthesis Optimizations
============================================


-----------------------------------------------------------------------------------------------------------------------------------------------------------
|  Optimization                                     |  Added Cells  |  Removed Cells  |  Optimized Cells/Nets  |  Dont Touch  |  Iterations  |  Elapsed   |
-----------------------------------------------------------------------------------------------------------------------------------------------------------
|  LUT Combining                                    |            0  |             49  |                    49  |           0  |           1  |  00:00:00  |
|  Very High Fanout                                 |            0  |              0  |                     0  |           0  |           1  |  00:00:00  |
|  DSP Register                                     |            0  |              0  |                     0  |           0  |           0  |  00:00:00  |
|  Shift Register to Pipeline                       |            0  |              0  |                     0  |           0  |           0  |  00:00:00  |
|  Shift Register                                   |            0  |              0  |                     0  |           0  |           0  |  00:00:00  |
|  BRAM Register                                    |            0  |              0  |                     0  |           0  |           0  |  00:00:00  |
|  URAM Register                                    |            0  |              0  |                     0  |           0  |           0  |  00:00:00  |
|  Dynamic/Static Region Interface Net Replication  |            0  |              0  |                     0  |           0  |           1  |  00:00:00  |
|  Total                                            |            0  |             49  |                    49  |           0  |           3  |  00:00:00  |
-----------------------------------------------------------------------------------------------------------------------------------------------------------


Phase 2.3.1 Physical Synthesis In Placer | Checksum: ed2e47b0

Time (s): cpu = 00:00:41 ; elapsed = 00:00:10 . Memory (MB): peak = 3237.715 ; gain = 14.941 ; free physical = 104071 ; free virtual = 124231
Phase 2.3 Global Placement Core | Checksum: 13f434057

Time (s): cpu = 00:00:42 ; elapsed = 00:00:11 . Memory (MB): peak = 3237.715 ; gain = 14.941 ; free physical = 104058 ; free virtual = 124217
Phase 2 Global Placement | Checksum: 13f434057

Time (s): cpu = 00:00:42 ; elapsed = 00:00:11 . Memory (MB): peak = 3237.715 ; gain = 14.941 ; free physical = 104058 ; free virtual = 124217

Phase 3 Detail Placement

Phase 3.1 Commit Multi Column Macros
Phase 3.1 Commit Multi Column Macros | Checksum: f825569b

Time (s): cpu = 00:00:43 ; elapsed = 00:00:11 . Memory (MB): peak = 3237.715 ; gain = 14.941 ; free physical = 104064 ; free virtual = 124223

Phase 3.2 Commit Most Macros & LUTRAMs
Phase 3.2 Commit Most Macros & LUTRAMs | Checksum: 11997c4b1

Time (s): cpu = 00:00:45 ; elapsed = 00:00:12 . Memory (MB): peak = 3237.715 ; gain = 14.941 ; free physical = 104006 ; free virtual = 124174

Phase 3.3 Area Swap Optimization
Phase 3.3 Area Swap Optimization | Checksum: ebea6018

Time (s): cpu = 00:00:46 ; elapsed = 00:00:12 . Memory (MB): peak = 3237.715 ; gain = 14.941 ; free physical = 104003 ; free virtual = 124170

Phase 3.4 Pipeline Register Optimization
Phase 3.4 Pipeline Register Optimization | Checksum: 139943aa2

Time (s): cpu = 00:00:46 ; elapsed = 00:00:12 . Memory (MB): peak = 3237.715 ; gain = 14.941 ; free physical = 104001 ; free virtual = 124168

Phase 3.5 Small Shape Detail Placement
Phase 3.5 Small Shape Detail Placement | Checksum: 19d10cc75

Time (s): cpu = 00:00:48 ; elapsed = 00:00:13 . Memory (MB): peak = 3237.715 ; gain = 14.941 ; free physical = 104901 ; free virtual = 125068

Phase 3.6 Re-assign LUT pins
Phase 3.6 Re-assign LUT pins | Checksum: 19a19dd20

Time (s): cpu = 00:00:48 ; elapsed = 00:00:13 . Memory (MB): peak = 3237.715 ; gain = 14.941 ; free physical = 104823 ; free virtual = 124990

Phase 3.7 Pipeline Register Optimization
Phase 3.7 Pipeline Register Optimization | Checksum: 1a228c330

Time (s): cpu = 00:00:48 ; elapsed = 00:00:13 . Memory (MB): peak = 3237.715 ; gain = 14.941 ; free physical = 104811 ; free virtual = 124978
Phase 3 Detail Placement | Checksum: 1a228c330

Time (s): cpu = 00:00:48 ; elapsed = 00:00:13 . Memory (MB): peak = 3237.715 ; gain = 14.941 ; free physical = 104807 ; free virtual = 124974

Phase 4 Post Placement Optimization and Clean-Up

Phase 4.1 Post Commit Optimization
INFO: [Timing 38-35] Done setting XDC timing constraints.

Phase 4.1.1 Post Placement Optimization
Post Placement Optimization Initialization | Checksum: 1fb8aca62

Phase 4.1.1.1 BUFG Insertion

Starting Physical Synthesis Task

Phase 1 Physical Synthesis Initialization
INFO: [Physopt 32-721] Multithreading enabled for phys_opt_design using a maximum of 8 CPUs
INFO: [Physopt 32-619] Estimated Timing Summary | WNS=0.840 | TNS=0.000 |
Phase 1 Physical Synthesis Initialization | Checksum: 21445e24b

Time (s): cpu = 00:00:00.95 ; elapsed = 00:00:00.22 . Memory (MB): peak = 3237.715 ; gain = 0.000 ; free physical = 104476 ; free virtual = 124644
INFO: [Place 46-56] BUFG insertion identified 0 candidate nets. Inserted BUFG: 0, Replicated BUFG Driver: 0, Skipped due to Placement/Routing Conflicts: 0, Skipped due to Timing Degradation: 0, Skipped due to Illegal Netlist: 0.
Ending Physical Synthesis Task | Checksum: 247583cb7

Time (s): cpu = 00:00:00.99 ; elapsed = 00:00:00.26 . Memory (MB): peak = 3237.715 ; gain = 0.000 ; free physical = 104474 ; free virtual = 124642
Phase 4.1.1.1 BUFG Insertion | Checksum: 1fb8aca62

Time (s): cpu = 00:00:53 ; elapsed = 00:00:15 . Memory (MB): peak = 3237.715 ; gain = 14.941 ; free physical = 104471 ; free virtual = 124639
INFO: [Place 30-746] Post Placement Timing Summary WNS=0.840. For the most accurate timing information please run report_timing.

Time (s): cpu = 00:00:54 ; elapsed = 00:00:15 . Memory (MB): peak = 3237.715 ; gain = 14.941 ; free physical = 104470 ; free virtual = 124637
Phase 4.1 Post Commit Optimization | Checksum: 193dbbc61

Time (s): cpu = 00:00:54 ; elapsed = 00:00:15 . Memory (MB): peak = 3237.715 ; gain = 14.941 ; free physical = 104468 ; free virtual = 124636

Phase 4.2 Post Placement Cleanup
Phase 4.2 Post Placement Cleanup | Checksum: 193dbbc61

Time (s): cpu = 00:00:54 ; elapsed = 00:00:15 . Memory (MB): peak = 3237.715 ; gain = 14.941 ; free physical = 104466 ; free virtual = 124634

Phase 4.3 Placer Reporting

Phase 4.3.1 Print Estimated Congestion
INFO: [Place 30-612] Post-Placement Estimated Congestion 
 ____________________________________________________
|           | Global Congestion | Short Congestion  |
| Direction | Region Size       | Region Size       |
|___________|___________________|___________________|
|      North|                1x1|                2x2|
|___________|___________________|___________________|
|      South|                1x1|                2x2|
|___________|___________________|___________________|
|       East|                1x1|                1x1|
|___________|___________________|___________________|
|       West|                1x1|                2x2|
|___________|___________________|___________________|

Phase 4.3.1 Print Estimated Congestion | Checksum: 193dbbc61

Time (s): cpu = 00:00:54 ; elapsed = 00:00:15 . Memory (MB): peak = 3237.715 ; gain = 14.941 ; free physical = 104465 ; free virtual = 124632
Phase 4.3 Placer Reporting | Checksum: 193dbbc61

Time (s): cpu = 00:00:54 ; elapsed = 00:00:15 . Memory (MB): peak = 3237.715 ; gain = 14.941 ; free physical = 104463 ; free virtual = 124630

Phase 4.4 Final Placement Cleanup
Netlist sorting complete. Time (s): cpu = 00:00:00 ; elapsed = 00:00:00.01 . Memory (MB): peak = 3237.715 ; gain = 0.000 ; free physical = 104463 ; free virtual = 124630

Time (s): cpu = 00:00:54 ; elapsed = 00:00:16 . Memory (MB): peak = 3237.715 ; gain = 14.941 ; free physical = 104463 ; free virtual = 124630
Phase 4 Post Placement Optimization and Clean-Up | Checksum: 1bae8c68c

Time (s): cpu = 00:00:54 ; elapsed = 00:00:16 . Memory (MB): peak = 3237.715 ; gain = 14.941 ; free physical = 104462 ; free virtual = 124629
Ending Placer Task | Checksum: 17ca04e3b

Time (s): cpu = 00:00:54 ; elapsed = 00:00:16 . Memory (MB): peak = 3237.715 ; gain = 14.941 ; free physical = 104462 ; free virtual = 124629
INFO: [Common 17-83] Releasing license: Implementation
65 Infos, 1 Warnings, 0 Critical Warnings and 0 Errors encountered.
place_design completed successfully
place_design: Time (s): cpu = 00:00:57 ; elapsed = 00:00:17 . Memory (MB): peak = 3237.715 ; gain = 14.941 ; free physical = 104489 ; free virtual = 124656
INFO: [Timing 38-480] Writing timing data to binary archive.
Writing placer database...
Writing XDEF routing.
Writing XDEF routing logical nets.
Writing XDEF routing special nets.
Write XDEF Complete: Time (s): cpu = 00:00:02 ; elapsed = 00:00:00.50 . Memory (MB): peak = 3237.715 ; gain = 0.000 ; free physical = 103922 ; free virtual = 124109
INFO: [Common 17-1381] The checkpoint '/home/nanwu/GNN_DFG/bb/dfg_99/project_tmp/solution_tmp/impl/verilog/project.runs/impl_1/bd_0_wrapper_placed.dcp' has been generated.
INFO: [runtcl-4] Executing : report_io -file bd_0_wrapper_io_placed.rpt
report_io: Time (s): cpu = 00:00:00.09 ; elapsed = 00:00:00.19 . Memory (MB): peak = 3237.715 ; gain = 0.000 ; free physical = 103898 ; free virtual = 124071
INFO: [runtcl-4] Executing : report_utilization -file bd_0_wrapper_utilization_placed.rpt -pb bd_0_wrapper_utilization_placed.pb
INFO: [runtcl-4] Executing : report_control_sets -verbose -file bd_0_wrapper_control_sets_placed.rpt
report_control_sets: Time (s): cpu = 00:00:00.08 ; elapsed = 00:00:00.16 . Memory (MB): peak = 3237.715 ; gain = 0.000 ; free physical = 103838 ; free virtual = 124013
Command: phys_opt_design
Attempting to get a license for feature 'Implementation' and/or device 'xc7z020'
INFO: [Common 17-349] Got license for feature 'Implementation' and/or device 'xc7z020'
INFO: [Vivado_Tcl 4-383] Design worst setup slack (WNS) is greater than or equal to 0.000 ns. Skipping all physical synthesis optimizations.
INFO: [Vivado_Tcl 4-232] No setup violation found. The netlist was not modified.
INFO: [Common 17-83] Releasing license: Implementation
74 Infos, 1 Warnings, 0 Critical Warnings and 0 Errors encountered.
phys_opt_design completed successfully
INFO: [Timing 38-480] Writing timing data to binary archive.
Writing placer database...
Writing XDEF routing.
Writing XDEF routing logical nets.
Writing XDEF routing special nets.
Write XDEF Complete: Time (s): cpu = 00:00:01 ; elapsed = 00:00:00.42 . Memory (MB): peak = 3237.715 ; gain = 0.000 ; free physical = 103136 ; free virtual = 123334
INFO: [Common 17-1381] The checkpoint '/home/nanwu/GNN_DFG/bb/dfg_99/project_tmp/solution_tmp/impl/verilog/project.runs/impl_1/bd_0_wrapper_physopt.dcp' has been generated.
Command: route_design
Attempting to get a license for feature 'Implementation' and/or device 'xc7z020'
INFO: [Common 17-349] Got license for feature 'Implementation' and/or device 'xc7z020'
Running DRC as a precondition to command route_design
WARNING: [Timing 38-242] The property HD.CLK_SRC of clock port "ap_clk" is not set. In out-of-context mode, this prevents timing estimation for clock delay/skew
Resolution: Set the HD.CLK_SRC property of the out-of-context port to the location of the clock buffer instance in the top-level design
INFO: [DRC 23-27] Running DRC with 8 threads
INFO: [Vivado_Tcl 4-198] DRC finished with 0 Errors
INFO: [Vivado_Tcl 4-199] Please refer to the DRC report (report_drc) for more information.


Starting Routing Task
INFO: [Route 35-254] Multithreading enabled for route_design using a maximum of 8 CPUs
Checksum: PlaceDB: d909e0be ConstDB: 0 ShapeSum: a3966d7d RouteDB: 0

Phase 1 Build RT Design
WARNING: [Route 35-197] Clock port "ap_clk" does not have an associated HD.CLK_SRC. Without this constraint, timing analysis may not be accurate and upstream checks cannot be done to ensure correct clock placement.
WARNING: [Route 35-198] Port "p_7[0]" does not have an associated HD.PARTPIN_LOCS, which will prevent the partial routing of the signal "p_7[0]". Without this partial route, timing analysis to/from this port will not be accurate, and no routing information for this port can be exported.
WARNING: [Route 35-198] Port "p_7[1]" does not have an associated HD.PARTPIN_LOCS, which will prevent the partial routing of the signal "p_7[1]". Without this partial route, timing analysis to/from this port will not be accurate, and no routing information for this port can be exported.
WARNING: [Route 35-198] Port "p_7[2]" does not have an associated HD.PARTPIN_LOCS, which will prevent the partial routing of the signal "p_7[2]". Without this partial route, timing analysis to/from this port will not be accurate, and no routing information for this port can be exported.
WARNING: [Route 35-198] Port "p_7[3]" does not have an associated HD.PARTPIN_LOCS, which will prevent the partial routing of the signal "p_7[3]". Without this partial route, timing analysis to/from this port will not be accurate, and no routing information for this port can be exported.
WARNING: [Route 35-198] Port "p_7[7]" does not have an associated HD.PARTPIN_LOCS, which will prevent the partial routing of the signal "p_7[7]". Without this partial route, timing analysis to/from this port will not be accurate, and no routing information for this port can be exported.
WARNING: [Route 35-198] Port "p_7[4]" does not have an associated HD.PARTPIN_LOCS, which will prevent the partial routing of the signal "p_7[4]". Without this partial route, timing analysis to/from this port will not be accurate, and no routing information for this port can be exported.
WARNING: [Route 35-198] Port "p_7[5]" does not have an associated HD.PARTPIN_LOCS, which will prevent the partial routing of the signal "p_7[5]". Without this partial route, timing analysis to/from this port will not be accurate, and no routing information for this port can be exported.
WARNING: [Route 35-198] Port "p_7[6]" does not have an associated HD.PARTPIN_LOCS, which will prevent the partial routing of the signal "p_7[6]". Without this partial route, timing analysis to/from this port will not be accurate, and no routing information for this port can be exported.
WARNING: [Route 35-198] Port "p_9_q0[10]" does not have an associated HD.PARTPIN_LOCS, which will prevent the partial routing of the signal "p_9_q0[10]". Without this partial route, timing analysis to/from this port will not be accurate, and no routing information for this port can be exported.
WARNING: [Route 35-198] Port "p_9_q0[11]" does not have an associated HD.PARTPIN_LOCS, which will prevent the partial routing of the signal "p_9_q0[11]". Without this partial route, timing analysis to/from this port will not be accurate, and no routing information for this port can be exported.
WARNING: [Route 35-198] Port "p_9_q0[14]" does not have an associated HD.PARTPIN_LOCS, which will prevent the partial routing of the signal "p_9_q0[14]". Without this partial route, timing analysis to/from this port will not be accurate, and no routing information for this port can be exported.
WARNING: [Route 35-198] Port "p_9_q0[15]" does not have an associated HD.PARTPIN_LOCS, which will prevent the partial routing of the signal "p_9_q0[15]". Without this partial route, timing analysis to/from this port will not be accurate, and no routing information for this port can be exported.
WARNING: [Route 35-198] Port "p_9_q0[2]" does not have an associated HD.PARTPIN_LOCS, which will prevent the partial routing of the signal "p_9_q0[2]". Without this partial route, timing analysis to/from this port will not be accurate, and no routing information for this port can be exported.
WARNING: [Route 35-198] Port "p_9_q0[3]" does not have an associated HD.PARTPIN_LOCS, which will prevent the partial routing of the signal "p_9_q0[3]". Without this partial route, timing analysis to/from this port will not be accurate, and no routing information for this port can be exported.
WARNING: [Route 35-198] Port "p_9_q0[6]" does not have an associated HD.PARTPIN_LOCS, which will prevent the partial routing of the signal "p_9_q0[6]". Without this partial route, timing analysis to/from this port will not be accurate, and no routing information for this port can be exported.
WARNING: [Route 35-198] Port "p_9_q0[7]" does not have an associated HD.PARTPIN_LOCS, which will prevent the partial routing of the signal "p_9_q0[7]". Without this partial route, timing analysis to/from this port will not be accurate, and no routing information for this port can be exported.
WARNING: [Route 35-198] Port "p_9_q0[4]" does not have an associated HD.PARTPIN_LOCS, which will prevent the partial routing of the signal "p_9_q0[4]". Without this partial route, timing analysis to/from this port will not be accurate, and no routing information for this port can be exported.
WARNING: [Route 35-198] Port "p_9_q0[5]" does not have an associated HD.PARTPIN_LOCS, which will prevent the partial routing of the signal "p_9_q0[5]". Without this partial route, timing analysis to/from this port will not be accurate, and no routing information for this port can be exported.
WARNING: [Route 35-198] Port "p_9_q0[8]" does not have an associated HD.PARTPIN_LOCS, which will prevent the partial routing of the signal "p_9_q0[8]". Without this partial route, timing analysis to/from this port will not be accurate, and no routing information for this port can be exported.
WARNING: [Route 35-198] Port "p_9_q0[9]" does not have an associated HD.PARTPIN_LOCS, which will prevent the partial routing of the signal "p_9_q0[9]". Without this partial route, timing analysis to/from this port will not be accurate, and no routing information for this port can be exported.
WARNING: [Route 35-198] Port "p_9_q0[12]" does not have an associated HD.PARTPIN_LOCS, which will prevent the partial routing of the signal "p_9_q0[12]". Without this partial route, timing analysis to/from this port will not be accurate, and no routing information for this port can be exported.
WARNING: [Route 35-198] Port "p_9_q0[13]" does not have an associated HD.PARTPIN_LOCS, which will prevent the partial routing of the signal "p_9_q0[13]". Without this partial route, timing analysis to/from this port will not be accurate, and no routing information for this port can be exported.
WARNING: [Route 35-198] Port "p_9_q0[16]" does not have an associated HD.PARTPIN_LOCS, which will prevent the partial routing of the signal "p_9_q0[16]". Without this partial route, timing analysis to/from this port will not be accurate, and no routing information for this port can be exported.
WARNING: [Route 35-198] Port "p_9_q0[17]" does not have an associated HD.PARTPIN_LOCS, which will prevent the partial routing of the signal "p_9_q0[17]". Without this partial route, timing analysis to/from this port will not be accurate, and no routing information for this port can be exported.
WARNING: [Route 35-198] Port "ap_rst" does not have an associated HD.PARTPIN_LOCS, which will prevent the partial routing of the signal "ap_rst". Without this partial route, timing analysis to/from this port will not be accurate, and no routing information for this port can be exported.
WARNING: [Route 35-198] Port "p_9_q0[0]" does not have an associated HD.PARTPIN_LOCS, which will prevent the partial routing of the signal "p_9_q0[0]". Without this partial route, timing analysis to/from this port will not be accurate, and no routing information for this port can be exported.
WARNING: [Route 35-198] Port "p_9_q0[1]" does not have an associated HD.PARTPIN_LOCS, which will prevent the partial routing of the signal "p_9_q0[1]". Without this partial route, timing analysis to/from this port will not be accurate, and no routing information for this port can be exported.
WARNING: [Route 35-198] Port "p_9_q0[32]" does not have an associated HD.PARTPIN_LOCS, which will prevent the partial routing of the signal "p_9_q0[32]". Without this partial route, timing analysis to/from this port will not be accurate, and no routing information for this port can be exported.
WARNING: [Route 35-198] Port "p_9_q0[33]" does not have an associated HD.PARTPIN_LOCS, which will prevent the partial routing of the signal "p_9_q0[33]". Without this partial route, timing analysis to/from this port will not be accurate, and no routing information for this port can be exported.
WARNING: [Route 35-198] Port "p_9_q0[34]" does not have an associated HD.PARTPIN_LOCS, which will prevent the partial routing of the signal "p_9_q0[34]". Without this partial route, timing analysis to/from this port will not be accurate, and no routing information for this port can be exported.
WARNING: [Route 35-198] Port "p_9_q0[35]" does not have an associated HD.PARTPIN_LOCS, which will prevent the partial routing of the signal "p_9_q0[35]". Without this partial route, timing analysis to/from this port will not be accurate, and no routing information for this port can be exported.
WARNING: [Route 35-198] Port "p_9_q0[50]" does not have an associated HD.PARTPIN_LOCS, which will prevent the partial routing of the signal "p_9_q0[50]". Without this partial route, timing analysis to/from this port will not be accurate, and no routing information for this port can be exported.
WARNING: [Route 35-198] Port "p_9_q0[51]" does not have an associated HD.PARTPIN_LOCS, which will prevent the partial routing of the signal "p_9_q0[51]". Without this partial route, timing analysis to/from this port will not be accurate, and no routing information for this port can be exported.
WARNING: [Route 35-198] Port "p_9_q0[28]" does not have an associated HD.PARTPIN_LOCS, which will prevent the partial routing of the signal "p_9_q0[28]". Without this partial route, timing analysis to/from this port will not be accurate, and no routing information for this port can be exported.
WARNING: [Route 35-198] Port "p_9_q0[29]" does not have an associated HD.PARTPIN_LOCS, which will prevent the partial routing of the signal "p_9_q0[29]". Without this partial route, timing analysis to/from this port will not be accurate, and no routing information for this port can be exported.
WARNING: [Route 35-198] Port "p_9_q0[30]" does not have an associated HD.PARTPIN_LOCS, which will prevent the partial routing of the signal "p_9_q0[30]". Without this partial route, timing analysis to/from this port will not be accurate, and no routing information for this port can be exported.
WARNING: [Route 35-198] Port "p_9_q0[31]" does not have an associated HD.PARTPIN_LOCS, which will prevent the partial routing of the signal "p_9_q0[31]". Without this partial route, timing analysis to/from this port will not be accurate, and no routing information for this port can be exported.
WARNING: [Route 35-198] Port "p_9_q0[42]" does not have an associated HD.PARTPIN_LOCS, which will prevent the partial routing of the signal "p_9_q0[42]". Without this partial route, timing analysis to/from this port will not be accurate, and no routing information for this port can be exported.
WARNING: [Route 35-198] Port "p_9_q0[43]" does not have an associated HD.PARTPIN_LOCS, which will prevent the partial routing of the signal "p_9_q0[43]". Without this partial route, timing analysis to/from this port will not be accurate, and no routing information for this port can be exported.
WARNING: [Route 35-198] Port "p_9_q0[44]" does not have an associated HD.PARTPIN_LOCS, which will prevent the partial routing of the signal "p_9_q0[44]". Without this partial route, timing analysis to/from this port will not be accurate, and no routing information for this port can be exported.
WARNING: [Route 35-198] Port "p_9_q0[45]" does not have an associated HD.PARTPIN_LOCS, which will prevent the partial routing of the signal "p_9_q0[45]". Without this partial route, timing analysis to/from this port will not be accurate, and no routing information for this port can be exported.
WARNING: [Route 35-198] Port "p_9_q0[46]" does not have an associated HD.PARTPIN_LOCS, which will prevent the partial routing of the signal "p_9_q0[46]". Without this partial route, timing analysis to/from this port will not be accurate, and no routing information for this port can be exported.
WARNING: [Route 35-198] Port "p_9_q0[47]" does not have an associated HD.PARTPIN_LOCS, which will prevent the partial routing of the signal "p_9_q0[47]". Without this partial route, timing analysis to/from this port will not be accurate, and no routing information for this port can be exported.
WARNING: [Route 35-198] Port "p_9_q0[60]" does not have an associated HD.PARTPIN_LOCS, which will prevent the partial routing of the signal "p_9_q0[60]". Without this partial route, timing analysis to/from this port will not be accurate, and no routing information for this port can be exported.
WARNING: [Route 35-198] Port "p_9_q0[61]" does not have an associated HD.PARTPIN_LOCS, which will prevent the partial routing of the signal "p_9_q0[61]". Without this partial route, timing analysis to/from this port will not be accurate, and no routing information for this port can be exported.
WARNING: [Route 35-198] Port "p_9_q0[62]" does not have an associated HD.PARTPIN_LOCS, which will prevent the partial routing of the signal "p_9_q0[62]". Without this partial route, timing analysis to/from this port will not be accurate, and no routing information for this port can be exported.
WARNING: [Route 35-198] Port "p_9_q0[63]" does not have an associated HD.PARTPIN_LOCS, which will prevent the partial routing of the signal "p_9_q0[63]". Without this partial route, timing analysis to/from this port will not be accurate, and no routing information for this port can be exported.
WARNING: [Route 35-198] Port "p_9_q0[36]" does not have an associated HD.PARTPIN_LOCS, which will prevent the partial routing of the signal "p_9_q0[36]". Without this partial route, timing analysis to/from this port will not be accurate, and no routing information for this port can be exported.
WARNING: [Route 35-198] Port "p_9_q0[37]" does not have an associated HD.PARTPIN_LOCS, which will prevent the partial routing of the signal "p_9_q0[37]". Without this partial route, timing analysis to/from this port will not be accurate, and no routing information for this port can be exported.
WARNING: [Route 35-198] Port "p_9_q0[38]" does not have an associated HD.PARTPIN_LOCS, which will prevent the partial routing of the signal "p_9_q0[38]". Without this partial route, timing analysis to/from this port will not be accurate, and no routing information for this port can be exported.
WARNING: [Route 35-198] Port "p_9_q0[39]" does not have an associated HD.PARTPIN_LOCS, which will prevent the partial routing of the signal "p_9_q0[39]". Without this partial route, timing analysis to/from this port will not be accurate, and no routing information for this port can be exported.
WARNING: [Route 35-198] Port "p_9_q0[40]" does not have an associated HD.PARTPIN_LOCS, which will prevent the partial routing of the signal "p_9_q0[40]". Without this partial route, timing analysis to/from this port will not be accurate, and no routing information for this port can be exported.
WARNING: [Route 35-198] Port "p_9_q0[41]" does not have an associated HD.PARTPIN_LOCS, which will prevent the partial routing of the signal "p_9_q0[41]". Without this partial route, timing analysis to/from this port will not be accurate, and no routing information for this port can be exported.
WARNING: [Route 35-198] Port "p_9_q0[48]" does not have an associated HD.PARTPIN_LOCS, which will prevent the partial routing of the signal "p_9_q0[48]". Without this partial route, timing analysis to/from this port will not be accurate, and no routing information for this port can be exported.
WARNING: [Route 35-198] Port "p_9_q0[49]" does not have an associated HD.PARTPIN_LOCS, which will prevent the partial routing of the signal "p_9_q0[49]". Without this partial route, timing analysis to/from this port will not be accurate, and no routing information for this port can be exported.
WARNING: [Route 35-198] Port "ap_ctrl_start" does not have an associated HD.PARTPIN_LOCS, which will prevent the partial routing of the signal "ap_ctrl_start". Without this partial route, timing analysis to/from this port will not be accurate, and no routing information for this port can be exported.
WARNING: [Route 35-198] Port "p_9_q0[18]" does not have an associated HD.PARTPIN_LOCS, which will prevent the partial routing of the signal "p_9_q0[18]". Without this partial route, timing analysis to/from this port will not be accurate, and no routing information for this port can be exported.
WARNING: [Route 35-198] Port "p_9_q0[19]" does not have an associated HD.PARTPIN_LOCS, which will prevent the partial routing of the signal "p_9_q0[19]". Without this partial route, timing analysis to/from this port will not be accurate, and no routing information for this port can be exported.
WARNING: [Route 35-198] Port "p_9_q0[20]" does not have an associated HD.PARTPIN_LOCS, which will prevent the partial routing of the signal "p_9_q0[20]". Without this partial route, timing analysis to/from this port will not be accurate, and no routing information for this port can be exported.
WARNING: [Route 35-198] Port "p_9_q0[21]" does not have an associated HD.PARTPIN_LOCS, which will prevent the partial routing of the signal "p_9_q0[21]". Without this partial route, timing analysis to/from this port will not be accurate, and no routing information for this port can be exported.
WARNING: [Route 35-198] Port "p_9_q0[22]" does not have an associated HD.PARTPIN_LOCS, which will prevent the partial routing of the signal "p_9_q0[22]". Without this partial route, timing analysis to/from this port will not be accurate, and no routing information for this port can be exported.
WARNING: [Route 35-198] Port "p_9_q0[23]" does not have an associated HD.PARTPIN_LOCS, which will prevent the partial routing of the signal "p_9_q0[23]". Without this partial route, timing analysis to/from this port will not be accurate, and no routing information for this port can be exported.
WARNING: [Route 35-198] Port "p_9_q0[24]" does not have an associated HD.PARTPIN_LOCS, which will prevent the partial routing of the signal "p_9_q0[24]". Without this partial route, timing analysis to/from this port will not be accurate, and no routing information for this port can be exported.
WARNING: [Route 35-198] Port "p_9_q0[25]" does not have an associated HD.PARTPIN_LOCS, which will prevent the partial routing of the signal "p_9_q0[25]". Without this partial route, timing analysis to/from this port will not be accurate, and no routing information for this port can be exported.
WARNING: [Route 35-198] Port "p_9_q0[26]" does not have an associated HD.PARTPIN_LOCS, which will prevent the partial routing of the signal "p_9_q0[26]". Without this partial route, timing analysis to/from this port will not be accurate, and no routing information for this port can be exported.
WARNING: [Route 35-198] Port "p_9_q0[27]" does not have an associated HD.PARTPIN_LOCS, which will prevent the partial routing of the signal "p_9_q0[27]". Without this partial route, timing analysis to/from this port will not be accurate, and no routing information for this port can be exported.
WARNING: [Route 35-198] Port "p_9_q0[54]" does not have an associated HD.PARTPIN_LOCS, which will prevent the partial routing of the signal "p_9_q0[54]". Without this partial route, timing analysis to/from this port will not be accurate, and no routing information for this port can be exported.
WARNING: [Route 35-198] Port "p_9_q0[55]" does not have an associated HD.PARTPIN_LOCS, which will prevent the partial routing of the signal "p_9_q0[55]". Without this partial route, timing analysis to/from this port will not be accurate, and no routing information for this port can be exported.
WARNING: [Route 35-198] Port "p_9_q0[52]" does not have an associated HD.PARTPIN_LOCS, which will prevent the partial routing of the signal "p_9_q0[52]". Without this partial route, timing analysis to/from this port will not be accurate, and no routing information for this port can be exported.
WARNING: [Route 35-198] Port "p_9_q0[53]" does not have an associated HD.PARTPIN_LOCS, which will prevent the partial routing of the signal "p_9_q0[53]". Without this partial route, timing analysis to/from this port will not be accurate, and no routing information for this port can be exported.
WARNING: [Route 35-198] Port "p_9_q0[56]" does not have an associated HD.PARTPIN_LOCS, which will prevent the partial routing of the signal "p_9_q0[56]". Without this partial route, timing analysis to/from this port will not be accurate, and no routing information for this port can be exported.
WARNING: [Route 35-198] Port "p_9_q0[57]" does not have an associated HD.PARTPIN_LOCS, which will prevent the partial routing of the signal "p_9_q0[57]". Without this partial route, timing analysis to/from this port will not be accurate, and no routing information for this port can be exported.
WARNING: [Route 35-198] Port "p_9_q0[58]" does not have an associated HD.PARTPIN_LOCS, which will prevent the partial routing of the signal "p_9_q0[58]". Without this partial route, timing analysis to/from this port will not be accurate, and no routing information for this port can be exported.
WARNING: [Route 35-198] Port "p_9_q0[59]" does not have an associated HD.PARTPIN_LOCS, which will prevent the partial routing of the signal "p_9_q0[59]". Without this partial route, timing analysis to/from this port will not be accurate, and no routing information for this port can be exported.
WARNING: [Route 35-198] Port "p[27]" does not have an associated HD.PARTPIN_LOCS, which will prevent the partial routing of the signal "p[27]". Without this partial route, timing analysis to/from this port will not be accurate, and no routing information for this port can be exported.
WARNING: [Route 35-198] Port "p[28]" does not have an associated HD.PARTPIN_LOCS, which will prevent the partial routing of the signal "p[28]". Without this partial route, timing analysis to/from this port will not be accurate, and no routing information for this port can be exported.
WARNING: [Route 35-198] Port "p[29]" does not have an associated HD.PARTPIN_LOCS, which will prevent the partial routing of the signal "p[29]". Without this partial route, timing analysis to/from this port will not be accurate, and no routing information for this port can be exported.
WARNING: [Route 35-198] Port "p[30]" does not have an associated HD.PARTPIN_LOCS, which will prevent the partial routing of the signal "p[30]". Without this partial route, timing analysis to/from this port will not be accurate, and no routing information for this port can be exported.
WARNING: [Route 35-198] Port "p[31]" does not have an associated HD.PARTPIN_LOCS, which will prevent the partial routing of the signal "p[31]". Without this partial route, timing analysis to/from this port will not be accurate, and no routing information for this port can be exported.
WARNING: [Route 35-198] Port "p[20]" does not have an associated HD.PARTPIN_LOCS, which will prevent the partial routing of the signal "p[20]". Without this partial route, timing analysis to/from this port will not be accurate, and no routing information for this port can be exported.
WARNING: [Route 35-198] Port "p[19]" does not have an associated HD.PARTPIN_LOCS, which will prevent the partial routing of the signal "p[19]". Without this partial route, timing analysis to/from this port will not be accurate, and no routing information for this port can be exported.
WARNING: [Route 35-198] Port "p[22]" does not have an associated HD.PARTPIN_LOCS, which will prevent the partial routing of the signal "p[22]". Without this partial route, timing analysis to/from this port will not be accurate, and no routing information for this port can be exported.
WARNING: [Route 35-198] Port "p[21]" does not have an associated HD.PARTPIN_LOCS, which will prevent the partial routing of the signal "p[21]". Without this partial route, timing analysis to/from this port will not be accurate, and no routing information for this port can be exported.
WARNING: [Route 35-198] Port "p[26]" does not have an associated HD.PARTPIN_LOCS, which will prevent the partial routing of the signal "p[26]". Without this partial route, timing analysis to/from this port will not be accurate, and no routing information for this port can be exported.
WARNING: [Route 35-198] Port "p[25]" does not have an associated HD.PARTPIN_LOCS, which will prevent the partial routing of the signal "p[25]". Without this partial route, timing analysis to/from this port will not be accurate, and no routing information for this port can be exported.
WARNING: [Route 35-198] Port "p[24]" does not have an associated HD.PARTPIN_LOCS, which will prevent the partial routing of the signal "p[24]". Without this partial route, timing analysis to/from this port will not be accurate, and no routing information for this port can be exported.
WARNING: [Route 35-198] Port "p[23]" does not have an associated HD.PARTPIN_LOCS, which will prevent the partial routing of the signal "p[23]". Without this partial route, timing analysis to/from this port will not be accurate, and no routing information for this port can be exported.
WARNING: [Route 35-198] Port "p[13]" does not have an associated HD.PARTPIN_LOCS, which will prevent the partial routing of the signal "p[13]". Without this partial route, timing analysis to/from this port will not be accurate, and no routing information for this port can be exported.
WARNING: [Route 35-198] Port "p[14]" does not have an associated HD.PARTPIN_LOCS, which will prevent the partial routing of the signal "p[14]". Without this partial route, timing analysis to/from this port will not be accurate, and no routing information for this port can be exported.
WARNING: [Route 35-198] Port "p[12]" does not have an associated HD.PARTPIN_LOCS, which will prevent the partial routing of the signal "p[12]". Without this partial route, timing analysis to/from this port will not be accurate, and no routing information for this port can be exported.
WARNING: [Route 35-198] Port "p[10]" does not have an associated HD.PARTPIN_LOCS, which will prevent the partial routing of the signal "p[10]". Without this partial route, timing analysis to/from this port will not be accurate, and no routing information for this port can be exported.
WARNING: [Route 35-198] Port "p[11]" does not have an associated HD.PARTPIN_LOCS, which will prevent the partial routing of the signal "p[11]". Without this partial route, timing analysis to/from this port will not be accurate, and no routing information for this port can be exported.
WARNING: [Route 35-198] Port "p[9]" does not have an associated HD.PARTPIN_LOCS, which will prevent the partial routing of the signal "p[9]". Without this partial route, timing analysis to/from this port will not be accurate, and no routing information for this port can be exported.
WARNING: [Route 35-198] Port "p[18]" does not have an associated HD.PARTPIN_LOCS, which will prevent the partial routing of the signal "p[18]". Without this partial route, timing analysis to/from this port will not be accurate, and no routing information for this port can be exported.
WARNING: [Route 35-198] Port "p[16]" does not have an associated HD.PARTPIN_LOCS, which will prevent the partial routing of the signal "p[16]". Without this partial route, timing analysis to/from this port will not be accurate, and no routing information for this port can be exported.
WARNING: [Route 35-198] Port "p[17]" does not have an associated HD.PARTPIN_LOCS, which will prevent the partial routing of the signal "p[17]". Without this partial route, timing analysis to/from this port will not be accurate, and no routing information for this port can be exported.
WARNING: [Route 35-198] Port "p[15]" does not have an associated HD.PARTPIN_LOCS, which will prevent the partial routing of the signal "p[15]". Without this partial route, timing analysis to/from this port will not be accurate, and no routing information for this port can be exported.
WARNING: [Route 35-198] Port "p[0]" does not have an associated HD.PARTPIN_LOCS, which will prevent the partial routing of the signal "p[0]". Without this partial route, timing analysis to/from this port will not be accurate, and no routing information for this port can be exported.
WARNING: [Route 35-198] Port "p[1]" does not have an associated HD.PARTPIN_LOCS, which will prevent the partial routing of the signal "p[1]". Without this partial route, timing analysis to/from this port will not be accurate, and no routing information for this port can be exported.
WARNING: [Route 35-198] Port "p[2]" does not have an associated HD.PARTPIN_LOCS, which will prevent the partial routing of the signal "p[2]". Without this partial route, timing analysis to/from this port will not be accurate, and no routing information for this port can be exported.
INFO: [Common 17-14] Message 'Route 35-198' appears 100 times and further instances of the messages will be disabled. Use the Tcl command set_msg_config to change the current settings.
Phase 1 Build RT Design | Checksum: 1180e1556

Time (s): cpu = 00:00:15 ; elapsed = 00:00:10 . Memory (MB): peak = 3274.270 ; gain = 0.000 ; free physical = 102502 ; free virtual = 122727
Post Restoration Checksum: NetGraph: 72162c8d NumContArr: a5f7e8c9 Constraints: 0 Timing: 0

Phase 2 Router Initialization

Phase 2.1 Create Timer
Phase 2.1 Create Timer | Checksum: 1180e1556

Time (s): cpu = 00:00:15 ; elapsed = 00:00:11 . Memory (MB): peak = 3274.270 ; gain = 0.000 ; free physical = 102351 ; free virtual = 122577

Phase 2.2 Fix Topology Constraints
Phase 2.2 Fix Topology Constraints | Checksum: 1180e1556

Time (s): cpu = 00:00:15 ; elapsed = 00:00:11 . Memory (MB): peak = 3282.070 ; gain = 7.801 ; free physical = 102045 ; free virtual = 122270

Phase 2.3 Pre Route Cleanup
Phase 2.3 Pre Route Cleanup | Checksum: 1180e1556

Time (s): cpu = 00:00:15 ; elapsed = 00:00:11 . Memory (MB): peak = 3282.070 ; gain = 7.801 ; free physical = 102027 ; free virtual = 122252
 Number of Nodes with overlaps = 0

Phase 2.4 Update Timing
Phase 2.4 Update Timing | Checksum: 14b31d78d

Time (s): cpu = 00:00:18 ; elapsed = 00:00:12 . Memory (MB): peak = 3296.953 ; gain = 22.684 ; free physical = 101505 ; free virtual = 121730
INFO: [Route 35-416] Intermediate Timing Summary | WNS=0.875  | TNS=0.000  | WHS=0.106  | THS=0.000  |

Phase 2 Router Initialization | Checksum: 20f8b3ea4

Time (s): cpu = 00:00:21 ; elapsed = 00:00:12 . Memory (MB): peak = 3307.953 ; gain = 33.684 ; free physical = 102147 ; free virtual = 122373

Router Utilization Summary
  Global Vertical Routing Utilization    = 0 %
  Global Horizontal Routing Utilization  = 0 %
  Routable Net Status*
  *Does not include unroutable nets such as driverless and loadless.
  Run report_route_status for detailed report.
  Number of Failed Nets               = 10873
    (Failed Nets is the sum of unrouted and partially routed nets)
  Number of Unrouted Nets             = 10873
  Number of Partially Routed Nets     = 0
  Number of Node Overlaps             = 0


Phase 3 Initial Routing

Phase 3.1 Global Routing
Phase 3.1 Global Routing | Checksum: 20f8b3ea4

Time (s): cpu = 00:00:21 ; elapsed = 00:00:12 . Memory (MB): peak = 3307.953 ; gain = 33.684 ; free physical = 102111 ; free virtual = 122337
Phase 3 Initial Routing | Checksum: 87882714

Time (s): cpu = 00:00:23 ; elapsed = 00:00:13 . Memory (MB): peak = 3307.953 ; gain = 33.684 ; free physical = 102126 ; free virtual = 122351

Phase 4 Rip-up And Reroute

Phase 4.1 Global Iteration 0
 Number of Nodes with overlaps = 343
 Number of Nodes with overlaps = 23
 Number of Nodes with overlaps = 2
 Number of Nodes with overlaps = 0
INFO: [Route 35-416] Intermediate Timing Summary | WNS=1.592  | TNS=0.000  | WHS=N/A    | THS=N/A    |

Phase 4.1 Global Iteration 0 | Checksum: 1b4343324

Time (s): cpu = 00:00:28 ; elapsed = 00:00:15 . Memory (MB): peak = 3307.953 ; gain = 33.684 ; free physical = 101642 ; free virtual = 121868
Phase 4 Rip-up And Reroute | Checksum: 1b4343324

Time (s): cpu = 00:00:28 ; elapsed = 00:00:15 . Memory (MB): peak = 3307.953 ; gain = 33.684 ; free physical = 101632 ; free virtual = 121858

Phase 5 Delay and Skew Optimization

Phase 5.1 Delay CleanUp
Phase 5.1 Delay CleanUp | Checksum: 1b4343324

Time (s): cpu = 00:00:28 ; elapsed = 00:00:15 . Memory (MB): peak = 3307.953 ; gain = 33.684 ; free physical = 101614 ; free virtual = 121839

Phase 5.2 Clock Skew Optimization
Phase 5.2 Clock Skew Optimization | Checksum: 1b4343324

Time (s): cpu = 00:00:28 ; elapsed = 00:00:15 . Memory (MB): peak = 3307.953 ; gain = 33.684 ; free physical = 101611 ; free virtual = 121837
Phase 5 Delay and Skew Optimization | Checksum: 1b4343324

Time (s): cpu = 00:00:28 ; elapsed = 00:00:15 . Memory (MB): peak = 3307.953 ; gain = 33.684 ; free physical = 101607 ; free virtual = 121832

Phase 6 Post Hold Fix

Phase 6.1 Hold Fix Iter

Phase 6.1.1 Update Timing
Phase 6.1.1 Update Timing | Checksum: 10fb358f7

Time (s): cpu = 00:00:29 ; elapsed = 00:00:15 . Memory (MB): peak = 3307.953 ; gain = 33.684 ; free physical = 101583 ; free virtual = 121808
INFO: [Route 35-416] Intermediate Timing Summary | WNS=1.592  | TNS=0.000  | WHS=0.107  | THS=0.000  |

Phase 6.1 Hold Fix Iter | Checksum: 10fb358f7

Time (s): cpu = 00:00:29 ; elapsed = 00:00:15 . Memory (MB): peak = 3307.953 ; gain = 33.684 ; free physical = 101578 ; free virtual = 121803
Phase 6 Post Hold Fix | Checksum: 10fb358f7

Time (s): cpu = 00:00:29 ; elapsed = 00:00:15 . Memory (MB): peak = 3307.953 ; gain = 33.684 ; free physical = 101574 ; free virtual = 121800

Phase 7 Route finalize

Router Utilization Summary
  Global Vertical Routing Utilization    = 1.2171 %
  Global Horizontal Routing Utilization  = 1.85041 %
  Routable Net Status*
  *Does not include unroutable nets such as driverless and loadless.
  Run report_route_status for detailed report.
  Number of Failed Nets               = 0
    (Failed Nets is the sum of unrouted and partially routed nets)
  Number of Unrouted Nets             = 0
  Number of Partially Routed Nets     = 0
  Number of Node Overlaps             = 0

Phase 7 Route finalize | Checksum: 1e485f859

Time (s): cpu = 00:00:29 ; elapsed = 00:00:15 . Memory (MB): peak = 3307.953 ; gain = 33.684 ; free physical = 101555 ; free virtual = 121781

Phase 8 Verifying routed nets

 Verification completed successfully
Phase 8 Verifying routed nets | Checksum: 1e485f859

Time (s): cpu = 00:00:29 ; elapsed = 00:00:15 . Memory (MB): peak = 3307.953 ; gain = 33.684 ; free physical = 101549 ; free virtual = 121775

Phase 9 Depositing Routes
Phase 9 Depositing Routes | Checksum: 253008d6e

Time (s): cpu = 00:00:30 ; elapsed = 00:00:16 . Memory (MB): peak = 3339.969 ; gain = 65.699 ; free physical = 101448 ; free virtual = 121673

Phase 10 Post Router Timing
INFO: [Route 35-57] Estimated Timing Summary | WNS=1.592  | TNS=0.000  | WHS=0.107  | THS=0.000  |

INFO: [Route 35-327] The final timing numbers are based on the router estimated timing analysis. For a complete and accurate timing signoff, please run report_timing_summary.
Phase 10 Post Router Timing | Checksum: 253008d6e

Time (s): cpu = 00:00:30 ; elapsed = 00:00:16 . Memory (MB): peak = 3339.969 ; gain = 65.699 ; free physical = 101435 ; free virtual = 121661
INFO: [Route 35-16] Router Completed Successfully

Time (s): cpu = 00:00:30 ; elapsed = 00:00:16 . Memory (MB): peak = 3339.969 ; gain = 65.699 ; free physical = 101470 ; free virtual = 121695

Routing Is Done.
INFO: [Common 17-83] Releasing license: Implementation
89 Infos, 103 Warnings, 0 Critical Warnings and 0 Errors encountered.
route_design completed successfully
route_design: Time (s): cpu = 00:00:35 ; elapsed = 00:00:18 . Memory (MB): peak = 3339.969 ; gain = 102.254 ; free physical = 101469 ; free virtual = 121695
INFO: [Timing 38-480] Writing timing data to binary archive.
Writing placer database...
Writing XDEF routing.
Writing XDEF routing logical nets.
Writing XDEF routing special nets.
Write XDEF Complete: Time (s): cpu = 00:00:02 ; elapsed = 00:00:00.47 . Memory (MB): peak = 3339.969 ; gain = 0.000 ; free physical = 102397 ; free virtual = 122645
INFO: [Common 17-1381] The checkpoint '/home/nanwu/GNN_DFG/bb/dfg_99/project_tmp/solution_tmp/impl/verilog/project.runs/impl_1/bd_0_wrapper_routed.dcp' has been generated.
INFO: [runtcl-4] Executing : report_drc -file bd_0_wrapper_drc_routed.rpt -pb bd_0_wrapper_drc_routed.pb -rpx bd_0_wrapper_drc_routed.rpx
Command: report_drc -file bd_0_wrapper_drc_routed.rpt -pb bd_0_wrapper_drc_routed.pb -rpx bd_0_wrapper_drc_routed.rpx
INFO: [IP_Flow 19-1839] IP Catalog is up to date.
WARNING: [Timing 38-242] The property HD.CLK_SRC of clock port "ap_clk" is not set. In out-of-context mode, this prevents timing estimation for clock delay/skew
Resolution: Set the HD.CLK_SRC property of the out-of-context port to the location of the clock buffer instance in the top-level design
INFO: [DRC 23-27] Running DRC with 8 threads
INFO: [Coretcl 2-168] The results of DRC are in file /home/nanwu/GNN_DFG/bb/dfg_99/project_tmp/solution_tmp/impl/verilog/project.runs/impl_1/bd_0_wrapper_drc_routed.rpt.
report_drc completed successfully
INFO: [runtcl-4] Executing : report_methodology -file bd_0_wrapper_methodology_drc_routed.rpt -pb bd_0_wrapper_methodology_drc_routed.pb -rpx bd_0_wrapper_methodology_drc_routed.rpx
Command: report_methodology -file bd_0_wrapper_methodology_drc_routed.rpt -pb bd_0_wrapper_methodology_drc_routed.pb -rpx bd_0_wrapper_methodology_drc_routed.rpx
INFO: [Timing 38-35] Done setting XDC timing constraints.
INFO: [DRC 23-133] Running Methodology with 8 threads
INFO: [Coretcl 2-1520] The results of Report Methodology are in file /home/nanwu/GNN_DFG/bb/dfg_99/project_tmp/solution_tmp/impl/verilog/project.runs/impl_1/bd_0_wrapper_methodology_drc_routed.rpt.
report_methodology completed successfully
INFO: [runtcl-4] Executing : report_power -file bd_0_wrapper_power_routed.rpt -pb bd_0_wrapper_power_summary_routed.pb -rpx bd_0_wrapper_power_routed.rpx
Command: report_power -file bd_0_wrapper_power_routed.rpt -pb bd_0_wrapper_power_summary_routed.pb -rpx bd_0_wrapper_power_routed.rpx
INFO: [Timing 38-35] Done setting XDC timing constraints.
Running Vector-less Activity Propagation...

Finished Running Vector-less Activity Propagation
101 Infos, 104 Warnings, 0 Critical Warnings and 0 Errors encountered.
report_power completed successfully
INFO: [runtcl-4] Executing : report_route_status -file bd_0_wrapper_route_status.rpt -pb bd_0_wrapper_route_status.pb
INFO: [runtcl-4] Executing : report_timing_summary -max_paths 10 -file bd_0_wrapper_timing_summary_routed.rpt -pb bd_0_wrapper_timing_summary_routed.pb -rpx bd_0_wrapper_timing_summary_routed.rpx -warn_on_violation 
INFO: [Timing 38-91] UpdateTimingParams: Speed grade: -1, Delay Type: min_max.
INFO: [Timing 38-191] Multithreading enabled for timing update using a maximum of 8 CPUs
INFO: [runtcl-4] Executing : report_incremental_reuse -file bd_0_wrapper_incremental_reuse_routed.rpt
INFO: [Vivado_Tcl 4-1062] Incremental flow is disabled. No incremental reuse Info to report.
INFO: [runtcl-4] Executing : report_clock_utilization -file bd_0_wrapper_clock_utilization_routed.rpt
INFO: [runtcl-4] Executing : report_bus_skew -warn_on_violation -file bd_0_wrapper_bus_skew_routed.rpt -pb bd_0_wrapper_bus_skew_routed.pb -rpx bd_0_wrapper_bus_skew_routed.rpx
INFO: [Timing 38-91] UpdateTimingParams: Speed grade: -1, Delay Type: min_max.
INFO: [Timing 38-191] Multithreading enabled for timing update using a maximum of 8 CPUs
INFO: [Common 17-206] Exiting Vivado at Sat May  1 01:59:53 2021...
