

================================================================
== Vitis HLS Report for 'fn1'
================================================================
* Date:           Sat Apr 10 11:58:42 2021

* Version:        2020.2 (Build 3064766 on Wed Nov 18 09:12:47 MST 2020)
* Project:        project_tmp
* Solution:       solution_tmp (Vivado IP Flow Target)
* Product family: zynq
* Target device:  xc7z020-clg484-1


================================================================
== Performance Estimates
================================================================
+ Timing: 
    * Summary: 
    +--------+----------+----------+------------+
    |  Clock |  Target  | Estimated| Uncertainty|
    +--------+----------+----------+------------+
    |ap_clk  |  10.00 ns|  6.687 ns|     2.70 ns|
    +--------+----------+----------+------------+

+ Latency: 
    * Summary: 
    +---------+---------+----------+----------+-----+-----+---------+
    |  Latency (cycles) |  Latency (absolute) |  Interval | Pipeline|
    |   min   |   max   |    min   |    max   | min | max |   Type  |
    +---------+---------+----------+----------+-----+-----+---------+
    |      128|      128|  1.280 us|  1.280 us|  129|  129|     none|
    +---------+---------+----------+----------+-----+-----+---------+

    + Detail: 
        * Instance: 
        N/A

        * Loop: 
        N/A

============================================================
+ Verbose Summary: Synthesis Manager
============================================================
InlineROM: 1
ExposeGlobal: 0
============================================================
+ Verbose Summary: CDFG Model
============================================================
IsTopModel: 1
ResetActiveHigh: 1
IsCombinational: 0
IsDatapathOnly: 0
HasWiredReturn: 1
HasMFsm: 0
HasVarLatency: 1
IsPipeline: 0
IsRtlPipelined: 0
IsInstanceOverlapped: 0
IsDontTouch: 0
HasImplIP: 0
IsGatedGlobalClock: 0


============================================================
+ Verbose Summary: Schedule
============================================================
* Number of FSM states : 129
* Pipeline : 0
* Dataflow Pipeline: 0

* FSM state transitions: 
1 --> 2 
2 --> 3 
3 --> 4 
4 --> 5 
5 --> 6 
6 --> 7 
7 --> 8 
8 --> 9 
9 --> 10 
10 --> 11 
11 --> 12 
12 --> 13 
13 --> 14 
14 --> 15 
15 --> 16 
16 --> 17 
17 --> 18 
18 --> 19 
19 --> 20 
20 --> 21 
21 --> 22 
22 --> 23 
23 --> 24 
24 --> 25 
25 --> 26 
26 --> 27 
27 --> 28 
28 --> 29 
29 --> 30 
30 --> 31 
31 --> 32 
32 --> 33 
33 --> 34 
34 --> 35 
35 --> 36 
36 --> 37 
37 --> 38 
38 --> 39 
39 --> 40 
40 --> 41 
41 --> 42 
42 --> 43 
43 --> 44 
44 --> 45 
45 --> 46 
46 --> 47 
47 --> 48 
48 --> 49 
49 --> 50 
50 --> 51 
51 --> 52 
52 --> 53 
53 --> 54 
54 --> 55 
55 --> 56 
56 --> 57 
57 --> 58 
58 --> 59 
59 --> 60 
60 --> 61 
61 --> 62 
62 --> 63 
63 --> 64 
64 --> 65 
65 --> 66 
66 --> 67 
67 --> 68 
68 --> 69 
69 --> 70 
70 --> 71 
71 --> 72 
72 --> 73 
73 --> 74 
74 --> 75 
75 --> 76 
76 --> 77 
77 --> 78 
78 --> 79 
79 --> 80 
80 --> 81 
81 --> 82 
82 --> 83 
83 --> 84 
84 --> 85 
85 --> 86 
86 --> 87 
87 --> 88 
88 --> 89 
89 --> 90 
90 --> 91 
91 --> 92 
92 --> 93 
93 --> 94 
94 --> 95 
95 --> 96 
96 --> 97 
97 --> 98 
98 --> 99 
99 --> 100 
100 --> 101 
101 --> 102 
102 --> 103 
103 --> 104 
104 --> 105 
105 --> 106 
106 --> 107 
107 --> 108 
108 --> 109 
109 --> 110 
110 --> 111 
111 --> 112 
112 --> 113 
113 --> 114 
114 --> 115 
115 --> 116 
116 --> 117 
117 --> 118 
118 --> 119 
119 --> 120 
120 --> 121 
121 --> 122 
122 --> 123 
123 --> 124 
124 --> 125 
125 --> 126 
126 --> 127 
127 --> 128 
128 --> 129 
129 --> 

* FSM state operations: 

State 1 <SV = 0> <Delay = 6.68>
ST_1 : Operation 130 [1/1] (0.00ns)   --->   "%p_19_read = read i32 @_ssdm_op_Read.ap_auto.i32, i32 %p_19" [dfg_199.c:7]   --->   Operation 130 'read' 'p_19_read' <Predicate = true> <Delay = 0.00>
ST_1 : Operation 131 [1/1] (0.00ns)   --->   "%p_13_read = read i32 @_ssdm_op_Read.ap_auto.i32, i32 %p_13" [dfg_199.c:7]   --->   Operation 131 'read' 'p_13_read' <Predicate = true> <Delay = 0.00>
ST_1 : Operation 132 [1/1] (2.55ns)   --->   "%add_ln21 = add i32 %p_13_read, i32 870" [dfg_199.c:21]   --->   Operation 132 'add' 'add_ln21' <Predicate = true> <Delay = 2.55> <CoreInst = "Adder">   --->   Core 1 'Adder' <Latency = 0> <II = 1> <Delay = 1.91> <FuncUnit> <Opcode : 'add' 'sub'> <InPorts = 2> <OutPorts = 1>
ST_1 : Operation 133 [36/36] (4.13ns)   --->   "%sdiv_ln21 = sdiv i32 %p_19_read, i32 %add_ln21" [dfg_199.c:21]   --->   Operation 133 'sdiv' 'sdiv_ln21' <Predicate = true> <Delay = 4.13> <CoreInst = "DivnS_SEQ">   --->   Core 7 'DivnS_SEQ' <Latency = 35> <II = 32> <Delay = 4.13> <FuncUnit> <Opcode : 'sdiv' 'srem' 'udiv' 'urem'> <InPorts = 2> <OutPorts = 1>
ST_1 : Operation 134 [36/36] (4.13ns)   --->   "%srem_ln25 = srem i32 %p_13_read, i32 119070816" [dfg_199.c:25]   --->   Operation 134 'srem' 'srem_ln25' <Predicate = true> <Delay = 4.13> <CoreInst = "DivnS_SEQ">   --->   Core 7 'DivnS_SEQ' <Latency = 35> <II = 8> <Delay = 4.13> <FuncUnit> <Opcode : 'sdiv' 'srem' 'udiv' 'urem'> <InPorts = 2> <OutPorts = 1>

State 2 <SV = 1> <Delay = 4.13>
ST_2 : Operation 135 [35/36] (4.13ns)   --->   "%sdiv_ln21 = sdiv i32 %p_19_read, i32 %add_ln21" [dfg_199.c:21]   --->   Operation 135 'sdiv' 'sdiv_ln21' <Predicate = true> <Delay = 4.13> <CoreInst = "DivnS_SEQ">   --->   Core 7 'DivnS_SEQ' <Latency = 35> <II = 32> <Delay = 4.13> <FuncUnit> <Opcode : 'sdiv' 'srem' 'udiv' 'urem'> <InPorts = 2> <OutPorts = 1>
ST_2 : Operation 136 [35/36] (4.13ns)   --->   "%srem_ln25 = srem i32 %p_13_read, i32 119070816" [dfg_199.c:25]   --->   Operation 136 'srem' 'srem_ln25' <Predicate = true> <Delay = 4.13> <CoreInst = "DivnS_SEQ">   --->   Core 7 'DivnS_SEQ' <Latency = 35> <II = 8> <Delay = 4.13> <FuncUnit> <Opcode : 'sdiv' 'srem' 'udiv' 'urem'> <InPorts = 2> <OutPorts = 1>

State 3 <SV = 2> <Delay = 4.13>
ST_3 : Operation 137 [34/36] (4.13ns)   --->   "%sdiv_ln21 = sdiv i32 %p_19_read, i32 %add_ln21" [dfg_199.c:21]   --->   Operation 137 'sdiv' 'sdiv_ln21' <Predicate = true> <Delay = 4.13> <CoreInst = "DivnS_SEQ">   --->   Core 7 'DivnS_SEQ' <Latency = 35> <II = 32> <Delay = 4.13> <FuncUnit> <Opcode : 'sdiv' 'srem' 'udiv' 'urem'> <InPorts = 2> <OutPorts = 1>
ST_3 : Operation 138 [34/36] (4.13ns)   --->   "%srem_ln25 = srem i32 %p_13_read, i32 119070816" [dfg_199.c:25]   --->   Operation 138 'srem' 'srem_ln25' <Predicate = true> <Delay = 4.13> <CoreInst = "DivnS_SEQ">   --->   Core 7 'DivnS_SEQ' <Latency = 35> <II = 8> <Delay = 4.13> <FuncUnit> <Opcode : 'sdiv' 'srem' 'udiv' 'urem'> <InPorts = 2> <OutPorts = 1>

State 4 <SV = 3> <Delay = 4.13>
ST_4 : Operation 139 [33/36] (4.13ns)   --->   "%sdiv_ln21 = sdiv i32 %p_19_read, i32 %add_ln21" [dfg_199.c:21]   --->   Operation 139 'sdiv' 'sdiv_ln21' <Predicate = true> <Delay = 4.13> <CoreInst = "DivnS_SEQ">   --->   Core 7 'DivnS_SEQ' <Latency = 35> <II = 32> <Delay = 4.13> <FuncUnit> <Opcode : 'sdiv' 'srem' 'udiv' 'urem'> <InPorts = 2> <OutPorts = 1>
ST_4 : Operation 140 [33/36] (4.13ns)   --->   "%srem_ln25 = srem i32 %p_13_read, i32 119070816" [dfg_199.c:25]   --->   Operation 140 'srem' 'srem_ln25' <Predicate = true> <Delay = 4.13> <CoreInst = "DivnS_SEQ">   --->   Core 7 'DivnS_SEQ' <Latency = 35> <II = 8> <Delay = 4.13> <FuncUnit> <Opcode : 'sdiv' 'srem' 'udiv' 'urem'> <InPorts = 2> <OutPorts = 1>

State 5 <SV = 4> <Delay = 4.13>
ST_5 : Operation 141 [32/36] (4.13ns)   --->   "%sdiv_ln21 = sdiv i32 %p_19_read, i32 %add_ln21" [dfg_199.c:21]   --->   Operation 141 'sdiv' 'sdiv_ln21' <Predicate = true> <Delay = 4.13> <CoreInst = "DivnS_SEQ">   --->   Core 7 'DivnS_SEQ' <Latency = 35> <II = 32> <Delay = 4.13> <FuncUnit> <Opcode : 'sdiv' 'srem' 'udiv' 'urem'> <InPorts = 2> <OutPorts = 1>
ST_5 : Operation 142 [32/36] (4.13ns)   --->   "%srem_ln25 = srem i32 %p_13_read, i32 119070816" [dfg_199.c:25]   --->   Operation 142 'srem' 'srem_ln25' <Predicate = true> <Delay = 4.13> <CoreInst = "DivnS_SEQ">   --->   Core 7 'DivnS_SEQ' <Latency = 35> <II = 8> <Delay = 4.13> <FuncUnit> <Opcode : 'sdiv' 'srem' 'udiv' 'urem'> <InPorts = 2> <OutPorts = 1>

State 6 <SV = 5> <Delay = 4.13>
ST_6 : Operation 143 [31/36] (4.13ns)   --->   "%sdiv_ln21 = sdiv i32 %p_19_read, i32 %add_ln21" [dfg_199.c:21]   --->   Operation 143 'sdiv' 'sdiv_ln21' <Predicate = true> <Delay = 4.13> <CoreInst = "DivnS_SEQ">   --->   Core 7 'DivnS_SEQ' <Latency = 35> <II = 32> <Delay = 4.13> <FuncUnit> <Opcode : 'sdiv' 'srem' 'udiv' 'urem'> <InPorts = 2> <OutPorts = 1>
ST_6 : Operation 144 [31/36] (4.13ns)   --->   "%srem_ln25 = srem i32 %p_13_read, i32 119070816" [dfg_199.c:25]   --->   Operation 144 'srem' 'srem_ln25' <Predicate = true> <Delay = 4.13> <CoreInst = "DivnS_SEQ">   --->   Core 7 'DivnS_SEQ' <Latency = 35> <II = 8> <Delay = 4.13> <FuncUnit> <Opcode : 'sdiv' 'srem' 'udiv' 'urem'> <InPorts = 2> <OutPorts = 1>

State 7 <SV = 6> <Delay = 4.13>
ST_7 : Operation 145 [30/36] (4.13ns)   --->   "%sdiv_ln21 = sdiv i32 %p_19_read, i32 %add_ln21" [dfg_199.c:21]   --->   Operation 145 'sdiv' 'sdiv_ln21' <Predicate = true> <Delay = 4.13> <CoreInst = "DivnS_SEQ">   --->   Core 7 'DivnS_SEQ' <Latency = 35> <II = 32> <Delay = 4.13> <FuncUnit> <Opcode : 'sdiv' 'srem' 'udiv' 'urem'> <InPorts = 2> <OutPorts = 1>
ST_7 : Operation 146 [30/36] (4.13ns)   --->   "%srem_ln25 = srem i32 %p_13_read, i32 119070816" [dfg_199.c:25]   --->   Operation 146 'srem' 'srem_ln25' <Predicate = true> <Delay = 4.13> <CoreInst = "DivnS_SEQ">   --->   Core 7 'DivnS_SEQ' <Latency = 35> <II = 8> <Delay = 4.13> <FuncUnit> <Opcode : 'sdiv' 'srem' 'udiv' 'urem'> <InPorts = 2> <OutPorts = 1>

State 8 <SV = 7> <Delay = 4.13>
ST_8 : Operation 147 [29/36] (4.13ns)   --->   "%sdiv_ln21 = sdiv i32 %p_19_read, i32 %add_ln21" [dfg_199.c:21]   --->   Operation 147 'sdiv' 'sdiv_ln21' <Predicate = true> <Delay = 4.13> <CoreInst = "DivnS_SEQ">   --->   Core 7 'DivnS_SEQ' <Latency = 35> <II = 32> <Delay = 4.13> <FuncUnit> <Opcode : 'sdiv' 'srem' 'udiv' 'urem'> <InPorts = 2> <OutPorts = 1>
ST_8 : Operation 148 [29/36] (4.13ns)   --->   "%srem_ln25 = srem i32 %p_13_read, i32 119070816" [dfg_199.c:25]   --->   Operation 148 'srem' 'srem_ln25' <Predicate = true> <Delay = 4.13> <CoreInst = "DivnS_SEQ">   --->   Core 7 'DivnS_SEQ' <Latency = 35> <II = 8> <Delay = 4.13> <FuncUnit> <Opcode : 'sdiv' 'srem' 'udiv' 'urem'> <InPorts = 2> <OutPorts = 1>

State 9 <SV = 8> <Delay = 4.13>
ST_9 : Operation 149 [28/36] (4.13ns)   --->   "%sdiv_ln21 = sdiv i32 %p_19_read, i32 %add_ln21" [dfg_199.c:21]   --->   Operation 149 'sdiv' 'sdiv_ln21' <Predicate = true> <Delay = 4.13> <CoreInst = "DivnS_SEQ">   --->   Core 7 'DivnS_SEQ' <Latency = 35> <II = 32> <Delay = 4.13> <FuncUnit> <Opcode : 'sdiv' 'srem' 'udiv' 'urem'> <InPorts = 2> <OutPorts = 1>
ST_9 : Operation 150 [28/36] (4.13ns)   --->   "%srem_ln25 = srem i32 %p_13_read, i32 119070816" [dfg_199.c:25]   --->   Operation 150 'srem' 'srem_ln25' <Predicate = true> <Delay = 4.13> <CoreInst = "DivnS_SEQ">   --->   Core 7 'DivnS_SEQ' <Latency = 35> <II = 8> <Delay = 4.13> <FuncUnit> <Opcode : 'sdiv' 'srem' 'udiv' 'urem'> <InPorts = 2> <OutPorts = 1>

State 10 <SV = 9> <Delay = 4.13>
ST_10 : Operation 151 [27/36] (4.13ns)   --->   "%sdiv_ln21 = sdiv i32 %p_19_read, i32 %add_ln21" [dfg_199.c:21]   --->   Operation 151 'sdiv' 'sdiv_ln21' <Predicate = true> <Delay = 4.13> <CoreInst = "DivnS_SEQ">   --->   Core 7 'DivnS_SEQ' <Latency = 35> <II = 32> <Delay = 4.13> <FuncUnit> <Opcode : 'sdiv' 'srem' 'udiv' 'urem'> <InPorts = 2> <OutPorts = 1>
ST_10 : Operation 152 [27/36] (4.13ns)   --->   "%srem_ln25 = srem i32 %p_13_read, i32 119070816" [dfg_199.c:25]   --->   Operation 152 'srem' 'srem_ln25' <Predicate = true> <Delay = 4.13> <CoreInst = "DivnS_SEQ">   --->   Core 7 'DivnS_SEQ' <Latency = 35> <II = 8> <Delay = 4.13> <FuncUnit> <Opcode : 'sdiv' 'srem' 'udiv' 'urem'> <InPorts = 2> <OutPorts = 1>

State 11 <SV = 10> <Delay = 4.13>
ST_11 : Operation 153 [26/36] (4.13ns)   --->   "%sdiv_ln21 = sdiv i32 %p_19_read, i32 %add_ln21" [dfg_199.c:21]   --->   Operation 153 'sdiv' 'sdiv_ln21' <Predicate = true> <Delay = 4.13> <CoreInst = "DivnS_SEQ">   --->   Core 7 'DivnS_SEQ' <Latency = 35> <II = 32> <Delay = 4.13> <FuncUnit> <Opcode : 'sdiv' 'srem' 'udiv' 'urem'> <InPorts = 2> <OutPorts = 1>
ST_11 : Operation 154 [26/36] (4.13ns)   --->   "%srem_ln25 = srem i32 %p_13_read, i32 119070816" [dfg_199.c:25]   --->   Operation 154 'srem' 'srem_ln25' <Predicate = true> <Delay = 4.13> <CoreInst = "DivnS_SEQ">   --->   Core 7 'DivnS_SEQ' <Latency = 35> <II = 8> <Delay = 4.13> <FuncUnit> <Opcode : 'sdiv' 'srem' 'udiv' 'urem'> <InPorts = 2> <OutPorts = 1>

State 12 <SV = 11> <Delay = 4.13>
ST_12 : Operation 155 [25/36] (4.13ns)   --->   "%sdiv_ln21 = sdiv i32 %p_19_read, i32 %add_ln21" [dfg_199.c:21]   --->   Operation 155 'sdiv' 'sdiv_ln21' <Predicate = true> <Delay = 4.13> <CoreInst = "DivnS_SEQ">   --->   Core 7 'DivnS_SEQ' <Latency = 35> <II = 32> <Delay = 4.13> <FuncUnit> <Opcode : 'sdiv' 'srem' 'udiv' 'urem'> <InPorts = 2> <OutPorts = 1>
ST_12 : Operation 156 [25/36] (4.13ns)   --->   "%srem_ln25 = srem i32 %p_13_read, i32 119070816" [dfg_199.c:25]   --->   Operation 156 'srem' 'srem_ln25' <Predicate = true> <Delay = 4.13> <CoreInst = "DivnS_SEQ">   --->   Core 7 'DivnS_SEQ' <Latency = 35> <II = 8> <Delay = 4.13> <FuncUnit> <Opcode : 'sdiv' 'srem' 'udiv' 'urem'> <InPorts = 2> <OutPorts = 1>

State 13 <SV = 12> <Delay = 4.13>
ST_13 : Operation 157 [24/36] (4.13ns)   --->   "%sdiv_ln21 = sdiv i32 %p_19_read, i32 %add_ln21" [dfg_199.c:21]   --->   Operation 157 'sdiv' 'sdiv_ln21' <Predicate = true> <Delay = 4.13> <CoreInst = "DivnS_SEQ">   --->   Core 7 'DivnS_SEQ' <Latency = 35> <II = 32> <Delay = 4.13> <FuncUnit> <Opcode : 'sdiv' 'srem' 'udiv' 'urem'> <InPorts = 2> <OutPorts = 1>
ST_13 : Operation 158 [24/36] (4.13ns)   --->   "%srem_ln25 = srem i32 %p_13_read, i32 119070816" [dfg_199.c:25]   --->   Operation 158 'srem' 'srem_ln25' <Predicate = true> <Delay = 4.13> <CoreInst = "DivnS_SEQ">   --->   Core 7 'DivnS_SEQ' <Latency = 35> <II = 8> <Delay = 4.13> <FuncUnit> <Opcode : 'sdiv' 'srem' 'udiv' 'urem'> <InPorts = 2> <OutPorts = 1>

State 14 <SV = 13> <Delay = 4.13>
ST_14 : Operation 159 [23/36] (4.13ns)   --->   "%sdiv_ln21 = sdiv i32 %p_19_read, i32 %add_ln21" [dfg_199.c:21]   --->   Operation 159 'sdiv' 'sdiv_ln21' <Predicate = true> <Delay = 4.13> <CoreInst = "DivnS_SEQ">   --->   Core 7 'DivnS_SEQ' <Latency = 35> <II = 32> <Delay = 4.13> <FuncUnit> <Opcode : 'sdiv' 'srem' 'udiv' 'urem'> <InPorts = 2> <OutPorts = 1>
ST_14 : Operation 160 [23/36] (4.13ns)   --->   "%srem_ln25 = srem i32 %p_13_read, i32 119070816" [dfg_199.c:25]   --->   Operation 160 'srem' 'srem_ln25' <Predicate = true> <Delay = 4.13> <CoreInst = "DivnS_SEQ">   --->   Core 7 'DivnS_SEQ' <Latency = 35> <II = 8> <Delay = 4.13> <FuncUnit> <Opcode : 'sdiv' 'srem' 'udiv' 'urem'> <InPorts = 2> <OutPorts = 1>

State 15 <SV = 14> <Delay = 4.13>
ST_15 : Operation 161 [22/36] (4.13ns)   --->   "%sdiv_ln21 = sdiv i32 %p_19_read, i32 %add_ln21" [dfg_199.c:21]   --->   Operation 161 'sdiv' 'sdiv_ln21' <Predicate = true> <Delay = 4.13> <CoreInst = "DivnS_SEQ">   --->   Core 7 'DivnS_SEQ' <Latency = 35> <II = 32> <Delay = 4.13> <FuncUnit> <Opcode : 'sdiv' 'srem' 'udiv' 'urem'> <InPorts = 2> <OutPorts = 1>
ST_15 : Operation 162 [22/36] (4.13ns)   --->   "%srem_ln25 = srem i32 %p_13_read, i32 119070816" [dfg_199.c:25]   --->   Operation 162 'srem' 'srem_ln25' <Predicate = true> <Delay = 4.13> <CoreInst = "DivnS_SEQ">   --->   Core 7 'DivnS_SEQ' <Latency = 35> <II = 8> <Delay = 4.13> <FuncUnit> <Opcode : 'sdiv' 'srem' 'udiv' 'urem'> <InPorts = 2> <OutPorts = 1>

State 16 <SV = 15> <Delay = 4.13>
ST_16 : Operation 163 [21/36] (4.13ns)   --->   "%sdiv_ln21 = sdiv i32 %p_19_read, i32 %add_ln21" [dfg_199.c:21]   --->   Operation 163 'sdiv' 'sdiv_ln21' <Predicate = true> <Delay = 4.13> <CoreInst = "DivnS_SEQ">   --->   Core 7 'DivnS_SEQ' <Latency = 35> <II = 32> <Delay = 4.13> <FuncUnit> <Opcode : 'sdiv' 'srem' 'udiv' 'urem'> <InPorts = 2> <OutPorts = 1>
ST_16 : Operation 164 [21/36] (4.13ns)   --->   "%srem_ln25 = srem i32 %p_13_read, i32 119070816" [dfg_199.c:25]   --->   Operation 164 'srem' 'srem_ln25' <Predicate = true> <Delay = 4.13> <CoreInst = "DivnS_SEQ">   --->   Core 7 'DivnS_SEQ' <Latency = 35> <II = 8> <Delay = 4.13> <FuncUnit> <Opcode : 'sdiv' 'srem' 'udiv' 'urem'> <InPorts = 2> <OutPorts = 1>

State 17 <SV = 16> <Delay = 4.13>
ST_17 : Operation 165 [20/36] (4.13ns)   --->   "%sdiv_ln21 = sdiv i32 %p_19_read, i32 %add_ln21" [dfg_199.c:21]   --->   Operation 165 'sdiv' 'sdiv_ln21' <Predicate = true> <Delay = 4.13> <CoreInst = "DivnS_SEQ">   --->   Core 7 'DivnS_SEQ' <Latency = 35> <II = 32> <Delay = 4.13> <FuncUnit> <Opcode : 'sdiv' 'srem' 'udiv' 'urem'> <InPorts = 2> <OutPorts = 1>
ST_17 : Operation 166 [20/36] (4.13ns)   --->   "%srem_ln25 = srem i32 %p_13_read, i32 119070816" [dfg_199.c:25]   --->   Operation 166 'srem' 'srem_ln25' <Predicate = true> <Delay = 4.13> <CoreInst = "DivnS_SEQ">   --->   Core 7 'DivnS_SEQ' <Latency = 35> <II = 8> <Delay = 4.13> <FuncUnit> <Opcode : 'sdiv' 'srem' 'udiv' 'urem'> <InPorts = 2> <OutPorts = 1>

State 18 <SV = 17> <Delay = 4.13>
ST_18 : Operation 167 [19/36] (4.13ns)   --->   "%sdiv_ln21 = sdiv i32 %p_19_read, i32 %add_ln21" [dfg_199.c:21]   --->   Operation 167 'sdiv' 'sdiv_ln21' <Predicate = true> <Delay = 4.13> <CoreInst = "DivnS_SEQ">   --->   Core 7 'DivnS_SEQ' <Latency = 35> <II = 32> <Delay = 4.13> <FuncUnit> <Opcode : 'sdiv' 'srem' 'udiv' 'urem'> <InPorts = 2> <OutPorts = 1>
ST_18 : Operation 168 [19/36] (4.13ns)   --->   "%srem_ln25 = srem i32 %p_13_read, i32 119070816" [dfg_199.c:25]   --->   Operation 168 'srem' 'srem_ln25' <Predicate = true> <Delay = 4.13> <CoreInst = "DivnS_SEQ">   --->   Core 7 'DivnS_SEQ' <Latency = 35> <II = 8> <Delay = 4.13> <FuncUnit> <Opcode : 'sdiv' 'srem' 'udiv' 'urem'> <InPorts = 2> <OutPorts = 1>

State 19 <SV = 18> <Delay = 4.13>
ST_19 : Operation 169 [18/36] (4.13ns)   --->   "%sdiv_ln21 = sdiv i32 %p_19_read, i32 %add_ln21" [dfg_199.c:21]   --->   Operation 169 'sdiv' 'sdiv_ln21' <Predicate = true> <Delay = 4.13> <CoreInst = "DivnS_SEQ">   --->   Core 7 'DivnS_SEQ' <Latency = 35> <II = 32> <Delay = 4.13> <FuncUnit> <Opcode : 'sdiv' 'srem' 'udiv' 'urem'> <InPorts = 2> <OutPorts = 1>
ST_19 : Operation 170 [18/36] (4.13ns)   --->   "%srem_ln25 = srem i32 %p_13_read, i32 119070816" [dfg_199.c:25]   --->   Operation 170 'srem' 'srem_ln25' <Predicate = true> <Delay = 4.13> <CoreInst = "DivnS_SEQ">   --->   Core 7 'DivnS_SEQ' <Latency = 35> <II = 8> <Delay = 4.13> <FuncUnit> <Opcode : 'sdiv' 'srem' 'udiv' 'urem'> <InPorts = 2> <OutPorts = 1>

State 20 <SV = 19> <Delay = 4.13>
ST_20 : Operation 171 [17/36] (4.13ns)   --->   "%sdiv_ln21 = sdiv i32 %p_19_read, i32 %add_ln21" [dfg_199.c:21]   --->   Operation 171 'sdiv' 'sdiv_ln21' <Predicate = true> <Delay = 4.13> <CoreInst = "DivnS_SEQ">   --->   Core 7 'DivnS_SEQ' <Latency = 35> <II = 32> <Delay = 4.13> <FuncUnit> <Opcode : 'sdiv' 'srem' 'udiv' 'urem'> <InPorts = 2> <OutPorts = 1>
ST_20 : Operation 172 [17/36] (4.13ns)   --->   "%srem_ln25 = srem i32 %p_13_read, i32 119070816" [dfg_199.c:25]   --->   Operation 172 'srem' 'srem_ln25' <Predicate = true> <Delay = 4.13> <CoreInst = "DivnS_SEQ">   --->   Core 7 'DivnS_SEQ' <Latency = 35> <II = 8> <Delay = 4.13> <FuncUnit> <Opcode : 'sdiv' 'srem' 'udiv' 'urem'> <InPorts = 2> <OutPorts = 1>

State 21 <SV = 20> <Delay = 4.13>
ST_21 : Operation 173 [16/36] (4.13ns)   --->   "%sdiv_ln21 = sdiv i32 %p_19_read, i32 %add_ln21" [dfg_199.c:21]   --->   Operation 173 'sdiv' 'sdiv_ln21' <Predicate = true> <Delay = 4.13> <CoreInst = "DivnS_SEQ">   --->   Core 7 'DivnS_SEQ' <Latency = 35> <II = 32> <Delay = 4.13> <FuncUnit> <Opcode : 'sdiv' 'srem' 'udiv' 'urem'> <InPorts = 2> <OutPorts = 1>
ST_21 : Operation 174 [16/36] (4.13ns)   --->   "%srem_ln25 = srem i32 %p_13_read, i32 119070816" [dfg_199.c:25]   --->   Operation 174 'srem' 'srem_ln25' <Predicate = true> <Delay = 4.13> <CoreInst = "DivnS_SEQ">   --->   Core 7 'DivnS_SEQ' <Latency = 35> <II = 8> <Delay = 4.13> <FuncUnit> <Opcode : 'sdiv' 'srem' 'udiv' 'urem'> <InPorts = 2> <OutPorts = 1>

State 22 <SV = 21> <Delay = 4.13>
ST_22 : Operation 175 [15/36] (4.13ns)   --->   "%sdiv_ln21 = sdiv i32 %p_19_read, i32 %add_ln21" [dfg_199.c:21]   --->   Operation 175 'sdiv' 'sdiv_ln21' <Predicate = true> <Delay = 4.13> <CoreInst = "DivnS_SEQ">   --->   Core 7 'DivnS_SEQ' <Latency = 35> <II = 32> <Delay = 4.13> <FuncUnit> <Opcode : 'sdiv' 'srem' 'udiv' 'urem'> <InPorts = 2> <OutPorts = 1>
ST_22 : Operation 176 [15/36] (4.13ns)   --->   "%srem_ln25 = srem i32 %p_13_read, i32 119070816" [dfg_199.c:25]   --->   Operation 176 'srem' 'srem_ln25' <Predicate = true> <Delay = 4.13> <CoreInst = "DivnS_SEQ">   --->   Core 7 'DivnS_SEQ' <Latency = 35> <II = 8> <Delay = 4.13> <FuncUnit> <Opcode : 'sdiv' 'srem' 'udiv' 'urem'> <InPorts = 2> <OutPorts = 1>

State 23 <SV = 22> <Delay = 4.13>
ST_23 : Operation 177 [14/36] (4.13ns)   --->   "%sdiv_ln21 = sdiv i32 %p_19_read, i32 %add_ln21" [dfg_199.c:21]   --->   Operation 177 'sdiv' 'sdiv_ln21' <Predicate = true> <Delay = 4.13> <CoreInst = "DivnS_SEQ">   --->   Core 7 'DivnS_SEQ' <Latency = 35> <II = 32> <Delay = 4.13> <FuncUnit> <Opcode : 'sdiv' 'srem' 'udiv' 'urem'> <InPorts = 2> <OutPorts = 1>
ST_23 : Operation 178 [14/36] (4.13ns)   --->   "%srem_ln25 = srem i32 %p_13_read, i32 119070816" [dfg_199.c:25]   --->   Operation 178 'srem' 'srem_ln25' <Predicate = true> <Delay = 4.13> <CoreInst = "DivnS_SEQ">   --->   Core 7 'DivnS_SEQ' <Latency = 35> <II = 8> <Delay = 4.13> <FuncUnit> <Opcode : 'sdiv' 'srem' 'udiv' 'urem'> <InPorts = 2> <OutPorts = 1>

State 24 <SV = 23> <Delay = 4.13>
ST_24 : Operation 179 [13/36] (4.13ns)   --->   "%sdiv_ln21 = sdiv i32 %p_19_read, i32 %add_ln21" [dfg_199.c:21]   --->   Operation 179 'sdiv' 'sdiv_ln21' <Predicate = true> <Delay = 4.13> <CoreInst = "DivnS_SEQ">   --->   Core 7 'DivnS_SEQ' <Latency = 35> <II = 32> <Delay = 4.13> <FuncUnit> <Opcode : 'sdiv' 'srem' 'udiv' 'urem'> <InPorts = 2> <OutPorts = 1>
ST_24 : Operation 180 [13/36] (4.13ns)   --->   "%srem_ln25 = srem i32 %p_13_read, i32 119070816" [dfg_199.c:25]   --->   Operation 180 'srem' 'srem_ln25' <Predicate = true> <Delay = 4.13> <CoreInst = "DivnS_SEQ">   --->   Core 7 'DivnS_SEQ' <Latency = 35> <II = 8> <Delay = 4.13> <FuncUnit> <Opcode : 'sdiv' 'srem' 'udiv' 'urem'> <InPorts = 2> <OutPorts = 1>

State 25 <SV = 24> <Delay = 4.13>
ST_25 : Operation 181 [12/36] (4.13ns)   --->   "%sdiv_ln21 = sdiv i32 %p_19_read, i32 %add_ln21" [dfg_199.c:21]   --->   Operation 181 'sdiv' 'sdiv_ln21' <Predicate = true> <Delay = 4.13> <CoreInst = "DivnS_SEQ">   --->   Core 7 'DivnS_SEQ' <Latency = 35> <II = 32> <Delay = 4.13> <FuncUnit> <Opcode : 'sdiv' 'srem' 'udiv' 'urem'> <InPorts = 2> <OutPorts = 1>
ST_25 : Operation 182 [12/36] (4.13ns)   --->   "%srem_ln25 = srem i32 %p_13_read, i32 119070816" [dfg_199.c:25]   --->   Operation 182 'srem' 'srem_ln25' <Predicate = true> <Delay = 4.13> <CoreInst = "DivnS_SEQ">   --->   Core 7 'DivnS_SEQ' <Latency = 35> <II = 8> <Delay = 4.13> <FuncUnit> <Opcode : 'sdiv' 'srem' 'udiv' 'urem'> <InPorts = 2> <OutPorts = 1>

State 26 <SV = 25> <Delay = 4.13>
ST_26 : Operation 183 [11/36] (4.13ns)   --->   "%sdiv_ln21 = sdiv i32 %p_19_read, i32 %add_ln21" [dfg_199.c:21]   --->   Operation 183 'sdiv' 'sdiv_ln21' <Predicate = true> <Delay = 4.13> <CoreInst = "DivnS_SEQ">   --->   Core 7 'DivnS_SEQ' <Latency = 35> <II = 32> <Delay = 4.13> <FuncUnit> <Opcode : 'sdiv' 'srem' 'udiv' 'urem'> <InPorts = 2> <OutPorts = 1>
ST_26 : Operation 184 [11/36] (4.13ns)   --->   "%srem_ln25 = srem i32 %p_13_read, i32 119070816" [dfg_199.c:25]   --->   Operation 184 'srem' 'srem_ln25' <Predicate = true> <Delay = 4.13> <CoreInst = "DivnS_SEQ">   --->   Core 7 'DivnS_SEQ' <Latency = 35> <II = 8> <Delay = 4.13> <FuncUnit> <Opcode : 'sdiv' 'srem' 'udiv' 'urem'> <InPorts = 2> <OutPorts = 1>

State 27 <SV = 26> <Delay = 4.13>
ST_27 : Operation 185 [10/36] (4.13ns)   --->   "%sdiv_ln21 = sdiv i32 %p_19_read, i32 %add_ln21" [dfg_199.c:21]   --->   Operation 185 'sdiv' 'sdiv_ln21' <Predicate = true> <Delay = 4.13> <CoreInst = "DivnS_SEQ">   --->   Core 7 'DivnS_SEQ' <Latency = 35> <II = 32> <Delay = 4.13> <FuncUnit> <Opcode : 'sdiv' 'srem' 'udiv' 'urem'> <InPorts = 2> <OutPorts = 1>
ST_27 : Operation 186 [10/36] (4.13ns)   --->   "%srem_ln25 = srem i32 %p_13_read, i32 119070816" [dfg_199.c:25]   --->   Operation 186 'srem' 'srem_ln25' <Predicate = true> <Delay = 4.13> <CoreInst = "DivnS_SEQ">   --->   Core 7 'DivnS_SEQ' <Latency = 35> <II = 8> <Delay = 4.13> <FuncUnit> <Opcode : 'sdiv' 'srem' 'udiv' 'urem'> <InPorts = 2> <OutPorts = 1>

State 28 <SV = 27> <Delay = 4.13>
ST_28 : Operation 187 [9/36] (4.13ns)   --->   "%sdiv_ln21 = sdiv i32 %p_19_read, i32 %add_ln21" [dfg_199.c:21]   --->   Operation 187 'sdiv' 'sdiv_ln21' <Predicate = true> <Delay = 4.13> <CoreInst = "DivnS_SEQ">   --->   Core 7 'DivnS_SEQ' <Latency = 35> <II = 32> <Delay = 4.13> <FuncUnit> <Opcode : 'sdiv' 'srem' 'udiv' 'urem'> <InPorts = 2> <OutPorts = 1>
ST_28 : Operation 188 [9/36] (4.13ns)   --->   "%srem_ln25 = srem i32 %p_13_read, i32 119070816" [dfg_199.c:25]   --->   Operation 188 'srem' 'srem_ln25' <Predicate = true> <Delay = 4.13> <CoreInst = "DivnS_SEQ">   --->   Core 7 'DivnS_SEQ' <Latency = 35> <II = 8> <Delay = 4.13> <FuncUnit> <Opcode : 'sdiv' 'srem' 'udiv' 'urem'> <InPorts = 2> <OutPorts = 1>

State 29 <SV = 28> <Delay = 4.13>
ST_29 : Operation 189 [8/36] (4.13ns)   --->   "%sdiv_ln21 = sdiv i32 %p_19_read, i32 %add_ln21" [dfg_199.c:21]   --->   Operation 189 'sdiv' 'sdiv_ln21' <Predicate = true> <Delay = 4.13> <CoreInst = "DivnS_SEQ">   --->   Core 7 'DivnS_SEQ' <Latency = 35> <II = 32> <Delay = 4.13> <FuncUnit> <Opcode : 'sdiv' 'srem' 'udiv' 'urem'> <InPorts = 2> <OutPorts = 1>
ST_29 : Operation 190 [8/36] (4.13ns)   --->   "%srem_ln25 = srem i32 %p_13_read, i32 119070816" [dfg_199.c:25]   --->   Operation 190 'srem' 'srem_ln25' <Predicate = true> <Delay = 4.13> <CoreInst = "DivnS_SEQ">   --->   Core 7 'DivnS_SEQ' <Latency = 35> <II = 8> <Delay = 4.13> <FuncUnit> <Opcode : 'sdiv' 'srem' 'udiv' 'urem'> <InPorts = 2> <OutPorts = 1>

State 30 <SV = 29> <Delay = 4.13>
ST_30 : Operation 191 [7/36] (4.13ns)   --->   "%sdiv_ln21 = sdiv i32 %p_19_read, i32 %add_ln21" [dfg_199.c:21]   --->   Operation 191 'sdiv' 'sdiv_ln21' <Predicate = true> <Delay = 4.13> <CoreInst = "DivnS_SEQ">   --->   Core 7 'DivnS_SEQ' <Latency = 35> <II = 32> <Delay = 4.13> <FuncUnit> <Opcode : 'sdiv' 'srem' 'udiv' 'urem'> <InPorts = 2> <OutPorts = 1>
ST_30 : Operation 192 [7/36] (4.13ns)   --->   "%srem_ln25 = srem i32 %p_13_read, i32 119070816" [dfg_199.c:25]   --->   Operation 192 'srem' 'srem_ln25' <Predicate = true> <Delay = 4.13> <CoreInst = "DivnS_SEQ">   --->   Core 7 'DivnS_SEQ' <Latency = 35> <II = 8> <Delay = 4.13> <FuncUnit> <Opcode : 'sdiv' 'srem' 'udiv' 'urem'> <InPorts = 2> <OutPorts = 1>

State 31 <SV = 30> <Delay = 4.13>
ST_31 : Operation 193 [6/36] (4.13ns)   --->   "%sdiv_ln21 = sdiv i32 %p_19_read, i32 %add_ln21" [dfg_199.c:21]   --->   Operation 193 'sdiv' 'sdiv_ln21' <Predicate = true> <Delay = 4.13> <CoreInst = "DivnS_SEQ">   --->   Core 7 'DivnS_SEQ' <Latency = 35> <II = 32> <Delay = 4.13> <FuncUnit> <Opcode : 'sdiv' 'srem' 'udiv' 'urem'> <InPorts = 2> <OutPorts = 1>
ST_31 : Operation 194 [6/36] (4.13ns)   --->   "%srem_ln25 = srem i32 %p_13_read, i32 119070816" [dfg_199.c:25]   --->   Operation 194 'srem' 'srem_ln25' <Predicate = true> <Delay = 4.13> <CoreInst = "DivnS_SEQ">   --->   Core 7 'DivnS_SEQ' <Latency = 35> <II = 8> <Delay = 4.13> <FuncUnit> <Opcode : 'sdiv' 'srem' 'udiv' 'urem'> <InPorts = 2> <OutPorts = 1>

State 32 <SV = 31> <Delay = 4.13>
ST_32 : Operation 195 [5/36] (4.13ns)   --->   "%sdiv_ln21 = sdiv i32 %p_19_read, i32 %add_ln21" [dfg_199.c:21]   --->   Operation 195 'sdiv' 'sdiv_ln21' <Predicate = true> <Delay = 4.13> <CoreInst = "DivnS_SEQ">   --->   Core 7 'DivnS_SEQ' <Latency = 35> <II = 32> <Delay = 4.13> <FuncUnit> <Opcode : 'sdiv' 'srem' 'udiv' 'urem'> <InPorts = 2> <OutPorts = 1>
ST_32 : Operation 196 [5/36] (4.13ns)   --->   "%srem_ln25 = srem i32 %p_13_read, i32 119070816" [dfg_199.c:25]   --->   Operation 196 'srem' 'srem_ln25' <Predicate = true> <Delay = 4.13> <CoreInst = "DivnS_SEQ">   --->   Core 7 'DivnS_SEQ' <Latency = 35> <II = 8> <Delay = 4.13> <FuncUnit> <Opcode : 'sdiv' 'srem' 'udiv' 'urem'> <InPorts = 2> <OutPorts = 1>

State 33 <SV = 32> <Delay = 4.13>
ST_33 : Operation 197 [4/36] (4.13ns)   --->   "%sdiv_ln21 = sdiv i32 %p_19_read, i32 %add_ln21" [dfg_199.c:21]   --->   Operation 197 'sdiv' 'sdiv_ln21' <Predicate = true> <Delay = 4.13> <CoreInst = "DivnS_SEQ">   --->   Core 7 'DivnS_SEQ' <Latency = 35> <II = 32> <Delay = 4.13> <FuncUnit> <Opcode : 'sdiv' 'srem' 'udiv' 'urem'> <InPorts = 2> <OutPorts = 1>
ST_33 : Operation 198 [4/36] (4.13ns)   --->   "%srem_ln25 = srem i32 %p_13_read, i32 119070816" [dfg_199.c:25]   --->   Operation 198 'srem' 'srem_ln25' <Predicate = true> <Delay = 4.13> <CoreInst = "DivnS_SEQ">   --->   Core 7 'DivnS_SEQ' <Latency = 35> <II = 8> <Delay = 4.13> <FuncUnit> <Opcode : 'sdiv' 'srem' 'udiv' 'urem'> <InPorts = 2> <OutPorts = 1>

State 34 <SV = 33> <Delay = 4.13>
ST_34 : Operation 199 [3/36] (4.13ns)   --->   "%sdiv_ln21 = sdiv i32 %p_19_read, i32 %add_ln21" [dfg_199.c:21]   --->   Operation 199 'sdiv' 'sdiv_ln21' <Predicate = true> <Delay = 4.13> <CoreInst = "DivnS_SEQ">   --->   Core 7 'DivnS_SEQ' <Latency = 35> <II = 32> <Delay = 4.13> <FuncUnit> <Opcode : 'sdiv' 'srem' 'udiv' 'urem'> <InPorts = 2> <OutPorts = 1>
ST_34 : Operation 200 [3/36] (4.13ns)   --->   "%srem_ln25 = srem i32 %p_13_read, i32 119070816" [dfg_199.c:25]   --->   Operation 200 'srem' 'srem_ln25' <Predicate = true> <Delay = 4.13> <CoreInst = "DivnS_SEQ">   --->   Core 7 'DivnS_SEQ' <Latency = 35> <II = 8> <Delay = 4.13> <FuncUnit> <Opcode : 'sdiv' 'srem' 'udiv' 'urem'> <InPorts = 2> <OutPorts = 1>

State 35 <SV = 34> <Delay = 4.13>
ST_35 : Operation 201 [2/36] (4.13ns)   --->   "%sdiv_ln21 = sdiv i32 %p_19_read, i32 %add_ln21" [dfg_199.c:21]   --->   Operation 201 'sdiv' 'sdiv_ln21' <Predicate = true> <Delay = 4.13> <CoreInst = "DivnS_SEQ">   --->   Core 7 'DivnS_SEQ' <Latency = 35> <II = 32> <Delay = 4.13> <FuncUnit> <Opcode : 'sdiv' 'srem' 'udiv' 'urem'> <InPorts = 2> <OutPorts = 1>
ST_35 : Operation 202 [2/36] (4.13ns)   --->   "%srem_ln25 = srem i32 %p_13_read, i32 119070816" [dfg_199.c:25]   --->   Operation 202 'srem' 'srem_ln25' <Predicate = true> <Delay = 4.13> <CoreInst = "DivnS_SEQ">   --->   Core 7 'DivnS_SEQ' <Latency = 35> <II = 8> <Delay = 4.13> <FuncUnit> <Opcode : 'sdiv' 'srem' 'udiv' 'urem'> <InPorts = 2> <OutPorts = 1>

State 36 <SV = 35> <Delay = 6.68>
ST_36 : Operation 203 [1/36] (4.13ns)   --->   "%sdiv_ln21 = sdiv i32 %p_19_read, i32 %add_ln21" [dfg_199.c:21]   --->   Operation 203 'sdiv' 'sdiv_ln21' <Predicate = true> <Delay = 4.13> <CoreInst = "DivnS_SEQ">   --->   Core 7 'DivnS_SEQ' <Latency = 35> <II = 32> <Delay = 4.13> <FuncUnit> <Opcode : 'sdiv' 'srem' 'udiv' 'urem'> <InPorts = 2> <OutPorts = 1>
ST_36 : Operation 204 [1/1] (2.47ns)   --->   "%icmp_ln21_1 = icmp_ult  i32 %sdiv_ln21, i32 3098917580" [dfg_199.c:21]   --->   Operation 204 'icmp' 'icmp_ln21_1' <Predicate = true> <Delay = 2.47> <CoreInst = "Cmp">   --->   Core 9 'Cmp' <Latency = 0> <II = 1> <Delay = 1.55> <FuncUnit> <Opcode : 'icmp'> <InPorts = 2> <OutPorts = 1>
ST_36 : Operation 205 [1/1] (2.55ns)   --->   "%add_ln21_1 = add i32 %sdiv_ln21, i32 1196049716" [dfg_199.c:21]   --->   Operation 205 'add' 'add_ln21_1' <Predicate = true> <Delay = 2.55> <CoreInst = "Adder">   --->   Core 1 'Adder' <Latency = 0> <II = 1> <Delay = 1.91> <FuncUnit> <Opcode : 'add' 'sub'> <InPorts = 2> <OutPorts = 1>
ST_36 : Operation 206 [1/36] (4.13ns)   --->   "%srem_ln25 = srem i32 %p_13_read, i32 119070816" [dfg_199.c:25]   --->   Operation 206 'srem' 'srem_ln25' <Predicate = true> <Delay = 4.13> <CoreInst = "DivnS_SEQ">   --->   Core 7 'DivnS_SEQ' <Latency = 35> <II = 8> <Delay = 4.13> <FuncUnit> <Opcode : 'sdiv' 'srem' 'udiv' 'urem'> <InPorts = 2> <OutPorts = 1>

State 37 <SV = 36> <Delay = 5.94>
ST_37 : Operation 207 [1/1] (0.00ns)   --->   "%p_15_read = read i16 @_ssdm_op_Read.ap_auto.i16, i16 %p_15" [dfg_199.c:7]   --->   Operation 207 'read' 'p_15_read' <Predicate = true> <Delay = 0.00>
ST_37 : Operation 208 [1/1] (0.00ns)   --->   "%v_11 = trunc i16 %p_15_read" [dfg_199.c:19]   --->   Operation 208 'trunc' 'v_11' <Predicate = true> <Delay = 0.00>
ST_37 : Operation 209 [1/1] (0.00ns) (grouped into LUT with out node icmp_ln21)   --->   "%select_ln21 = select i1 %icmp_ln21_1, i32 %sdiv_ln21, i32 %add_ln21_1" [dfg_199.c:21]   --->   Operation 209 'select' 'select_ln21' <Predicate = true> <Delay = 0.00> <CoreInst = "Sel">   --->   Core 73 'Sel' <Latency = 0> <II = 1> <Delay = 0.69> <FuncUnit> <Opcode : 'select'> <InPorts = 3> <OutPorts = 1>
ST_37 : Operation 210 [1/1] (2.47ns) (out node of the LUT)   --->   "%icmp_ln21 = icmp_eq  i32 %select_ln21, i32 0" [dfg_199.c:21]   --->   Operation 210 'icmp' 'icmp_ln21' <Predicate = true> <Delay = 2.47> <CoreInst = "Cmp">   --->   Core 9 'Cmp' <Latency = 0> <II = 1> <Delay = 1.55> <FuncUnit> <Opcode : 'icmp'> <InPorts = 2> <OutPorts = 1>
ST_37 : Operation 211 [1/1] (0.00ns)   --->   "%zext_ln22 = zext i1 %icmp_ln21" [dfg_199.c:22]   --->   Operation 211 'zext' 'zext_ln22' <Predicate = true> <Delay = 0.00>
ST_37 : Operation 212 [1/1] (0.00ns)   --->   "%sext_ln22 = sext i8 %v_11" [dfg_199.c:22]   --->   Operation 212 'sext' 'sext_ln22' <Predicate = true> <Delay = 0.00>
ST_37 : Operation 213 [1/1] (1.73ns)   --->   "%add_ln22 = add i10 %sext_ln22, i10 536" [dfg_199.c:22]   --->   Operation 213 'add' 'add_ln22' <Predicate = true> <Delay = 1.73> <CoreInst = "Adder">   --->   Core 1 'Adder' <Latency = 0> <II = 1> <Delay = 1.91> <FuncUnit> <Opcode : 'add' 'sub'> <InPorts = 2> <OutPorts = 1>
ST_37 : Operation 214 [5/5] (3.47ns)   --->   "%v_9 = udiv i10 %zext_ln22, i10 %add_ln22" [dfg_199.c:21]   --->   Operation 214 'udiv' 'v_9' <Predicate = true> <Delay = 3.47> <CoreInst = "DivnS_SEQ">   --->   Core 7 'DivnS_SEQ' <Latency = 35> <II = 1> <Delay = 4.13> <FuncUnit> <Opcode : 'sdiv' 'srem' 'udiv' 'urem'> <InPorts = 2> <OutPorts = 1>

State 38 <SV = 37> <Delay = 3.47>
ST_38 : Operation 215 [4/5] (3.47ns)   --->   "%v_9 = udiv i10 %zext_ln22, i10 %add_ln22" [dfg_199.c:21]   --->   Operation 215 'udiv' 'v_9' <Predicate = true> <Delay = 3.47> <CoreInst = "DivnS_SEQ">   --->   Core 7 'DivnS_SEQ' <Latency = 35> <II = 1> <Delay = 4.13> <FuncUnit> <Opcode : 'sdiv' 'srem' 'udiv' 'urem'> <InPorts = 2> <OutPorts = 1>

State 39 <SV = 38> <Delay = 3.47>
ST_39 : Operation 216 [3/5] (3.47ns)   --->   "%v_9 = udiv i10 %zext_ln22, i10 %add_ln22" [dfg_199.c:21]   --->   Operation 216 'udiv' 'v_9' <Predicate = true> <Delay = 3.47> <CoreInst = "DivnS_SEQ">   --->   Core 7 'DivnS_SEQ' <Latency = 35> <II = 1> <Delay = 4.13> <FuncUnit> <Opcode : 'sdiv' 'srem' 'udiv' 'urem'> <InPorts = 2> <OutPorts = 1>

State 40 <SV = 39> <Delay = 3.47>
ST_40 : Operation 217 [2/5] (3.47ns)   --->   "%v_9 = udiv i10 %zext_ln22, i10 %add_ln22" [dfg_199.c:21]   --->   Operation 217 'udiv' 'v_9' <Predicate = true> <Delay = 3.47> <CoreInst = "DivnS_SEQ">   --->   Core 7 'DivnS_SEQ' <Latency = 35> <II = 1> <Delay = 4.13> <FuncUnit> <Opcode : 'sdiv' 'srem' 'udiv' 'urem'> <InPorts = 2> <OutPorts = 1>

State 41 <SV = 40> <Delay = 3.47>
ST_41 : Operation 218 [1/5] (3.47ns)   --->   "%v_9 = udiv i10 %zext_ln22, i10 %add_ln22" [dfg_199.c:21]   --->   Operation 218 'udiv' 'v_9' <Predicate = true> <Delay = 3.47> <CoreInst = "DivnS_SEQ">   --->   Core 7 'DivnS_SEQ' <Latency = 35> <II = 1> <Delay = 4.13> <FuncUnit> <Opcode : 'sdiv' 'srem' 'udiv' 'urem'> <InPorts = 2> <OutPorts = 1>

State 42 <SV = 41> <Delay = 6.08>
ST_42 : Operation 219 [1/1] (0.00ns)   --->   "%p_read = read i16 @_ssdm_op_Read.ap_auto.i16, i16 %p" [dfg_199.c:7]   --->   Operation 219 'read' 'p_read' <Predicate = true> <Delay = 0.00>
ST_42 : Operation 220 [1/1] (0.00ns)   --->   "%trunc_ln12 = trunc i1 %v_9" [dfg_199.c:12]   --->   Operation 220 'trunc' 'trunc_ln12' <Predicate = true> <Delay = 0.00>
ST_42 : Operation 221 [1/1] (1.24ns)   --->   "%select_ln23 = select i1 %trunc_ln12, i16 100, i16 99" [dfg_199.c:23]   --->   Operation 221 'select' 'select_ln23' <Predicate = true> <Delay = 1.24> <CoreInst = "Sel">   --->   Core 73 'Sel' <Latency = 0> <II = 1> <Delay = 0.69> <FuncUnit> <Opcode : 'select'> <InPorts = 3> <OutPorts = 1>
ST_42 : Operation 222 [20/20] (3.64ns)   --->   "%udiv_ln23 = udiv i16 %p_read, i16 %select_ln23" [dfg_199.c:23]   --->   Operation 222 'udiv' 'udiv_ln23' <Predicate = true> <Delay = 3.64> <CoreInst = "DivnS_SEQ">   --->   Core 7 'DivnS_SEQ' <Latency = 35> <II = 16> <Delay = 4.13> <FuncUnit> <Opcode : 'sdiv' 'srem' 'udiv' 'urem'> <InPorts = 2> <OutPorts = 1>
ST_42 : Operation 223 [1/1] (1.55ns)   --->   "%icmp_ln24 = icmp_eq  i8 %v_11, i8 255" [dfg_199.c:24]   --->   Operation 223 'icmp' 'icmp_ln24' <Predicate = true> <Delay = 1.55> <CoreInst = "Cmp">   --->   Core 9 'Cmp' <Latency = 0> <II = 1> <Delay = 1.55> <FuncUnit> <Opcode : 'icmp'> <InPorts = 2> <OutPorts = 1>
ST_42 : Operation 224 [1/1] (0.00ns)   --->   "%trunc_ln24 = trunc i8 %srem_ln25" [dfg_199.c:24]   --->   Operation 224 'trunc' 'trunc_ln24' <Predicate = true> <Delay = 0.00>
ST_42 : Operation 225 [1/1] (0.00ns)   --->   "%trunc_ln24_1 = trunc i16 %p_read" [dfg_199.c:24]   --->   Operation 225 'trunc' 'trunc_ln24_1' <Predicate = true> <Delay = 0.00>
ST_42 : Operation 226 [1/1] (1.91ns)   --->   "%sub_ln25 = sub i8 65, i8 %v_11" [dfg_199.c:25]   --->   Operation 226 'sub' 'sub_ln25' <Predicate = true> <Delay = 1.91> <CoreInst = "Adder">   --->   Core 1 'Adder' <Latency = 0> <II = 1> <Delay = 1.91> <FuncUnit> <Opcode : 'add' 'sub'> <InPorts = 2> <OutPorts = 1>
ST_42 : Operation 227 [1/1] (1.91ns)   --->   "%add_ln25 = add i8 %trunc_ln24, i8 %trunc_ln24_1" [dfg_199.c:25]   --->   Operation 227 'add' 'add_ln25' <Predicate = true> <Delay = 1.91> <CoreInst = "Adder">   --->   Core 1 'Adder' <Latency = 0> <II = 1> <Delay = 1.91> <FuncUnit> <Opcode : 'add' 'sub'> <InPorts = 2> <OutPorts = 1>
ST_42 : Operation 228 [1/1] (4.17ns)   --->   "%mul_ln24 = mul i8 %add_ln25, i8 %sub_ln25" [dfg_199.c:24]   --->   Operation 228 'mul' 'mul_ln24' <Predicate = true> <Delay = 4.17> <CoreInst = "Multiplier">   --->   Core 3 'Multiplier' <Latency = 0> <II = 1> <Delay = 4.17> <FuncUnit> <Opcode : 'mul'> <InPorts = 2> <OutPorts = 1>

State 43 <SV = 42> <Delay = 3.64>
ST_43 : Operation 229 [19/20] (3.64ns)   --->   "%udiv_ln23 = udiv i16 %p_read, i16 %select_ln23" [dfg_199.c:23]   --->   Operation 229 'udiv' 'udiv_ln23' <Predicate = true> <Delay = 3.64> <CoreInst = "DivnS_SEQ">   --->   Core 7 'DivnS_SEQ' <Latency = 35> <II = 16> <Delay = 4.13> <FuncUnit> <Opcode : 'sdiv' 'srem' 'udiv' 'urem'> <InPorts = 2> <OutPorts = 1>

State 44 <SV = 43> <Delay = 3.64>
ST_44 : Operation 230 [18/20] (3.64ns)   --->   "%udiv_ln23 = udiv i16 %p_read, i16 %select_ln23" [dfg_199.c:23]   --->   Operation 230 'udiv' 'udiv_ln23' <Predicate = true> <Delay = 3.64> <CoreInst = "DivnS_SEQ">   --->   Core 7 'DivnS_SEQ' <Latency = 35> <II = 16> <Delay = 4.13> <FuncUnit> <Opcode : 'sdiv' 'srem' 'udiv' 'urem'> <InPorts = 2> <OutPorts = 1>

State 45 <SV = 44> <Delay = 3.64>
ST_45 : Operation 231 [17/20] (3.64ns)   --->   "%udiv_ln23 = udiv i16 %p_read, i16 %select_ln23" [dfg_199.c:23]   --->   Operation 231 'udiv' 'udiv_ln23' <Predicate = true> <Delay = 3.64> <CoreInst = "DivnS_SEQ">   --->   Core 7 'DivnS_SEQ' <Latency = 35> <II = 16> <Delay = 4.13> <FuncUnit> <Opcode : 'sdiv' 'srem' 'udiv' 'urem'> <InPorts = 2> <OutPorts = 1>

State 46 <SV = 45> <Delay = 3.64>
ST_46 : Operation 232 [16/20] (3.64ns)   --->   "%udiv_ln23 = udiv i16 %p_read, i16 %select_ln23" [dfg_199.c:23]   --->   Operation 232 'udiv' 'udiv_ln23' <Predicate = true> <Delay = 3.64> <CoreInst = "DivnS_SEQ">   --->   Core 7 'DivnS_SEQ' <Latency = 35> <II = 16> <Delay = 4.13> <FuncUnit> <Opcode : 'sdiv' 'srem' 'udiv' 'urem'> <InPorts = 2> <OutPorts = 1>

State 47 <SV = 46> <Delay = 3.64>
ST_47 : Operation 233 [15/20] (3.64ns)   --->   "%udiv_ln23 = udiv i16 %p_read, i16 %select_ln23" [dfg_199.c:23]   --->   Operation 233 'udiv' 'udiv_ln23' <Predicate = true> <Delay = 3.64> <CoreInst = "DivnS_SEQ">   --->   Core 7 'DivnS_SEQ' <Latency = 35> <II = 16> <Delay = 4.13> <FuncUnit> <Opcode : 'sdiv' 'srem' 'udiv' 'urem'> <InPorts = 2> <OutPorts = 1>

State 48 <SV = 47> <Delay = 3.64>
ST_48 : Operation 234 [14/20] (3.64ns)   --->   "%udiv_ln23 = udiv i16 %p_read, i16 %select_ln23" [dfg_199.c:23]   --->   Operation 234 'udiv' 'udiv_ln23' <Predicate = true> <Delay = 3.64> <CoreInst = "DivnS_SEQ">   --->   Core 7 'DivnS_SEQ' <Latency = 35> <II = 16> <Delay = 4.13> <FuncUnit> <Opcode : 'sdiv' 'srem' 'udiv' 'urem'> <InPorts = 2> <OutPorts = 1>

State 49 <SV = 48> <Delay = 3.64>
ST_49 : Operation 235 [13/20] (3.64ns)   --->   "%udiv_ln23 = udiv i16 %p_read, i16 %select_ln23" [dfg_199.c:23]   --->   Operation 235 'udiv' 'udiv_ln23' <Predicate = true> <Delay = 3.64> <CoreInst = "DivnS_SEQ">   --->   Core 7 'DivnS_SEQ' <Latency = 35> <II = 16> <Delay = 4.13> <FuncUnit> <Opcode : 'sdiv' 'srem' 'udiv' 'urem'> <InPorts = 2> <OutPorts = 1>

State 50 <SV = 49> <Delay = 3.64>
ST_50 : Operation 236 [12/20] (3.64ns)   --->   "%udiv_ln23 = udiv i16 %p_read, i16 %select_ln23" [dfg_199.c:23]   --->   Operation 236 'udiv' 'udiv_ln23' <Predicate = true> <Delay = 3.64> <CoreInst = "DivnS_SEQ">   --->   Core 7 'DivnS_SEQ' <Latency = 35> <II = 16> <Delay = 4.13> <FuncUnit> <Opcode : 'sdiv' 'srem' 'udiv' 'urem'> <InPorts = 2> <OutPorts = 1>

State 51 <SV = 50> <Delay = 3.64>
ST_51 : Operation 237 [11/20] (3.64ns)   --->   "%udiv_ln23 = udiv i16 %p_read, i16 %select_ln23" [dfg_199.c:23]   --->   Operation 237 'udiv' 'udiv_ln23' <Predicate = true> <Delay = 3.64> <CoreInst = "DivnS_SEQ">   --->   Core 7 'DivnS_SEQ' <Latency = 35> <II = 16> <Delay = 4.13> <FuncUnit> <Opcode : 'sdiv' 'srem' 'udiv' 'urem'> <InPorts = 2> <OutPorts = 1>

State 52 <SV = 51> <Delay = 3.64>
ST_52 : Operation 238 [10/20] (3.64ns)   --->   "%udiv_ln23 = udiv i16 %p_read, i16 %select_ln23" [dfg_199.c:23]   --->   Operation 238 'udiv' 'udiv_ln23' <Predicate = true> <Delay = 3.64> <CoreInst = "DivnS_SEQ">   --->   Core 7 'DivnS_SEQ' <Latency = 35> <II = 16> <Delay = 4.13> <FuncUnit> <Opcode : 'sdiv' 'srem' 'udiv' 'urem'> <InPorts = 2> <OutPorts = 1>

State 53 <SV = 52> <Delay = 3.64>
ST_53 : Operation 239 [9/20] (3.64ns)   --->   "%udiv_ln23 = udiv i16 %p_read, i16 %select_ln23" [dfg_199.c:23]   --->   Operation 239 'udiv' 'udiv_ln23' <Predicate = true> <Delay = 3.64> <CoreInst = "DivnS_SEQ">   --->   Core 7 'DivnS_SEQ' <Latency = 35> <II = 16> <Delay = 4.13> <FuncUnit> <Opcode : 'sdiv' 'srem' 'udiv' 'urem'> <InPorts = 2> <OutPorts = 1>

State 54 <SV = 53> <Delay = 3.64>
ST_54 : Operation 240 [8/20] (3.64ns)   --->   "%udiv_ln23 = udiv i16 %p_read, i16 %select_ln23" [dfg_199.c:23]   --->   Operation 240 'udiv' 'udiv_ln23' <Predicate = true> <Delay = 3.64> <CoreInst = "DivnS_SEQ">   --->   Core 7 'DivnS_SEQ' <Latency = 35> <II = 16> <Delay = 4.13> <FuncUnit> <Opcode : 'sdiv' 'srem' 'udiv' 'urem'> <InPorts = 2> <OutPorts = 1>

State 55 <SV = 54> <Delay = 3.64>
ST_55 : Operation 241 [7/20] (3.64ns)   --->   "%udiv_ln23 = udiv i16 %p_read, i16 %select_ln23" [dfg_199.c:23]   --->   Operation 241 'udiv' 'udiv_ln23' <Predicate = true> <Delay = 3.64> <CoreInst = "DivnS_SEQ">   --->   Core 7 'DivnS_SEQ' <Latency = 35> <II = 16> <Delay = 4.13> <FuncUnit> <Opcode : 'sdiv' 'srem' 'udiv' 'urem'> <InPorts = 2> <OutPorts = 1>

State 56 <SV = 55> <Delay = 3.64>
ST_56 : Operation 242 [6/20] (3.64ns)   --->   "%udiv_ln23 = udiv i16 %p_read, i16 %select_ln23" [dfg_199.c:23]   --->   Operation 242 'udiv' 'udiv_ln23' <Predicate = true> <Delay = 3.64> <CoreInst = "DivnS_SEQ">   --->   Core 7 'DivnS_SEQ' <Latency = 35> <II = 16> <Delay = 4.13> <FuncUnit> <Opcode : 'sdiv' 'srem' 'udiv' 'urem'> <InPorts = 2> <OutPorts = 1>

State 57 <SV = 56> <Delay = 3.64>
ST_57 : Operation 243 [5/20] (3.64ns)   --->   "%udiv_ln23 = udiv i16 %p_read, i16 %select_ln23" [dfg_199.c:23]   --->   Operation 243 'udiv' 'udiv_ln23' <Predicate = true> <Delay = 3.64> <CoreInst = "DivnS_SEQ">   --->   Core 7 'DivnS_SEQ' <Latency = 35> <II = 16> <Delay = 4.13> <FuncUnit> <Opcode : 'sdiv' 'srem' 'udiv' 'urem'> <InPorts = 2> <OutPorts = 1>

State 58 <SV = 57> <Delay = 3.64>
ST_58 : Operation 244 [4/20] (3.64ns)   --->   "%udiv_ln23 = udiv i16 %p_read, i16 %select_ln23" [dfg_199.c:23]   --->   Operation 244 'udiv' 'udiv_ln23' <Predicate = true> <Delay = 3.64> <CoreInst = "DivnS_SEQ">   --->   Core 7 'DivnS_SEQ' <Latency = 35> <II = 16> <Delay = 4.13> <FuncUnit> <Opcode : 'sdiv' 'srem' 'udiv' 'urem'> <InPorts = 2> <OutPorts = 1>

State 59 <SV = 58> <Delay = 3.64>
ST_59 : Operation 245 [3/20] (3.64ns)   --->   "%udiv_ln23 = udiv i16 %p_read, i16 %select_ln23" [dfg_199.c:23]   --->   Operation 245 'udiv' 'udiv_ln23' <Predicate = true> <Delay = 3.64> <CoreInst = "DivnS_SEQ">   --->   Core 7 'DivnS_SEQ' <Latency = 35> <II = 16> <Delay = 4.13> <FuncUnit> <Opcode : 'sdiv' 'srem' 'udiv' 'urem'> <InPorts = 2> <OutPorts = 1>

State 60 <SV = 59> <Delay = 3.64>
ST_60 : Operation 246 [2/20] (3.64ns)   --->   "%udiv_ln23 = udiv i16 %p_read, i16 %select_ln23" [dfg_199.c:23]   --->   Operation 246 'udiv' 'udiv_ln23' <Predicate = true> <Delay = 3.64> <CoreInst = "DivnS_SEQ">   --->   Core 7 'DivnS_SEQ' <Latency = 35> <II = 16> <Delay = 4.13> <FuncUnit> <Opcode : 'sdiv' 'srem' 'udiv' 'urem'> <InPorts = 2> <OutPorts = 1>

State 61 <SV = 60> <Delay = 6.20>
ST_61 : Operation 247 [1/1] (0.00ns) (grouped into LUT with out node sub_ln23)   --->   "%xor_ln23 = xor i32 %p_19_read, i32 4294967295" [dfg_199.c:23]   --->   Operation 247 'xor' 'xor_ln23' <Predicate = true> <Delay = 0.00> <CoreInst = "LogicGate">   --->   Core 74 'LogicGate' <Latency = 0> <II = 1> <Delay = 0.99> <FuncUnit> <Opcode : 'and' 'or' 'xor'> <InPorts = 2> <OutPorts = 1>
ST_61 : Operation 248 [1/1] (0.00ns) (grouped into LUT with out node sub_ln23)   --->   "%sext_ln23 = sext i32 %xor_ln23" [dfg_199.c:23]   --->   Operation 248 'sext' 'sext_ln23' <Predicate = true> <Delay = 0.00>
ST_61 : Operation 249 [1/20] (3.64ns)   --->   "%udiv_ln23 = udiv i16 %p_read, i16 %select_ln23" [dfg_199.c:23]   --->   Operation 249 'udiv' 'udiv_ln23' <Predicate = true> <Delay = 3.64> <CoreInst = "DivnS_SEQ">   --->   Core 7 'DivnS_SEQ' <Latency = 35> <II = 16> <Delay = 4.13> <FuncUnit> <Opcode : 'sdiv' 'srem' 'udiv' 'urem'> <InPorts = 2> <OutPorts = 1>
ST_61 : Operation 250 [1/1] (0.00ns) (grouped into LUT with out node sub_ln23)   --->   "%zext_ln23 = zext i16 %udiv_ln23" [dfg_199.c:23]   --->   Operation 250 'zext' 'zext_ln23' <Predicate = true> <Delay = 0.00>
ST_61 : Operation 251 [1/1] (2.55ns) (out node of the LUT)   --->   "%sub_ln23 = sub i33 %sext_ln23, i33 %zext_ln23" [dfg_199.c:23]   --->   Operation 251 'sub' 'sub_ln23' <Predicate = true> <Delay = 2.55> <CoreInst = "Adder">   --->   Core 1 'Adder' <Latency = 0> <II = 1> <Delay = 1.91> <FuncUnit> <Opcode : 'add' 'sub'> <InPorts = 2> <OutPorts = 1>

State 62 <SV = 61> <Delay = 5.76>
ST_62 : Operation 252 [1/1] (0.00ns)   --->   "%sext_ln24 = sext i33 %sub_ln23" [dfg_199.c:24]   --->   Operation 252 'sext' 'sext_ln24' <Predicate = true> <Delay = 0.00>
ST_62 : Operation 253 [1/1] (0.69ns)   --->   "%select_ln23_1 = select i1 %icmp_ln24, i64 826, i64 825" [dfg_199.c:23]   --->   Operation 253 'select' 'select_ln23_1' <Predicate = true> <Delay = 0.69> <CoreInst = "Sel">   --->   Core 73 'Sel' <Latency = 0> <II = 1> <Delay = 0.69> <FuncUnit> <Opcode : 'select'> <InPorts = 3> <OutPorts = 1>
ST_62 : Operation 254 [68/68] (5.07ns)   --->   "%urem_ln23 = urem i64 %sext_ln24, i64 %select_ln23_1" [dfg_199.c:23]   --->   Operation 254 'urem' 'urem_ln23' <Predicate = true> <Delay = 5.07> <CoreInst = "DivnS_SEQ">   --->   Core 7 'DivnS_SEQ' <Latency = 35> <II = 8> <Delay = 4.13> <FuncUnit> <Opcode : 'sdiv' 'srem' 'udiv' 'urem'> <InPorts = 2> <OutPorts = 1>

State 63 <SV = 62> <Delay = 5.07>
ST_63 : Operation 255 [67/68] (5.07ns)   --->   "%urem_ln23 = urem i64 %sext_ln24, i64 %select_ln23_1" [dfg_199.c:23]   --->   Operation 255 'urem' 'urem_ln23' <Predicate = true> <Delay = 5.07> <CoreInst = "DivnS_SEQ">   --->   Core 7 'DivnS_SEQ' <Latency = 35> <II = 8> <Delay = 4.13> <FuncUnit> <Opcode : 'sdiv' 'srem' 'udiv' 'urem'> <InPorts = 2> <OutPorts = 1>

State 64 <SV = 63> <Delay = 5.07>
ST_64 : Operation 256 [66/68] (5.07ns)   --->   "%urem_ln23 = urem i64 %sext_ln24, i64 %select_ln23_1" [dfg_199.c:23]   --->   Operation 256 'urem' 'urem_ln23' <Predicate = true> <Delay = 5.07> <CoreInst = "DivnS_SEQ">   --->   Core 7 'DivnS_SEQ' <Latency = 35> <II = 8> <Delay = 4.13> <FuncUnit> <Opcode : 'sdiv' 'srem' 'udiv' 'urem'> <InPorts = 2> <OutPorts = 1>

State 65 <SV = 64> <Delay = 5.07>
ST_65 : Operation 257 [65/68] (5.07ns)   --->   "%urem_ln23 = urem i64 %sext_ln24, i64 %select_ln23_1" [dfg_199.c:23]   --->   Operation 257 'urem' 'urem_ln23' <Predicate = true> <Delay = 5.07> <CoreInst = "DivnS_SEQ">   --->   Core 7 'DivnS_SEQ' <Latency = 35> <II = 8> <Delay = 4.13> <FuncUnit> <Opcode : 'sdiv' 'srem' 'udiv' 'urem'> <InPorts = 2> <OutPorts = 1>

State 66 <SV = 65> <Delay = 5.07>
ST_66 : Operation 258 [64/68] (5.07ns)   --->   "%urem_ln23 = urem i64 %sext_ln24, i64 %select_ln23_1" [dfg_199.c:23]   --->   Operation 258 'urem' 'urem_ln23' <Predicate = true> <Delay = 5.07> <CoreInst = "DivnS_SEQ">   --->   Core 7 'DivnS_SEQ' <Latency = 35> <II = 8> <Delay = 4.13> <FuncUnit> <Opcode : 'sdiv' 'srem' 'udiv' 'urem'> <InPorts = 2> <OutPorts = 1>

State 67 <SV = 66> <Delay = 5.07>
ST_67 : Operation 259 [63/68] (5.07ns)   --->   "%urem_ln23 = urem i64 %sext_ln24, i64 %select_ln23_1" [dfg_199.c:23]   --->   Operation 259 'urem' 'urem_ln23' <Predicate = true> <Delay = 5.07> <CoreInst = "DivnS_SEQ">   --->   Core 7 'DivnS_SEQ' <Latency = 35> <II = 8> <Delay = 4.13> <FuncUnit> <Opcode : 'sdiv' 'srem' 'udiv' 'urem'> <InPorts = 2> <OutPorts = 1>

State 68 <SV = 67> <Delay = 5.07>
ST_68 : Operation 260 [62/68] (5.07ns)   --->   "%urem_ln23 = urem i64 %sext_ln24, i64 %select_ln23_1" [dfg_199.c:23]   --->   Operation 260 'urem' 'urem_ln23' <Predicate = true> <Delay = 5.07> <CoreInst = "DivnS_SEQ">   --->   Core 7 'DivnS_SEQ' <Latency = 35> <II = 8> <Delay = 4.13> <FuncUnit> <Opcode : 'sdiv' 'srem' 'udiv' 'urem'> <InPorts = 2> <OutPorts = 1>

State 69 <SV = 68> <Delay = 5.07>
ST_69 : Operation 261 [61/68] (5.07ns)   --->   "%urem_ln23 = urem i64 %sext_ln24, i64 %select_ln23_1" [dfg_199.c:23]   --->   Operation 261 'urem' 'urem_ln23' <Predicate = true> <Delay = 5.07> <CoreInst = "DivnS_SEQ">   --->   Core 7 'DivnS_SEQ' <Latency = 35> <II = 8> <Delay = 4.13> <FuncUnit> <Opcode : 'sdiv' 'srem' 'udiv' 'urem'> <InPorts = 2> <OutPorts = 1>

State 70 <SV = 69> <Delay = 5.07>
ST_70 : Operation 262 [60/68] (5.07ns)   --->   "%urem_ln23 = urem i64 %sext_ln24, i64 %select_ln23_1" [dfg_199.c:23]   --->   Operation 262 'urem' 'urem_ln23' <Predicate = true> <Delay = 5.07> <CoreInst = "DivnS_SEQ">   --->   Core 7 'DivnS_SEQ' <Latency = 35> <II = 8> <Delay = 4.13> <FuncUnit> <Opcode : 'sdiv' 'srem' 'udiv' 'urem'> <InPorts = 2> <OutPorts = 1>

State 71 <SV = 70> <Delay = 5.07>
ST_71 : Operation 263 [59/68] (5.07ns)   --->   "%urem_ln23 = urem i64 %sext_ln24, i64 %select_ln23_1" [dfg_199.c:23]   --->   Operation 263 'urem' 'urem_ln23' <Predicate = true> <Delay = 5.07> <CoreInst = "DivnS_SEQ">   --->   Core 7 'DivnS_SEQ' <Latency = 35> <II = 8> <Delay = 4.13> <FuncUnit> <Opcode : 'sdiv' 'srem' 'udiv' 'urem'> <InPorts = 2> <OutPorts = 1>

State 72 <SV = 71> <Delay = 5.07>
ST_72 : Operation 264 [58/68] (5.07ns)   --->   "%urem_ln23 = urem i64 %sext_ln24, i64 %select_ln23_1" [dfg_199.c:23]   --->   Operation 264 'urem' 'urem_ln23' <Predicate = true> <Delay = 5.07> <CoreInst = "DivnS_SEQ">   --->   Core 7 'DivnS_SEQ' <Latency = 35> <II = 8> <Delay = 4.13> <FuncUnit> <Opcode : 'sdiv' 'srem' 'udiv' 'urem'> <InPorts = 2> <OutPorts = 1>

State 73 <SV = 72> <Delay = 5.07>
ST_73 : Operation 265 [57/68] (5.07ns)   --->   "%urem_ln23 = urem i64 %sext_ln24, i64 %select_ln23_1" [dfg_199.c:23]   --->   Operation 265 'urem' 'urem_ln23' <Predicate = true> <Delay = 5.07> <CoreInst = "DivnS_SEQ">   --->   Core 7 'DivnS_SEQ' <Latency = 35> <II = 8> <Delay = 4.13> <FuncUnit> <Opcode : 'sdiv' 'srem' 'udiv' 'urem'> <InPorts = 2> <OutPorts = 1>

State 74 <SV = 73> <Delay = 5.07>
ST_74 : Operation 266 [56/68] (5.07ns)   --->   "%urem_ln23 = urem i64 %sext_ln24, i64 %select_ln23_1" [dfg_199.c:23]   --->   Operation 266 'urem' 'urem_ln23' <Predicate = true> <Delay = 5.07> <CoreInst = "DivnS_SEQ">   --->   Core 7 'DivnS_SEQ' <Latency = 35> <II = 8> <Delay = 4.13> <FuncUnit> <Opcode : 'sdiv' 'srem' 'udiv' 'urem'> <InPorts = 2> <OutPorts = 1>

State 75 <SV = 74> <Delay = 5.07>
ST_75 : Operation 267 [55/68] (5.07ns)   --->   "%urem_ln23 = urem i64 %sext_ln24, i64 %select_ln23_1" [dfg_199.c:23]   --->   Operation 267 'urem' 'urem_ln23' <Predicate = true> <Delay = 5.07> <CoreInst = "DivnS_SEQ">   --->   Core 7 'DivnS_SEQ' <Latency = 35> <II = 8> <Delay = 4.13> <FuncUnit> <Opcode : 'sdiv' 'srem' 'udiv' 'urem'> <InPorts = 2> <OutPorts = 1>

State 76 <SV = 75> <Delay = 5.07>
ST_76 : Operation 268 [54/68] (5.07ns)   --->   "%urem_ln23 = urem i64 %sext_ln24, i64 %select_ln23_1" [dfg_199.c:23]   --->   Operation 268 'urem' 'urem_ln23' <Predicate = true> <Delay = 5.07> <CoreInst = "DivnS_SEQ">   --->   Core 7 'DivnS_SEQ' <Latency = 35> <II = 8> <Delay = 4.13> <FuncUnit> <Opcode : 'sdiv' 'srem' 'udiv' 'urem'> <InPorts = 2> <OutPorts = 1>

State 77 <SV = 76> <Delay = 5.07>
ST_77 : Operation 269 [53/68] (5.07ns)   --->   "%urem_ln23 = urem i64 %sext_ln24, i64 %select_ln23_1" [dfg_199.c:23]   --->   Operation 269 'urem' 'urem_ln23' <Predicate = true> <Delay = 5.07> <CoreInst = "DivnS_SEQ">   --->   Core 7 'DivnS_SEQ' <Latency = 35> <II = 8> <Delay = 4.13> <FuncUnit> <Opcode : 'sdiv' 'srem' 'udiv' 'urem'> <InPorts = 2> <OutPorts = 1>

State 78 <SV = 77> <Delay = 5.07>
ST_78 : Operation 270 [52/68] (5.07ns)   --->   "%urem_ln23 = urem i64 %sext_ln24, i64 %select_ln23_1" [dfg_199.c:23]   --->   Operation 270 'urem' 'urem_ln23' <Predicate = true> <Delay = 5.07> <CoreInst = "DivnS_SEQ">   --->   Core 7 'DivnS_SEQ' <Latency = 35> <II = 8> <Delay = 4.13> <FuncUnit> <Opcode : 'sdiv' 'srem' 'udiv' 'urem'> <InPorts = 2> <OutPorts = 1>

State 79 <SV = 78> <Delay = 5.07>
ST_79 : Operation 271 [51/68] (5.07ns)   --->   "%urem_ln23 = urem i64 %sext_ln24, i64 %select_ln23_1" [dfg_199.c:23]   --->   Operation 271 'urem' 'urem_ln23' <Predicate = true> <Delay = 5.07> <CoreInst = "DivnS_SEQ">   --->   Core 7 'DivnS_SEQ' <Latency = 35> <II = 8> <Delay = 4.13> <FuncUnit> <Opcode : 'sdiv' 'srem' 'udiv' 'urem'> <InPorts = 2> <OutPorts = 1>

State 80 <SV = 79> <Delay = 5.07>
ST_80 : Operation 272 [50/68] (5.07ns)   --->   "%urem_ln23 = urem i64 %sext_ln24, i64 %select_ln23_1" [dfg_199.c:23]   --->   Operation 272 'urem' 'urem_ln23' <Predicate = true> <Delay = 5.07> <CoreInst = "DivnS_SEQ">   --->   Core 7 'DivnS_SEQ' <Latency = 35> <II = 8> <Delay = 4.13> <FuncUnit> <Opcode : 'sdiv' 'srem' 'udiv' 'urem'> <InPorts = 2> <OutPorts = 1>

State 81 <SV = 80> <Delay = 5.07>
ST_81 : Operation 273 [49/68] (5.07ns)   --->   "%urem_ln23 = urem i64 %sext_ln24, i64 %select_ln23_1" [dfg_199.c:23]   --->   Operation 273 'urem' 'urem_ln23' <Predicate = true> <Delay = 5.07> <CoreInst = "DivnS_SEQ">   --->   Core 7 'DivnS_SEQ' <Latency = 35> <II = 8> <Delay = 4.13> <FuncUnit> <Opcode : 'sdiv' 'srem' 'udiv' 'urem'> <InPorts = 2> <OutPorts = 1>

State 82 <SV = 81> <Delay = 5.07>
ST_82 : Operation 274 [48/68] (5.07ns)   --->   "%urem_ln23 = urem i64 %sext_ln24, i64 %select_ln23_1" [dfg_199.c:23]   --->   Operation 274 'urem' 'urem_ln23' <Predicate = true> <Delay = 5.07> <CoreInst = "DivnS_SEQ">   --->   Core 7 'DivnS_SEQ' <Latency = 35> <II = 8> <Delay = 4.13> <FuncUnit> <Opcode : 'sdiv' 'srem' 'udiv' 'urem'> <InPorts = 2> <OutPorts = 1>

State 83 <SV = 82> <Delay = 5.07>
ST_83 : Operation 275 [47/68] (5.07ns)   --->   "%urem_ln23 = urem i64 %sext_ln24, i64 %select_ln23_1" [dfg_199.c:23]   --->   Operation 275 'urem' 'urem_ln23' <Predicate = true> <Delay = 5.07> <CoreInst = "DivnS_SEQ">   --->   Core 7 'DivnS_SEQ' <Latency = 35> <II = 8> <Delay = 4.13> <FuncUnit> <Opcode : 'sdiv' 'srem' 'udiv' 'urem'> <InPorts = 2> <OutPorts = 1>

State 84 <SV = 83> <Delay = 5.07>
ST_84 : Operation 276 [46/68] (5.07ns)   --->   "%urem_ln23 = urem i64 %sext_ln24, i64 %select_ln23_1" [dfg_199.c:23]   --->   Operation 276 'urem' 'urem_ln23' <Predicate = true> <Delay = 5.07> <CoreInst = "DivnS_SEQ">   --->   Core 7 'DivnS_SEQ' <Latency = 35> <II = 8> <Delay = 4.13> <FuncUnit> <Opcode : 'sdiv' 'srem' 'udiv' 'urem'> <InPorts = 2> <OutPorts = 1>

State 85 <SV = 84> <Delay = 5.07>
ST_85 : Operation 277 [45/68] (5.07ns)   --->   "%urem_ln23 = urem i64 %sext_ln24, i64 %select_ln23_1" [dfg_199.c:23]   --->   Operation 277 'urem' 'urem_ln23' <Predicate = true> <Delay = 5.07> <CoreInst = "DivnS_SEQ">   --->   Core 7 'DivnS_SEQ' <Latency = 35> <II = 8> <Delay = 4.13> <FuncUnit> <Opcode : 'sdiv' 'srem' 'udiv' 'urem'> <InPorts = 2> <OutPorts = 1>

State 86 <SV = 85> <Delay = 5.07>
ST_86 : Operation 278 [44/68] (5.07ns)   --->   "%urem_ln23 = urem i64 %sext_ln24, i64 %select_ln23_1" [dfg_199.c:23]   --->   Operation 278 'urem' 'urem_ln23' <Predicate = true> <Delay = 5.07> <CoreInst = "DivnS_SEQ">   --->   Core 7 'DivnS_SEQ' <Latency = 35> <II = 8> <Delay = 4.13> <FuncUnit> <Opcode : 'sdiv' 'srem' 'udiv' 'urem'> <InPorts = 2> <OutPorts = 1>

State 87 <SV = 86> <Delay = 5.07>
ST_87 : Operation 279 [43/68] (5.07ns)   --->   "%urem_ln23 = urem i64 %sext_ln24, i64 %select_ln23_1" [dfg_199.c:23]   --->   Operation 279 'urem' 'urem_ln23' <Predicate = true> <Delay = 5.07> <CoreInst = "DivnS_SEQ">   --->   Core 7 'DivnS_SEQ' <Latency = 35> <II = 8> <Delay = 4.13> <FuncUnit> <Opcode : 'sdiv' 'srem' 'udiv' 'urem'> <InPorts = 2> <OutPorts = 1>

State 88 <SV = 87> <Delay = 5.07>
ST_88 : Operation 280 [42/68] (5.07ns)   --->   "%urem_ln23 = urem i64 %sext_ln24, i64 %select_ln23_1" [dfg_199.c:23]   --->   Operation 280 'urem' 'urem_ln23' <Predicate = true> <Delay = 5.07> <CoreInst = "DivnS_SEQ">   --->   Core 7 'DivnS_SEQ' <Latency = 35> <II = 8> <Delay = 4.13> <FuncUnit> <Opcode : 'sdiv' 'srem' 'udiv' 'urem'> <InPorts = 2> <OutPorts = 1>

State 89 <SV = 88> <Delay = 5.07>
ST_89 : Operation 281 [41/68] (5.07ns)   --->   "%urem_ln23 = urem i64 %sext_ln24, i64 %select_ln23_1" [dfg_199.c:23]   --->   Operation 281 'urem' 'urem_ln23' <Predicate = true> <Delay = 5.07> <CoreInst = "DivnS_SEQ">   --->   Core 7 'DivnS_SEQ' <Latency = 35> <II = 8> <Delay = 4.13> <FuncUnit> <Opcode : 'sdiv' 'srem' 'udiv' 'urem'> <InPorts = 2> <OutPorts = 1>

State 90 <SV = 89> <Delay = 5.07>
ST_90 : Operation 282 [40/68] (5.07ns)   --->   "%urem_ln23 = urem i64 %sext_ln24, i64 %select_ln23_1" [dfg_199.c:23]   --->   Operation 282 'urem' 'urem_ln23' <Predicate = true> <Delay = 5.07> <CoreInst = "DivnS_SEQ">   --->   Core 7 'DivnS_SEQ' <Latency = 35> <II = 8> <Delay = 4.13> <FuncUnit> <Opcode : 'sdiv' 'srem' 'udiv' 'urem'> <InPorts = 2> <OutPorts = 1>

State 91 <SV = 90> <Delay = 5.07>
ST_91 : Operation 283 [39/68] (5.07ns)   --->   "%urem_ln23 = urem i64 %sext_ln24, i64 %select_ln23_1" [dfg_199.c:23]   --->   Operation 283 'urem' 'urem_ln23' <Predicate = true> <Delay = 5.07> <CoreInst = "DivnS_SEQ">   --->   Core 7 'DivnS_SEQ' <Latency = 35> <II = 8> <Delay = 4.13> <FuncUnit> <Opcode : 'sdiv' 'srem' 'udiv' 'urem'> <InPorts = 2> <OutPorts = 1>

State 92 <SV = 91> <Delay = 5.07>
ST_92 : Operation 284 [38/68] (5.07ns)   --->   "%urem_ln23 = urem i64 %sext_ln24, i64 %select_ln23_1" [dfg_199.c:23]   --->   Operation 284 'urem' 'urem_ln23' <Predicate = true> <Delay = 5.07> <CoreInst = "DivnS_SEQ">   --->   Core 7 'DivnS_SEQ' <Latency = 35> <II = 8> <Delay = 4.13> <FuncUnit> <Opcode : 'sdiv' 'srem' 'udiv' 'urem'> <InPorts = 2> <OutPorts = 1>

State 93 <SV = 92> <Delay = 5.07>
ST_93 : Operation 285 [37/68] (5.07ns)   --->   "%urem_ln23 = urem i64 %sext_ln24, i64 %select_ln23_1" [dfg_199.c:23]   --->   Operation 285 'urem' 'urem_ln23' <Predicate = true> <Delay = 5.07> <CoreInst = "DivnS_SEQ">   --->   Core 7 'DivnS_SEQ' <Latency = 35> <II = 8> <Delay = 4.13> <FuncUnit> <Opcode : 'sdiv' 'srem' 'udiv' 'urem'> <InPorts = 2> <OutPorts = 1>

State 94 <SV = 93> <Delay = 5.07>
ST_94 : Operation 286 [36/68] (5.07ns)   --->   "%urem_ln23 = urem i64 %sext_ln24, i64 %select_ln23_1" [dfg_199.c:23]   --->   Operation 286 'urem' 'urem_ln23' <Predicate = true> <Delay = 5.07> <CoreInst = "DivnS_SEQ">   --->   Core 7 'DivnS_SEQ' <Latency = 35> <II = 8> <Delay = 4.13> <FuncUnit> <Opcode : 'sdiv' 'srem' 'udiv' 'urem'> <InPorts = 2> <OutPorts = 1>

State 95 <SV = 94> <Delay = 5.07>
ST_95 : Operation 287 [35/68] (5.07ns)   --->   "%urem_ln23 = urem i64 %sext_ln24, i64 %select_ln23_1" [dfg_199.c:23]   --->   Operation 287 'urem' 'urem_ln23' <Predicate = true> <Delay = 5.07> <CoreInst = "DivnS_SEQ">   --->   Core 7 'DivnS_SEQ' <Latency = 35> <II = 8> <Delay = 4.13> <FuncUnit> <Opcode : 'sdiv' 'srem' 'udiv' 'urem'> <InPorts = 2> <OutPorts = 1>

State 96 <SV = 95> <Delay = 5.07>
ST_96 : Operation 288 [34/68] (5.07ns)   --->   "%urem_ln23 = urem i64 %sext_ln24, i64 %select_ln23_1" [dfg_199.c:23]   --->   Operation 288 'urem' 'urem_ln23' <Predicate = true> <Delay = 5.07> <CoreInst = "DivnS_SEQ">   --->   Core 7 'DivnS_SEQ' <Latency = 35> <II = 8> <Delay = 4.13> <FuncUnit> <Opcode : 'sdiv' 'srem' 'udiv' 'urem'> <InPorts = 2> <OutPorts = 1>

State 97 <SV = 96> <Delay = 5.07>
ST_97 : Operation 289 [33/68] (5.07ns)   --->   "%urem_ln23 = urem i64 %sext_ln24, i64 %select_ln23_1" [dfg_199.c:23]   --->   Operation 289 'urem' 'urem_ln23' <Predicate = true> <Delay = 5.07> <CoreInst = "DivnS_SEQ">   --->   Core 7 'DivnS_SEQ' <Latency = 35> <II = 8> <Delay = 4.13> <FuncUnit> <Opcode : 'sdiv' 'srem' 'udiv' 'urem'> <InPorts = 2> <OutPorts = 1>

State 98 <SV = 97> <Delay = 5.07>
ST_98 : Operation 290 [32/68] (5.07ns)   --->   "%urem_ln23 = urem i64 %sext_ln24, i64 %select_ln23_1" [dfg_199.c:23]   --->   Operation 290 'urem' 'urem_ln23' <Predicate = true> <Delay = 5.07> <CoreInst = "DivnS_SEQ">   --->   Core 7 'DivnS_SEQ' <Latency = 35> <II = 8> <Delay = 4.13> <FuncUnit> <Opcode : 'sdiv' 'srem' 'udiv' 'urem'> <InPorts = 2> <OutPorts = 1>

State 99 <SV = 98> <Delay = 5.07>
ST_99 : Operation 291 [31/68] (5.07ns)   --->   "%urem_ln23 = urem i64 %sext_ln24, i64 %select_ln23_1" [dfg_199.c:23]   --->   Operation 291 'urem' 'urem_ln23' <Predicate = true> <Delay = 5.07> <CoreInst = "DivnS_SEQ">   --->   Core 7 'DivnS_SEQ' <Latency = 35> <II = 8> <Delay = 4.13> <FuncUnit> <Opcode : 'sdiv' 'srem' 'udiv' 'urem'> <InPorts = 2> <OutPorts = 1>

State 100 <SV = 99> <Delay = 5.07>
ST_100 : Operation 292 [30/68] (5.07ns)   --->   "%urem_ln23 = urem i64 %sext_ln24, i64 %select_ln23_1" [dfg_199.c:23]   --->   Operation 292 'urem' 'urem_ln23' <Predicate = true> <Delay = 5.07> <CoreInst = "DivnS_SEQ">   --->   Core 7 'DivnS_SEQ' <Latency = 35> <II = 8> <Delay = 4.13> <FuncUnit> <Opcode : 'sdiv' 'srem' 'udiv' 'urem'> <InPorts = 2> <OutPorts = 1>

State 101 <SV = 100> <Delay = 5.07>
ST_101 : Operation 293 [29/68] (5.07ns)   --->   "%urem_ln23 = urem i64 %sext_ln24, i64 %select_ln23_1" [dfg_199.c:23]   --->   Operation 293 'urem' 'urem_ln23' <Predicate = true> <Delay = 5.07> <CoreInst = "DivnS_SEQ">   --->   Core 7 'DivnS_SEQ' <Latency = 35> <II = 8> <Delay = 4.13> <FuncUnit> <Opcode : 'sdiv' 'srem' 'udiv' 'urem'> <InPorts = 2> <OutPorts = 1>

State 102 <SV = 101> <Delay = 5.07>
ST_102 : Operation 294 [28/68] (5.07ns)   --->   "%urem_ln23 = urem i64 %sext_ln24, i64 %select_ln23_1" [dfg_199.c:23]   --->   Operation 294 'urem' 'urem_ln23' <Predicate = true> <Delay = 5.07> <CoreInst = "DivnS_SEQ">   --->   Core 7 'DivnS_SEQ' <Latency = 35> <II = 8> <Delay = 4.13> <FuncUnit> <Opcode : 'sdiv' 'srem' 'udiv' 'urem'> <InPorts = 2> <OutPorts = 1>

State 103 <SV = 102> <Delay = 5.07>
ST_103 : Operation 295 [27/68] (5.07ns)   --->   "%urem_ln23 = urem i64 %sext_ln24, i64 %select_ln23_1" [dfg_199.c:23]   --->   Operation 295 'urem' 'urem_ln23' <Predicate = true> <Delay = 5.07> <CoreInst = "DivnS_SEQ">   --->   Core 7 'DivnS_SEQ' <Latency = 35> <II = 8> <Delay = 4.13> <FuncUnit> <Opcode : 'sdiv' 'srem' 'udiv' 'urem'> <InPorts = 2> <OutPorts = 1>

State 104 <SV = 103> <Delay = 5.07>
ST_104 : Operation 296 [26/68] (5.07ns)   --->   "%urem_ln23 = urem i64 %sext_ln24, i64 %select_ln23_1" [dfg_199.c:23]   --->   Operation 296 'urem' 'urem_ln23' <Predicate = true> <Delay = 5.07> <CoreInst = "DivnS_SEQ">   --->   Core 7 'DivnS_SEQ' <Latency = 35> <II = 8> <Delay = 4.13> <FuncUnit> <Opcode : 'sdiv' 'srem' 'udiv' 'urem'> <InPorts = 2> <OutPorts = 1>

State 105 <SV = 104> <Delay = 5.07>
ST_105 : Operation 297 [25/68] (5.07ns)   --->   "%urem_ln23 = urem i64 %sext_ln24, i64 %select_ln23_1" [dfg_199.c:23]   --->   Operation 297 'urem' 'urem_ln23' <Predicate = true> <Delay = 5.07> <CoreInst = "DivnS_SEQ">   --->   Core 7 'DivnS_SEQ' <Latency = 35> <II = 8> <Delay = 4.13> <FuncUnit> <Opcode : 'sdiv' 'srem' 'udiv' 'urem'> <InPorts = 2> <OutPorts = 1>

State 106 <SV = 105> <Delay = 5.07>
ST_106 : Operation 298 [24/68] (5.07ns)   --->   "%urem_ln23 = urem i64 %sext_ln24, i64 %select_ln23_1" [dfg_199.c:23]   --->   Operation 298 'urem' 'urem_ln23' <Predicate = true> <Delay = 5.07> <CoreInst = "DivnS_SEQ">   --->   Core 7 'DivnS_SEQ' <Latency = 35> <II = 8> <Delay = 4.13> <FuncUnit> <Opcode : 'sdiv' 'srem' 'udiv' 'urem'> <InPorts = 2> <OutPorts = 1>

State 107 <SV = 106> <Delay = 5.07>
ST_107 : Operation 299 [23/68] (5.07ns)   --->   "%urem_ln23 = urem i64 %sext_ln24, i64 %select_ln23_1" [dfg_199.c:23]   --->   Operation 299 'urem' 'urem_ln23' <Predicate = true> <Delay = 5.07> <CoreInst = "DivnS_SEQ">   --->   Core 7 'DivnS_SEQ' <Latency = 35> <II = 8> <Delay = 4.13> <FuncUnit> <Opcode : 'sdiv' 'srem' 'udiv' 'urem'> <InPorts = 2> <OutPorts = 1>

State 108 <SV = 107> <Delay = 5.07>
ST_108 : Operation 300 [22/68] (5.07ns)   --->   "%urem_ln23 = urem i64 %sext_ln24, i64 %select_ln23_1" [dfg_199.c:23]   --->   Operation 300 'urem' 'urem_ln23' <Predicate = true> <Delay = 5.07> <CoreInst = "DivnS_SEQ">   --->   Core 7 'DivnS_SEQ' <Latency = 35> <II = 8> <Delay = 4.13> <FuncUnit> <Opcode : 'sdiv' 'srem' 'udiv' 'urem'> <InPorts = 2> <OutPorts = 1>

State 109 <SV = 108> <Delay = 5.07>
ST_109 : Operation 301 [21/68] (5.07ns)   --->   "%urem_ln23 = urem i64 %sext_ln24, i64 %select_ln23_1" [dfg_199.c:23]   --->   Operation 301 'urem' 'urem_ln23' <Predicate = true> <Delay = 5.07> <CoreInst = "DivnS_SEQ">   --->   Core 7 'DivnS_SEQ' <Latency = 35> <II = 8> <Delay = 4.13> <FuncUnit> <Opcode : 'sdiv' 'srem' 'udiv' 'urem'> <InPorts = 2> <OutPorts = 1>

State 110 <SV = 109> <Delay = 5.07>
ST_110 : Operation 302 [20/68] (5.07ns)   --->   "%urem_ln23 = urem i64 %sext_ln24, i64 %select_ln23_1" [dfg_199.c:23]   --->   Operation 302 'urem' 'urem_ln23' <Predicate = true> <Delay = 5.07> <CoreInst = "DivnS_SEQ">   --->   Core 7 'DivnS_SEQ' <Latency = 35> <II = 8> <Delay = 4.13> <FuncUnit> <Opcode : 'sdiv' 'srem' 'udiv' 'urem'> <InPorts = 2> <OutPorts = 1>

State 111 <SV = 110> <Delay = 5.07>
ST_111 : Operation 303 [19/68] (5.07ns)   --->   "%urem_ln23 = urem i64 %sext_ln24, i64 %select_ln23_1" [dfg_199.c:23]   --->   Operation 303 'urem' 'urem_ln23' <Predicate = true> <Delay = 5.07> <CoreInst = "DivnS_SEQ">   --->   Core 7 'DivnS_SEQ' <Latency = 35> <II = 8> <Delay = 4.13> <FuncUnit> <Opcode : 'sdiv' 'srem' 'udiv' 'urem'> <InPorts = 2> <OutPorts = 1>

State 112 <SV = 111> <Delay = 5.07>
ST_112 : Operation 304 [18/68] (5.07ns)   --->   "%urem_ln23 = urem i64 %sext_ln24, i64 %select_ln23_1" [dfg_199.c:23]   --->   Operation 304 'urem' 'urem_ln23' <Predicate = true> <Delay = 5.07> <CoreInst = "DivnS_SEQ">   --->   Core 7 'DivnS_SEQ' <Latency = 35> <II = 8> <Delay = 4.13> <FuncUnit> <Opcode : 'sdiv' 'srem' 'udiv' 'urem'> <InPorts = 2> <OutPorts = 1>

State 113 <SV = 112> <Delay = 5.07>
ST_113 : Operation 305 [17/68] (5.07ns)   --->   "%urem_ln23 = urem i64 %sext_ln24, i64 %select_ln23_1" [dfg_199.c:23]   --->   Operation 305 'urem' 'urem_ln23' <Predicate = true> <Delay = 5.07> <CoreInst = "DivnS_SEQ">   --->   Core 7 'DivnS_SEQ' <Latency = 35> <II = 8> <Delay = 4.13> <FuncUnit> <Opcode : 'sdiv' 'srem' 'udiv' 'urem'> <InPorts = 2> <OutPorts = 1>

State 114 <SV = 113> <Delay = 5.07>
ST_114 : Operation 306 [16/68] (5.07ns)   --->   "%urem_ln23 = urem i64 %sext_ln24, i64 %select_ln23_1" [dfg_199.c:23]   --->   Operation 306 'urem' 'urem_ln23' <Predicate = true> <Delay = 5.07> <CoreInst = "DivnS_SEQ">   --->   Core 7 'DivnS_SEQ' <Latency = 35> <II = 8> <Delay = 4.13> <FuncUnit> <Opcode : 'sdiv' 'srem' 'udiv' 'urem'> <InPorts = 2> <OutPorts = 1>

State 115 <SV = 114> <Delay = 5.07>
ST_115 : Operation 307 [15/68] (5.07ns)   --->   "%urem_ln23 = urem i64 %sext_ln24, i64 %select_ln23_1" [dfg_199.c:23]   --->   Operation 307 'urem' 'urem_ln23' <Predicate = true> <Delay = 5.07> <CoreInst = "DivnS_SEQ">   --->   Core 7 'DivnS_SEQ' <Latency = 35> <II = 8> <Delay = 4.13> <FuncUnit> <Opcode : 'sdiv' 'srem' 'udiv' 'urem'> <InPorts = 2> <OutPorts = 1>

State 116 <SV = 115> <Delay = 5.07>
ST_116 : Operation 308 [14/68] (5.07ns)   --->   "%urem_ln23 = urem i64 %sext_ln24, i64 %select_ln23_1" [dfg_199.c:23]   --->   Operation 308 'urem' 'urem_ln23' <Predicate = true> <Delay = 5.07> <CoreInst = "DivnS_SEQ">   --->   Core 7 'DivnS_SEQ' <Latency = 35> <II = 8> <Delay = 4.13> <FuncUnit> <Opcode : 'sdiv' 'srem' 'udiv' 'urem'> <InPorts = 2> <OutPorts = 1>

State 117 <SV = 116> <Delay = 5.07>
ST_117 : Operation 309 [13/68] (5.07ns)   --->   "%urem_ln23 = urem i64 %sext_ln24, i64 %select_ln23_1" [dfg_199.c:23]   --->   Operation 309 'urem' 'urem_ln23' <Predicate = true> <Delay = 5.07> <CoreInst = "DivnS_SEQ">   --->   Core 7 'DivnS_SEQ' <Latency = 35> <II = 8> <Delay = 4.13> <FuncUnit> <Opcode : 'sdiv' 'srem' 'udiv' 'urem'> <InPorts = 2> <OutPorts = 1>

State 118 <SV = 117> <Delay = 5.07>
ST_118 : Operation 310 [12/68] (5.07ns)   --->   "%urem_ln23 = urem i64 %sext_ln24, i64 %select_ln23_1" [dfg_199.c:23]   --->   Operation 310 'urem' 'urem_ln23' <Predicate = true> <Delay = 5.07> <CoreInst = "DivnS_SEQ">   --->   Core 7 'DivnS_SEQ' <Latency = 35> <II = 8> <Delay = 4.13> <FuncUnit> <Opcode : 'sdiv' 'srem' 'udiv' 'urem'> <InPorts = 2> <OutPorts = 1>

State 119 <SV = 118> <Delay = 5.07>
ST_119 : Operation 311 [11/68] (5.07ns)   --->   "%urem_ln23 = urem i64 %sext_ln24, i64 %select_ln23_1" [dfg_199.c:23]   --->   Operation 311 'urem' 'urem_ln23' <Predicate = true> <Delay = 5.07> <CoreInst = "DivnS_SEQ">   --->   Core 7 'DivnS_SEQ' <Latency = 35> <II = 8> <Delay = 4.13> <FuncUnit> <Opcode : 'sdiv' 'srem' 'udiv' 'urem'> <InPorts = 2> <OutPorts = 1>

State 120 <SV = 119> <Delay = 5.07>
ST_120 : Operation 312 [10/68] (5.07ns)   --->   "%urem_ln23 = urem i64 %sext_ln24, i64 %select_ln23_1" [dfg_199.c:23]   --->   Operation 312 'urem' 'urem_ln23' <Predicate = true> <Delay = 5.07> <CoreInst = "DivnS_SEQ">   --->   Core 7 'DivnS_SEQ' <Latency = 35> <II = 8> <Delay = 4.13> <FuncUnit> <Opcode : 'sdiv' 'srem' 'udiv' 'urem'> <InPorts = 2> <OutPorts = 1>

State 121 <SV = 120> <Delay = 5.07>
ST_121 : Operation 313 [9/68] (5.07ns)   --->   "%urem_ln23 = urem i64 %sext_ln24, i64 %select_ln23_1" [dfg_199.c:23]   --->   Operation 313 'urem' 'urem_ln23' <Predicate = true> <Delay = 5.07> <CoreInst = "DivnS_SEQ">   --->   Core 7 'DivnS_SEQ' <Latency = 35> <II = 8> <Delay = 4.13> <FuncUnit> <Opcode : 'sdiv' 'srem' 'udiv' 'urem'> <InPorts = 2> <OutPorts = 1>

State 122 <SV = 121> <Delay = 5.07>
ST_122 : Operation 314 [8/68] (5.07ns)   --->   "%urem_ln23 = urem i64 %sext_ln24, i64 %select_ln23_1" [dfg_199.c:23]   --->   Operation 314 'urem' 'urem_ln23' <Predicate = true> <Delay = 5.07> <CoreInst = "DivnS_SEQ">   --->   Core 7 'DivnS_SEQ' <Latency = 35> <II = 8> <Delay = 4.13> <FuncUnit> <Opcode : 'sdiv' 'srem' 'udiv' 'urem'> <InPorts = 2> <OutPorts = 1>

State 123 <SV = 122> <Delay = 5.07>
ST_123 : Operation 315 [7/68] (5.07ns)   --->   "%urem_ln23 = urem i64 %sext_ln24, i64 %select_ln23_1" [dfg_199.c:23]   --->   Operation 315 'urem' 'urem_ln23' <Predicate = true> <Delay = 5.07> <CoreInst = "DivnS_SEQ">   --->   Core 7 'DivnS_SEQ' <Latency = 35> <II = 8> <Delay = 4.13> <FuncUnit> <Opcode : 'sdiv' 'srem' 'udiv' 'urem'> <InPorts = 2> <OutPorts = 1>

State 124 <SV = 123> <Delay = 5.07>
ST_124 : Operation 316 [6/68] (5.07ns)   --->   "%urem_ln23 = urem i64 %sext_ln24, i64 %select_ln23_1" [dfg_199.c:23]   --->   Operation 316 'urem' 'urem_ln23' <Predicate = true> <Delay = 5.07> <CoreInst = "DivnS_SEQ">   --->   Core 7 'DivnS_SEQ' <Latency = 35> <II = 8> <Delay = 4.13> <FuncUnit> <Opcode : 'sdiv' 'srem' 'udiv' 'urem'> <InPorts = 2> <OutPorts = 1>

State 125 <SV = 124> <Delay = 5.07>
ST_125 : Operation 317 [5/68] (5.07ns)   --->   "%urem_ln23 = urem i64 %sext_ln24, i64 %select_ln23_1" [dfg_199.c:23]   --->   Operation 317 'urem' 'urem_ln23' <Predicate = true> <Delay = 5.07> <CoreInst = "DivnS_SEQ">   --->   Core 7 'DivnS_SEQ' <Latency = 35> <II = 8> <Delay = 4.13> <FuncUnit> <Opcode : 'sdiv' 'srem' 'udiv' 'urem'> <InPorts = 2> <OutPorts = 1>

State 126 <SV = 125> <Delay = 5.07>
ST_126 : Operation 318 [4/68] (5.07ns)   --->   "%urem_ln23 = urem i64 %sext_ln24, i64 %select_ln23_1" [dfg_199.c:23]   --->   Operation 318 'urem' 'urem_ln23' <Predicate = true> <Delay = 5.07> <CoreInst = "DivnS_SEQ">   --->   Core 7 'DivnS_SEQ' <Latency = 35> <II = 8> <Delay = 4.13> <FuncUnit> <Opcode : 'sdiv' 'srem' 'udiv' 'urem'> <InPorts = 2> <OutPorts = 1>

State 127 <SV = 126> <Delay = 5.07>
ST_127 : Operation 319 [3/68] (5.07ns)   --->   "%urem_ln23 = urem i64 %sext_ln24, i64 %select_ln23_1" [dfg_199.c:23]   --->   Operation 319 'urem' 'urem_ln23' <Predicate = true> <Delay = 5.07> <CoreInst = "DivnS_SEQ">   --->   Core 7 'DivnS_SEQ' <Latency = 35> <II = 8> <Delay = 4.13> <FuncUnit> <Opcode : 'sdiv' 'srem' 'udiv' 'urem'> <InPorts = 2> <OutPorts = 1>

State 128 <SV = 127> <Delay = 5.07>
ST_128 : Operation 320 [2/68] (5.07ns)   --->   "%urem_ln23 = urem i64 %sext_ln24, i64 %select_ln23_1" [dfg_199.c:23]   --->   Operation 320 'urem' 'urem_ln23' <Predicate = true> <Delay = 5.07> <CoreInst = "DivnS_SEQ">   --->   Core 7 'DivnS_SEQ' <Latency = 35> <II = 8> <Delay = 4.13> <FuncUnit> <Opcode : 'sdiv' 'srem' 'udiv' 'urem'> <InPorts = 2> <OutPorts = 1>

State 129 <SV = 128> <Delay = 6.06>
ST_129 : Operation 321 [1/1] (0.00ns)   --->   "%specbitsmap_ln0 = specbitsmap void @_ssdm_op_SpecBitsMap, i64 0"   --->   Operation 321 'specbitsmap' 'specbitsmap_ln0' <Predicate = true> <Delay = 0.00>
ST_129 : Operation 322 [1/1] (0.00ns)   --->   "%spectopmodule_ln0 = spectopmodule void @_ssdm_op_SpecTopModule, void @empty_1"   --->   Operation 322 'spectopmodule' 'spectopmodule_ln0' <Predicate = true> <Delay = 0.00>
ST_129 : Operation 323 [1/1] (0.00ns)   --->   "%specbitsmap_ln0 = specbitsmap void @_ssdm_op_SpecBitsMap, i16 %p"   --->   Operation 323 'specbitsmap' 'specbitsmap_ln0' <Predicate = true> <Delay = 0.00>
ST_129 : Operation 324 [1/1] (0.00ns)   --->   "%specinterface_ln0 = specinterface void @_ssdm_op_SpecInterface, i16 %p, void @empty, i32 0, i32 0, void @empty_0, i32 0, i32 0, void @empty_0, void @empty_0, void @empty_0, i32 0, i32 0, i32 0, i32 0, void @empty_0, void @empty_0"   --->   Operation 324 'specinterface' 'specinterface_ln0' <Predicate = true> <Delay = 0.00>
ST_129 : Operation 325 [1/1] (0.00ns)   --->   "%specbitsmap_ln0 = specbitsmap void @_ssdm_op_SpecBitsMap, i32 %p_13"   --->   Operation 325 'specbitsmap' 'specbitsmap_ln0' <Predicate = true> <Delay = 0.00>
ST_129 : Operation 326 [1/1] (0.00ns)   --->   "%specinterface_ln0 = specinterface void @_ssdm_op_SpecInterface, i32 %p_13, void @empty, i32 0, i32 0, void @empty_0, i32 0, i32 0, void @empty_0, void @empty_0, void @empty_0, i32 0, i32 0, i32 0, i32 0, void @empty_0, void @empty_0"   --->   Operation 326 'specinterface' 'specinterface_ln0' <Predicate = true> <Delay = 0.00>
ST_129 : Operation 327 [1/1] (0.00ns)   --->   "%specbitsmap_ln0 = specbitsmap void @_ssdm_op_SpecBitsMap, i16 %p_15"   --->   Operation 327 'specbitsmap' 'specbitsmap_ln0' <Predicate = true> <Delay = 0.00>
ST_129 : Operation 328 [1/1] (0.00ns)   --->   "%specinterface_ln0 = specinterface void @_ssdm_op_SpecInterface, i16 %p_15, void @empty, i32 0, i32 0, void @empty_0, i32 0, i32 0, void @empty_0, void @empty_0, void @empty_0, i32 0, i32 0, i32 0, i32 0, void @empty_0, void @empty_0"   --->   Operation 328 'specinterface' 'specinterface_ln0' <Predicate = true> <Delay = 0.00>
ST_129 : Operation 329 [1/1] (0.00ns)   --->   "%specbitsmap_ln0 = specbitsmap void @_ssdm_op_SpecBitsMap, i32 %p_19"   --->   Operation 329 'specbitsmap' 'specbitsmap_ln0' <Predicate = true> <Delay = 0.00>
ST_129 : Operation 330 [1/1] (0.00ns)   --->   "%specinterface_ln0 = specinterface void @_ssdm_op_SpecInterface, i32 %p_19, void @empty, i32 0, i32 0, void @empty_0, i32 0, i32 0, void @empty_0, void @empty_0, void @empty_0, i32 0, i32 0, i32 0, i32 0, void @empty_0, void @empty_0"   --->   Operation 330 'specinterface' 'specinterface_ln0' <Predicate = true> <Delay = 0.00>
ST_129 : Operation 331 [1/68] (5.07ns)   --->   "%urem_ln23 = urem i64 %sext_ln24, i64 %select_ln23_1" [dfg_199.c:23]   --->   Operation 331 'urem' 'urem_ln23' <Predicate = true> <Delay = 5.07> <CoreInst = "DivnS_SEQ">   --->   Core 7 'DivnS_SEQ' <Latency = 35> <II = 8> <Delay = 4.13> <FuncUnit> <Opcode : 'sdiv' 'srem' 'udiv' 'urem'> <InPorts = 2> <OutPorts = 1>
ST_129 : Operation 332 [1/1] (0.00ns)   --->   "%trunc_ln24_2 = trunc i8 %urem_ln23" [dfg_199.c:24]   --->   Operation 332 'trunc' 'trunc_ln24_2' <Predicate = true> <Delay = 0.00>
ST_129 : Operation 333 [1/1] (0.99ns)   --->   "%v_4 = xor i8 %mul_ln24, i8 %trunc_ln24_2" [dfg_199.c:23]   --->   Operation 333 'xor' 'v_4' <Predicate = true> <Delay = 0.99> <CoreInst = "LogicGate">   --->   Core 74 'LogicGate' <Latency = 0> <II = 1> <Delay = 0.99> <FuncUnit> <Opcode : 'and' 'or' 'xor'> <InPorts = 2> <OutPorts = 1>
ST_129 : Operation 334 [1/1] (0.00ns)   --->   "%zext_ln28 = zext i8 %v_4" [dfg_199.c:28]   --->   Operation 334 'zext' 'zext_ln28' <Predicate = true> <Delay = 0.00>
ST_129 : Operation 335 [1/1] (0.00ns)   --->   "%ret_ln29 = ret i64 %zext_ln28" [dfg_199.c:29]   --->   Operation 335 'ret' 'ret_ln29' <Predicate = true> <Delay = 0.00>


============================================================
+ Verbose Summary: Timing violations
============================================================
Target clock period: 10ns, clock uncertainty: 2.7ns.

 <State 1>: 6.69ns
The critical path consists of the following:
	wire read on port 'p_13' (dfg_199.c:7) [17]  (0 ns)
	'add' operation ('add_ln21', dfg_199.c:21) [20]  (2.55 ns)
	'sdiv' operation ('sdiv_ln21', dfg_199.c:21) [21]  (4.13 ns)

 <State 2>: 4.13ns
The critical path consists of the following:
	'sdiv' operation ('sdiv_ln21', dfg_199.c:21) [21]  (4.13 ns)

 <State 3>: 4.13ns
The critical path consists of the following:
	'sdiv' operation ('sdiv_ln21', dfg_199.c:21) [21]  (4.13 ns)

 <State 4>: 4.13ns
The critical path consists of the following:
	'sdiv' operation ('sdiv_ln21', dfg_199.c:21) [21]  (4.13 ns)

 <State 5>: 4.13ns
The critical path consists of the following:
	'sdiv' operation ('sdiv_ln21', dfg_199.c:21) [21]  (4.13 ns)

 <State 6>: 4.13ns
The critical path consists of the following:
	'sdiv' operation ('sdiv_ln21', dfg_199.c:21) [21]  (4.13 ns)

 <State 7>: 4.13ns
The critical path consists of the following:
	'sdiv' operation ('sdiv_ln21', dfg_199.c:21) [21]  (4.13 ns)

 <State 8>: 4.13ns
The critical path consists of the following:
	'sdiv' operation ('sdiv_ln21', dfg_199.c:21) [21]  (4.13 ns)

 <State 9>: 4.13ns
The critical path consists of the following:
	'sdiv' operation ('sdiv_ln21', dfg_199.c:21) [21]  (4.13 ns)

 <State 10>: 4.13ns
The critical path consists of the following:
	'sdiv' operation ('sdiv_ln21', dfg_199.c:21) [21]  (4.13 ns)

 <State 11>: 4.13ns
The critical path consists of the following:
	'sdiv' operation ('sdiv_ln21', dfg_199.c:21) [21]  (4.13 ns)

 <State 12>: 4.13ns
The critical path consists of the following:
	'sdiv' operation ('sdiv_ln21', dfg_199.c:21) [21]  (4.13 ns)

 <State 13>: 4.13ns
The critical path consists of the following:
	'sdiv' operation ('sdiv_ln21', dfg_199.c:21) [21]  (4.13 ns)

 <State 14>: 4.13ns
The critical path consists of the following:
	'sdiv' operation ('sdiv_ln21', dfg_199.c:21) [21]  (4.13 ns)

 <State 15>: 4.13ns
The critical path consists of the following:
	'sdiv' operation ('sdiv_ln21', dfg_199.c:21) [21]  (4.13 ns)

 <State 16>: 4.13ns
The critical path consists of the following:
	'sdiv' operation ('sdiv_ln21', dfg_199.c:21) [21]  (4.13 ns)

 <State 17>: 4.13ns
The critical path consists of the following:
	'sdiv' operation ('sdiv_ln21', dfg_199.c:21) [21]  (4.13 ns)

 <State 18>: 4.13ns
The critical path consists of the following:
	'sdiv' operation ('sdiv_ln21', dfg_199.c:21) [21]  (4.13 ns)

 <State 19>: 4.13ns
The critical path consists of the following:
	'sdiv' operation ('sdiv_ln21', dfg_199.c:21) [21]  (4.13 ns)

 <State 20>: 4.13ns
The critical path consists of the following:
	'sdiv' operation ('sdiv_ln21', dfg_199.c:21) [21]  (4.13 ns)

 <State 21>: 4.13ns
The critical path consists of the following:
	'sdiv' operation ('sdiv_ln21', dfg_199.c:21) [21]  (4.13 ns)

 <State 22>: 4.13ns
The critical path consists of the following:
	'sdiv' operation ('sdiv_ln21', dfg_199.c:21) [21]  (4.13 ns)

 <State 23>: 4.13ns
The critical path consists of the following:
	'sdiv' operation ('sdiv_ln21', dfg_199.c:21) [21]  (4.13 ns)

 <State 24>: 4.13ns
The critical path consists of the following:
	'sdiv' operation ('sdiv_ln21', dfg_199.c:21) [21]  (4.13 ns)

 <State 25>: 4.13ns
The critical path consists of the following:
	'sdiv' operation ('sdiv_ln21', dfg_199.c:21) [21]  (4.13 ns)

 <State 26>: 4.13ns
The critical path consists of the following:
	'sdiv' operation ('sdiv_ln21', dfg_199.c:21) [21]  (4.13 ns)

 <State 27>: 4.13ns
The critical path consists of the following:
	'sdiv' operation ('sdiv_ln21', dfg_199.c:21) [21]  (4.13 ns)

 <State 28>: 4.13ns
The critical path consists of the following:
	'sdiv' operation ('sdiv_ln21', dfg_199.c:21) [21]  (4.13 ns)

 <State 29>: 4.13ns
The critical path consists of the following:
	'sdiv' operation ('sdiv_ln21', dfg_199.c:21) [21]  (4.13 ns)

 <State 30>: 4.13ns
The critical path consists of the following:
	'sdiv' operation ('sdiv_ln21', dfg_199.c:21) [21]  (4.13 ns)

 <State 31>: 4.13ns
The critical path consists of the following:
	'sdiv' operation ('sdiv_ln21', dfg_199.c:21) [21]  (4.13 ns)

 <State 32>: 4.13ns
The critical path consists of the following:
	'sdiv' operation ('sdiv_ln21', dfg_199.c:21) [21]  (4.13 ns)

 <State 33>: 4.13ns
The critical path consists of the following:
	'sdiv' operation ('sdiv_ln21', dfg_199.c:21) [21]  (4.13 ns)

 <State 34>: 4.13ns
The critical path consists of the following:
	'sdiv' operation ('sdiv_ln21', dfg_199.c:21) [21]  (4.13 ns)

 <State 35>: 4.13ns
The critical path consists of the following:
	'sdiv' operation ('sdiv_ln21', dfg_199.c:21) [21]  (4.13 ns)

 <State 36>: 6.69ns
The critical path consists of the following:
	'sdiv' operation ('sdiv_ln21', dfg_199.c:21) [21]  (4.13 ns)
	'add' operation ('add_ln21_1', dfg_199.c:21) [23]  (2.55 ns)

 <State 37>: 5.94ns
The critical path consists of the following:
	'select' operation ('select_ln21', dfg_199.c:21) [24]  (0 ns)
	'icmp' operation ('icmp_ln21', dfg_199.c:21) [25]  (2.47 ns)
	'udiv' operation ('v_9', dfg_199.c:21) [29]  (3.47 ns)

 <State 38>: 3.47ns
The critical path consists of the following:
	'udiv' operation ('v_9', dfg_199.c:21) [29]  (3.47 ns)

 <State 39>: 3.47ns
The critical path consists of the following:
	'udiv' operation ('v_9', dfg_199.c:21) [29]  (3.47 ns)

 <State 40>: 3.47ns
The critical path consists of the following:
	'udiv' operation ('v_9', dfg_199.c:21) [29]  (3.47 ns)

 <State 41>: 3.47ns
The critical path consists of the following:
	'udiv' operation ('v_9', dfg_199.c:21) [29]  (3.47 ns)

 <State 42>: 6.08ns
The critical path consists of the following:
	wire read on port 'p' (dfg_199.c:7) [18]  (0 ns)
	'add' operation ('add_ln25', dfg_199.c:25) [45]  (1.92 ns)
	'mul' operation ('mul_ln24', dfg_199.c:24) [47]  (4.17 ns)

 <State 43>: 3.65ns
The critical path consists of the following:
	'udiv' operation ('udiv_ln23', dfg_199.c:23) [34]  (3.65 ns)

 <State 44>: 3.65ns
The critical path consists of the following:
	'udiv' operation ('udiv_ln23', dfg_199.c:23) [34]  (3.65 ns)

 <State 45>: 3.65ns
The critical path consists of the following:
	'udiv' operation ('udiv_ln23', dfg_199.c:23) [34]  (3.65 ns)

 <State 46>: 3.65ns
The critical path consists of the following:
	'udiv' operation ('udiv_ln23', dfg_199.c:23) [34]  (3.65 ns)

 <State 47>: 3.65ns
The critical path consists of the following:
	'udiv' operation ('udiv_ln23', dfg_199.c:23) [34]  (3.65 ns)

 <State 48>: 3.65ns
The critical path consists of the following:
	'udiv' operation ('udiv_ln23', dfg_199.c:23) [34]  (3.65 ns)

 <State 49>: 3.65ns
The critical path consists of the following:
	'udiv' operation ('udiv_ln23', dfg_199.c:23) [34]  (3.65 ns)

 <State 50>: 3.65ns
The critical path consists of the following:
	'udiv' operation ('udiv_ln23', dfg_199.c:23) [34]  (3.65 ns)

 <State 51>: 3.65ns
The critical path consists of the following:
	'udiv' operation ('udiv_ln23', dfg_199.c:23) [34]  (3.65 ns)

 <State 52>: 3.65ns
The critical path consists of the following:
	'udiv' operation ('udiv_ln23', dfg_199.c:23) [34]  (3.65 ns)

 <State 53>: 3.65ns
The critical path consists of the following:
	'udiv' operation ('udiv_ln23', dfg_199.c:23) [34]  (3.65 ns)

 <State 54>: 3.65ns
The critical path consists of the following:
	'udiv' operation ('udiv_ln23', dfg_199.c:23) [34]  (3.65 ns)

 <State 55>: 3.65ns
The critical path consists of the following:
	'udiv' operation ('udiv_ln23', dfg_199.c:23) [34]  (3.65 ns)

 <State 56>: 3.65ns
The critical path consists of the following:
	'udiv' operation ('udiv_ln23', dfg_199.c:23) [34]  (3.65 ns)

 <State 57>: 3.65ns
The critical path consists of the following:
	'udiv' operation ('udiv_ln23', dfg_199.c:23) [34]  (3.65 ns)

 <State 58>: 3.65ns
The critical path consists of the following:
	'udiv' operation ('udiv_ln23', dfg_199.c:23) [34]  (3.65 ns)

 <State 59>: 3.65ns
The critical path consists of the following:
	'udiv' operation ('udiv_ln23', dfg_199.c:23) [34]  (3.65 ns)

 <State 60>: 3.65ns
The critical path consists of the following:
	'udiv' operation ('udiv_ln23', dfg_199.c:23) [34]  (3.65 ns)

 <State 61>: 6.2ns
The critical path consists of the following:
	'udiv' operation ('udiv_ln23', dfg_199.c:23) [34]  (3.65 ns)
	'sub' operation ('sub_ln23', dfg_199.c:23) [36]  (2.55 ns)

 <State 62>: 5.76ns
The critical path consists of the following:
	'select' operation ('select_ln23_1', dfg_199.c:23) [39]  (0.692 ns)
	'urem' operation ('urem_ln23', dfg_199.c:23) [40]  (5.07 ns)

 <State 63>: 5.07ns
The critical path consists of the following:
	'urem' operation ('urem_ln23', dfg_199.c:23) [40]  (5.07 ns)

 <State 64>: 5.07ns
The critical path consists of the following:
	'urem' operation ('urem_ln23', dfg_199.c:23) [40]  (5.07 ns)

 <State 65>: 5.07ns
The critical path consists of the following:
	'urem' operation ('urem_ln23', dfg_199.c:23) [40]  (5.07 ns)

 <State 66>: 5.07ns
The critical path consists of the following:
	'urem' operation ('urem_ln23', dfg_199.c:23) [40]  (5.07 ns)

 <State 67>: 5.07ns
The critical path consists of the following:
	'urem' operation ('urem_ln23', dfg_199.c:23) [40]  (5.07 ns)

 <State 68>: 5.07ns
The critical path consists of the following:
	'urem' operation ('urem_ln23', dfg_199.c:23) [40]  (5.07 ns)

 <State 69>: 5.07ns
The critical path consists of the following:
	'urem' operation ('urem_ln23', dfg_199.c:23) [40]  (5.07 ns)

 <State 70>: 5.07ns
The critical path consists of the following:
	'urem' operation ('urem_ln23', dfg_199.c:23) [40]  (5.07 ns)

 <State 71>: 5.07ns
The critical path consists of the following:
	'urem' operation ('urem_ln23', dfg_199.c:23) [40]  (5.07 ns)

 <State 72>: 5.07ns
The critical path consists of the following:
	'urem' operation ('urem_ln23', dfg_199.c:23) [40]  (5.07 ns)

 <State 73>: 5.07ns
The critical path consists of the following:
	'urem' operation ('urem_ln23', dfg_199.c:23) [40]  (5.07 ns)

 <State 74>: 5.07ns
The critical path consists of the following:
	'urem' operation ('urem_ln23', dfg_199.c:23) [40]  (5.07 ns)

 <State 75>: 5.07ns
The critical path consists of the following:
	'urem' operation ('urem_ln23', dfg_199.c:23) [40]  (5.07 ns)

 <State 76>: 5.07ns
The critical path consists of the following:
	'urem' operation ('urem_ln23', dfg_199.c:23) [40]  (5.07 ns)

 <State 77>: 5.07ns
The critical path consists of the following:
	'urem' operation ('urem_ln23', dfg_199.c:23) [40]  (5.07 ns)

 <State 78>: 5.07ns
The critical path consists of the following:
	'urem' operation ('urem_ln23', dfg_199.c:23) [40]  (5.07 ns)

 <State 79>: 5.07ns
The critical path consists of the following:
	'urem' operation ('urem_ln23', dfg_199.c:23) [40]  (5.07 ns)

 <State 80>: 5.07ns
The critical path consists of the following:
	'urem' operation ('urem_ln23', dfg_199.c:23) [40]  (5.07 ns)

 <State 81>: 5.07ns
The critical path consists of the following:
	'urem' operation ('urem_ln23', dfg_199.c:23) [40]  (5.07 ns)

 <State 82>: 5.07ns
The critical path consists of the following:
	'urem' operation ('urem_ln23', dfg_199.c:23) [40]  (5.07 ns)

 <State 83>: 5.07ns
The critical path consists of the following:
	'urem' operation ('urem_ln23', dfg_199.c:23) [40]  (5.07 ns)

 <State 84>: 5.07ns
The critical path consists of the following:
	'urem' operation ('urem_ln23', dfg_199.c:23) [40]  (5.07 ns)

 <State 85>: 5.07ns
The critical path consists of the following:
	'urem' operation ('urem_ln23', dfg_199.c:23) [40]  (5.07 ns)

 <State 86>: 5.07ns
The critical path consists of the following:
	'urem' operation ('urem_ln23', dfg_199.c:23) [40]  (5.07 ns)

 <State 87>: 5.07ns
The critical path consists of the following:
	'urem' operation ('urem_ln23', dfg_199.c:23) [40]  (5.07 ns)

 <State 88>: 5.07ns
The critical path consists of the following:
	'urem' operation ('urem_ln23', dfg_199.c:23) [40]  (5.07 ns)

 <State 89>: 5.07ns
The critical path consists of the following:
	'urem' operation ('urem_ln23', dfg_199.c:23) [40]  (5.07 ns)

 <State 90>: 5.07ns
The critical path consists of the following:
	'urem' operation ('urem_ln23', dfg_199.c:23) [40]  (5.07 ns)

 <State 91>: 5.07ns
The critical path consists of the following:
	'urem' operation ('urem_ln23', dfg_199.c:23) [40]  (5.07 ns)

 <State 92>: 5.07ns
The critical path consists of the following:
	'urem' operation ('urem_ln23', dfg_199.c:23) [40]  (5.07 ns)

 <State 93>: 5.07ns
The critical path consists of the following:
	'urem' operation ('urem_ln23', dfg_199.c:23) [40]  (5.07 ns)

 <State 94>: 5.07ns
The critical path consists of the following:
	'urem' operation ('urem_ln23', dfg_199.c:23) [40]  (5.07 ns)

 <State 95>: 5.07ns
The critical path consists of the following:
	'urem' operation ('urem_ln23', dfg_199.c:23) [40]  (5.07 ns)

 <State 96>: 5.07ns
The critical path consists of the following:
	'urem' operation ('urem_ln23', dfg_199.c:23) [40]  (5.07 ns)

 <State 97>: 5.07ns
The critical path consists of the following:
	'urem' operation ('urem_ln23', dfg_199.c:23) [40]  (5.07 ns)

 <State 98>: 5.07ns
The critical path consists of the following:
	'urem' operation ('urem_ln23', dfg_199.c:23) [40]  (5.07 ns)

 <State 99>: 5.07ns
The critical path consists of the following:
	'urem' operation ('urem_ln23', dfg_199.c:23) [40]  (5.07 ns)

 <State 100>: 5.07ns
The critical path consists of the following:
	'urem' operation ('urem_ln23', dfg_199.c:23) [40]  (5.07 ns)

 <State 101>: 5.07ns
The critical path consists of the following:
	'urem' operation ('urem_ln23', dfg_199.c:23) [40]  (5.07 ns)

 <State 102>: 5.07ns
The critical path consists of the following:
	'urem' operation ('urem_ln23', dfg_199.c:23) [40]  (5.07 ns)

 <State 103>: 5.07ns
The critical path consists of the following:
	'urem' operation ('urem_ln23', dfg_199.c:23) [40]  (5.07 ns)

 <State 104>: 5.07ns
The critical path consists of the following:
	'urem' operation ('urem_ln23', dfg_199.c:23) [40]  (5.07 ns)

 <State 105>: 5.07ns
The critical path consists of the following:
	'urem' operation ('urem_ln23', dfg_199.c:23) [40]  (5.07 ns)

 <State 106>: 5.07ns
The critical path consists of the following:
	'urem' operation ('urem_ln23', dfg_199.c:23) [40]  (5.07 ns)

 <State 107>: 5.07ns
The critical path consists of the following:
	'urem' operation ('urem_ln23', dfg_199.c:23) [40]  (5.07 ns)

 <State 108>: 5.07ns
The critical path consists of the following:
	'urem' operation ('urem_ln23', dfg_199.c:23) [40]  (5.07 ns)

 <State 109>: 5.07ns
The critical path consists of the following:
	'urem' operation ('urem_ln23', dfg_199.c:23) [40]  (5.07 ns)

 <State 110>: 5.07ns
The critical path consists of the following:
	'urem' operation ('urem_ln23', dfg_199.c:23) [40]  (5.07 ns)

 <State 111>: 5.07ns
The critical path consists of the following:
	'urem' operation ('urem_ln23', dfg_199.c:23) [40]  (5.07 ns)

 <State 112>: 5.07ns
The critical path consists of the following:
	'urem' operation ('urem_ln23', dfg_199.c:23) [40]  (5.07 ns)

 <State 113>: 5.07ns
The critical path consists of the following:
	'urem' operation ('urem_ln23', dfg_199.c:23) [40]  (5.07 ns)

 <State 114>: 5.07ns
The critical path consists of the following:
	'urem' operation ('urem_ln23', dfg_199.c:23) [40]  (5.07 ns)

 <State 115>: 5.07ns
The critical path consists of the following:
	'urem' operation ('urem_ln23', dfg_199.c:23) [40]  (5.07 ns)

 <State 116>: 5.07ns
The critical path consists of the following:
	'urem' operation ('urem_ln23', dfg_199.c:23) [40]  (5.07 ns)

 <State 117>: 5.07ns
The critical path consists of the following:
	'urem' operation ('urem_ln23', dfg_199.c:23) [40]  (5.07 ns)

 <State 118>: 5.07ns
The critical path consists of the following:
	'urem' operation ('urem_ln23', dfg_199.c:23) [40]  (5.07 ns)

 <State 119>: 5.07ns
The critical path consists of the following:
	'urem' operation ('urem_ln23', dfg_199.c:23) [40]  (5.07 ns)

 <State 120>: 5.07ns
The critical path consists of the following:
	'urem' operation ('urem_ln23', dfg_199.c:23) [40]  (5.07 ns)

 <State 121>: 5.07ns
The critical path consists of the following:
	'urem' operation ('urem_ln23', dfg_199.c:23) [40]  (5.07 ns)

 <State 122>: 5.07ns
The critical path consists of the following:
	'urem' operation ('urem_ln23', dfg_199.c:23) [40]  (5.07 ns)

 <State 123>: 5.07ns
The critical path consists of the following:
	'urem' operation ('urem_ln23', dfg_199.c:23) [40]  (5.07 ns)

 <State 124>: 5.07ns
The critical path consists of the following:
	'urem' operation ('urem_ln23', dfg_199.c:23) [40]  (5.07 ns)

 <State 125>: 5.07ns
The critical path consists of the following:
	'urem' operation ('urem_ln23', dfg_199.c:23) [40]  (5.07 ns)

 <State 126>: 5.07ns
The critical path consists of the following:
	'urem' operation ('urem_ln23', dfg_199.c:23) [40]  (5.07 ns)

 <State 127>: 5.07ns
The critical path consists of the following:
	'urem' operation ('urem_ln23', dfg_199.c:23) [40]  (5.07 ns)

 <State 128>: 5.07ns
The critical path consists of the following:
	'urem' operation ('urem_ln23', dfg_199.c:23) [40]  (5.07 ns)

 <State 129>: 6.06ns
The critical path consists of the following:
	'urem' operation ('urem_ln23', dfg_199.c:23) [40]  (5.07 ns)
	'xor' operation ('v_4', dfg_199.c:23) [48]  (0.99 ns)


============================================================
+ Verbose Summary: Binding
============================================================
N/A
* FSMD analyzer results:
  - Output states:
 - Input state : 
  - Chain level:
	State 1
	State 2
	State 3
	State 4
	State 5
	State 6
	State 7
	State 8
	State 9
	State 10
	State 11
	State 12
	State 13
	State 14
	State 15
	State 16
	State 17
	State 18
	State 19
	State 20
	State 21
	State 22
	State 23
	State 24
	State 25
	State 26
	State 27
	State 28
	State 29
	State 30
	State 31
	State 32
	State 33
	State 34
	State 35
	State 36
	State 37
	State 38
	State 39
	State 40
	State 41
	State 42
	State 43
	State 44
	State 45
	State 46
	State 47
	State 48
	State 49
	State 50
	State 51
	State 52
	State 53
	State 54
	State 55
	State 56
	State 57
	State 58
	State 59
	State 60
	State 61
	State 62
	State 63
	State 64
	State 65
	State 66
	State 67
	State 68
	State 69
	State 70
	State 71
	State 72
	State 73
	State 74
	State 75
	State 76
	State 77
	State 78
	State 79
	State 80
	State 81
	State 82
	State 83
	State 84
	State 85
	State 86
	State 87
	State 88
	State 89
	State 90
	State 91
	State 92
	State 93
	State 94
	State 95
	State 96
	State 97
	State 98
	State 99
	State 100
	State 101
	State 102
	State 103
	State 104
	State 105
	State 106
	State 107
	State 108
	State 109
	State 110
	State 111
	State 112
	State 113
	State 114
	State 115
	State 116
	State 117
	State 118
	State 119
	State 120
	State 121
	State 122
	State 123
	State 124
	State 125
	State 126
	State 127
	State 128
	State 129


============================================================
+ Verbose Summary: Datapath Resource usage 
============================================================
N/A
