Copyright 1986-2020 Xilinx, Inc. All Rights Reserved.
------------------------------------------------------------------------------------
| Tool Version : Vivado v.2020.2 (lin64) Build 3064766 Wed Nov 18 09:12:47 MST 2020
| Date         : Wed Apr 28 10:28:10 2021
| Host         : seal-lambda running 64-bit Ubuntu 18.04.5 LTS
| Command      : report_timing_summary -file ./report/fn1_timing_routed.rpt
| Design       : bd_0_wrapper
| Device       : 7z020-clg484
| Speed File   : -1  PRODUCTION 1.12 2019-11-22
------------------------------------------------------------------------------------

Timing Summary Report

------------------------------------------------------------------------------------------------
| Timer Settings
| --------------
------------------------------------------------------------------------------------------------

  Enable Multi Corner Analysis               :  Yes
  Enable Pessimism Removal                   :  Yes
  Pessimism Removal Resolution               :  Nearest Common Node
  Enable Input Delay Default Clock           :  No
  Enable Preset / Clear Arcs                 :  No
  Disable Flight Delays                      :  No
  Ignore I/O Paths                           :  No
  Timing Early Launch at Borrowing Latches   :  No
  Borrow Time for Max Delay Exceptions       :  Yes
  Merge Timing Exceptions                    :  Yes

  Corner  Analyze    Analyze    
  Name    Max Paths  Min Paths  
  ------  ---------  ---------  
  Slow    Yes        Yes        
  Fast    Yes        Yes        



check_timing report

Table of Contents
-----------------
1. checking no_clock (0)
2. checking constant_clock (0)
3. checking pulse_width_clock (0)
4. checking unconstrained_internal_endpoints (0)
5. checking no_input_delay (138)
6. checking no_output_delay (13)
7. checking multiple_clock (0)
8. checking generated_clocks (0)
9. checking loops (0)
10. checking partial_input_delay (0)
11. checking partial_output_delay (0)
12. checking latch_loops (0)

1. checking no_clock (0)
------------------------
 There are 0 register/latch pins with no clock.


2. checking constant_clock (0)
------------------------------
 There are 0 register/latch pins with constant_clock.


3. checking pulse_width_clock (0)
---------------------------------
 There are 0 register/latch pins which need pulse_width check


4. checking unconstrained_internal_endpoints (0)
------------------------------------------------
 There are 0 pins that are not constrained for maximum delay.

 There are 0 pins that are not constrained for maximum delay due to constant clock.


5. checking no_input_delay (138)
--------------------------------
 There are 138 input ports with no input delay specified. (HIGH)

 There are 0 input ports with no input delay but user has a false path constraint.


6. checking no_output_delay (13)
--------------------------------
 There are 13 ports with no output delay specified. (HIGH)

 There are 0 ports with no output delay but user has a false path constraint

 There are 0 ports with no output delay but with a timing clock defined on it or propagating through it


7. checking multiple_clock (0)
------------------------------
 There are 0 register/latch pins with multiple clocks.


8. checking generated_clocks (0)
--------------------------------
 There are 0 generated clocks that are not connected to a clock source.


9. checking loops (0)
---------------------
 There are 0 combinational loops in the design.


10. checking partial_input_delay (0)
------------------------------------
 There are 0 input ports with partial input delay specified.


11. checking partial_output_delay (0)
-------------------------------------
 There are 0 ports with partial output delay specified.


12. checking latch_loops (0)
----------------------------
 There are 0 combinational latch loops in the design through latch input



------------------------------------------------------------------------------------------------
| Design Timing Summary
| ---------------------
------------------------------------------------------------------------------------------------

    WNS(ns)      TNS(ns)  TNS Failing Endpoints  TNS Total Endpoints      WHS(ns)      THS(ns)  THS Failing Endpoints  THS Total Endpoints     WPWS(ns)     TPWS(ns)  TPWS Failing Endpoints  TPWS Total Endpoints  
    -------      -------  ---------------------  -------------------      -------      -------  ---------------------  -------------------     --------     --------  ----------------------  --------------------  
      3.266        0.000                      0                  974        0.096        0.000                      0                  974        4.020        0.000                       0                   743  


All user specified timing constraints are met.


------------------------------------------------------------------------------------------------
| Clock Summary
| -------------
------------------------------------------------------------------------------------------------

Clock   Waveform(ns)       Period(ns)      Frequency(MHz)
-----   ------------       ----------      --------------
ap_clk  {0.000 5.000}      10.000          100.000         


------------------------------------------------------------------------------------------------
| Intra Clock Table
| -----------------
------------------------------------------------------------------------------------------------

Clock             WNS(ns)      TNS(ns)  TNS Failing Endpoints  TNS Total Endpoints      WHS(ns)      THS(ns)  THS Failing Endpoints  THS Total Endpoints     WPWS(ns)     TPWS(ns)  TPWS Failing Endpoints  TPWS Total Endpoints  
-----             -------      -------  ---------------------  -------------------      -------      -------  ---------------------  -------------------     --------     --------  ----------------------  --------------------  
ap_clk              3.266        0.000                      0                  974        0.096        0.000                      0                  974        4.020        0.000                       0                   743  


------------------------------------------------------------------------------------------------
| Inter Clock Table
| -----------------
------------------------------------------------------------------------------------------------

From Clock    To Clock          WNS(ns)      TNS(ns)  TNS Failing Endpoints  TNS Total Endpoints      WHS(ns)      THS(ns)  THS Failing Endpoints  THS Total Endpoints  
----------    --------          -------      -------  ---------------------  -------------------      -------      -------  ---------------------  -------------------  


------------------------------------------------------------------------------------------------
| Other Path Groups Table
| -----------------------
------------------------------------------------------------------------------------------------

Path Group    From Clock    To Clock          WNS(ns)      TNS(ns)  TNS Failing Endpoints  TNS Total Endpoints      WHS(ns)      THS(ns)  THS Failing Endpoints  THS Total Endpoints  
----------    ----------    --------          -------      -------  ---------------------  -------------------      -------      -------  ---------------------  -------------------  


------------------------------------------------------------------------------------------------
| Timing Details
| --------------
------------------------------------------------------------------------------------------------


---------------------------------------------------------------------------------------------------
From Clock:  ap_clk
  To Clock:  ap_clk

Setup :            0  Failing Endpoints,  Worst Slack        3.266ns,  Total Violation        0.000ns
Hold  :            0  Failing Endpoints,  Worst Slack        0.096ns,  Total Violation        0.000ns
PW    :            0  Failing Endpoints,  Worst Slack        4.020ns,  Total Violation        0.000ns
---------------------------------------------------------------------------------------------------


Max Delay Paths
--------------------------------------------------------------------------------------
Slack (MET) :             3.266ns  (required time - arrival time)
  Source:                 bd_0_i/hls_inst/inst/srem_64ns_31ns_8_68_seq_1_U2/fn1_srem_64ns_31ns_8_68_seq_1_div_U/fn1_srem_64ns_31ns_8_68_seq_1_div_u_0/r_stage_reg[0]/C
                            (rising edge-triggered cell FDRE clocked by ap_clk  {rise@0.000ns fall@5.000ns period=10.000ns})
  Destination:            bd_0_i/hls_inst/inst/srem_64ns_31ns_8_68_seq_1_U2/fn1_srem_64ns_31ns_8_68_seq_1_div_U/fn1_srem_64ns_31ns_8_68_seq_1_div_u_0/remd_tmp_reg[1]/D
                            (rising edge-triggered cell FDRE clocked by ap_clk  {rise@0.000ns fall@5.000ns period=10.000ns})
  Path Group:             ap_clk
  Path Type:              Setup (Max at Slow Process Corner)
  Requirement:            10.000ns  (ap_clk rise@10.000ns - ap_clk rise@0.000ns)
  Data Path Delay:        6.727ns  (logic 2.874ns (42.722%)  route 3.853ns (57.278%))
  Logic Levels:           16  (CARRY4=14 LUT2=1 LUT4=1)
  Clock Path Skew:        -0.049ns (DCD - SCD + CPR)
    Destination Clock Delay (DCD):    0.924ns = ( 10.924 - 10.000 ) 
    Source Clock Delay      (SCD):    0.973ns
    Clock Pessimism Removal (CPR):    0.000ns
  Clock Uncertainty:      0.035ns  ((TSJ^2 + TIJ^2)^1/2 + DJ) / 2 + PE
    Total System Jitter     (TSJ):    0.071ns
    Total Input Jitter      (TIJ):    0.000ns
    Discrete Jitter          (DJ):    0.000ns
    Phase Error              (PE):    0.000ns

    Location             Delay type                Incr(ns)  Path(ns)    Netlist Resource(s)
  -------------------------------------------------------------------    -------------------
                         (clock ap_clk rise edge)     0.000     0.000 r  
                                                      0.000     0.000 r  ap_clk (IN)
                         net (fo=742, unset)          0.973     0.973    bd_0_i/hls_inst/inst/srem_64ns_31ns_8_68_seq_1_U2/fn1_srem_64ns_31ns_8_68_seq_1_div_U/fn1_srem_64ns_31ns_8_68_seq_1_div_u_0/ap_clk
    SLICE_X35Y74         FDRE                                         r  bd_0_i/hls_inst/inst/srem_64ns_31ns_8_68_seq_1_U2/fn1_srem_64ns_31ns_8_68_seq_1_div_U/fn1_srem_64ns_31ns_8_68_seq_1_div_u_0/r_stage_reg[0]/C
  -------------------------------------------------------------------    -------------------
    SLICE_X35Y74         FDRE (Prop_fdre_C_Q)         0.456     1.429 f  bd_0_i/hls_inst/inst/srem_64ns_31ns_8_68_seq_1_U2/fn1_srem_64ns_31ns_8_68_seq_1_div_U/fn1_srem_64ns_31ns_8_68_seq_1_div_u_0/r_stage_reg[0]/Q
                         net (fo=104, routed)         2.160     3.589    bd_0_i/hls_inst/inst/srem_64ns_31ns_8_68_seq_1_U2/fn1_srem_64ns_31ns_8_68_seq_1_div_U/fn1_srem_64ns_31ns_8_68_seq_1_div_u_0/r_stage_reg_n_0_[0]
    SLICE_X30Y81         LUT2 (Prop_lut2_I1_O)        0.124     3.713 r  bd_0_i/hls_inst/inst/srem_64ns_31ns_8_68_seq_1_U2/fn1_srem_64ns_31ns_8_68_seq_1_div_U/fn1_srem_64ns_31ns_8_68_seq_1_div_u_0/cal_tmp_carry__2_i_3/O
                         net (fo=1, routed)           0.000     3.713    bd_0_i/hls_inst/inst/srem_64ns_31ns_8_68_seq_1_U2/fn1_srem_64ns_31ns_8_68_seq_1_div_U/fn1_srem_64ns_31ns_8_68_seq_1_div_u_0/cal_tmp_carry__2_i_3_n_0
    SLICE_X30Y81         CARRY4 (Prop_carry4_S[3]_CO[3])
                                                      0.376     4.089 r  bd_0_i/hls_inst/inst/srem_64ns_31ns_8_68_seq_1_U2/fn1_srem_64ns_31ns_8_68_seq_1_div_U/fn1_srem_64ns_31ns_8_68_seq_1_div_u_0/cal_tmp_carry__2/CO[3]
                         net (fo=1, routed)           0.000     4.089    bd_0_i/hls_inst/inst/srem_64ns_31ns_8_68_seq_1_U2/fn1_srem_64ns_31ns_8_68_seq_1_div_U/fn1_srem_64ns_31ns_8_68_seq_1_div_u_0/cal_tmp_carry__2_n_0
    SLICE_X30Y82         CARRY4 (Prop_carry4_CI_CO[3])
                                                      0.117     4.206 r  bd_0_i/hls_inst/inst/srem_64ns_31ns_8_68_seq_1_U2/fn1_srem_64ns_31ns_8_68_seq_1_div_U/fn1_srem_64ns_31ns_8_68_seq_1_div_u_0/cal_tmp_carry__3/CO[3]
                         net (fo=1, routed)           0.000     4.206    bd_0_i/hls_inst/inst/srem_64ns_31ns_8_68_seq_1_U2/fn1_srem_64ns_31ns_8_68_seq_1_div_U/fn1_srem_64ns_31ns_8_68_seq_1_div_u_0/cal_tmp_carry__3_n_0
    SLICE_X30Y83         CARRY4 (Prop_carry4_CI_CO[3])
                                                      0.117     4.323 r  bd_0_i/hls_inst/inst/srem_64ns_31ns_8_68_seq_1_U2/fn1_srem_64ns_31ns_8_68_seq_1_div_U/fn1_srem_64ns_31ns_8_68_seq_1_div_u_0/cal_tmp_carry__4/CO[3]
                         net (fo=1, routed)           0.000     4.323    bd_0_i/hls_inst/inst/srem_64ns_31ns_8_68_seq_1_U2/fn1_srem_64ns_31ns_8_68_seq_1_div_U/fn1_srem_64ns_31ns_8_68_seq_1_div_u_0/cal_tmp_carry__4_n_0
    SLICE_X30Y84         CARRY4 (Prop_carry4_CI_CO[3])
                                                      0.117     4.440 r  bd_0_i/hls_inst/inst/srem_64ns_31ns_8_68_seq_1_U2/fn1_srem_64ns_31ns_8_68_seq_1_div_U/fn1_srem_64ns_31ns_8_68_seq_1_div_u_0/cal_tmp_carry__5/CO[3]
                         net (fo=1, routed)           0.000     4.440    bd_0_i/hls_inst/inst/srem_64ns_31ns_8_68_seq_1_U2/fn1_srem_64ns_31ns_8_68_seq_1_div_U/fn1_srem_64ns_31ns_8_68_seq_1_div_u_0/cal_tmp_carry__5_n_0
    SLICE_X30Y85         CARRY4 (Prop_carry4_CI_CO[3])
                                                      0.117     4.557 r  bd_0_i/hls_inst/inst/srem_64ns_31ns_8_68_seq_1_U2/fn1_srem_64ns_31ns_8_68_seq_1_div_U/fn1_srem_64ns_31ns_8_68_seq_1_div_u_0/cal_tmp_carry__6/CO[3]
                         net (fo=1, routed)           0.000     4.557    bd_0_i/hls_inst/inst/srem_64ns_31ns_8_68_seq_1_U2/fn1_srem_64ns_31ns_8_68_seq_1_div_U/fn1_srem_64ns_31ns_8_68_seq_1_div_u_0/cal_tmp_carry__6_n_0
    SLICE_X30Y86         CARRY4 (Prop_carry4_CI_CO[3])
                                                      0.117     4.674 r  bd_0_i/hls_inst/inst/srem_64ns_31ns_8_68_seq_1_U2/fn1_srem_64ns_31ns_8_68_seq_1_div_U/fn1_srem_64ns_31ns_8_68_seq_1_div_u_0/cal_tmp_carry__7/CO[3]
                         net (fo=1, routed)           0.000     4.674    bd_0_i/hls_inst/inst/srem_64ns_31ns_8_68_seq_1_U2/fn1_srem_64ns_31ns_8_68_seq_1_div_U/fn1_srem_64ns_31ns_8_68_seq_1_div_u_0/cal_tmp_carry__7_n_0
    SLICE_X30Y87         CARRY4 (Prop_carry4_CI_CO[3])
                                                      0.117     4.791 r  bd_0_i/hls_inst/inst/srem_64ns_31ns_8_68_seq_1_U2/fn1_srem_64ns_31ns_8_68_seq_1_div_U/fn1_srem_64ns_31ns_8_68_seq_1_div_u_0/cal_tmp_carry__8/CO[3]
                         net (fo=1, routed)           0.000     4.791    bd_0_i/hls_inst/inst/srem_64ns_31ns_8_68_seq_1_U2/fn1_srem_64ns_31ns_8_68_seq_1_div_U/fn1_srem_64ns_31ns_8_68_seq_1_div_u_0/cal_tmp_carry__8_n_0
    SLICE_X30Y88         CARRY4 (Prop_carry4_CI_CO[3])
                                                      0.117     4.908 r  bd_0_i/hls_inst/inst/srem_64ns_31ns_8_68_seq_1_U2/fn1_srem_64ns_31ns_8_68_seq_1_div_U/fn1_srem_64ns_31ns_8_68_seq_1_div_u_0/cal_tmp_carry__9/CO[3]
                         net (fo=1, routed)           0.000     4.908    bd_0_i/hls_inst/inst/srem_64ns_31ns_8_68_seq_1_U2/fn1_srem_64ns_31ns_8_68_seq_1_div_U/fn1_srem_64ns_31ns_8_68_seq_1_div_u_0/cal_tmp_carry__9_n_0
    SLICE_X30Y89         CARRY4 (Prop_carry4_CI_CO[3])
                                                      0.117     5.025 r  bd_0_i/hls_inst/inst/srem_64ns_31ns_8_68_seq_1_U2/fn1_srem_64ns_31ns_8_68_seq_1_div_U/fn1_srem_64ns_31ns_8_68_seq_1_div_u_0/cal_tmp_carry__10/CO[3]
                         net (fo=1, routed)           0.000     5.025    bd_0_i/hls_inst/inst/srem_64ns_31ns_8_68_seq_1_U2/fn1_srem_64ns_31ns_8_68_seq_1_div_U/fn1_srem_64ns_31ns_8_68_seq_1_div_u_0/cal_tmp_carry__10_n_0
    SLICE_X30Y90         CARRY4 (Prop_carry4_CI_CO[3])
                                                      0.117     5.142 r  bd_0_i/hls_inst/inst/srem_64ns_31ns_8_68_seq_1_U2/fn1_srem_64ns_31ns_8_68_seq_1_div_U/fn1_srem_64ns_31ns_8_68_seq_1_div_u_0/cal_tmp_carry__11/CO[3]
                         net (fo=1, routed)           0.000     5.142    bd_0_i/hls_inst/inst/srem_64ns_31ns_8_68_seq_1_U2/fn1_srem_64ns_31ns_8_68_seq_1_div_U/fn1_srem_64ns_31ns_8_68_seq_1_div_u_0/cal_tmp_carry__11_n_0
    SLICE_X30Y91         CARRY4 (Prop_carry4_CI_CO[3])
                                                      0.117     5.259 r  bd_0_i/hls_inst/inst/srem_64ns_31ns_8_68_seq_1_U2/fn1_srem_64ns_31ns_8_68_seq_1_div_U/fn1_srem_64ns_31ns_8_68_seq_1_div_u_0/cal_tmp_carry__12/CO[3]
                         net (fo=1, routed)           0.000     5.259    bd_0_i/hls_inst/inst/srem_64ns_31ns_8_68_seq_1_U2/fn1_srem_64ns_31ns_8_68_seq_1_div_U/fn1_srem_64ns_31ns_8_68_seq_1_div_u_0/cal_tmp_carry__12_n_0
    SLICE_X30Y92         CARRY4 (Prop_carry4_CI_CO[3])
                                                      0.117     5.376 r  bd_0_i/hls_inst/inst/srem_64ns_31ns_8_68_seq_1_U2/fn1_srem_64ns_31ns_8_68_seq_1_div_U/fn1_srem_64ns_31ns_8_68_seq_1_div_u_0/cal_tmp_carry__13/CO[3]
                         net (fo=1, routed)           0.000     5.376    bd_0_i/hls_inst/inst/srem_64ns_31ns_8_68_seq_1_U2/fn1_srem_64ns_31ns_8_68_seq_1_div_U/fn1_srem_64ns_31ns_8_68_seq_1_div_u_0/cal_tmp_carry__13_n_0
    SLICE_X30Y93         CARRY4 (Prop_carry4_CI_CO[3])
                                                      0.117     5.493 r  bd_0_i/hls_inst/inst/srem_64ns_31ns_8_68_seq_1_U2/fn1_srem_64ns_31ns_8_68_seq_1_div_U/fn1_srem_64ns_31ns_8_68_seq_1_div_u_0/cal_tmp_carry__14/CO[3]
                         net (fo=2, routed)           0.000     5.493    bd_0_i/hls_inst/inst/srem_64ns_31ns_8_68_seq_1_U2/fn1_srem_64ns_31ns_8_68_seq_1_div_U/fn1_srem_64ns_31ns_8_68_seq_1_div_u_0/p_2_out[0]
    SLICE_X30Y94         CARRY4 (Prop_carry4_CI_O[0])
                                                      0.219     5.712 r  bd_0_i/hls_inst/inst/srem_64ns_31ns_8_68_seq_1_U2/fn1_srem_64ns_31ns_8_68_seq_1_div_U/fn1_srem_64ns_31ns_8_68_seq_1_div_u_0/cal_tmp_carry__15/O[0]
                         net (fo=63, routed)          1.693     7.405    bd_0_i/hls_inst/inst/srem_64ns_31ns_8_68_seq_1_U2/fn1_srem_64ns_31ns_8_68_seq_1_div_U/fn1_srem_64ns_31ns_8_68_seq_1_div_u_0/p_0_in
    SLICE_X32Y78         LUT4 (Prop_lut4_I2_O)        0.295     7.700 r  bd_0_i/hls_inst/inst/srem_64ns_31ns_8_68_seq_1_U2/fn1_srem_64ns_31ns_8_68_seq_1_div_U/fn1_srem_64ns_31ns_8_68_seq_1_div_u_0/remd_tmp[1]_i_1__0/O
                         net (fo=1, routed)           0.000     7.700    bd_0_i/hls_inst/inst/srem_64ns_31ns_8_68_seq_1_U2/fn1_srem_64ns_31ns_8_68_seq_1_div_U/fn1_srem_64ns_31ns_8_68_seq_1_div_u_0/remd_tmp[1]_i_1__0_n_0
    SLICE_X32Y78         FDRE                                         r  bd_0_i/hls_inst/inst/srem_64ns_31ns_8_68_seq_1_U2/fn1_srem_64ns_31ns_8_68_seq_1_div_U/fn1_srem_64ns_31ns_8_68_seq_1_div_u_0/remd_tmp_reg[1]/D
  -------------------------------------------------------------------    -------------------

                         (clock ap_clk rise edge)    10.000    10.000 r  
                                                      0.000    10.000 r  ap_clk (IN)
                         net (fo=742, unset)          0.924    10.924    bd_0_i/hls_inst/inst/srem_64ns_31ns_8_68_seq_1_U2/fn1_srem_64ns_31ns_8_68_seq_1_div_U/fn1_srem_64ns_31ns_8_68_seq_1_div_u_0/ap_clk
    SLICE_X32Y78         FDRE                                         r  bd_0_i/hls_inst/inst/srem_64ns_31ns_8_68_seq_1_U2/fn1_srem_64ns_31ns_8_68_seq_1_div_U/fn1_srem_64ns_31ns_8_68_seq_1_div_u_0/remd_tmp_reg[1]/C
                         clock pessimism              0.000    10.924    
                         clock uncertainty           -0.035    10.889    
    SLICE_X32Y78         FDRE (Setup_fdre_C_D)        0.077    10.966    bd_0_i/hls_inst/inst/srem_64ns_31ns_8_68_seq_1_U2/fn1_srem_64ns_31ns_8_68_seq_1_div_U/fn1_srem_64ns_31ns_8_68_seq_1_div_u_0/remd_tmp_reg[1]
  -------------------------------------------------------------------
                         required time                         10.966    
                         arrival time                          -7.700    
  -------------------------------------------------------------------
                         slack                                  3.266    





Min Delay Paths
--------------------------------------------------------------------------------------
Slack (MET) :             0.096ns  (arrival time - required time)
  Source:                 bd_0_i/hls_inst/inst/sub_ln19_reg_139_reg[13]/C
                            (rising edge-triggered cell FDRE clocked by ap_clk  {rise@0.000ns fall@5.000ns period=10.000ns})
  Destination:            bd_0_i/hls_inst/inst/srem_64ns_31ns_8_68_seq_1_U2/fn1_srem_64ns_31ns_8_68_seq_1_div_U/dividend0_reg[13]/D
                            (rising edge-triggered cell FDRE clocked by ap_clk  {rise@0.000ns fall@5.000ns period=10.000ns})
  Path Group:             ap_clk
  Path Type:              Hold (Min at Fast Process Corner)
  Requirement:            0.000ns  (ap_clk rise@0.000ns - ap_clk rise@0.000ns)
  Data Path Delay:        0.193ns  (logic 0.141ns (73.018%)  route 0.052ns (26.982%))
  Logic Levels:           0  
  Clock Path Skew:        0.022ns (DCD - SCD - CPR)
    Destination Clock Delay (DCD):    0.432ns
    Source Clock Delay      (SCD):    0.410ns
    Clock Pessimism Removal (CPR):    -0.000ns

    Location             Delay type                Incr(ns)  Path(ns)    Netlist Resource(s)
  -------------------------------------------------------------------    -------------------
                         (clock ap_clk rise edge)     0.000     0.000 r  
                                                      0.000     0.000 r  ap_clk (IN)
                         net (fo=742, unset)          0.410     0.410    bd_0_i/hls_inst/inst/ap_clk
    SLICE_X37Y73         FDRE                                         r  bd_0_i/hls_inst/inst/sub_ln19_reg_139_reg[13]/C
  -------------------------------------------------------------------    -------------------
    SLICE_X37Y73         FDRE (Prop_fdre_C_Q)         0.141     0.551 r  bd_0_i/hls_inst/inst/sub_ln19_reg_139_reg[13]/Q
                         net (fo=1, routed)           0.052     0.603    bd_0_i/hls_inst/inst/srem_64ns_31ns_8_68_seq_1_U2/fn1_srem_64ns_31ns_8_68_seq_1_div_U/dividend0_reg[63]_0[13]
    SLICE_X36Y73         FDRE                                         r  bd_0_i/hls_inst/inst/srem_64ns_31ns_8_68_seq_1_U2/fn1_srem_64ns_31ns_8_68_seq_1_div_U/dividend0_reg[13]/D
  -------------------------------------------------------------------    -------------------

                         (clock ap_clk rise edge)     0.000     0.000 r  
                                                      0.000     0.000 r  ap_clk (IN)
                         net (fo=742, unset)          0.432     0.432    bd_0_i/hls_inst/inst/srem_64ns_31ns_8_68_seq_1_U2/fn1_srem_64ns_31ns_8_68_seq_1_div_U/ap_clk
    SLICE_X36Y73         FDRE                                         r  bd_0_i/hls_inst/inst/srem_64ns_31ns_8_68_seq_1_U2/fn1_srem_64ns_31ns_8_68_seq_1_div_U/dividend0_reg[13]/C
                         clock pessimism              0.000     0.432    
    SLICE_X36Y73         FDRE (Hold_fdre_C_D)         0.076     0.508    bd_0_i/hls_inst/inst/srem_64ns_31ns_8_68_seq_1_U2/fn1_srem_64ns_31ns_8_68_seq_1_div_U/dividend0_reg[13]
  -------------------------------------------------------------------
                         required time                         -0.508    
                         arrival time                           0.603    
  -------------------------------------------------------------------
                         slack                                  0.096    





Pulse Width Checks
--------------------------------------------------------------------------------------
Clock Name:         ap_clk
Waveform(ns):       { 0.000 5.000 }
Period(ns):         10.000
Sources:            { ap_clk }

Check Type        Corner  Lib Pin     Reference Pin  Required(ns)  Actual(ns)  Slack(ns)  Location      Pin
Min Period        n/a     FDRE/C      n/a            1.000         10.000      9.000      SLICE_X45Y74  bd_0_i/hls_inst/inst/add_ln20_reg_124_reg[0]/C
Low Pulse Width   Fast    SRL16E/CLK  n/a            0.980         5.000       4.020      SLICE_X38Y72  bd_0_i/hls_inst/inst/sdiv_9s_64ns_64_13_seq_1_U1/fn1_sdiv_9s_64ns_64_13_seq_1_div_U/fn1_sdiv_9s_64ns_64_13_seq_1_div_u_0/r_stage_reg[7]_srl7___srem_64ns_31ns_8_68_seq_1_U2_fn1_srem_64ns_31ns_8_68_seq_1_div_U_fn1_srem_64ns_31ns_8_68_seq_1_div_u_0_r_stage_reg_r_5/CLK
High Pulse Width  Slow    SRL16E/CLK  n/a            0.980         5.000       4.020      SLICE_X38Y72  bd_0_i/hls_inst/inst/sdiv_9s_64ns_64_13_seq_1_U1/fn1_sdiv_9s_64ns_64_13_seq_1_div_U/fn1_sdiv_9s_64ns_64_13_seq_1_div_u_0/r_stage_reg[7]_srl7___srem_64ns_31ns_8_68_seq_1_U2_fn1_srem_64ns_31ns_8_68_seq_1_div_U_fn1_srem_64ns_31ns_8_68_seq_1_div_u_0_r_stage_reg_r_5/CLK



