Copyright 1986-2020 Xilinx, Inc. All Rights Reserved.
------------------------------------------------------------------------------------
| Tool Version : Vivado v.2020.2 (lin64) Build 3064766 Wed Nov 18 09:12:47 MST 2020
| Date         : Thu Apr 15 14:45:34 2021
| Host         : seal-lambda running 64-bit Ubuntu 18.04.5 LTS
| Command      : report_timing_summary -file ./report/fn1_timing_routed.rpt
| Design       : bd_0_wrapper
| Device       : 7z020-clg484
| Speed File   : -1  PRODUCTION 1.12 2019-11-22
------------------------------------------------------------------------------------

Timing Summary Report

------------------------------------------------------------------------------------------------
| Timer Settings
| --------------
------------------------------------------------------------------------------------------------

  Enable Multi Corner Analysis               :  Yes
  Enable Pessimism Removal                   :  Yes
  Pessimism Removal Resolution               :  Nearest Common Node
  Enable Input Delay Default Clock           :  No
  Enable Preset / Clear Arcs                 :  No
  Disable Flight Delays                      :  No
  Ignore I/O Paths                           :  No
  Timing Early Launch at Borrowing Latches   :  No
  Borrow Time for Max Delay Exceptions       :  Yes
  Merge Timing Exceptions                    :  Yes

  Corner  Analyze    Analyze    
  Name    Max Paths  Min Paths  
  ------  ---------  ---------  
  Slow    Yes        Yes        
  Fast    Yes        Yes        



check_timing report

Table of Contents
-----------------
1. checking no_clock (0)
2. checking constant_clock (0)
3. checking pulse_width_clock (0)
4. checking unconstrained_internal_endpoints (0)
5. checking no_input_delay (82)
6. checking no_output_delay (66)
7. checking multiple_clock (0)
8. checking generated_clocks (0)
9. checking loops (0)
10. checking partial_input_delay (0)
11. checking partial_output_delay (0)
12. checking latch_loops (0)

1. checking no_clock (0)
------------------------
 There are 0 register/latch pins with no clock.


2. checking constant_clock (0)
------------------------------
 There are 0 register/latch pins with constant_clock.


3. checking pulse_width_clock (0)
---------------------------------
 There are 0 register/latch pins which need pulse_width check


4. checking unconstrained_internal_endpoints (0)
------------------------------------------------
 There are 0 pins that are not constrained for maximum delay.

 There are 0 pins that are not constrained for maximum delay due to constant clock.


5. checking no_input_delay (82)
-------------------------------
 There are 82 input ports with no input delay specified. (HIGH)

 There are 0 input ports with no input delay but user has a false path constraint.


6. checking no_output_delay (66)
--------------------------------
 There are 66 ports with no output delay specified. (HIGH)

 There are 0 ports with no output delay but user has a false path constraint

 There are 0 ports with no output delay but with a timing clock defined on it or propagating through it


7. checking multiple_clock (0)
------------------------------
 There are 0 register/latch pins with multiple clocks.


8. checking generated_clocks (0)
--------------------------------
 There are 0 generated clocks that are not connected to a clock source.


9. checking loops (0)
---------------------
 There are 0 combinational loops in the design.


10. checking partial_input_delay (0)
------------------------------------
 There are 0 input ports with partial input delay specified.


11. checking partial_output_delay (0)
-------------------------------------
 There are 0 ports with partial output delay specified.


12. checking latch_loops (0)
----------------------------
 There are 0 combinational latch loops in the design through latch input



------------------------------------------------------------------------------------------------
| Design Timing Summary
| ---------------------
------------------------------------------------------------------------------------------------

    WNS(ns)      TNS(ns)  TNS Failing Endpoints  TNS Total Endpoints      WHS(ns)      THS(ns)  THS Failing Endpoints  THS Total Endpoints     WPWS(ns)     TPWS(ns)  TPWS Failing Endpoints  TPWS Total Endpoints  
    -------      -------  ---------------------  -------------------      -------      -------  ---------------------  -------------------     --------     --------  ----------------------  --------------------  
      1.371        0.000                      0                 7802        0.117        0.000                      0                 7802        4.020        0.000                       0                  4968  


All user specified timing constraints are met.


------------------------------------------------------------------------------------------------
| Clock Summary
| -------------
------------------------------------------------------------------------------------------------

Clock   Waveform(ns)       Period(ns)      Frequency(MHz)
-----   ------------       ----------      --------------
ap_clk  {0.000 5.000}      10.000          100.000         


------------------------------------------------------------------------------------------------
| Intra Clock Table
| -----------------
------------------------------------------------------------------------------------------------

Clock             WNS(ns)      TNS(ns)  TNS Failing Endpoints  TNS Total Endpoints      WHS(ns)      THS(ns)  THS Failing Endpoints  THS Total Endpoints     WPWS(ns)     TPWS(ns)  TPWS Failing Endpoints  TPWS Total Endpoints  
-----             -------      -------  ---------------------  -------------------      -------      -------  ---------------------  -------------------     --------     --------  ----------------------  --------------------  
ap_clk              1.371        0.000                      0                 7802        0.117        0.000                      0                 7802        4.020        0.000                       0                  4968  


------------------------------------------------------------------------------------------------
| Inter Clock Table
| -----------------
------------------------------------------------------------------------------------------------

From Clock    To Clock          WNS(ns)      TNS(ns)  TNS Failing Endpoints  TNS Total Endpoints      WHS(ns)      THS(ns)  THS Failing Endpoints  THS Total Endpoints  
----------    --------          -------      -------  ---------------------  -------------------      -------      -------  ---------------------  -------------------  


------------------------------------------------------------------------------------------------
| Other Path Groups Table
| -----------------------
------------------------------------------------------------------------------------------------

Path Group    From Clock    To Clock          WNS(ns)      TNS(ns)  TNS Failing Endpoints  TNS Total Endpoints      WHS(ns)      THS(ns)  THS Failing Endpoints  THS Total Endpoints  
----------    ----------    --------          -------      -------  ---------------------  -------------------      -------      -------  ---------------------  -------------------  


------------------------------------------------------------------------------------------------
| Timing Details
| --------------
------------------------------------------------------------------------------------------------


---------------------------------------------------------------------------------------------------
From Clock:  ap_clk
  To Clock:  ap_clk

Setup :            0  Failing Endpoints,  Worst Slack        1.371ns,  Total Violation        0.000ns
Hold  :            0  Failing Endpoints,  Worst Slack        0.117ns,  Total Violation        0.000ns
PW    :            0  Failing Endpoints,  Worst Slack        4.020ns,  Total Violation        0.000ns
---------------------------------------------------------------------------------------------------


Max Delay Paths
--------------------------------------------------------------------------------------
Slack (MET) :             1.371ns  (required time - arrival time)
  Source:                 bd_0_i/hls_inst/inst/fadd_32ns_32ns_32_5_full_dsp_1_U1/fn1_ap_fadd_3_full_dsp_32_u/inst/i_synth/ADDSUB_OP.ADDSUB/DSP.OP/DSP48E1_BODY.EXP/NUMB_CMP/NOT_FAST.CMP/C_CHAIN/CHAIN_GEN[15].CARRYS_DEL.NEED_DEL.CARRYS_FD/C
                            (rising edge-triggered cell FDRE clocked by ap_clk  {rise@0.000ns fall@5.000ns period=10.000ns})
  Destination:            bd_0_i/hls_inst/inst/fadd_32ns_32ns_32_5_full_dsp_1_U1/fn1_ap_fadd_3_full_dsp_32_u/inst/i_synth/ADDSUB_OP.ADDSUB/DSP.OP/DSP48E1_BODY.ALIGN_ADD/DSP2/i_no_versal_es1_workaround.DSP/A[5]
                            (rising edge-triggered cell DSP48E1 clocked by ap_clk  {rise@0.000ns fall@5.000ns period=10.000ns})
  Path Group:             ap_clk
  Path Type:              Setup (Max at Slow Process Corner)
  Requirement:            10.000ns  (ap_clk rise@10.000ns - ap_clk rise@0.000ns)
  Data Path Delay:        2.847ns  (logic 0.608ns (21.359%)  route 2.239ns (78.641%))
  Logic Levels:           1  (LUT2=1)
  Clock Path Skew:        -0.049ns (DCD - SCD + CPR)
    Destination Clock Delay (DCD):    0.924ns = ( 10.924 - 10.000 ) 
    Source Clock Delay      (SCD):    0.973ns
    Clock Pessimism Removal (CPR):    0.000ns
  Clock Uncertainty:      0.035ns  ((TSJ^2 + TIJ^2)^1/2 + DJ) / 2 + PE
    Total System Jitter     (TSJ):    0.071ns
    Total Input Jitter      (TIJ):    0.000ns
    Discrete Jitter          (DJ):    0.000ns
    Phase Error              (PE):    0.000ns

    Location             Delay type                Incr(ns)  Path(ns)    Netlist Resource(s)
  -------------------------------------------------------------------    -------------------
                         (clock ap_clk rise edge)     0.000     0.000 r  
                                                      0.000     0.000 r  ap_clk (IN)
                         net (fo=4979, unset)         0.973     0.973    bd_0_i/hls_inst/inst/fadd_32ns_32ns_32_5_full_dsp_1_U1/fn1_ap_fadd_3_full_dsp_32_u/inst/i_synth/ADDSUB_OP.ADDSUB/DSP.OP/DSP48E1_BODY.EXP/NUMB_CMP/NOT_FAST.CMP/C_CHAIN/aclk
    SLICE_X37Y46         FDRE                                         r  bd_0_i/hls_inst/inst/fadd_32ns_32ns_32_5_full_dsp_1_U1/fn1_ap_fadd_3_full_dsp_32_u/inst/i_synth/ADDSUB_OP.ADDSUB/DSP.OP/DSP48E1_BODY.EXP/NUMB_CMP/NOT_FAST.CMP/C_CHAIN/CHAIN_GEN[15].CARRYS_DEL.NEED_DEL.CARRYS_FD/C
  -------------------------------------------------------------------    -------------------
    SLICE_X37Y46         FDRE (Prop_fdre_C_Q)         0.456     1.429 r  bd_0_i/hls_inst/inst/fadd_32ns_32ns_32_5_full_dsp_1_U1/fn1_ap_fadd_3_full_dsp_32_u/inst/i_synth/ADDSUB_OP.ADDSUB/DSP.OP/DSP48E1_BODY.EXP/NUMB_CMP/NOT_FAST.CMP/C_CHAIN/CHAIN_GEN[15].CARRYS_DEL.NEED_DEL.CARRYS_FD/Q
                         net (fo=54, routed)          1.408     2.837    bd_0_i/hls_inst/inst/fadd_32ns_32ns_32_5_full_dsp_1_U1/fn1_ap_fadd_3_full_dsp_32_u/inst/i_synth/ADDSUB_OP.ADDSUB/DSP.OP/DSP48E1_BODY.EXP/NUMB_CMP/NOT_FAST.CMP/C_CHAIN/CARRY_OUT
    SLICE_X36Y41         LUT2 (Prop_lut2_I0_O)        0.152     2.989 r  bd_0_i/hls_inst/inst/fadd_32ns_32ns_32_5_full_dsp_1_U1/fn1_ap_fadd_3_full_dsp_32_u/inst/i_synth/ADDSUB_OP.ADDSUB/DSP.OP/DSP48E1_BODY.EXP/NUMB_CMP/NOT_FAST.CMP/C_CHAIN/i_no_versal_es1_workaround.DSP_i_35/O
                         net (fo=1, routed)           0.830     3.820    bd_0_i/hls_inst/inst/fadd_32ns_32ns_32_5_full_dsp_1_U1/fn1_ap_fadd_3_full_dsp_32_u/inst/i_synth/ADDSUB_OP.ADDSUB/DSP.OP/DSP48E1_BODY.ALIGN_ADD/DSP2/A[5]
    DSP48_X2Y16          DSP48E1                                      r  bd_0_i/hls_inst/inst/fadd_32ns_32ns_32_5_full_dsp_1_U1/fn1_ap_fadd_3_full_dsp_32_u/inst/i_synth/ADDSUB_OP.ADDSUB/DSP.OP/DSP48E1_BODY.ALIGN_ADD/DSP2/i_no_versal_es1_workaround.DSP/A[5]
  -------------------------------------------------------------------    -------------------

                         (clock ap_clk rise edge)    10.000    10.000 r  
                                                      0.000    10.000 r  ap_clk (IN)
                         net (fo=4979, unset)         0.924    10.924    bd_0_i/hls_inst/inst/fadd_32ns_32ns_32_5_full_dsp_1_U1/fn1_ap_fadd_3_full_dsp_32_u/inst/i_synth/ADDSUB_OP.ADDSUB/DSP.OP/DSP48E1_BODY.ALIGN_ADD/DSP2/aclk
    DSP48_X2Y16          DSP48E1                                      r  bd_0_i/hls_inst/inst/fadd_32ns_32ns_32_5_full_dsp_1_U1/fn1_ap_fadd_3_full_dsp_32_u/inst/i_synth/ADDSUB_OP.ADDSUB/DSP.OP/DSP48E1_BODY.ALIGN_ADD/DSP2/i_no_versal_es1_workaround.DSP/CLK
                         clock pessimism              0.000    10.924    
                         clock uncertainty           -0.035    10.889    
    DSP48_X2Y16          DSP48E1 (Setup_dsp48e1_CLK_A[5])
                                                     -5.698     5.191    bd_0_i/hls_inst/inst/fadd_32ns_32ns_32_5_full_dsp_1_U1/fn1_ap_fadd_3_full_dsp_32_u/inst/i_synth/ADDSUB_OP.ADDSUB/DSP.OP/DSP48E1_BODY.ALIGN_ADD/DSP2/i_no_versal_es1_workaround.DSP
  -------------------------------------------------------------------
                         required time                          5.191    
                         arrival time                          -3.820    
  -------------------------------------------------------------------
                         slack                                  1.371    





Min Delay Paths
--------------------------------------------------------------------------------------
Slack (MET) :             0.117ns  (arrival time - required time)
  Source:                 bd_0_i/hls_inst/inst/fdiv_32ns_32ns_32_16_no_dsp_1_U2/fn1_ap_fdiv_14_no_dsp_32_u/inst/i_synth/DIV_OP.SPD.OP/MANT_DIV/RT[11].MANT_DEL/i_pipe/opt_has_pipe.first_q_reg[7]/C
                            (rising edge-triggered cell FDRE clocked by ap_clk  {rise@0.000ns fall@5.000ns period=10.000ns})
  Destination:            bd_0_i/hls_inst/inst/fdiv_32ns_32ns_32_16_no_dsp_1_U2/fn1_ap_fdiv_14_no_dsp_32_u/inst/i_synth/DIV_OP.SPD.OP/MANT_DIV/RT[13].MANT_DEL/i_pipe/opt_has_pipe.first_q_reg[7]/D
                            (rising edge-triggered cell FDRE clocked by ap_clk  {rise@0.000ns fall@5.000ns period=10.000ns})
  Path Group:             ap_clk
  Path Type:              Hold (Min at Fast Process Corner)
  Requirement:            0.000ns  (ap_clk rise@0.000ns - ap_clk rise@0.000ns)
  Data Path Delay:        0.209ns  (logic 0.141ns (67.433%)  route 0.068ns (32.567%))
  Logic Levels:           0  
  Clock Path Skew:        0.022ns (DCD - SCD - CPR)
    Destination Clock Delay (DCD):    0.432ns
    Source Clock Delay      (SCD):    0.410ns
    Clock Pessimism Removal (CPR):    -0.000ns

    Location             Delay type                Incr(ns)  Path(ns)    Netlist Resource(s)
  -------------------------------------------------------------------    -------------------
                         (clock ap_clk rise edge)     0.000     0.000 r  
                                                      0.000     0.000 r  ap_clk (IN)
                         net (fo=4979, unset)         0.410     0.410    bd_0_i/hls_inst/inst/fdiv_32ns_32ns_32_16_no_dsp_1_U2/fn1_ap_fdiv_14_no_dsp_32_u/inst/i_synth/DIV_OP.SPD.OP/MANT_DIV/RT[11].MANT_DEL/i_pipe/aclk
    SLICE_X41Y33         FDRE                                         r  bd_0_i/hls_inst/inst/fdiv_32ns_32ns_32_16_no_dsp_1_U2/fn1_ap_fdiv_14_no_dsp_32_u/inst/i_synth/DIV_OP.SPD.OP/MANT_DIV/RT[11].MANT_DEL/i_pipe/opt_has_pipe.first_q_reg[7]/C
  -------------------------------------------------------------------    -------------------
    SLICE_X41Y33         FDRE (Prop_fdre_C_Q)         0.141     0.551 r  bd_0_i/hls_inst/inst/fdiv_32ns_32ns_32_16_no_dsp_1_U2/fn1_ap_fdiv_14_no_dsp_32_u/inst/i_synth/DIV_OP.SPD.OP/MANT_DIV/RT[11].MANT_DEL/i_pipe/opt_has_pipe.first_q_reg[7]/Q
                         net (fo=3, routed)           0.068     0.619    bd_0_i/hls_inst/inst/fdiv_32ns_32ns_32_16_no_dsp_1_U2/fn1_ap_fdiv_14_no_dsp_32_u/inst/i_synth/DIV_OP.SPD.OP/MANT_DIV/RT[13].MANT_DEL/i_pipe/maNew[12]_30[7]
    SLICE_X41Y33         FDRE                                         r  bd_0_i/hls_inst/inst/fdiv_32ns_32ns_32_16_no_dsp_1_U2/fn1_ap_fdiv_14_no_dsp_32_u/inst/i_synth/DIV_OP.SPD.OP/MANT_DIV/RT[13].MANT_DEL/i_pipe/opt_has_pipe.first_q_reg[7]/D
  -------------------------------------------------------------------    -------------------

                         (clock ap_clk rise edge)     0.000     0.000 r  
                                                      0.000     0.000 r  ap_clk (IN)
                         net (fo=4979, unset)         0.432     0.432    bd_0_i/hls_inst/inst/fdiv_32ns_32ns_32_16_no_dsp_1_U2/fn1_ap_fdiv_14_no_dsp_32_u/inst/i_synth/DIV_OP.SPD.OP/MANT_DIV/RT[13].MANT_DEL/i_pipe/aclk
    SLICE_X41Y33         FDRE                                         r  bd_0_i/hls_inst/inst/fdiv_32ns_32ns_32_16_no_dsp_1_U2/fn1_ap_fdiv_14_no_dsp_32_u/inst/i_synth/DIV_OP.SPD.OP/MANT_DIV/RT[13].MANT_DEL/i_pipe/opt_has_pipe.first_q_reg[7]/C
                         clock pessimism              0.000     0.432    
    SLICE_X41Y33         FDRE (Hold_fdre_C_D)         0.071     0.503    bd_0_i/hls_inst/inst/fdiv_32ns_32ns_32_16_no_dsp_1_U2/fn1_ap_fdiv_14_no_dsp_32_u/inst/i_synth/DIV_OP.SPD.OP/MANT_DIV/RT[13].MANT_DEL/i_pipe/opt_has_pipe.first_q_reg[7]
  -------------------------------------------------------------------
                         required time                         -0.503    
                         arrival time                           0.619    
  -------------------------------------------------------------------
                         slack                                  0.117    





Pulse Width Checks
--------------------------------------------------------------------------------------
Clock Name:         ap_clk
Waveform(ns):       { 0.000 5.000 }
Period(ns):         10.000
Sources:            { ap_clk }

Check Type        Corner  Lib Pin      Reference Pin  Required(ns)  Actual(ns)  Slack(ns)  Location      Pin
Min Period        n/a     DSP48E1/CLK  n/a            3.884         10.000      6.116      DSP48_X4Y9    bd_0_i/hls_inst/inst/dmul_64ns_64ns_64_7_max_dsp_1_U5/fn1_ap_dmul_5_max_dsp_64_u/inst/i_synth/MULT.OP/i_non_prim.MULT/DSP48E1_SPD_DBL_VARIANT.FIX_MULT/DSP7/i_no_versal_es1_workaround.DSP/CLK
Low Pulse Width   Fast    SRL16E/CLK   n/a            0.980         5.000       4.020      SLICE_X82Y36  bd_0_i/hls_inst/inst/dmul_64ns_64ns_64_7_max_dsp_1_U6/fn1_ap_dmul_5_max_dsp_64_u/inst/i_synth/MULT.OP/i_non_prim.EXP/EXP_PRE_RND_DEL/i_pipe/opt_has_pipe.i_pipe[3].pipe_reg[3][0]_srl3/CLK
High Pulse Width  Slow    SRL16E/CLK   n/a            0.980         5.000       4.020      SLICE_X82Y36  bd_0_i/hls_inst/inst/dmul_64ns_64ns_64_7_max_dsp_1_U6/fn1_ap_dmul_5_max_dsp_64_u/inst/i_synth/MULT.OP/i_non_prim.EXP/EXP_PRE_RND_DEL/i_pipe/opt_has_pipe.i_pipe[3].pipe_reg[3][0]_srl3/CLK



