Copyright 1986-2020 Xilinx, Inc. All Rights Reserved.
------------------------------------------------------------------------------------
| Tool Version : Vivado v.2020.2 (lin64) Build 3064766 Wed Nov 18 09:12:47 MST 2020
| Date         : Sun Apr 11 15:05:09 2021
| Host         : seal-lambda running 64-bit Ubuntu 18.04.5 LTS
| Command      : report_timing_summary -file ./report/fn1_timing_routed.rpt
| Design       : bd_0_wrapper
| Device       : 7z020-clg484
| Speed File   : -1  PRODUCTION 1.12 2019-11-22
------------------------------------------------------------------------------------

Timing Summary Report

------------------------------------------------------------------------------------------------
| Timer Settings
| --------------
------------------------------------------------------------------------------------------------

  Enable Multi Corner Analysis               :  Yes
  Enable Pessimism Removal                   :  Yes
  Pessimism Removal Resolution               :  Nearest Common Node
  Enable Input Delay Default Clock           :  No
  Enable Preset / Clear Arcs                 :  No
  Disable Flight Delays                      :  No
  Ignore I/O Paths                           :  No
  Timing Early Launch at Borrowing Latches   :  No
  Borrow Time for Max Delay Exceptions       :  Yes
  Merge Timing Exceptions                    :  Yes

  Corner  Analyze    Analyze    
  Name    Max Paths  Min Paths  
  ------  ---------  ---------  
  Slow    Yes        Yes        
  Fast    Yes        Yes        



check_timing report

Table of Contents
-----------------
1. checking no_clock (0)
2. checking constant_clock (0)
3. checking pulse_width_clock (0)
4. checking unconstrained_internal_endpoints (0)
5. checking no_input_delay (74)
6. checking no_output_delay (39)
7. checking multiple_clock (0)
8. checking generated_clocks (0)
9. checking loops (0)
10. checking partial_input_delay (0)
11. checking partial_output_delay (0)
12. checking latch_loops (0)

1. checking no_clock (0)
------------------------
 There are 0 register/latch pins with no clock.


2. checking constant_clock (0)
------------------------------
 There are 0 register/latch pins with constant_clock.


3. checking pulse_width_clock (0)
---------------------------------
 There are 0 register/latch pins which need pulse_width check


4. checking unconstrained_internal_endpoints (0)
------------------------------------------------
 There are 0 pins that are not constrained for maximum delay.

 There are 0 pins that are not constrained for maximum delay due to constant clock.


5. checking no_input_delay (74)
-------------------------------
 There are 74 input ports with no input delay specified. (HIGH)

 There are 0 input ports with no input delay but user has a false path constraint.


6. checking no_output_delay (39)
--------------------------------
 There are 39 ports with no output delay specified. (HIGH)

 There are 0 ports with no output delay but user has a false path constraint

 There are 0 ports with no output delay but with a timing clock defined on it or propagating through it


7. checking multiple_clock (0)
------------------------------
 There are 0 register/latch pins with multiple clocks.


8. checking generated_clocks (0)
--------------------------------
 There are 0 generated clocks that are not connected to a clock source.


9. checking loops (0)
---------------------
 There are 0 combinational loops in the design.


10. checking partial_input_delay (0)
------------------------------------
 There are 0 input ports with partial input delay specified.


11. checking partial_output_delay (0)
-------------------------------------
 There are 0 ports with partial output delay specified.


12. checking latch_loops (0)
----------------------------
 There are 0 combinational latch loops in the design through latch input



------------------------------------------------------------------------------------------------
| Design Timing Summary
| ---------------------
------------------------------------------------------------------------------------------------

    WNS(ns)      TNS(ns)  TNS Failing Endpoints  TNS Total Endpoints      WHS(ns)      THS(ns)  THS Failing Endpoints  THS Total Endpoints     WPWS(ns)     TPWS(ns)  TPWS Failing Endpoints  TPWS Total Endpoints  
    -------      -------  ---------------------  -------------------      -------      -------  ---------------------  -------------------     --------     --------  ----------------------  --------------------  
      2.099        0.000                      0                 2146        0.101        0.000                      0                 2146        4.020        0.000                       0                  1451  


All user specified timing constraints are met.


------------------------------------------------------------------------------------------------
| Clock Summary
| -------------
------------------------------------------------------------------------------------------------

Clock   Waveform(ns)       Period(ns)      Frequency(MHz)
-----   ------------       ----------      --------------
ap_clk  {0.000 5.000}      10.000          100.000         


------------------------------------------------------------------------------------------------
| Intra Clock Table
| -----------------
------------------------------------------------------------------------------------------------

Clock             WNS(ns)      TNS(ns)  TNS Failing Endpoints  TNS Total Endpoints      WHS(ns)      THS(ns)  THS Failing Endpoints  THS Total Endpoints     WPWS(ns)     TPWS(ns)  TPWS Failing Endpoints  TPWS Total Endpoints  
-----             -------      -------  ---------------------  -------------------      -------      -------  ---------------------  -------------------     --------     --------  ----------------------  --------------------  
ap_clk              2.099        0.000                      0                 2146        0.101        0.000                      0                 2146        4.020        0.000                       0                  1451  


------------------------------------------------------------------------------------------------
| Inter Clock Table
| -----------------
------------------------------------------------------------------------------------------------

From Clock    To Clock          WNS(ns)      TNS(ns)  TNS Failing Endpoints  TNS Total Endpoints      WHS(ns)      THS(ns)  THS Failing Endpoints  THS Total Endpoints  
----------    --------          -------      -------  ---------------------  -------------------      -------      -------  ---------------------  -------------------  


------------------------------------------------------------------------------------------------
| Other Path Groups Table
| -----------------------
------------------------------------------------------------------------------------------------

Path Group    From Clock    To Clock          WNS(ns)      TNS(ns)  TNS Failing Endpoints  TNS Total Endpoints      WHS(ns)      THS(ns)  THS Failing Endpoints  THS Total Endpoints  
----------    ----------    --------          -------      -------  ---------------------  -------------------      -------      -------  ---------------------  -------------------  


------------------------------------------------------------------------------------------------
| Timing Details
| --------------
------------------------------------------------------------------------------------------------


---------------------------------------------------------------------------------------------------
From Clock:  ap_clk
  To Clock:  ap_clk

Setup :            0  Failing Endpoints,  Worst Slack        2.099ns,  Total Violation        0.000ns
Hold  :            0  Failing Endpoints,  Worst Slack        0.101ns,  Total Violation        0.000ns
PW    :            0  Failing Endpoints,  Worst Slack        4.020ns,  Total Violation        0.000ns
---------------------------------------------------------------------------------------------------


Max Delay Paths
--------------------------------------------------------------------------------------
Slack (MET) :             2.099ns  (required time - arrival time)
  Source:                 bd_0_i/hls_inst/inst/tmp_8_reg_423_reg[0]/C
                            (rising edge-triggered cell FDRE clocked by ap_clk  {rise@0.000ns fall@5.000ns period=10.000ns})
  Destination:            bd_0_i/hls_inst/inst/add_ln14_reg_434_reg[63]/D
                            (rising edge-triggered cell FDRE clocked by ap_clk  {rise@0.000ns fall@5.000ns period=10.000ns})
  Path Group:             ap_clk
  Path Type:              Setup (Max at Slow Process Corner)
  Requirement:            10.000ns  (ap_clk rise@10.000ns - ap_clk rise@0.000ns)
  Data Path Delay:        7.926ns  (logic 3.619ns (45.662%)  route 4.307ns (54.338%))
  Logic Levels:           20  (CARRY4=16 LUT5=2 LUT6=2)
  Clock Path Skew:        -0.049ns (DCD - SCD + CPR)
    Destination Clock Delay (DCD):    0.924ns = ( 10.924 - 10.000 ) 
    Source Clock Delay      (SCD):    0.973ns
    Clock Pessimism Removal (CPR):    0.000ns
  Clock Uncertainty:      0.035ns  ((TSJ^2 + TIJ^2)^1/2 + DJ) / 2 + PE
    Total System Jitter     (TSJ):    0.071ns
    Total Input Jitter      (TIJ):    0.000ns
    Discrete Jitter          (DJ):    0.000ns
    Phase Error              (PE):    0.000ns

    Location             Delay type                Incr(ns)  Path(ns)    Netlist Resource(s)
  -------------------------------------------------------------------    -------------------
                         (clock ap_clk rise edge)     0.000     0.000 r  
                                                      0.000     0.000 r  ap_clk (IN)
                         net (fo=1451, unset)         0.973     0.973    bd_0_i/hls_inst/inst/ap_clk
    SLICE_X46Y88         FDRE                                         r  bd_0_i/hls_inst/inst/tmp_8_reg_423_reg[0]/C
  -------------------------------------------------------------------    -------------------
    SLICE_X46Y88         FDRE (Prop_fdre_C_Q)         0.518     1.491 r  bd_0_i/hls_inst/inst/tmp_8_reg_423_reg[0]/Q
                         net (fo=129, routed)         1.234     2.725    bd_0_i/hls_inst/inst/tmp_8_reg_423[0]
    SLICE_X41Y88         LUT6 (Prop_lut6_I1_O)        0.124     2.849 r  bd_0_i/hls_inst/inst/add_ln14_reg_434[2]_i_19/O
                         net (fo=4, routed)           0.766     3.616    bd_0_i/hls_inst/inst/add_ln14_reg_434[2]_i_19_n_0
    SLICE_X39Y90         LUT6 (Prop_lut6_I1_O)        0.124     3.740 r  bd_0_i/hls_inst/inst/add_ln14_reg_434[62]_i_35/O
                         net (fo=4, routed)           1.006     4.745    bd_0_i/hls_inst/inst/add_ln14_reg_434[62]_i_35_n_0
    SLICE_X34Y92         LUT5 (Prop_lut5_I4_O)        0.148     4.893 r  bd_0_i/hls_inst/inst/add_ln14_reg_434[38]_i_11/O
                         net (fo=2, routed)           0.575     5.468    bd_0_i/hls_inst/inst/add_ln14_reg_434[38]_i_11_n_0
    SLICE_X33Y91         LUT5 (Prop_lut5_I1_O)        0.328     5.796 r  bd_0_i/hls_inst/inst/add_ln14_reg_434[6]_i_4/O
                         net (fo=1, routed)           0.725     6.521    bd_0_i/hls_inst/inst/val_fu_238_p3__0[4]
    SLICE_X32Y86         CARRY4 (Prop_carry4_DI[1]_CO[3])
                                                      0.520     7.041 r  bd_0_i/hls_inst/inst/add_ln14_reg_434_reg[6]_i_1/CO[3]
                         net (fo=1, routed)           0.000     7.041    bd_0_i/hls_inst/inst/add_ln14_reg_434_reg[6]_i_1_n_0
    SLICE_X32Y87         CARRY4 (Prop_carry4_CI_CO[3])
                                                      0.117     7.158 r  bd_0_i/hls_inst/inst/add_ln14_reg_434_reg[10]_i_1/CO[3]
                         net (fo=1, routed)           0.000     7.158    bd_0_i/hls_inst/inst/add_ln14_reg_434_reg[10]_i_1_n_0
    SLICE_X32Y88         CARRY4 (Prop_carry4_CI_CO[3])
                                                      0.117     7.275 r  bd_0_i/hls_inst/inst/add_ln14_reg_434_reg[14]_i_1/CO[3]
                         net (fo=1, routed)           0.000     7.275    bd_0_i/hls_inst/inst/add_ln14_reg_434_reg[14]_i_1_n_0
    SLICE_X32Y89         CARRY4 (Prop_carry4_CI_CO[3])
                                                      0.117     7.392 r  bd_0_i/hls_inst/inst/add_ln14_reg_434_reg[18]_i_1/CO[3]
                         net (fo=1, routed)           0.000     7.392    bd_0_i/hls_inst/inst/add_ln14_reg_434_reg[18]_i_1_n_0
    SLICE_X32Y90         CARRY4 (Prop_carry4_CI_CO[3])
                                                      0.117     7.509 r  bd_0_i/hls_inst/inst/add_ln14_reg_434_reg[22]_i_1/CO[3]
                         net (fo=1, routed)           0.000     7.509    bd_0_i/hls_inst/inst/add_ln14_reg_434_reg[22]_i_1_n_0
    SLICE_X32Y91         CARRY4 (Prop_carry4_CI_CO[3])
                                                      0.117     7.626 r  bd_0_i/hls_inst/inst/add_ln14_reg_434_reg[26]_i_1/CO[3]
                         net (fo=1, routed)           0.000     7.626    bd_0_i/hls_inst/inst/add_ln14_reg_434_reg[26]_i_1_n_0
    SLICE_X32Y92         CARRY4 (Prop_carry4_CI_CO[3])
                                                      0.117     7.743 r  bd_0_i/hls_inst/inst/add_ln14_reg_434_reg[30]_i_1/CO[3]
                         net (fo=1, routed)           0.000     7.743    bd_0_i/hls_inst/inst/add_ln14_reg_434_reg[30]_i_1_n_0
    SLICE_X32Y93         CARRY4 (Prop_carry4_CI_CO[3])
                                                      0.117     7.860 r  bd_0_i/hls_inst/inst/add_ln14_reg_434_reg[34]_i_1/CO[3]
                         net (fo=1, routed)           0.000     7.860    bd_0_i/hls_inst/inst/add_ln14_reg_434_reg[34]_i_1_n_0
    SLICE_X32Y94         CARRY4 (Prop_carry4_CI_CO[3])
                                                      0.117     7.977 r  bd_0_i/hls_inst/inst/add_ln14_reg_434_reg[38]_i_1/CO[3]
                         net (fo=1, routed)           0.000     7.977    bd_0_i/hls_inst/inst/add_ln14_reg_434_reg[38]_i_1_n_0
    SLICE_X32Y95         CARRY4 (Prop_carry4_CI_CO[3])
                                                      0.117     8.094 r  bd_0_i/hls_inst/inst/add_ln14_reg_434_reg[42]_i_1/CO[3]
                         net (fo=1, routed)           0.000     8.094    bd_0_i/hls_inst/inst/add_ln14_reg_434_reg[42]_i_1_n_0
    SLICE_X32Y96         CARRY4 (Prop_carry4_CI_CO[3])
                                                      0.117     8.211 r  bd_0_i/hls_inst/inst/add_ln14_reg_434_reg[46]_i_1/CO[3]
                         net (fo=1, routed)           0.000     8.211    bd_0_i/hls_inst/inst/add_ln14_reg_434_reg[46]_i_1_n_0
    SLICE_X32Y97         CARRY4 (Prop_carry4_CI_CO[3])
                                                      0.117     8.328 r  bd_0_i/hls_inst/inst/add_ln14_reg_434_reg[50]_i_1/CO[3]
                         net (fo=1, routed)           0.000     8.328    bd_0_i/hls_inst/inst/add_ln14_reg_434_reg[50]_i_1_n_0
    SLICE_X32Y98         CARRY4 (Prop_carry4_CI_CO[3])
                                                      0.117     8.445 r  bd_0_i/hls_inst/inst/add_ln14_reg_434_reg[54]_i_1/CO[3]
                         net (fo=1, routed)           0.000     8.445    bd_0_i/hls_inst/inst/add_ln14_reg_434_reg[54]_i_1_n_0
    SLICE_X32Y99         CARRY4 (Prop_carry4_CI_CO[3])
                                                      0.117     8.562 r  bd_0_i/hls_inst/inst/add_ln14_reg_434_reg[58]_i_1/CO[3]
                         net (fo=1, routed)           0.001     8.563    bd_0_i/hls_inst/inst/add_ln14_reg_434_reg[58]_i_1_n_0
    SLICE_X32Y100        CARRY4 (Prop_carry4_CI_CO[3])
                                                      0.117     8.680 r  bd_0_i/hls_inst/inst/add_ln14_reg_434_reg[62]_i_1/CO[3]
                         net (fo=1, routed)           0.000     8.680    bd_0_i/hls_inst/inst/add_ln14_reg_434_reg[62]_i_1_n_0
    SLICE_X32Y101        CARRY4 (Prop_carry4_CI_O[0])
                                                      0.219     8.899 r  bd_0_i/hls_inst/inst/add_ln14_reg_434_reg[63]_i_1/O[0]
                         net (fo=1, routed)           0.000     8.899    bd_0_i/hls_inst/inst/add_ln14_fu_246_p2[63]
    SLICE_X32Y101        FDRE                                         r  bd_0_i/hls_inst/inst/add_ln14_reg_434_reg[63]/D
  -------------------------------------------------------------------    -------------------

                         (clock ap_clk rise edge)    10.000    10.000 r  
                                                      0.000    10.000 r  ap_clk (IN)
                         net (fo=1451, unset)         0.924    10.924    bd_0_i/hls_inst/inst/ap_clk
    SLICE_X32Y101        FDRE                                         r  bd_0_i/hls_inst/inst/add_ln14_reg_434_reg[63]/C
                         clock pessimism              0.000    10.924    
                         clock uncertainty           -0.035    10.889    
    SLICE_X32Y101        FDRE (Setup_fdre_C_D)        0.109    10.998    bd_0_i/hls_inst/inst/add_ln14_reg_434_reg[63]
  -------------------------------------------------------------------
                         required time                         10.998    
                         arrival time                          -8.899    
  -------------------------------------------------------------------
                         slack                                  2.099    





Min Delay Paths
--------------------------------------------------------------------------------------
Slack (MET) :             0.101ns  (arrival time - required time)
  Source:                 bd_0_i/hls_inst/inst/urem_64ns_64ns_64_68_seq_1_U3/fn1_urem_64ns_64ns_64_68_seq_1_div_U/fn1_urem_64ns_64ns_64_68_seq_1_div_u_0/r_stage_reg[12]/C
                            (rising edge-triggered cell FDRE clocked by ap_clk  {rise@0.000ns fall@5.000ns period=10.000ns})
  Destination:            bd_0_i/hls_inst/inst/urem_64ns_64ns_64_68_seq_1_U3/fn1_urem_64ns_64ns_64_68_seq_1_div_U/fn1_urem_64ns_64ns_64_68_seq_1_div_u_0/r_stage_reg[13]/D
                            (rising edge-triggered cell FDRE clocked by ap_clk  {rise@0.000ns fall@5.000ns period=10.000ns})
  Path Group:             ap_clk
  Path Type:              Hold (Min at Fast Process Corner)
  Requirement:            0.000ns  (ap_clk rise@0.000ns - ap_clk rise@0.000ns)
  Data Path Delay:        0.197ns  (logic 0.141ns (71.536%)  route 0.056ns (28.464%))
  Logic Levels:           0  
  Clock Path Skew:        0.022ns (DCD - SCD - CPR)
    Destination Clock Delay (DCD):    0.432ns
    Source Clock Delay      (SCD):    0.410ns
    Clock Pessimism Removal (CPR):    -0.000ns

    Location             Delay type                Incr(ns)  Path(ns)    Netlist Resource(s)
  -------------------------------------------------------------------    -------------------
                         (clock ap_clk rise edge)     0.000     0.000 r  
                                                      0.000     0.000 r  ap_clk (IN)
                         net (fo=1451, unset)         0.410     0.410    bd_0_i/hls_inst/inst/urem_64ns_64ns_64_68_seq_1_U3/fn1_urem_64ns_64ns_64_68_seq_1_div_U/fn1_urem_64ns_64ns_64_68_seq_1_div_u_0/ap_clk
    SLICE_X37Y82         FDRE                                         r  bd_0_i/hls_inst/inst/urem_64ns_64ns_64_68_seq_1_U3/fn1_urem_64ns_64ns_64_68_seq_1_div_U/fn1_urem_64ns_64ns_64_68_seq_1_div_u_0/r_stage_reg[12]/C
  -------------------------------------------------------------------    -------------------
    SLICE_X37Y82         FDRE (Prop_fdre_C_Q)         0.141     0.551 r  bd_0_i/hls_inst/inst/urem_64ns_64ns_64_68_seq_1_U3/fn1_urem_64ns_64ns_64_68_seq_1_div_U/fn1_urem_64ns_64ns_64_68_seq_1_div_u_0/r_stage_reg[12]/Q
                         net (fo=1, routed)           0.056     0.607    bd_0_i/hls_inst/inst/urem_64ns_64ns_64_68_seq_1_U3/fn1_urem_64ns_64ns_64_68_seq_1_div_U/fn1_urem_64ns_64ns_64_68_seq_1_div_u_0/r_stage_reg_n_0_[12]
    SLICE_X36Y82         FDRE                                         r  bd_0_i/hls_inst/inst/urem_64ns_64ns_64_68_seq_1_U3/fn1_urem_64ns_64ns_64_68_seq_1_div_U/fn1_urem_64ns_64ns_64_68_seq_1_div_u_0/r_stage_reg[13]/D
  -------------------------------------------------------------------    -------------------

                         (clock ap_clk rise edge)     0.000     0.000 r  
                                                      0.000     0.000 r  ap_clk (IN)
                         net (fo=1451, unset)         0.432     0.432    bd_0_i/hls_inst/inst/urem_64ns_64ns_64_68_seq_1_U3/fn1_urem_64ns_64ns_64_68_seq_1_div_U/fn1_urem_64ns_64ns_64_68_seq_1_div_u_0/ap_clk
    SLICE_X36Y82         FDRE                                         r  bd_0_i/hls_inst/inst/urem_64ns_64ns_64_68_seq_1_U3/fn1_urem_64ns_64ns_64_68_seq_1_div_U/fn1_urem_64ns_64ns_64_68_seq_1_div_u_0/r_stage_reg[13]/C
                         clock pessimism              0.000     0.432    
    SLICE_X36Y82         FDRE (Hold_fdre_C_D)         0.075     0.507    bd_0_i/hls_inst/inst/urem_64ns_64ns_64_68_seq_1_U3/fn1_urem_64ns_64ns_64_68_seq_1_div_U/fn1_urem_64ns_64ns_64_68_seq_1_div_u_0/r_stage_reg[13]
  -------------------------------------------------------------------
                         required time                         -0.507    
                         arrival time                           0.607    
  -------------------------------------------------------------------
                         slack                                  0.101    





Pulse Width Checks
--------------------------------------------------------------------------------------
Clock Name:         ap_clk
Waveform(ns):       { 0.000 5.000 }
Period(ns):         10.000
Sources:            { ap_clk }

Check Type        Corner  Lib Pin      Reference Pin  Required(ns)  Actual(ns)  Slack(ns)  Location      Pin
Min Period        n/a     DSP48E1/CLK  n/a            3.884         10.000      6.116      DSP48_X2Y28   bd_0_i/hls_inst/inst/mul_32s_32s_32_2_1_U4/fn1_mul_32s_32s_32_2_1_Multiplier_0_U/tmp_product/CLK
Low Pulse Width   Fast    SRL16E/CLK   n/a            0.980         5.000       4.020      SLICE_X46Y85  bd_0_i/hls_inst/inst/uitodp_64ns_64_6_no_dsp_1_U2/fn1_ap_uitodp_4_no_dsp_64_u/inst/i_synth/FIX_TO_FLT_OP.SPD.OP/EXP/ZERO_DELAY/i_pipe/opt_has_pipe.first_q_reg[0]_srl2/CLK
High Pulse Width  Slow    SRL16E/CLK   n/a            0.980         5.000       4.020      SLICE_X46Y85  bd_0_i/hls_inst/inst/uitodp_64ns_64_6_no_dsp_1_U2/fn1_ap_uitodp_4_no_dsp_64_u/inst/i_synth/FIX_TO_FLT_OP.SPD.OP/EXP/ZERO_DELAY/i_pipe/opt_has_pipe.first_q_reg[0]_srl2/CLK



