

================================================================
== Vitis HLS Report for 'fn1'
================================================================
* Date:           Sat May  1 01:55:08 2021

* Version:        2020.2 (Build 3064766 on Wed Nov 18 09:12:47 MST 2020)
* Project:        project_tmp
* Solution:       solution_tmp (Vivado IP Flow Target)
* Product family: zynq
* Target device:  xc7z020-clg484-1


================================================================
== Performance Estimates
================================================================
+ Timing: 
    * Summary: 
    +--------+----------+----------+------------+
    |  Clock |  Target  | Estimated| Uncertainty|
    +--------+----------+----------+------------+
    |ap_clk  |  10.00 ns|  7.297 ns|     2.70 ns|
    +--------+----------+----------+------------+

+ Latency: 
    * Summary: 
    +---------+---------+----------+----------+-----+-----+---------+
    |  Latency (cycles) |  Latency (absolute) |  Interval | Pipeline|
    |   min   |   max   |    min   |    max   | min | max |   Type  |
    +---------+---------+----------+----------+-----+-----+---------+
    |      127|      127|  1.270 us|  1.270 us|  128|  128|     none|
    +---------+---------+----------+----------+-----+-----+---------+

    + Detail: 
        * Instance: 
        N/A

        * Loop: 
        N/A



================================================================
== Utilization Estimates
================================================================
* Summary: 
+-----------------+---------+-----+--------+-------+-----+
|       Name      | BRAM_18K| DSP |   FF   |  LUT  | URAM|
+-----------------+---------+-----+--------+-------+-----+
|DSP              |        -|    -|       -|      -|    -|
|Expression       |        -|    -|       0|    845|    -|
|FIFO             |        -|    -|       -|      -|    -|
|Instance         |        -|   14|    1772|   2210|    -|
|Memory           |        -|    -|       -|      -|    -|
|Multiplexer      |        -|    -|       -|    722|    -|
|Register         |        -|    -|     653|      -|    -|
+-----------------+---------+-----+--------+-------+-----+
|Total            |        0|   14|    2425|   3777|    0|
+-----------------+---------+-----+--------+-------+-----+
|Available        |      280|  220|  106400|  53200|    0|
+-----------------+---------+-----+--------+-------+-----+
|Utilization (%)  |        0|    6|       2|      7|    0|
+-----------------+---------+-----+--------+-------+-----+

+ Detail: 
    * Instance: 
    +-----------------------------------+--------------------------------+---------+----+-----+------+-----+
    |              Instance             |             Module             | BRAM_18K| DSP|  FF |  LUT | URAM|
    +-----------------------------------+--------------------------------+---------+----+-----+------+-----+
    |dadd_64ns_64ns_64_7_full_dsp_1_U2  |dadd_64ns_64ns_64_7_full_dsp_1  |        0|   3|  630|  1141|    0|
    |ddiv_64ns_64ns_64_59_no_dsp_1_U4   |ddiv_64ns_64ns_64_59_no_dsp_1   |        0|   0|    0|     0|    0|
    |dmul_64ns_64ns_64_7_max_dsp_1_U3   |dmul_64ns_64ns_64_7_max_dsp_1   |        0|  11|  342|   586|    0|
    |fptrunc_64ns_32_2_no_dsp_1_U1      |fptrunc_64ns_32_2_no_dsp_1      |        0|   0|    0|     0|    0|
    |sitodp_32s_64_6_no_dsp_1_U6        |sitodp_32s_64_6_no_dsp_1        |        0|   0|    0|     0|    0|
    |udiv_33ns_33s_16_37_seq_1_U7       |udiv_33ns_33s_16_37_seq_1       |        0|   0|  406|   245|    0|
    |uitodp_64ns_64_6_no_dsp_1_U5       |uitodp_64ns_64_6_no_dsp_1       |        0|   0|    0|     0|    0|
    |urem_32ns_32ns_32_36_seq_1_U8      |urem_32ns_32ns_32_36_seq_1      |        0|   0|  394|   238|    0|
    +-----------------------------------+--------------------------------+---------+----+-----+------+-----+
    |Total                              |                                |        0|  14| 1772|  2210|    0|
    +-----------------------------------+--------------------------------+---------+----+-----+------+-----+

    * DSP: 
    N/A

    * Memory: 
    N/A

    * FIFO: 
    N/A

    * Expression: 
    +----------------------+----------+----+---+-----+------------+------------+
    |     Variable Name    | Operation| DSP| FF| LUT | Bitwidth P0| Bitwidth P1|
    +----------------------+----------+----+---+-----+------------+------------+
    |add_ln12_fu_222_p2    |         +|   0|  0|   39|          32|           5|
    |add_ln15_fu_364_p2    |         +|   0|  0|   41|          34|          31|
    |add_ln341_fu_202_p2   |         +|   0|  0|   14|           9|           8|
    |grp_fu_314_p1         |         +|   0|  0|   39|          32|           7|
    |sub_ln1311_fu_216_p2  |         -|   0|  0|   15|           7|           8|
    |sub_ln18_fu_349_p2    |         -|   0|  0|   40|          33|          33|
    |icmp_ln14_fu_147_p2   |      icmp|   0|  0|   18|          32|           1|
    |r_V_fu_268_p2         |      lshr|   0|  0|  242|          79|          79|
    |or_ln19_fu_327_p2     |        or|   0|  0|   16|          16|          16|
    |ush_fu_254_p3         |    select|   0|  0|    9|           1|           9|
    |val_fu_302_p3         |    select|   0|  0|   32|           1|          32|
    |r_V_1_fu_274_p2       |       shl|   0|  0|  242|          79|          79|
    |xor_ln14_fu_169_p2    |       xor|   0|  0|   65|          64|          65|
    |xor_ln15_fu_355_p2    |       xor|   0|  0|   33|          33|          13|
    +----------------------+----------+----+---+-----+------------+------------+
    |Total                 |          |   0|  0|  845|         452|         386|
    +----------------------+----------+----+---+-----+------------+------------+

    * Multiplexer: 
    +---------------+-----+-----------+-----+-----------+
    |      Name     | LUT | Input Size| Bits| Total Bits|
    +---------------+-----+-----------+-----+-----------+
    |ap_NS_fsm      |  680|        129|    1|        129|
    |grp_fu_126_p0  |   14|          3|   64|        192|
    |grp_fu_126_p1  |   14|          3|   64|        192|
    |grp_fu_135_p0  |   14|          3|   64|        192|
    +---------------+-----+-----------+-----+-----------+
    |Total          |  722|        138|  193|        705|
    +---------------+-----+-----------+-----+-----------+

    * Register: 
    +--------------------+-----+----+-----+-----------+
    |        Name        |  FF | LUT| Bits| Const Bits|
    +--------------------+-----+----+-----+-----------+
    |add7_reg_419        |   64|   0|   64|          0|
    |add_ln15_reg_475    |   34|   0|   34|          0|
    |add_ln341_reg_439   |    9|   0|    9|          0|
    |ap_CS_fsm           |  128|   0|  128|          0|
    |conv2_reg_414       |   64|   0|   64|          0|
    |conv3_reg_404       |   64|   0|   64|          0|
    |div8_reg_424        |   64|   0|   64|          0|
    |icmp_ln14_reg_389   |    1|   0|    1|          0|
    |isNeg_reg_444       |    1|   0|    1|          0|
    |p_9_load_reg_379    |   64|   0|   64|          0|
    |reg_141             |   64|   0|   64|          0|
    |sub_ln1311_reg_450  |    8|   0|    8|          0|
    |sub_ln18_reg_470    |   33|   0|   33|          0|
    |tmp_3_reg_434       |   23|   0|   23|          0|
    |val_reg_460         |   32|   0|   32|          0|
    +--------------------+-----+----+-----+-----------+
    |Total               |  653|   0|  653|          0|
    +--------------------+-----+----+-----+-----------+



================================================================
== Interface
================================================================
* Summary: 
+--------------+-----+-----+------------+--------------+--------------+
|   RTL Ports  | Dir | Bits|  Protocol  | Source Object|    C Type    |
+--------------+-----+-----+------------+--------------+--------------+
|ap_clk        |   in|    1|  ap_ctrl_hs|           fn1|  return value|
|ap_rst        |   in|    1|  ap_ctrl_hs|           fn1|  return value|
|ap_start      |   in|    1|  ap_ctrl_hs|           fn1|  return value|
|ap_done       |  out|    1|  ap_ctrl_hs|           fn1|  return value|
|ap_idle       |  out|    1|  ap_ctrl_hs|           fn1|  return value|
|ap_ready      |  out|    1|  ap_ctrl_hs|           fn1|  return value|
|ap_return     |  out|   64|  ap_ctrl_hs|           fn1|  return value|
|p             |   in|   32|     ap_none|             p|        scalar|
|p_7           |   in|    8|     ap_none|           p_7|        scalar|
|p_9_address0  |  out|    4|   ap_memory|           p_9|         array|
|p_9_ce0       |  out|    1|   ap_memory|           p_9|         array|
|p_9_q0        |   in|   64|   ap_memory|           p_9|         array|
|p_11          |   in|   32|     ap_none|          p_11|        scalar|
+--------------+-----+-----+------------+--------------+--------------+

