Copyright 1986-2020 Xilinx, Inc. All Rights Reserved.
----------------------------------------------------------------------------------------
| Tool Version : Vivado v.2020.2 (lin64) Build 3064766 Wed Nov 18 09:12:47 MST 2020
| Date         : Sat Apr 10 23:53:13 2021
| Host         : seal-lambda running 64-bit Ubuntu 18.04.5 LTS
| Command      : report_timing -max_paths 10 -file ./report/fn1_timing_paths_routed.rpt
| Design       : bd_0_wrapper
| Device       : 7z020-clg484
| Speed File   : -1  PRODUCTION 1.12 2019-11-22
----------------------------------------------------------------------------------------

Timing Report

Slack (MET) :             1.166ns  (required time - arrival time)
  Source:                 bd_0_i/hls_inst/inst/faddfsub_32ns_32ns_32_5_full_dsp_1_U1/fn1_ap_faddfsub_3_full_dsp_32_u/inst/i_synth/ADDSUB_OP.ADDSUB/DSP.OP/DSP48E1_BODY.EXP/BMA_EXP_DELAY/i_pipe/opt_has_pipe.first_q_reg[3]/C
                            (rising edge-triggered cell FDRE clocked by ap_clk  {rise@0.000ns fall@5.000ns period=10.000ns})
  Destination:            bd_0_i/hls_inst/inst/faddfsub_32ns_32ns_32_5_full_dsp_1_U1/fn1_ap_faddfsub_3_full_dsp_32_u/inst/i_synth/ADDSUB_OP.ADDSUB/DSP.OP/DSP48E1_BODY.ALIGN_ADD/DSP2/i_no_versal_es1_workaround.DSP/INMODE[1]
                            (rising edge-triggered cell DSP48E1 clocked by ap_clk  {rise@0.000ns fall@5.000ns period=10.000ns})
  Path Group:             ap_clk
  Path Type:              Setup (Max at Slow Process Corner)
  Requirement:            10.000ns  (ap_clk rise@10.000ns - ap_clk rise@0.000ns)
  Data Path Delay:        3.193ns  (logic 0.580ns (18.164%)  route 2.613ns (81.836%))
  Logic Levels:           1  (LUT6=1)
  Clock Path Skew:        -0.049ns (DCD - SCD + CPR)
    Destination Clock Delay (DCD):    0.924ns = ( 10.924 - 10.000 ) 
    Source Clock Delay      (SCD):    0.973ns
    Clock Pessimism Removal (CPR):    0.000ns
  Clock Uncertainty:      0.035ns  ((TSJ^2 + TIJ^2)^1/2 + DJ) / 2 + PE
    Total System Jitter     (TSJ):    0.071ns
    Total Input Jitter      (TIJ):    0.000ns
    Discrete Jitter          (DJ):    0.000ns
    Phase Error              (PE):    0.000ns

    Location             Delay type                Incr(ns)  Path(ns)    Netlist Resource(s)
  -------------------------------------------------------------------    -------------------
                         (clock ap_clk rise edge)     0.000     0.000 r  
                                                      0.000     0.000 r  ap_clk (IN)
                         net (fo=2847, unset)         0.973     0.973    bd_0_i/hls_inst/inst/faddfsub_32ns_32ns_32_5_full_dsp_1_U1/fn1_ap_faddfsub_3_full_dsp_32_u/inst/i_synth/ADDSUB_OP.ADDSUB/DSP.OP/DSP48E1_BODY.EXP/BMA_EXP_DELAY/i_pipe/aclk
    SLICE_X41Y30         FDRE                                         r  bd_0_i/hls_inst/inst/faddfsub_32ns_32ns_32_5_full_dsp_1_U1/fn1_ap_faddfsub_3_full_dsp_32_u/inst/i_synth/ADDSUB_OP.ADDSUB/DSP.OP/DSP48E1_BODY.EXP/BMA_EXP_DELAY/i_pipe/opt_has_pipe.first_q_reg[3]/C
  -------------------------------------------------------------------    -------------------
    SLICE_X41Y30         FDRE (Prop_fdre_C_Q)         0.456     1.429 r  bd_0_i/hls_inst/inst/faddfsub_32ns_32ns_32_5_full_dsp_1_U1/fn1_ap_faddfsub_3_full_dsp_32_u/inst/i_synth/ADDSUB_OP.ADDSUB/DSP.OP/DSP48E1_BODY.EXP/BMA_EXP_DELAY/i_pipe/opt_has_pipe.first_q_reg[3]/Q
                         net (fo=20, routed)          1.859     3.288    bd_0_i/hls_inst/inst/faddfsub_32ns_32ns_32_5_full_dsp_1_U1/fn1_ap_faddfsub_3_full_dsp_32_u/inst/i_synth/ADDSUB_OP.ADDSUB/DSP.OP/DSP48E1_BODY.EXP/BMA_EXP_DELAY/i_pipe/opt_has_pipe.first_q_reg_n_0_[3]
    SLICE_X36Y25         LUT6 (Prop_lut6_I1_O)        0.124     3.412 r  bd_0_i/hls_inst/inst/faddfsub_32ns_32ns_32_5_full_dsp_1_U1/fn1_ap_faddfsub_3_full_dsp_32_u/inst/i_synth/ADDSUB_OP.ADDSUB/DSP.OP/DSP48E1_BODY.EXP/BMA_EXP_DELAY/i_pipe/i_no_versal_es1_workaround.DSP_i_64/O
                         net (fo=2, routed)           0.754     4.166    bd_0_i/hls_inst/inst/faddfsub_32ns_32ns_32_5_full_dsp_1_U1/fn1_ap_faddfsub_3_full_dsp_32_u/inst/i_synth/ADDSUB_OP.ADDSUB/DSP.OP/DSP48E1_BODY.ALIGN_ADD/DSP2/INMODE[0]
    DSP48_X2Y10          DSP48E1                                      r  bd_0_i/hls_inst/inst/faddfsub_32ns_32ns_32_5_full_dsp_1_U1/fn1_ap_faddfsub_3_full_dsp_32_u/inst/i_synth/ADDSUB_OP.ADDSUB/DSP.OP/DSP48E1_BODY.ALIGN_ADD/DSP2/i_no_versal_es1_workaround.DSP/INMODE[1]
  -------------------------------------------------------------------    -------------------

                         (clock ap_clk rise edge)    10.000    10.000 r  
                                                      0.000    10.000 r  ap_clk (IN)
                         net (fo=2847, unset)         0.924    10.924    bd_0_i/hls_inst/inst/faddfsub_32ns_32ns_32_5_full_dsp_1_U1/fn1_ap_faddfsub_3_full_dsp_32_u/inst/i_synth/ADDSUB_OP.ADDSUB/DSP.OP/DSP48E1_BODY.ALIGN_ADD/DSP2/aclk
    DSP48_X2Y10          DSP48E1                                      r  bd_0_i/hls_inst/inst/faddfsub_32ns_32ns_32_5_full_dsp_1_U1/fn1_ap_faddfsub_3_full_dsp_32_u/inst/i_synth/ADDSUB_OP.ADDSUB/DSP.OP/DSP48E1_BODY.ALIGN_ADD/DSP2/i_no_versal_es1_workaround.DSP/CLK
                         clock pessimism              0.000    10.924    
                         clock uncertainty           -0.035    10.889    
    DSP48_X2Y10          DSP48E1 (Setup_dsp48e1_CLK_INMODE[1])
                                                     -5.557     5.332    bd_0_i/hls_inst/inst/faddfsub_32ns_32ns_32_5_full_dsp_1_U1/fn1_ap_faddfsub_3_full_dsp_32_u/inst/i_synth/ADDSUB_OP.ADDSUB/DSP.OP/DSP48E1_BODY.ALIGN_ADD/DSP2/i_no_versal_es1_workaround.DSP
  -------------------------------------------------------------------
                         required time                          5.332    
                         arrival time                          -4.166    
  -------------------------------------------------------------------
                         slack                                  1.166    

Slack (MET) :             1.199ns  (required time - arrival time)
  Source:                 bd_0_i/hls_inst/inst/faddfsub_32ns_32ns_32_5_full_dsp_1_U1/fn1_ap_faddfsub_3_full_dsp_32_u/inst/i_synth/ADDSUB_OP.ADDSUB/DSP.OP/DSP48E1_BODY.EXP/BMA_EXP_DELAY/i_pipe/opt_has_pipe.first_q_reg[3]/C
                            (rising edge-triggered cell FDRE clocked by ap_clk  {rise@0.000ns fall@5.000ns period=10.000ns})
  Destination:            bd_0_i/hls_inst/inst/faddfsub_32ns_32ns_32_5_full_dsp_1_U1/fn1_ap_faddfsub_3_full_dsp_32_u/inst/i_synth/ADDSUB_OP.ADDSUB/DSP.OP/DSP48E1_BODY.ALIGN_ADD/DSP2/i_no_versal_es1_workaround.DSP/INMODE[2]
                            (rising edge-triggered cell DSP48E1 clocked by ap_clk  {rise@0.000ns fall@5.000ns period=10.000ns})
  Path Group:             ap_clk
  Path Type:              Setup (Max at Slow Process Corner)
  Requirement:            10.000ns  (ap_clk rise@10.000ns - ap_clk rise@0.000ns)
  Data Path Delay:        3.160ns  (logic 0.580ns (18.353%)  route 2.580ns (81.647%))
  Logic Levels:           1  (LUT6=1)
  Clock Path Skew:        -0.049ns (DCD - SCD + CPR)
    Destination Clock Delay (DCD):    0.924ns = ( 10.924 - 10.000 ) 
    Source Clock Delay      (SCD):    0.973ns
    Clock Pessimism Removal (CPR):    0.000ns
  Clock Uncertainty:      0.035ns  ((TSJ^2 + TIJ^2)^1/2 + DJ) / 2 + PE
    Total System Jitter     (TSJ):    0.071ns
    Total Input Jitter      (TIJ):    0.000ns
    Discrete Jitter          (DJ):    0.000ns
    Phase Error              (PE):    0.000ns

    Location             Delay type                Incr(ns)  Path(ns)    Netlist Resource(s)
  -------------------------------------------------------------------    -------------------
                         (clock ap_clk rise edge)     0.000     0.000 r  
                                                      0.000     0.000 r  ap_clk (IN)
                         net (fo=2847, unset)         0.973     0.973    bd_0_i/hls_inst/inst/faddfsub_32ns_32ns_32_5_full_dsp_1_U1/fn1_ap_faddfsub_3_full_dsp_32_u/inst/i_synth/ADDSUB_OP.ADDSUB/DSP.OP/DSP48E1_BODY.EXP/BMA_EXP_DELAY/i_pipe/aclk
    SLICE_X41Y30         FDRE                                         r  bd_0_i/hls_inst/inst/faddfsub_32ns_32ns_32_5_full_dsp_1_U1/fn1_ap_faddfsub_3_full_dsp_32_u/inst/i_synth/ADDSUB_OP.ADDSUB/DSP.OP/DSP48E1_BODY.EXP/BMA_EXP_DELAY/i_pipe/opt_has_pipe.first_q_reg[3]/C
  -------------------------------------------------------------------    -------------------
    SLICE_X41Y30         FDRE (Prop_fdre_C_Q)         0.456     1.429 r  bd_0_i/hls_inst/inst/faddfsub_32ns_32ns_32_5_full_dsp_1_U1/fn1_ap_faddfsub_3_full_dsp_32_u/inst/i_synth/ADDSUB_OP.ADDSUB/DSP.OP/DSP48E1_BODY.EXP/BMA_EXP_DELAY/i_pipe/opt_has_pipe.first_q_reg[3]/Q
                         net (fo=20, routed)          1.859     3.288    bd_0_i/hls_inst/inst/faddfsub_32ns_32ns_32_5_full_dsp_1_U1/fn1_ap_faddfsub_3_full_dsp_32_u/inst/i_synth/ADDSUB_OP.ADDSUB/DSP.OP/DSP48E1_BODY.EXP/BMA_EXP_DELAY/i_pipe/opt_has_pipe.first_q_reg_n_0_[3]
    SLICE_X36Y25         LUT6 (Prop_lut6_I1_O)        0.124     3.412 r  bd_0_i/hls_inst/inst/faddfsub_32ns_32ns_32_5_full_dsp_1_U1/fn1_ap_faddfsub_3_full_dsp_32_u/inst/i_synth/ADDSUB_OP.ADDSUB/DSP.OP/DSP48E1_BODY.EXP/BMA_EXP_DELAY/i_pipe/i_no_versal_es1_workaround.DSP_i_64/O
                         net (fo=2, routed)           0.721     4.133    bd_0_i/hls_inst/inst/faddfsub_32ns_32ns_32_5_full_dsp_1_U1/fn1_ap_faddfsub_3_full_dsp_32_u/inst/i_synth/ADDSUB_OP.ADDSUB/DSP.OP/DSP48E1_BODY.ALIGN_ADD/DSP2/INMODE[0]
    DSP48_X2Y10          DSP48E1                                      r  bd_0_i/hls_inst/inst/faddfsub_32ns_32ns_32_5_full_dsp_1_U1/fn1_ap_faddfsub_3_full_dsp_32_u/inst/i_synth/ADDSUB_OP.ADDSUB/DSP.OP/DSP48E1_BODY.ALIGN_ADD/DSP2/i_no_versal_es1_workaround.DSP/INMODE[2]
  -------------------------------------------------------------------    -------------------

                         (clock ap_clk rise edge)    10.000    10.000 r  
                                                      0.000    10.000 r  ap_clk (IN)
                         net (fo=2847, unset)         0.924    10.924    bd_0_i/hls_inst/inst/faddfsub_32ns_32ns_32_5_full_dsp_1_U1/fn1_ap_faddfsub_3_full_dsp_32_u/inst/i_synth/ADDSUB_OP.ADDSUB/DSP.OP/DSP48E1_BODY.ALIGN_ADD/DSP2/aclk
    DSP48_X2Y10          DSP48E1                                      r  bd_0_i/hls_inst/inst/faddfsub_32ns_32ns_32_5_full_dsp_1_U1/fn1_ap_faddfsub_3_full_dsp_32_u/inst/i_synth/ADDSUB_OP.ADDSUB/DSP.OP/DSP48E1_BODY.ALIGN_ADD/DSP2/i_no_versal_es1_workaround.DSP/CLK
                         clock pessimism              0.000    10.924    
                         clock uncertainty           -0.035    10.889    
    DSP48_X2Y10          DSP48E1 (Setup_dsp48e1_CLK_INMODE[2])
                                                     -5.557     5.332    bd_0_i/hls_inst/inst/faddfsub_32ns_32ns_32_5_full_dsp_1_U1/fn1_ap_faddfsub_3_full_dsp_32_u/inst/i_synth/ADDSUB_OP.ADDSUB/DSP.OP/DSP48E1_BODY.ALIGN_ADD/DSP2/i_no_versal_es1_workaround.DSP
  -------------------------------------------------------------------
                         required time                          5.332    
                         arrival time                          -4.133    
  -------------------------------------------------------------------
                         slack                                  1.199    

Slack (MET) :             1.406ns  (required time - arrival time)
  Source:                 bd_0_i/hls_inst/inst/faddfsub_32ns_32ns_32_5_full_dsp_1_U1/fn1_ap_faddfsub_3_full_dsp_32_u/inst/i_synth/ADDSUB_OP.ADDSUB/DSP.OP/DSP48E1_BODY.EXP/NUMB_CMP/NOT_FAST.CMP/C_CHAIN/CHAIN_GEN[15].CARRYS_DEL.NEED_DEL.CARRYS_FD/C
                            (rising edge-triggered cell FDRE clocked by ap_clk  {rise@0.000ns fall@5.000ns period=10.000ns})
  Destination:            bd_0_i/hls_inst/inst/faddfsub_32ns_32ns_32_5_full_dsp_1_U1/fn1_ap_faddfsub_3_full_dsp_32_u/inst/i_synth/ADDSUB_OP.ADDSUB/DSP.OP/DSP48E1_BODY.ALIGN_ADD/DSP2/i_no_versal_es1_workaround.DSP/D[1]
                            (rising edge-triggered cell DSP48E1 clocked by ap_clk  {rise@0.000ns fall@5.000ns period=10.000ns})
  Path Group:             ap_clk
  Path Type:              Setup (Max at Slow Process Corner)
  Requirement:            10.000ns  (ap_clk rise@10.000ns - ap_clk rise@0.000ns)
  Data Path Delay:        3.168ns  (logic 0.580ns (18.307%)  route 2.588ns (81.693%))
  Logic Levels:           1  (LUT3=1)
  Clock Path Skew:        -0.049ns (DCD - SCD + CPR)
    Destination Clock Delay (DCD):    0.924ns = ( 10.924 - 10.000 ) 
    Source Clock Delay      (SCD):    0.973ns
    Clock Pessimism Removal (CPR):    0.000ns
  Clock Uncertainty:      0.035ns  ((TSJ^2 + TIJ^2)^1/2 + DJ) / 2 + PE
    Total System Jitter     (TSJ):    0.071ns
    Total Input Jitter      (TIJ):    0.000ns
    Discrete Jitter          (DJ):    0.000ns
    Phase Error              (PE):    0.000ns

    Location             Delay type                Incr(ns)  Path(ns)    Netlist Resource(s)
  -------------------------------------------------------------------    -------------------
                         (clock ap_clk rise edge)     0.000     0.000 r  
                                                      0.000     0.000 r  ap_clk (IN)
                         net (fo=2847, unset)         0.973     0.973    bd_0_i/hls_inst/inst/faddfsub_32ns_32ns_32_5_full_dsp_1_U1/fn1_ap_faddfsub_3_full_dsp_32_u/inst/i_synth/ADDSUB_OP.ADDSUB/DSP.OP/DSP48E1_BODY.EXP/NUMB_CMP/NOT_FAST.CMP/C_CHAIN/aclk
    SLICE_X44Y33         FDRE                                         r  bd_0_i/hls_inst/inst/faddfsub_32ns_32ns_32_5_full_dsp_1_U1/fn1_ap_faddfsub_3_full_dsp_32_u/inst/i_synth/ADDSUB_OP.ADDSUB/DSP.OP/DSP48E1_BODY.EXP/NUMB_CMP/NOT_FAST.CMP/C_CHAIN/CHAIN_GEN[15].CARRYS_DEL.NEED_DEL.CARRYS_FD/C
  -------------------------------------------------------------------    -------------------
    SLICE_X44Y33         FDRE (Prop_fdre_C_Q)         0.456     1.429 r  bd_0_i/hls_inst/inst/faddfsub_32ns_32ns_32_5_full_dsp_1_U1/fn1_ap_faddfsub_3_full_dsp_32_u/inst/i_synth/ADDSUB_OP.ADDSUB/DSP.OP/DSP48E1_BODY.EXP/NUMB_CMP/NOT_FAST.CMP/C_CHAIN/CHAIN_GEN[15].CARRYS_DEL.NEED_DEL.CARRYS_FD/Q
                         net (fo=54, routed)          1.487     2.916    bd_0_i/hls_inst/inst/faddfsub_32ns_32ns_32_5_full_dsp_1_U1/fn1_ap_faddfsub_3_full_dsp_32_u/inst/i_synth/ADDSUB_OP.ADDSUB/DSP.OP/A_IP_DELAY/i_pipe/CARRY_OUT
    SLICE_X39Y28         LUT3 (Prop_lut3_I1_O)        0.124     3.040 r  bd_0_i/hls_inst/inst/faddfsub_32ns_32ns_32_5_full_dsp_1_U1/fn1_ap_faddfsub_3_full_dsp_32_u/inst/i_synth/ADDSUB_OP.ADDSUB/DSP.OP/A_IP_DELAY/i_pipe/i_no_versal_es1_workaround.DSP_i_25/O
                         net (fo=2, routed)           1.101     4.141    bd_0_i/hls_inst/inst/faddfsub_32ns_32ns_32_5_full_dsp_1_U1/fn1_ap_faddfsub_3_full_dsp_32_u/inst/i_synth/ADDSUB_OP.ADDSUB/DSP.OP/DSP48E1_BODY.ALIGN_ADD/DSP2/i_no_versal_es1_workaround.DSP_3[15]
    DSP48_X2Y10          DSP48E1                                      r  bd_0_i/hls_inst/inst/faddfsub_32ns_32ns_32_5_full_dsp_1_U1/fn1_ap_faddfsub_3_full_dsp_32_u/inst/i_synth/ADDSUB_OP.ADDSUB/DSP.OP/DSP48E1_BODY.ALIGN_ADD/DSP2/i_no_versal_es1_workaround.DSP/D[1]
  -------------------------------------------------------------------    -------------------

                         (clock ap_clk rise edge)    10.000    10.000 r  
                                                      0.000    10.000 r  ap_clk (IN)
                         net (fo=2847, unset)         0.924    10.924    bd_0_i/hls_inst/inst/faddfsub_32ns_32ns_32_5_full_dsp_1_U1/fn1_ap_faddfsub_3_full_dsp_32_u/inst/i_synth/ADDSUB_OP.ADDSUB/DSP.OP/DSP48E1_BODY.ALIGN_ADD/DSP2/aclk
    DSP48_X2Y10          DSP48E1                                      r  bd_0_i/hls_inst/inst/faddfsub_32ns_32ns_32_5_full_dsp_1_U1/fn1_ap_faddfsub_3_full_dsp_32_u/inst/i_synth/ADDSUB_OP.ADDSUB/DSP.OP/DSP48E1_BODY.ALIGN_ADD/DSP2/i_no_versal_es1_workaround.DSP/CLK
                         clock pessimism              0.000    10.924    
                         clock uncertainty           -0.035    10.889    
    DSP48_X2Y10          DSP48E1 (Setup_dsp48e1_CLK_D[1])
                                                     -5.342     5.547    bd_0_i/hls_inst/inst/faddfsub_32ns_32ns_32_5_full_dsp_1_U1/fn1_ap_faddfsub_3_full_dsp_32_u/inst/i_synth/ADDSUB_OP.ADDSUB/DSP.OP/DSP48E1_BODY.ALIGN_ADD/DSP2/i_no_versal_es1_workaround.DSP
  -------------------------------------------------------------------
                         required time                          5.547    
                         arrival time                          -4.141    
  -------------------------------------------------------------------
                         slack                                  1.406    

Slack (MET) :             1.453ns  (required time - arrival time)
  Source:                 bd_0_i/hls_inst/inst/faddfsub_32ns_32ns_32_5_full_dsp_1_U1/fn1_ap_faddfsub_3_full_dsp_32_u/inst/i_synth/ADDSUB_OP.ADDSUB/DSP.OP/DSP48E1_BODY.EXP/NUMB_CMP/NOT_FAST.CMP/C_CHAIN/CHAIN_GEN[15].CARRYS_DEL.NEED_DEL.CARRYS_FD/C
                            (rising edge-triggered cell FDRE clocked by ap_clk  {rise@0.000ns fall@5.000ns period=10.000ns})
  Destination:            bd_0_i/hls_inst/inst/faddfsub_32ns_32ns_32_5_full_dsp_1_U1/fn1_ap_faddfsub_3_full_dsp_32_u/inst/i_synth/ADDSUB_OP.ADDSUB/DSP.OP/DSP48E1_BODY.ALIGN_ADD/DSP2/i_no_versal_es1_workaround.DSP/A[17]
                            (rising edge-triggered cell DSP48E1 clocked by ap_clk  {rise@0.000ns fall@5.000ns period=10.000ns})
  Path Group:             ap_clk
  Path Type:              Setup (Max at Slow Process Corner)
  Requirement:            10.000ns  (ap_clk rise@10.000ns - ap_clk rise@0.000ns)
  Data Path Delay:        2.989ns  (logic 0.580ns (19.406%)  route 2.409ns (80.594%))
  Logic Levels:           1  (LUT3=1)
  Clock Path Skew:        -0.049ns (DCD - SCD + CPR)
    Destination Clock Delay (DCD):    0.924ns = ( 10.924 - 10.000 ) 
    Source Clock Delay      (SCD):    0.973ns
    Clock Pessimism Removal (CPR):    0.000ns
  Clock Uncertainty:      0.035ns  ((TSJ^2 + TIJ^2)^1/2 + DJ) / 2 + PE
    Total System Jitter     (TSJ):    0.071ns
    Total Input Jitter      (TIJ):    0.000ns
    Discrete Jitter          (DJ):    0.000ns
    Phase Error              (PE):    0.000ns

    Location             Delay type                Incr(ns)  Path(ns)    Netlist Resource(s)
  -------------------------------------------------------------------    -------------------
                         (clock ap_clk rise edge)     0.000     0.000 r  
                                                      0.000     0.000 r  ap_clk (IN)
                         net (fo=2847, unset)         0.973     0.973    bd_0_i/hls_inst/inst/faddfsub_32ns_32ns_32_5_full_dsp_1_U1/fn1_ap_faddfsub_3_full_dsp_32_u/inst/i_synth/ADDSUB_OP.ADDSUB/DSP.OP/DSP48E1_BODY.EXP/NUMB_CMP/NOT_FAST.CMP/C_CHAIN/aclk
    SLICE_X44Y33         FDRE                                         r  bd_0_i/hls_inst/inst/faddfsub_32ns_32ns_32_5_full_dsp_1_U1/fn1_ap_faddfsub_3_full_dsp_32_u/inst/i_synth/ADDSUB_OP.ADDSUB/DSP.OP/DSP48E1_BODY.EXP/NUMB_CMP/NOT_FAST.CMP/C_CHAIN/CHAIN_GEN[15].CARRYS_DEL.NEED_DEL.CARRYS_FD/C
  -------------------------------------------------------------------    -------------------
    SLICE_X44Y33         FDRE (Prop_fdre_C_Q)         0.456     1.429 r  bd_0_i/hls_inst/inst/faddfsub_32ns_32ns_32_5_full_dsp_1_U1/fn1_ap_faddfsub_3_full_dsp_32_u/inst/i_synth/ADDSUB_OP.ADDSUB/DSP.OP/DSP48E1_BODY.EXP/NUMB_CMP/NOT_FAST.CMP/C_CHAIN/CHAIN_GEN[15].CARRYS_DEL.NEED_DEL.CARRYS_FD/Q
                         net (fo=54, routed)          1.703     3.132    bd_0_i/hls_inst/inst/faddfsub_32ns_32ns_32_5_full_dsp_1_U1/fn1_ap_faddfsub_3_full_dsp_32_u/inst/i_synth/ADDSUB_OP.ADDSUB/DSP.OP/A_IP_DELAY/i_pipe/CARRY_OUT
    SLICE_X39Y28         LUT3 (Prop_lut3_I1_O)        0.124     3.256 r  bd_0_i/hls_inst/inst/faddfsub_32ns_32ns_32_5_full_dsp_1_U1/fn1_ap_faddfsub_3_full_dsp_32_u/inst/i_synth/ADDSUB_OP.ADDSUB/DSP.OP/A_IP_DELAY/i_pipe/i_no_versal_es1_workaround.DSP_i_23/O
                         net (fo=2, routed)           0.705     3.962    bd_0_i/hls_inst/inst/faddfsub_32ns_32ns_32_5_full_dsp_1_U1/fn1_ap_faddfsub_3_full_dsp_32_u/inst/i_synth/ADDSUB_OP.ADDSUB/DSP.OP/DSP48E1_BODY.ALIGN_ADD/DSP2/i_no_versal_es1_workaround.DSP_3[17]
    DSP48_X2Y10          DSP48E1                                      r  bd_0_i/hls_inst/inst/faddfsub_32ns_32ns_32_5_full_dsp_1_U1/fn1_ap_faddfsub_3_full_dsp_32_u/inst/i_synth/ADDSUB_OP.ADDSUB/DSP.OP/DSP48E1_BODY.ALIGN_ADD/DSP2/i_no_versal_es1_workaround.DSP/A[17]
  -------------------------------------------------------------------    -------------------

                         (clock ap_clk rise edge)    10.000    10.000 r  
                                                      0.000    10.000 r  ap_clk (IN)
                         net (fo=2847, unset)         0.924    10.924    bd_0_i/hls_inst/inst/faddfsub_32ns_32ns_32_5_full_dsp_1_U1/fn1_ap_faddfsub_3_full_dsp_32_u/inst/i_synth/ADDSUB_OP.ADDSUB/DSP.OP/DSP48E1_BODY.ALIGN_ADD/DSP2/aclk
    DSP48_X2Y10          DSP48E1                                      r  bd_0_i/hls_inst/inst/faddfsub_32ns_32ns_32_5_full_dsp_1_U1/fn1_ap_faddfsub_3_full_dsp_32_u/inst/i_synth/ADDSUB_OP.ADDSUB/DSP.OP/DSP48E1_BODY.ALIGN_ADD/DSP2/i_no_versal_es1_workaround.DSP/CLK
                         clock pessimism              0.000    10.924    
                         clock uncertainty           -0.035    10.889    
    DSP48_X2Y10          DSP48E1 (Setup_dsp48e1_CLK_A[17])
                                                     -5.474     5.415    bd_0_i/hls_inst/inst/faddfsub_32ns_32ns_32_5_full_dsp_1_U1/fn1_ap_faddfsub_3_full_dsp_32_u/inst/i_synth/ADDSUB_OP.ADDSUB/DSP.OP/DSP48E1_BODY.ALIGN_ADD/DSP2/i_no_versal_es1_workaround.DSP
  -------------------------------------------------------------------
                         required time                          5.415    
                         arrival time                          -3.962    
  -------------------------------------------------------------------
                         slack                                  1.453    

Slack (MET) :             1.474ns  (required time - arrival time)
  Source:                 bd_0_i/hls_inst/inst/faddfsub_32ns_32ns_32_5_full_dsp_1_U1/fn1_ap_faddfsub_3_full_dsp_32_u/inst/i_synth/ADDSUB_OP.ADDSUB/DSP.OP/DSP48E1_BODY.EXP/NUMB_CMP/NOT_FAST.CMP/C_CHAIN/CHAIN_GEN[15].CARRYS_DEL.NEED_DEL.CARRYS_FD/C
                            (rising edge-triggered cell FDRE clocked by ap_clk  {rise@0.000ns fall@5.000ns period=10.000ns})
  Destination:            bd_0_i/hls_inst/inst/faddfsub_32ns_32ns_32_5_full_dsp_1_U1/fn1_ap_faddfsub_3_full_dsp_32_u/inst/i_synth/ADDSUB_OP.ADDSUB/DSP.OP/DSP48E1_BODY.ALIGN_ADD/DSP2/i_no_versal_es1_workaround.DSP/D[3]
                            (rising edge-triggered cell DSP48E1 clocked by ap_clk  {rise@0.000ns fall@5.000ns period=10.000ns})
  Path Group:             ap_clk
  Path Type:              Setup (Max at Slow Process Corner)
  Requirement:            10.000ns  (ap_clk rise@10.000ns - ap_clk rise@0.000ns)
  Data Path Delay:        3.100ns  (logic 0.580ns (18.711%)  route 2.520ns (81.289%))
  Logic Levels:           1  (LUT3=1)
  Clock Path Skew:        -0.049ns (DCD - SCD + CPR)
    Destination Clock Delay (DCD):    0.924ns = ( 10.924 - 10.000 ) 
    Source Clock Delay      (SCD):    0.973ns
    Clock Pessimism Removal (CPR):    0.000ns
  Clock Uncertainty:      0.035ns  ((TSJ^2 + TIJ^2)^1/2 + DJ) / 2 + PE
    Total System Jitter     (TSJ):    0.071ns
    Total Input Jitter      (TIJ):    0.000ns
    Discrete Jitter          (DJ):    0.000ns
    Phase Error              (PE):    0.000ns

    Location             Delay type                Incr(ns)  Path(ns)    Netlist Resource(s)
  -------------------------------------------------------------------    -------------------
                         (clock ap_clk rise edge)     0.000     0.000 r  
                                                      0.000     0.000 r  ap_clk (IN)
                         net (fo=2847, unset)         0.973     0.973    bd_0_i/hls_inst/inst/faddfsub_32ns_32ns_32_5_full_dsp_1_U1/fn1_ap_faddfsub_3_full_dsp_32_u/inst/i_synth/ADDSUB_OP.ADDSUB/DSP.OP/DSP48E1_BODY.EXP/NUMB_CMP/NOT_FAST.CMP/C_CHAIN/aclk
    SLICE_X44Y33         FDRE                                         r  bd_0_i/hls_inst/inst/faddfsub_32ns_32ns_32_5_full_dsp_1_U1/fn1_ap_faddfsub_3_full_dsp_32_u/inst/i_synth/ADDSUB_OP.ADDSUB/DSP.OP/DSP48E1_BODY.EXP/NUMB_CMP/NOT_FAST.CMP/C_CHAIN/CHAIN_GEN[15].CARRYS_DEL.NEED_DEL.CARRYS_FD/C
  -------------------------------------------------------------------    -------------------
    SLICE_X44Y33         FDRE (Prop_fdre_C_Q)         0.456     1.429 r  bd_0_i/hls_inst/inst/faddfsub_32ns_32ns_32_5_full_dsp_1_U1/fn1_ap_faddfsub_3_full_dsp_32_u/inst/i_synth/ADDSUB_OP.ADDSUB/DSP.OP/DSP48E1_BODY.EXP/NUMB_CMP/NOT_FAST.CMP/C_CHAIN/CHAIN_GEN[15].CARRYS_DEL.NEED_DEL.CARRYS_FD/Q
                         net (fo=54, routed)          1.703     3.132    bd_0_i/hls_inst/inst/faddfsub_32ns_32ns_32_5_full_dsp_1_U1/fn1_ap_faddfsub_3_full_dsp_32_u/inst/i_synth/ADDSUB_OP.ADDSUB/DSP.OP/A_IP_DELAY/i_pipe/CARRY_OUT
    SLICE_X39Y28         LUT3 (Prop_lut3_I1_O)        0.124     3.256 r  bd_0_i/hls_inst/inst/faddfsub_32ns_32ns_32_5_full_dsp_1_U1/fn1_ap_faddfsub_3_full_dsp_32_u/inst/i_synth/ADDSUB_OP.ADDSUB/DSP.OP/A_IP_DELAY/i_pipe/i_no_versal_es1_workaround.DSP_i_23/O
                         net (fo=2, routed)           0.816     4.073    bd_0_i/hls_inst/inst/faddfsub_32ns_32ns_32_5_full_dsp_1_U1/fn1_ap_faddfsub_3_full_dsp_32_u/inst/i_synth/ADDSUB_OP.ADDSUB/DSP.OP/DSP48E1_BODY.ALIGN_ADD/DSP2/i_no_versal_es1_workaround.DSP_3[17]
    DSP48_X2Y10          DSP48E1                                      r  bd_0_i/hls_inst/inst/faddfsub_32ns_32ns_32_5_full_dsp_1_U1/fn1_ap_faddfsub_3_full_dsp_32_u/inst/i_synth/ADDSUB_OP.ADDSUB/DSP.OP/DSP48E1_BODY.ALIGN_ADD/DSP2/i_no_versal_es1_workaround.DSP/D[3]
  -------------------------------------------------------------------    -------------------

                         (clock ap_clk rise edge)    10.000    10.000 r  
                                                      0.000    10.000 r  ap_clk (IN)
                         net (fo=2847, unset)         0.924    10.924    bd_0_i/hls_inst/inst/faddfsub_32ns_32ns_32_5_full_dsp_1_U1/fn1_ap_faddfsub_3_full_dsp_32_u/inst/i_synth/ADDSUB_OP.ADDSUB/DSP.OP/DSP48E1_BODY.ALIGN_ADD/DSP2/aclk
    DSP48_X2Y10          DSP48E1                                      r  bd_0_i/hls_inst/inst/faddfsub_32ns_32ns_32_5_full_dsp_1_U1/fn1_ap_faddfsub_3_full_dsp_32_u/inst/i_synth/ADDSUB_OP.ADDSUB/DSP.OP/DSP48E1_BODY.ALIGN_ADD/DSP2/i_no_versal_es1_workaround.DSP/CLK
                         clock pessimism              0.000    10.924    
                         clock uncertainty           -0.035    10.889    
    DSP48_X2Y10          DSP48E1 (Setup_dsp48e1_CLK_D[3])
                                                     -5.342     5.547    bd_0_i/hls_inst/inst/faddfsub_32ns_32ns_32_5_full_dsp_1_U1/fn1_ap_faddfsub_3_full_dsp_32_u/inst/i_synth/ADDSUB_OP.ADDSUB/DSP.OP/DSP48E1_BODY.ALIGN_ADD/DSP2/i_no_versal_es1_workaround.DSP
  -------------------------------------------------------------------
                         required time                          5.547    
                         arrival time                          -4.073    
  -------------------------------------------------------------------
                         slack                                  1.474    

Slack (MET) :             1.594ns  (required time - arrival time)
  Source:                 bd_0_i/hls_inst/inst/dadd_64ns_64ns_64_7_full_dsp_1_U5/fn1_ap_dadd_5_full_dsp_64_u/inst/i_synth/ADDSUB_OP.ADDSUB/LOGIC_SPEED.OP/NORM/NORM_SHIFT/MUX_LOOP[2].DEL_SHIFT/i_pipe/opt_has_pipe.first_q_reg[54]/C
                            (rising edge-triggered cell FDRE clocked by ap_clk  {rise@0.000ns fall@5.000ns period=10.000ns})
  Destination:            bd_0_i/hls_inst/inst/dadd_64ns_64ns_64_7_full_dsp_1_U5/fn1_ap_dadd_5_full_dsp_64_u/inst/i_synth/ADDSUB_OP.ADDSUB/LOGIC_SPEED.OP/OP/RESULT_REG.NORMAL.exp_op_reg[9]/D
                            (rising edge-triggered cell FDRE clocked by ap_clk  {rise@0.000ns fall@5.000ns period=10.000ns})
  Path Group:             ap_clk
  Path Type:              Setup (Max at Slow Process Corner)
  Requirement:            10.000ns  (ap_clk rise@10.000ns - ap_clk rise@0.000ns)
  Data Path Delay:        8.384ns  (logic 4.712ns (56.206%)  route 3.672ns (43.794%))
  Logic Levels:           8  (CARRY4=4 DSP48E1=1 LUT3=2 LUT5=1)
  Clock Path Skew:        -0.049ns (DCD - SCD + CPR)
    Destination Clock Delay (DCD):    0.924ns = ( 10.924 - 10.000 ) 
    Source Clock Delay      (SCD):    0.973ns
    Clock Pessimism Removal (CPR):    0.000ns
  Clock Uncertainty:      0.035ns  ((TSJ^2 + TIJ^2)^1/2 + DJ) / 2 + PE
    Total System Jitter     (TSJ):    0.071ns
    Total Input Jitter      (TIJ):    0.000ns
    Discrete Jitter          (DJ):    0.000ns
    Phase Error              (PE):    0.000ns

    Location             Delay type                Incr(ns)  Path(ns)    Netlist Resource(s)
  -------------------------------------------------------------------    -------------------
                         (clock ap_clk rise edge)     0.000     0.000 r  
                                                      0.000     0.000 r  ap_clk (IN)
                         net (fo=2847, unset)         0.973     0.973    bd_0_i/hls_inst/inst/dadd_64ns_64ns_64_7_full_dsp_1_U5/fn1_ap_dadd_5_full_dsp_64_u/inst/i_synth/ADDSUB_OP.ADDSUB/LOGIC_SPEED.OP/NORM/NORM_SHIFT/MUX_LOOP[2].DEL_SHIFT/i_pipe/aclk
    SLICE_X82Y38         FDRE                                         r  bd_0_i/hls_inst/inst/dadd_64ns_64ns_64_7_full_dsp_1_U5/fn1_ap_dadd_5_full_dsp_64_u/inst/i_synth/ADDSUB_OP.ADDSUB/LOGIC_SPEED.OP/NORM/NORM_SHIFT/MUX_LOOP[2].DEL_SHIFT/i_pipe/opt_has_pipe.first_q_reg[54]/C
  -------------------------------------------------------------------    -------------------
    SLICE_X82Y38         FDRE (Prop_fdre_C_Q)         0.518     1.491 r  bd_0_i/hls_inst/inst/dadd_64ns_64ns_64_7_full_dsp_1_U5/fn1_ap_dadd_5_full_dsp_64_u/inst/i_synth/ADDSUB_OP.ADDSUB/LOGIC_SPEED.OP/NORM/NORM_SHIFT/MUX_LOOP[2].DEL_SHIFT/i_pipe/opt_has_pipe.first_q_reg[54]/Q
                         net (fo=1, routed)           0.922     2.413    bd_0_i/hls_inst/inst/dadd_64ns_64ns_64_7_full_dsp_1_U5/fn1_ap_dadd_5_full_dsp_64_u/inst/i_synth/ADDSUB_OP.ADDSUB/LOGIC_SPEED.OP/NORM/NORM_SHIFT/MUX_LOOP[2].DEL_SHIFT/i_pipe/part_norm_mant_ext[3]
    SLICE_X90Y39         LUT3 (Prop_lut3_I0_O)        0.124     2.537 r  bd_0_i/hls_inst/inst/dadd_64ns_64ns_64_7_full_dsp_1_U5/fn1_ap_dadd_5_full_dsp_64_u/inst/i_synth/ADDSUB_OP.ADDSUB/LOGIC_SPEED.OP/NORM/NORM_SHIFT/MUX_LOOP[2].DEL_SHIFT/i_pipe/CHAIN_GEN[0].C_MUX.CARRY_MUX_i_3/O
                         net (fo=1, routed)           0.190     2.727    bd_0_i/hls_inst/inst/dadd_64ns_64ns_64_7_full_dsp_1_U5/fn1_ap_dadd_5_full_dsp_64_u/inst/i_synth/ADDSUB_OP.ADDSUB/LOGIC_SPEED.OP/NORM/ROUND/RND_BIT_GEN/NORM_1_OR_0.STRUCT_REQ.SPECIAL.RND_CHAIN/i_no_versal_es1_workaround.DSP
    SLICE_X91Y39         CARRY4 (Prop_carry4_CYINIT_CO[0])
                                                      0.536     3.263 r  bd_0_i/hls_inst/inst/dadd_64ns_64ns_64_7_full_dsp_1_U5/fn1_ap_dadd_5_full_dsp_64_u/inst/i_synth/ADDSUB_OP.ADDSUB/LOGIC_SPEED.OP/NORM/ROUND/RND_BIT_GEN/NORM_1_OR_0.STRUCT_REQ.SPECIAL.RND_CHAIN/CHAIN_GEN[0].C_MUX.CARRY_MUX_CARRY4/CO[0]
                         net (fo=1, routed)           0.536     3.800    bd_0_i/hls_inst/inst/dadd_64ns_64ns_64_7_full_dsp_1_U5/fn1_ap_dadd_5_full_dsp_64_u/inst/i_synth/ADDSUB_OP.ADDSUB/LOGIC_SPEED.OP/NORM/ROUND/DSP48_E1.DSP48E1_ADD.DSP48E1_ADD/B[0]
    DSP48_X3Y16          DSP48E1 (Prop_dsp48e1_B[1]_P[47])
                                                      2.306     6.106 r  bd_0_i/hls_inst/inst/dadd_64ns_64ns_64_7_full_dsp_1_U5/fn1_ap_dadd_5_full_dsp_64_u/inst/i_synth/ADDSUB_OP.ADDSUB/LOGIC_SPEED.OP/NORM/ROUND/DSP48_E1.DSP48E1_ADD.DSP48E1_ADD/i_no_versal_es1_workaround.DSP/P[47]
                         net (fo=7, routed)           1.211     7.317    bd_0_i/hls_inst/inst/dadd_64ns_64ns_64_7_full_dsp_1_U5/fn1_ap_dadd_5_full_dsp_64_u/inst/i_synth/ADDSUB_OP.ADDSUB/LOGIC_SPEED.OP/NORM/ROUND/DSP48_E1.DSP_LOGIC_ADDERS.RND_1/P[0]
    SLICE_X82Y44         LUT3 (Prop_lut3_I1_O)        0.124     7.441 r  bd_0_i/hls_inst/inst/dadd_64ns_64ns_64_7_full_dsp_1_U5/fn1_ap_dadd_5_full_dsp_64_u/inst/i_synth/ADDSUB_OP.ADDSUB/LOGIC_SPEED.OP/NORM/ROUND/DSP48_E1.DSP_LOGIC_ADDERS.RND_1/RESULT_REG.NORMAL.exp_op[3]_i_7/O
                         net (fo=1, routed)           0.812     8.253    bd_0_i/hls_inst/inst/dadd_64ns_64ns_64_7_full_dsp_1_U5/fn1_ap_dadd_5_full_dsp_64_u/inst/i_synth/ADDSUB_OP.ADDSUB/LOGIC_SPEED.OP/EXP/STATE_DELAY/i_pipe/RESULT_REG.NORMAL.exp_op_reg[3]
    SLICE_X93Y42         LUT5 (Prop_lut5_I3_O)        0.124     8.377 r  bd_0_i/hls_inst/inst/dadd_64ns_64ns_64_7_full_dsp_1_U5/fn1_ap_dadd_5_full_dsp_64_u/inst/i_synth/ADDSUB_OP.ADDSUB/LOGIC_SPEED.OP/EXP/STATE_DELAY/i_pipe/RESULT_REG.NORMAL.exp_op[3]_i_6/O
                         net (fo=1, routed)           0.000     8.377    bd_0_i/hls_inst/inst/dadd_64ns_64ns_64_7_full_dsp_1_U5/fn1_ap_dadd_5_full_dsp_64_u/inst/i_synth/ADDSUB_OP.ADDSUB/LOGIC_SPEED.OP/EXP/STATE_DELAY/i_pipe/RESULT_REG.NORMAL.exp_op[3]_i_6_n_0
    SLICE_X93Y42         CARRY4 (Prop_carry4_S[0]_CO[3])
                                                      0.532     8.909 r  bd_0_i/hls_inst/inst/dadd_64ns_64ns_64_7_full_dsp_1_U5/fn1_ap_dadd_5_full_dsp_64_u/inst/i_synth/ADDSUB_OP.ADDSUB/LOGIC_SPEED.OP/EXP/STATE_DELAY/i_pipe/RESULT_REG.NORMAL.exp_op_reg[3]_i_1/CO[3]
                         net (fo=1, routed)           0.000     8.909    bd_0_i/hls_inst/inst/dadd_64ns_64ns_64_7_full_dsp_1_U5/fn1_ap_dadd_5_full_dsp_64_u/inst/i_synth/ADDSUB_OP.ADDSUB/LOGIC_SPEED.OP/EXP/STATE_DELAY/i_pipe/RESULT_REG.NORMAL.exp_op_reg[3]_i_1_n_0
    SLICE_X93Y43         CARRY4 (Prop_carry4_CI_CO[3])
                                                      0.114     9.023 r  bd_0_i/hls_inst/inst/dadd_64ns_64ns_64_7_full_dsp_1_U5/fn1_ap_dadd_5_full_dsp_64_u/inst/i_synth/ADDSUB_OP.ADDSUB/LOGIC_SPEED.OP/EXP/STATE_DELAY/i_pipe/RESULT_REG.NORMAL.exp_op_reg[7]_i_1/CO[3]
                         net (fo=1, routed)           0.000     9.023    bd_0_i/hls_inst/inst/dadd_64ns_64ns_64_7_full_dsp_1_U5/fn1_ap_dadd_5_full_dsp_64_u/inst/i_synth/ADDSUB_OP.ADDSUB/LOGIC_SPEED.OP/EXP/STATE_DELAY/i_pipe/RESULT_REG.NORMAL.exp_op_reg[7]_i_1_n_0
    SLICE_X93Y44         CARRY4 (Prop_carry4_CI_O[1])
                                                      0.334     9.357 r  bd_0_i/hls_inst/inst/dadd_64ns_64ns_64_7_full_dsp_1_U5/fn1_ap_dadd_5_full_dsp_64_u/inst/i_synth/ADDSUB_OP.ADDSUB/LOGIC_SPEED.OP/EXP/STATE_DELAY/i_pipe/RESULT_REG.NORMAL.exp_op_reg[10]_i_1/O[1]
                         net (fo=1, routed)           0.000     9.357    bd_0_i/hls_inst/inst/dadd_64ns_64ns_64_7_full_dsp_1_U5/fn1_ap_dadd_5_full_dsp_64_u/inst/i_synth/ADDSUB_OP.ADDSUB/LOGIC_SPEED.OP/OP/exp_pre_op[9]
    SLICE_X93Y44         FDRE                                         r  bd_0_i/hls_inst/inst/dadd_64ns_64ns_64_7_full_dsp_1_U5/fn1_ap_dadd_5_full_dsp_64_u/inst/i_synth/ADDSUB_OP.ADDSUB/LOGIC_SPEED.OP/OP/RESULT_REG.NORMAL.exp_op_reg[9]/D
  -------------------------------------------------------------------    -------------------

                         (clock ap_clk rise edge)    10.000    10.000 r  
                                                      0.000    10.000 r  ap_clk (IN)
                         net (fo=2847, unset)         0.924    10.924    bd_0_i/hls_inst/inst/dadd_64ns_64ns_64_7_full_dsp_1_U5/fn1_ap_dadd_5_full_dsp_64_u/inst/i_synth/ADDSUB_OP.ADDSUB/LOGIC_SPEED.OP/OP/aclk
    SLICE_X93Y44         FDRE                                         r  bd_0_i/hls_inst/inst/dadd_64ns_64ns_64_7_full_dsp_1_U5/fn1_ap_dadd_5_full_dsp_64_u/inst/i_synth/ADDSUB_OP.ADDSUB/LOGIC_SPEED.OP/OP/RESULT_REG.NORMAL.exp_op_reg[9]/C
                         clock pessimism              0.000    10.924    
                         clock uncertainty           -0.035    10.889    
    SLICE_X93Y44         FDRE (Setup_fdre_C_D)        0.062    10.951    bd_0_i/hls_inst/inst/dadd_64ns_64ns_64_7_full_dsp_1_U5/fn1_ap_dadd_5_full_dsp_64_u/inst/i_synth/ADDSUB_OP.ADDSUB/LOGIC_SPEED.OP/OP/RESULT_REG.NORMAL.exp_op_reg[9]
  -------------------------------------------------------------------
                         required time                         10.951    
                         arrival time                          -9.357    
  -------------------------------------------------------------------
                         slack                                  1.594    

Slack (MET) :             1.624ns  (required time - arrival time)
  Source:                 bd_0_i/hls_inst/inst/faddfsub_32ns_32ns_32_5_full_dsp_1_U1/fn1_ap_faddfsub_3_full_dsp_32_u/inst/i_synth/ADDSUB_OP.ADDSUB/DSP.OP/DSP48E1_BODY.EXP/NUMB_CMP/NOT_FAST.CMP/C_CHAIN/CHAIN_GEN[15].CARRYS_DEL.NEED_DEL.CARRYS_FD/C
                            (rising edge-triggered cell FDRE clocked by ap_clk  {rise@0.000ns fall@5.000ns period=10.000ns})
  Destination:            bd_0_i/hls_inst/inst/faddfsub_32ns_32ns_32_5_full_dsp_1_U1/fn1_ap_faddfsub_3_full_dsp_32_u/inst/i_synth/ADDSUB_OP.ADDSUB/DSP.OP/DSP48E1_BODY.ALIGN_ADD/DSP2/i_no_versal_es1_workaround.DSP/A[12]
                            (rising edge-triggered cell DSP48E1 clocked by ap_clk  {rise@0.000ns fall@5.000ns period=10.000ns})
  Path Group:             ap_clk
  Path Type:              Setup (Max at Slow Process Corner)
  Requirement:            10.000ns  (ap_clk rise@10.000ns - ap_clk rise@0.000ns)
  Data Path Delay:        2.818ns  (logic 0.580ns (20.582%)  route 2.238ns (79.418%))
  Logic Levels:           1  (LUT3=1)
  Clock Path Skew:        -0.049ns (DCD - SCD + CPR)
    Destination Clock Delay (DCD):    0.924ns = ( 10.924 - 10.000 ) 
    Source Clock Delay      (SCD):    0.973ns
    Clock Pessimism Removal (CPR):    0.000ns
  Clock Uncertainty:      0.035ns  ((TSJ^2 + TIJ^2)^1/2 + DJ) / 2 + PE
    Total System Jitter     (TSJ):    0.071ns
    Total Input Jitter      (TIJ):    0.000ns
    Discrete Jitter          (DJ):    0.000ns
    Phase Error              (PE):    0.000ns

    Location             Delay type                Incr(ns)  Path(ns)    Netlist Resource(s)
  -------------------------------------------------------------------    -------------------
                         (clock ap_clk rise edge)     0.000     0.000 r  
                                                      0.000     0.000 r  ap_clk (IN)
                         net (fo=2847, unset)         0.973     0.973    bd_0_i/hls_inst/inst/faddfsub_32ns_32ns_32_5_full_dsp_1_U1/fn1_ap_faddfsub_3_full_dsp_32_u/inst/i_synth/ADDSUB_OP.ADDSUB/DSP.OP/DSP48E1_BODY.EXP/NUMB_CMP/NOT_FAST.CMP/C_CHAIN/aclk
    SLICE_X44Y33         FDRE                                         r  bd_0_i/hls_inst/inst/faddfsub_32ns_32ns_32_5_full_dsp_1_U1/fn1_ap_faddfsub_3_full_dsp_32_u/inst/i_synth/ADDSUB_OP.ADDSUB/DSP.OP/DSP48E1_BODY.EXP/NUMB_CMP/NOT_FAST.CMP/C_CHAIN/CHAIN_GEN[15].CARRYS_DEL.NEED_DEL.CARRYS_FD/C
  -------------------------------------------------------------------    -------------------
    SLICE_X44Y33         FDRE (Prop_fdre_C_Q)         0.456     1.429 r  bd_0_i/hls_inst/inst/faddfsub_32ns_32ns_32_5_full_dsp_1_U1/fn1_ap_faddfsub_3_full_dsp_32_u/inst/i_synth/ADDSUB_OP.ADDSUB/DSP.OP/DSP48E1_BODY.EXP/NUMB_CMP/NOT_FAST.CMP/C_CHAIN/CHAIN_GEN[15].CARRYS_DEL.NEED_DEL.CARRYS_FD/Q
                         net (fo=54, routed)          1.488     2.917    bd_0_i/hls_inst/inst/faddfsub_32ns_32ns_32_5_full_dsp_1_U1/fn1_ap_faddfsub_3_full_dsp_32_u/inst/i_synth/ADDSUB_OP.ADDSUB/DSP.OP/A_IP_DELAY/i_pipe/CARRY_OUT
    SLICE_X41Y28         LUT3 (Prop_lut3_I1_O)        0.124     3.041 r  bd_0_i/hls_inst/inst/faddfsub_32ns_32ns_32_5_full_dsp_1_U1/fn1_ap_faddfsub_3_full_dsp_32_u/inst/i_synth/ADDSUB_OP.ADDSUB/DSP.OP/A_IP_DELAY/i_pipe/i_no_versal_es1_workaround.DSP_i_28/O
                         net (fo=1, routed)           0.750     3.791    bd_0_i/hls_inst/inst/faddfsub_32ns_32ns_32_5_full_dsp_1_U1/fn1_ap_faddfsub_3_full_dsp_32_u/inst/i_synth/ADDSUB_OP.ADDSUB/DSP.OP/DSP48E1_BODY.ALIGN_ADD/DSP2/i_no_versal_es1_workaround.DSP_3[12]
    DSP48_X2Y10          DSP48E1                                      r  bd_0_i/hls_inst/inst/faddfsub_32ns_32ns_32_5_full_dsp_1_U1/fn1_ap_faddfsub_3_full_dsp_32_u/inst/i_synth/ADDSUB_OP.ADDSUB/DSP.OP/DSP48E1_BODY.ALIGN_ADD/DSP2/i_no_versal_es1_workaround.DSP/A[12]
  -------------------------------------------------------------------    -------------------

                         (clock ap_clk rise edge)    10.000    10.000 r  
                                                      0.000    10.000 r  ap_clk (IN)
                         net (fo=2847, unset)         0.924    10.924    bd_0_i/hls_inst/inst/faddfsub_32ns_32ns_32_5_full_dsp_1_U1/fn1_ap_faddfsub_3_full_dsp_32_u/inst/i_synth/ADDSUB_OP.ADDSUB/DSP.OP/DSP48E1_BODY.ALIGN_ADD/DSP2/aclk
    DSP48_X2Y10          DSP48E1                                      r  bd_0_i/hls_inst/inst/faddfsub_32ns_32ns_32_5_full_dsp_1_U1/fn1_ap_faddfsub_3_full_dsp_32_u/inst/i_synth/ADDSUB_OP.ADDSUB/DSP.OP/DSP48E1_BODY.ALIGN_ADD/DSP2/i_no_versal_es1_workaround.DSP/CLK
                         clock pessimism              0.000    10.924    
                         clock uncertainty           -0.035    10.889    
    DSP48_X2Y10          DSP48E1 (Setup_dsp48e1_CLK_A[12])
                                                     -5.474     5.415    bd_0_i/hls_inst/inst/faddfsub_32ns_32ns_32_5_full_dsp_1_U1/fn1_ap_faddfsub_3_full_dsp_32_u/inst/i_synth/ADDSUB_OP.ADDSUB/DSP.OP/DSP48E1_BODY.ALIGN_ADD/DSP2/i_no_versal_es1_workaround.DSP
  -------------------------------------------------------------------
                         required time                          5.415    
                         arrival time                          -3.791    
  -------------------------------------------------------------------
                         slack                                  1.624    

Slack (MET) :             1.637ns  (required time - arrival time)
  Source:                 bd_0_i/hls_inst/inst/faddfsub_32ns_32ns_32_5_full_dsp_1_U1/fn1_ap_faddfsub_3_full_dsp_32_u/inst/i_synth/ADDSUB_OP.ADDSUB/DSP.OP/DSP48E1_BODY.EXP/NUMB_CMP/NOT_FAST.CMP/C_CHAIN/CHAIN_GEN[15].CARRYS_DEL.NEED_DEL.CARRYS_FD/C
                            (rising edge-triggered cell FDRE clocked by ap_clk  {rise@0.000ns fall@5.000ns period=10.000ns})
  Destination:            bd_0_i/hls_inst/inst/faddfsub_32ns_32ns_32_5_full_dsp_1_U1/fn1_ap_faddfsub_3_full_dsp_32_u/inst/i_synth/ADDSUB_OP.ADDSUB/DSP.OP/DSP48E1_BODY.ALIGN_ADD/DSP2/i_no_versal_es1_workaround.DSP/A[20]
                            (rising edge-triggered cell DSP48E1 clocked by ap_clk  {rise@0.000ns fall@5.000ns period=10.000ns})
  Path Group:             ap_clk
  Path Type:              Setup (Max at Slow Process Corner)
  Requirement:            10.000ns  (ap_clk rise@10.000ns - ap_clk rise@0.000ns)
  Data Path Delay:        2.805ns  (logic 0.580ns (20.676%)  route 2.225ns (79.324%))
  Logic Levels:           1  (LUT3=1)
  Clock Path Skew:        -0.049ns (DCD - SCD + CPR)
    Destination Clock Delay (DCD):    0.924ns = ( 10.924 - 10.000 ) 
    Source Clock Delay      (SCD):    0.973ns
    Clock Pessimism Removal (CPR):    0.000ns
  Clock Uncertainty:      0.035ns  ((TSJ^2 + TIJ^2)^1/2 + DJ) / 2 + PE
    Total System Jitter     (TSJ):    0.071ns
    Total Input Jitter      (TIJ):    0.000ns
    Discrete Jitter          (DJ):    0.000ns
    Phase Error              (PE):    0.000ns

    Location             Delay type                Incr(ns)  Path(ns)    Netlist Resource(s)
  -------------------------------------------------------------------    -------------------
                         (clock ap_clk rise edge)     0.000     0.000 r  
                                                      0.000     0.000 r  ap_clk (IN)
                         net (fo=2847, unset)         0.973     0.973    bd_0_i/hls_inst/inst/faddfsub_32ns_32ns_32_5_full_dsp_1_U1/fn1_ap_faddfsub_3_full_dsp_32_u/inst/i_synth/ADDSUB_OP.ADDSUB/DSP.OP/DSP48E1_BODY.EXP/NUMB_CMP/NOT_FAST.CMP/C_CHAIN/aclk
    SLICE_X44Y33         FDRE                                         r  bd_0_i/hls_inst/inst/faddfsub_32ns_32ns_32_5_full_dsp_1_U1/fn1_ap_faddfsub_3_full_dsp_32_u/inst/i_synth/ADDSUB_OP.ADDSUB/DSP.OP/DSP48E1_BODY.EXP/NUMB_CMP/NOT_FAST.CMP/C_CHAIN/CHAIN_GEN[15].CARRYS_DEL.NEED_DEL.CARRYS_FD/C
  -------------------------------------------------------------------    -------------------
    SLICE_X44Y33         FDRE (Prop_fdre_C_Q)         0.456     1.429 r  bd_0_i/hls_inst/inst/faddfsub_32ns_32ns_32_5_full_dsp_1_U1/fn1_ap_faddfsub_3_full_dsp_32_u/inst/i_synth/ADDSUB_OP.ADDSUB/DSP.OP/DSP48E1_BODY.EXP/NUMB_CMP/NOT_FAST.CMP/C_CHAIN/CHAIN_GEN[15].CARRYS_DEL.NEED_DEL.CARRYS_FD/Q
                         net (fo=54, routed)          1.192     2.621    bd_0_i/hls_inst/inst/faddfsub_32ns_32ns_32_5_full_dsp_1_U1/fn1_ap_faddfsub_3_full_dsp_32_u/inst/i_synth/ADDSUB_OP.ADDSUB/DSP.OP/A_IP_DELAY/i_pipe/CARRY_OUT
    SLICE_X42Y29         LUT3 (Prop_lut3_I1_O)        0.124     2.745 r  bd_0_i/hls_inst/inst/faddfsub_32ns_32ns_32_5_full_dsp_1_U1/fn1_ap_faddfsub_3_full_dsp_32_u/inst/i_synth/ADDSUB_OP.ADDSUB/DSP.OP/A_IP_DELAY/i_pipe/i_no_versal_es1_workaround.DSP_i_20/O
                         net (fo=2, routed)           1.033     3.778    bd_0_i/hls_inst/inst/faddfsub_32ns_32ns_32_5_full_dsp_1_U1/fn1_ap_faddfsub_3_full_dsp_32_u/inst/i_synth/ADDSUB_OP.ADDSUB/DSP.OP/DSP48E1_BODY.ALIGN_ADD/DSP2/i_no_versal_es1_workaround.DSP_3[20]
    DSP48_X2Y10          DSP48E1                                      r  bd_0_i/hls_inst/inst/faddfsub_32ns_32ns_32_5_full_dsp_1_U1/fn1_ap_faddfsub_3_full_dsp_32_u/inst/i_synth/ADDSUB_OP.ADDSUB/DSP.OP/DSP48E1_BODY.ALIGN_ADD/DSP2/i_no_versal_es1_workaround.DSP/A[20]
  -------------------------------------------------------------------    -------------------

                         (clock ap_clk rise edge)    10.000    10.000 r  
                                                      0.000    10.000 r  ap_clk (IN)
                         net (fo=2847, unset)         0.924    10.924    bd_0_i/hls_inst/inst/faddfsub_32ns_32ns_32_5_full_dsp_1_U1/fn1_ap_faddfsub_3_full_dsp_32_u/inst/i_synth/ADDSUB_OP.ADDSUB/DSP.OP/DSP48E1_BODY.ALIGN_ADD/DSP2/aclk
    DSP48_X2Y10          DSP48E1                                      r  bd_0_i/hls_inst/inst/faddfsub_32ns_32ns_32_5_full_dsp_1_U1/fn1_ap_faddfsub_3_full_dsp_32_u/inst/i_synth/ADDSUB_OP.ADDSUB/DSP.OP/DSP48E1_BODY.ALIGN_ADD/DSP2/i_no_versal_es1_workaround.DSP/CLK
                         clock pessimism              0.000    10.924    
                         clock uncertainty           -0.035    10.889    
    DSP48_X2Y10          DSP48E1 (Setup_dsp48e1_CLK_A[20])
                                                     -5.474     5.415    bd_0_i/hls_inst/inst/faddfsub_32ns_32ns_32_5_full_dsp_1_U1/fn1_ap_faddfsub_3_full_dsp_32_u/inst/i_synth/ADDSUB_OP.ADDSUB/DSP.OP/DSP48E1_BODY.ALIGN_ADD/DSP2/i_no_versal_es1_workaround.DSP
  -------------------------------------------------------------------
                         required time                          5.415    
                         arrival time                          -3.778    
  -------------------------------------------------------------------
                         slack                                  1.637    

Slack (MET) :             1.641ns  (required time - arrival time)
  Source:                 bd_0_i/hls_inst/inst/mul_64ns_65ns_128_5_1_U8/fn1_mul_64ns_65ns_128_5_1_Multiplier_0_U/buff1_reg__2/CLK
                            (rising edge-triggered cell DSP48E1 clocked by ap_clk  {rise@0.000ns fall@5.000ns period=10.000ns})
  Destination:            bd_0_i/hls_inst/inst/mul_64ns_65ns_128_5_1_U8/fn1_mul_64ns_65ns_128_5_1_Multiplier_0_U/buff2_reg[127]/D
                            (rising edge-triggered cell FDRE clocked by ap_clk  {rise@0.000ns fall@5.000ns period=10.000ns})
  Path Group:             ap_clk
  Path Type:              Setup (Max at Slow Process Corner)
  Requirement:            10.000ns  (ap_clk rise@10.000ns - ap_clk rise@0.000ns)
  Data Path Delay:        8.384ns  (logic 5.012ns (59.781%)  route 3.372ns (40.219%))
  Logic Levels:           24  (CARRY4=20 LUT3=2 LUT4=2)
  Clock Path Skew:        -0.049ns (DCD - SCD + CPR)
    Destination Clock Delay (DCD):    0.924ns = ( 10.924 - 10.000 ) 
    Source Clock Delay      (SCD):    0.973ns
    Clock Pessimism Removal (CPR):    0.000ns
  Clock Uncertainty:      0.035ns  ((TSJ^2 + TIJ^2)^1/2 + DJ) / 2 + PE
    Total System Jitter     (TSJ):    0.071ns
    Total Input Jitter      (TIJ):    0.000ns
    Discrete Jitter          (DJ):    0.000ns
    Phase Error              (PE):    0.000ns

    Location             Delay type                Incr(ns)  Path(ns)    Netlist Resource(s)
  -------------------------------------------------------------------    -------------------
                         (clock ap_clk rise edge)     0.000     0.000 r  
                                                      0.000     0.000 r  ap_clk (IN)
                         net (fo=2847, unset)         0.973     0.973    bd_0_i/hls_inst/inst/mul_64ns_65ns_128_5_1_U8/fn1_mul_64ns_65ns_128_5_1_Multiplier_0_U/ap_clk
    DSP48_X0Y13          DSP48E1                                      r  bd_0_i/hls_inst/inst/mul_64ns_65ns_128_5_1_U8/fn1_mul_64ns_65ns_128_5_1_Multiplier_0_U/buff1_reg__2/CLK
  -------------------------------------------------------------------    -------------------
    DSP48_X0Y13          DSP48E1 (Prop_dsp48e1_CLK_P[1])
                                                      0.434     1.407 r  bd_0_i/hls_inst/inst/mul_64ns_65ns_128_5_1_U8/fn1_mul_64ns_65ns_128_5_1_Multiplier_0_U/buff1_reg__2/P[1]
                         net (fo=3, routed)           1.396     2.803    bd_0_i/hls_inst/inst/mul_64ns_65ns_128_5_1_U8/fn1_mul_64ns_65ns_128_5_1_Multiplier_0_U/buff1_reg__2_n_104
    SLICE_X18Y29         LUT3 (Prop_lut3_I0_O)        0.157     2.960 r  bd_0_i/hls_inst/inst/mul_64ns_65ns_128_5_1_U8/fn1_mul_64ns_65ns_128_5_1_Multiplier_0_U/buff2[57]_i_10/O
                         net (fo=2, routed)           0.509     3.469    bd_0_i/hls_inst/inst/mul_64ns_65ns_128_5_1_U8/fn1_mul_64ns_65ns_128_5_1_Multiplier_0_U/buff2[57]_i_10_n_0
    SLICE_X18Y30         LUT4 (Prop_lut4_I3_O)        0.355     3.824 r  bd_0_i/hls_inst/inst/mul_64ns_65ns_128_5_1_U8/fn1_mul_64ns_65ns_128_5_1_Multiplier_0_U/buff2[57]_i_14/O
                         net (fo=1, routed)           0.000     3.824    bd_0_i/hls_inst/inst/mul_64ns_65ns_128_5_1_U8/fn1_mul_64ns_65ns_128_5_1_Multiplier_0_U/buff2[57]_i_14_n_0
    SLICE_X18Y30         CARRY4 (Prop_carry4_S[0]_CO[3])
                                                      0.513     4.337 r  bd_0_i/hls_inst/inst/mul_64ns_65ns_128_5_1_U8/fn1_mul_64ns_65ns_128_5_1_Multiplier_0_U/buff2_reg[57]_i_6/CO[3]
                         net (fo=1, routed)           0.000     4.337    bd_0_i/hls_inst/inst/mul_64ns_65ns_128_5_1_U8/fn1_mul_64ns_65ns_128_5_1_Multiplier_0_U/buff2_reg[57]_i_6_n_0
    SLICE_X18Y31         CARRY4 (Prop_carry4_CI_CO[3])
                                                      0.117     4.454 r  bd_0_i/hls_inst/inst/mul_64ns_65ns_128_5_1_U8/fn1_mul_64ns_65ns_128_5_1_Multiplier_0_U/buff2_reg[61]_i_6/CO[3]
                         net (fo=1, routed)           0.000     4.454    bd_0_i/hls_inst/inst/mul_64ns_65ns_128_5_1_U8/fn1_mul_64ns_65ns_128_5_1_Multiplier_0_U/buff2_reg[61]_i_6_n_0
    SLICE_X18Y32         CARRY4 (Prop_carry4_CI_CO[3])
                                                      0.117     4.571 r  bd_0_i/hls_inst/inst/mul_64ns_65ns_128_5_1_U8/fn1_mul_64ns_65ns_128_5_1_Multiplier_0_U/buff2_reg[65]_i_6/CO[3]
                         net (fo=1, routed)           0.000     4.571    bd_0_i/hls_inst/inst/mul_64ns_65ns_128_5_1_U8/fn1_mul_64ns_65ns_128_5_1_Multiplier_0_U/buff2_reg[65]_i_6_n_0
    SLICE_X18Y33         CARRY4 (Prop_carry4_CI_CO[3])
                                                      0.117     4.688 r  bd_0_i/hls_inst/inst/mul_64ns_65ns_128_5_1_U8/fn1_mul_64ns_65ns_128_5_1_Multiplier_0_U/buff2_reg[69]_i_7/CO[3]
                         net (fo=1, routed)           0.000     4.688    bd_0_i/hls_inst/inst/mul_64ns_65ns_128_5_1_U8/fn1_mul_64ns_65ns_128_5_1_Multiplier_0_U/buff2_reg[69]_i_7_n_0
    SLICE_X18Y34         CARRY4 (Prop_carry4_CI_CO[3])
                                                      0.117     4.805 r  bd_0_i/hls_inst/inst/mul_64ns_65ns_128_5_1_U8/fn1_mul_64ns_65ns_128_5_1_Multiplier_0_U/buff2_reg[73]_i_10/CO[3]
                         net (fo=1, routed)           0.000     4.805    bd_0_i/hls_inst/inst/mul_64ns_65ns_128_5_1_U8/fn1_mul_64ns_65ns_128_5_1_Multiplier_0_U/buff2_reg[73]_i_10_n_0
    SLICE_X18Y35         CARRY4 (Prop_carry4_CI_CO[3])
                                                      0.117     4.922 r  bd_0_i/hls_inst/inst/mul_64ns_65ns_128_5_1_U8/fn1_mul_64ns_65ns_128_5_1_Multiplier_0_U/buff2_reg[77]_i_10/CO[3]
                         net (fo=1, routed)           0.000     4.922    bd_0_i/hls_inst/inst/mul_64ns_65ns_128_5_1_U8/fn1_mul_64ns_65ns_128_5_1_Multiplier_0_U/buff2_reg[77]_i_10_n_0
    SLICE_X18Y36         CARRY4 (Prop_carry4_CI_CO[3])
                                                      0.117     5.039 r  bd_0_i/hls_inst/inst/mul_64ns_65ns_128_5_1_U8/fn1_mul_64ns_65ns_128_5_1_Multiplier_0_U/buff2_reg[81]_i_10/CO[3]
                         net (fo=1, routed)           0.000     5.039    bd_0_i/hls_inst/inst/mul_64ns_65ns_128_5_1_U8/fn1_mul_64ns_65ns_128_5_1_Multiplier_0_U/buff2_reg[81]_i_10_n_0
    SLICE_X18Y37         CARRY4 (Prop_carry4_CI_CO[3])
                                                      0.117     5.156 r  bd_0_i/hls_inst/inst/mul_64ns_65ns_128_5_1_U8/fn1_mul_64ns_65ns_128_5_1_Multiplier_0_U/buff2_reg[85]_i_10/CO[3]
                         net (fo=1, routed)           0.000     5.156    bd_0_i/hls_inst/inst/mul_64ns_65ns_128_5_1_U8/fn1_mul_64ns_65ns_128_5_1_Multiplier_0_U/buff2_reg[85]_i_10_n_0
    SLICE_X18Y38         CARRY4 (Prop_carry4_CI_CO[3])
                                                      0.117     5.273 r  bd_0_i/hls_inst/inst/mul_64ns_65ns_128_5_1_U8/fn1_mul_64ns_65ns_128_5_1_Multiplier_0_U/buff2_reg[89]_i_10/CO[3]
                         net (fo=1, routed)           0.000     5.273    bd_0_i/hls_inst/inst/mul_64ns_65ns_128_5_1_U8/fn1_mul_64ns_65ns_128_5_1_Multiplier_0_U/buff2_reg[89]_i_10_n_0
    SLICE_X18Y39         CARRY4 (Prop_carry4_CI_CO[3])
                                                      0.117     5.390 r  bd_0_i/hls_inst/inst/mul_64ns_65ns_128_5_1_U8/fn1_mul_64ns_65ns_128_5_1_Multiplier_0_U/buff2_reg[93]_i_10/CO[3]
                         net (fo=1, routed)           0.000     5.390    bd_0_i/hls_inst/inst/mul_64ns_65ns_128_5_1_U8/fn1_mul_64ns_65ns_128_5_1_Multiplier_0_U/buff2_reg[93]_i_10_n_0
    SLICE_X18Y40         CARRY4 (Prop_carry4_CI_O[3])
                                                      0.315     5.705 r  bd_0_i/hls_inst/inst/mul_64ns_65ns_128_5_1_U8/fn1_mul_64ns_65ns_128_5_1_Multiplier_0_U/buff2_reg[97]_i_10/O[3]
                         net (fo=2, routed)           0.759     6.464    bd_0_i/hls_inst/inst/mul_64ns_65ns_128_5_1_U8/fn1_mul_64ns_65ns_128_5_1_Multiplier_0_U/buff2_reg[97]_i_10_n_4
    SLICE_X20Y41         LUT3 (Prop_lut3_I0_O)        0.336     6.800 r  bd_0_i/hls_inst/inst/mul_64ns_65ns_128_5_1_U8/fn1_mul_64ns_65ns_128_5_1_Multiplier_0_U/buff2[97]_i_2/O
                         net (fo=2, routed)           0.708     7.508    bd_0_i/hls_inst/inst/mul_64ns_65ns_128_5_1_U8/fn1_mul_64ns_65ns_128_5_1_Multiplier_0_U/buff2[97]_i_2_n_0
    SLICE_X20Y41         LUT4 (Prop_lut4_I3_O)        0.331     7.839 r  bd_0_i/hls_inst/inst/mul_64ns_65ns_128_5_1_U8/fn1_mul_64ns_65ns_128_5_1_Multiplier_0_U/buff2[97]_i_6/O
                         net (fo=1, routed)           0.000     7.839    bd_0_i/hls_inst/inst/mul_64ns_65ns_128_5_1_U8/fn1_mul_64ns_65ns_128_5_1_Multiplier_0_U/buff2[97]_i_6_n_0
    SLICE_X20Y41         CARRY4 (Prop_carry4_S[3]_CO[3])
                                                      0.376     8.215 r  bd_0_i/hls_inst/inst/mul_64ns_65ns_128_5_1_U8/fn1_mul_64ns_65ns_128_5_1_Multiplier_0_U/buff2_reg[97]_i_1/CO[3]
                         net (fo=1, routed)           0.000     8.215    bd_0_i/hls_inst/inst/mul_64ns_65ns_128_5_1_U8/fn1_mul_64ns_65ns_128_5_1_Multiplier_0_U/buff2_reg[97]_i_1_n_0
    SLICE_X20Y42         CARRY4 (Prop_carry4_CI_CO[3])
                                                      0.117     8.332 r  bd_0_i/hls_inst/inst/mul_64ns_65ns_128_5_1_U8/fn1_mul_64ns_65ns_128_5_1_Multiplier_0_U/buff2_reg[101]_i_1/CO[3]
                         net (fo=1, routed)           0.000     8.332    bd_0_i/hls_inst/inst/mul_64ns_65ns_128_5_1_U8/fn1_mul_64ns_65ns_128_5_1_Multiplier_0_U/buff2_reg[101]_i_1_n_0
    SLICE_X20Y43         CARRY4 (Prop_carry4_CI_CO[3])
                                                      0.117     8.449 r  bd_0_i/hls_inst/inst/mul_64ns_65ns_128_5_1_U8/fn1_mul_64ns_65ns_128_5_1_Multiplier_0_U/buff2_reg[105]_i_1/CO[3]
                         net (fo=1, routed)           0.000     8.449    bd_0_i/hls_inst/inst/mul_64ns_65ns_128_5_1_U8/fn1_mul_64ns_65ns_128_5_1_Multiplier_0_U/buff2_reg[105]_i_1_n_0
    SLICE_X20Y44         CARRY4 (Prop_carry4_CI_CO[3])
                                                      0.117     8.566 r  bd_0_i/hls_inst/inst/mul_64ns_65ns_128_5_1_U8/fn1_mul_64ns_65ns_128_5_1_Multiplier_0_U/buff2_reg[109]_i_1/CO[3]
                         net (fo=1, routed)           0.000     8.566    bd_0_i/hls_inst/inst/mul_64ns_65ns_128_5_1_U8/fn1_mul_64ns_65ns_128_5_1_Multiplier_0_U/buff2_reg[109]_i_1_n_0
    SLICE_X20Y45         CARRY4 (Prop_carry4_CI_CO[3])
                                                      0.117     8.683 r  bd_0_i/hls_inst/inst/mul_64ns_65ns_128_5_1_U8/fn1_mul_64ns_65ns_128_5_1_Multiplier_0_U/buff2_reg[113]_i_1/CO[3]
                         net (fo=1, routed)           0.000     8.683    bd_0_i/hls_inst/inst/mul_64ns_65ns_128_5_1_U8/fn1_mul_64ns_65ns_128_5_1_Multiplier_0_U/buff2_reg[113]_i_1_n_0
    SLICE_X20Y46         CARRY4 (Prop_carry4_CI_CO[3])
                                                      0.117     8.800 r  bd_0_i/hls_inst/inst/mul_64ns_65ns_128_5_1_U8/fn1_mul_64ns_65ns_128_5_1_Multiplier_0_U/buff2_reg[117]_i_1/CO[3]
                         net (fo=1, routed)           0.000     8.800    bd_0_i/hls_inst/inst/mul_64ns_65ns_128_5_1_U8/fn1_mul_64ns_65ns_128_5_1_Multiplier_0_U/buff2_reg[117]_i_1_n_0
    SLICE_X20Y47         CARRY4 (Prop_carry4_CI_CO[3])
                                                      0.117     8.917 r  bd_0_i/hls_inst/inst/mul_64ns_65ns_128_5_1_U8/fn1_mul_64ns_65ns_128_5_1_Multiplier_0_U/buff2_reg[121]_i_1/CO[3]
                         net (fo=1, routed)           0.000     8.917    bd_0_i/hls_inst/inst/mul_64ns_65ns_128_5_1_U8/fn1_mul_64ns_65ns_128_5_1_Multiplier_0_U/buff2_reg[121]_i_1_n_0
    SLICE_X20Y48         CARRY4 (Prop_carry4_CI_CO[3])
                                                      0.117     9.034 r  bd_0_i/hls_inst/inst/mul_64ns_65ns_128_5_1_U8/fn1_mul_64ns_65ns_128_5_1_Multiplier_0_U/buff2_reg[125]_i_1/CO[3]
                         net (fo=1, routed)           0.000     9.034    bd_0_i/hls_inst/inst/mul_64ns_65ns_128_5_1_U8/fn1_mul_64ns_65ns_128_5_1_Multiplier_0_U/buff2_reg[125]_i_1_n_0
    SLICE_X20Y49         CARRY4 (Prop_carry4_CI_O[1])
                                                      0.323     9.357 r  bd_0_i/hls_inst/inst/mul_64ns_65ns_128_5_1_U8/fn1_mul_64ns_65ns_128_5_1_Multiplier_0_U/buff2_reg[127]_i_1/O[1]
                         net (fo=1, routed)           0.000     9.357    bd_0_i/hls_inst/inst/mul_64ns_65ns_128_5_1_U8/fn1_mul_64ns_65ns_128_5_1_Multiplier_0_U/buff1_reg__5[127]
    SLICE_X20Y49         FDRE                                         r  bd_0_i/hls_inst/inst/mul_64ns_65ns_128_5_1_U8/fn1_mul_64ns_65ns_128_5_1_Multiplier_0_U/buff2_reg[127]/D
  -------------------------------------------------------------------    -------------------

                         (clock ap_clk rise edge)    10.000    10.000 r  
                                                      0.000    10.000 r  ap_clk (IN)
                         net (fo=2847, unset)         0.924    10.924    bd_0_i/hls_inst/inst/mul_64ns_65ns_128_5_1_U8/fn1_mul_64ns_65ns_128_5_1_Multiplier_0_U/ap_clk
    SLICE_X20Y49         FDRE                                         r  bd_0_i/hls_inst/inst/mul_64ns_65ns_128_5_1_U8/fn1_mul_64ns_65ns_128_5_1_Multiplier_0_U/buff2_reg[127]/C
                         clock pessimism              0.000    10.924    
                         clock uncertainty           -0.035    10.889    
    SLICE_X20Y49         FDRE (Setup_fdre_C_D)        0.109    10.998    bd_0_i/hls_inst/inst/mul_64ns_65ns_128_5_1_U8/fn1_mul_64ns_65ns_128_5_1_Multiplier_0_U/buff2_reg[127]
  -------------------------------------------------------------------
                         required time                         10.998    
                         arrival time                          -9.357    
  -------------------------------------------------------------------
                         slack                                  1.641    

Slack (MET) :             1.661ns  (required time - arrival time)
  Source:                 bd_0_i/hls_inst/inst/faddfsub_32ns_32ns_32_5_full_dsp_1_U1/fn1_ap_faddfsub_3_full_dsp_32_u/inst/i_synth/ADDSUB_OP.ADDSUB/DSP.OP/DSP48E1_BODY.EXP/NUMB_CMP/NOT_FAST.CMP/C_CHAIN/CHAIN_GEN[15].CARRYS_DEL.NEED_DEL.CARRYS_FD/C
                            (rising edge-triggered cell FDRE clocked by ap_clk  {rise@0.000ns fall@5.000ns period=10.000ns})
  Destination:            bd_0_i/hls_inst/inst/faddfsub_32ns_32ns_32_5_full_dsp_1_U1/fn1_ap_faddfsub_3_full_dsp_32_u/inst/i_synth/ADDSUB_OP.ADDSUB/DSP.OP/DSP48E1_BODY.ALIGN_ADD/DSP2/i_no_versal_es1_workaround.DSP/A[0]
                            (rising edge-triggered cell DSP48E1 clocked by ap_clk  {rise@0.000ns fall@5.000ns period=10.000ns})
  Path Group:             ap_clk
  Path Type:              Setup (Max at Slow Process Corner)
  Requirement:            10.000ns  (ap_clk rise@10.000ns - ap_clk rise@0.000ns)
  Data Path Delay:        2.781ns  (logic 0.580ns (20.858%)  route 2.201ns (79.142%))
  Logic Levels:           1  (LUT3=1)
  Clock Path Skew:        -0.049ns (DCD - SCD + CPR)
    Destination Clock Delay (DCD):    0.924ns = ( 10.924 - 10.000 ) 
    Source Clock Delay      (SCD):    0.973ns
    Clock Pessimism Removal (CPR):    0.000ns
  Clock Uncertainty:      0.035ns  ((TSJ^2 + TIJ^2)^1/2 + DJ) / 2 + PE
    Total System Jitter     (TSJ):    0.071ns
    Total Input Jitter      (TIJ):    0.000ns
    Discrete Jitter          (DJ):    0.000ns
    Phase Error              (PE):    0.000ns

    Location             Delay type                Incr(ns)  Path(ns)    Netlist Resource(s)
  -------------------------------------------------------------------    -------------------
                         (clock ap_clk rise edge)     0.000     0.000 r  
                                                      0.000     0.000 r  ap_clk (IN)
                         net (fo=2847, unset)         0.973     0.973    bd_0_i/hls_inst/inst/faddfsub_32ns_32ns_32_5_full_dsp_1_U1/fn1_ap_faddfsub_3_full_dsp_32_u/inst/i_synth/ADDSUB_OP.ADDSUB/DSP.OP/DSP48E1_BODY.EXP/NUMB_CMP/NOT_FAST.CMP/C_CHAIN/aclk
    SLICE_X44Y33         FDRE                                         r  bd_0_i/hls_inst/inst/faddfsub_32ns_32ns_32_5_full_dsp_1_U1/fn1_ap_faddfsub_3_full_dsp_32_u/inst/i_synth/ADDSUB_OP.ADDSUB/DSP.OP/DSP48E1_BODY.EXP/NUMB_CMP/NOT_FAST.CMP/C_CHAIN/CHAIN_GEN[15].CARRYS_DEL.NEED_DEL.CARRYS_FD/C
  -------------------------------------------------------------------    -------------------
    SLICE_X44Y33         FDRE (Prop_fdre_C_Q)         0.456     1.429 r  bd_0_i/hls_inst/inst/faddfsub_32ns_32ns_32_5_full_dsp_1_U1/fn1_ap_faddfsub_3_full_dsp_32_u/inst/i_synth/ADDSUB_OP.ADDSUB/DSP.OP/DSP48E1_BODY.EXP/NUMB_CMP/NOT_FAST.CMP/C_CHAIN/CHAIN_GEN[15].CARRYS_DEL.NEED_DEL.CARRYS_FD/Q
                         net (fo=54, routed)          1.490     2.919    bd_0_i/hls_inst/inst/faddfsub_32ns_32ns_32_5_full_dsp_1_U1/fn1_ap_faddfsub_3_full_dsp_32_u/inst/i_synth/ADDSUB_OP.ADDSUB/DSP.OP/A_IP_DELAY/i_pipe/CARRY_OUT
    SLICE_X41Y28         LUT3 (Prop_lut3_I1_O)        0.124     3.043 r  bd_0_i/hls_inst/inst/faddfsub_32ns_32ns_32_5_full_dsp_1_U1/fn1_ap_faddfsub_3_full_dsp_32_u/inst/i_synth/ADDSUB_OP.ADDSUB/DSP.OP/A_IP_DELAY/i_pipe/i_no_versal_es1_workaround.DSP_i_40/O
                         net (fo=1, routed)           0.711     3.754    bd_0_i/hls_inst/inst/faddfsub_32ns_32ns_32_5_full_dsp_1_U1/fn1_ap_faddfsub_3_full_dsp_32_u/inst/i_synth/ADDSUB_OP.ADDSUB/DSP.OP/DSP48E1_BODY.ALIGN_ADD/DSP2/i_no_versal_es1_workaround.DSP_3[0]
    DSP48_X2Y10          DSP48E1                                      r  bd_0_i/hls_inst/inst/faddfsub_32ns_32ns_32_5_full_dsp_1_U1/fn1_ap_faddfsub_3_full_dsp_32_u/inst/i_synth/ADDSUB_OP.ADDSUB/DSP.OP/DSP48E1_BODY.ALIGN_ADD/DSP2/i_no_versal_es1_workaround.DSP/A[0]
  -------------------------------------------------------------------    -------------------

                         (clock ap_clk rise edge)    10.000    10.000 r  
                                                      0.000    10.000 r  ap_clk (IN)
                         net (fo=2847, unset)         0.924    10.924    bd_0_i/hls_inst/inst/faddfsub_32ns_32ns_32_5_full_dsp_1_U1/fn1_ap_faddfsub_3_full_dsp_32_u/inst/i_synth/ADDSUB_OP.ADDSUB/DSP.OP/DSP48E1_BODY.ALIGN_ADD/DSP2/aclk
    DSP48_X2Y10          DSP48E1                                      r  bd_0_i/hls_inst/inst/faddfsub_32ns_32ns_32_5_full_dsp_1_U1/fn1_ap_faddfsub_3_full_dsp_32_u/inst/i_synth/ADDSUB_OP.ADDSUB/DSP.OP/DSP48E1_BODY.ALIGN_ADD/DSP2/i_no_versal_es1_workaround.DSP/CLK
                         clock pessimism              0.000    10.924    
                         clock uncertainty           -0.035    10.889    
    DSP48_X2Y10          DSP48E1 (Setup_dsp48e1_CLK_A[0])
                                                     -5.474     5.415    bd_0_i/hls_inst/inst/faddfsub_32ns_32ns_32_5_full_dsp_1_U1/fn1_ap_faddfsub_3_full_dsp_32_u/inst/i_synth/ADDSUB_OP.ADDSUB/DSP.OP/DSP48E1_BODY.ALIGN_ADD/DSP2/i_no_versal_es1_workaround.DSP
  -------------------------------------------------------------------
                         required time                          5.415    
                         arrival time                          -3.754    
  -------------------------------------------------------------------
                         slack                                  1.661    




