

================================================================
== Vitis HLS Report for 'fn1'
================================================================
* Date:           Sat May  1 01:54:39 2021

* Version:        2020.2 (Build 3064766 on Wed Nov 18 09:12:47 MST 2020)
* Project:        project_tmp
* Solution:       solution_tmp (Vivado IP Flow Target)
* Product family: zynq
* Target device:  xc7z020-clg484-1


================================================================
== Performance Estimates
================================================================
+ Timing: 
    * Summary: 
    +--------+----------+----------+------------+
    |  Clock |  Target  | Estimated| Uncertainty|
    +--------+----------+----------+------------+
    |ap_clk  |  10.00 ns|  6.978 ns|     2.70 ns|
    +--------+----------+----------+------------+

+ Latency: 
    * Summary: 
    +---------+---------+----------+----------+-----+-----+---------+
    |  Latency (cycles) |  Latency (absolute) |  Interval | Pipeline|
    |   min   |   max   |    min   |    max   | min | max |   Type  |
    +---------+---------+----------+----------+-----+-----+---------+
    |       75|       75|  0.750 us|  0.750 us|   76|   76|     none|
    +---------+---------+----------+----------+-----+-----+---------+

    + Detail: 
        * Instance: 
        N/A

        * Loop: 
        N/A

============================================================
+ Verbose Summary: Synthesis Manager
============================================================
InlineROM: 1
ExposeGlobal: 0
============================================================
+ Verbose Summary: CDFG Model
============================================================
IsTopModel: 1
ResetActiveHigh: 1
IsCombinational: 0
IsDatapathOnly: 0
HasWiredReturn: 1
HasMFsm: 0
HasVarLatency: 1
IsPipeline: 0
IsRtlPipelined: 0
IsInstanceOverlapped: 0
IsDontTouch: 0
HasImplIP: 0
IsGatedGlobalClock: 0


============================================================
+ Verbose Summary: Schedule
============================================================
* Number of FSM states : 76
* Pipeline : 0
* Dataflow Pipeline: 0

* FSM state transitions: 
1 --> 2 
2 --> 3 
3 --> 4 
4 --> 5 
5 --> 6 
6 --> 7 
7 --> 8 
8 --> 9 
9 --> 10 
10 --> 11 
11 --> 12 
12 --> 13 
13 --> 14 
14 --> 15 
15 --> 16 
16 --> 17 
17 --> 18 
18 --> 19 
19 --> 20 
20 --> 21 
21 --> 22 
22 --> 23 
23 --> 24 
24 --> 25 
25 --> 26 
26 --> 27 
27 --> 28 
28 --> 29 
29 --> 30 
30 --> 31 
31 --> 32 
32 --> 33 
33 --> 34 
34 --> 35 
35 --> 36 
36 --> 37 
37 --> 38 
38 --> 39 
39 --> 40 
40 --> 41 
41 --> 42 
42 --> 43 
43 --> 44 
44 --> 45 
45 --> 46 
46 --> 47 
47 --> 48 
48 --> 49 
49 --> 50 
50 --> 51 
51 --> 52 
52 --> 53 
53 --> 54 
54 --> 55 
55 --> 56 
56 --> 57 
57 --> 58 
58 --> 59 
59 --> 60 
60 --> 61 
61 --> 62 
62 --> 63 
63 --> 64 
64 --> 65 
65 --> 66 
66 --> 67 
67 --> 68 
68 --> 69 
69 --> 70 
70 --> 71 
71 --> 72 
72 --> 73 
73 --> 74 
74 --> 75 
75 --> 76 
76 --> 

* FSM state operations: 

State 1 <SV = 0> <Delay = 2.32>
ST_1 : Operation 77 [1/1] (0.00ns)   --->   "%p_11_addr = getelementptr i32 %p_11, i64 0, i64 10" [dfg_199.c:13]   --->   Operation 77 'getelementptr' 'p_11_addr' <Predicate = true> <Delay = 0.00>
ST_1 : Operation 78 [1/1] (0.00ns)   --->   "%p_11_addr_1 = getelementptr i32 %p_11, i64 0, i64 8" [dfg_199.c:14]   --->   Operation 78 'getelementptr' 'p_11_addr_1' <Predicate = true> <Delay = 0.00>
ST_1 : Operation 79 [2/2] (2.32ns)   --->   "%p_11_load = load i4 %p_11_addr" [dfg_199.c:13]   --->   Operation 79 'load' 'p_11_load' <Predicate = true> <Delay = 2.32> <CoreInst = "RAM">   --->   Core 82 'RAM' <Latency = 1> <II = 1> <Delay = 2.32> <Storage> <Opcode : 'load' 'store'> <Ports = 2> <Width = 32> <Depth = 15> <RAM>
ST_1 : Operation 80 [2/2] (2.32ns)   --->   "%p_11_load_1 = load i4 %p_11_addr_1" [dfg_199.c:14]   --->   Operation 80 'load' 'p_11_load_1' <Predicate = true> <Delay = 2.32> <CoreInst = "RAM">   --->   Core 82 'RAM' <Latency = 1> <II = 1> <Delay = 2.32> <Storage> <Opcode : 'load' 'store'> <Ports = 2> <Width = 32> <Depth = 15> <RAM>

State 2 <SV = 1> <Delay = 6.97>
ST_2 : Operation 81 [1/1] (0.00ns)   --->   "%p_6_read = read i64 @_ssdm_op_Read.ap_auto.i64, i64 %p_6" [dfg_199.c:13]   --->   Operation 81 'read' 'p_6_read' <Predicate = true> <Delay = 0.00>
ST_2 : Operation 82 [1/1] (0.00ns)   --->   "%p_read = read i16 @_ssdm_op_Read.ap_auto.i16, i16 %p" [dfg_199.c:13]   --->   Operation 82 'read' 'p_read' <Predicate = true> <Delay = 0.00>
ST_2 : Operation 83 [1/2] (2.32ns)   --->   "%p_11_load = load i4 %p_11_addr" [dfg_199.c:13]   --->   Operation 83 'load' 'p_11_load' <Predicate = true> <Delay = 2.32> <CoreInst = "RAM">   --->   Core 82 'RAM' <Latency = 1> <II = 1> <Delay = 2.32> <Storage> <Opcode : 'load' 'store'> <Ports = 2> <Width = 32> <Depth = 15> <RAM>
ST_2 : Operation 84 [1/2] (2.32ns)   --->   "%p_11_load_1 = load i4 %p_11_addr_1" [dfg_199.c:14]   --->   Operation 84 'load' 'p_11_load_1' <Predicate = true> <Delay = 2.32> <CoreInst = "RAM">   --->   Core 82 'RAM' <Latency = 1> <II = 1> <Delay = 2.32> <Storage> <Opcode : 'load' 'store'> <Ports = 2> <Width = 32> <Depth = 15> <RAM>
ST_2 : Operation 85 [1/1] (0.00ns) (grouped into LUT with out node add_ln14)   --->   "%trunc_ln14 = trunc i64 %p_6_read" [dfg_199.c:14]   --->   Operation 85 'trunc' 'trunc_ln14' <Predicate = true> <Delay = 0.00>
ST_2 : Operation 86 [1/1] (0.00ns) (grouped into LUT with out node add_ln14)   --->   "%or_ln14 = or i32 %p_11_load_1, i32 %trunc_ln14" [dfg_199.c:14]   --->   Operation 86 'or' 'or_ln14' <Predicate = true> <Delay = 0.00> <CoreInst = "LogicGate">   --->   Core 74 'LogicGate' <Latency = 0> <II = 1> <Delay = 0.99> <FuncUnit> <Opcode : 'and' 'or' 'xor'> <InPorts = 2> <OutPorts = 1>
ST_2 : Operation 87 [1/1] (0.00ns) (grouped into LUT with out node add_ln14)   --->   "%tmp = partselect i32 @_ssdm_op_PartSelect.i32.i64.i32.i32, i64 %p_6_read, i32 32, i32 63" [dfg_199.c:14]   --->   Operation 87 'partselect' 'tmp' <Predicate = true> <Delay = 0.00>
ST_2 : Operation 88 [1/1] (0.00ns) (grouped into LUT with out node add_ln14)   --->   "%or_ln = bitconcatenate i64 @_ssdm_op_BitConcatenate.i64.i32.i32, i32 %tmp, i32 %or_ln14" [dfg_199.c:14]   --->   Operation 88 'bitconcatenate' 'or_ln' <Predicate = true> <Delay = 0.00>
ST_2 : Operation 89 [1/1] (3.52ns) (out node of the LUT)   --->   "%add_ln14 = add i64 %or_ln, i64 378" [dfg_199.c:14]   --->   Operation 89 'add' 'add_ln14' <Predicate = true> <Delay = 3.52> <CoreInst = "Adder">   --->   Core 1 'Adder' <Latency = 0> <II = 1> <Delay = 1.82> <FuncUnit> <Opcode : 'add' 'sub'> <InPorts = 2> <OutPorts = 1>
ST_2 : Operation 90 [1/1] (0.00ns)   --->   "%zext_ln18 = zext i16 %p_read" [dfg_199.c:18]   --->   Operation 90 'zext' 'zext_ln18' <Predicate = true> <Delay = 0.00>
ST_2 : Operation 91 [5/5] (6.97ns)   --->   "%mul_ln18 = mul i64 %zext_ln18, i64 %p_6_read" [dfg_199.c:18]   --->   Operation 91 'mul' 'mul_ln18' <Predicate = true> <Delay = 6.97> <CoreInst = "Multiplier">   --->   Core 3 'Multiplier' <Latency = 0> <II = 1> <Delay = 4.17> <FuncUnit> <Opcode : 'mul'> <InPorts = 2> <OutPorts = 1>

State 3 <SV = 2> <Delay = 6.97>
ST_3 : Operation 92 [1/1] (0.00ns)   --->   "%zext_ln13 = zext i32 %p_11_load" [dfg_199.c:13]   --->   Operation 92 'zext' 'zext_ln13' <Predicate = true> <Delay = 0.00>
ST_3 : Operation 93 [36/36] (5.07ns)   --->   "%udiv_ln13 = udiv i64 %zext_ln13, i64 %add_ln14" [dfg_199.c:13]   --->   Operation 93 'udiv' 'udiv_ln13' <Predicate = true> <Delay = 5.07> <CoreInst = "DivnS_SEQ">   --->   Core 7 'DivnS_SEQ' <Latency = 67> <II = 32> <Delay = 5.07> <FuncUnit> <Opcode : 'sdiv' 'srem' 'udiv' 'urem'> <InPorts = 2> <OutPorts = 1>
ST_3 : Operation 94 [4/5] (6.97ns)   --->   "%mul_ln18 = mul i64 %zext_ln18, i64 %p_6_read" [dfg_199.c:18]   --->   Operation 94 'mul' 'mul_ln18' <Predicate = true> <Delay = 6.97> <CoreInst = "Multiplier">   --->   Core 3 'Multiplier' <Latency = 0> <II = 1> <Delay = 4.17> <FuncUnit> <Opcode : 'mul'> <InPorts = 2> <OutPorts = 1>

State 4 <SV = 3> <Delay = 6.97>
ST_4 : Operation 95 [35/36] (5.07ns)   --->   "%udiv_ln13 = udiv i64 %zext_ln13, i64 %add_ln14" [dfg_199.c:13]   --->   Operation 95 'udiv' 'udiv_ln13' <Predicate = true> <Delay = 5.07> <CoreInst = "DivnS_SEQ">   --->   Core 7 'DivnS_SEQ' <Latency = 67> <II = 32> <Delay = 5.07> <FuncUnit> <Opcode : 'sdiv' 'srem' 'udiv' 'urem'> <InPorts = 2> <OutPorts = 1>
ST_4 : Operation 96 [3/5] (6.97ns)   --->   "%mul_ln18 = mul i64 %zext_ln18, i64 %p_6_read" [dfg_199.c:18]   --->   Operation 96 'mul' 'mul_ln18' <Predicate = true> <Delay = 6.97> <CoreInst = "Multiplier">   --->   Core 3 'Multiplier' <Latency = 0> <II = 1> <Delay = 4.17> <FuncUnit> <Opcode : 'mul'> <InPorts = 2> <OutPorts = 1>

State 5 <SV = 4> <Delay = 6.97>
ST_5 : Operation 97 [34/36] (5.07ns)   --->   "%udiv_ln13 = udiv i64 %zext_ln13, i64 %add_ln14" [dfg_199.c:13]   --->   Operation 97 'udiv' 'udiv_ln13' <Predicate = true> <Delay = 5.07> <CoreInst = "DivnS_SEQ">   --->   Core 7 'DivnS_SEQ' <Latency = 67> <II = 32> <Delay = 5.07> <FuncUnit> <Opcode : 'sdiv' 'srem' 'udiv' 'urem'> <InPorts = 2> <OutPorts = 1>
ST_5 : Operation 98 [2/5] (6.97ns)   --->   "%mul_ln18 = mul i64 %zext_ln18, i64 %p_6_read" [dfg_199.c:18]   --->   Operation 98 'mul' 'mul_ln18' <Predicate = true> <Delay = 6.97> <CoreInst = "Multiplier">   --->   Core 3 'Multiplier' <Latency = 0> <II = 1> <Delay = 4.17> <FuncUnit> <Opcode : 'mul'> <InPorts = 2> <OutPorts = 1>

State 6 <SV = 5> <Delay = 6.97>
ST_6 : Operation 99 [33/36] (5.07ns)   --->   "%udiv_ln13 = udiv i64 %zext_ln13, i64 %add_ln14" [dfg_199.c:13]   --->   Operation 99 'udiv' 'udiv_ln13' <Predicate = true> <Delay = 5.07> <CoreInst = "DivnS_SEQ">   --->   Core 7 'DivnS_SEQ' <Latency = 67> <II = 32> <Delay = 5.07> <FuncUnit> <Opcode : 'sdiv' 'srem' 'udiv' 'urem'> <InPorts = 2> <OutPorts = 1>
ST_6 : Operation 100 [1/5] (6.97ns)   --->   "%mul_ln18 = mul i64 %zext_ln18, i64 %p_6_read" [dfg_199.c:18]   --->   Operation 100 'mul' 'mul_ln18' <Predicate = true> <Delay = 6.97> <CoreInst = "Multiplier">   --->   Core 3 'Multiplier' <Latency = 0> <II = 1> <Delay = 4.17> <FuncUnit> <Opcode : 'mul'> <InPorts = 2> <OutPorts = 1>

State 7 <SV = 6> <Delay = 5.07>
ST_7 : Operation 101 [1/1] (0.00ns)   --->   "%p_9_read = read i8 @_ssdm_op_Read.ap_auto.i8, i8 %p_9" [dfg_199.c:13]   --->   Operation 101 'read' 'p_9_read' <Predicate = true> <Delay = 0.00>
ST_7 : Operation 102 [1/1] (0.00ns)   --->   "%p_4_read = read i16 @_ssdm_op_Read.ap_auto.i16, i16 %p_4" [dfg_199.c:13]   --->   Operation 102 'read' 'p_4_read' <Predicate = true> <Delay = 0.00>
ST_7 : Operation 103 [32/36] (5.07ns)   --->   "%udiv_ln13 = udiv i64 %zext_ln13, i64 %add_ln14" [dfg_199.c:13]   --->   Operation 103 'udiv' 'udiv_ln13' <Predicate = true> <Delay = 5.07> <CoreInst = "DivnS_SEQ">   --->   Core 7 'DivnS_SEQ' <Latency = 67> <II = 32> <Delay = 5.07> <FuncUnit> <Opcode : 'sdiv' 'srem' 'udiv' 'urem'> <InPorts = 2> <OutPorts = 1>
ST_7 : Operation 104 [1/1] (0.00ns)   --->   "%trunc_ln15 = trunc i16 %p_4_read" [dfg_199.c:15]   --->   Operation 104 'trunc' 'trunc_ln15' <Predicate = true> <Delay = 0.00>
ST_7 : Operation 105 [1/1] (1.91ns)   --->   "%v = add i8 %trunc_ln15, i8 %p_9_read" [dfg_199.c:15]   --->   Operation 105 'add' 'v' <Predicate = true> <Delay = 1.91> <CoreInst = "Adder">   --->   Core 1 'Adder' <Latency = 0> <II = 1> <Delay = 1.82> <FuncUnit> <Opcode : 'add' 'sub'> <InPorts = 2> <OutPorts = 1>
ST_7 : Operation 106 [1/1] (0.00ns) (grouped into LUT with out node sub_ln17)   --->   "%zext_ln17 = zext i16 %p_4_read" [dfg_199.c:17]   --->   Operation 106 'zext' 'zext_ln17' <Predicate = true> <Delay = 0.00>
ST_7 : Operation 107 [1/1] (0.00ns) (grouped into LUT with out node sub_ln17)   --->   "%xor_ln17 = xor i27 %zext_ln17, i27 67905624" [dfg_199.c:17]   --->   Operation 107 'xor' 'xor_ln17' <Predicate = true> <Delay = 0.00> <CoreInst = "LogicGate">   --->   Core 74 'LogicGate' <Latency = 0> <II = 1> <Delay = 0.99> <FuncUnit> <Opcode : 'and' 'or' 'xor'> <InPorts = 2> <OutPorts = 1>
ST_7 : Operation 108 [1/1] (0.00ns) (grouped into LUT with out node sub_ln17)   --->   "%sext_ln18 = sext i27 %xor_ln17" [dfg_199.c:18]   --->   Operation 108 'sext' 'sext_ln18' <Predicate = true> <Delay = 0.00>
ST_7 : Operation 109 [1/1] (0.00ns) (grouped into LUT with out node sub_ln17)   --->   "%zext_ln18_2 = zext i30 %sext_ln18" [dfg_199.c:18]   --->   Operation 109 'zext' 'zext_ln18_2' <Predicate = true> <Delay = 0.00>
ST_7 : Operation 110 [1/1] (3.52ns) (out node of the LUT)   --->   "%sub_ln17 = sub i64 %zext_ln18_2, i64 %mul_ln18" [dfg_199.c:17]   --->   Operation 110 'sub' 'sub_ln17' <Predicate = true> <Delay = 3.52> <CoreInst = "Adder">   --->   Core 1 'Adder' <Latency = 0> <II = 1> <Delay = 1.82> <FuncUnit> <Opcode : 'add' 'sub'> <InPorts = 2> <OutPorts = 1>

State 8 <SV = 7> <Delay = 6.89>
ST_8 : Operation 111 [31/36] (5.07ns)   --->   "%udiv_ln13 = udiv i64 %zext_ln13, i64 %add_ln14" [dfg_199.c:13]   --->   Operation 111 'udiv' 'udiv_ln13' <Predicate = true> <Delay = 5.07> <CoreInst = "DivnS_SEQ">   --->   Core 7 'DivnS_SEQ' <Latency = 67> <II = 32> <Delay = 5.07> <FuncUnit> <Opcode : 'sdiv' 'srem' 'udiv' 'urem'> <InPorts = 2> <OutPorts = 1>
ST_8 : Operation 112 [1/1] (0.00ns)   --->   "%sext_ln19 = sext i8 %v" [dfg_199.c:19]   --->   Operation 112 'sext' 'sext_ln19' <Predicate = true> <Delay = 0.00>
ST_8 : Operation 113 [1/1] (1.82ns)   --->   "%add_ln19 = add i9 %sext_ln19, i9 158" [dfg_199.c:19]   --->   Operation 113 'add' 'add_ln19' <Predicate = true> <Delay = 1.82> <CoreInst = "Adder">   --->   Core 1 'Adder' <Latency = 0> <II = 1> <Delay = 1.82> <FuncUnit> <Opcode : 'add' 'sub'> <InPorts = 2> <OutPorts = 1>
ST_8 : Operation 114 [1/1] (0.00ns)   --->   "%zext_ln18_1 = zext i9 %add_ln19" [dfg_199.c:18]   --->   Operation 114 'zext' 'zext_ln18_1' <Predicate = true> <Delay = 0.00>
ST_8 : Operation 115 [68/68] (5.07ns)   --->   "%udiv_ln18 = udiv i64 %sub_ln17, i64 %zext_ln18_1" [dfg_199.c:18]   --->   Operation 115 'udiv' 'udiv_ln18' <Predicate = true> <Delay = 5.07> <CoreInst = "DivnS_SEQ">   --->   Core 7 'DivnS_SEQ' <Latency = 67> <II = 8> <Delay = 5.07> <FuncUnit> <Opcode : 'sdiv' 'srem' 'udiv' 'urem'> <InPorts = 2> <OutPorts = 1>

State 9 <SV = 8> <Delay = 5.07>
ST_9 : Operation 116 [30/36] (5.07ns)   --->   "%udiv_ln13 = udiv i64 %zext_ln13, i64 %add_ln14" [dfg_199.c:13]   --->   Operation 116 'udiv' 'udiv_ln13' <Predicate = true> <Delay = 5.07> <CoreInst = "DivnS_SEQ">   --->   Core 7 'DivnS_SEQ' <Latency = 67> <II = 32> <Delay = 5.07> <FuncUnit> <Opcode : 'sdiv' 'srem' 'udiv' 'urem'> <InPorts = 2> <OutPorts = 1>
ST_9 : Operation 117 [67/68] (5.07ns)   --->   "%udiv_ln18 = udiv i64 %sub_ln17, i64 %zext_ln18_1" [dfg_199.c:18]   --->   Operation 117 'udiv' 'udiv_ln18' <Predicate = true> <Delay = 5.07> <CoreInst = "DivnS_SEQ">   --->   Core 7 'DivnS_SEQ' <Latency = 67> <II = 8> <Delay = 5.07> <FuncUnit> <Opcode : 'sdiv' 'srem' 'udiv' 'urem'> <InPorts = 2> <OutPorts = 1>

State 10 <SV = 9> <Delay = 5.07>
ST_10 : Operation 118 [29/36] (5.07ns)   --->   "%udiv_ln13 = udiv i64 %zext_ln13, i64 %add_ln14" [dfg_199.c:13]   --->   Operation 118 'udiv' 'udiv_ln13' <Predicate = true> <Delay = 5.07> <CoreInst = "DivnS_SEQ">   --->   Core 7 'DivnS_SEQ' <Latency = 67> <II = 32> <Delay = 5.07> <FuncUnit> <Opcode : 'sdiv' 'srem' 'udiv' 'urem'> <InPorts = 2> <OutPorts = 1>
ST_10 : Operation 119 [66/68] (5.07ns)   --->   "%udiv_ln18 = udiv i64 %sub_ln17, i64 %zext_ln18_1" [dfg_199.c:18]   --->   Operation 119 'udiv' 'udiv_ln18' <Predicate = true> <Delay = 5.07> <CoreInst = "DivnS_SEQ">   --->   Core 7 'DivnS_SEQ' <Latency = 67> <II = 8> <Delay = 5.07> <FuncUnit> <Opcode : 'sdiv' 'srem' 'udiv' 'urem'> <InPorts = 2> <OutPorts = 1>

State 11 <SV = 10> <Delay = 5.07>
ST_11 : Operation 120 [28/36] (5.07ns)   --->   "%udiv_ln13 = udiv i64 %zext_ln13, i64 %add_ln14" [dfg_199.c:13]   --->   Operation 120 'udiv' 'udiv_ln13' <Predicate = true> <Delay = 5.07> <CoreInst = "DivnS_SEQ">   --->   Core 7 'DivnS_SEQ' <Latency = 67> <II = 32> <Delay = 5.07> <FuncUnit> <Opcode : 'sdiv' 'srem' 'udiv' 'urem'> <InPorts = 2> <OutPorts = 1>
ST_11 : Operation 121 [65/68] (5.07ns)   --->   "%udiv_ln18 = udiv i64 %sub_ln17, i64 %zext_ln18_1" [dfg_199.c:18]   --->   Operation 121 'udiv' 'udiv_ln18' <Predicate = true> <Delay = 5.07> <CoreInst = "DivnS_SEQ">   --->   Core 7 'DivnS_SEQ' <Latency = 67> <II = 8> <Delay = 5.07> <FuncUnit> <Opcode : 'sdiv' 'srem' 'udiv' 'urem'> <InPorts = 2> <OutPorts = 1>

State 12 <SV = 11> <Delay = 5.07>
ST_12 : Operation 122 [27/36] (5.07ns)   --->   "%udiv_ln13 = udiv i64 %zext_ln13, i64 %add_ln14" [dfg_199.c:13]   --->   Operation 122 'udiv' 'udiv_ln13' <Predicate = true> <Delay = 5.07> <CoreInst = "DivnS_SEQ">   --->   Core 7 'DivnS_SEQ' <Latency = 67> <II = 32> <Delay = 5.07> <FuncUnit> <Opcode : 'sdiv' 'srem' 'udiv' 'urem'> <InPorts = 2> <OutPorts = 1>
ST_12 : Operation 123 [64/68] (5.07ns)   --->   "%udiv_ln18 = udiv i64 %sub_ln17, i64 %zext_ln18_1" [dfg_199.c:18]   --->   Operation 123 'udiv' 'udiv_ln18' <Predicate = true> <Delay = 5.07> <CoreInst = "DivnS_SEQ">   --->   Core 7 'DivnS_SEQ' <Latency = 67> <II = 8> <Delay = 5.07> <FuncUnit> <Opcode : 'sdiv' 'srem' 'udiv' 'urem'> <InPorts = 2> <OutPorts = 1>

State 13 <SV = 12> <Delay = 5.07>
ST_13 : Operation 124 [26/36] (5.07ns)   --->   "%udiv_ln13 = udiv i64 %zext_ln13, i64 %add_ln14" [dfg_199.c:13]   --->   Operation 124 'udiv' 'udiv_ln13' <Predicate = true> <Delay = 5.07> <CoreInst = "DivnS_SEQ">   --->   Core 7 'DivnS_SEQ' <Latency = 67> <II = 32> <Delay = 5.07> <FuncUnit> <Opcode : 'sdiv' 'srem' 'udiv' 'urem'> <InPorts = 2> <OutPorts = 1>
ST_13 : Operation 125 [63/68] (5.07ns)   --->   "%udiv_ln18 = udiv i64 %sub_ln17, i64 %zext_ln18_1" [dfg_199.c:18]   --->   Operation 125 'udiv' 'udiv_ln18' <Predicate = true> <Delay = 5.07> <CoreInst = "DivnS_SEQ">   --->   Core 7 'DivnS_SEQ' <Latency = 67> <II = 8> <Delay = 5.07> <FuncUnit> <Opcode : 'sdiv' 'srem' 'udiv' 'urem'> <InPorts = 2> <OutPorts = 1>

State 14 <SV = 13> <Delay = 5.07>
ST_14 : Operation 126 [25/36] (5.07ns)   --->   "%udiv_ln13 = udiv i64 %zext_ln13, i64 %add_ln14" [dfg_199.c:13]   --->   Operation 126 'udiv' 'udiv_ln13' <Predicate = true> <Delay = 5.07> <CoreInst = "DivnS_SEQ">   --->   Core 7 'DivnS_SEQ' <Latency = 67> <II = 32> <Delay = 5.07> <FuncUnit> <Opcode : 'sdiv' 'srem' 'udiv' 'urem'> <InPorts = 2> <OutPorts = 1>
ST_14 : Operation 127 [62/68] (5.07ns)   --->   "%udiv_ln18 = udiv i64 %sub_ln17, i64 %zext_ln18_1" [dfg_199.c:18]   --->   Operation 127 'udiv' 'udiv_ln18' <Predicate = true> <Delay = 5.07> <CoreInst = "DivnS_SEQ">   --->   Core 7 'DivnS_SEQ' <Latency = 67> <II = 8> <Delay = 5.07> <FuncUnit> <Opcode : 'sdiv' 'srem' 'udiv' 'urem'> <InPorts = 2> <OutPorts = 1>

State 15 <SV = 14> <Delay = 5.07>
ST_15 : Operation 128 [24/36] (5.07ns)   --->   "%udiv_ln13 = udiv i64 %zext_ln13, i64 %add_ln14" [dfg_199.c:13]   --->   Operation 128 'udiv' 'udiv_ln13' <Predicate = true> <Delay = 5.07> <CoreInst = "DivnS_SEQ">   --->   Core 7 'DivnS_SEQ' <Latency = 67> <II = 32> <Delay = 5.07> <FuncUnit> <Opcode : 'sdiv' 'srem' 'udiv' 'urem'> <InPorts = 2> <OutPorts = 1>
ST_15 : Operation 129 [61/68] (5.07ns)   --->   "%udiv_ln18 = udiv i64 %sub_ln17, i64 %zext_ln18_1" [dfg_199.c:18]   --->   Operation 129 'udiv' 'udiv_ln18' <Predicate = true> <Delay = 5.07> <CoreInst = "DivnS_SEQ">   --->   Core 7 'DivnS_SEQ' <Latency = 67> <II = 8> <Delay = 5.07> <FuncUnit> <Opcode : 'sdiv' 'srem' 'udiv' 'urem'> <InPorts = 2> <OutPorts = 1>

State 16 <SV = 15> <Delay = 5.07>
ST_16 : Operation 130 [23/36] (5.07ns)   --->   "%udiv_ln13 = udiv i64 %zext_ln13, i64 %add_ln14" [dfg_199.c:13]   --->   Operation 130 'udiv' 'udiv_ln13' <Predicate = true> <Delay = 5.07> <CoreInst = "DivnS_SEQ">   --->   Core 7 'DivnS_SEQ' <Latency = 67> <II = 32> <Delay = 5.07> <FuncUnit> <Opcode : 'sdiv' 'srem' 'udiv' 'urem'> <InPorts = 2> <OutPorts = 1>
ST_16 : Operation 131 [60/68] (5.07ns)   --->   "%udiv_ln18 = udiv i64 %sub_ln17, i64 %zext_ln18_1" [dfg_199.c:18]   --->   Operation 131 'udiv' 'udiv_ln18' <Predicate = true> <Delay = 5.07> <CoreInst = "DivnS_SEQ">   --->   Core 7 'DivnS_SEQ' <Latency = 67> <II = 8> <Delay = 5.07> <FuncUnit> <Opcode : 'sdiv' 'srem' 'udiv' 'urem'> <InPorts = 2> <OutPorts = 1>

State 17 <SV = 16> <Delay = 5.07>
ST_17 : Operation 132 [22/36] (5.07ns)   --->   "%udiv_ln13 = udiv i64 %zext_ln13, i64 %add_ln14" [dfg_199.c:13]   --->   Operation 132 'udiv' 'udiv_ln13' <Predicate = true> <Delay = 5.07> <CoreInst = "DivnS_SEQ">   --->   Core 7 'DivnS_SEQ' <Latency = 67> <II = 32> <Delay = 5.07> <FuncUnit> <Opcode : 'sdiv' 'srem' 'udiv' 'urem'> <InPorts = 2> <OutPorts = 1>
ST_17 : Operation 133 [59/68] (5.07ns)   --->   "%udiv_ln18 = udiv i64 %sub_ln17, i64 %zext_ln18_1" [dfg_199.c:18]   --->   Operation 133 'udiv' 'udiv_ln18' <Predicate = true> <Delay = 5.07> <CoreInst = "DivnS_SEQ">   --->   Core 7 'DivnS_SEQ' <Latency = 67> <II = 8> <Delay = 5.07> <FuncUnit> <Opcode : 'sdiv' 'srem' 'udiv' 'urem'> <InPorts = 2> <OutPorts = 1>

State 18 <SV = 17> <Delay = 5.07>
ST_18 : Operation 134 [21/36] (5.07ns)   --->   "%udiv_ln13 = udiv i64 %zext_ln13, i64 %add_ln14" [dfg_199.c:13]   --->   Operation 134 'udiv' 'udiv_ln13' <Predicate = true> <Delay = 5.07> <CoreInst = "DivnS_SEQ">   --->   Core 7 'DivnS_SEQ' <Latency = 67> <II = 32> <Delay = 5.07> <FuncUnit> <Opcode : 'sdiv' 'srem' 'udiv' 'urem'> <InPorts = 2> <OutPorts = 1>
ST_18 : Operation 135 [58/68] (5.07ns)   --->   "%udiv_ln18 = udiv i64 %sub_ln17, i64 %zext_ln18_1" [dfg_199.c:18]   --->   Operation 135 'udiv' 'udiv_ln18' <Predicate = true> <Delay = 5.07> <CoreInst = "DivnS_SEQ">   --->   Core 7 'DivnS_SEQ' <Latency = 67> <II = 8> <Delay = 5.07> <FuncUnit> <Opcode : 'sdiv' 'srem' 'udiv' 'urem'> <InPorts = 2> <OutPorts = 1>

State 19 <SV = 18> <Delay = 5.07>
ST_19 : Operation 136 [20/36] (5.07ns)   --->   "%udiv_ln13 = udiv i64 %zext_ln13, i64 %add_ln14" [dfg_199.c:13]   --->   Operation 136 'udiv' 'udiv_ln13' <Predicate = true> <Delay = 5.07> <CoreInst = "DivnS_SEQ">   --->   Core 7 'DivnS_SEQ' <Latency = 67> <II = 32> <Delay = 5.07> <FuncUnit> <Opcode : 'sdiv' 'srem' 'udiv' 'urem'> <InPorts = 2> <OutPorts = 1>
ST_19 : Operation 137 [57/68] (5.07ns)   --->   "%udiv_ln18 = udiv i64 %sub_ln17, i64 %zext_ln18_1" [dfg_199.c:18]   --->   Operation 137 'udiv' 'udiv_ln18' <Predicate = true> <Delay = 5.07> <CoreInst = "DivnS_SEQ">   --->   Core 7 'DivnS_SEQ' <Latency = 67> <II = 8> <Delay = 5.07> <FuncUnit> <Opcode : 'sdiv' 'srem' 'udiv' 'urem'> <InPorts = 2> <OutPorts = 1>

State 20 <SV = 19> <Delay = 5.07>
ST_20 : Operation 138 [19/36] (5.07ns)   --->   "%udiv_ln13 = udiv i64 %zext_ln13, i64 %add_ln14" [dfg_199.c:13]   --->   Operation 138 'udiv' 'udiv_ln13' <Predicate = true> <Delay = 5.07> <CoreInst = "DivnS_SEQ">   --->   Core 7 'DivnS_SEQ' <Latency = 67> <II = 32> <Delay = 5.07> <FuncUnit> <Opcode : 'sdiv' 'srem' 'udiv' 'urem'> <InPorts = 2> <OutPorts = 1>
ST_20 : Operation 139 [56/68] (5.07ns)   --->   "%udiv_ln18 = udiv i64 %sub_ln17, i64 %zext_ln18_1" [dfg_199.c:18]   --->   Operation 139 'udiv' 'udiv_ln18' <Predicate = true> <Delay = 5.07> <CoreInst = "DivnS_SEQ">   --->   Core 7 'DivnS_SEQ' <Latency = 67> <II = 8> <Delay = 5.07> <FuncUnit> <Opcode : 'sdiv' 'srem' 'udiv' 'urem'> <InPorts = 2> <OutPorts = 1>

State 21 <SV = 20> <Delay = 5.07>
ST_21 : Operation 140 [18/36] (5.07ns)   --->   "%udiv_ln13 = udiv i64 %zext_ln13, i64 %add_ln14" [dfg_199.c:13]   --->   Operation 140 'udiv' 'udiv_ln13' <Predicate = true> <Delay = 5.07> <CoreInst = "DivnS_SEQ">   --->   Core 7 'DivnS_SEQ' <Latency = 67> <II = 32> <Delay = 5.07> <FuncUnit> <Opcode : 'sdiv' 'srem' 'udiv' 'urem'> <InPorts = 2> <OutPorts = 1>
ST_21 : Operation 141 [55/68] (5.07ns)   --->   "%udiv_ln18 = udiv i64 %sub_ln17, i64 %zext_ln18_1" [dfg_199.c:18]   --->   Operation 141 'udiv' 'udiv_ln18' <Predicate = true> <Delay = 5.07> <CoreInst = "DivnS_SEQ">   --->   Core 7 'DivnS_SEQ' <Latency = 67> <II = 8> <Delay = 5.07> <FuncUnit> <Opcode : 'sdiv' 'srem' 'udiv' 'urem'> <InPorts = 2> <OutPorts = 1>

State 22 <SV = 21> <Delay = 5.07>
ST_22 : Operation 142 [17/36] (5.07ns)   --->   "%udiv_ln13 = udiv i64 %zext_ln13, i64 %add_ln14" [dfg_199.c:13]   --->   Operation 142 'udiv' 'udiv_ln13' <Predicate = true> <Delay = 5.07> <CoreInst = "DivnS_SEQ">   --->   Core 7 'DivnS_SEQ' <Latency = 67> <II = 32> <Delay = 5.07> <FuncUnit> <Opcode : 'sdiv' 'srem' 'udiv' 'urem'> <InPorts = 2> <OutPorts = 1>
ST_22 : Operation 143 [54/68] (5.07ns)   --->   "%udiv_ln18 = udiv i64 %sub_ln17, i64 %zext_ln18_1" [dfg_199.c:18]   --->   Operation 143 'udiv' 'udiv_ln18' <Predicate = true> <Delay = 5.07> <CoreInst = "DivnS_SEQ">   --->   Core 7 'DivnS_SEQ' <Latency = 67> <II = 8> <Delay = 5.07> <FuncUnit> <Opcode : 'sdiv' 'srem' 'udiv' 'urem'> <InPorts = 2> <OutPorts = 1>

State 23 <SV = 22> <Delay = 5.07>
ST_23 : Operation 144 [16/36] (5.07ns)   --->   "%udiv_ln13 = udiv i64 %zext_ln13, i64 %add_ln14" [dfg_199.c:13]   --->   Operation 144 'udiv' 'udiv_ln13' <Predicate = true> <Delay = 5.07> <CoreInst = "DivnS_SEQ">   --->   Core 7 'DivnS_SEQ' <Latency = 67> <II = 32> <Delay = 5.07> <FuncUnit> <Opcode : 'sdiv' 'srem' 'udiv' 'urem'> <InPorts = 2> <OutPorts = 1>
ST_23 : Operation 145 [53/68] (5.07ns)   --->   "%udiv_ln18 = udiv i64 %sub_ln17, i64 %zext_ln18_1" [dfg_199.c:18]   --->   Operation 145 'udiv' 'udiv_ln18' <Predicate = true> <Delay = 5.07> <CoreInst = "DivnS_SEQ">   --->   Core 7 'DivnS_SEQ' <Latency = 67> <II = 8> <Delay = 5.07> <FuncUnit> <Opcode : 'sdiv' 'srem' 'udiv' 'urem'> <InPorts = 2> <OutPorts = 1>

State 24 <SV = 23> <Delay = 5.07>
ST_24 : Operation 146 [15/36] (5.07ns)   --->   "%udiv_ln13 = udiv i64 %zext_ln13, i64 %add_ln14" [dfg_199.c:13]   --->   Operation 146 'udiv' 'udiv_ln13' <Predicate = true> <Delay = 5.07> <CoreInst = "DivnS_SEQ">   --->   Core 7 'DivnS_SEQ' <Latency = 67> <II = 32> <Delay = 5.07> <FuncUnit> <Opcode : 'sdiv' 'srem' 'udiv' 'urem'> <InPorts = 2> <OutPorts = 1>
ST_24 : Operation 147 [52/68] (5.07ns)   --->   "%udiv_ln18 = udiv i64 %sub_ln17, i64 %zext_ln18_1" [dfg_199.c:18]   --->   Operation 147 'udiv' 'udiv_ln18' <Predicate = true> <Delay = 5.07> <CoreInst = "DivnS_SEQ">   --->   Core 7 'DivnS_SEQ' <Latency = 67> <II = 8> <Delay = 5.07> <FuncUnit> <Opcode : 'sdiv' 'srem' 'udiv' 'urem'> <InPorts = 2> <OutPorts = 1>

State 25 <SV = 24> <Delay = 5.07>
ST_25 : Operation 148 [14/36] (5.07ns)   --->   "%udiv_ln13 = udiv i64 %zext_ln13, i64 %add_ln14" [dfg_199.c:13]   --->   Operation 148 'udiv' 'udiv_ln13' <Predicate = true> <Delay = 5.07> <CoreInst = "DivnS_SEQ">   --->   Core 7 'DivnS_SEQ' <Latency = 67> <II = 32> <Delay = 5.07> <FuncUnit> <Opcode : 'sdiv' 'srem' 'udiv' 'urem'> <InPorts = 2> <OutPorts = 1>
ST_25 : Operation 149 [51/68] (5.07ns)   --->   "%udiv_ln18 = udiv i64 %sub_ln17, i64 %zext_ln18_1" [dfg_199.c:18]   --->   Operation 149 'udiv' 'udiv_ln18' <Predicate = true> <Delay = 5.07> <CoreInst = "DivnS_SEQ">   --->   Core 7 'DivnS_SEQ' <Latency = 67> <II = 8> <Delay = 5.07> <FuncUnit> <Opcode : 'sdiv' 'srem' 'udiv' 'urem'> <InPorts = 2> <OutPorts = 1>

State 26 <SV = 25> <Delay = 5.07>
ST_26 : Operation 150 [13/36] (5.07ns)   --->   "%udiv_ln13 = udiv i64 %zext_ln13, i64 %add_ln14" [dfg_199.c:13]   --->   Operation 150 'udiv' 'udiv_ln13' <Predicate = true> <Delay = 5.07> <CoreInst = "DivnS_SEQ">   --->   Core 7 'DivnS_SEQ' <Latency = 67> <II = 32> <Delay = 5.07> <FuncUnit> <Opcode : 'sdiv' 'srem' 'udiv' 'urem'> <InPorts = 2> <OutPorts = 1>
ST_26 : Operation 151 [50/68] (5.07ns)   --->   "%udiv_ln18 = udiv i64 %sub_ln17, i64 %zext_ln18_1" [dfg_199.c:18]   --->   Operation 151 'udiv' 'udiv_ln18' <Predicate = true> <Delay = 5.07> <CoreInst = "DivnS_SEQ">   --->   Core 7 'DivnS_SEQ' <Latency = 67> <II = 8> <Delay = 5.07> <FuncUnit> <Opcode : 'sdiv' 'srem' 'udiv' 'urem'> <InPorts = 2> <OutPorts = 1>

State 27 <SV = 26> <Delay = 5.07>
ST_27 : Operation 152 [12/36] (5.07ns)   --->   "%udiv_ln13 = udiv i64 %zext_ln13, i64 %add_ln14" [dfg_199.c:13]   --->   Operation 152 'udiv' 'udiv_ln13' <Predicate = true> <Delay = 5.07> <CoreInst = "DivnS_SEQ">   --->   Core 7 'DivnS_SEQ' <Latency = 67> <II = 32> <Delay = 5.07> <FuncUnit> <Opcode : 'sdiv' 'srem' 'udiv' 'urem'> <InPorts = 2> <OutPorts = 1>
ST_27 : Operation 153 [49/68] (5.07ns)   --->   "%udiv_ln18 = udiv i64 %sub_ln17, i64 %zext_ln18_1" [dfg_199.c:18]   --->   Operation 153 'udiv' 'udiv_ln18' <Predicate = true> <Delay = 5.07> <CoreInst = "DivnS_SEQ">   --->   Core 7 'DivnS_SEQ' <Latency = 67> <II = 8> <Delay = 5.07> <FuncUnit> <Opcode : 'sdiv' 'srem' 'udiv' 'urem'> <InPorts = 2> <OutPorts = 1>

State 28 <SV = 27> <Delay = 5.07>
ST_28 : Operation 154 [11/36] (5.07ns)   --->   "%udiv_ln13 = udiv i64 %zext_ln13, i64 %add_ln14" [dfg_199.c:13]   --->   Operation 154 'udiv' 'udiv_ln13' <Predicate = true> <Delay = 5.07> <CoreInst = "DivnS_SEQ">   --->   Core 7 'DivnS_SEQ' <Latency = 67> <II = 32> <Delay = 5.07> <FuncUnit> <Opcode : 'sdiv' 'srem' 'udiv' 'urem'> <InPorts = 2> <OutPorts = 1>
ST_28 : Operation 155 [48/68] (5.07ns)   --->   "%udiv_ln18 = udiv i64 %sub_ln17, i64 %zext_ln18_1" [dfg_199.c:18]   --->   Operation 155 'udiv' 'udiv_ln18' <Predicate = true> <Delay = 5.07> <CoreInst = "DivnS_SEQ">   --->   Core 7 'DivnS_SEQ' <Latency = 67> <II = 8> <Delay = 5.07> <FuncUnit> <Opcode : 'sdiv' 'srem' 'udiv' 'urem'> <InPorts = 2> <OutPorts = 1>

State 29 <SV = 28> <Delay = 5.07>
ST_29 : Operation 156 [10/36] (5.07ns)   --->   "%udiv_ln13 = udiv i64 %zext_ln13, i64 %add_ln14" [dfg_199.c:13]   --->   Operation 156 'udiv' 'udiv_ln13' <Predicate = true> <Delay = 5.07> <CoreInst = "DivnS_SEQ">   --->   Core 7 'DivnS_SEQ' <Latency = 67> <II = 32> <Delay = 5.07> <FuncUnit> <Opcode : 'sdiv' 'srem' 'udiv' 'urem'> <InPorts = 2> <OutPorts = 1>
ST_29 : Operation 157 [47/68] (5.07ns)   --->   "%udiv_ln18 = udiv i64 %sub_ln17, i64 %zext_ln18_1" [dfg_199.c:18]   --->   Operation 157 'udiv' 'udiv_ln18' <Predicate = true> <Delay = 5.07> <CoreInst = "DivnS_SEQ">   --->   Core 7 'DivnS_SEQ' <Latency = 67> <II = 8> <Delay = 5.07> <FuncUnit> <Opcode : 'sdiv' 'srem' 'udiv' 'urem'> <InPorts = 2> <OutPorts = 1>

State 30 <SV = 29> <Delay = 5.07>
ST_30 : Operation 158 [9/36] (5.07ns)   --->   "%udiv_ln13 = udiv i64 %zext_ln13, i64 %add_ln14" [dfg_199.c:13]   --->   Operation 158 'udiv' 'udiv_ln13' <Predicate = true> <Delay = 5.07> <CoreInst = "DivnS_SEQ">   --->   Core 7 'DivnS_SEQ' <Latency = 67> <II = 32> <Delay = 5.07> <FuncUnit> <Opcode : 'sdiv' 'srem' 'udiv' 'urem'> <InPorts = 2> <OutPorts = 1>
ST_30 : Operation 159 [46/68] (5.07ns)   --->   "%udiv_ln18 = udiv i64 %sub_ln17, i64 %zext_ln18_1" [dfg_199.c:18]   --->   Operation 159 'udiv' 'udiv_ln18' <Predicate = true> <Delay = 5.07> <CoreInst = "DivnS_SEQ">   --->   Core 7 'DivnS_SEQ' <Latency = 67> <II = 8> <Delay = 5.07> <FuncUnit> <Opcode : 'sdiv' 'srem' 'udiv' 'urem'> <InPorts = 2> <OutPorts = 1>

State 31 <SV = 30> <Delay = 5.07>
ST_31 : Operation 160 [8/36] (5.07ns)   --->   "%udiv_ln13 = udiv i64 %zext_ln13, i64 %add_ln14" [dfg_199.c:13]   --->   Operation 160 'udiv' 'udiv_ln13' <Predicate = true> <Delay = 5.07> <CoreInst = "DivnS_SEQ">   --->   Core 7 'DivnS_SEQ' <Latency = 67> <II = 32> <Delay = 5.07> <FuncUnit> <Opcode : 'sdiv' 'srem' 'udiv' 'urem'> <InPorts = 2> <OutPorts = 1>
ST_31 : Operation 161 [45/68] (5.07ns)   --->   "%udiv_ln18 = udiv i64 %sub_ln17, i64 %zext_ln18_1" [dfg_199.c:18]   --->   Operation 161 'udiv' 'udiv_ln18' <Predicate = true> <Delay = 5.07> <CoreInst = "DivnS_SEQ">   --->   Core 7 'DivnS_SEQ' <Latency = 67> <II = 8> <Delay = 5.07> <FuncUnit> <Opcode : 'sdiv' 'srem' 'udiv' 'urem'> <InPorts = 2> <OutPorts = 1>

State 32 <SV = 31> <Delay = 5.07>
ST_32 : Operation 162 [7/36] (5.07ns)   --->   "%udiv_ln13 = udiv i64 %zext_ln13, i64 %add_ln14" [dfg_199.c:13]   --->   Operation 162 'udiv' 'udiv_ln13' <Predicate = true> <Delay = 5.07> <CoreInst = "DivnS_SEQ">   --->   Core 7 'DivnS_SEQ' <Latency = 67> <II = 32> <Delay = 5.07> <FuncUnit> <Opcode : 'sdiv' 'srem' 'udiv' 'urem'> <InPorts = 2> <OutPorts = 1>
ST_32 : Operation 163 [44/68] (5.07ns)   --->   "%udiv_ln18 = udiv i64 %sub_ln17, i64 %zext_ln18_1" [dfg_199.c:18]   --->   Operation 163 'udiv' 'udiv_ln18' <Predicate = true> <Delay = 5.07> <CoreInst = "DivnS_SEQ">   --->   Core 7 'DivnS_SEQ' <Latency = 67> <II = 8> <Delay = 5.07> <FuncUnit> <Opcode : 'sdiv' 'srem' 'udiv' 'urem'> <InPorts = 2> <OutPorts = 1>

State 33 <SV = 32> <Delay = 5.07>
ST_33 : Operation 164 [6/36] (5.07ns)   --->   "%udiv_ln13 = udiv i64 %zext_ln13, i64 %add_ln14" [dfg_199.c:13]   --->   Operation 164 'udiv' 'udiv_ln13' <Predicate = true> <Delay = 5.07> <CoreInst = "DivnS_SEQ">   --->   Core 7 'DivnS_SEQ' <Latency = 67> <II = 32> <Delay = 5.07> <FuncUnit> <Opcode : 'sdiv' 'srem' 'udiv' 'urem'> <InPorts = 2> <OutPorts = 1>
ST_33 : Operation 165 [43/68] (5.07ns)   --->   "%udiv_ln18 = udiv i64 %sub_ln17, i64 %zext_ln18_1" [dfg_199.c:18]   --->   Operation 165 'udiv' 'udiv_ln18' <Predicate = true> <Delay = 5.07> <CoreInst = "DivnS_SEQ">   --->   Core 7 'DivnS_SEQ' <Latency = 67> <II = 8> <Delay = 5.07> <FuncUnit> <Opcode : 'sdiv' 'srem' 'udiv' 'urem'> <InPorts = 2> <OutPorts = 1>

State 34 <SV = 33> <Delay = 5.07>
ST_34 : Operation 166 [5/36] (5.07ns)   --->   "%udiv_ln13 = udiv i64 %zext_ln13, i64 %add_ln14" [dfg_199.c:13]   --->   Operation 166 'udiv' 'udiv_ln13' <Predicate = true> <Delay = 5.07> <CoreInst = "DivnS_SEQ">   --->   Core 7 'DivnS_SEQ' <Latency = 67> <II = 32> <Delay = 5.07> <FuncUnit> <Opcode : 'sdiv' 'srem' 'udiv' 'urem'> <InPorts = 2> <OutPorts = 1>
ST_34 : Operation 167 [42/68] (5.07ns)   --->   "%udiv_ln18 = udiv i64 %sub_ln17, i64 %zext_ln18_1" [dfg_199.c:18]   --->   Operation 167 'udiv' 'udiv_ln18' <Predicate = true> <Delay = 5.07> <CoreInst = "DivnS_SEQ">   --->   Core 7 'DivnS_SEQ' <Latency = 67> <II = 8> <Delay = 5.07> <FuncUnit> <Opcode : 'sdiv' 'srem' 'udiv' 'urem'> <InPorts = 2> <OutPorts = 1>

State 35 <SV = 34> <Delay = 5.07>
ST_35 : Operation 168 [4/36] (5.07ns)   --->   "%udiv_ln13 = udiv i64 %zext_ln13, i64 %add_ln14" [dfg_199.c:13]   --->   Operation 168 'udiv' 'udiv_ln13' <Predicate = true> <Delay = 5.07> <CoreInst = "DivnS_SEQ">   --->   Core 7 'DivnS_SEQ' <Latency = 67> <II = 32> <Delay = 5.07> <FuncUnit> <Opcode : 'sdiv' 'srem' 'udiv' 'urem'> <InPorts = 2> <OutPorts = 1>
ST_35 : Operation 169 [41/68] (5.07ns)   --->   "%udiv_ln18 = udiv i64 %sub_ln17, i64 %zext_ln18_1" [dfg_199.c:18]   --->   Operation 169 'udiv' 'udiv_ln18' <Predicate = true> <Delay = 5.07> <CoreInst = "DivnS_SEQ">   --->   Core 7 'DivnS_SEQ' <Latency = 67> <II = 8> <Delay = 5.07> <FuncUnit> <Opcode : 'sdiv' 'srem' 'udiv' 'urem'> <InPorts = 2> <OutPorts = 1>

State 36 <SV = 35> <Delay = 5.07>
ST_36 : Operation 170 [3/36] (5.07ns)   --->   "%udiv_ln13 = udiv i64 %zext_ln13, i64 %add_ln14" [dfg_199.c:13]   --->   Operation 170 'udiv' 'udiv_ln13' <Predicate = true> <Delay = 5.07> <CoreInst = "DivnS_SEQ">   --->   Core 7 'DivnS_SEQ' <Latency = 67> <II = 32> <Delay = 5.07> <FuncUnit> <Opcode : 'sdiv' 'srem' 'udiv' 'urem'> <InPorts = 2> <OutPorts = 1>
ST_36 : Operation 171 [40/68] (5.07ns)   --->   "%udiv_ln18 = udiv i64 %sub_ln17, i64 %zext_ln18_1" [dfg_199.c:18]   --->   Operation 171 'udiv' 'udiv_ln18' <Predicate = true> <Delay = 5.07> <CoreInst = "DivnS_SEQ">   --->   Core 7 'DivnS_SEQ' <Latency = 67> <II = 8> <Delay = 5.07> <FuncUnit> <Opcode : 'sdiv' 'srem' 'udiv' 'urem'> <InPorts = 2> <OutPorts = 1>

State 37 <SV = 36> <Delay = 5.07>
ST_37 : Operation 172 [2/36] (5.07ns)   --->   "%udiv_ln13 = udiv i64 %zext_ln13, i64 %add_ln14" [dfg_199.c:13]   --->   Operation 172 'udiv' 'udiv_ln13' <Predicate = true> <Delay = 5.07> <CoreInst = "DivnS_SEQ">   --->   Core 7 'DivnS_SEQ' <Latency = 67> <II = 32> <Delay = 5.07> <FuncUnit> <Opcode : 'sdiv' 'srem' 'udiv' 'urem'> <InPorts = 2> <OutPorts = 1>
ST_37 : Operation 173 [39/68] (5.07ns)   --->   "%udiv_ln18 = udiv i64 %sub_ln17, i64 %zext_ln18_1" [dfg_199.c:18]   --->   Operation 173 'udiv' 'udiv_ln18' <Predicate = true> <Delay = 5.07> <CoreInst = "DivnS_SEQ">   --->   Core 7 'DivnS_SEQ' <Latency = 67> <II = 8> <Delay = 5.07> <FuncUnit> <Opcode : 'sdiv' 'srem' 'udiv' 'urem'> <InPorts = 2> <OutPorts = 1>

State 38 <SV = 37> <Delay = 5.07>
ST_38 : Operation 174 [1/36] (5.07ns)   --->   "%udiv_ln13 = udiv i64 %zext_ln13, i64 %add_ln14" [dfg_199.c:13]   --->   Operation 174 'udiv' 'udiv_ln13' <Predicate = true> <Delay = 5.07> <CoreInst = "DivnS_SEQ">   --->   Core 7 'DivnS_SEQ' <Latency = 67> <II = 32> <Delay = 5.07> <FuncUnit> <Opcode : 'sdiv' 'srem' 'udiv' 'urem'> <InPorts = 2> <OutPorts = 1>
ST_38 : Operation 175 [38/68] (5.07ns)   --->   "%udiv_ln18 = udiv i64 %sub_ln17, i64 %zext_ln18_1" [dfg_199.c:18]   --->   Operation 175 'udiv' 'udiv_ln18' <Predicate = true> <Delay = 5.07> <CoreInst = "DivnS_SEQ">   --->   Core 7 'DivnS_SEQ' <Latency = 67> <II = 8> <Delay = 5.07> <FuncUnit> <Opcode : 'sdiv' 'srem' 'udiv' 'urem'> <InPorts = 2> <OutPorts = 1>

State 39 <SV = 38> <Delay = 6.91>
ST_39 : Operation 176 [1/1] (0.00ns)   --->   "%trunc_ln13 = trunc i32 %udiv_ln13" [dfg_199.c:13]   --->   Operation 176 'trunc' 'trunc_ln13' <Predicate = true> <Delay = 0.00>
ST_39 : Operation 177 [1/1] (0.00ns)   --->   "%zext_ln13_1 = zext i32 %trunc_ln13" [dfg_199.c:13]   --->   Operation 177 'zext' 'zext_ln13_1' <Predicate = true> <Delay = 0.00>
ST_39 : Operation 178 [2/2] (6.91ns)   --->   "%mul_ln13 = mul i48 %zext_ln13_1, i48 60918" [dfg_199.c:13]   --->   Operation 178 'mul' 'mul_ln13' <Predicate = true> <Delay = 6.91> <CoreInst = "Multiplier">   --->   Core 3 'Multiplier' <Latency = 0> <II = 1> <Delay = 4.17> <FuncUnit> <Opcode : 'mul'> <InPorts = 2> <OutPorts = 1>
ST_39 : Operation 179 [37/68] (5.07ns)   --->   "%udiv_ln18 = udiv i64 %sub_ln17, i64 %zext_ln18_1" [dfg_199.c:18]   --->   Operation 179 'udiv' 'udiv_ln18' <Predicate = true> <Delay = 5.07> <CoreInst = "DivnS_SEQ">   --->   Core 7 'DivnS_SEQ' <Latency = 67> <II = 8> <Delay = 5.07> <FuncUnit> <Opcode : 'sdiv' 'srem' 'udiv' 'urem'> <InPorts = 2> <OutPorts = 1>

State 40 <SV = 39> <Delay = 6.91>
ST_40 : Operation 180 [1/2] (6.91ns)   --->   "%mul_ln13 = mul i48 %zext_ln13_1, i48 60918" [dfg_199.c:13]   --->   Operation 180 'mul' 'mul_ln13' <Predicate = true> <Delay = 6.91> <CoreInst = "Multiplier">   --->   Core 3 'Multiplier' <Latency = 0> <II = 1> <Delay = 4.17> <FuncUnit> <Opcode : 'mul'> <InPorts = 2> <OutPorts = 1>
ST_40 : Operation 181 [36/68] (5.07ns)   --->   "%udiv_ln18 = udiv i64 %sub_ln17, i64 %zext_ln18_1" [dfg_199.c:18]   --->   Operation 181 'udiv' 'udiv_ln18' <Predicate = true> <Delay = 5.07> <CoreInst = "DivnS_SEQ">   --->   Core 7 'DivnS_SEQ' <Latency = 67> <II = 8> <Delay = 5.07> <FuncUnit> <Opcode : 'sdiv' 'srem' 'udiv' 'urem'> <InPorts = 2> <OutPorts = 1>

State 41 <SV = 40> <Delay = 5.66>
ST_41 : Operation 182 [1/1] (0.00ns)   --->   "%zext_ln14 = zext i48 %mul_ln13" [dfg_199.c:14]   --->   Operation 182 'zext' 'zext_ln14' <Predicate = true> <Delay = 0.00>
ST_41 : Operation 183 [5/5] (5.66ns)   --->   "%mul_ln14 = mul i85 %zext_ln14, i85 339789457360387" [dfg_199.c:14]   --->   Operation 183 'mul' 'mul_ln14' <Predicate = true> <Delay = 5.66> <CoreInst = "Multiplier">   --->   Core 3 'Multiplier' <Latency = 0> <II = 1> <Delay = 4.17> <FuncUnit> <Opcode : 'mul'> <InPorts = 2> <OutPorts = 1>
ST_41 : Operation 184 [35/68] (5.07ns)   --->   "%udiv_ln18 = udiv i64 %sub_ln17, i64 %zext_ln18_1" [dfg_199.c:18]   --->   Operation 184 'udiv' 'udiv_ln18' <Predicate = true> <Delay = 5.07> <CoreInst = "DivnS_SEQ">   --->   Core 7 'DivnS_SEQ' <Latency = 67> <II = 8> <Delay = 5.07> <FuncUnit> <Opcode : 'sdiv' 'srem' 'udiv' 'urem'> <InPorts = 2> <OutPorts = 1>

State 42 <SV = 41> <Delay = 5.66>
ST_42 : Operation 185 [4/5] (5.66ns)   --->   "%mul_ln14 = mul i85 %zext_ln14, i85 339789457360387" [dfg_199.c:14]   --->   Operation 185 'mul' 'mul_ln14' <Predicate = true> <Delay = 5.66> <CoreInst = "Multiplier">   --->   Core 3 'Multiplier' <Latency = 0> <II = 1> <Delay = 4.17> <FuncUnit> <Opcode : 'mul'> <InPorts = 2> <OutPorts = 1>
ST_42 : Operation 186 [34/68] (5.07ns)   --->   "%udiv_ln18 = udiv i64 %sub_ln17, i64 %zext_ln18_1" [dfg_199.c:18]   --->   Operation 186 'udiv' 'udiv_ln18' <Predicate = true> <Delay = 5.07> <CoreInst = "DivnS_SEQ">   --->   Core 7 'DivnS_SEQ' <Latency = 67> <II = 8> <Delay = 5.07> <FuncUnit> <Opcode : 'sdiv' 'srem' 'udiv' 'urem'> <InPorts = 2> <OutPorts = 1>

State 43 <SV = 42> <Delay = 5.66>
ST_43 : Operation 187 [3/5] (5.66ns)   --->   "%mul_ln14 = mul i85 %zext_ln14, i85 339789457360387" [dfg_199.c:14]   --->   Operation 187 'mul' 'mul_ln14' <Predicate = true> <Delay = 5.66> <CoreInst = "Multiplier">   --->   Core 3 'Multiplier' <Latency = 0> <II = 1> <Delay = 4.17> <FuncUnit> <Opcode : 'mul'> <InPorts = 2> <OutPorts = 1>
ST_43 : Operation 188 [33/68] (5.07ns)   --->   "%udiv_ln18 = udiv i64 %sub_ln17, i64 %zext_ln18_1" [dfg_199.c:18]   --->   Operation 188 'udiv' 'udiv_ln18' <Predicate = true> <Delay = 5.07> <CoreInst = "DivnS_SEQ">   --->   Core 7 'DivnS_SEQ' <Latency = 67> <II = 8> <Delay = 5.07> <FuncUnit> <Opcode : 'sdiv' 'srem' 'udiv' 'urem'> <InPorts = 2> <OutPorts = 1>

State 44 <SV = 43> <Delay = 5.66>
ST_44 : Operation 189 [2/5] (5.66ns)   --->   "%mul_ln14 = mul i85 %zext_ln14, i85 339789457360387" [dfg_199.c:14]   --->   Operation 189 'mul' 'mul_ln14' <Predicate = true> <Delay = 5.66> <CoreInst = "Multiplier">   --->   Core 3 'Multiplier' <Latency = 0> <II = 1> <Delay = 4.17> <FuncUnit> <Opcode : 'mul'> <InPorts = 2> <OutPorts = 1>
ST_44 : Operation 190 [32/68] (5.07ns)   --->   "%udiv_ln18 = udiv i64 %sub_ln17, i64 %zext_ln18_1" [dfg_199.c:18]   --->   Operation 190 'udiv' 'udiv_ln18' <Predicate = true> <Delay = 5.07> <CoreInst = "DivnS_SEQ">   --->   Core 7 'DivnS_SEQ' <Latency = 67> <II = 8> <Delay = 5.07> <FuncUnit> <Opcode : 'sdiv' 'srem' 'udiv' 'urem'> <InPorts = 2> <OutPorts = 1>

State 45 <SV = 44> <Delay = 5.66>
ST_45 : Operation 191 [1/5] (5.66ns)   --->   "%mul_ln14 = mul i85 %zext_ln14, i85 339789457360387" [dfg_199.c:14]   --->   Operation 191 'mul' 'mul_ln14' <Predicate = true> <Delay = 5.66> <CoreInst = "Multiplier">   --->   Core 3 'Multiplier' <Latency = 0> <II = 1> <Delay = 4.17> <FuncUnit> <Opcode : 'mul'> <InPorts = 2> <OutPorts = 1>
ST_45 : Operation 192 [1/1] (0.00ns)   --->   "%result = partselect i4 @_ssdm_op_PartSelect.i4.i85.i32.i32, i85 %mul_ln14, i32 81, i32 84" [dfg_199.c:13]   --->   Operation 192 'partselect' 'result' <Predicate = true> <Delay = 0.00>
ST_45 : Operation 193 [31/68] (5.07ns)   --->   "%udiv_ln18 = udiv i64 %sub_ln17, i64 %zext_ln18_1" [dfg_199.c:18]   --->   Operation 193 'udiv' 'udiv_ln18' <Predicate = true> <Delay = 5.07> <CoreInst = "DivnS_SEQ">   --->   Core 7 'DivnS_SEQ' <Latency = 67> <II = 8> <Delay = 5.07> <FuncUnit> <Opcode : 'sdiv' 'srem' 'udiv' 'urem'> <InPorts = 2> <OutPorts = 1>

State 46 <SV = 45> <Delay = 5.72>
ST_46 : Operation 194 [1/1] (0.00ns) (grouped into LUT with out node xor_ln16)   --->   "%zext_ln16 = zext i16 %p_read" [dfg_199.c:16]   --->   Operation 194 'zext' 'zext_ln16' <Predicate = true> <Delay = 0.00>
ST_46 : Operation 195 [1/1] (1.73ns)   --->   "%sub_ln16 = sub i4 5, i4 %result" [dfg_199.c:16]   --->   Operation 195 'sub' 'sub_ln16' <Predicate = true> <Delay = 1.73> <CoreInst = "Adder">   --->   Core 1 'Adder' <Latency = 0> <II = 1> <Delay = 1.82> <FuncUnit> <Opcode : 'add' 'sub'> <InPorts = 2> <OutPorts = 1>
ST_46 : Operation 196 [1/1] (0.00ns) (grouped into LUT with out node xor_ln16)   --->   "%zext_ln16_1 = zext i4 %sub_ln16" [dfg_199.c:16]   --->   Operation 196 'zext' 'zext_ln16_1' <Predicate = true> <Delay = 0.00>
ST_46 : Operation 197 [1/1] (0.00ns) (grouped into LUT with out node xor_ln16)   --->   "%lshr_ln16 = lshr i23 %zext_ln16, i23 %zext_ln16_1" [dfg_199.c:16]   --->   Operation 197 'lshr' 'lshr_ln16' <Predicate = true> <Delay = 0.00> <CoreInst = "Shifter">   --->   Core 75 'Shifter' <Latency = 0> <II = 1> <Delay = 3.98> <FuncUnit> <Opcode : 'shl' 'lshr' 'ashr'> <InPorts = 2> <OutPorts = 1>
ST_46 : Operation 198 [1/1] (0.00ns) (grouped into LUT with out node xor_ln16)   --->   "%trunc_ln16 = trunc i23 %lshr_ln16" [dfg_199.c:16]   --->   Operation 198 'trunc' 'trunc_ln16' <Predicate = true> <Delay = 0.00>
ST_46 : Operation 199 [30/68] (5.07ns)   --->   "%udiv_ln18 = udiv i64 %sub_ln17, i64 %zext_ln18_1" [dfg_199.c:18]   --->   Operation 199 'udiv' 'udiv_ln18' <Predicate = true> <Delay = 5.07> <CoreInst = "DivnS_SEQ">   --->   Core 7 'DivnS_SEQ' <Latency = 67> <II = 8> <Delay = 5.07> <FuncUnit> <Opcode : 'sdiv' 'srem' 'udiv' 'urem'> <InPorts = 2> <OutPorts = 1>
ST_46 : Operation 200 [1/1] (3.98ns) (out node of the LUT)   --->   "%xor_ln16 = xor i8 %trunc_ln16, i8 255" [dfg_199.c:16]   --->   Operation 200 'xor' 'xor_ln16' <Predicate = true> <Delay = 3.98> <CoreInst = "LogicGate">   --->   Core 74 'LogicGate' <Latency = 0> <II = 1> <Delay = 0.99> <FuncUnit> <Opcode : 'and' 'or' 'xor'> <InPorts = 2> <OutPorts = 1>

State 47 <SV = 46> <Delay = 5.07>
ST_47 : Operation 201 [29/68] (5.07ns)   --->   "%udiv_ln18 = udiv i64 %sub_ln17, i64 %zext_ln18_1" [dfg_199.c:18]   --->   Operation 201 'udiv' 'udiv_ln18' <Predicate = true> <Delay = 5.07> <CoreInst = "DivnS_SEQ">   --->   Core 7 'DivnS_SEQ' <Latency = 67> <II = 8> <Delay = 5.07> <FuncUnit> <Opcode : 'sdiv' 'srem' 'udiv' 'urem'> <InPorts = 2> <OutPorts = 1>

State 48 <SV = 47> <Delay = 5.07>
ST_48 : Operation 202 [28/68] (5.07ns)   --->   "%udiv_ln18 = udiv i64 %sub_ln17, i64 %zext_ln18_1" [dfg_199.c:18]   --->   Operation 202 'udiv' 'udiv_ln18' <Predicate = true> <Delay = 5.07> <CoreInst = "DivnS_SEQ">   --->   Core 7 'DivnS_SEQ' <Latency = 67> <II = 8> <Delay = 5.07> <FuncUnit> <Opcode : 'sdiv' 'srem' 'udiv' 'urem'> <InPorts = 2> <OutPorts = 1>

State 49 <SV = 48> <Delay = 5.07>
ST_49 : Operation 203 [27/68] (5.07ns)   --->   "%udiv_ln18 = udiv i64 %sub_ln17, i64 %zext_ln18_1" [dfg_199.c:18]   --->   Operation 203 'udiv' 'udiv_ln18' <Predicate = true> <Delay = 5.07> <CoreInst = "DivnS_SEQ">   --->   Core 7 'DivnS_SEQ' <Latency = 67> <II = 8> <Delay = 5.07> <FuncUnit> <Opcode : 'sdiv' 'srem' 'udiv' 'urem'> <InPorts = 2> <OutPorts = 1>

State 50 <SV = 49> <Delay = 5.07>
ST_50 : Operation 204 [26/68] (5.07ns)   --->   "%udiv_ln18 = udiv i64 %sub_ln17, i64 %zext_ln18_1" [dfg_199.c:18]   --->   Operation 204 'udiv' 'udiv_ln18' <Predicate = true> <Delay = 5.07> <CoreInst = "DivnS_SEQ">   --->   Core 7 'DivnS_SEQ' <Latency = 67> <II = 8> <Delay = 5.07> <FuncUnit> <Opcode : 'sdiv' 'srem' 'udiv' 'urem'> <InPorts = 2> <OutPorts = 1>

State 51 <SV = 50> <Delay = 5.07>
ST_51 : Operation 205 [25/68] (5.07ns)   --->   "%udiv_ln18 = udiv i64 %sub_ln17, i64 %zext_ln18_1" [dfg_199.c:18]   --->   Operation 205 'udiv' 'udiv_ln18' <Predicate = true> <Delay = 5.07> <CoreInst = "DivnS_SEQ">   --->   Core 7 'DivnS_SEQ' <Latency = 67> <II = 8> <Delay = 5.07> <FuncUnit> <Opcode : 'sdiv' 'srem' 'udiv' 'urem'> <InPorts = 2> <OutPorts = 1>

State 52 <SV = 51> <Delay = 5.07>
ST_52 : Operation 206 [24/68] (5.07ns)   --->   "%udiv_ln18 = udiv i64 %sub_ln17, i64 %zext_ln18_1" [dfg_199.c:18]   --->   Operation 206 'udiv' 'udiv_ln18' <Predicate = true> <Delay = 5.07> <CoreInst = "DivnS_SEQ">   --->   Core 7 'DivnS_SEQ' <Latency = 67> <II = 8> <Delay = 5.07> <FuncUnit> <Opcode : 'sdiv' 'srem' 'udiv' 'urem'> <InPorts = 2> <OutPorts = 1>

State 53 <SV = 52> <Delay = 5.07>
ST_53 : Operation 207 [23/68] (5.07ns)   --->   "%udiv_ln18 = udiv i64 %sub_ln17, i64 %zext_ln18_1" [dfg_199.c:18]   --->   Operation 207 'udiv' 'udiv_ln18' <Predicate = true> <Delay = 5.07> <CoreInst = "DivnS_SEQ">   --->   Core 7 'DivnS_SEQ' <Latency = 67> <II = 8> <Delay = 5.07> <FuncUnit> <Opcode : 'sdiv' 'srem' 'udiv' 'urem'> <InPorts = 2> <OutPorts = 1>

State 54 <SV = 53> <Delay = 5.07>
ST_54 : Operation 208 [22/68] (5.07ns)   --->   "%udiv_ln18 = udiv i64 %sub_ln17, i64 %zext_ln18_1" [dfg_199.c:18]   --->   Operation 208 'udiv' 'udiv_ln18' <Predicate = true> <Delay = 5.07> <CoreInst = "DivnS_SEQ">   --->   Core 7 'DivnS_SEQ' <Latency = 67> <II = 8> <Delay = 5.07> <FuncUnit> <Opcode : 'sdiv' 'srem' 'udiv' 'urem'> <InPorts = 2> <OutPorts = 1>

State 55 <SV = 54> <Delay = 5.07>
ST_55 : Operation 209 [21/68] (5.07ns)   --->   "%udiv_ln18 = udiv i64 %sub_ln17, i64 %zext_ln18_1" [dfg_199.c:18]   --->   Operation 209 'udiv' 'udiv_ln18' <Predicate = true> <Delay = 5.07> <CoreInst = "DivnS_SEQ">   --->   Core 7 'DivnS_SEQ' <Latency = 67> <II = 8> <Delay = 5.07> <FuncUnit> <Opcode : 'sdiv' 'srem' 'udiv' 'urem'> <InPorts = 2> <OutPorts = 1>

State 56 <SV = 55> <Delay = 5.07>
ST_56 : Operation 210 [20/68] (5.07ns)   --->   "%udiv_ln18 = udiv i64 %sub_ln17, i64 %zext_ln18_1" [dfg_199.c:18]   --->   Operation 210 'udiv' 'udiv_ln18' <Predicate = true> <Delay = 5.07> <CoreInst = "DivnS_SEQ">   --->   Core 7 'DivnS_SEQ' <Latency = 67> <II = 8> <Delay = 5.07> <FuncUnit> <Opcode : 'sdiv' 'srem' 'udiv' 'urem'> <InPorts = 2> <OutPorts = 1>

State 57 <SV = 56> <Delay = 5.07>
ST_57 : Operation 211 [19/68] (5.07ns)   --->   "%udiv_ln18 = udiv i64 %sub_ln17, i64 %zext_ln18_1" [dfg_199.c:18]   --->   Operation 211 'udiv' 'udiv_ln18' <Predicate = true> <Delay = 5.07> <CoreInst = "DivnS_SEQ">   --->   Core 7 'DivnS_SEQ' <Latency = 67> <II = 8> <Delay = 5.07> <FuncUnit> <Opcode : 'sdiv' 'srem' 'udiv' 'urem'> <InPorts = 2> <OutPorts = 1>

State 58 <SV = 57> <Delay = 5.07>
ST_58 : Operation 212 [18/68] (5.07ns)   --->   "%udiv_ln18 = udiv i64 %sub_ln17, i64 %zext_ln18_1" [dfg_199.c:18]   --->   Operation 212 'udiv' 'udiv_ln18' <Predicate = true> <Delay = 5.07> <CoreInst = "DivnS_SEQ">   --->   Core 7 'DivnS_SEQ' <Latency = 67> <II = 8> <Delay = 5.07> <FuncUnit> <Opcode : 'sdiv' 'srem' 'udiv' 'urem'> <InPorts = 2> <OutPorts = 1>

State 59 <SV = 58> <Delay = 5.07>
ST_59 : Operation 213 [17/68] (5.07ns)   --->   "%udiv_ln18 = udiv i64 %sub_ln17, i64 %zext_ln18_1" [dfg_199.c:18]   --->   Operation 213 'udiv' 'udiv_ln18' <Predicate = true> <Delay = 5.07> <CoreInst = "DivnS_SEQ">   --->   Core 7 'DivnS_SEQ' <Latency = 67> <II = 8> <Delay = 5.07> <FuncUnit> <Opcode : 'sdiv' 'srem' 'udiv' 'urem'> <InPorts = 2> <OutPorts = 1>

State 60 <SV = 59> <Delay = 5.07>
ST_60 : Operation 214 [16/68] (5.07ns)   --->   "%udiv_ln18 = udiv i64 %sub_ln17, i64 %zext_ln18_1" [dfg_199.c:18]   --->   Operation 214 'udiv' 'udiv_ln18' <Predicate = true> <Delay = 5.07> <CoreInst = "DivnS_SEQ">   --->   Core 7 'DivnS_SEQ' <Latency = 67> <II = 8> <Delay = 5.07> <FuncUnit> <Opcode : 'sdiv' 'srem' 'udiv' 'urem'> <InPorts = 2> <OutPorts = 1>

State 61 <SV = 60> <Delay = 5.07>
ST_61 : Operation 215 [15/68] (5.07ns)   --->   "%udiv_ln18 = udiv i64 %sub_ln17, i64 %zext_ln18_1" [dfg_199.c:18]   --->   Operation 215 'udiv' 'udiv_ln18' <Predicate = true> <Delay = 5.07> <CoreInst = "DivnS_SEQ">   --->   Core 7 'DivnS_SEQ' <Latency = 67> <II = 8> <Delay = 5.07> <FuncUnit> <Opcode : 'sdiv' 'srem' 'udiv' 'urem'> <InPorts = 2> <OutPorts = 1>

State 62 <SV = 61> <Delay = 5.07>
ST_62 : Operation 216 [14/68] (5.07ns)   --->   "%udiv_ln18 = udiv i64 %sub_ln17, i64 %zext_ln18_1" [dfg_199.c:18]   --->   Operation 216 'udiv' 'udiv_ln18' <Predicate = true> <Delay = 5.07> <CoreInst = "DivnS_SEQ">   --->   Core 7 'DivnS_SEQ' <Latency = 67> <II = 8> <Delay = 5.07> <FuncUnit> <Opcode : 'sdiv' 'srem' 'udiv' 'urem'> <InPorts = 2> <OutPorts = 1>

State 63 <SV = 62> <Delay = 5.07>
ST_63 : Operation 217 [13/68] (5.07ns)   --->   "%udiv_ln18 = udiv i64 %sub_ln17, i64 %zext_ln18_1" [dfg_199.c:18]   --->   Operation 217 'udiv' 'udiv_ln18' <Predicate = true> <Delay = 5.07> <CoreInst = "DivnS_SEQ">   --->   Core 7 'DivnS_SEQ' <Latency = 67> <II = 8> <Delay = 5.07> <FuncUnit> <Opcode : 'sdiv' 'srem' 'udiv' 'urem'> <InPorts = 2> <OutPorts = 1>

State 64 <SV = 63> <Delay = 5.07>
ST_64 : Operation 218 [12/68] (5.07ns)   --->   "%udiv_ln18 = udiv i64 %sub_ln17, i64 %zext_ln18_1" [dfg_199.c:18]   --->   Operation 218 'udiv' 'udiv_ln18' <Predicate = true> <Delay = 5.07> <CoreInst = "DivnS_SEQ">   --->   Core 7 'DivnS_SEQ' <Latency = 67> <II = 8> <Delay = 5.07> <FuncUnit> <Opcode : 'sdiv' 'srem' 'udiv' 'urem'> <InPorts = 2> <OutPorts = 1>

State 65 <SV = 64> <Delay = 5.07>
ST_65 : Operation 219 [11/68] (5.07ns)   --->   "%udiv_ln18 = udiv i64 %sub_ln17, i64 %zext_ln18_1" [dfg_199.c:18]   --->   Operation 219 'udiv' 'udiv_ln18' <Predicate = true> <Delay = 5.07> <CoreInst = "DivnS_SEQ">   --->   Core 7 'DivnS_SEQ' <Latency = 67> <II = 8> <Delay = 5.07> <FuncUnit> <Opcode : 'sdiv' 'srem' 'udiv' 'urem'> <InPorts = 2> <OutPorts = 1>

State 66 <SV = 65> <Delay = 5.07>
ST_66 : Operation 220 [10/68] (5.07ns)   --->   "%udiv_ln18 = udiv i64 %sub_ln17, i64 %zext_ln18_1" [dfg_199.c:18]   --->   Operation 220 'udiv' 'udiv_ln18' <Predicate = true> <Delay = 5.07> <CoreInst = "DivnS_SEQ">   --->   Core 7 'DivnS_SEQ' <Latency = 67> <II = 8> <Delay = 5.07> <FuncUnit> <Opcode : 'sdiv' 'srem' 'udiv' 'urem'> <InPorts = 2> <OutPorts = 1>

State 67 <SV = 66> <Delay = 5.07>
ST_67 : Operation 221 [9/68] (5.07ns)   --->   "%udiv_ln18 = udiv i64 %sub_ln17, i64 %zext_ln18_1" [dfg_199.c:18]   --->   Operation 221 'udiv' 'udiv_ln18' <Predicate = true> <Delay = 5.07> <CoreInst = "DivnS_SEQ">   --->   Core 7 'DivnS_SEQ' <Latency = 67> <II = 8> <Delay = 5.07> <FuncUnit> <Opcode : 'sdiv' 'srem' 'udiv' 'urem'> <InPorts = 2> <OutPorts = 1>

State 68 <SV = 67> <Delay = 5.07>
ST_68 : Operation 222 [8/68] (5.07ns)   --->   "%udiv_ln18 = udiv i64 %sub_ln17, i64 %zext_ln18_1" [dfg_199.c:18]   --->   Operation 222 'udiv' 'udiv_ln18' <Predicate = true> <Delay = 5.07> <CoreInst = "DivnS_SEQ">   --->   Core 7 'DivnS_SEQ' <Latency = 67> <II = 8> <Delay = 5.07> <FuncUnit> <Opcode : 'sdiv' 'srem' 'udiv' 'urem'> <InPorts = 2> <OutPorts = 1>

State 69 <SV = 68> <Delay = 5.07>
ST_69 : Operation 223 [7/68] (5.07ns)   --->   "%udiv_ln18 = udiv i64 %sub_ln17, i64 %zext_ln18_1" [dfg_199.c:18]   --->   Operation 223 'udiv' 'udiv_ln18' <Predicate = true> <Delay = 5.07> <CoreInst = "DivnS_SEQ">   --->   Core 7 'DivnS_SEQ' <Latency = 67> <II = 8> <Delay = 5.07> <FuncUnit> <Opcode : 'sdiv' 'srem' 'udiv' 'urem'> <InPorts = 2> <OutPorts = 1>

State 70 <SV = 69> <Delay = 5.07>
ST_70 : Operation 224 [6/68] (5.07ns)   --->   "%udiv_ln18 = udiv i64 %sub_ln17, i64 %zext_ln18_1" [dfg_199.c:18]   --->   Operation 224 'udiv' 'udiv_ln18' <Predicate = true> <Delay = 5.07> <CoreInst = "DivnS_SEQ">   --->   Core 7 'DivnS_SEQ' <Latency = 67> <II = 8> <Delay = 5.07> <FuncUnit> <Opcode : 'sdiv' 'srem' 'udiv' 'urem'> <InPorts = 2> <OutPorts = 1>

State 71 <SV = 70> <Delay = 5.07>
ST_71 : Operation 225 [5/68] (5.07ns)   --->   "%udiv_ln18 = udiv i64 %sub_ln17, i64 %zext_ln18_1" [dfg_199.c:18]   --->   Operation 225 'udiv' 'udiv_ln18' <Predicate = true> <Delay = 5.07> <CoreInst = "DivnS_SEQ">   --->   Core 7 'DivnS_SEQ' <Latency = 67> <II = 8> <Delay = 5.07> <FuncUnit> <Opcode : 'sdiv' 'srem' 'udiv' 'urem'> <InPorts = 2> <OutPorts = 1>

State 72 <SV = 71> <Delay = 5.07>
ST_72 : Operation 226 [4/68] (5.07ns)   --->   "%udiv_ln18 = udiv i64 %sub_ln17, i64 %zext_ln18_1" [dfg_199.c:18]   --->   Operation 226 'udiv' 'udiv_ln18' <Predicate = true> <Delay = 5.07> <CoreInst = "DivnS_SEQ">   --->   Core 7 'DivnS_SEQ' <Latency = 67> <II = 8> <Delay = 5.07> <FuncUnit> <Opcode : 'sdiv' 'srem' 'udiv' 'urem'> <InPorts = 2> <OutPorts = 1>

State 73 <SV = 72> <Delay = 5.07>
ST_73 : Operation 227 [3/68] (5.07ns)   --->   "%udiv_ln18 = udiv i64 %sub_ln17, i64 %zext_ln18_1" [dfg_199.c:18]   --->   Operation 227 'udiv' 'udiv_ln18' <Predicate = true> <Delay = 5.07> <CoreInst = "DivnS_SEQ">   --->   Core 7 'DivnS_SEQ' <Latency = 67> <II = 8> <Delay = 5.07> <FuncUnit> <Opcode : 'sdiv' 'srem' 'udiv' 'urem'> <InPorts = 2> <OutPorts = 1>

State 74 <SV = 73> <Delay = 5.07>
ST_74 : Operation 228 [2/68] (5.07ns)   --->   "%udiv_ln18 = udiv i64 %sub_ln17, i64 %zext_ln18_1" [dfg_199.c:18]   --->   Operation 228 'udiv' 'udiv_ln18' <Predicate = true> <Delay = 5.07> <CoreInst = "DivnS_SEQ">   --->   Core 7 'DivnS_SEQ' <Latency = 67> <II = 8> <Delay = 5.07> <FuncUnit> <Opcode : 'sdiv' 'srem' 'udiv' 'urem'> <InPorts = 2> <OutPorts = 1>

State 75 <SV = 74> <Delay = 5.07>
ST_75 : Operation 229 [1/68] (5.07ns)   --->   "%udiv_ln18 = udiv i64 %sub_ln17, i64 %zext_ln18_1" [dfg_199.c:18]   --->   Operation 229 'udiv' 'udiv_ln18' <Predicate = true> <Delay = 5.07> <CoreInst = "DivnS_SEQ">   --->   Core 7 'DivnS_SEQ' <Latency = 67> <II = 8> <Delay = 5.07> <FuncUnit> <Opcode : 'sdiv' 'srem' 'udiv' 'urem'> <InPorts = 2> <OutPorts = 1>

State 76 <SV = 75> <Delay = 4.17>
ST_76 : Operation 230 [1/1] (0.00ns)   --->   "%specbitsmap_ln0 = specbitsmap void @_ssdm_op_SpecBitsMap, i8 0"   --->   Operation 230 'specbitsmap' 'specbitsmap_ln0' <Predicate = true> <Delay = 0.00>
ST_76 : Operation 231 [1/1] (0.00ns)   --->   "%spectopmodule_ln0 = spectopmodule void @_ssdm_op_SpecTopModule, void @empty_2"   --->   Operation 231 'spectopmodule' 'spectopmodule_ln0' <Predicate = true> <Delay = 0.00>
ST_76 : Operation 232 [1/1] (0.00ns)   --->   "%specbitsmap_ln0 = specbitsmap void @_ssdm_op_SpecBitsMap, i16 %p"   --->   Operation 232 'specbitsmap' 'specbitsmap_ln0' <Predicate = true> <Delay = 0.00>
ST_76 : Operation 233 [1/1] (0.00ns)   --->   "%specinterface_ln0 = specinterface void @_ssdm_op_SpecInterface, i16 %p, void @empty, i32 0, i32 0, void @empty_0, i32 0, i32 0, void @empty_0, void @empty_0, void @empty_0, i32 0, i32 0, i32 0, i32 0, void @empty_0, void @empty_0"   --->   Operation 233 'specinterface' 'specinterface_ln0' <Predicate = true> <Delay = 0.00>
ST_76 : Operation 234 [1/1] (0.00ns)   --->   "%specbitsmap_ln0 = specbitsmap void @_ssdm_op_SpecBitsMap, i16 %p_4"   --->   Operation 234 'specbitsmap' 'specbitsmap_ln0' <Predicate = true> <Delay = 0.00>
ST_76 : Operation 235 [1/1] (0.00ns)   --->   "%specinterface_ln0 = specinterface void @_ssdm_op_SpecInterface, i16 %p_4, void @empty, i32 0, i32 0, void @empty_0, i32 0, i32 0, void @empty_0, void @empty_0, void @empty_0, i32 0, i32 0, i32 0, i32 0, void @empty_0, void @empty_0"   --->   Operation 235 'specinterface' 'specinterface_ln0' <Predicate = true> <Delay = 0.00>
ST_76 : Operation 236 [1/1] (0.00ns)   --->   "%specbitsmap_ln0 = specbitsmap void @_ssdm_op_SpecBitsMap, i64 %p_6"   --->   Operation 236 'specbitsmap' 'specbitsmap_ln0' <Predicate = true> <Delay = 0.00>
ST_76 : Operation 237 [1/1] (0.00ns)   --->   "%specinterface_ln0 = specinterface void @_ssdm_op_SpecInterface, i64 %p_6, void @empty, i32 0, i32 0, void @empty_0, i32 0, i32 0, void @empty_0, void @empty_0, void @empty_0, i32 0, i32 0, i32 0, i32 0, void @empty_0, void @empty_0"   --->   Operation 237 'specinterface' 'specinterface_ln0' <Predicate = true> <Delay = 0.00>
ST_76 : Operation 238 [1/1] (0.00ns)   --->   "%specbitsmap_ln0 = specbitsmap void @_ssdm_op_SpecBitsMap, i8 %p_9"   --->   Operation 238 'specbitsmap' 'specbitsmap_ln0' <Predicate = true> <Delay = 0.00>
ST_76 : Operation 239 [1/1] (0.00ns)   --->   "%specinterface_ln0 = specinterface void @_ssdm_op_SpecInterface, i8 %p_9, void @empty, i32 0, i32 0, void @empty_0, i32 0, i32 0, void @empty_0, void @empty_0, void @empty_0, i32 0, i32 0, i32 0, i32 0, void @empty_0, void @empty_0"   --->   Operation 239 'specinterface' 'specinterface_ln0' <Predicate = true> <Delay = 0.00>
ST_76 : Operation 240 [1/1] (0.00ns)   --->   "%specinterface_ln0 = specinterface void @_ssdm_op_SpecInterface, i32 %p_11, void @empty_1, i32 0, i32 0, void @empty_0, i32 4294967295, i32 0, void @empty_0, void @empty_0, void @empty_0, i32 0, i32 0, i32 0, i32 0, void @empty_0, void @empty_0"   --->   Operation 240 'specinterface' 'specinterface_ln0' <Predicate = true> <Delay = 0.00>
ST_76 : Operation 241 [1/1] (0.00ns)   --->   "%specbitsmap_ln0 = specbitsmap void @_ssdm_op_SpecBitsMap, i32 %p_11"   --->   Operation 241 'specbitsmap' 'specbitsmap_ln0' <Predicate = true> <Delay = 0.00>
ST_76 : Operation 242 [1/1] (0.00ns)   --->   "%trunc_ln16_1 = trunc i8 %udiv_ln18" [dfg_199.c:16]   --->   Operation 242 'trunc' 'trunc_ln16_1' <Predicate = true> <Delay = 0.00>
ST_76 : Operation 243 [1/1] (4.17ns)   --->   "%result_1 = mul i8 %trunc_ln16_1, i8 %xor_ln16" [dfg_199.c:16]   --->   Operation 243 'mul' 'result_1' <Predicate = true> <Delay = 4.17> <CoreInst = "Multiplier">   --->   Core 3 'Multiplier' <Latency = 0> <II = 1> <Delay = 4.17> <FuncUnit> <Opcode : 'mul'> <InPorts = 2> <OutPorts = 1>
ST_76 : Operation 244 [1/1] (0.00ns)   --->   "%ret_ln20 = ret i8 %result_1" [dfg_199.c:20]   --->   Operation 244 'ret' 'ret_ln20' <Predicate = true> <Delay = 0.00>


============================================================
+ Verbose Summary: Timing violations
============================================================
Target clock period: 10ns, clock uncertainty: 2.7ns.

 <State 1>: 2.32ns
The critical path consists of the following:
	'getelementptr' operation ('p_11_addr', dfg_199.c:13) [10]  (0 ns)
	'load' operation ('p_11_load', dfg_199.c:13) on array 'p_11' [24]  (2.32 ns)

 <State 2>: 6.98ns
The critical path consists of the following:
	wire read on port 'p_6' (dfg_199.c:13) [7]  (0 ns)
	'mul' operation ('mul_ln18', dfg_199.c:18) [51]  (6.98 ns)

 <State 3>: 6.98ns
The critical path consists of the following:
	'mul' operation ('mul_ln18', dfg_199.c:18) [51]  (6.98 ns)

 <State 4>: 6.98ns
The critical path consists of the following:
	'mul' operation ('mul_ln18', dfg_199.c:18) [51]  (6.98 ns)

 <State 5>: 6.98ns
The critical path consists of the following:
	'mul' operation ('mul_ln18', dfg_199.c:18) [51]  (6.98 ns)

 <State 6>: 6.98ns
The critical path consists of the following:
	'mul' operation ('mul_ln18', dfg_199.c:18) [51]  (6.98 ns)

 <State 7>: 5.07ns
The critical path consists of the following:
	'udiv' operation ('udiv_ln13', dfg_199.c:13) [32]  (5.07 ns)

 <State 8>: 6.89ns
The critical path consists of the following:
	'add' operation ('add_ln19', dfg_199.c:19) [54]  (1.82 ns)
	'udiv' operation ('udiv_ln18', dfg_199.c:18) [56]  (5.07 ns)

 <State 9>: 5.07ns
The critical path consists of the following:
	'udiv' operation ('udiv_ln13', dfg_199.c:13) [32]  (5.07 ns)

 <State 10>: 5.07ns
The critical path consists of the following:
	'udiv' operation ('udiv_ln13', dfg_199.c:13) [32]  (5.07 ns)

 <State 11>: 5.07ns
The critical path consists of the following:
	'udiv' operation ('udiv_ln13', dfg_199.c:13) [32]  (5.07 ns)

 <State 12>: 5.07ns
The critical path consists of the following:
	'udiv' operation ('udiv_ln13', dfg_199.c:13) [32]  (5.07 ns)

 <State 13>: 5.07ns
The critical path consists of the following:
	'udiv' operation ('udiv_ln13', dfg_199.c:13) [32]  (5.07 ns)

 <State 14>: 5.07ns
The critical path consists of the following:
	'udiv' operation ('udiv_ln13', dfg_199.c:13) [32]  (5.07 ns)

 <State 15>: 5.07ns
The critical path consists of the following:
	'udiv' operation ('udiv_ln13', dfg_199.c:13) [32]  (5.07 ns)

 <State 16>: 5.07ns
The critical path consists of the following:
	'udiv' operation ('udiv_ln13', dfg_199.c:13) [32]  (5.07 ns)

 <State 17>: 5.07ns
The critical path consists of the following:
	'udiv' operation ('udiv_ln13', dfg_199.c:13) [32]  (5.07 ns)

 <State 18>: 5.07ns
The critical path consists of the following:
	'udiv' operation ('udiv_ln13', dfg_199.c:13) [32]  (5.07 ns)

 <State 19>: 5.07ns
The critical path consists of the following:
	'udiv' operation ('udiv_ln13', dfg_199.c:13) [32]  (5.07 ns)

 <State 20>: 5.07ns
The critical path consists of the following:
	'udiv' operation ('udiv_ln13', dfg_199.c:13) [32]  (5.07 ns)

 <State 21>: 5.07ns
The critical path consists of the following:
	'udiv' operation ('udiv_ln13', dfg_199.c:13) [32]  (5.07 ns)

 <State 22>: 5.07ns
The critical path consists of the following:
	'udiv' operation ('udiv_ln13', dfg_199.c:13) [32]  (5.07 ns)

 <State 23>: 5.07ns
The critical path consists of the following:
	'udiv' operation ('udiv_ln13', dfg_199.c:13) [32]  (5.07 ns)

 <State 24>: 5.07ns
The critical path consists of the following:
	'udiv' operation ('udiv_ln13', dfg_199.c:13) [32]  (5.07 ns)

 <State 25>: 5.07ns
The critical path consists of the following:
	'udiv' operation ('udiv_ln13', dfg_199.c:13) [32]  (5.07 ns)

 <State 26>: 5.07ns
The critical path consists of the following:
	'udiv' operation ('udiv_ln13', dfg_199.c:13) [32]  (5.07 ns)

 <State 27>: 5.07ns
The critical path consists of the following:
	'udiv' operation ('udiv_ln13', dfg_199.c:13) [32]  (5.07 ns)

 <State 28>: 5.07ns
The critical path consists of the following:
	'udiv' operation ('udiv_ln13', dfg_199.c:13) [32]  (5.07 ns)

 <State 29>: 5.07ns
The critical path consists of the following:
	'udiv' operation ('udiv_ln13', dfg_199.c:13) [32]  (5.07 ns)

 <State 30>: 5.07ns
The critical path consists of the following:
	'udiv' operation ('udiv_ln13', dfg_199.c:13) [32]  (5.07 ns)

 <State 31>: 5.07ns
The critical path consists of the following:
	'udiv' operation ('udiv_ln13', dfg_199.c:13) [32]  (5.07 ns)

 <State 32>: 5.07ns
The critical path consists of the following:
	'udiv' operation ('udiv_ln13', dfg_199.c:13) [32]  (5.07 ns)

 <State 33>: 5.07ns
The critical path consists of the following:
	'udiv' operation ('udiv_ln13', dfg_199.c:13) [32]  (5.07 ns)

 <State 34>: 5.07ns
The critical path consists of the following:
	'udiv' operation ('udiv_ln13', dfg_199.c:13) [32]  (5.07 ns)

 <State 35>: 5.07ns
The critical path consists of the following:
	'udiv' operation ('udiv_ln13', dfg_199.c:13) [32]  (5.07 ns)

 <State 36>: 5.07ns
The critical path consists of the following:
	'udiv' operation ('udiv_ln13', dfg_199.c:13) [32]  (5.07 ns)

 <State 37>: 5.07ns
The critical path consists of the following:
	'udiv' operation ('udiv_ln13', dfg_199.c:13) [32]  (5.07 ns)

 <State 38>: 5.07ns
The critical path consists of the following:
	'udiv' operation ('udiv_ln13', dfg_199.c:13) [32]  (5.07 ns)

 <State 39>: 6.91ns
The critical path consists of the following:
	'mul' operation ('mul_ln13', dfg_199.c:13) [35]  (6.91 ns)

 <State 40>: 6.91ns
The critical path consists of the following:
	'mul' operation ('mul_ln13', dfg_199.c:13) [35]  (6.91 ns)

 <State 41>: 5.66ns
The critical path consists of the following:
	'mul' operation ('mul_ln14', dfg_199.c:14) [37]  (5.66 ns)

 <State 42>: 5.66ns
The critical path consists of the following:
	'mul' operation ('mul_ln14', dfg_199.c:14) [37]  (5.66 ns)

 <State 43>: 5.66ns
The critical path consists of the following:
	'mul' operation ('mul_ln14', dfg_199.c:14) [37]  (5.66 ns)

 <State 44>: 5.66ns
The critical path consists of the following:
	'mul' operation ('mul_ln14', dfg_199.c:14) [37]  (5.66 ns)

 <State 45>: 5.66ns
The critical path consists of the following:
	'mul' operation ('mul_ln14', dfg_199.c:14) [37]  (5.66 ns)

 <State 46>: 5.72ns
The critical path consists of the following:
	'sub' operation ('sub_ln16', dfg_199.c:16) [42]  (1.74 ns)
	'lshr' operation ('lshr_ln16', dfg_199.c:16) [44]  (0 ns)
	'xor' operation ('xor_ln16', dfg_199.c:16) [57]  (3.99 ns)

 <State 47>: 5.07ns
The critical path consists of the following:
	'udiv' operation ('udiv_ln18', dfg_199.c:18) [56]  (5.07 ns)

 <State 48>: 5.07ns
The critical path consists of the following:
	'udiv' operation ('udiv_ln18', dfg_199.c:18) [56]  (5.07 ns)

 <State 49>: 5.07ns
The critical path consists of the following:
	'udiv' operation ('udiv_ln18', dfg_199.c:18) [56]  (5.07 ns)

 <State 50>: 5.07ns
The critical path consists of the following:
	'udiv' operation ('udiv_ln18', dfg_199.c:18) [56]  (5.07 ns)

 <State 51>: 5.07ns
The critical path consists of the following:
	'udiv' operation ('udiv_ln18', dfg_199.c:18) [56]  (5.07 ns)

 <State 52>: 5.07ns
The critical path consists of the following:
	'udiv' operation ('udiv_ln18', dfg_199.c:18) [56]  (5.07 ns)

 <State 53>: 5.07ns
The critical path consists of the following:
	'udiv' operation ('udiv_ln18', dfg_199.c:18) [56]  (5.07 ns)

 <State 54>: 5.07ns
The critical path consists of the following:
	'udiv' operation ('udiv_ln18', dfg_199.c:18) [56]  (5.07 ns)

 <State 55>: 5.07ns
The critical path consists of the following:
	'udiv' operation ('udiv_ln18', dfg_199.c:18) [56]  (5.07 ns)

 <State 56>: 5.07ns
The critical path consists of the following:
	'udiv' operation ('udiv_ln18', dfg_199.c:18) [56]  (5.07 ns)

 <State 57>: 5.07ns
The critical path consists of the following:
	'udiv' operation ('udiv_ln18', dfg_199.c:18) [56]  (5.07 ns)

 <State 58>: 5.07ns
The critical path consists of the following:
	'udiv' operation ('udiv_ln18', dfg_199.c:18) [56]  (5.07 ns)

 <State 59>: 5.07ns
The critical path consists of the following:
	'udiv' operation ('udiv_ln18', dfg_199.c:18) [56]  (5.07 ns)

 <State 60>: 5.07ns
The critical path consists of the following:
	'udiv' operation ('udiv_ln18', dfg_199.c:18) [56]  (5.07 ns)

 <State 61>: 5.07ns
The critical path consists of the following:
	'udiv' operation ('udiv_ln18', dfg_199.c:18) [56]  (5.07 ns)

 <State 62>: 5.07ns
The critical path consists of the following:
	'udiv' operation ('udiv_ln18', dfg_199.c:18) [56]  (5.07 ns)

 <State 63>: 5.07ns
The critical path consists of the following:
	'udiv' operation ('udiv_ln18', dfg_199.c:18) [56]  (5.07 ns)

 <State 64>: 5.07ns
The critical path consists of the following:
	'udiv' operation ('udiv_ln18', dfg_199.c:18) [56]  (5.07 ns)

 <State 65>: 5.07ns
The critical path consists of the following:
	'udiv' operation ('udiv_ln18', dfg_199.c:18) [56]  (5.07 ns)

 <State 66>: 5.07ns
The critical path consists of the following:
	'udiv' operation ('udiv_ln18', dfg_199.c:18) [56]  (5.07 ns)

 <State 67>: 5.07ns
The critical path consists of the following:
	'udiv' operation ('udiv_ln18', dfg_199.c:18) [56]  (5.07 ns)

 <State 68>: 5.07ns
The critical path consists of the following:
	'udiv' operation ('udiv_ln18', dfg_199.c:18) [56]  (5.07 ns)

 <State 69>: 5.07ns
The critical path consists of the following:
	'udiv' operation ('udiv_ln18', dfg_199.c:18) [56]  (5.07 ns)

 <State 70>: 5.07ns
The critical path consists of the following:
	'udiv' operation ('udiv_ln18', dfg_199.c:18) [56]  (5.07 ns)

 <State 71>: 5.07ns
The critical path consists of the following:
	'udiv' operation ('udiv_ln18', dfg_199.c:18) [56]  (5.07 ns)

 <State 72>: 5.07ns
The critical path consists of the following:
	'udiv' operation ('udiv_ln18', dfg_199.c:18) [56]  (5.07 ns)

 <State 73>: 5.07ns
The critical path consists of the following:
	'udiv' operation ('udiv_ln18', dfg_199.c:18) [56]  (5.07 ns)

 <State 74>: 5.07ns
The critical path consists of the following:
	'udiv' operation ('udiv_ln18', dfg_199.c:18) [56]  (5.07 ns)

 <State 75>: 5.07ns
The critical path consists of the following:
	'udiv' operation ('udiv_ln18', dfg_199.c:18) [56]  (5.07 ns)

 <State 76>: 4.17ns
The critical path consists of the following:
	'mul' operation ('result', dfg_199.c:16) [59]  (4.17 ns)


============================================================
+ Verbose Summary: Binding
============================================================
N/A
* FSMD analyzer results:
  - Output states:
 - Input state : 
  - Chain level:
	State 1
	State 2
	State 3
	State 4
	State 5
	State 6
	State 7
	State 8
	State 9
	State 10
	State 11
	State 12
	State 13
	State 14
	State 15
	State 16
	State 17
	State 18
	State 19
	State 20
	State 21
	State 22
	State 23
	State 24
	State 25
	State 26
	State 27
	State 28
	State 29
	State 30
	State 31
	State 32
	State 33
	State 34
	State 35
	State 36
	State 37
	State 38
	State 39
	State 40
	State 41
	State 42
	State 43
	State 44
	State 45
	State 46
	State 47
	State 48
	State 49
	State 50
	State 51
	State 52
	State 53
	State 54
	State 55
	State 56
	State 57
	State 58
	State 59
	State 60
	State 61
	State 62
	State 63
	State 64
	State 65
	State 66
	State 67
	State 68
	State 69
	State 70
	State 71
	State 72
	State 73
	State 74
	State 75
	State 76


============================================================
+ Verbose Summary: Datapath Resource usage 
============================================================
N/A
