Copyright 1986-2020 Xilinx, Inc. All Rights Reserved.
-----------------------------------------------------------------------------------------
| Tool Version : Vivado v.2020.2 (lin64) Build 3064766 Wed Nov 18 09:12:47 MST 2020
| Date         : Sun Apr 11 01:37:45 2021
| Host         : seal-lambda running 64-bit Ubuntu 18.04.5 LTS
| Command      : report_control_sets -verbose -file bd_0_wrapper_control_sets_placed.rpt
| Design       : bd_0_wrapper
| Device       : xc7z020
-----------------------------------------------------------------------------------------

Control Set Information

Table of Contents
-----------------
1. Summary
2. Histogram
3. Flip-Flop Distribution
4. Detailed Control Set Information

1. Summary
----------

+----------------------------------------------------------+-------+
|                          Status                          | Count |
+----------------------------------------------------------+-------+
| Total control sets                                       |    27 |
|    Minimum number of control sets                        |    27 |
|    Addition due to synthesis replication                 |     0 |
|    Addition due to physical synthesis replication        |     0 |
| Unused register locations in slices containing registers |    76 |
+----------------------------------------------------------+-------+
* Control sets can be merged at opt_design using control_set_merge or merge_equivalent_drivers
** Run report_qor_suggestions for automated merging and remapping suggestions


2. Histogram
------------

+--------------------+-------+
|       Fanout       | Count |
+--------------------+-------+
| Total control sets |    27 |
| >= 0 to < 4        |     1 |
| >= 4 to < 6        |     2 |
| >= 6 to < 8        |     0 |
| >= 8 to < 10       |     1 |
| >= 10 to < 12      |     1 |
| >= 12 to < 14      |     0 |
| >= 14 to < 16      |     1 |
| >= 16              |    21 |
+--------------------+-------+
* Control sets can be remapped at either synth_design or opt_design


3. Flip-Flop Distribution
-------------------------

+--------------+-----------------------+------------------------+-----------------+--------------+
| Clock Enable | Synchronous Set/Reset | Asynchronous Set/Reset | Total Registers | Total Slices |
+--------------+-----------------------+------------------------+-----------------+--------------+
| No           | No                    | No                     |            7155 |         1371 |
| No           | No                    | Yes                    |               0 |            0 |
| No           | Yes                   | No                     |             627 |          155 |
| Yes          | No                    | No                     |             759 |          201 |
| Yes          | No                    | Yes                    |               0 |            0 |
| Yes          | Yes                   | No                     |              23 |           11 |
+--------------+-----------------------+------------------------+-----------------+--------------+


4. Detailed Control Set Information
-----------------------------------

+--------------+-----------------------------------------------------------------------------------------------------------------------------------------------------+------------------------------------------------------------------------------------------------------------------------------------------------------------------------------------------------------------------------------------+------------------+----------------+--------------+
| Clock Signal |                                                                    Enable Signal                                                                    |                                                                                                          Set/Reset Signal                                                                                                          | Slice Load Count | Bel Load Count | Bels / Slice |
+--------------+-----------------------------------------------------------------------------------------------------------------------------------------------------+------------------------------------------------------------------------------------------------------------------------------------------------------------------------------------------------------------------------------------+------------------+----------------+--------------+
|  ap_clk      |                                                                                                                                                     | bd_0_i/hls_inst/inst/ddiv_64ns_64ns_64_59_no_dsp_1_U2/fn1_ap_ddiv_57_no_dsp_64_u/inst/i_synth/DIV_OP.SPD.OP/EXP/STATE_DELAY/i_pipe/state_up[0]                                                                                     |                1 |              1 |         1.00 |
|  ap_clk      |                                                                                                                                                     | bd_0_i/hls_inst/inst/dadd_64ns_64ns_64_7_full_dsp_1_U1/fn1_ap_dadd_5_full_dsp_64_u/inst/i_synth/ADDSUB_OP.ADDSUB/LOGIC_SPEED.OP/EXP/BMA_EXP_DELAY/i_pipe/O[2]                                                                      |                2 |              4 |         2.00 |
|  ap_clk      |                                                                                                                                                     | bd_0_i/hls_inst/inst/dadd_64ns_64ns_64_7_full_dsp_1_U1/fn1_ap_dadd_5_full_dsp_64_u/inst/i_synth/ADDSUB_OP.ADDSUB/LOGIC_SPEED.OP/ALIGN_BLK/ALIGN_SHIFT/ALIGN_SHIFT/MUX_LOOP[1].DEL_SHIFT/i_pipe/opt_has_pipe.first_q[54]_i_1__1_n_0 |                2 |              4 |         2.00 |
|  ap_clk      |                                                                                                                                                     | bd_0_i/hls_inst/inst/dadd_64ns_64ns_64_7_full_dsp_1_U1/fn1_ap_dadd_5_full_dsp_64_u/inst/i_synth/ADDSUB_OP.ADDSUB/LOGIC_SPEED.OP/EXP/COND_DET_B/EXP_DET_LUT.EXP_ALL_ZERO_DEL/i_pipe/opt_has_pipe.first_q_reg[0]_0                   |                5 |              8 |         1.60 |
|  ap_clk      |                                                                                                                                                     | bd_0_i/hls_inst/inst/ddiv_64ns_64ns_64_59_no_dsp_1_U2/fn1_ap_ddiv_57_no_dsp_64_u/inst/i_synth/DIV_OP.SPD.OP/EXP/STATE_DEC_DELAY/i_pipe/opt_has_pipe.first_q_reg[13]_0[1]                                                           |                2 |             10 |         5.00 |
|  ap_clk      |                                                                                                                                                     | bd_0_i/hls_inst/inst/dadd_64ns_64ns_64_7_full_dsp_1_U1/din1_buf1[63]_i_1_n_0                                                                                                                                                       |                4 |             14 |         3.50 |
|  ap_clk      | bd_0_i/hls_inst/inst/ap_CS_fsm_state14                                                                                                              | bd_0_i/hls_inst/inst/val_reg_436[63]                                                                                                                                                                                               |               11 |             23 |         2.09 |
|  ap_clk      |                                                                                                                                                     | bd_0_i/hls_inst/inst/dadd_64ns_64ns_64_7_full_dsp_1_U1/din1_buf1[53]_i_1_n_0                                                                                                                                                       |                5 |             25 |         5.00 |
|  ap_clk      |                                                                                                                                                     | bd_0_i/hls_inst/inst/uitodp_32ns_64_6_no_dsp_1_U3/fn1_ap_uitodp_4_no_dsp_32_u/inst/i_synth/FIX_TO_FLT_OP.SPD.OP/EXP/ZERO_DELAY/i_pipe/opt_has_pipe.i_pipe[2].pipe_reg[2][0]_0                                                      |                7 |             25 |         3.57 |
|  ap_clk      |                                                                                                                                                     | bd_0_i/hls_inst/inst/sitodp_32s_64_6_no_dsp_1_U5/fn1_ap_sitodp_4_no_dsp_32_u/inst/i_synth/FIX_TO_FLT_OP.SPD.OP/EXP/ZERO_DELAY/i_pipe/op_state[0]                                                                                   |                8 |             31 |         3.88 |
|  ap_clk      | bd_0_i/hls_inst/inst/ap_CS_fsm_state76                                                                                                              |                                                                                                                                                                                                                                    |               10 |             36 |         3.60 |
|  ap_clk      | bd_0_i/hls_inst/inst/ap_CS_fsm_state14                                                                                                              |                                                                                                                                                                                                                                    |               12 |             40 |         3.33 |
|  ap_clk      | bd_0_i/hls_inst/inst/ap_CS_fsm_state6                                                                                                               |                                                                                                                                                                                                                                    |               10 |             43 |         4.30 |
|  ap_clk      |                                                                                                                                                     | bd_0_i/hls_inst/inst/ddiv_64ns_64ns_64_59_no_dsp_1_U2/fn1_ap_ddiv_57_no_dsp_64_u/inst/i_synth/DIV_OP.SPD.OP/EXP/STATE_DEC_DELAY/i_pipe/opt_has_pipe.first_q_reg[13]_0[3]                                                           |               12 |             51 |         4.25 |
|  ap_clk      |                                                                                                                                                     | bd_0_i/hls_inst/inst/dadd_64ns_64ns_64_7_full_dsp_1_U1/fn1_ap_dadd_5_full_dsp_64_u/inst/i_synth/ADDSUB_OP.ADDSUB/LOGIC_SPEED.OP/EXP/STATE_DELAY/i_pipe/op_state[0]                                                                 |               13 |             51 |         3.92 |
|  ap_clk      |                                                                                                                                                     | bd_0_i/hls_inst/inst/sitodp_64ns_64_6_no_dsp_1_U4/fn1_ap_sitodp_4_no_dsp_64_u/inst/i_synth/FIX_TO_FLT_OP.SPD.OP/EXP/ZERO_DELAY/i_pipe/op_state[0]                                                                                  |               14 |             52 |         3.71 |
|  ap_clk      | bd_0_i/hls_inst/inst/ap_CS_fsm_state222                                                                                                             |                                                                                                                                                                                                                                    |               21 |             63 |         3.00 |
|  ap_clk      |                                                                                                                                                     | bd_0_i/hls_inst/inst/ap_CS_fsm_state85                                                                                                                                                                                             |               15 |             63 |         4.20 |
|  ap_clk      | bd_0_i/hls_inst/inst/ap_CS_fsm_state149                                                                                                             |                                                                                                                                                                                                                                    |               15 |             64 |         4.27 |
|  ap_clk      | bd_0_i/hls_inst/inst/sdiv_64ns_64ns_64_68_seq_1_U6/fn1_sdiv_64ns_64ns_64_68_seq_1_div_U/fn1_sdiv_64ns_64ns_64_68_seq_1_div_u_0/r_stage_reg[64]_0[0] |                                                                                                                                                                                                                                    |               16 |             64 |         4.00 |
|  ap_clk      | bd_0_i/hls_inst/inst/ap_CS_fsm_state83                                                                                                              |                                                                                                                                                                                                                                    |               16 |             64 |         4.00 |
|  ap_clk      | bd_0_i/hls_inst/inst/reg_1140                                                                                                                       |                                                                                                                                                                                                                                    |               17 |             64 |         3.76 |
|  ap_clk      | bd_0_i/hls_inst/inst/reg_1200                                                                                                                       |                                                                                                                                                                                                                                    |               28 |             64 |         2.29 |
|  ap_clk      | bd_0_i/hls_inst/inst/ap_CS_fsm_state15                                                                                                              |                                                                                                                                                                                                                                    |               32 |            128 |         4.00 |
|  ap_clk      | bd_0_i/hls_inst/inst/sdiv_64ns_64ns_64_68_seq_1_U6/fn1_sdiv_64ns_64ns_64_68_seq_1_div_U/start0                                                      |                                                                                                                                                                                                                                    |               24 |            129 |         5.38 |
|  ap_clk      |                                                                                                                                                     | ap_rst                                                                                                                                                                                                                             |               65 |            288 |         4.43 |
|  ap_clk      |                                                                                                                                                     |                                                                                                                                                                                                                                    |             1371 |           7272 |         5.30 |
+--------------+-----------------------------------------------------------------------------------------------------------------------------------------------------+------------------------------------------------------------------------------------------------------------------------------------------------------------------------------------------------------------------------------------+------------------+----------------+--------------+


