

================================================================
== Vitis HLS Report for 'fn1'
================================================================
* Date:           Mon Apr 12 04:39:04 2021

* Version:        2020.2 (Build 3064766 on Wed Nov 18 09:12:47 MST 2020)
* Project:        project_tmp
* Solution:       solution_tmp (Vivado IP Flow Target)
* Product family: zynq
* Target device:  xc7z020-clg484-1


================================================================
== Performance Estimates
================================================================
+ Timing: 
    * Summary: 
    +--------+----------+----------+------------+
    |  Clock |  Target  | Estimated| Uncertainty|
    +--------+----------+----------+------------+
    |ap_clk  |  10.00 ns|  5.759 ns|     2.70 ns|
    +--------+----------+----------+------------+

+ Latency: 
    * Summary: 
    +---------+---------+----------+----------+-----+-----+---------+
    |  Latency (cycles) |  Latency (absolute) |  Interval | Pipeline|
    |   min   |   max   |    min   |    max   | min | max |   Type  |
    +---------+---------+----------+----------+-----+-----+---------+
    |       41|       41|  0.410 us|  0.410 us|   42|   42|     none|
    +---------+---------+----------+----------+-----+-----+---------+

    + Detail: 
        * Instance: 
        N/A

        * Loop: 
        N/A



================================================================
== Utilization Estimates
================================================================
* Summary: 
+-----------------+---------+-----+--------+-------+-----+
|       Name      | BRAM_18K| DSP |   FF   |  LUT  | URAM|
+-----------------+---------+-----+--------+-------+-----+
|DSP              |        -|    -|       -|      -|    -|
|Expression       |        -|    -|       0|    213|    -|
|FIFO             |        -|    -|       -|      -|    -|
|Instance         |        -|    -|     952|    564|    -|
|Memory           |        -|    -|       -|      -|    -|
|Multiplexer      |        -|    -|       -|    189|    -|
|Register         |        -|    -|      95|      -|    -|
+-----------------+---------+-----+--------+-------+-----+
|Total            |        0|    0|    1047|    966|    0|
+-----------------+---------+-----+--------+-------+-----+
|Available        |      280|  220|  106400|  53200|    0|
+-----------------+---------+-----+--------+-------+-----+
|Utilization (%)  |        0|    0|      ~0|      1|    0|
+-----------------+---------+-----+--------+-------+-----+

+ Detail: 
    * Instance: 
    +-------------------------------+----------------------------+---------+----+-----+-----+-----+
    |            Instance           |           Module           | BRAM_18K| DSP|  FF | LUT | URAM|
    +-------------------------------+----------------------------+---------+----+-----+-----+-----+
    |sdiv_17s_17ns_3_21_seq_1_U2    |sdiv_17s_17ns_3_21_seq_1    |        0|   0|  214|  130|    0|
    |srem_16ns_11ns_16_20_seq_1_U4  |srem_16ns_11ns_16_20_seq_1  |        0|   0|  202|  123|    0|
    |srem_17s_32ns_16_21_seq_1_U3   |srem_17s_32ns_16_21_seq_1   |        0|   0|  394|  238|    0|
    |urem_8ns_11ns_3_12_seq_1_U1    |urem_8ns_11ns_3_12_seq_1    |        0|   0|  142|   73|    0|
    +-------------------------------+----------------------------+---------+----+-----+-----+-----+
    |Total                          |                            |        0|   0|  952|  564|    0|
    +-------------------------------+----------------------------+---------+----+-----+-----+-----+

    * DSP: 
    N/A

    * Memory: 
    N/A

    * FIFO: 
    N/A

    * Expression: 
    +--------------------+----------+----+---+----+------------+------------+
    |    Variable Name   | Operation| DSP| FF| LUT| Bitwidth P0| Bitwidth P1|
    +--------------------+----------+----+---+----+------------+------------+
    |add_ln24_fu_84_p2   |         +|   0|  0|  38|          31|          10|
    |grp_fu_68_p1        |         +|   0|  0|  12|          11|          10|
    |grp_fu_99_p1        |         +|   0|  0|  24|          17|           9|
    |sub_ln19_fu_130_p2  |         -|   0|  0|  11|           3|           3|
    |sub_ln25_fu_156_p2  |         -|   0|  0|  13|          10|          10|
    |shl_ln24_fu_78_p2   |       shl|   0|  0|  96|          31|          31|
    |grp_fu_166_p0       |       xor|   0|  0|  16|          16|           2|
    |xor_ln19_fu_121_p2  |       xor|   0|  0|   3|           3|           2|
    +--------------------+----------+----+---+----+------------+------------+
    |Total               |          |   0|  0| 213|         122|          77|
    +--------------------+----------+----+---+----+------------+------------+

    * Multiplexer: 
    +-----------+-----+-----------+-----+-----------+
    |    Name   | LUT | Input Size| Bits| Total Bits|
    +-----------+-----+-----------+-----+-----------+
    |ap_NS_fsm  |  189|         43|    1|         43|
    +-----------+-----+-----------+-----+-----------+
    |Total      |  189|         43|    1|         43|
    +-----------+-----+-----------+-----+-----------+

    * Register: 
    +-------------------+----+----+-----+-----------+
    |        Name       | FF | LUT| Bits| Const Bits|
    +-------------------+----+----+-----+-----------+
    |add_ln24_reg_187   |  31|   0|   31|          0|
    |ap_CS_fsm          |  42|   0|   42|          0|
    |srem_ln24_reg_217  |  16|   0|   16|          0|
    |sub_ln19_reg_212   |   3|   0|    3|          0|
    |urem_ln20_reg_207  |   3|   0|    3|          0|
    +-------------------+----+----+-----+-----------+
    |Total              |  95|   0|   95|          0|
    +-------------------+----+----+-----+-----------+



================================================================
== Interface
================================================================
* Summary: 
+-----------+-----+-----+------------+--------------+--------------+
| RTL Ports | Dir | Bits|  Protocol  | Source Object|    C Type    |
+-----------+-----+-----+------------+--------------+--------------+
|ap_clk     |   in|    1|  ap_ctrl_hs|           fn1|  return value|
|ap_rst     |   in|    1|  ap_ctrl_hs|           fn1|  return value|
|ap_start   |   in|    1|  ap_ctrl_hs|           fn1|  return value|
|ap_done    |  out|    1|  ap_ctrl_hs|           fn1|  return value|
|ap_idle    |  out|    1|  ap_ctrl_hs|           fn1|  return value|
|ap_ready   |  out|    1|  ap_ctrl_hs|           fn1|  return value|
|ap_return  |  out|   64|  ap_ctrl_hs|           fn1|  return value|
|p          |   in|   16|     ap_none|             p|        scalar|
+-----------+-----+-----+------------+--------------+--------------+

