Copyright 1986-2020 Xilinx, Inc. All Rights Reserved.
------------------------------------------------------------------------------------
| Tool Version : Vivado v.2020.2 (lin64) Build 3064766 Wed Nov 18 09:12:47 MST 2020
| Date         : Thu Apr 29 14:51:02 2021
| Host         : seal-lambda running 64-bit Ubuntu 18.04.5 LTS
| Command      : report_timing_summary -file ./report/fn1_timing_routed.rpt
| Design       : bd_0_wrapper
| Device       : 7z020-clg484
| Speed File   : -1  PRODUCTION 1.12 2019-11-22
------------------------------------------------------------------------------------

Timing Summary Report

------------------------------------------------------------------------------------------------
| Timer Settings
| --------------
------------------------------------------------------------------------------------------------

  Enable Multi Corner Analysis               :  Yes
  Enable Pessimism Removal                   :  Yes
  Pessimism Removal Resolution               :  Nearest Common Node
  Enable Input Delay Default Clock           :  No
  Enable Preset / Clear Arcs                 :  No
  Disable Flight Delays                      :  No
  Ignore I/O Paths                           :  No
  Timing Early Launch at Borrowing Latches   :  No
  Borrow Time for Max Delay Exceptions       :  Yes
  Merge Timing Exceptions                    :  Yes

  Corner  Analyze    Analyze    
  Name    Max Paths  Min Paths  
  ------  ---------  ---------  
  Slow    Yes        Yes        
  Fast    Yes        Yes        



check_timing report

Table of Contents
-----------------
1. checking no_clock (0)
2. checking constant_clock (0)
3. checking pulse_width_clock (0)
4. checking unconstrained_internal_endpoints (0)
5. checking no_input_delay (162)
6. checking no_output_delay (14)
7. checking multiple_clock (0)
8. checking generated_clocks (0)
9. checking loops (0)
10. checking partial_input_delay (0)
11. checking partial_output_delay (0)
12. checking latch_loops (0)

1. checking no_clock (0)
------------------------
 There are 0 register/latch pins with no clock.


2. checking constant_clock (0)
------------------------------
 There are 0 register/latch pins with constant_clock.


3. checking pulse_width_clock (0)
---------------------------------
 There are 0 register/latch pins which need pulse_width check


4. checking unconstrained_internal_endpoints (0)
------------------------------------------------
 There are 0 pins that are not constrained for maximum delay.

 There are 0 pins that are not constrained for maximum delay due to constant clock.


5. checking no_input_delay (162)
--------------------------------
 There are 162 input ports with no input delay specified. (HIGH)

 There are 0 input ports with no input delay but user has a false path constraint.


6. checking no_output_delay (14)
--------------------------------
 There are 14 ports with no output delay specified. (HIGH)

 There are 0 ports with no output delay but user has a false path constraint

 There are 0 ports with no output delay but with a timing clock defined on it or propagating through it


7. checking multiple_clock (0)
------------------------------
 There are 0 register/latch pins with multiple clocks.


8. checking generated_clocks (0)
--------------------------------
 There are 0 generated clocks that are not connected to a clock source.


9. checking loops (0)
---------------------
 There are 0 combinational loops in the design.


10. checking partial_input_delay (0)
------------------------------------
 There are 0 input ports with partial input delay specified.


11. checking partial_output_delay (0)
-------------------------------------
 There are 0 ports with partial output delay specified.


12. checking latch_loops (0)
----------------------------
 There are 0 combinational latch loops in the design through latch input



------------------------------------------------------------------------------------------------
| Design Timing Summary
| ---------------------
------------------------------------------------------------------------------------------------

    WNS(ns)      TNS(ns)  TNS Failing Endpoints  TNS Total Endpoints      WHS(ns)      THS(ns)  THS Failing Endpoints  THS Total Endpoints     WPWS(ns)     TPWS(ns)  TPWS Failing Endpoints  TPWS Total Endpoints  
    -------      -------  ---------------------  -------------------      -------      -------  ---------------------  -------------------     --------     --------  ----------------------  --------------------  
      2.856        0.000                      0                 1595        0.098        0.000                      0                 1595        4.500        0.000                       0                  1104  


All user specified timing constraints are met.


------------------------------------------------------------------------------------------------
| Clock Summary
| -------------
------------------------------------------------------------------------------------------------

Clock   Waveform(ns)       Period(ns)      Frequency(MHz)
-----   ------------       ----------      --------------
ap_clk  {0.000 5.000}      10.000          100.000         


------------------------------------------------------------------------------------------------
| Intra Clock Table
| -----------------
------------------------------------------------------------------------------------------------

Clock             WNS(ns)      TNS(ns)  TNS Failing Endpoints  TNS Total Endpoints      WHS(ns)      THS(ns)  THS Failing Endpoints  THS Total Endpoints     WPWS(ns)     TPWS(ns)  TPWS Failing Endpoints  TPWS Total Endpoints  
-----             -------      -------  ---------------------  -------------------      -------      -------  ---------------------  -------------------     --------     --------  ----------------------  --------------------  
ap_clk              2.856        0.000                      0                 1595        0.098        0.000                      0                 1595        4.500        0.000                       0                  1104  


------------------------------------------------------------------------------------------------
| Inter Clock Table
| -----------------
------------------------------------------------------------------------------------------------

From Clock    To Clock          WNS(ns)      TNS(ns)  TNS Failing Endpoints  TNS Total Endpoints      WHS(ns)      THS(ns)  THS Failing Endpoints  THS Total Endpoints  
----------    --------          -------      -------  ---------------------  -------------------      -------      -------  ---------------------  -------------------  


------------------------------------------------------------------------------------------------
| Other Path Groups Table
| -----------------------
------------------------------------------------------------------------------------------------

Path Group    From Clock    To Clock          WNS(ns)      TNS(ns)  TNS Failing Endpoints  TNS Total Endpoints      WHS(ns)      THS(ns)  THS Failing Endpoints  THS Total Endpoints  
----------    ----------    --------          -------      -------  ---------------------  -------------------      -------      -------  ---------------------  -------------------  


------------------------------------------------------------------------------------------------
| Timing Details
| --------------
------------------------------------------------------------------------------------------------


---------------------------------------------------------------------------------------------------
From Clock:  ap_clk
  To Clock:  ap_clk

Setup :            0  Failing Endpoints,  Worst Slack        2.856ns,  Total Violation        0.000ns
Hold  :            0  Failing Endpoints,  Worst Slack        0.098ns,  Total Violation        0.000ns
PW    :            0  Failing Endpoints,  Worst Slack        4.500ns,  Total Violation        0.000ns
---------------------------------------------------------------------------------------------------


Max Delay Paths
--------------------------------------------------------------------------------------
Slack (MET) :             2.856ns  (required time - arrival time)
  Source:                 bd_0_i/hls_inst/inst/sdiv_64ns_64ns_8_68_seq_1_U2/fn1_sdiv_64ns_64ns_8_68_seq_1_div_U/fn1_sdiv_64ns_64ns_8_68_seq_1_div_u_0/r_stage_reg[0]/C
                            (rising edge-triggered cell FDRE clocked by ap_clk  {rise@0.000ns fall@5.000ns period=10.000ns})
  Destination:            bd_0_i/hls_inst/inst/sdiv_64ns_64ns_8_68_seq_1_U2/fn1_sdiv_64ns_64ns_8_68_seq_1_div_U/fn1_sdiv_64ns_64ns_8_68_seq_1_div_u_0/remd_tmp_reg[7]/D
                            (rising edge-triggered cell FDRE clocked by ap_clk  {rise@0.000ns fall@5.000ns period=10.000ns})
  Path Group:             ap_clk
  Path Type:              Setup (Max at Slow Process Corner)
  Requirement:            10.000ns  (ap_clk rise@10.000ns - ap_clk rise@0.000ns)
  Data Path Delay:        7.092ns  (logic 3.361ns (47.393%)  route 3.731ns (52.607%))
  Logic Levels:           19  (CARRY4=17 LUT3=1 LUT4=1)
  Clock Path Skew:        -0.049ns (DCD - SCD + CPR)
    Destination Clock Delay (DCD):    0.924ns = ( 10.924 - 10.000 ) 
    Source Clock Delay      (SCD):    0.973ns
    Clock Pessimism Removal (CPR):    0.000ns
  Clock Uncertainty:      0.035ns  ((TSJ^2 + TIJ^2)^1/2 + DJ) / 2 + PE
    Total System Jitter     (TSJ):    0.071ns
    Total Input Jitter      (TIJ):    0.000ns
    Discrete Jitter          (DJ):    0.000ns
    Phase Error              (PE):    0.000ns

    Location             Delay type                Incr(ns)  Path(ns)    Netlist Resource(s)
  -------------------------------------------------------------------    -------------------
                         (clock ap_clk rise edge)     0.000     0.000 r  
                                                      0.000     0.000 r  ap_clk (IN)
                         net (fo=1103, unset)         0.973     0.973    bd_0_i/hls_inst/inst/sdiv_64ns_64ns_8_68_seq_1_U2/fn1_sdiv_64ns_64ns_8_68_seq_1_div_U/fn1_sdiv_64ns_64ns_8_68_seq_1_div_u_0/ap_clk
    SLICE_X39Y70         FDRE                                         r  bd_0_i/hls_inst/inst/sdiv_64ns_64ns_8_68_seq_1_U2/fn1_sdiv_64ns_64ns_8_68_seq_1_div_U/fn1_sdiv_64ns_64ns_8_68_seq_1_div_u_0/r_stage_reg[0]/C
  -------------------------------------------------------------------    -------------------
    SLICE_X39Y70         FDRE (Prop_fdre_C_Q)         0.456     1.429 r  bd_0_i/hls_inst/inst/sdiv_64ns_64ns_8_68_seq_1_U2/fn1_sdiv_64ns_64ns_8_68_seq_1_div_U/fn1_sdiv_64ns_64ns_8_68_seq_1_div_u_0/r_stage_reg[0]/Q
                         net (fo=128, routed)         1.583     3.012    bd_0_i/hls_inst/inst/sdiv_64ns_64ns_8_68_seq_1_U2/fn1_sdiv_64ns_64ns_8_68_seq_1_div_U/fn1_sdiv_64ns_64ns_8_68_seq_1_div_u_0/r_stage_reg_n_0_[0]
    SLICE_X40Y66         LUT3 (Prop_lut3_I0_O)        0.124     3.136 r  bd_0_i/hls_inst/inst/sdiv_64ns_64ns_8_68_seq_1_U2/fn1_sdiv_64ns_64ns_8_68_seq_1_div_U/fn1_sdiv_64ns_64ns_8_68_seq_1_div_u_0/cal_tmp_carry_i_7/O
                         net (fo=1, routed)           0.000     3.136    bd_0_i/hls_inst/inst/sdiv_64ns_64ns_8_68_seq_1_U2/fn1_sdiv_64ns_64ns_8_68_seq_1_div_U/fn1_sdiv_64ns_64ns_8_68_seq_1_div_u_0/cal_tmp_carry_i_7_n_0
    SLICE_X40Y66         CARRY4 (Prop_carry4_S[1]_CO[3])
                                                      0.550     3.686 r  bd_0_i/hls_inst/inst/sdiv_64ns_64ns_8_68_seq_1_U2/fn1_sdiv_64ns_64ns_8_68_seq_1_div_U/fn1_sdiv_64ns_64ns_8_68_seq_1_div_u_0/cal_tmp_carry/CO[3]
                         net (fo=1, routed)           0.000     3.686    bd_0_i/hls_inst/inst/sdiv_64ns_64ns_8_68_seq_1_U2/fn1_sdiv_64ns_64ns_8_68_seq_1_div_U/fn1_sdiv_64ns_64ns_8_68_seq_1_div_u_0/cal_tmp_carry_n_0
    SLICE_X40Y67         CARRY4 (Prop_carry4_CI_CO[3])
                                                      0.114     3.800 r  bd_0_i/hls_inst/inst/sdiv_64ns_64ns_8_68_seq_1_U2/fn1_sdiv_64ns_64ns_8_68_seq_1_div_U/fn1_sdiv_64ns_64ns_8_68_seq_1_div_u_0/cal_tmp_carry__0/CO[3]
                         net (fo=1, routed)           0.000     3.800    bd_0_i/hls_inst/inst/sdiv_64ns_64ns_8_68_seq_1_U2/fn1_sdiv_64ns_64ns_8_68_seq_1_div_U/fn1_sdiv_64ns_64ns_8_68_seq_1_div_u_0/cal_tmp_carry__0_n_0
    SLICE_X40Y68         CARRY4 (Prop_carry4_CI_CO[3])
                                                      0.114     3.914 r  bd_0_i/hls_inst/inst/sdiv_64ns_64ns_8_68_seq_1_U2/fn1_sdiv_64ns_64ns_8_68_seq_1_div_U/fn1_sdiv_64ns_64ns_8_68_seq_1_div_u_0/cal_tmp_carry__1/CO[3]
                         net (fo=1, routed)           0.000     3.914    bd_0_i/hls_inst/inst/sdiv_64ns_64ns_8_68_seq_1_U2/fn1_sdiv_64ns_64ns_8_68_seq_1_div_U/fn1_sdiv_64ns_64ns_8_68_seq_1_div_u_0/cal_tmp_carry__1_n_0
    SLICE_X40Y69         CARRY4 (Prop_carry4_CI_CO[3])
                                                      0.114     4.028 r  bd_0_i/hls_inst/inst/sdiv_64ns_64ns_8_68_seq_1_U2/fn1_sdiv_64ns_64ns_8_68_seq_1_div_U/fn1_sdiv_64ns_64ns_8_68_seq_1_div_u_0/cal_tmp_carry__2/CO[3]
                         net (fo=1, routed)           0.000     4.028    bd_0_i/hls_inst/inst/sdiv_64ns_64ns_8_68_seq_1_U2/fn1_sdiv_64ns_64ns_8_68_seq_1_div_U/fn1_sdiv_64ns_64ns_8_68_seq_1_div_u_0/cal_tmp_carry__2_n_0
    SLICE_X40Y70         CARRY4 (Prop_carry4_CI_CO[3])
                                                      0.114     4.142 r  bd_0_i/hls_inst/inst/sdiv_64ns_64ns_8_68_seq_1_U2/fn1_sdiv_64ns_64ns_8_68_seq_1_div_U/fn1_sdiv_64ns_64ns_8_68_seq_1_div_u_0/cal_tmp_carry__3/CO[3]
                         net (fo=1, routed)           0.000     4.142    bd_0_i/hls_inst/inst/sdiv_64ns_64ns_8_68_seq_1_U2/fn1_sdiv_64ns_64ns_8_68_seq_1_div_U/fn1_sdiv_64ns_64ns_8_68_seq_1_div_u_0/cal_tmp_carry__3_n_0
    SLICE_X40Y71         CARRY4 (Prop_carry4_CI_CO[3])
                                                      0.114     4.256 r  bd_0_i/hls_inst/inst/sdiv_64ns_64ns_8_68_seq_1_U2/fn1_sdiv_64ns_64ns_8_68_seq_1_div_U/fn1_sdiv_64ns_64ns_8_68_seq_1_div_u_0/cal_tmp_carry__4/CO[3]
                         net (fo=1, routed)           0.000     4.256    bd_0_i/hls_inst/inst/sdiv_64ns_64ns_8_68_seq_1_U2/fn1_sdiv_64ns_64ns_8_68_seq_1_div_U/fn1_sdiv_64ns_64ns_8_68_seq_1_div_u_0/cal_tmp_carry__4_n_0
    SLICE_X40Y72         CARRY4 (Prop_carry4_CI_CO[3])
                                                      0.114     4.370 r  bd_0_i/hls_inst/inst/sdiv_64ns_64ns_8_68_seq_1_U2/fn1_sdiv_64ns_64ns_8_68_seq_1_div_U/fn1_sdiv_64ns_64ns_8_68_seq_1_div_u_0/cal_tmp_carry__5/CO[3]
                         net (fo=1, routed)           0.000     4.370    bd_0_i/hls_inst/inst/sdiv_64ns_64ns_8_68_seq_1_U2/fn1_sdiv_64ns_64ns_8_68_seq_1_div_U/fn1_sdiv_64ns_64ns_8_68_seq_1_div_u_0/cal_tmp_carry__5_n_0
    SLICE_X40Y73         CARRY4 (Prop_carry4_CI_CO[3])
                                                      0.114     4.484 r  bd_0_i/hls_inst/inst/sdiv_64ns_64ns_8_68_seq_1_U2/fn1_sdiv_64ns_64ns_8_68_seq_1_div_U/fn1_sdiv_64ns_64ns_8_68_seq_1_div_u_0/cal_tmp_carry__6/CO[3]
                         net (fo=1, routed)           0.000     4.484    bd_0_i/hls_inst/inst/sdiv_64ns_64ns_8_68_seq_1_U2/fn1_sdiv_64ns_64ns_8_68_seq_1_div_U/fn1_sdiv_64ns_64ns_8_68_seq_1_div_u_0/cal_tmp_carry__6_n_0
    SLICE_X40Y74         CARRY4 (Prop_carry4_CI_CO[3])
                                                      0.114     4.598 r  bd_0_i/hls_inst/inst/sdiv_64ns_64ns_8_68_seq_1_U2/fn1_sdiv_64ns_64ns_8_68_seq_1_div_U/fn1_sdiv_64ns_64ns_8_68_seq_1_div_u_0/cal_tmp_carry__7/CO[3]
                         net (fo=1, routed)           0.009     4.607    bd_0_i/hls_inst/inst/sdiv_64ns_64ns_8_68_seq_1_U2/fn1_sdiv_64ns_64ns_8_68_seq_1_div_U/fn1_sdiv_64ns_64ns_8_68_seq_1_div_u_0/cal_tmp_carry__7_n_0
    SLICE_X40Y75         CARRY4 (Prop_carry4_CI_CO[3])
                                                      0.114     4.721 r  bd_0_i/hls_inst/inst/sdiv_64ns_64ns_8_68_seq_1_U2/fn1_sdiv_64ns_64ns_8_68_seq_1_div_U/fn1_sdiv_64ns_64ns_8_68_seq_1_div_u_0/cal_tmp_carry__8/CO[3]
                         net (fo=1, routed)           0.000     4.721    bd_0_i/hls_inst/inst/sdiv_64ns_64ns_8_68_seq_1_U2/fn1_sdiv_64ns_64ns_8_68_seq_1_div_U/fn1_sdiv_64ns_64ns_8_68_seq_1_div_u_0/cal_tmp_carry__8_n_0
    SLICE_X40Y76         CARRY4 (Prop_carry4_CI_CO[3])
                                                      0.114     4.835 r  bd_0_i/hls_inst/inst/sdiv_64ns_64ns_8_68_seq_1_U2/fn1_sdiv_64ns_64ns_8_68_seq_1_div_U/fn1_sdiv_64ns_64ns_8_68_seq_1_div_u_0/cal_tmp_carry__9/CO[3]
                         net (fo=1, routed)           0.000     4.835    bd_0_i/hls_inst/inst/sdiv_64ns_64ns_8_68_seq_1_U2/fn1_sdiv_64ns_64ns_8_68_seq_1_div_U/fn1_sdiv_64ns_64ns_8_68_seq_1_div_u_0/cal_tmp_carry__9_n_0
    SLICE_X40Y77         CARRY4 (Prop_carry4_CI_CO[3])
                                                      0.114     4.949 r  bd_0_i/hls_inst/inst/sdiv_64ns_64ns_8_68_seq_1_U2/fn1_sdiv_64ns_64ns_8_68_seq_1_div_U/fn1_sdiv_64ns_64ns_8_68_seq_1_div_u_0/cal_tmp_carry__10/CO[3]
                         net (fo=1, routed)           0.000     4.949    bd_0_i/hls_inst/inst/sdiv_64ns_64ns_8_68_seq_1_U2/fn1_sdiv_64ns_64ns_8_68_seq_1_div_U/fn1_sdiv_64ns_64ns_8_68_seq_1_div_u_0/cal_tmp_carry__10_n_0
    SLICE_X40Y78         CARRY4 (Prop_carry4_CI_CO[3])
                                                      0.114     5.063 r  bd_0_i/hls_inst/inst/sdiv_64ns_64ns_8_68_seq_1_U2/fn1_sdiv_64ns_64ns_8_68_seq_1_div_U/fn1_sdiv_64ns_64ns_8_68_seq_1_div_u_0/cal_tmp_carry__11/CO[3]
                         net (fo=1, routed)           0.000     5.063    bd_0_i/hls_inst/inst/sdiv_64ns_64ns_8_68_seq_1_U2/fn1_sdiv_64ns_64ns_8_68_seq_1_div_U/fn1_sdiv_64ns_64ns_8_68_seq_1_div_u_0/cal_tmp_carry__11_n_0
    SLICE_X40Y79         CARRY4 (Prop_carry4_CI_CO[3])
                                                      0.114     5.177 r  bd_0_i/hls_inst/inst/sdiv_64ns_64ns_8_68_seq_1_U2/fn1_sdiv_64ns_64ns_8_68_seq_1_div_U/fn1_sdiv_64ns_64ns_8_68_seq_1_div_u_0/cal_tmp_carry__12/CO[3]
                         net (fo=1, routed)           0.000     5.177    bd_0_i/hls_inst/inst/sdiv_64ns_64ns_8_68_seq_1_U2/fn1_sdiv_64ns_64ns_8_68_seq_1_div_U/fn1_sdiv_64ns_64ns_8_68_seq_1_div_u_0/cal_tmp_carry__12_n_0
    SLICE_X40Y80         CARRY4 (Prop_carry4_CI_CO[3])
                                                      0.114     5.291 r  bd_0_i/hls_inst/inst/sdiv_64ns_64ns_8_68_seq_1_U2/fn1_sdiv_64ns_64ns_8_68_seq_1_div_U/fn1_sdiv_64ns_64ns_8_68_seq_1_div_u_0/cal_tmp_carry__13/CO[3]
                         net (fo=1, routed)           0.000     5.291    bd_0_i/hls_inst/inst/sdiv_64ns_64ns_8_68_seq_1_U2/fn1_sdiv_64ns_64ns_8_68_seq_1_div_U/fn1_sdiv_64ns_64ns_8_68_seq_1_div_u_0/cal_tmp_carry__13_n_0
    SLICE_X40Y81         CARRY4 (Prop_carry4_CI_CO[3])
                                                      0.114     5.405 r  bd_0_i/hls_inst/inst/sdiv_64ns_64ns_8_68_seq_1_U2/fn1_sdiv_64ns_64ns_8_68_seq_1_div_U/fn1_sdiv_64ns_64ns_8_68_seq_1_div_u_0/cal_tmp_carry__14/CO[3]
                         net (fo=2, routed)           0.000     5.405    bd_0_i/hls_inst/inst/sdiv_64ns_64ns_8_68_seq_1_U2/fn1_sdiv_64ns_64ns_8_68_seq_1_div_U/fn1_sdiv_64ns_64ns_8_68_seq_1_div_u_0/p_2_out[0]
    SLICE_X40Y82         CARRY4 (Prop_carry4_CI_O[0])
                                                      0.222     5.627 r  bd_0_i/hls_inst/inst/sdiv_64ns_64ns_8_68_seq_1_U2/fn1_sdiv_64ns_64ns_8_68_seq_1_div_U/fn1_sdiv_64ns_64ns_8_68_seq_1_div_u_0/cal_tmp_carry__15/O[0]
                         net (fo=63, routed)          2.138     7.766    bd_0_i/hls_inst/inst/sdiv_64ns_64ns_8_68_seq_1_U2/fn1_sdiv_64ns_64ns_8_68_seq_1_div_U/fn1_sdiv_64ns_64ns_8_68_seq_1_div_u_0/p_0_in_0
    SLICE_X41Y67         LUT4 (Prop_lut4_I2_O)        0.299     8.065 r  bd_0_i/hls_inst/inst/sdiv_64ns_64ns_8_68_seq_1_U2/fn1_sdiv_64ns_64ns_8_68_seq_1_div_U/fn1_sdiv_64ns_64ns_8_68_seq_1_div_u_0/remd_tmp[7]_i_1/O
                         net (fo=1, routed)           0.000     8.065    bd_0_i/hls_inst/inst/sdiv_64ns_64ns_8_68_seq_1_U2/fn1_sdiv_64ns_64ns_8_68_seq_1_div_U/fn1_sdiv_64ns_64ns_8_68_seq_1_div_u_0/remd_tmp[7]_i_1_n_0
    SLICE_X41Y67         FDRE                                         r  bd_0_i/hls_inst/inst/sdiv_64ns_64ns_8_68_seq_1_U2/fn1_sdiv_64ns_64ns_8_68_seq_1_div_U/fn1_sdiv_64ns_64ns_8_68_seq_1_div_u_0/remd_tmp_reg[7]/D
  -------------------------------------------------------------------    -------------------

                         (clock ap_clk rise edge)    10.000    10.000 r  
                                                      0.000    10.000 r  ap_clk (IN)
                         net (fo=1103, unset)         0.924    10.924    bd_0_i/hls_inst/inst/sdiv_64ns_64ns_8_68_seq_1_U2/fn1_sdiv_64ns_64ns_8_68_seq_1_div_U/fn1_sdiv_64ns_64ns_8_68_seq_1_div_u_0/ap_clk
    SLICE_X41Y67         FDRE                                         r  bd_0_i/hls_inst/inst/sdiv_64ns_64ns_8_68_seq_1_U2/fn1_sdiv_64ns_64ns_8_68_seq_1_div_U/fn1_sdiv_64ns_64ns_8_68_seq_1_div_u_0/remd_tmp_reg[7]/C
                         clock pessimism              0.000    10.924    
                         clock uncertainty           -0.035    10.889    
    SLICE_X41Y67         FDRE (Setup_fdre_C_D)        0.032    10.921    bd_0_i/hls_inst/inst/sdiv_64ns_64ns_8_68_seq_1_U2/fn1_sdiv_64ns_64ns_8_68_seq_1_div_U/fn1_sdiv_64ns_64ns_8_68_seq_1_div_u_0/remd_tmp_reg[7]
  -------------------------------------------------------------------
                         required time                         10.921    
                         arrival time                          -8.065    
  -------------------------------------------------------------------
                         slack                                  2.856    





Min Delay Paths
--------------------------------------------------------------------------------------
Slack (MET) :             0.098ns  (arrival time - required time)
  Source:                 bd_0_i/hls_inst/inst/uitodp_32ns_64_6_no_dsp_1_U1/fn1_ap_uitodp_4_no_dsp_32_u/inst/i_synth/FIX_TO_FLT_OP.SPD.OP/OP/RESULT_REG.NORMAL.mant_op_reg[46]/C
                            (rising edge-triggered cell FDRE clocked by ap_clk  {rise@0.000ns fall@5.000ns period=10.000ns})
  Destination:            bd_0_i/hls_inst/inst/tmp_9_reg_464_reg[46]/D
                            (rising edge-triggered cell FDRE clocked by ap_clk  {rise@0.000ns fall@5.000ns period=10.000ns})
  Path Group:             ap_clk
  Path Type:              Hold (Min at Fast Process Corner)
  Requirement:            0.000ns  (ap_clk rise@0.000ns - ap_clk rise@0.000ns)
  Data Path Delay:        0.195ns  (logic 0.141ns (72.269%)  route 0.054ns (27.731%))
  Logic Levels:           0  
  Clock Path Skew:        0.022ns (DCD - SCD - CPR)
    Destination Clock Delay (DCD):    0.432ns
    Source Clock Delay      (SCD):    0.410ns
    Clock Pessimism Removal (CPR):    -0.000ns

    Location             Delay type                Incr(ns)  Path(ns)    Netlist Resource(s)
  -------------------------------------------------------------------    -------------------
                         (clock ap_clk rise edge)     0.000     0.000 r  
                                                      0.000     0.000 r  ap_clk (IN)
                         net (fo=1103, unset)         0.410     0.410    bd_0_i/hls_inst/inst/uitodp_32ns_64_6_no_dsp_1_U1/fn1_ap_uitodp_4_no_dsp_32_u/inst/i_synth/FIX_TO_FLT_OP.SPD.OP/OP/aclk
    SLICE_X63Y73         FDRE                                         r  bd_0_i/hls_inst/inst/uitodp_32ns_64_6_no_dsp_1_U1/fn1_ap_uitodp_4_no_dsp_32_u/inst/i_synth/FIX_TO_FLT_OP.SPD.OP/OP/RESULT_REG.NORMAL.mant_op_reg[46]/C
  -------------------------------------------------------------------    -------------------
    SLICE_X63Y73         FDRE (Prop_fdre_C_Q)         0.141     0.551 r  bd_0_i/hls_inst/inst/uitodp_32ns_64_6_no_dsp_1_U1/fn1_ap_uitodp_4_no_dsp_32_u/inst/i_synth/FIX_TO_FLT_OP.SPD.OP/OP/RESULT_REG.NORMAL.mant_op_reg[46]/Q
                         net (fo=1, routed)           0.054     0.605    bd_0_i/hls_inst/inst/r_tdata[46]
    SLICE_X62Y73         FDRE                                         r  bd_0_i/hls_inst/inst/tmp_9_reg_464_reg[46]/D
  -------------------------------------------------------------------    -------------------

                         (clock ap_clk rise edge)     0.000     0.000 r  
                                                      0.000     0.000 r  ap_clk (IN)
                         net (fo=1103, unset)         0.432     0.432    bd_0_i/hls_inst/inst/ap_clk
    SLICE_X62Y73         FDRE                                         r  bd_0_i/hls_inst/inst/tmp_9_reg_464_reg[46]/C
                         clock pessimism              0.000     0.432    
    SLICE_X62Y73         FDRE (Hold_fdre_C_D)         0.076     0.508    bd_0_i/hls_inst/inst/tmp_9_reg_464_reg[46]
  -------------------------------------------------------------------
                         required time                         -0.508    
                         arrival time                           0.605    
  -------------------------------------------------------------------
                         slack                                  0.098    





Pulse Width Checks
--------------------------------------------------------------------------------------
Clock Name:         ap_clk
Waveform(ns):       { 0.000 5.000 }
Period(ns):         10.000
Sources:            { ap_clk }

Check Type        Corner  Lib Pin  Reference Pin  Required(ns)  Actual(ns)  Slack(ns)  Location      Pin
Min Period        n/a     FDRE/C   n/a            1.000         10.000      9.000      SLICE_X44Y71  bd_0_i/hls_inst/inst/add_ln21_reg_485_reg[17]/C
Low Pulse Width   Fast    FDRE/C   n/a            0.500         5.000       4.500      SLICE_X44Y71  bd_0_i/hls_inst/inst/add_ln21_reg_485_reg[17]/C
High Pulse Width  Slow    FDRE/C   n/a            0.500         5.000       4.500      SLICE_X44Y71  bd_0_i/hls_inst/inst/add_ln21_reg_485_reg[17]/C



