

================================================================
== Vitis HLS Report for 'fn1'
================================================================
* Date:           Wed Apr 14 14:02:24 2021

* Version:        2020.2 (Build 3064766 on Wed Nov 18 09:12:47 MST 2020)
* Project:        project_tmp
* Solution:       solution_tmp (Vivado IP Flow Target)
* Product family: zynq
* Target device:  xc7z020-clg484-1


================================================================
== Performance Estimates
================================================================
+ Timing: 
    * Summary: 
    +--------+----------+----------+------------+
    |  Clock |  Target  | Estimated| Uncertainty|
    +--------+----------+----------+------------+
    |ap_clk  |  10.00 ns|  6.978 ns|     2.70 ns|
    +--------+----------+----------+------------+

+ Latency: 
    * Summary: 
    +---------+---------+----------+----------+-----+-----+---------+
    |  Latency (cycles) |  Latency (absolute) |  Interval | Pipeline|
    |   min   |   max   |    min   |    max   | min | max |   Type  |
    +---------+---------+----------+----------+-----+-----+---------+
    |       87|       87|  0.870 us|  0.870 us|   88|   88|     none|
    +---------+---------+----------+----------+-----+-----+---------+

    + Detail: 
        * Instance: 
        N/A

        * Loop: 
        N/A



================================================================
== Utilization Estimates
================================================================
* Summary: 
+-----------------+---------+-----+--------+-------+-----+
|       Name      | BRAM_18K| DSP |   FF   |  LUT  | URAM|
+-----------------+---------+-----+--------+-------+-----+
|DSP              |        -|    -|       -|      -|    -|
|Expression       |        -|    -|       0|    928|    -|
|FIFO             |        -|    -|       -|      -|    -|
|Instance         |        -|   10|    2881|   1706|    -|
|Memory           |        -|    -|       -|      -|    -|
|Multiplexer      |        -|    -|       -|    449|    -|
|Register         |        -|    -|     684|      -|    -|
+-----------------+---------+-----+--------+-------+-----+
|Total            |        0|   10|    3565|   3083|    0|
+-----------------+---------+-----+--------+-------+-----+
|Available        |      280|  220|  106400|  53200|    0|
+-----------------+---------+-----+--------+-------+-----+
|Utilization (%)  |        0|    4|       3|      5|    0|
+-----------------+---------+-----+--------+-------+-----+

+ Detail: 
    * Instance: 
    +-------------------------------+----------------------------+---------+----+-----+-----+-----+
    |            Instance           |           Module           | BRAM_18K| DSP|  FF | LUT | URAM|
    +-------------------------------+----------------------------+---------+----+-----+-----+-----+
    |mul_64ns_66ns_129_5_1_U1       |mul_64ns_66ns_129_5_1       |        0|   4|  441|  256|    0|
    |mul_64s_66ns_129_5_1_U5        |mul_64s_66ns_129_5_1        |        0|   4|  441|  256|    0|
    |mul_64s_7ns_64_5_1_U4          |mul_64s_7ns_64_5_1          |        0|   2|  441|  256|    0|
    |urem_64ns_64ns_64_68_seq_1_U3  |urem_64ns_64ns_64_68_seq_1  |        0|   0|  779|  469|    0|
    |urem_64ns_64s_64_68_seq_1_U2   |urem_64ns_64s_64_68_seq_1   |        0|   0|  779|  469|    0|
    +-------------------------------+----------------------------+---------+----+-----+-----+-----+
    |Total                          |                            |        0|  10| 2881| 1706|    0|
    +-------------------------------+----------------------------+---------+----+-----+-----+-----+

    * DSP: 
    N/A

    * Memory: 
    N/A

    * FIFO: 
    N/A

    * Expression: 
    +-----------------------+----------+----+---+-----+------------+------------+
    |     Variable Name     | Operation| DSP| FF| LUT | Bitwidth P0| Bitwidth P1|
    +-----------------------+----------+----+---+-----+------------+------------+
    |add_ln27_1_fu_158_p2   |         +|   0|  0|   71|          64|           9|
    |add_ln27_fu_179_p2     |         +|   0|  0|   64|          64|          64|
    |add_ln29_fu_122_p2     |         +|   0|  0|   71|          64|           9|
    |add_ln30_fu_226_p2     |         +|   0|  0|   71|          64|          64|
    |sub_ln25_fu_107_p2     |         -|   0|  0|   63|          29|          56|
    |sub_ln27_fu_183_p2     |         -|   0|  0|   64|          64|          64|
    |sub_ln30_1_fu_278_p2   |         -|   0|  0|   39|           1|          32|
    |sub_ln30_fu_248_p2     |         -|   0|  0|  136|           1|         129|
    |icmp_ln28_fu_189_p2    |      icmp|   0|  0|   29|          64|           1|
    |grp_fu_215_p0          |        or|   0|  0|   64|          64|          16|
    |or_ln27_fu_204_p2      |        or|   0|  0|   64|          64|          64|
    |ap_return              |    select|   0|  0|   32|           1|          32|
    |select_ln30_fu_272_p3  |    select|   0|  0|   32|           1|          32|
    |xor_ln28_fu_198_p2     |       xor|   0|  0|   64|          64|          64|
    |xor_ln30_fu_221_p2     |       xor|   0|  0|   64|          64|           2|
    +-----------------------+----------+----+---+-----+------------+------------+
    |Total                  |          |   0|  0|  928|         673|         638|
    +-----------------------+----------+----+---+-----+------------+------------+

    * Multiplexer: 
    +-----------+-----+-----------+-----+-----------+
    |    Name   | LUT | Input Size| Bits| Total Bits|
    +-----------+-----+-----------+-----+-----------+
    |ap_NS_fsm  |  449|         89|    1|         89|
    +-----------+-----+-----------+-----+-----------+
    |Total      |  449|         89|    1|         89|
    +-----------+-----+-----------+-----+-----------+

    * Register: 
    +--------------------+-----+----+-----+-----------+
    |        Name        |  FF | LUT| Bits| Const Bits|
    +--------------------+-----+----+-----+-----------+
    |add_ln27_1_reg_345  |   61|   0|   64|          3|
    |add_ln29_reg_325    |   64|   0|   64|          0|
    |add_ln30_reg_365    |   64|   0|   64|          0|
    |ap_CS_fsm           |   88|   0|   88|          0|
    |mul_ln30_1_reg_381  |  129|   0|  129|          0|
    |mul_ln30_reg_360    |   64|   0|   64|          0|
    |or_ln27_reg_350     |   64|   0|   64|          0|
    |sub_ln25_reg_308    |   56|   0|   56|          0|
    |tmp_1_reg_330       |    3|   0|    3|          0|
    |tmp_2_reg_370       |    1|   0|    1|          0|
    |tmp_3_reg_387       |   32|   0|   32|          0|
    |tmp_reg_335         |    1|   0|    1|          0|
    |trunc_ln27_reg_340  |    2|   0|    2|          0|
    |trunc_ln_reg_303    |   55|   0|   55|          0|
    +--------------------+-----+----+-----+-----------+
    |Total               |  684|   0|  687|          3|
    +--------------------+-----+----+-----+-----------+



================================================================
== Interface
================================================================
* Summary: 
+-----------+-----+-----+------------+--------------+--------------+
| RTL Ports | Dir | Bits|  Protocol  | Source Object|    C Type    |
+-----------+-----+-----+------------+--------------+--------------+
|ap_clk     |   in|    1|  ap_ctrl_hs|           fn1|  return value|
|ap_rst     |   in|    1|  ap_ctrl_hs|           fn1|  return value|
|ap_start   |   in|    1|  ap_ctrl_hs|           fn1|  return value|
|ap_done    |  out|    1|  ap_ctrl_hs|           fn1|  return value|
|ap_idle    |  out|    1|  ap_ctrl_hs|           fn1|  return value|
|ap_ready   |  out|    1|  ap_ctrl_hs|           fn1|  return value|
|ap_return  |  out|   32|  ap_ctrl_hs|           fn1|  return value|
|p          |   in|   64|     ap_none|             p|       pointer|
|p_11       |   in|   64|     ap_none|          p_11|        scalar|
+-----------+-----+-----+------------+--------------+--------------+

