==============================================================
Vitis HLS - High-Level Synthesis from C, C++ and OpenCL v2020.2 (64-bit)
Copyright 1986-2020 Xilinx, Inc. All Rights Reserved.
==============================================================
INFO: [HLS 200-1505] Using default flow_target 'vivado'
INFO: [HLS 200-1510] Running: set_part xc7z020clg484-1 
INFO: [HLS 200-10] Setting target device to 'xc7z020-clg484-1'
INFO: [HLS 200-1510] Running: create_clock -period 10 -name default 
INFO: [SYN 201-201] Setting up clock 'default' with a period of 10ns.
INFO: [HLS 200-1510] Running: csynth_design 
INFO: [HLS 200-111] Finished File checks and directory preparation: CPU user time: 0.01 seconds. CPU system time: 0 seconds. Elapsed time: 0 seconds; current allocated memory: 155.762 MB.
INFO: [HLS 200-10] Analyzing design file 'dfg_199.c' ... 
INFO: [HLS 200-111] Finished Source Code Analysis and Preprocessing: CPU user time: 0.61 seconds. CPU system time: 0.34 seconds. Elapsed time: 0.48 seconds; current allocated memory: 156.410 MB.
INFO: [HLS 200-777] Using interface defaults for 'Vivado' flow target.
INFO: [HLS 214-178] Inlining function 'fp_struct<double>::fp_struct(double)' into 'long generic_cast_IEEE754<long, (ap_q_mode)6, double>(double, bool, hls::enable_if<std::numeric_limits<long>::is_signed, bool>::type)' (/wrk/ci/prod/2020.2/rdi_builds/continuous/2020_11_18_3064766/src/shared/hls/clib/hlsmath/include/FloatingPoint/hls_case_IEEE754.h:12:0)
INFO: [HLS 214-178] Inlining function 'fp_struct<double>::mantissa() const' into 'long generic_cast_IEEE754<long, (ap_q_mode)6, double>(double, bool, hls::enable_if<std::numeric_limits<long>::is_signed, bool>::type)' (/wrk/ci/prod/2020.2/rdi_builds/continuous/2020_11_18_3064766/src/shared/hls/clib/hlsmath/include/FloatingPoint/hls_case_IEEE754.h:12:0)
INFO: [HLS 214-178] Inlining function 'fp_struct<double>::expv() const' into 'long generic_cast_IEEE754<long, (ap_q_mode)6, double>(double, bool, hls::enable_if<std::numeric_limits<long>::is_signed, bool>::type)' (/wrk/ci/prod/2020.2/rdi_builds/continuous/2020_11_18_3064766/src/shared/hls/clib/hlsmath/include/FloatingPoint/hls_case_IEEE754.h:12:0)
INFO: [HLS 214-178] Inlining function 'fp_struct<double>::__signbit() const' into 'long generic_cast_IEEE754<long, (ap_q_mode)6, double>(double, bool, hls::enable_if<std::numeric_limits<long>::is_signed, bool>::type)' (/wrk/ci/prod/2020.2/rdi_builds/continuous/2020_11_18_3064766/src/shared/hls/clib/hlsmath/include/FloatingPoint/hls_case_IEEE754.h:12:0)
INFO: [HLS 214-178] Inlining function 'long generic_cast_IEEE754<long, (ap_q_mode)6, double>(double, bool, hls::enable_if<std::numeric_limits<long>::is_signed, bool>::type)' into 'long generic_cast_IEEE754<long, double>(double, bool)' (/wrk/ci/prod/2020.2/rdi_builds/continuous/2020_11_18_3064766/src/shared/hls/clib/hlsmath/include/FloatingPoint/hls_case_IEEE754.h:116:0)
INFO: [HLS 214-178] Inlining function 'long generic_cast_IEEE754<long, double>(double, bool)' into '__hls_fptosi_double_i64' (/wrk/ci/prod/2020.2/rdi_builds/continuous/2020_11_18_3064766/src/shared/hls/clib/hlsmath/src/lib_floatconversion.cpp:56:0)
INFO: [HLS 214-178] Inlining function '__hls_fptosi_double_i64' into 'fn1' (dfg_199.c:9:0)
INFO: [HLS 200-111] Finished Compiling Optimization and Transform: CPU user time: 3.48 seconds. CPU system time: 0.39 seconds. Elapsed time: 3.76 seconds; current allocated memory: 158.318 MB.
INFO: [HLS 200-111] Finished Checking Pragmas: CPU user time: 0 seconds. CPU system time: 0 seconds. Elapsed time: 0 seconds; current allocated memory: 158.320 MB.
INFO: [HLS 200-10] Starting code transformations ...
INFO: [HLS 200-111] Finished Standard Transforms: CPU user time: 0.08 seconds. CPU system time: 0.01 seconds. Elapsed time: 0.08 seconds; current allocated memory: 177.166 MB.
INFO: [HLS 200-10] Checking synthesizability ...
WARNING: [SYNCHK 200-18] dfg_199.c:16: unsafe type casting from type 'long int' to type 'double'.
INFO: [SYNCHK 200-10] 0 error(s), 1 warning(s).
INFO: [HLS 200-111] Finished Checking Synthesizability: CPU user time: 0.19 seconds. CPU system time: 0.01 seconds. Elapsed time: 0.2 seconds; current allocated memory: 209.432 MB.
INFO: [HLS 200-111] Finished Loop, function and other optimizations: CPU user time: 0.26 seconds. CPU system time: 0 seconds. Elapsed time: 0.27 seconds; current allocated memory: 259.730 MB.
INFO: [HLS 200-111] Finished Architecture Synthesis: CPU user time: 0.15 seconds. CPU system time: 0.01 seconds. Elapsed time: 0.15 seconds; current allocated memory: 270.207 MB.
INFO: [HLS 200-10] Starting hardware synthesis ...
INFO: [HLS 200-10] Synthesizing 'fn1' ...
INFO: [HLS 200-10] ----------------------------------------------------------------
INFO: [HLS 200-42] -- Implementing module 'fn1' 
INFO: [HLS 200-10] ----------------------------------------------------------------
INFO: [SCHED 204-11] Starting scheduling ...
INFO: [SCHED 204-11] Finished scheduling.
INFO: [HLS 200-111] Finished Scheduling: CPU user time: 0.18 seconds. CPU system time: 0 seconds. Elapsed time: 0.19 seconds; current allocated memory: 270.957 MB.
INFO: [BIND 205-100] Starting micro-architecture generation ...
INFO: [BIND 205-101] Performing variable lifetime analysis.
INFO: [BIND 205-101] Exploring resource sharing.
INFO: [BIND 205-101] Binding ...
INFO: [BIND 205-100] Finished micro-architecture generation.
INFO: [HLS 200-111] Finished Binding: CPU user time: 0.54 seconds. CPU system time: 0 seconds. Elapsed time: 0.54 seconds; current allocated memory: 271.725 MB.
INFO: [HLS 200-10] ----------------------------------------------------------------
INFO: [HLS 200-10] -- Generating RTL for module 'fn1' 
INFO: [HLS 200-10] ----------------------------------------------------------------
INFO: [RTGEN 206-500] Setting interface mode on port 'fn1/p' to 'ap_memory'.
INFO: [RTGEN 206-500] Setting interface mode on port 'fn1/p_7' to 'ap_none'.
INFO: [RTGEN 206-500] Setting interface mode on port 'fn1/p_9' to 'ap_none'.
INFO: [RTGEN 206-500] Setting interface mode on port 'fn1/p_13' to 'ap_none'.
INFO: [RTGEN 206-500] Setting interface mode on function 'fn1' to 'ap_ctrl_hs'.
INFO: [RTGEN 206-100] Generating core module 'dadd_64ns_64ns_64_7_full_dsp_1': 1 instance(s).
INFO: [RTGEN 206-100] Generating core module 'ddiv_64ns_64ns_64_59_no_dsp_1': 1 instance(s).
INFO: [RTGEN 206-100] Generating core module 'mul_32s_8ns_32_2_1': 1 instance(s).
INFO: [RTGEN 206-100] Generating core module 'udiv_64s_32ns_56_68_seq_1': 1 instance(s).
INFO: [RTGEN 206-100] Generating core module 'uitodp_64ns_64_6_no_dsp_1': 1 instance(s).
INFO: [RTGEN 206-100] Generating core module 'urem_33ns_33ns_32_37_seq_1': 1 instance(s).
INFO: [RTGEN 206-100] Finished creating RTL model for 'fn1'.
INFO: [HLS 200-111] Finished Creating RTL model: CPU user time: 0.23 seconds. CPU system time: 0.01 seconds. Elapsed time: 0.23 seconds; current allocated memory: 273.710 MB.
INFO: [RTMG 210-282] Generating pipelined core: 'fn1_urem_33ns_33ns_32_37_seq_1_div'
INFO: [RTMG 210-282] Generating pipelined core: 'fn1_mul_32s_8ns_32_2_1_Multiplier_0'
INFO: [RTMG 210-282] Generating pipelined core: 'fn1_udiv_64s_32ns_56_68_seq_1_div'
INFO: [HLS 200-111] Finished Generating all RTL models: CPU user time: 1.09 seconds. CPU system time: 0.03 seconds. Elapsed time: 1.13 seconds; current allocated memory: 282.397 MB.
INFO: [VHDL 208-304] Generating VHDL RTL for fn1.
INFO: [VLOG 209-307] Generating Verilog RTL for fn1.
INFO: [HLS 200-789] **** Estimated Fmax: 137.04 MHz
INFO: [HLS 200-111] Finished Command csynth_design CPU user time: 6.86 seconds. CPU system time: 0.8 seconds. Elapsed time: 7.09 seconds; current allocated memory: 282.556 MB.
INFO: [HLS 200-1510] Running: export_design -evaluate verilog -format ip_catalog 
INFO: [IMPL 213-8] Exporting RTL as a Vivado IP.
INFO: [IMPL 213-8] Starting RTL evaluation using Vivado ...
INFO: [HLS 200-802] Generated output file project_tmp/solution_tmp/impl/export.zip
WARNING: [HLS 200-484] The 'export_design -evaluate' command is deprecated and will be removed in a future release.
INFO: [HLS 200-111] Finished Command export_design CPU user time: 167.38 seconds. CPU system time: 19.68 seconds. Elapsed time: 293.79 seconds; current allocated memory: 286.546 MB.
INFO: [HLS 200-112] Total CPU user time: 176.08 seconds. Total CPU system time: 20.96 seconds. Total elapsed time: 302.33 seconds; peak allocated memory: 282.397 MB.
