

================================================================
== Vitis HLS Report for 'fn1'
================================================================
* Date:           Thu Apr 15 01:15:37 2021

* Version:        2020.2 (Build 3064766 on Wed Nov 18 09:12:47 MST 2020)
* Project:        project_tmp
* Solution:       solution_tmp (Vivado IP Flow Target)
* Product family: zynq
* Target device:  xc7z020-clg484-1


================================================================
== Performance Estimates
================================================================
+ Timing: 
    * Summary: 
    +--------+----------+----------+------------+
    |  Clock |  Target  | Estimated| Uncertainty|
    +--------+----------+----------+------------+
    |ap_clk  |  10.00 ns|  7.297 ns|     2.70 ns|
    +--------+----------+----------+------------+

+ Latency: 
    * Summary: 
    +---------+---------+----------+----------+-----+-----+---------+
    |  Latency (cycles) |  Latency (absolute) |  Interval | Pipeline|
    |   min   |   max   |    min   |    max   | min | max |   Type  |
    +---------+---------+----------+----------+-----+-----+---------+
    |      106|      106|  1.060 us|  1.060 us|  107|  107|     none|
    +---------+---------+----------+----------+-----+-----+---------+

    + Detail: 
        * Instance: 
        N/A

        * Loop: 
        N/A



================================================================
== Utilization Estimates
================================================================
* Summary: 
+-----------------+---------+-----+--------+-------+-----+
|       Name      | BRAM_18K| DSP |   FF   |  LUT  | URAM|
+-----------------+---------+-----+--------+-------+-----+
|DSP              |        -|    -|       -|      -|    -|
|Expression       |        -|    -|       0|   3157|    -|
|FIFO             |        -|    -|       -|      -|    -|
|Instance         |        -|   14|    3392|   2638|    -|
|Memory           |        -|    -|       -|      -|    -|
|Multiplexer      |        -|    -|       -|    549|    -|
|Register         |        -|    -|    1121|      -|    -|
+-----------------+---------+-----+--------+-------+-----+
|Total            |        0|   14|    4513|   6344|    0|
+-----------------+---------+-----+--------+-------+-----+
|Available        |      280|  220|  106400|  53200|    0|
+-----------------+---------+-----+--------+-------+-----+
|Utilization (%)  |        0|    6|       4|     11|    0|
+-----------------+---------+-----+--------+-------+-----+

+ Detail: 
    * Instance: 
    +-----------------------------------+--------------------------------+---------+----+-----+------+-----+
    |              Instance             |             Module             | BRAM_18K| DSP|  FF |  LUT | URAM|
    +-----------------------------------+--------------------------------+---------+----+-----+------+-----+
    |dsub_64ns_64ns_64_7_full_dsp_1_U1  |dsub_64ns_64ns_64_7_full_dsp_1  |        0|   3|  630|  1141|    0|
    |mul_50s_8s_57_5_1_U10              |mul_50s_8s_57_5_1               |        0|   1|  340|    86|    0|
    |mul_64ns_66ns_100_5_1_U6           |mul_64ns_66ns_100_5_1           |        0|   4|  441|   256|    0|
    |mul_64s_16ns_64_5_1_U8             |mul_64s_16ns_64_5_1             |        0|   2|  441|   256|    0|
    |mul_64s_66ns_129_5_1_U9            |mul_64s_66ns_129_5_1            |        0|   4|  441|   256|    0|
    |sdiv_17ns_17ns_17_21_seq_1_U7      |sdiv_17ns_17ns_17_21_seq_1      |        0|   0|  214|   130|    0|
    |sitodp_64s_64_6_no_dsp_1_U3        |sitodp_64s_64_6_no_dsp_1        |        0|   0|    0|     0|    0|
    |srem_8s_5ns_8_12_seq_1_U5          |srem_8s_5ns_8_12_seq_1          |        0|   0|  106|    44|    0|
    |uitodp_64ns_64_6_no_dsp_1_U2       |uitodp_64ns_64_6_no_dsp_1       |        0|   0|    0|     0|    0|
    |urem_64s_17ns_6_68_seq_1_U4        |urem_64s_17ns_6_68_seq_1        |        0|   0|  779|   469|    0|
    +-----------------------------------+--------------------------------+---------+----+-----+------+-----+
    |Total                              |                                |        0|  14| 3392|  2638|    0|
    +-----------------------------------+--------------------------------+---------+----+-----+------+-----+

    * DSP: 
    N/A

    * Memory: 
    N/A

    * FIFO: 
    N/A

    * Expression: 
    +-------------------------+----------+----+---+-----+------------+------------+
    |      Variable Name      | Operation| DSP| FF| LUT | Bitwidth P0| Bitwidth P1|
    +-------------------------+----------+----+---+-----+------------+------------+
    |add_ln26_fu_159_p2       |         +|   0|  0|   24|          17|          17|
    |add_ln30_fu_683_p2       |         +|   0|  0|   65|          58|          58|
    |add_ln510_1_fu_495_p2    |         +|   0|  0|   12|          12|          11|
    |add_ln510_fu_278_p2      |         +|   0|  0|   12|          12|          11|
    |grp_fu_371_p1            |         -|   0|  0|   24|           8|          17|
    |sub_ln1311_1_fu_509_p2   |         -|   0|  0|   12|          10|          11|
    |sub_ln1311_fu_292_p2     |         -|   0|  0|   12|          10|          11|
    |sub_ln22_fu_215_p2       |         -|   0|  0|   41|          34|          34|
    |sub_ln24_fu_384_p2       |         -|   0|  0|   25|          18|          18|
    |sub_ln29_fu_419_p2       |         -|   0|  0|   23|          16|          16|
    |sub_ln30_1_fu_636_p2     |         -|   0|  0|   57|           1|          50|
    |sub_ln30_2_fu_604_p2     |         -|   0|  0|  136|           1|         129|
    |sub_ln30_3_fu_624_p2     |         -|   0|  0|   57|           1|          50|
    |sub_ln30_fu_673_p2       |         -|   0|  0|   14|          13|          13|
    |and_ln28_fu_413_p2       |       and|   0|  0|   64|          64|          64|
    |grp_fu_149_p0            |       and|   0|  0|   64|          64|          64|
    |icmp_ln29_fu_425_p2      |      icmp|   0|  0|   13|          16|           1|
    |r_V_2_fu_535_p2          |      lshr|   0|  0|  591|         169|         169|
    |r_V_fu_317_p2            |      lshr|   0|  0|  398|         121|         121|
    |or_ln22_fu_190_p2        |        or|   0|  0|   29|          29|          29|
    |select_ln1312_fu_351_p3  |    select|   0|  0|   16|           1|          16|
    |select_ln29_fu_439_p3    |    select|   0|  0|    2|           1|           2|
    |select_ln30_1_fu_618_p3  |    select|   0|  0|   50|           1|          50|
    |select_ln30_2_fu_630_p3  |    select|   0|  0|   50|           1|          50|
    |select_ln30_fu_645_p3    |    select|   0|  0|   50|           1|          50|
    |ush_1_fu_519_p3          |    select|   0|  0|   12|           1|          12|
    |ush_fu_301_p3            |    select|   0|  0|   12|           1|          12|
    |val_fu_569_p3            |    select|   0|  0|   64|           1|          64|
    |r_V_1_fu_323_p2          |       shl|   0|  0|  398|         121|         121|
    |r_V_3_fu_541_p2          |       shl|   0|  0|  591|         169|         169|
    |v_9_fu_404_p2            |       shl|   0|  0|  182|          64|          64|
    |xor_ln30_fu_660_p2       |       xor|   0|  0|   57|          57|           2|
    +-------------------------+----------+----+---+-----+------------+------------+
    |Total                    |          |   0|  0| 3157|        1093|        1506|
    +-------------------------+----------+----+---+-----+------------+------------+

    * Multiplexer: 
    +---------------+-----+-----------+-----+-----------+
    |      Name     | LUT | Input Size| Bits| Total Bits|
    +---------------+-----+-----------+-----+-----------+
    |ap_NS_fsm      |  535|        108|    1|        108|
    |grp_fu_152_p0  |   14|          3|   64|        192|
    +---------------+-----+-----------+-----+-----------+
    |Total          |  549|        111|   65|        300|
    +---------------+-----+-----------+-----+-----------+

    * Register: 
    +-----------------------+-----+----+-----+-----------+
    |          Name         |  FF | LUT| Bits| Const Bits|
    +-----------------------+-----+----+-----+-----------+
    |add_ln30_reg_873       |   58|   0|   58|          0|
    |and_ln28_reg_771       |   64|   0|   64|          0|
    |ap_CS_fsm              |  107|   0|  107|          0|
    |conv_reg_801           |   64|   0|   64|          0|
    |dc_reg_806             |   64|   0|   64|          0|
    |icmp_ln29_reg_781      |    1|   0|    1|          0|
    |mul_ln28_reg_791       |   64|   0|   64|          0|
    |mul_ln30_1_reg_832     |  129|   0|  129|          0|
    |mul_ln30_reg_868       |   57|   0|   57|          0|
    |p_Result_s_reg_811     |    1|   0|    1|          0|
    |sdiv_ln24_reg_761      |   17|   0|   17|          0|
    |select_ln1312_reg_746  |   16|   0|   16|          0|
    |select_ln30_2_reg_848  |   50|   0|   50|          0|
    |sub_ln22_reg_720       |   34|   0|   34|          0|
    |sub_ln29_reg_776       |   16|   0|   16|          0|
    |sub_ln30_1_reg_853     |   50|   0|   50|          0|
    |sub_ln30_2_reg_843     |  129|   0|  129|          0|
    |tmp_11_reg_837         |   50|   0|   50|          0|
    |tmp_12_reg_730         |   11|   0|   11|          0|
    |tmp_13_reg_736         |   52|   0|   52|          0|
    |tmp_9_reg_821          |    1|   0|    1|          0|
    |urem_ln26_reg_766      |    6|   0|    6|          0|
    |v_15_reg_741           |   16|   0|   16|          0|
    |val_reg_816            |   64|   0|   64|          0|
    +-----------------------+-----+----+-----+-----------+
    |Total                  | 1121|   0| 1121|          0|
    +-----------------------+-----+----+-----+-----------+



================================================================
== Interface
================================================================
* Summary: 
+-----------+-----+-----+------------+--------------+--------------+
| RTL Ports | Dir | Bits|  Protocol  | Source Object|    C Type    |
+-----------+-----+-----+------------+--------------+--------------+
|ap_clk     |   in|    1|  ap_ctrl_hs|           fn1|  return value|
|ap_rst     |   in|    1|  ap_ctrl_hs|           fn1|  return value|
|ap_start   |   in|    1|  ap_ctrl_hs|           fn1|  return value|
|ap_done    |  out|    1|  ap_ctrl_hs|           fn1|  return value|
|ap_idle    |  out|    1|  ap_ctrl_hs|           fn1|  return value|
|ap_ready   |  out|    1|  ap_ctrl_hs|           fn1|  return value|
|ap_return  |  out|   64|  ap_ctrl_hs|           fn1|  return value|
|p          |   in|    8|     ap_none|             p|        scalar|
|p_5        |   in|    8|     ap_none|           p_5|        scalar|
|p_7        |   in|    8|     ap_none|           p_7|        scalar|
|p_11       |   in|    8|     ap_none|          p_11|        scalar|
|p_13       |   in|   16|     ap_none|          p_13|        scalar|
+-----------+-----+-----+------------+--------------+--------------+

