

================================================================
== Vitis HLS Report for 'fn1'
================================================================
* Date:           Wed Apr 14 11:33:52 2021

* Version:        2020.2 (Build 3064766 on Wed Nov 18 09:12:47 MST 2020)
* Project:        project_tmp
* Solution:       solution_tmp (Vivado IP Flow Target)
* Product family: zynq
* Target device:  xc7z020-clg484-1


================================================================
== Performance Estimates
================================================================
+ Timing: 
    * Summary: 
    +--------+----------+----------+------------+
    |  Clock |  Target  | Estimated| Uncertainty|
    +--------+----------+----------+------------+
    |ap_clk  |  10.00 ns|  8.465 ns|     2.70 ns|
    +--------+----------+----------+------------+

+ Latency: 
    * Summary: 
    +---------+---------+----------+----------+-----+-----+---------+
    |  Latency (cycles) |  Latency (absolute) |  Interval | Pipeline|
    |   min   |   max   |    min   |    max   | min | max |   Type  |
    +---------+---------+----------+----------+-----+-----+---------+
    |      214|      214|  2.140 us|  2.140 us|  215|  215|     none|
    +---------+---------+----------+----------+-----+-----+---------+

    + Detail: 
        * Instance: 
        N/A

        * Loop: 
        N/A



================================================================
== Utilization Estimates
================================================================
* Summary: 
+-----------------+---------+-----+--------+-------+-----+
|       Name      | BRAM_18K| DSP |   FF   |  LUT  | URAM|
+-----------------+---------+-----+--------+-------+-----+
|DSP              |        -|    -|       -|      -|    -|
|Expression       |        -|    -|       0|   3569|    -|
|FIFO             |        -|    -|       -|      -|    -|
|Instance         |        -|   14|    2424|   2588|    -|
|Memory           |        -|    -|       -|      -|    -|
|Multiplexer      |        -|    -|       -|   1315|    -|
|Register         |        -|    -|    1152|      -|    -|
+-----------------+---------+-----+--------+-------+-----+
|Total            |        0|   14|    3576|   7472|    0|
+-----------------+---------+-----+--------+-------+-----+
|Available        |      280|  220|  106400|  53200|    0|
+-----------------+---------+-----+--------+-------+-----+
|Utilization (%)  |        0|    6|       3|     14|    0|
+-----------------+---------+-----+--------+-------+-----+

+ Detail: 
    * Instance: 
    +---------------------------------------+------------------------------------+---------+----+-----+------+-----+
    |                Instance               |               Module               | BRAM_18K| DSP|  FF |  LUT | URAM|
    +---------------------------------------+------------------------------------+---------+----+-----+------+-----+
    |dadddsub_64ns_64ns_64_7_full_dsp_1_U1  |dadddsub_64ns_64ns_64_7_full_dsp_1  |        0|   3|  630|  1141|    0|
    |ddiv_64ns_64ns_64_59_no_dsp_1_U3       |ddiv_64ns_64ns_64_59_no_dsp_1       |        0|   0|    0|     0|    0|
    |dmul_64ns_64ns_64_7_max_dsp_1_U2       |dmul_64ns_64ns_64_7_max_dsp_1       |        0|  11|  342|   586|    0|
    |sitodp_32s_64_6_no_dsp_1_U5            |sitodp_32s_64_6_no_dsp_1            |        0|   0|    0|     0|    0|
    |srem_10s_17ns_9_14_seq_1_U7            |srem_10s_17ns_9_14_seq_1            |        0|   0|  214|   130|    0|
    |srem_15s_12ns_15_19_seq_1_U9           |srem_15s_12ns_15_19_seq_1           |        0|   0|  190|   113|    0|
    |srem_16s_17ns_8_20_seq_1_U10           |srem_16s_17ns_8_20_seq_1            |        0|   0|  214|   130|    0|
    |srem_9s_10ns_10_13_seq_1_U6            |srem_9s_10ns_10_13_seq_1            |        0|   0|  130|    63|    0|
    |udiv_25s_10ns_25_29_seq_1_U8           |udiv_25s_10ns_25_29_seq_1           |        0|   0|  310|   187|    0|
    |udiv_32s_32s_32_36_seq_1_U11           |udiv_32s_32s_32_36_seq_1            |        0|   0|  394|   238|    0|
    |uitodp_32ns_64_6_no_dsp_1_U4           |uitodp_32ns_64_6_no_dsp_1           |        0|   0|    0|     0|    0|
    +---------------------------------------+------------------------------------+---------+----+-----+------+-----+
    |Total                                  |                                    |        0|  14| 2424|  2588|    0|
    +---------------------------------------+------------------------------------+---------+----+-----+------+-----+

    * DSP: 
    N/A

    * Memory: 
    N/A

    * FIFO: 
    N/A

    * Expression: 
    +------------------------+----------+----+---+-----+------------+------------+
    |      Variable Name     | Operation| DSP| FF| LUT | Bitwidth P0| Bitwidth P1|
    +------------------------+----------+----+---+-----+------------+------------+
    |add_ln17_fu_336_p2      |         +|   0|  0|   14|           9|           9|
    |add_ln19_fu_527_p2      |         +|   0|  0|   13|          10|          10|
    |add_ln21_fu_708_p2      |         +|   0|  0|   12|          11|          10|
    |add_ln23_fu_879_p2      |         +|   0|  0|   24|          17|          15|
    |add_ln510_1_fu_422_p2   |         +|   0|  0|   12|          12|          11|
    |add_ln510_2_fu_604_p2   |         +|   0|  0|   12|          12|          11|
    |add_ln510_3_fu_774_p2   |         +|   0|  0|   12|          12|          11|
    |add_ln510_fu_232_p2     |         +|   0|  0|   12|          12|          11|
    |grp_fu_732_p1           |         +|   0|  0|   24|          17|           9|
    |result_V_2_fu_319_p2    |         -|   0|  0|   15|           1|           8|
    |result_V_5_fu_511_p2    |         -|   0|  0|   15|           1|           8|
    |result_V_8_fu_692_p2    |         -|   0|  0|   15|           1|           8|
    |result_V_9_fu_863_p2    |         -|   0|  0|   23|           1|          16|
    |sub_ln1311_1_fu_246_p2  |         -|   0|  0|   12|          10|          11|
    |sub_ln1311_2_fu_436_p2  |         -|   0|  0|   12|          10|          11|
    |sub_ln1311_3_fu_618_p2  |         -|   0|  0|   12|          10|          11|
    |sub_ln1311_fu_788_p2    |         -|   0|  0|   12|          10|          11|
    |sub_ln18_fu_352_p2      |         -|   0|  0|   14|           6|           9|
    |sub_ln23_fu_550_p2      |         -|   0|  0|   24|           6|          17|
    |sub_ln24_fu_918_p2      |         -|   0|  0|   24|          17|          17|
    |and_ln24_fu_901_p2      |       and|   0|  0|   16|          16|          16|
    |icmp_ln18_fu_376_p2     |      icmp|   0|  0|   11|           9|           1|
    |icmp_ln24_fu_885_p2     |      icmp|   0|  0|   11|           8|           1|
    |r_V_1_fu_272_p2         |      lshr|   0|  0|  370|         113|         113|
    |r_V_3_fu_462_p2         |      lshr|   0|  0|  370|         113|         113|
    |r_V_5_fu_643_p2         |      lshr|   0|  0|  370|         113|         113|
    |r_V_fu_814_p2           |      lshr|   0|  0|  398|         121|         121|
    |result_V_11_fu_324_p3   |    select|   0|  0|    8|           1|           8|
    |result_V_12_fu_516_p3   |    select|   0|  0|    8|           1|           8|
    |result_V_13_fu_697_p3   |    select|   0|  0|    8|           1|           8|
    |result_V_fu_868_p3      |    select|   0|  0|   16|           1|          16|
    |select_ln24_fu_911_p3   |    select|   0|  0|    9|           1|           9|
    |ush_1_fu_446_p3         |    select|   0|  0|   12|           1|          12|
    |ush_2_fu_627_p3         |    select|   0|  0|   12|           1|          12|
    |ush_3_fu_798_p3         |    select|   0|  0|   12|           1|          12|
    |ush_fu_256_p3           |    select|   0|  0|   12|           1|          12|
    |val_1_fu_496_p3         |    select|   0|  0|    8|           1|           8|
    |val_2_fu_677_p3         |    select|   0|  0|    8|           1|           8|
    |val_3_fu_848_p3         |    select|   0|  0|   16|           1|          16|
    |val_fu_306_p3           |    select|   0|  0|    8|           1|           8|
    |r_V_2_fu_278_p2         |       shl|   0|  0|  370|         113|         113|
    |r_V_4_fu_468_p2         |       shl|   0|  0|  370|         113|         113|
    |r_V_6_fu_649_p2         |       shl|   0|  0|  370|         113|         113|
    |r_V_7_fu_820_p2         |       shl|   0|  0|  398|         121|         121|
    |data_V_2_fu_568_p2      |       xor|   0|  0|   65|          64|          65|
    +------------------------+----------+----+---+-----+------------+------------+
    |Total                   |          |   0|  0| 3569|        1215|        1364|
    +------------------------+----------+----+---+-----+------------+------------+

    * Multiplexer: 
    +-------------------+------+-----------+-----+-----------+
    |        Name       |  LUT | Input Size| Bits| Total Bits|
    +-------------------+------+-----------+-----+-----------+
    |ap_NS_fsm          |  1150|        216|    1|        216|
    |grp_fu_140_opcode  |    14|          3|    2|          6|
    |grp_fu_140_p0      |    31|          6|   64|        384|
    |grp_fu_140_p1      |    31|          6|   64|        384|
    |grp_fu_152_p0      |    25|          5|   64|        320|
    |grp_fu_152_p1      |    25|          5|   64|        320|
    |grp_fu_157_p0      |    14|          3|   32|         96|
    |grp_fu_160_p0      |    25|          5|   32|        160|
    +-------------------+------+-----------+-----+-----------+
    |Total              |  1315|        249|  323|       1886|
    +-------------------+------+-----------+-----+-----------+

    * Register: 
    +----------------------+-----+----+-----+-----------+
    |         Name         |  FF | LUT| Bits| Const Bits|
    +----------------------+-----+----+-----+-----------+
    |add6_reg_992          |   64|   0|   64|          0|
    |add_ln19_reg_1018     |   10|   0|   10|          0|
    |add_ln23_reg_1131     |   17|   0|   17|          0|
    |ap_CS_fsm             |  215|   0|  215|          0|
    |conv1_reg_1068        |   64|   0|   64|          0|
    |data_V_1_reg_1007     |   64|   0|   64|          0|
    |data_V_2_reg_1073     |   64|   0|   64|          0|
    |data_V_3_reg_1115     |   64|   0|   64|          0|
    |div_reg_997           |   64|   0|   64|          0|
    |icmp_ln18_reg_987     |    1|   0|    1|          0|
    |icmp_ln24_reg_1136    |    1|   0|    1|          0|
    |mul_reg_1053          |   64|   0|   64|          0|
    |p_Result_s_reg_940    |    1|   0|    1|          0|
    |reg_163               |   64|   0|   64|          0|
    |reg_169               |   64|   0|   64|          0|
    |reg_175               |   64|   0|   64|          0|
    |reg_182               |   64|   0|   64|          0|
    |result_V_11_reg_956   |    8|   0|    8|          0|
    |sext_ln21_2_reg_1038  |   17|   0|   17|          0|
    |srem_ln17_reg_977     |   10|   0|   10|          0|
    |srem_ln21_1_reg_1126  |    8|   0|    8|          0|
    |srem_ln21_reg_1100    |   15|   0|   15|          0|
    |sub_ln23_reg_1043     |   17|   0|   17|          0|
    |tmp_23_reg_1078       |   11|   0|   11|          0|
    |tmp_24_reg_1084       |   52|   0|   52|          0|
    |udiv_ln19_reg_1058    |   25|   0|   25|          0|
    |val_1_reg_1012        |    8|   0|    8|          0|
    |val_2_reg_1089        |    8|   0|    8|          0|
    |val_3_reg_1120        |   16|   0|   16|          0|
    |val_reg_945           |    8|   0|    8|          0|
    +----------------------+-----+----+-----+-----------+
    |Total                 | 1152|   0| 1152|          0|
    +----------------------+-----+----+-----+-----------+



================================================================
== Interface
================================================================
* Summary: 
+-----------+-----+-----+------------+--------------+--------------+
| RTL Ports | Dir | Bits|  Protocol  | Source Object|    C Type    |
+-----------+-----+-----+------------+--------------+--------------+
|ap_clk     |   in|    1|  ap_ctrl_hs|           fn1|  return value|
|ap_rst     |   in|    1|  ap_ctrl_hs|           fn1|  return value|
|ap_start   |   in|    1|  ap_ctrl_hs|           fn1|  return value|
|ap_done    |  out|    1|  ap_ctrl_hs|           fn1|  return value|
|ap_idle    |  out|    1|  ap_ctrl_hs|           fn1|  return value|
|ap_ready   |  out|    1|  ap_ctrl_hs|           fn1|  return value|
|ap_return  |  out|   32|  ap_ctrl_hs|           fn1|  return value|
|p          |   in|   16|     ap_none|             p|        scalar|
|p_5        |   in|   16|     ap_none|           p_5|        scalar|
|p_9        |   in|    8|     ap_none|           p_9|        scalar|
|p_13       |   in|   64|     ap_none|          p_13|        scalar|
|p_15       |   in|   16|     ap_none|          p_15|        scalar|
+-----------+-----+-----+------------+--------------+--------------+

