Copyright 1986-2020 Xilinx, Inc. All Rights Reserved.
------------------------------------------------------------------------------------
| Tool Version : Vivado v.2020.2 (lin64) Build 3064766 Wed Nov 18 09:12:47 MST 2020
| Date         : Fri Apr 16 16:12:34 2021
| Host         : seal-lambda running 64-bit Ubuntu 18.04.5 LTS
| Command      : report_timing_summary -file ./report/fn1_timing_synth.rpt
| Design       : bd_0_wrapper
| Device       : 7z020-clg484
| Speed File   : -1  PRODUCTION 1.12 2019-11-22
------------------------------------------------------------------------------------

Timing Summary Report

------------------------------------------------------------------------------------------------
| Timer Settings
| --------------
------------------------------------------------------------------------------------------------

  Enable Multi Corner Analysis               :  Yes
  Enable Pessimism Removal                   :  Yes
  Pessimism Removal Resolution               :  Nearest Common Node
  Enable Input Delay Default Clock           :  No
  Enable Preset / Clear Arcs                 :  No
  Disable Flight Delays                      :  No
  Ignore I/O Paths                           :  No
  Timing Early Launch at Borrowing Latches   :  No
  Borrow Time for Max Delay Exceptions       :  Yes
  Merge Timing Exceptions                    :  Yes

  Corner  Analyze    Analyze    
  Name    Max Paths  Min Paths  
  ------  ---------  ---------  
  Slow    Yes        Yes        
  Fast    Yes        Yes        



check_timing report

Table of Contents
-----------------
1. checking no_clock (0)
2. checking constant_clock (0)
3. checking pulse_width_clock (0)
4. checking unconstrained_internal_endpoints (0)
5. checking no_input_delay (167)
6. checking no_output_delay (67)
7. checking multiple_clock (0)
8. checking generated_clocks (0)
9. checking loops (0)
10. checking partial_input_delay (0)
11. checking partial_output_delay (0)
12. checking latch_loops (0)

1. checking no_clock (0)
------------------------
 There are 0 register/latch pins with no clock.


2. checking constant_clock (0)
------------------------------
 There are 0 register/latch pins with constant_clock.


3. checking pulse_width_clock (0)
---------------------------------
 There are 0 register/latch pins which need pulse_width check


4. checking unconstrained_internal_endpoints (0)
------------------------------------------------
 There are 0 pins that are not constrained for maximum delay.

 There are 0 pins that are not constrained for maximum delay due to constant clock.


5. checking no_input_delay (167)
--------------------------------
 There are 167 input ports with no input delay specified. (HIGH)

 There are 0 input ports with no input delay but user has a false path constraint.


6. checking no_output_delay (67)
--------------------------------
 There are 67 ports with no output delay specified. (HIGH)

 There are 0 ports with no output delay but user has a false path constraint

 There are 0 ports with no output delay but with a timing clock defined on it or propagating through it


7. checking multiple_clock (0)
------------------------------
 There are 0 register/latch pins with multiple clocks.


8. checking generated_clocks (0)
--------------------------------
 There are 0 generated clocks that are not connected to a clock source.


9. checking loops (0)
---------------------
 There are 0 combinational loops in the design.


10. checking partial_input_delay (0)
------------------------------------
 There are 0 input ports with partial input delay specified.


11. checking partial_output_delay (0)
-------------------------------------
 There are 0 ports with partial output delay specified.


12. checking latch_loops (0)
----------------------------
 There are 0 combinational latch loops in the design through latch input



------------------------------------------------------------------------------------------------
| Design Timing Summary
| ---------------------
------------------------------------------------------------------------------------------------

    WNS(ns)      TNS(ns)  TNS Failing Endpoints  TNS Total Endpoints      WHS(ns)      THS(ns)  THS Failing Endpoints  THS Total Endpoints     WPWS(ns)     TPWS(ns)  TPWS Failing Endpoints  TPWS Total Endpoints  
    -------      -------  ---------------------  -------------------      -------      -------  ---------------------  -------------------     --------     --------  ----------------------  --------------------  
      1.608        0.000                      0                 9858        0.193        0.000                      0                 9858        4.020        0.000                       0                  8215  


All user specified timing constraints are met.


------------------------------------------------------------------------------------------------
| Clock Summary
| -------------
------------------------------------------------------------------------------------------------

Clock   Waveform(ns)       Period(ns)      Frequency(MHz)
-----   ------------       ----------      --------------
ap_clk  {0.000 5.000}      10.000          100.000         


------------------------------------------------------------------------------------------------
| Intra Clock Table
| -----------------
------------------------------------------------------------------------------------------------

Clock             WNS(ns)      TNS(ns)  TNS Failing Endpoints  TNS Total Endpoints      WHS(ns)      THS(ns)  THS Failing Endpoints  THS Total Endpoints     WPWS(ns)     TPWS(ns)  TPWS Failing Endpoints  TPWS Total Endpoints  
-----             -------      -------  ---------------------  -------------------      -------      -------  ---------------------  -------------------     --------     --------  ----------------------  --------------------  
ap_clk              1.608        0.000                      0                 9858        0.193        0.000                      0                 9858        4.020        0.000                       0                  8215  


------------------------------------------------------------------------------------------------
| Inter Clock Table
| -----------------
------------------------------------------------------------------------------------------------

From Clock    To Clock          WNS(ns)      TNS(ns)  TNS Failing Endpoints  TNS Total Endpoints      WHS(ns)      THS(ns)  THS Failing Endpoints  THS Total Endpoints  
----------    --------          -------      -------  ---------------------  -------------------      -------      -------  ---------------------  -------------------  


------------------------------------------------------------------------------------------------
| Other Path Groups Table
| -----------------------
------------------------------------------------------------------------------------------------

Path Group    From Clock    To Clock          WNS(ns)      TNS(ns)  TNS Failing Endpoints  TNS Total Endpoints      WHS(ns)      THS(ns)  THS Failing Endpoints  THS Total Endpoints  
----------    ----------    --------          -------      -------  ---------------------  -------------------      -------      -------  ---------------------  -------------------  


------------------------------------------------------------------------------------------------
| Timing Details
| --------------
------------------------------------------------------------------------------------------------


---------------------------------------------------------------------------------------------------
From Clock:  ap_clk
  To Clock:  ap_clk

Setup :            0  Failing Endpoints,  Worst Slack        1.608ns,  Total Violation        0.000ns
Hold  :            0  Failing Endpoints,  Worst Slack        0.193ns,  Total Violation        0.000ns
PW    :            0  Failing Endpoints,  Worst Slack        4.020ns,  Total Violation        0.000ns
---------------------------------------------------------------------------------------------------


Max Delay Paths
--------------------------------------------------------------------------------------
Slack (MET) :             1.608ns  (required time - arrival time)
  Source:                 bd_0_i/hls_inst/inst/tmp_2_reg_358_reg[5]/C
                            (rising edge-triggered cell FDRE clocked by ap_clk  {rise@0.000ns fall@5.000ns period=10.000ns})
  Destination:            bd_0_i/hls_inst/inst/mul_64s_64s_64_5_1_U5/fn1_mul_64s_64s_64_5_1_Multiplier_0_U/buff0_reg__0/B[5]
                            (rising edge-triggered cell DSP48E1 clocked by ap_clk  {rise@0.000ns fall@5.000ns period=10.000ns})
  Path Group:             ap_clk
  Path Type:              Setup (Max at Slow Process Corner)
  Requirement:            10.000ns  (ap_clk rise@10.000ns - ap_clk rise@0.000ns)
  Data Path Delay:        7.858ns  (logic 1.549ns (19.713%)  route 6.309ns (80.287%))
  Logic Levels:           7  (LUT2=2 LUT5=1 LUT6=4)
  Clock Path Skew:        -0.049ns (DCD - SCD + CPR)
    Destination Clock Delay (DCD):    0.924ns = ( 10.924 - 10.000 ) 
    Source Clock Delay      (SCD):    0.973ns
    Clock Pessimism Removal (CPR):    0.000ns
  Clock Uncertainty:      0.035ns  ((TSJ^2 + TIJ^2)^1/2 + DJ) / 2 + PE
    Total System Jitter     (TSJ):    0.071ns
    Total Input Jitter      (TIJ):    0.000ns
    Discrete Jitter          (DJ):    0.000ns
    Phase Error              (PE):    0.000ns

    Location             Delay type                Incr(ns)  Path(ns)    Netlist Resource(s)
  -------------------------------------------------------------------    -------------------
                         (clock ap_clk rise edge)     0.000     0.000 r  
                                                      0.000     0.000 r  ap_clk (IN)
                         net (fo=8217, unset)         0.973     0.973    bd_0_i/hls_inst/inst/ap_clk
                         FDRE                                         r  bd_0_i/hls_inst/inst/tmp_2_reg_358_reg[5]/C
  -------------------------------------------------------------------    -------------------
                         FDRE (Prop_fdre_C_Q)         0.518     1.491 f  bd_0_i/hls_inst/inst/tmp_2_reg_358_reg[5]/Q
                         net (fo=6, unplaced)         0.997     2.488    bd_0_i/hls_inst/inst/mul_64s_64s_64_5_1_U5/fn1_mul_64s_64s_64_5_1_Multiplier_0_U/buff0_reg__0_0[5]
                         LUT6 (Prop_lut6_I0_O)        0.295     2.783 f  bd_0_i/hls_inst/inst/mul_64s_64s_64_5_1_U5/fn1_mul_64s_64s_64_5_1_Multiplier_0_U/val_reg_374[50]_i_4/O
                         net (fo=5, unplaced)         0.477     3.260    bd_0_i/hls_inst/inst/mul_64s_64s_64_5_1_U5/fn1_mul_64s_64s_64_5_1_Multiplier_0_U/tmp_2_reg_358_reg[5]_0
                         LUT6 (Prop_lut6_I3_O)        0.124     3.384 r  bd_0_i/hls_inst/inst/mul_64s_64s_64_5_1_U5/fn1_mul_64s_64s_64_5_1_Multiplier_0_U/val_reg_374[38]_i_11/O
                         net (fo=58, unplaced)        0.535     3.919    bd_0_i/hls_inst/inst/mul_64s_64s_64_5_1_U5/fn1_mul_64s_64s_64_5_1_Multiplier_0_U/val_reg_374[38]_i_11_n_0
                         LUT2 (Prop_lut2_I0_O)        0.116     4.035 r  bd_0_i/hls_inst/inst/mul_64s_64s_64_5_1_U5/fn1_mul_64s_64s_64_5_1_Multiplier_0_U/val_reg_374[44]_i_6/O
                         net (fo=54, unplaced)        1.195     5.230    bd_0_i/hls_inst/inst/mul_64s_64s_64_5_1_U5/fn1_mul_64s_64s_64_5_1_Multiplier_0_U/tmp_2_reg_358_reg[0]_1
                         LUT6 (Prop_lut6_I0_O)        0.124     5.354 r  bd_0_i/hls_inst/inst/mul_64s_64s_64_5_1_U5/fn1_mul_64s_64s_64_5_1_Multiplier_0_U/val_reg_374[40]_i_8/O
                         net (fo=5, unplaced)         0.930     6.284    bd_0_i/hls_inst/inst/mul_64s_64s_64_5_1_U5/fn1_mul_64s_64s_64_5_1_Multiplier_0_U/tmp_3_reg_364_reg[0]_2
                         LUT5 (Prop_lut5_I0_O)        0.124     6.408 r  bd_0_i/hls_inst/inst/mul_64s_64s_64_5_1_U5/fn1_mul_64s_64s_64_5_1_Multiplier_0_U/val_reg_374[40]_i_3/O
                         net (fo=4, unplaced)         0.926     7.334    bd_0_i/hls_inst/inst/mul_64s_64s_64_5_1_U5/fn1_mul_64s_64s_64_5_1_Multiplier_0_U/tmp_3_reg_364_reg[0]_1
                         LUT6 (Prop_lut6_I1_O)        0.124     7.458 r  bd_0_i/hls_inst/inst/mul_64s_64s_64_5_1_U5/fn1_mul_64s_64s_64_5_1_Multiplier_0_U/buff0_reg__0_i_38/O
                         net (fo=1, unplaced)         0.449     7.907    bd_0_i/hls_inst/inst/mul_64s_64s_64_5_1_U5/fn1_mul_64s_64s_64_5_1_Multiplier_0_U/val_fu_287_p3[56]
                         LUT2 (Prop_lut2_I1_O)        0.124     8.031 r  bd_0_i/hls_inst/inst/mul_64s_64s_64_5_1_U5/fn1_mul_64s_64s_64_5_1_Multiplier_0_U/buff0_reg__0_i_8/O
                         net (fo=1, unplaced)         0.800     8.831    bd_0_i/hls_inst/inst/mul_64s_64s_64_5_1_U5/fn1_mul_64s_64s_64_5_1_Multiplier_0_U/buff0_reg__0_i_8_n_0
                         DSP48E1                                      r  bd_0_i/hls_inst/inst/mul_64s_64s_64_5_1_U5/fn1_mul_64s_64s_64_5_1_Multiplier_0_U/buff0_reg__0/B[5]
  -------------------------------------------------------------------    -------------------

                         (clock ap_clk rise edge)    10.000    10.000 r  
                                                      0.000    10.000 r  ap_clk (IN)
                         net (fo=8217, unset)         0.924    10.924    bd_0_i/hls_inst/inst/mul_64s_64s_64_5_1_U5/fn1_mul_64s_64s_64_5_1_Multiplier_0_U/ap_clk
                         DSP48E1                                      r  bd_0_i/hls_inst/inst/mul_64s_64s_64_5_1_U5/fn1_mul_64s_64s_64_5_1_Multiplier_0_U/buff0_reg__0/CLK
                         clock pessimism              0.000    10.924    
                         clock uncertainty           -0.035    10.889    
                         DSP48E1 (Setup_dsp48e1_CLK_B[5])
                                                     -0.450    10.439    bd_0_i/hls_inst/inst/mul_64s_64s_64_5_1_U5/fn1_mul_64s_64s_64_5_1_Multiplier_0_U/buff0_reg__0
  -------------------------------------------------------------------
                         required time                         10.439    
                         arrival time                          -8.831    
  -------------------------------------------------------------------
                         slack                                  1.608    





Min Delay Paths
--------------------------------------------------------------------------------------
Slack (MET) :             0.193ns  (arrival time - required time)
  Source:                 bd_0_i/hls_inst/inst/ddiv_64ns_64ns_64_59_no_dsp_1_U2/fn1_ap_ddiv_57_no_dsp_64_u/inst/i_synth/DIV_OP.SPD.OP/EXP/EXP_PRE_RND_DEL/i_pipe/opt_has_pipe.i_pipe[32].pipe_reg[32][0]_srl32/CLK
                            (rising edge-triggered cell SRLC32E clocked by ap_clk  {rise@0.000ns fall@5.000ns period=10.000ns})
  Destination:            bd_0_i/hls_inst/inst/ddiv_64ns_64ns_64_59_no_dsp_1_U2/fn1_ap_ddiv_57_no_dsp_64_u/inst/i_synth/DIV_OP.SPD.OP/EXP/EXP_PRE_RND_DEL/i_pipe/opt_has_pipe.i_pipe[53].pipe_reg[53][0]_srl21/D
                            (rising edge-triggered cell SRLC32E clocked by ap_clk  {rise@0.000ns fall@5.000ns period=10.000ns})
  Path Group:             ap_clk
  Path Type:              Hold (Min at Fast Process Corner)
  Requirement:            0.000ns  (ap_clk rise@0.000ns - ap_clk rise@0.000ns)
  Data Path Delay:        0.332ns  (logic 0.332ns (100.000%)  route 0.000ns (0.000%))
  Logic Levels:           0  
  Clock Path Skew:        0.022ns (DCD - SCD - CPR)
    Destination Clock Delay (DCD):    0.432ns
    Source Clock Delay      (SCD):    0.410ns
    Clock Pessimism Removal (CPR):    -0.000ns

    Location             Delay type                Incr(ns)  Path(ns)    Netlist Resource(s)
  -------------------------------------------------------------------    -------------------
                         (clock ap_clk rise edge)     0.000     0.000 r  
                                                      0.000     0.000 r  ap_clk (IN)
                         net (fo=8217, unset)         0.410     0.410    bd_0_i/hls_inst/inst/ddiv_64ns_64ns_64_59_no_dsp_1_U2/fn1_ap_ddiv_57_no_dsp_64_u/inst/i_synth/DIV_OP.SPD.OP/EXP/EXP_PRE_RND_DEL/i_pipe/aclk
                         SRLC32E                                      r  bd_0_i/hls_inst/inst/ddiv_64ns_64ns_64_59_no_dsp_1_U2/fn1_ap_ddiv_57_no_dsp_64_u/inst/i_synth/DIV_OP.SPD.OP/EXP/EXP_PRE_RND_DEL/i_pipe/opt_has_pipe.i_pipe[32].pipe_reg[32][0]_srl32/CLK
  -------------------------------------------------------------------    -------------------
                         SRLC32E (Prop_srlc32e_CLK_Q31)
                                                      0.332     0.742 r  bd_0_i/hls_inst/inst/ddiv_64ns_64ns_64_59_no_dsp_1_U2/fn1_ap_ddiv_57_no_dsp_64_u/inst/i_synth/DIV_OP.SPD.OP/EXP/EXP_PRE_RND_DEL/i_pipe/opt_has_pipe.i_pipe[32].pipe_reg[32][0]_srl32/Q31
                         net (fo=1, unplaced)         0.000     0.742    bd_0_i/hls_inst/inst/ddiv_64ns_64ns_64_59_no_dsp_1_U2/fn1_ap_ddiv_57_no_dsp_64_u/inst/i_synth/DIV_OP.SPD.OP/EXP/EXP_PRE_RND_DEL/i_pipe/opt_has_pipe.i_pipe[32].pipe_reg[32][0]_srl32_n_1
                         SRLC32E                                      r  bd_0_i/hls_inst/inst/ddiv_64ns_64ns_64_59_no_dsp_1_U2/fn1_ap_ddiv_57_no_dsp_64_u/inst/i_synth/DIV_OP.SPD.OP/EXP/EXP_PRE_RND_DEL/i_pipe/opt_has_pipe.i_pipe[53].pipe_reg[53][0]_srl21/D
  -------------------------------------------------------------------    -------------------

                         (clock ap_clk rise edge)     0.000     0.000 r  
                                                      0.000     0.000 r  ap_clk (IN)
                         net (fo=8217, unset)         0.432     0.432    bd_0_i/hls_inst/inst/ddiv_64ns_64ns_64_59_no_dsp_1_U2/fn1_ap_ddiv_57_no_dsp_64_u/inst/i_synth/DIV_OP.SPD.OP/EXP/EXP_PRE_RND_DEL/i_pipe/aclk
                         SRLC32E                                      r  bd_0_i/hls_inst/inst/ddiv_64ns_64ns_64_59_no_dsp_1_U2/fn1_ap_ddiv_57_no_dsp_64_u/inst/i_synth/DIV_OP.SPD.OP/EXP/EXP_PRE_RND_DEL/i_pipe/opt_has_pipe.i_pipe[53].pipe_reg[53][0]_srl21/CLK
                         clock pessimism              0.000     0.432    
                         SRLC32E (Hold_srlc32e_CLK_D)
                                                      0.117     0.549    bd_0_i/hls_inst/inst/ddiv_64ns_64ns_64_59_no_dsp_1_U2/fn1_ap_ddiv_57_no_dsp_64_u/inst/i_synth/DIV_OP.SPD.OP/EXP/EXP_PRE_RND_DEL/i_pipe/opt_has_pipe.i_pipe[53].pipe_reg[53][0]_srl21
  -------------------------------------------------------------------
                         required time                         -0.549    
                         arrival time                           0.742    
  -------------------------------------------------------------------
                         slack                                  0.193    





Pulse Width Checks
--------------------------------------------------------------------------------------
Clock Name:         ap_clk
Waveform(ns):       { 0.000 5.000 }
Period(ns):         10.000
Sources:            { ap_clk }

Check Type        Corner  Lib Pin      Reference Pin  Required(ns)  Actual(ns)  Slack(ns)  Location  Pin
Min Period        n/a     DSP48E1/CLK  n/a            3.884         10.000      6.116                bd_0_i/hls_inst/inst/mul_64s_64s_64_5_1_U5/fn1_mul_64s_64s_64_5_1_Multiplier_0_U/buff0_reg__0/CLK
Low Pulse Width   Fast    SRL16E/CLK   n/a            0.980         5.000       4.020                bd_0_i/hls_inst/inst/sitodp_64ns_64_6_no_dsp_1_U4/fn1_ap_sitodp_4_no_dsp_64_u/inst/i_synth/FIX_TO_FLT_OP.SPD.OP/EXP/a_is_signed.IP_SIGN_DELAY/i_pipe/opt_has_pipe.i_pipe[3].pipe_reg[3][0]_srl3/CLK
High Pulse Width  Slow    SRL16E/CLK   n/a            0.980         5.000       4.020                bd_0_i/hls_inst/inst/sitodp_64ns_64_6_no_dsp_1_U4/fn1_ap_sitodp_4_no_dsp_64_u/inst/i_synth/FIX_TO_FLT_OP.SPD.OP/EXP/a_is_signed.IP_SIGN_DELAY/i_pipe/opt_has_pipe.i_pipe[3].pipe_reg[3][0]_srl3/CLK



