
*** Running vivado
    with args -log bd_0_wrapper.vdi -applog -m64 -product Vivado -messageDb vivado.pb -mode batch -source bd_0_wrapper.tcl -notrace


****** Vivado v2020.2 (64-bit)
  **** SW Build 3064766 on Wed Nov 18 09:12:47 MST 2020
  **** IP Build 3064653 on Wed Nov 18 14:17:31 MST 2020
    ** Copyright 1986-2020 Xilinx, Inc. All Rights Reserved.

source bd_0_wrapper.tcl -notrace
Command: open_checkpoint /home/nanwu/GNN_DFG/bb/dfg_54/project_tmp/solution_tmp/impl/verilog/project.runs/impl_1/bd_0_wrapper.dcp

Starting open_checkpoint Task

Time (s): cpu = 00:00:00.08 ; elapsed = 00:00:00.05 . Memory (MB): peak = 2395.230 ; gain = 0.000 ; free physical = 80071 ; free virtual = 120570
INFO: [Device 21-403] Loading part xc7z020clg484-1
Netlist sorting complete. Time (s): cpu = 00:00:00.06 ; elapsed = 00:00:00.05 . Memory (MB): peak = 2397.344 ; gain = 0.000 ; free physical = 80955 ; free virtual = 121458
INFO: [Netlist 29-17] Analyzing 397 Unisim elements for replacement
INFO: [Netlist 29-28] Unisim Transformation completed in 0 CPU seconds
INFO: [Project 1-479] Netlist was created with Vivado 2020.2
INFO: [Project 1-570] Preparing netlist for logic optimization
INFO: [Timing 38-478] Restoring timing data from binary archive.
INFO: [Timing 38-479] Binary timing data restore complete.
INFO: [Project 1-856] Restoring constraints from binary archive.
INFO: [Project 1-853] Binary constraint restore complete.
Netlist sorting complete. Time (s): cpu = 00:00:00 ; elapsed = 00:00:00 . Memory (MB): peak = 2721.230 ; gain = 0.000 ; free physical = 81742 ; free virtual = 122252
INFO: [Project 1-111] Unisim Transformation Summary:
No Unisim elements were transformed.

INFO: [Project 1-604] Checkpoint was created with Vivado v2020.2 (64-bit) build 3064766
open_checkpoint: Time (s): cpu = 00:00:11 ; elapsed = 00:00:12 . Memory (MB): peak = 2721.230 ; gain = 329.969 ; free physical = 81742 ; free virtual = 122251
INFO: [IP_Flow 19-234] Refreshing IP repositories
INFO: [IP_Flow 19-1700] Loaded user IP repository '/home/nanwu/GNN_DFG/bb/dfg_54/project_tmp/solution_tmp/impl/ip'.
INFO: [IP_Flow 19-2313] Loaded Vivado IP repository '/opt/Xilinx/Vivado/2020.2/data/ip'.
Command: opt_design
Attempting to get a license for feature 'Implementation' and/or device 'xc7z020'
INFO: [Common 17-349] Got license for feature 'Implementation' and/or device 'xc7z020'
Running DRC as a precondition to command opt_design

Starting DRC Task
INFO: [DRC 23-27] Running DRC with 8 threads
INFO: [Project 1-461] DRC finished with 0 Errors
INFO: [Project 1-462] Please refer to the DRC report (report_drc) for more information.

Time (s): cpu = 00:00:02 ; elapsed = 00:00:01 . Memory (MB): peak = 2850.668 ; gain = 116.562 ; free physical = 81709 ; free virtual = 122219

Starting Cache Timing Information Task
Ending Cache Timing Information Task | Checksum: ecf0216e

Time (s): cpu = 00:00:00.03 ; elapsed = 00:00:00.02 . Memory (MB): peak = 2850.668 ; gain = 0.000 ; free physical = 81710 ; free virtual = 122220

Starting Logic Optimization Task

Phase 1 Retarget
INFO: [Opt 31-138] Pushed 0 inverter(s) to 0 load pin(s).
INFO: [Opt 31-49] Retargeted 0 cell(s).
Phase 1 Retarget | Checksum: 19ad4b369

Time (s): cpu = 00:00:00.60 ; elapsed = 00:00:00.24 . Memory (MB): peak = 2936.652 ; gain = 0.000 ; free physical = 82013 ; free virtual = 122522
INFO: [Opt 31-389] Phase Retarget created 0 cells and removed 2 cells

Phase 2 Constant propagation
INFO: [Opt 31-138] Pushed 0 inverter(s) to 0 load pin(s).
Phase 2 Constant propagation | Checksum: c0581b1e

Time (s): cpu = 00:00:00.66 ; elapsed = 00:00:00.30 . Memory (MB): peak = 2936.652 ; gain = 0.000 ; free physical = 82083 ; free virtual = 122589
INFO: [Opt 31-389] Phase Constant propagation created 58 cells and removed 83 cells

Phase 3 Sweep
Phase 3 Sweep | Checksum: 19207530f

Time (s): cpu = 00:00:00.78 ; elapsed = 00:00:00.42 . Memory (MB): peak = 2936.652 ; gain = 0.000 ; free physical = 83231 ; free virtual = 123736
INFO: [Opt 31-389] Phase Sweep created 0 cells and removed 22 cells

Phase 4 BUFG optimization
Phase 4 BUFG optimization | Checksum: 19207530f

Time (s): cpu = 00:00:00.80 ; elapsed = 00:00:00.44 . Memory (MB): peak = 2936.652 ; gain = 0.000 ; free physical = 83231 ; free virtual = 123737
INFO: [Opt 31-662] Phase BUFG optimization created 0 cells of which 0 are BUFGs and removed 0 cells.

Phase 5 Shift Register Optimization
INFO: [Opt 31-1064] SRL Remap converted 0 SRLs to 0 registers and converted 0 registers of register chains to 0 SRLs
Phase 5 Shift Register Optimization | Checksum: 19207530f

Time (s): cpu = 00:00:00.81 ; elapsed = 00:00:00.44 . Memory (MB): peak = 2936.652 ; gain = 0.000 ; free physical = 83264 ; free virtual = 123770
INFO: [Opt 31-389] Phase Shift Register Optimization created 0 cells and removed 0 cells

Phase 6 Post Processing Netlist
Phase 6 Post Processing Netlist | Checksum: 19207530f

Time (s): cpu = 00:00:00.82 ; elapsed = 00:00:00.46 . Memory (MB): peak = 2936.652 ; gain = 0.000 ; free physical = 83423 ; free virtual = 123929
INFO: [Opt 31-389] Phase Post Processing Netlist created 0 cells and removed 0 cells
Opt_design Change Summary
=========================


-------------------------------------------------------------------------------------------------------------------------
|  Phase                        |  #Cells created  |  #Cells Removed  |  #Constrained objects preventing optimizations  |
-------------------------------------------------------------------------------------------------------------------------
|  Retarget                     |               0  |               2  |                                              0  |
|  Constant propagation         |              58  |              83  |                                              0  |
|  Sweep                        |               0  |              22  |                                              0  |
|  BUFG optimization            |               0  |               0  |                                              0  |
|  Shift Register Optimization  |               0  |               0  |                                              0  |
|  Post Processing Netlist      |               0  |               0  |                                              0  |
-------------------------------------------------------------------------------------------------------------------------



Starting Connectivity Check Task

Time (s): cpu = 00:00:00 ; elapsed = 00:00:00.01 . Memory (MB): peak = 2960.664 ; gain = 0.000 ; free physical = 83454 ; free virtual = 123960
Ending Logic Optimization Task | Checksum: 18a858428

Time (s): cpu = 00:00:01 ; elapsed = 00:00:00.57 . Memory (MB): peak = 2960.664 ; gain = 24.012 ; free physical = 83454 ; free virtual = 123960

Starting Power Optimization Task
INFO: [Pwropt 34-132] Skipping clock gating for clocks with a period < 2.00 ns.
Ending Power Optimization Task | Checksum: 18a858428

Time (s): cpu = 00:00:00 ; elapsed = 00:00:00.01 . Memory (MB): peak = 2960.664 ; gain = 0.000 ; free physical = 83454 ; free virtual = 123959

Starting Final Cleanup Task
Ending Final Cleanup Task | Checksum: 18a858428

Time (s): cpu = 00:00:00 ; elapsed = 00:00:00 . Memory (MB): peak = 2960.664 ; gain = 0.000 ; free physical = 83454 ; free virtual = 123959

Starting Netlist Obfuscation Task
Netlist sorting complete. Time (s): cpu = 00:00:00 ; elapsed = 00:00:00 . Memory (MB): peak = 2960.664 ; gain = 0.000 ; free physical = 83454 ; free virtual = 123959
Ending Netlist Obfuscation Task | Checksum: 18a858428

Time (s): cpu = 00:00:00 ; elapsed = 00:00:00 . Memory (MB): peak = 2960.664 ; gain = 0.000 ; free physical = 83454 ; free virtual = 123959
INFO: [Common 17-83] Releasing license: Implementation
30 Infos, 0 Warnings, 0 Critical Warnings and 0 Errors encountered.
opt_design completed successfully
INFO: [Timing 38-35] Done setting XDC timing constraints.
INFO: [Timing 38-480] Writing timing data to binary archive.
INFO: [Common 17-1381] The checkpoint '/home/nanwu/GNN_DFG/bb/dfg_54/project_tmp/solution_tmp/impl/verilog/project.runs/impl_1/bd_0_wrapper_opt.dcp' has been generated.
INFO: [runtcl-4] Executing : report_drc -file bd_0_wrapper_drc_opted.rpt -pb bd_0_wrapper_drc_opted.pb -rpx bd_0_wrapper_drc_opted.rpx
Command: report_drc -file bd_0_wrapper_drc_opted.rpt -pb bd_0_wrapper_drc_opted.pb -rpx bd_0_wrapper_drc_opted.rpx
INFO: [IP_Flow 19-1839] IP Catalog is up to date.
WARNING: [Timing 38-242] The property HD.CLK_SRC of clock port "ap_clk" is not set. In out-of-context mode, this prevents timing estimation for clock delay/skew
Resolution: Set the HD.CLK_SRC property of the out-of-context port to the location of the clock buffer instance in the top-level design
INFO: [DRC 23-27] Running DRC with 8 threads
INFO: [Coretcl 2-168] The results of DRC are in file /home/nanwu/GNN_DFG/bb/dfg_54/project_tmp/solution_tmp/impl/verilog/project.runs/impl_1/bd_0_wrapper_drc_opted.rpt.
report_drc completed successfully
Command: place_design
Attempting to get a license for feature 'Implementation' and/or device 'xc7z020'
INFO: [Common 17-349] Got license for feature 'Implementation' and/or device 'xc7z020'
INFO: [DRC 23-27] Running DRC with 8 threads
INFO: [Vivado_Tcl 4-198] DRC finished with 0 Errors
INFO: [Vivado_Tcl 4-199] Please refer to the DRC report (report_drc) for more information.
Running DRC as a precondition to command place_design
INFO: [DRC 23-27] Running DRC with 8 threads
INFO: [Vivado_Tcl 4-198] DRC finished with 0 Errors
INFO: [Vivado_Tcl 4-199] Please refer to the DRC report (report_drc) for more information.

Starting Placer Task
INFO: [Place 30-611] Multithreading enabled for place_design using a maximum of 8 CPUs

Phase 1 Placer Initialization

Phase 1.1 Placer Initialization Netlist Sorting
Netlist sorting complete. Time (s): cpu = 00:00:00 ; elapsed = 00:00:00 . Memory (MB): peak = 3163.664 ; gain = 0.000 ; free physical = 86077 ; free virtual = 126530
Phase 1.1 Placer Initialization Netlist Sorting | Checksum: 8a9a064d

Time (s): cpu = 00:00:00.01 ; elapsed = 00:00:00.05 . Memory (MB): peak = 3163.664 ; gain = 0.000 ; free physical = 86077 ; free virtual = 126530
Netlist sorting complete. Time (s): cpu = 00:00:00 ; elapsed = 00:00:00 . Memory (MB): peak = 3163.664 ; gain = 0.000 ; free physical = 86077 ; free virtual = 126530

Phase 1.2 IO Placement/ Clock Placement/ Build Placer Device
Phase 1.2 IO Placement/ Clock Placement/ Build Placer Device | Checksum: 4950381a

Time (s): cpu = 00:00:00.77 ; elapsed = 00:00:00.24 . Memory (MB): peak = 3163.664 ; gain = 0.000 ; free physical = 86069 ; free virtual = 126521

Phase 1.3 Build Placer Netlist Model
Phase 1.3 Build Placer Netlist Model | Checksum: 9e63214f

Time (s): cpu = 00:00:03 ; elapsed = 00:00:01 . Memory (MB): peak = 3163.664 ; gain = 0.000 ; free physical = 86054 ; free virtual = 126475

Phase 1.4 Constrain Clocks/Macros
Phase 1.4 Constrain Clocks/Macros | Checksum: 9e63214f

Time (s): cpu = 00:00:03 ; elapsed = 00:00:01 . Memory (MB): peak = 3163.664 ; gain = 0.000 ; free physical = 86055 ; free virtual = 126476
Phase 1 Placer Initialization | Checksum: 9e63214f

Time (s): cpu = 00:00:03 ; elapsed = 00:00:01 . Memory (MB): peak = 3163.664 ; gain = 0.000 ; free physical = 86032 ; free virtual = 126455

Phase 2 Global Placement

Phase 2.1 Floorplanning
Phase 2.1 Floorplanning | Checksum: 101940121

Time (s): cpu = 00:00:05 ; elapsed = 00:00:02 . Memory (MB): peak = 3166.633 ; gain = 2.969 ; free physical = 86210 ; free virtual = 126647

Phase 2.2 Update Timing before SLR Path Opt
Phase 2.2 Update Timing before SLR Path Opt | Checksum: cb8b48be

Time (s): cpu = 00:00:05 ; elapsed = 00:00:02 . Memory (MB): peak = 3166.633 ; gain = 2.969 ; free physical = 86189 ; free virtual = 126626

Phase 2.3 Global Placement Core

Phase 2.3.1 Physical Synthesis In Placer
INFO: [Physopt 32-1035] Found 0 LUTNM shape to break, 207 LUT instances to create LUTNM shape
INFO: [Physopt 32-1044] Break lutnm for timing: one critical 0, two critical 0, total 0, new lutff created 0
INFO: [Physopt 32-775] End 1 Pass. Optimized 93 nets or cells. Created 0 new cell, deleted 93 existing cells and moved 0 existing cell
INFO: [Physopt 32-65] No nets found for high-fanout optimization.
INFO: [Physopt 32-232] Optimized 0 net. Created 0 new instance.
INFO: [Physopt 32-775] End 1 Pass. Optimized 0 net or cell. Created 0 new cell, deleted 0 existing cell and moved 0 existing cell
INFO: [Physopt 32-670] No setup violation found.  DSP Register Optimization was not performed.
INFO: [Physopt 32-670] No setup violation found.  Shift Register to Pipeline Optimization was not performed.
INFO: [Physopt 32-670] No setup violation found.  Shift Register Optimization was not performed.
INFO: [Physopt 32-670] No setup violation found.  BRAM Register Optimization was not performed.
INFO: [Physopt 32-670] No setup violation found.  URAM Register Optimization was not performed.
INFO: [Physopt 32-949] No candidate nets found for dynamic/static region interface net replication
INFO: [Physopt 32-775] End 1 Pass. Optimized 0 net or cell. Created 0 new cell, deleted 0 existing cell and moved 0 existing cell
Netlist sorting complete. Time (s): cpu = 00:00:00 ; elapsed = 00:00:00 . Memory (MB): peak = 3174.637 ; gain = 0.000 ; free physical = 86646 ; free virtual = 127102

Summary of Physical Synthesis Optimizations
============================================


-----------------------------------------------------------------------------------------------------------------------------------------------------------
|  Optimization                                     |  Added Cells  |  Removed Cells  |  Optimized Cells/Nets  |  Dont Touch  |  Iterations  |  Elapsed   |
-----------------------------------------------------------------------------------------------------------------------------------------------------------
|  LUT Combining                                    |            0  |             93  |                    93  |           0  |           1  |  00:00:00  |
|  Very High Fanout                                 |            0  |              0  |                     0  |           0  |           1  |  00:00:00  |
|  DSP Register                                     |            0  |              0  |                     0  |           0  |           0  |  00:00:00  |
|  Shift Register to Pipeline                       |            0  |              0  |                     0  |           0  |           0  |  00:00:00  |
|  Shift Register                                   |            0  |              0  |                     0  |           0  |           0  |  00:00:00  |
|  BRAM Register                                    |            0  |              0  |                     0  |           0  |           0  |  00:00:00  |
|  URAM Register                                    |            0  |              0  |                     0  |           0  |           0  |  00:00:00  |
|  Dynamic/Static Region Interface Net Replication  |            0  |              0  |                     0  |           0  |           1  |  00:00:00  |
|  Total                                            |            0  |             93  |                    93  |           0  |           3  |  00:00:00  |
-----------------------------------------------------------------------------------------------------------------------------------------------------------


Phase 2.3.1 Physical Synthesis In Placer | Checksum: da62c836

Time (s): cpu = 00:00:30 ; elapsed = 00:00:07 . Memory (MB): peak = 3174.637 ; gain = 10.973 ; free physical = 86728 ; free virtual = 127184
Phase 2.3 Global Placement Core | Checksum: f131faee

Time (s): cpu = 00:00:31 ; elapsed = 00:00:07 . Memory (MB): peak = 3174.637 ; gain = 10.973 ; free physical = 86716 ; free virtual = 127173
Phase 2 Global Placement | Checksum: f131faee

Time (s): cpu = 00:00:31 ; elapsed = 00:00:07 . Memory (MB): peak = 3174.637 ; gain = 10.973 ; free physical = 86726 ; free virtual = 127183

Phase 3 Detail Placement

Phase 3.1 Commit Multi Column Macros
Phase 3.1 Commit Multi Column Macros | Checksum: 1175514af

Time (s): cpu = 00:00:32 ; elapsed = 00:00:07 . Memory (MB): peak = 3174.637 ; gain = 10.973 ; free physical = 86712 ; free virtual = 127170

Phase 3.2 Commit Most Macros & LUTRAMs
Phase 3.2 Commit Most Macros & LUTRAMs | Checksum: 8befc4d0

Time (s): cpu = 00:00:33 ; elapsed = 00:00:08 . Memory (MB): peak = 3174.637 ; gain = 10.973 ; free physical = 86683 ; free virtual = 127141

Phase 3.3 Area Swap Optimization
Phase 3.3 Area Swap Optimization | Checksum: 1423348b0

Time (s): cpu = 00:00:33 ; elapsed = 00:00:08 . Memory (MB): peak = 3174.637 ; gain = 10.973 ; free physical = 86679 ; free virtual = 127137

Phase 3.4 Pipeline Register Optimization
Phase 3.4 Pipeline Register Optimization | Checksum: 5eaea7b2

Time (s): cpu = 00:00:33 ; elapsed = 00:00:08 . Memory (MB): peak = 3174.637 ; gain = 10.973 ; free physical = 86680 ; free virtual = 127138

Phase 3.5 Small Shape Detail Placement
Phase 3.5 Small Shape Detail Placement | Checksum: 18a95cab1

Time (s): cpu = 00:00:35 ; elapsed = 00:00:08 . Memory (MB): peak = 3174.637 ; gain = 10.973 ; free physical = 86568 ; free virtual = 127041

Phase 3.6 Re-assign LUT pins
Phase 3.6 Re-assign LUT pins | Checksum: 1adae5c3d

Time (s): cpu = 00:00:35 ; elapsed = 00:00:09 . Memory (MB): peak = 3174.637 ; gain = 10.973 ; free physical = 86552 ; free virtual = 127026

Phase 3.7 Pipeline Register Optimization
Phase 3.7 Pipeline Register Optimization | Checksum: ded72f0a

Time (s): cpu = 00:00:35 ; elapsed = 00:00:09 . Memory (MB): peak = 3174.637 ; gain = 10.973 ; free physical = 86550 ; free virtual = 127026
Phase 3 Detail Placement | Checksum: ded72f0a

Time (s): cpu = 00:00:35 ; elapsed = 00:00:09 . Memory (MB): peak = 3174.637 ; gain = 10.973 ; free physical = 86550 ; free virtual = 127025

Phase 4 Post Placement Optimization and Clean-Up

Phase 4.1 Post Commit Optimization
INFO: [Timing 38-35] Done setting XDC timing constraints.

Phase 4.1.1 Post Placement Optimization
Post Placement Optimization Initialization | Checksum: 1ac6758aa

Phase 4.1.1.1 BUFG Insertion

Starting Physical Synthesis Task

Phase 1 Physical Synthesis Initialization
INFO: [Physopt 32-721] Multithreading enabled for phys_opt_design using a maximum of 8 CPUs
INFO: [Physopt 32-619] Estimated Timing Summary | WNS=0.712 | TNS=0.000 |
Phase 1 Physical Synthesis Initialization | Checksum: 23cca31c8

Time (s): cpu = 00:00:00.46 ; elapsed = 00:00:00.12 . Memory (MB): peak = 3174.637 ; gain = 0.000 ; free physical = 86251 ; free virtual = 126728
INFO: [Place 46-56] BUFG insertion identified 0 candidate nets. Inserted BUFG: 0, Replicated BUFG Driver: 0, Skipped due to Placement/Routing Conflicts: 0, Skipped due to Timing Degradation: 0, Skipped due to Illegal Netlist: 0.
Ending Physical Synthesis Task | Checksum: 258cbfc7e

Time (s): cpu = 00:00:00.48 ; elapsed = 00:00:00.14 . Memory (MB): peak = 3174.637 ; gain = 0.000 ; free physical = 86098 ; free virtual = 126575
Phase 4.1.1.1 BUFG Insertion | Checksum: 1ac6758aa

Time (s): cpu = 00:00:38 ; elapsed = 00:00:10 . Memory (MB): peak = 3174.637 ; gain = 10.973 ; free physical = 86025 ; free virtual = 126502
INFO: [Place 30-746] Post Placement Timing Summary WNS=0.712. For the most accurate timing information please run report_timing.

Time (s): cpu = 00:00:38 ; elapsed = 00:00:10 . Memory (MB): peak = 3174.637 ; gain = 10.973 ; free physical = 86003 ; free virtual = 126480
Phase 4.1 Post Commit Optimization | Checksum: 1de92cdca

Time (s): cpu = 00:00:38 ; elapsed = 00:00:10 . Memory (MB): peak = 3174.637 ; gain = 10.973 ; free physical = 85978 ; free virtual = 126455

Phase 4.2 Post Placement Cleanup
Phase 4.2 Post Placement Cleanup | Checksum: 1de92cdca

Time (s): cpu = 00:00:38 ; elapsed = 00:00:10 . Memory (MB): peak = 3174.637 ; gain = 10.973 ; free physical = 85949 ; free virtual = 126426

Phase 4.3 Placer Reporting

Phase 4.3.1 Print Estimated Congestion
INFO: [Place 30-612] Post-Placement Estimated Congestion 
 ____________________________________________________
|           | Global Congestion | Short Congestion  |
| Direction | Region Size       | Region Size       |
|___________|___________________|___________________|
|      North|                1x1|                1x1|
|___________|___________________|___________________|
|      South|                1x1|                1x1|
|___________|___________________|___________________|
|       East|                1x1|                4x4|
|___________|___________________|___________________|
|       West|                1x1|                1x1|
|___________|___________________|___________________|

Phase 4.3.1 Print Estimated Congestion | Checksum: 1de92cdca

Time (s): cpu = 00:00:39 ; elapsed = 00:00:10 . Memory (MB): peak = 3174.637 ; gain = 10.973 ; free physical = 85915 ; free virtual = 126393
Phase 4.3 Placer Reporting | Checksum: 1de92cdca

Time (s): cpu = 00:00:39 ; elapsed = 00:00:10 . Memory (MB): peak = 3174.637 ; gain = 10.973 ; free physical = 85878 ; free virtual = 126356

Phase 4.4 Final Placement Cleanup
Netlist sorting complete. Time (s): cpu = 00:00:00 ; elapsed = 00:00:00 . Memory (MB): peak = 3174.637 ; gain = 0.000 ; free physical = 85874 ; free virtual = 126353

Time (s): cpu = 00:00:39 ; elapsed = 00:00:10 . Memory (MB): peak = 3174.637 ; gain = 10.973 ; free physical = 85873 ; free virtual = 126352
Phase 4 Post Placement Optimization and Clean-Up | Checksum: 140851f07

Time (s): cpu = 00:00:39 ; elapsed = 00:00:10 . Memory (MB): peak = 3174.637 ; gain = 10.973 ; free physical = 85838 ; free virtual = 126317
Ending Placer Task | Checksum: bad2cfe0

Time (s): cpu = 00:00:39 ; elapsed = 00:00:10 . Memory (MB): peak = 3174.637 ; gain = 10.973 ; free physical = 85799 ; free virtual = 126278
INFO: [Common 17-83] Releasing license: Implementation
65 Infos, 1 Warnings, 0 Critical Warnings and 0 Errors encountered.
place_design completed successfully
place_design: Time (s): cpu = 00:00:41 ; elapsed = 00:00:11 . Memory (MB): peak = 3174.637 ; gain = 10.973 ; free physical = 85814 ; free virtual = 126293
INFO: [Timing 38-480] Writing timing data to binary archive.
Writing placer database...
Writing XDEF routing.
Writing XDEF routing logical nets.
Writing XDEF routing special nets.
Write XDEF Complete: Time (s): cpu = 00:00:01 ; elapsed = 00:00:00.34 . Memory (MB): peak = 3174.637 ; gain = 0.000 ; free physical = 85558 ; free virtual = 126047
INFO: [Common 17-1381] The checkpoint '/home/nanwu/GNN_DFG/bb/dfg_54/project_tmp/solution_tmp/impl/verilog/project.runs/impl_1/bd_0_wrapper_placed.dcp' has been generated.
INFO: [runtcl-4] Executing : report_io -file bd_0_wrapper_io_placed.rpt
report_io: Time (s): cpu = 00:00:00.13 ; elapsed = 00:00:00.18 . Memory (MB): peak = 3174.637 ; gain = 0.000 ; free physical = 86269 ; free virtual = 126751
INFO: [runtcl-4] Executing : report_utilization -file bd_0_wrapper_utilization_placed.rpt -pb bd_0_wrapper_utilization_placed.pb
INFO: [runtcl-4] Executing : report_control_sets -verbose -file bd_0_wrapper_control_sets_placed.rpt
report_control_sets: Time (s): cpu = 00:00:00.07 ; elapsed = 00:00:00.14 . Memory (MB): peak = 3174.637 ; gain = 0.000 ; free physical = 87592 ; free virtual = 128074
Command: phys_opt_design
Attempting to get a license for feature 'Implementation' and/or device 'xc7z020'
INFO: [Common 17-349] Got license for feature 'Implementation' and/or device 'xc7z020'
INFO: [Vivado_Tcl 4-383] Design worst setup slack (WNS) is greater than or equal to 0.000 ns. Skipping all physical synthesis optimizations.
INFO: [Vivado_Tcl 4-232] No setup violation found. The netlist was not modified.
INFO: [Common 17-83] Releasing license: Implementation
74 Infos, 1 Warnings, 0 Critical Warnings and 0 Errors encountered.
phys_opt_design completed successfully
INFO: [Timing 38-480] Writing timing data to binary archive.
Writing placer database...
Writing XDEF routing.
Writing XDEF routing logical nets.
Writing XDEF routing special nets.
Write XDEF Complete: Time (s): cpu = 00:00:00.84 ; elapsed = 00:00:00.24 . Memory (MB): peak = 3174.637 ; gain = 0.000 ; free physical = 87827 ; free virtual = 128319
INFO: [Common 17-1381] The checkpoint '/home/nanwu/GNN_DFG/bb/dfg_54/project_tmp/solution_tmp/impl/verilog/project.runs/impl_1/bd_0_wrapper_physopt.dcp' has been generated.
Command: route_design
Attempting to get a license for feature 'Implementation' and/or device 'xc7z020'
INFO: [Common 17-349] Got license for feature 'Implementation' and/or device 'xc7z020'
Running DRC as a precondition to command route_design
WARNING: [Timing 38-242] The property HD.CLK_SRC of clock port "ap_clk" is not set. In out-of-context mode, this prevents timing estimation for clock delay/skew
Resolution: Set the HD.CLK_SRC property of the out-of-context port to the location of the clock buffer instance in the top-level design
INFO: [DRC 23-27] Running DRC with 8 threads
INFO: [Vivado_Tcl 4-198] DRC finished with 0 Errors
INFO: [Vivado_Tcl 4-199] Please refer to the DRC report (report_drc) for more information.


Starting Routing Task
INFO: [Route 35-254] Multithreading enabled for route_design using a maximum of 8 CPUs
Checksum: PlaceDB: 6f88a4bd ConstDB: 0 ShapeSum: 4b4a2b23 RouteDB: 0

Phase 1 Build RT Design
WARNING: [Route 35-197] Clock port "ap_clk" does not have an associated HD.CLK_SRC. Without this constraint, timing analysis may not be accurate and upstream checks cannot be done to ensure correct clock placement.
WARNING: [Route 35-198] Port "p_11[0]" does not have an associated HD.PARTPIN_LOCS, which will prevent the partial routing of the signal "p_11[0]". Without this partial route, timing analysis to/from this port will not be accurate, and no routing information for this port can be exported.
WARNING: [Route 35-198] Port "p[7]" does not have an associated HD.PARTPIN_LOCS, which will prevent the partial routing of the signal "p[7]". Without this partial route, timing analysis to/from this port will not be accurate, and no routing information for this port can be exported.
WARNING: [Route 35-198] Port "p[6]" does not have an associated HD.PARTPIN_LOCS, which will prevent the partial routing of the signal "p[6]". Without this partial route, timing analysis to/from this port will not be accurate, and no routing information for this port can be exported.
WARNING: [Route 35-198] Port "p[5]" does not have an associated HD.PARTPIN_LOCS, which will prevent the partial routing of the signal "p[5]". Without this partial route, timing analysis to/from this port will not be accurate, and no routing information for this port can be exported.
WARNING: [Route 35-198] Port "p[4]" does not have an associated HD.PARTPIN_LOCS, which will prevent the partial routing of the signal "p[4]". Without this partial route, timing analysis to/from this port will not be accurate, and no routing information for this port can be exported.
WARNING: [Route 35-198] Port "p[3]" does not have an associated HD.PARTPIN_LOCS, which will prevent the partial routing of the signal "p[3]". Without this partial route, timing analysis to/from this port will not be accurate, and no routing information for this port can be exported.
WARNING: [Route 35-198] Port "p[2]" does not have an associated HD.PARTPIN_LOCS, which will prevent the partial routing of the signal "p[2]". Without this partial route, timing analysis to/from this port will not be accurate, and no routing information for this port can be exported.
WARNING: [Route 35-198] Port "p[1]" does not have an associated HD.PARTPIN_LOCS, which will prevent the partial routing of the signal "p[1]". Without this partial route, timing analysis to/from this port will not be accurate, and no routing information for this port can be exported.
WARNING: [Route 35-198] Port "p[0]" does not have an associated HD.PARTPIN_LOCS, which will prevent the partial routing of the signal "p[0]". Without this partial route, timing analysis to/from this port will not be accurate, and no routing information for this port can be exported.
WARNING: [Route 35-198] Port "p_11[1]" does not have an associated HD.PARTPIN_LOCS, which will prevent the partial routing of the signal "p_11[1]". Without this partial route, timing analysis to/from this port will not be accurate, and no routing information for this port can be exported.
WARNING: [Route 35-198] Port "p_11[3]" does not have an associated HD.PARTPIN_LOCS, which will prevent the partial routing of the signal "p_11[3]". Without this partial route, timing analysis to/from this port will not be accurate, and no routing information for this port can be exported.
WARNING: [Route 35-198] Port "p_11[2]" does not have an associated HD.PARTPIN_LOCS, which will prevent the partial routing of the signal "p_11[2]". Without this partial route, timing analysis to/from this port will not be accurate, and no routing information for this port can be exported.
WARNING: [Route 35-198] Port "p_11[6]" does not have an associated HD.PARTPIN_LOCS, which will prevent the partial routing of the signal "p_11[6]". Without this partial route, timing analysis to/from this port will not be accurate, and no routing information for this port can be exported.
WARNING: [Route 35-198] Port "p_11[7]" does not have an associated HD.PARTPIN_LOCS, which will prevent the partial routing of the signal "p_11[7]". Without this partial route, timing analysis to/from this port will not be accurate, and no routing information for this port can be exported.
WARNING: [Route 35-198] Port "p_11[5]" does not have an associated HD.PARTPIN_LOCS, which will prevent the partial routing of the signal "p_11[5]". Without this partial route, timing analysis to/from this port will not be accurate, and no routing information for this port can be exported.
WARNING: [Route 35-198] Port "p_11[4]" does not have an associated HD.PARTPIN_LOCS, which will prevent the partial routing of the signal "p_11[4]". Without this partial route, timing analysis to/from this port will not be accurate, and no routing information for this port can be exported.
WARNING: [Route 35-198] Port "ap_rst" does not have an associated HD.PARTPIN_LOCS, which will prevent the partial routing of the signal "ap_rst". Without this partial route, timing analysis to/from this port will not be accurate, and no routing information for this port can be exported.
WARNING: [Route 35-198] Port "p_5[3]" does not have an associated HD.PARTPIN_LOCS, which will prevent the partial routing of the signal "p_5[3]". Without this partial route, timing analysis to/from this port will not be accurate, and no routing information for this port can be exported.
WARNING: [Route 35-198] Port "p_5[0]" does not have an associated HD.PARTPIN_LOCS, which will prevent the partial routing of the signal "p_5[0]". Without this partial route, timing analysis to/from this port will not be accurate, and no routing information for this port can be exported.
WARNING: [Route 35-198] Port "p_5[1]" does not have an associated HD.PARTPIN_LOCS, which will prevent the partial routing of the signal "p_5[1]". Without this partial route, timing analysis to/from this port will not be accurate, and no routing information for this port can be exported.
WARNING: [Route 35-198] Port "p_5[2]" does not have an associated HD.PARTPIN_LOCS, which will prevent the partial routing of the signal "p_5[2]". Without this partial route, timing analysis to/from this port will not be accurate, and no routing information for this port can be exported.
WARNING: [Route 35-198] Port "p_5[7]" does not have an associated HD.PARTPIN_LOCS, which will prevent the partial routing of the signal "p_5[7]". Without this partial route, timing analysis to/from this port will not be accurate, and no routing information for this port can be exported.
WARNING: [Route 35-198] Port "p_5[6]" does not have an associated HD.PARTPIN_LOCS, which will prevent the partial routing of the signal "p_5[6]". Without this partial route, timing analysis to/from this port will not be accurate, and no routing information for this port can be exported.
WARNING: [Route 35-198] Port "p_5[4]" does not have an associated HD.PARTPIN_LOCS, which will prevent the partial routing of the signal "p_5[4]". Without this partial route, timing analysis to/from this port will not be accurate, and no routing information for this port can be exported.
WARNING: [Route 35-198] Port "p_7[7]" does not have an associated HD.PARTPIN_LOCS, which will prevent the partial routing of the signal "p_7[7]". Without this partial route, timing analysis to/from this port will not be accurate, and no routing information for this port can be exported.
WARNING: [Route 35-198] Port "p_5[5]" does not have an associated HD.PARTPIN_LOCS, which will prevent the partial routing of the signal "p_5[5]". Without this partial route, timing analysis to/from this port will not be accurate, and no routing information for this port can be exported.
WARNING: [Route 35-198] Port "p_7[0]" does not have an associated HD.PARTPIN_LOCS, which will prevent the partial routing of the signal "p_7[0]". Without this partial route, timing analysis to/from this port will not be accurate, and no routing information for this port can be exported.
WARNING: [Route 35-198] Port "p_7[5]" does not have an associated HD.PARTPIN_LOCS, which will prevent the partial routing of the signal "p_7[5]". Without this partial route, timing analysis to/from this port will not be accurate, and no routing information for this port can be exported.
WARNING: [Route 35-198] Port "p_7[6]" does not have an associated HD.PARTPIN_LOCS, which will prevent the partial routing of the signal "p_7[6]". Without this partial route, timing analysis to/from this port will not be accurate, and no routing information for this port can be exported.
WARNING: [Route 35-198] Port "p_7[1]" does not have an associated HD.PARTPIN_LOCS, which will prevent the partial routing of the signal "p_7[1]". Without this partial route, timing analysis to/from this port will not be accurate, and no routing information for this port can be exported.
WARNING: [Route 35-198] Port "p_7[2]" does not have an associated HD.PARTPIN_LOCS, which will prevent the partial routing of the signal "p_7[2]". Without this partial route, timing analysis to/from this port will not be accurate, and no routing information for this port can be exported.
WARNING: [Route 35-198] Port "p_7[3]" does not have an associated HD.PARTPIN_LOCS, which will prevent the partial routing of the signal "p_7[3]". Without this partial route, timing analysis to/from this port will not be accurate, and no routing information for this port can be exported.
WARNING: [Route 35-198] Port "p_7[4]" does not have an associated HD.PARTPIN_LOCS, which will prevent the partial routing of the signal "p_7[4]". Without this partial route, timing analysis to/from this port will not be accurate, and no routing information for this port can be exported.
WARNING: [Route 35-198] Port "p_13[3]" does not have an associated HD.PARTPIN_LOCS, which will prevent the partial routing of the signal "p_13[3]". Without this partial route, timing analysis to/from this port will not be accurate, and no routing information for this port can be exported.
WARNING: [Route 35-198] Port "p_13[2]" does not have an associated HD.PARTPIN_LOCS, which will prevent the partial routing of the signal "p_13[2]". Without this partial route, timing analysis to/from this port will not be accurate, and no routing information for this port can be exported.
WARNING: [Route 35-198] Port "p_13[1]" does not have an associated HD.PARTPIN_LOCS, which will prevent the partial routing of the signal "p_13[1]". Without this partial route, timing analysis to/from this port will not be accurate, and no routing information for this port can be exported.
WARNING: [Route 35-198] Port "p_13[0]" does not have an associated HD.PARTPIN_LOCS, which will prevent the partial routing of the signal "p_13[0]". Without this partial route, timing analysis to/from this port will not be accurate, and no routing information for this port can be exported.
WARNING: [Route 35-198] Port "p_13[7]" does not have an associated HD.PARTPIN_LOCS, which will prevent the partial routing of the signal "p_13[7]". Without this partial route, timing analysis to/from this port will not be accurate, and no routing information for this port can be exported.
WARNING: [Route 35-198] Port "p_13[6]" does not have an associated HD.PARTPIN_LOCS, which will prevent the partial routing of the signal "p_13[6]". Without this partial route, timing analysis to/from this port will not be accurate, and no routing information for this port can be exported.
WARNING: [Route 35-198] Port "p_13[5]" does not have an associated HD.PARTPIN_LOCS, which will prevent the partial routing of the signal "p_13[5]". Without this partial route, timing analysis to/from this port will not be accurate, and no routing information for this port can be exported.
WARNING: [Route 35-198] Port "p_13[4]" does not have an associated HD.PARTPIN_LOCS, which will prevent the partial routing of the signal "p_13[4]". Without this partial route, timing analysis to/from this port will not be accurate, and no routing information for this port can be exported.
WARNING: [Route 35-198] Port "p_13[11]" does not have an associated HD.PARTPIN_LOCS, which will prevent the partial routing of the signal "p_13[11]". Without this partial route, timing analysis to/from this port will not be accurate, and no routing information for this port can be exported.
WARNING: [Route 35-198] Port "p_13[10]" does not have an associated HD.PARTPIN_LOCS, which will prevent the partial routing of the signal "p_13[10]". Without this partial route, timing analysis to/from this port will not be accurate, and no routing information for this port can be exported.
WARNING: [Route 35-198] Port "p_13[9]" does not have an associated HD.PARTPIN_LOCS, which will prevent the partial routing of the signal "p_13[9]". Without this partial route, timing analysis to/from this port will not be accurate, and no routing information for this port can be exported.
WARNING: [Route 35-198] Port "p_13[8]" does not have an associated HD.PARTPIN_LOCS, which will prevent the partial routing of the signal "p_13[8]". Without this partial route, timing analysis to/from this port will not be accurate, and no routing information for this port can be exported.
WARNING: [Route 35-198] Port "p_13[15]" does not have an associated HD.PARTPIN_LOCS, which will prevent the partial routing of the signal "p_13[15]". Without this partial route, timing analysis to/from this port will not be accurate, and no routing information for this port can be exported.
WARNING: [Route 35-198] Port "p_13[14]" does not have an associated HD.PARTPIN_LOCS, which will prevent the partial routing of the signal "p_13[14]". Without this partial route, timing analysis to/from this port will not be accurate, and no routing information for this port can be exported.
WARNING: [Route 35-198] Port "p_13[13]" does not have an associated HD.PARTPIN_LOCS, which will prevent the partial routing of the signal "p_13[13]". Without this partial route, timing analysis to/from this port will not be accurate, and no routing information for this port can be exported.
WARNING: [Route 35-198] Port "p_13[12]" does not have an associated HD.PARTPIN_LOCS, which will prevent the partial routing of the signal "p_13[12]". Without this partial route, timing analysis to/from this port will not be accurate, and no routing information for this port can be exported.
WARNING: [Route 35-198] Port "ap_ctrl_start" does not have an associated HD.PARTPIN_LOCS, which will prevent the partial routing of the signal "ap_ctrl_start". Without this partial route, timing analysis to/from this port will not be accurate, and no routing information for this port can be exported.
Phase 1 Build RT Design | Checksum: 1d9d2443c

Time (s): cpu = 00:00:13 ; elapsed = 00:00:10 . Memory (MB): peak = 3203.254 ; gain = 0.000 ; free physical = 86713 ; free virtual = 127129
Post Restoration Checksum: NetGraph: f3464062 NumContArr: e68c03da Constraints: 0 Timing: 0

Phase 2 Router Initialization

Phase 2.1 Create Timer
Phase 2.1 Create Timer | Checksum: 1d9d2443c

Time (s): cpu = 00:00:13 ; elapsed = 00:00:10 . Memory (MB): peak = 3208.055 ; gain = 4.801 ; free physical = 86682 ; free virtual = 127098

Phase 2.2 Fix Topology Constraints
Phase 2.2 Fix Topology Constraints | Checksum: 1d9d2443c

Time (s): cpu = 00:00:13 ; elapsed = 00:00:10 . Memory (MB): peak = 3217.055 ; gain = 13.801 ; free physical = 86687 ; free virtual = 127102

Phase 2.3 Pre Route Cleanup
Phase 2.3 Pre Route Cleanup | Checksum: 1d9d2443c

Time (s): cpu = 00:00:13 ; elapsed = 00:00:10 . Memory (MB): peak = 3217.055 ; gain = 13.801 ; free physical = 86678 ; free virtual = 127093
 Number of Nodes with overlaps = 0

Phase 2.4 Update Timing
Phase 2.4 Update Timing | Checksum: 1b6779142

Time (s): cpu = 00:00:15 ; elapsed = 00:00:11 . Memory (MB): peak = 3231.938 ; gain = 28.684 ; free physical = 86618 ; free virtual = 127034
INFO: [Route 35-416] Intermediate Timing Summary | WNS=0.747  | TNS=0.000  | WHS=0.104  | THS=0.000  |

Phase 2 Router Initialization | Checksum: 17c865d2d

Time (s): cpu = 00:00:17 ; elapsed = 00:00:11 . Memory (MB): peak = 3231.938 ; gain = 28.684 ; free physical = 86553 ; free virtual = 126969

Router Utilization Summary
  Global Vertical Routing Utilization    = 0 %
  Global Horizontal Routing Utilization  = 0 %
  Routable Net Status*
  *Does not include unroutable nets such as driverless and loadless.
  Run report_route_status for detailed report.
  Number of Failed Nets               = 6783
    (Failed Nets is the sum of unrouted and partially routed nets)
  Number of Unrouted Nets             = 6783
  Number of Partially Routed Nets     = 0
  Number of Node Overlaps             = 0


Phase 3 Initial Routing

Phase 3.1 Global Routing
Phase 3.1 Global Routing | Checksum: 17c865d2d

Time (s): cpu = 00:00:17 ; elapsed = 00:00:11 . Memory (MB): peak = 3236.289 ; gain = 33.035 ; free physical = 86535 ; free virtual = 126951
Phase 3 Initial Routing | Checksum: c7760050

Time (s): cpu = 00:00:19 ; elapsed = 00:00:12 . Memory (MB): peak = 3236.289 ; gain = 33.035 ; free physical = 86449 ; free virtual = 126865

Phase 4 Rip-up And Reroute

Phase 4.1 Global Iteration 0
 Number of Nodes with overlaps = 693
 Number of Nodes with overlaps = 143
 Number of Nodes with overlaps = 50
 Number of Nodes with overlaps = 20
 Number of Nodes with overlaps = 4
 Number of Nodes with overlaps = 1
 Number of Nodes with overlaps = 1
 Number of Nodes with overlaps = 0
INFO: [Route 35-416] Intermediate Timing Summary | WNS=1.238  | TNS=0.000  | WHS=N/A    | THS=N/A    |

Phase 4.1 Global Iteration 0 | Checksum: 1bea37c5c

Time (s): cpu = 00:00:25 ; elapsed = 00:00:15 . Memory (MB): peak = 3236.289 ; gain = 33.035 ; free physical = 85275 ; free virtual = 125690
Phase 4 Rip-up And Reroute | Checksum: 1bea37c5c

Time (s): cpu = 00:00:25 ; elapsed = 00:00:15 . Memory (MB): peak = 3236.289 ; gain = 33.035 ; free physical = 85273 ; free virtual = 125689

Phase 5 Delay and Skew Optimization

Phase 5.1 Delay CleanUp
Phase 5.1 Delay CleanUp | Checksum: 1bea37c5c

Time (s): cpu = 00:00:25 ; elapsed = 00:00:15 . Memory (MB): peak = 3236.289 ; gain = 33.035 ; free physical = 85279 ; free virtual = 125695

Phase 5.2 Clock Skew Optimization
Phase 5.2 Clock Skew Optimization | Checksum: 1bea37c5c

Time (s): cpu = 00:00:25 ; elapsed = 00:00:15 . Memory (MB): peak = 3236.289 ; gain = 33.035 ; free physical = 85283 ; free virtual = 125699
Phase 5 Delay and Skew Optimization | Checksum: 1bea37c5c

Time (s): cpu = 00:00:25 ; elapsed = 00:00:15 . Memory (MB): peak = 3236.289 ; gain = 33.035 ; free physical = 85283 ; free virtual = 125699

Phase 6 Post Hold Fix

Phase 6.1 Hold Fix Iter

Phase 6.1.1 Update Timing
Phase 6.1.1 Update Timing | Checksum: 1dc275af8

Time (s): cpu = 00:00:26 ; elapsed = 00:00:15 . Memory (MB): peak = 3236.289 ; gain = 33.035 ; free physical = 85247 ; free virtual = 125663
INFO: [Route 35-416] Intermediate Timing Summary | WNS=1.238  | TNS=0.000  | WHS=0.097  | THS=0.000  |

Phase 6.1 Hold Fix Iter | Checksum: 1dc275af8

Time (s): cpu = 00:00:26 ; elapsed = 00:00:15 . Memory (MB): peak = 3236.289 ; gain = 33.035 ; free physical = 85246 ; free virtual = 125661
Phase 6 Post Hold Fix | Checksum: 1dc275af8

Time (s): cpu = 00:00:26 ; elapsed = 00:00:15 . Memory (MB): peak = 3236.289 ; gain = 33.035 ; free physical = 85245 ; free virtual = 125660

Phase 7 Route finalize

Router Utilization Summary
  Global Vertical Routing Utilization    = 0.819561 %
  Global Horizontal Routing Utilization  = 1.46315 %
  Routable Net Status*
  *Does not include unroutable nets such as driverless and loadless.
  Run report_route_status for detailed report.
  Number of Failed Nets               = 0
    (Failed Nets is the sum of unrouted and partially routed nets)
  Number of Unrouted Nets             = 0
  Number of Partially Routed Nets     = 0
  Number of Node Overlaps             = 0

Phase 7 Route finalize | Checksum: 165c0a32d

Time (s): cpu = 00:00:26 ; elapsed = 00:00:15 . Memory (MB): peak = 3236.289 ; gain = 33.035 ; free physical = 85241 ; free virtual = 125656

Phase 8 Verifying routed nets

 Verification completed successfully
Phase 8 Verifying routed nets | Checksum: 165c0a32d

Time (s): cpu = 00:00:26 ; elapsed = 00:00:15 . Memory (MB): peak = 3236.289 ; gain = 33.035 ; free physical = 85238 ; free virtual = 125654

Phase 9 Depositing Routes
Phase 9 Depositing Routes | Checksum: 110fbbc54

Time (s): cpu = 00:00:26 ; elapsed = 00:00:16 . Memory (MB): peak = 3268.305 ; gain = 65.051 ; free physical = 85787 ; free virtual = 126202

Phase 10 Post Router Timing
INFO: [Route 35-57] Estimated Timing Summary | WNS=1.238  | TNS=0.000  | WHS=0.097  | THS=0.000  |

INFO: [Route 35-327] The final timing numbers are based on the router estimated timing analysis. For a complete and accurate timing signoff, please run report_timing_summary.
Phase 10 Post Router Timing | Checksum: 110fbbc54

Time (s): cpu = 00:00:26 ; elapsed = 00:00:16 . Memory (MB): peak = 3268.305 ; gain = 65.051 ; free physical = 85678 ; free virtual = 126094
INFO: [Route 35-16] Router Completed Successfully

Time (s): cpu = 00:00:26 ; elapsed = 00:00:16 . Memory (MB): peak = 3268.305 ; gain = 65.051 ; free physical = 85672 ; free virtual = 126088

Routing Is Done.
INFO: [Common 17-83] Releasing license: Implementation
88 Infos, 53 Warnings, 0 Critical Warnings and 0 Errors encountered.
route_design completed successfully
route_design: Time (s): cpu = 00:00:30 ; elapsed = 00:00:18 . Memory (MB): peak = 3268.305 ; gain = 93.668 ; free physical = 85668 ; free virtual = 126083
INFO: [Timing 38-480] Writing timing data to binary archive.
Writing placer database...
Writing XDEF routing.
Writing XDEF routing logical nets.
Writing XDEF routing special nets.
Write XDEF Complete: Time (s): cpu = 00:00:00.89 ; elapsed = 00:00:00.28 . Memory (MB): peak = 3268.305 ; gain = 0.000 ; free physical = 85112 ; free virtual = 125539
INFO: [Common 17-1381] The checkpoint '/home/nanwu/GNN_DFG/bb/dfg_54/project_tmp/solution_tmp/impl/verilog/project.runs/impl_1/bd_0_wrapper_routed.dcp' has been generated.
INFO: [runtcl-4] Executing : report_drc -file bd_0_wrapper_drc_routed.rpt -pb bd_0_wrapper_drc_routed.pb -rpx bd_0_wrapper_drc_routed.rpx
Command: report_drc -file bd_0_wrapper_drc_routed.rpt -pb bd_0_wrapper_drc_routed.pb -rpx bd_0_wrapper_drc_routed.rpx
INFO: [IP_Flow 19-1839] IP Catalog is up to date.
WARNING: [Timing 38-242] The property HD.CLK_SRC of clock port "ap_clk" is not set. In out-of-context mode, this prevents timing estimation for clock delay/skew
Resolution: Set the HD.CLK_SRC property of the out-of-context port to the location of the clock buffer instance in the top-level design
INFO: [DRC 23-27] Running DRC with 8 threads
INFO: [Coretcl 2-168] The results of DRC are in file /home/nanwu/GNN_DFG/bb/dfg_54/project_tmp/solution_tmp/impl/verilog/project.runs/impl_1/bd_0_wrapper_drc_routed.rpt.
report_drc completed successfully
INFO: [runtcl-4] Executing : report_methodology -file bd_0_wrapper_methodology_drc_routed.rpt -pb bd_0_wrapper_methodology_drc_routed.pb -rpx bd_0_wrapper_methodology_drc_routed.rpx
Command: report_methodology -file bd_0_wrapper_methodology_drc_routed.rpt -pb bd_0_wrapper_methodology_drc_routed.pb -rpx bd_0_wrapper_methodology_drc_routed.rpx
INFO: [Timing 38-35] Done setting XDC timing constraints.
INFO: [DRC 23-133] Running Methodology with 8 threads
INFO: [Coretcl 2-1520] The results of Report Methodology are in file /home/nanwu/GNN_DFG/bb/dfg_54/project_tmp/solution_tmp/impl/verilog/project.runs/impl_1/bd_0_wrapper_methodology_drc_routed.rpt.
report_methodology completed successfully
INFO: [runtcl-4] Executing : report_power -file bd_0_wrapper_power_routed.rpt -pb bd_0_wrapper_power_summary_routed.pb -rpx bd_0_wrapper_power_routed.rpx
Command: report_power -file bd_0_wrapper_power_routed.rpt -pb bd_0_wrapper_power_summary_routed.pb -rpx bd_0_wrapper_power_routed.rpx
INFO: [Timing 38-35] Done setting XDC timing constraints.
Running Vector-less Activity Propagation...

Finished Running Vector-less Activity Propagation
100 Infos, 54 Warnings, 0 Critical Warnings and 0 Errors encountered.
report_power completed successfully
INFO: [runtcl-4] Executing : report_route_status -file bd_0_wrapper_route_status.rpt -pb bd_0_wrapper_route_status.pb
INFO: [runtcl-4] Executing : report_timing_summary -max_paths 10 -file bd_0_wrapper_timing_summary_routed.rpt -pb bd_0_wrapper_timing_summary_routed.pb -rpx bd_0_wrapper_timing_summary_routed.rpx -warn_on_violation 
INFO: [Timing 38-91] UpdateTimingParams: Speed grade: -1, Delay Type: min_max.
INFO: [Timing 38-191] Multithreading enabled for timing update using a maximum of 8 CPUs
INFO: [runtcl-4] Executing : report_incremental_reuse -file bd_0_wrapper_incremental_reuse_routed.rpt
INFO: [Vivado_Tcl 4-1062] Incremental flow is disabled. No incremental reuse Info to report.
INFO: [runtcl-4] Executing : report_clock_utilization -file bd_0_wrapper_clock_utilization_routed.rpt
INFO: [runtcl-4] Executing : report_bus_skew -warn_on_violation -file bd_0_wrapper_bus_skew_routed.rpt -pb bd_0_wrapper_bus_skew_routed.pb -rpx bd_0_wrapper_bus_skew_routed.rpx
INFO: [Timing 38-91] UpdateTimingParams: Speed grade: -1, Delay Type: min_max.
INFO: [Timing 38-191] Multithreading enabled for timing update using a maximum of 8 CPUs
INFO: [Common 17-206] Exiting Vivado at Thu Apr 15 01:19:36 2021...
