Copyright 1986-2020 Xilinx, Inc. All Rights Reserved.
------------------------------------------------------------------------------------
| Tool Version : Vivado v.2020.2 (lin64) Build 3064766 Wed Nov 18 09:12:47 MST 2020
| Date         : Tue Apr 27 10:39:11 2021
| Host         : seal-lambda running 64-bit Ubuntu 18.04.5 LTS
| Command      : report_timing_summary -file ./report/fn1_timing_routed.rpt
| Design       : bd_0_wrapper
| Device       : 7z020-clg484
| Speed File   : -1  PRODUCTION 1.12 2019-11-22
------------------------------------------------------------------------------------

Timing Summary Report

------------------------------------------------------------------------------------------------
| Timer Settings
| --------------
------------------------------------------------------------------------------------------------

  Enable Multi Corner Analysis               :  Yes
  Enable Pessimism Removal                   :  Yes
  Pessimism Removal Resolution               :  Nearest Common Node
  Enable Input Delay Default Clock           :  No
  Enable Preset / Clear Arcs                 :  No
  Disable Flight Delays                      :  No
  Ignore I/O Paths                           :  No
  Timing Early Launch at Borrowing Latches   :  No
  Borrow Time for Max Delay Exceptions       :  Yes
  Merge Timing Exceptions                    :  Yes

  Corner  Analyze    Analyze    
  Name    Max Paths  Min Paths  
  ------  ---------  ---------  
  Slow    Yes        Yes        
  Fast    Yes        Yes        



check_timing report

Table of Contents
-----------------
1. checking no_clock (0)
2. checking constant_clock (0)
3. checking pulse_width_clock (0)
4. checking unconstrained_internal_endpoints (0)
5. checking no_input_delay (98)
6. checking no_output_delay (19)
7. checking multiple_clock (0)
8. checking generated_clocks (0)
9. checking loops (0)
10. checking partial_input_delay (0)
11. checking partial_output_delay (0)
12. checking latch_loops (0)

1. checking no_clock (0)
------------------------
 There are 0 register/latch pins with no clock.


2. checking constant_clock (0)
------------------------------
 There are 0 register/latch pins with constant_clock.


3. checking pulse_width_clock (0)
---------------------------------
 There are 0 register/latch pins which need pulse_width check


4. checking unconstrained_internal_endpoints (0)
------------------------------------------------
 There are 0 pins that are not constrained for maximum delay.

 There are 0 pins that are not constrained for maximum delay due to constant clock.


5. checking no_input_delay (98)
-------------------------------
 There are 98 input ports with no input delay specified. (HIGH)

 There are 0 input ports with no input delay but user has a false path constraint.


6. checking no_output_delay (19)
--------------------------------
 There are 19 ports with no output delay specified. (HIGH)

 There are 0 ports with no output delay but user has a false path constraint

 There are 0 ports with no output delay but with a timing clock defined on it or propagating through it


7. checking multiple_clock (0)
------------------------------
 There are 0 register/latch pins with multiple clocks.


8. checking generated_clocks (0)
--------------------------------
 There are 0 generated clocks that are not connected to a clock source.


9. checking loops (0)
---------------------
 There are 0 combinational loops in the design.


10. checking partial_input_delay (0)
------------------------------------
 There are 0 input ports with partial input delay specified.


11. checking partial_output_delay (0)
-------------------------------------
 There are 0 ports with partial output delay specified.


12. checking latch_loops (0)
----------------------------
 There are 0 combinational latch loops in the design through latch input



------------------------------------------------------------------------------------------------
| Design Timing Summary
| ---------------------
------------------------------------------------------------------------------------------------

    WNS(ns)      TNS(ns)  TNS Failing Endpoints  TNS Total Endpoints      WHS(ns)      THS(ns)  THS Failing Endpoints  THS Total Endpoints     WPWS(ns)     TPWS(ns)  TPWS Failing Endpoints  TPWS Total Endpoints  
    -------      -------  ---------------------  -------------------      -------      -------  ---------------------  -------------------     --------     --------  ----------------------  --------------------  
      1.688        0.000                      0                 1525        0.097        0.000                      0                 1525        4.020        0.000                       0                  1115  


All user specified timing constraints are met.


------------------------------------------------------------------------------------------------
| Clock Summary
| -------------
------------------------------------------------------------------------------------------------

Clock   Waveform(ns)       Period(ns)      Frequency(MHz)
-----   ------------       ----------      --------------
ap_clk  {0.000 5.000}      10.000          100.000         


------------------------------------------------------------------------------------------------
| Intra Clock Table
| -----------------
------------------------------------------------------------------------------------------------

Clock             WNS(ns)      TNS(ns)  TNS Failing Endpoints  TNS Total Endpoints      WHS(ns)      THS(ns)  THS Failing Endpoints  THS Total Endpoints     WPWS(ns)     TPWS(ns)  TPWS Failing Endpoints  TPWS Total Endpoints  
-----             -------      -------  ---------------------  -------------------      -------      -------  ---------------------  -------------------     --------     --------  ----------------------  --------------------  
ap_clk              1.688        0.000                      0                 1525        0.097        0.000                      0                 1525        4.020        0.000                       0                  1115  


------------------------------------------------------------------------------------------------
| Inter Clock Table
| -----------------
------------------------------------------------------------------------------------------------

From Clock    To Clock          WNS(ns)      TNS(ns)  TNS Failing Endpoints  TNS Total Endpoints      WHS(ns)      THS(ns)  THS Failing Endpoints  THS Total Endpoints  
----------    --------          -------      -------  ---------------------  -------------------      -------      -------  ---------------------  -------------------  


------------------------------------------------------------------------------------------------
| Other Path Groups Table
| -----------------------
------------------------------------------------------------------------------------------------

Path Group    From Clock    To Clock          WNS(ns)      TNS(ns)  TNS Failing Endpoints  TNS Total Endpoints      WHS(ns)      THS(ns)  THS Failing Endpoints  THS Total Endpoints  
----------    ----------    --------          -------      -------  ---------------------  -------------------      -------      -------  ---------------------  -------------------  


------------------------------------------------------------------------------------------------
| Timing Details
| --------------
------------------------------------------------------------------------------------------------


---------------------------------------------------------------------------------------------------
From Clock:  ap_clk
  To Clock:  ap_clk

Setup :            0  Failing Endpoints,  Worst Slack        1.688ns,  Total Violation        0.000ns
Hold  :            0  Failing Endpoints,  Worst Slack        0.097ns,  Total Violation        0.000ns
PW    :            0  Failing Endpoints,  Worst Slack        4.020ns,  Total Violation        0.000ns
---------------------------------------------------------------------------------------------------


Max Delay Paths
--------------------------------------------------------------------------------------
Slack (MET) :             1.688ns  (required time - arrival time)
  Source:                 bd_0_i/hls_inst/inst/faddfsub_32ns_32ns_32_5_full_dsp_1_U1/fn1_ap_faddfsub_3_full_dsp_32_u/inst/i_synth/ADDSUB_OP.ADDSUB/DSP.OP/DSP48E1_BODY.EXP/BMA_EXP_DELAY/i_pipe/opt_has_pipe.first_q_reg[3]/C
                            (rising edge-triggered cell FDRE clocked by ap_clk  {rise@0.000ns fall@5.000ns period=10.000ns})
  Destination:            bd_0_i/hls_inst/inst/faddfsub_32ns_32ns_32_5_full_dsp_1_U1/fn1_ap_faddfsub_3_full_dsp_32_u/inst/i_synth/ADDSUB_OP.ADDSUB/DSP.OP/DSP48E1_BODY.ALIGN_ADD/DSP2/i_no_versal_es1_workaround.DSP/INMODE[1]
                            (rising edge-triggered cell DSP48E1 clocked by ap_clk  {rise@0.000ns fall@5.000ns period=10.000ns})
  Path Group:             ap_clk
  Path Type:              Setup (Max at Slow Process Corner)
  Requirement:            10.000ns  (ap_clk rise@10.000ns - ap_clk rise@0.000ns)
  Data Path Delay:        2.671ns  (logic 0.642ns (24.036%)  route 2.029ns (75.964%))
  Logic Levels:           1  (LUT6=1)
  Clock Path Skew:        -0.049ns (DCD - SCD + CPR)
    Destination Clock Delay (DCD):    0.924ns = ( 10.924 - 10.000 ) 
    Source Clock Delay      (SCD):    0.973ns
    Clock Pessimism Removal (CPR):    0.000ns
  Clock Uncertainty:      0.035ns  ((TSJ^2 + TIJ^2)^1/2 + DJ) / 2 + PE
    Total System Jitter     (TSJ):    0.071ns
    Total Input Jitter      (TIJ):    0.000ns
    Discrete Jitter          (DJ):    0.000ns
    Phase Error              (PE):    0.000ns

    Location             Delay type                Incr(ns)  Path(ns)    Netlist Resource(s)
  -------------------------------------------------------------------    -------------------
                         (clock ap_clk rise edge)     0.000     0.000 r  
                                                      0.000     0.000 r  ap_clk (IN)
                         net (fo=1117, unset)         0.973     0.973    bd_0_i/hls_inst/inst/faddfsub_32ns_32ns_32_5_full_dsp_1_U1/fn1_ap_faddfsub_3_full_dsp_32_u/inst/i_synth/ADDSUB_OP.ADDSUB/DSP.OP/DSP48E1_BODY.EXP/BMA_EXP_DELAY/i_pipe/aclk
    SLICE_X32Y44         FDRE                                         r  bd_0_i/hls_inst/inst/faddfsub_32ns_32ns_32_5_full_dsp_1_U1/fn1_ap_faddfsub_3_full_dsp_32_u/inst/i_synth/ADDSUB_OP.ADDSUB/DSP.OP/DSP48E1_BODY.EXP/BMA_EXP_DELAY/i_pipe/opt_has_pipe.first_q_reg[3]/C
  -------------------------------------------------------------------    -------------------
    SLICE_X32Y44         FDRE (Prop_fdre_C_Q)         0.518     1.491 r  bd_0_i/hls_inst/inst/faddfsub_32ns_32ns_32_5_full_dsp_1_U1/fn1_ap_faddfsub_3_full_dsp_32_u/inst/i_synth/ADDSUB_OP.ADDSUB/DSP.OP/DSP48E1_BODY.EXP/BMA_EXP_DELAY/i_pipe/opt_has_pipe.first_q_reg[3]/Q
                         net (fo=20, routed)          1.314     2.805    bd_0_i/hls_inst/inst/faddfsub_32ns_32ns_32_5_full_dsp_1_U1/fn1_ap_faddfsub_3_full_dsp_32_u/inst/i_synth/ADDSUB_OP.ADDSUB/DSP.OP/DSP48E1_BODY.EXP/BMA_EXP_DELAY/i_pipe/opt_has_pipe.first_q_reg_n_0_[3]
    SLICE_X39Y42         LUT6 (Prop_lut6_I1_O)        0.124     2.929 r  bd_0_i/hls_inst/inst/faddfsub_32ns_32ns_32_5_full_dsp_1_U1/fn1_ap_faddfsub_3_full_dsp_32_u/inst/i_synth/ADDSUB_OP.ADDSUB/DSP.OP/DSP48E1_BODY.EXP/BMA_EXP_DELAY/i_pipe/i_no_versal_es1_workaround.DSP_i_64/O
                         net (fo=2, routed)           0.715     3.644    bd_0_i/hls_inst/inst/faddfsub_32ns_32ns_32_5_full_dsp_1_U1/fn1_ap_faddfsub_3_full_dsp_32_u/inst/i_synth/ADDSUB_OP.ADDSUB/DSP.OP/DSP48E1_BODY.ALIGN_ADD/DSP2/INMODE[0]
    DSP48_X2Y16          DSP48E1                                      r  bd_0_i/hls_inst/inst/faddfsub_32ns_32ns_32_5_full_dsp_1_U1/fn1_ap_faddfsub_3_full_dsp_32_u/inst/i_synth/ADDSUB_OP.ADDSUB/DSP.OP/DSP48E1_BODY.ALIGN_ADD/DSP2/i_no_versal_es1_workaround.DSP/INMODE[1]
  -------------------------------------------------------------------    -------------------

                         (clock ap_clk rise edge)    10.000    10.000 r  
                                                      0.000    10.000 r  ap_clk (IN)
                         net (fo=1117, unset)         0.924    10.924    bd_0_i/hls_inst/inst/faddfsub_32ns_32ns_32_5_full_dsp_1_U1/fn1_ap_faddfsub_3_full_dsp_32_u/inst/i_synth/ADDSUB_OP.ADDSUB/DSP.OP/DSP48E1_BODY.ALIGN_ADD/DSP2/aclk
    DSP48_X2Y16          DSP48E1                                      r  bd_0_i/hls_inst/inst/faddfsub_32ns_32ns_32_5_full_dsp_1_U1/fn1_ap_faddfsub_3_full_dsp_32_u/inst/i_synth/ADDSUB_OP.ADDSUB/DSP.OP/DSP48E1_BODY.ALIGN_ADD/DSP2/i_no_versal_es1_workaround.DSP/CLK
                         clock pessimism              0.000    10.924    
                         clock uncertainty           -0.035    10.889    
    DSP48_X2Y16          DSP48E1 (Setup_dsp48e1_CLK_INMODE[1])
                                                     -5.557     5.332    bd_0_i/hls_inst/inst/faddfsub_32ns_32ns_32_5_full_dsp_1_U1/fn1_ap_faddfsub_3_full_dsp_32_u/inst/i_synth/ADDSUB_OP.ADDSUB/DSP.OP/DSP48E1_BODY.ALIGN_ADD/DSP2/i_no_versal_es1_workaround.DSP
  -------------------------------------------------------------------
                         required time                          5.332    
                         arrival time                          -3.644    
  -------------------------------------------------------------------
                         slack                                  1.688    





Min Delay Paths
--------------------------------------------------------------------------------------
Slack (MET) :             0.097ns  (arrival time - required time)
  Source:                 bd_0_i/hls_inst/inst/uitofp_32s_32_6_no_dsp_1_U3/fn1_ap_uitofp_4_no_dsp_32_u/inst/i_synth/FIX_TO_FLT_OP.SPD.OP/ROUND/LOGIC.RND2/Q_DEL/i_pipe/opt_has_pipe.first_q_reg[8]/C
                            (rising edge-triggered cell FDRE clocked by ap_clk  {rise@0.000ns fall@5.000ns period=10.000ns})
  Destination:            bd_0_i/hls_inst/inst/uitofp_32s_32_6_no_dsp_1_U3/fn1_ap_uitofp_4_no_dsp_32_u/inst/i_synth/FIX_TO_FLT_OP.SPD.OP/OP/RESULT_REG.NORMAL.mant_op_reg[20]/D
                            (rising edge-triggered cell FDRE clocked by ap_clk  {rise@0.000ns fall@5.000ns period=10.000ns})
  Path Group:             ap_clk
  Path Type:              Hold (Min at Fast Process Corner)
  Requirement:            0.000ns  (ap_clk rise@0.000ns - ap_clk rise@0.000ns)
  Data Path Delay:        0.197ns  (logic 0.141ns (71.611%)  route 0.056ns (28.389%))
  Logic Levels:           0  
  Clock Path Skew:        0.022ns (DCD - SCD - CPR)
    Destination Clock Delay (DCD):    0.432ns
    Source Clock Delay      (SCD):    0.410ns
    Clock Pessimism Removal (CPR):    -0.000ns

    Location             Delay type                Incr(ns)  Path(ns)    Netlist Resource(s)
  -------------------------------------------------------------------    -------------------
                         (clock ap_clk rise edge)     0.000     0.000 r  
                                                      0.000     0.000 r  ap_clk (IN)
                         net (fo=1117, unset)         0.410     0.410    bd_0_i/hls_inst/inst/uitofp_32s_32_6_no_dsp_1_U3/fn1_ap_uitofp_4_no_dsp_32_u/inst/i_synth/FIX_TO_FLT_OP.SPD.OP/ROUND/LOGIC.RND2/Q_DEL/i_pipe/aclk
    SLICE_X41Y42         FDRE                                         r  bd_0_i/hls_inst/inst/uitofp_32s_32_6_no_dsp_1_U3/fn1_ap_uitofp_4_no_dsp_32_u/inst/i_synth/FIX_TO_FLT_OP.SPD.OP/ROUND/LOGIC.RND2/Q_DEL/i_pipe/opt_has_pipe.first_q_reg[8]/C
  -------------------------------------------------------------------    -------------------
    SLICE_X41Y42         FDRE (Prop_fdre_C_Q)         0.141     0.551 r  bd_0_i/hls_inst/inst/uitofp_32s_32_6_no_dsp_1_U3/fn1_ap_uitofp_4_no_dsp_32_u/inst/i_synth/FIX_TO_FLT_OP.SPD.OP/ROUND/LOGIC.RND2/Q_DEL/i_pipe/opt_has_pipe.first_q_reg[8]/Q
                         net (fo=1, routed)           0.056     0.607    bd_0_i/hls_inst/inst/uitofp_32s_32_6_no_dsp_1_U3/fn1_ap_uitofp_4_no_dsp_32_u/inst/i_synth/FIX_TO_FLT_OP.SPD.OP/OP/MANT[20]
    SLICE_X41Y42         FDRE                                         r  bd_0_i/hls_inst/inst/uitofp_32s_32_6_no_dsp_1_U3/fn1_ap_uitofp_4_no_dsp_32_u/inst/i_synth/FIX_TO_FLT_OP.SPD.OP/OP/RESULT_REG.NORMAL.mant_op_reg[20]/D
  -------------------------------------------------------------------    -------------------

                         (clock ap_clk rise edge)     0.000     0.000 r  
                                                      0.000     0.000 r  ap_clk (IN)
                         net (fo=1117, unset)         0.432     0.432    bd_0_i/hls_inst/inst/uitofp_32s_32_6_no_dsp_1_U3/fn1_ap_uitofp_4_no_dsp_32_u/inst/i_synth/FIX_TO_FLT_OP.SPD.OP/OP/aclk
    SLICE_X41Y42         FDRE                                         r  bd_0_i/hls_inst/inst/uitofp_32s_32_6_no_dsp_1_U3/fn1_ap_uitofp_4_no_dsp_32_u/inst/i_synth/FIX_TO_FLT_OP.SPD.OP/OP/RESULT_REG.NORMAL.mant_op_reg[20]/C
                         clock pessimism              0.000     0.432    
    SLICE_X41Y42         FDRE (Hold_fdre_C_D)         0.078     0.510    bd_0_i/hls_inst/inst/uitofp_32s_32_6_no_dsp_1_U3/fn1_ap_uitofp_4_no_dsp_32_u/inst/i_synth/FIX_TO_FLT_OP.SPD.OP/OP/RESULT_REG.NORMAL.mant_op_reg[20]
  -------------------------------------------------------------------
                         required time                         -0.510    
                         arrival time                           0.607    
  -------------------------------------------------------------------
                         slack                                  0.097    





Pulse Width Checks
--------------------------------------------------------------------------------------
Clock Name:         ap_clk
Waveform(ns):       { 0.000 5.000 }
Period(ns):         10.000
Sources:            { ap_clk }

Check Type        Corner  Lib Pin      Reference Pin  Required(ns)  Actual(ns)  Slack(ns)  Location      Pin
Min Period        n/a     DSP48E1/CLK  n/a            2.545         10.000      7.455      DSP48_X2Y12   bd_0_i/hls_inst/inst/fmul_32ns_32ns_32_4_max_dsp_1_U2/fn1_ap_fmul_2_max_dsp_32_u/inst/i_synth/MULT.OP/i_non_prim.MULT/DSP48E1_SPD_SGL_VARIANT.FIX_MULT/DSP1/i_no_versal_es1_workaround.DSP/CLK
Low Pulse Width   Fast    SRL16E/CLK   n/a            0.980         5.000       4.020      SLICE_X42Y46  bd_0_i/hls_inst/inst/sitofp_64ns_32_6_no_dsp_1_U4/fn1_ap_sitofp_4_no_dsp_64_u/inst/i_synth/FIX_TO_FLT_OP.SPD.OP/EXP/a_is_signed.IP_SIGN_DELAY/i_pipe/opt_has_pipe.i_pipe[3].pipe_reg[3][0]_srl3/CLK
High Pulse Width  Slow    SRL16E/CLK   n/a            0.980         5.000       4.020      SLICE_X42Y46  bd_0_i/hls_inst/inst/sitofp_64ns_32_6_no_dsp_1_U4/fn1_ap_sitofp_4_no_dsp_64_u/inst/i_synth/FIX_TO_FLT_OP.SPD.OP/EXP/a_is_signed.IP_SIGN_DELAY/i_pipe/opt_has_pipe.i_pipe[3].pipe_reg[3][0]_srl3/CLK



