

================================================================
== Vitis HLS Report for 'fn1'
================================================================
* Date:           Thu Apr 15 13:05:04 2021

* Version:        2020.2 (Build 3064766 on Wed Nov 18 09:12:47 MST 2020)
* Project:        project_tmp
* Solution:       solution_tmp (Vivado IP Flow Target)
* Product family: zynq
* Target device:  xc7z020-clg484-1


================================================================
== Performance Estimates
================================================================
+ Timing: 
    * Summary: 
    +--------+----------+----------+------------+
    |  Clock |  Target  | Estimated| Uncertainty|
    +--------+----------+----------+------------+
    |ap_clk  |  10.00 ns|  7.256 ns|     2.70 ns|
    +--------+----------+----------+------------+

+ Latency: 
    * Summary: 
    +---------+---------+----------+----------+-----+-----+---------+
    |  Latency (cycles) |  Latency (absolute) |  Interval | Pipeline|
    |   min   |   max   |    min   |    max   | min | max |   Type  |
    +---------+---------+----------+----------+-----+-----+---------+
    |       37|       37|  0.370 us|  0.370 us|   38|   38|     none|
    +---------+---------+----------+----------+-----+-----+---------+

    + Detail: 
        * Instance: 
        N/A

        * Loop: 
        N/A



================================================================
== Utilization Estimates
================================================================
* Summary: 
+-----------------+---------+-----+--------+-------+-----+
|       Name      | BRAM_18K| DSP |   FF   |  LUT  | URAM|
+-----------------+---------+-----+--------+-------+-----+
|DSP              |        -|    -|       -|      -|    -|
|Expression       |        -|    -|       0|   2491|    -|
|FIFO             |        -|    -|       -|      -|    -|
|Instance         |        -|    2|     378|    444|    -|
|Memory           |        -|    -|       -|      -|    -|
|Multiplexer      |        -|    -|       -|    186|    -|
|Register         |        -|    -|     587|      -|    -|
+-----------------+---------+-----+--------+-------+-----+
|Total            |        0|    2|     965|   3121|    0|
+-----------------+---------+-----+--------+-------+-----+
|Available        |      280|  220|  106400|  53200|    0|
+-----------------+---------+-----+--------+-------+-----+
|Utilization (%)  |        0|   ~0|      ~0|      5|    0|
+-----------------+---------+-----+--------+-------+-----+

+ Detail: 
    * Instance: 
    +-----------------------------------+--------------------------------+---------+----+-----+-----+-----+
    |              Instance             |             Module             | BRAM_18K| DSP|  FF | LUT | URAM|
    +-----------------------------------+--------------------------------+---------+----+-----+-----+-----+
    |fadd_32ns_32ns_32_5_full_dsp_1_U1  |fadd_32ns_32ns_32_5_full_dsp_1  |        0|   2|  205|  390|    0|
    |fdiv_32ns_32ns_32_16_no_dsp_1_U2   |fdiv_32ns_32ns_32_16_no_dsp_1   |        0|   0|    0|    0|    0|
    |mul_32s_34ns_65_2_1_U5             |mul_32s_34ns_65_2_1             |        0|   0|  173|   54|    0|
    |sitofp_64s_32_6_no_dsp_1_U4        |sitofp_64s_32_6_no_dsp_1        |        0|   0|    0|    0|    0|
    |uitofp_32ns_32_6_no_dsp_1_U3       |uitofp_32ns_32_6_no_dsp_1       |        0|   0|    0|    0|    0|
    +-----------------------------------+--------------------------------+---------+----+-----+-----+-----+
    |Total                              |                                |        0|   2|  378|  444|    0|
    +-----------------------------------+--------------------------------+---------+----+-----+-----+-----+

    * DSP: 
    N/A

    * Memory: 
    N/A

    * FIFO: 
    N/A

    * Expression: 
    +-------------------------+----------+----+---+-----+------------+------------+
    |      Variable Name      | Operation| DSP| FF| LUT | Bitwidth P0| Bitwidth P1|
    +-------------------------+----------+----+---+-----+------------+------------+
    |add_ln23_fu_225_p2       |         +|   0|  0|   41|          34|           9|
    |add_ln25_fu_527_p2       |         +|   0|  0|   32|          32|          32|
    |add_ln341_1_fu_331_p2    |         +|   0|  0|   14|           9|           8|
    |add_ln341_2_fu_561_p2    |         +|   0|  0|   14|           9|           8|
    |add_ln341_fu_297_p2      |         +|   0|  0|   14|           9|           8|
    |result_V_2_fu_653_p2     |         -|   0|  0|   71|           1|          64|
    |sub_ln1311_1_fu_345_p2   |         -|   0|  0|   15|           7|           8|
    |sub_ln1311_2_fu_575_p2   |         -|   0|  0|   15|           7|           8|
    |sub_ln1311_fu_311_p2     |         -|   0|  0|   15|           7|           8|
    |sub_ln22_1_fu_196_p2     |         -|   0|  0|   39|           1|          32|
    |sub_ln22_fu_167_p2       |         -|   0|  0|   72|           1|          65|
    |sub_ln25_fu_523_p2       |         -|   0|  0|   32|          32|          32|
    |and_ln23_fu_455_p2       |       and|   0|  0|    2|           2|           2|
    |v_7_fu_465_p2            |       and|   0|  0|   32|          32|          32|
    |icmp_ln24_1_fu_441_p2    |      icmp|   0|  0|   18|          32|           1|
    |icmp_ln24_fu_253_p2      |      icmp|   0|  0|   18|          32|           1|
    |r_V_2_fu_482_p2          |      lshr|   0|  0|  242|          79|          79|
    |r_V_4_fu_612_p2          |      lshr|   0|  0|  363|         111|         111|
    |r_V_fu_391_p2            |      lshr|   0|  0|  242|          79|          79|
    |ap_return                |    select|   0|  0|   64|           1|          64|
    |select_ln22_1_fu_202_p3  |    select|   0|  0|   32|           1|          32|
    |select_ln22_fu_189_p3    |    select|   0|  0|   32|           1|          32|
    |select_ln23_fu_447_p3    |    select|   0|  0|    2|           1|           2|
    |ush_1_fu_354_p3          |    select|   0|  0|    9|           1|           9|
    |ush_2_fu_584_p3          |    select|   0|  0|    9|           1|           9|
    |ush_fu_320_p3            |    select|   0|  0|    9|           1|           9|
    |val_1_fu_516_p3          |    select|   0|  0|   32|           1|          32|
    |val_2_fu_646_p3          |    select|   0|  0|   64|           1|          64|
    |val_fu_425_p3            |    select|   0|  0|   32|           1|          32|
    |r_V_1_fu_397_p2          |       shl|   0|  0|  242|          79|          79|
    |r_V_3_fu_488_p2          |       shl|   0|  0|  242|          79|          79|
    |r_V_5_fu_618_p2          |       shl|   0|  0|  363|         111|         111|
    |xor_ln22_fu_242_p2       |       xor|   0|  0|   33|          32|          33|
    |xor_ln23_fu_215_p2       |       xor|   0|  0|   33|          33|          33|
    |xor_ln24_fu_435_p2       |       xor|   0|  0|    2|           2|           2|
    +-------------------------+----------+----+---+-----+------------+------------+
    |Total                    |          |   0|  0| 2491|         862|        1209|
    +-------------------------+----------+----+---+-----+------------+------------+

    * Multiplexer: 
    +---------------+-----+-----------+-----+-----------+
    |      Name     | LUT | Input Size| Bits| Total Bits|
    +---------------+-----+-----------+-----+-----------+
    |ap_NS_fsm      |  172|         39|    1|         39|
    |grp_fu_136_p0  |   14|          3|   64|        192|
    +---------------+-----+-----------+-----+-----------+
    |Total          |  186|         42|   65|        231|
    +---------------+-----+-----------+-----+-----------+

    * Register: 
    +---------------------+----+----+-----+-----------+
    |         Name        | FF | LUT| Bits| Const Bits|
    +---------------------+----+----+-----+-----------+
    |add1_reg_736         |  32|   0|   32|          0|
    |add_ln23_reg_711     |  34|   0|   34|          0|
    |add_ln25_reg_803     |  32|   0|   32|          0|
    |add_reg_731          |  32|   0|   32|          0|
    |ap_CS_fsm            |  38|   0|   38|          0|
    |data_V_reg_716       |  32|   0|   32|          0|
    |icmp_ln24_reg_746    |   1|   0|    1|          0|
    |isNeg_1_reg_783      |   1|   0|    1|          0|
    |isNeg_2_reg_824      |   1|   0|    1|          0|
    |isNeg_reg_773        |   1|   0|    1|          0|
    |mul_ln22_reg_681     |  65|   0|   65|          0|
    |p_Result_s_reg_808   |   1|   0|    1|          0|
    |sext_ln22_2_reg_691  |  32|   0|   32|          0|
    |sub_ln22_1_reg_696   |  32|   0|   32|          0|
    |tmp_22_reg_751       |   8|   0|    8|          0|
    |tmp_23_reg_757       |  23|   0|   23|          0|
    |tmp_24_reg_762       |   8|   0|    8|          0|
    |tmp_25_reg_768       |  23|   0|   23|          0|
    |tmp_26_reg_813       |   8|   0|    8|          0|
    |tmp_27_reg_819       |  23|   0|   23|          0|
    |tmp_7_reg_675        |   1|   0|    1|          0|
    |tmp_reg_686          |   4|   0|    4|          0|
    |ush_1_reg_788        |   9|   0|    9|          0|
    |ush_2_reg_829        |   9|   0|    9|          0|
    |ush_reg_778          |   9|   0|    9|          0|
    |v_7_reg_793          |  32|   0|   32|          0|
    |val_1_reg_798        |  32|   0|   32|          0|
    |val_2_reg_834        |  64|   0|   64|          0|
    +---------------------+----+----+-----+-----------+
    |Total                | 587|   0|  587|          0|
    +---------------------+----+----+-----+-----------+



================================================================
== Interface
================================================================
* Summary: 
+---------------+-----+-----+------------+--------------+--------------+
|   RTL Ports   | Dir | Bits|  Protocol  | Source Object|    C Type    |
+---------------+-----+-----+------------+--------------+--------------+
|ap_clk         |   in|    1|  ap_ctrl_hs|           fn1|  return value|
|ap_rst         |   in|    1|  ap_ctrl_hs|           fn1|  return value|
|ap_start       |   in|    1|  ap_ctrl_hs|           fn1|  return value|
|ap_done        |  out|    1|  ap_ctrl_hs|           fn1|  return value|
|ap_idle        |  out|    1|  ap_ctrl_hs|           fn1|  return value|
|ap_ready       |  out|    1|  ap_ctrl_hs|           fn1|  return value|
|ap_return      |  out|   64|  ap_ctrl_hs|           fn1|  return value|
|p              |   in|   32|     ap_none|             p|        scalar|
|p_11_address0  |  out|    4|   ap_memory|          p_11|         array|
|p_11_ce0       |  out|    1|   ap_memory|          p_11|         array|
|p_11_q0        |   in|   32|   ap_memory|          p_11|         array|
|p_13           |   in|   32|     ap_none|          p_13|        scalar|
|p_15           |   in|   32|     ap_none|          p_15|        scalar|
|p_17_address0  |  out|    1|   ap_memory|          p_17|         array|
|p_17_ce0       |  out|    1|   ap_memory|          p_17|         array|
|p_17_we0       |  out|    1|   ap_memory|          p_17|         array|
|p_17_d0        |  out|   64|   ap_memory|          p_17|         array|
|p_17_q0        |   in|   64|   ap_memory|          p_17|         array|
|p_17_address1  |  out|    1|   ap_memory|          p_17|         array|
|p_17_ce1       |  out|    1|   ap_memory|          p_17|         array|
|p_17_we1       |  out|    1|   ap_memory|          p_17|         array|
|p_17_d1        |  out|   64|   ap_memory|          p_17|         array|
|p_17_q1        |   in|   64|   ap_memory|          p_17|         array|
+---------------+-----+-----+------------+--------------+--------------+

