

================================================================
== Vitis HLS Report for 'fn1'
================================================================
* Date:           Mon Apr 12 07:14:36 2021

* Version:        2020.2 (Build 3064766 on Wed Nov 18 09:12:47 MST 2020)
* Project:        project_tmp
* Solution:       solution_tmp (Vivado IP Flow Target)
* Product family: zynq
* Target device:  xc7z020-clg484-1


================================================================
== Performance Estimates
================================================================
+ Timing: 
    * Summary: 
    +--------+----------+----------+------------+
    |  Clock |  Target  | Estimated| Uncertainty|
    +--------+----------+----------+------------+
    |ap_clk  |  10.00 ns|  7.256 ns|     2.70 ns|
    +--------+----------+----------+------------+

+ Latency: 
    * Summary: 
    +---------+---------+----------+----------+-----+-----+---------+
    |  Latency (cycles) |  Latency (absolute) |  Interval | Pipeline|
    |   min   |   max   |    min   |    max   | min | max |   Type  |
    +---------+---------+----------+----------+-----+-----+---------+
    |      106|      106|  1.060 us|  1.060 us|  107|  107|     none|
    +---------+---------+----------+----------+-----+-----+---------+

    + Detail: 
        * Instance: 
        N/A

        * Loop: 
        N/A



================================================================
== Utilization Estimates
================================================================
* Summary: 
+-----------------+---------+-----+--------+-------+-----+
|       Name      | BRAM_18K| DSP |   FF   |  LUT  | URAM|
+-----------------+---------+-----+--------+-------+-----+
|DSP              |        -|    -|       -|      -|    -|
|Expression       |        -|    -|       0|   1582|    -|
|FIFO             |        -|    -|       -|      -|    -|
|Instance         |        -|    2|    1763|   1410|    -|
|Memory           |        -|    -|       -|      -|    -|
|Multiplexer      |        -|    -|       -|    591|    -|
|Register         |        -|    -|     523|      -|    -|
+-----------------+---------+-----+--------+-------+-----+
|Total            |        0|    2|    2286|   3583|    0|
+-----------------+---------+-----+--------+-------+-----+
|Available        |      280|  220|  106400|  53200|    0|
+-----------------+---------+-----+--------+-------+-----+
|Utilization (%)  |        0|   ~0|       2|      6|    0|
+-----------------+---------+-----+--------+-------+-----+

+ Detail: 
    * Instance: 
    +---------------------------------------+------------------------------------+---------+----+-----+-----+-----+
    |                Instance               |               Module               | BRAM_18K| DSP|  FF | LUT | URAM|
    +---------------------------------------+------------------------------------+---------+----+-----+-----+-----+
    |faddfsub_32ns_32ns_32_5_full_dsp_1_U1  |faddfsub_32ns_32ns_32_5_full_dsp_1  |        0|   2|  205|  390|    0|
    |fdiv_32ns_32ns_32_16_no_dsp_1_U2       |fdiv_32ns_32ns_32_16_no_dsp_1       |        0|   0|    0|    0|    0|
    |mul_8s_8s_8_1_1_U6                     |mul_8s_8s_8_1_1                     |        0|   0|    0|   41|    0|
    |mul_8s_8s_8_1_1_U7                     |mul_8s_8s_8_1_1                     |        0|   0|    0|   41|    0|
    |udiv_31ns_64ns_30_35_seq_1_U4          |udiv_31ns_64ns_30_35_seq_1          |        0|   0|  779|  469|    0|
    |udiv_64s_31ns_8_68_seq_1_U5            |udiv_64s_31ns_8_68_seq_1            |        0|   0|  779|  469|    0|
    |uitofp_64ns_32_6_no_dsp_1_U3           |uitofp_64ns_32_6_no_dsp_1           |        0|   0|    0|    0|    0|
    +---------------------------------------+------------------------------------+---------+----+-----+-----+-----+
    |Total                                  |                                    |        0|   2| 1763| 1410|    0|
    +---------------------------------------+------------------------------------+---------+----+-----+-----+-----+

    * DSP: 
    N/A

    * Memory: 
    N/A

    * FIFO: 
    N/A

    * Expression: 
    +-------------------------+----------+----+---+-----+------------+------------+
    |      Variable Name      | Operation| DSP| FF| LUT | Bitwidth P0| Bitwidth P1|
    +-------------------------+----------+----+---+-----+------------+------------+
    |add_ln22_fu_405_p2       |         +|   0|  0|   15|           8|           5|
    |add_ln23_fu_148_p2       |         +|   0|  0|   38|          31|          10|
    |add_ln25_1_fu_445_p2     |         +|   0|  0|   23|          16|          16|
    |add_ln25_fu_470_p2       |         +|   0|  0|   16|          16|          16|
    |add_ln341_1_fu_310_p2    |         +|   0|  0|   14|           9|           8|
    |add_ln341_fu_188_p2      |         +|   0|  0|   14|           9|           8|
    |v_1_fu_435_p2            |         +|   0|  0|   15|           8|           2|
    |ap_return                |         -|   0|  0|   16|          16|          16|
    |sub_ln1311_1_fu_324_p2   |         -|   0|  0|   15|           7|           8|
    |sub_ln1311_fu_202_p2     |         -|   0|  0|   15|           7|           8|
    |sub_ln19_fu_283_p2       |         -|   0|  0|   71|          64|          64|
    |sub_ln22_fu_420_p2       |         -|   0|  0|   15|           8|           8|
    |sub_ln23_fu_126_p2       |         -|   0|  0|   71|          30|          64|
    |sub_ln24_fu_425_p2       |         -|   0|  0|   15|           1|           8|
    |and_ln22_fu_414_p2       |       and|   0|  0|    8|           8|           8|
    |and_ln24_fu_430_p2       |       and|   0|  0|    8|           8|           8|
    |icmp_ln19_fu_120_p2      |      icmp|   0|  0|   29|          64|           1|
    |r_V_2_fu_361_p2          |      lshr|   0|  0|  179|          63|          63|
    |r_V_fu_242_p2            |      lshr|   0|  0|  363|         111|         111|
    |select_ln1312_fu_393_p3  |    select|   0|  0|    8|           1|           8|
    |ush_1_fu_333_p3          |    select|   0|  0|    9|           1|           9|
    |ush_fu_211_p3            |    select|   0|  0|    9|           1|           9|
    |val_fu_276_p3            |    select|   0|  0|   64|           1|          64|
    |r_V_1_fu_248_p2          |       shl|   0|  0|  363|         111|         111|
    |r_V_3_fu_367_p2          |       shl|   0|  0|  179|          63|          63|
    |v_13_fu_400_p2           |       xor|   0|  0|    8|           8|           8|
    |xor_ln25_fu_461_p2       |       xor|   0|  0|    2|           1|           2|
    +-------------------------+----------+----+---+-----+------------+------------+
    |Total                    |          |   0|  0| 1582|         671|         706|
    +-------------------------+----------+----+---+-----+------------+------------+

    * Multiplexer: 
    +------------------+-----+-----------+-----+-----------+
    |       Name       | LUT | Input Size| Bits| Total Bits|
    +------------------+-----+-----------+-----+-----------+
    |ap_NS_fsm         |  535|        108|    1|        108|
    |grp_fu_106_p0     |   14|          3|   64|        192|
    |grp_fu_96_opcode  |   14|          3|    2|          6|
    |grp_fu_96_p0      |   14|          3|   32|         96|
    |grp_fu_96_p1      |   14|          3|   32|         96|
    +------------------+-----+-----------+-----+-----------+
    |Total             |  591|        120|  131|        498|
    +------------------+-----+-----------+-----+-----------+

    * Register: 
    +---------------------+-----+----+-----+-----------+
    |         Name        |  FF | LUT| Bits| Const Bits|
    +---------------------+-----+----+-----+-----------+
    |add_ln23_reg_507     |   31|   0|   31|          0|
    |add_ln25_1_reg_604   |   16|   0|   16|          0|
    |add_reg_563          |   32|   0|   32|          0|
    |ap_CS_fsm            |  107|   0|  107|          0|
    |empty_reg_481        |    8|   0|    8|          0|
    |icmp_ln19_reg_486    |    1|   0|    1|          0|
    |isNeg_1_reg_579      |    1|   0|    1|          0|
    |isNeg_reg_548        |    1|   0|    1|          0|
    |reg_110              |   32|   0|   32|          0|
    |sub_ln19_reg_558     |   64|   0|   64|          0|
    |sub_ln22_reg_594     |    8|   0|    8|          0|
    |sub_ln23_reg_492     |   64|   0|   64|          0|
    |tmp_12_reg_537       |    8|   0|    8|          0|
    |tmp_13_reg_543       |   23|   0|   23|          0|
    |tmp_14_reg_568       |    8|   0|    8|          0|
    |tmp_15_reg_574       |   23|   0|   23|          0|
    |trunc_ln27_reg_497   |   16|   0|   16|          0|
    |udiv_ln23_1_reg_599  |    8|   0|    8|          0|
    |udiv_ln23_reg_502    |   30|   0|   30|          0|
    |ush_1_reg_584        |    9|   0|    9|          0|
    |ush_reg_553          |    9|   0|    9|          0|
    |v_13_reg_589         |    8|   0|    8|          0|
    |v_4_reg_609          |    8|   0|    8|          0|
    |v_reg_522            |    8|   0|    8|          0|
    +---------------------+-----+----+-----+-----------+
    |Total                |  523|   0|  523|          0|
    +---------------------+-----+----+-----+-----------+



================================================================
== Interface
================================================================
* Summary: 
+-----------+-----+-----+------------+--------------+--------------+
| RTL Ports | Dir | Bits|  Protocol  | Source Object|    C Type    |
+-----------+-----+-----+------------+--------------+--------------+
|ap_clk     |   in|    1|  ap_ctrl_hs|           fn1|  return value|
|ap_rst     |   in|    1|  ap_ctrl_hs|           fn1|  return value|
|ap_start   |   in|    1|  ap_ctrl_hs|           fn1|  return value|
|ap_done    |  out|    1|  ap_ctrl_hs|           fn1|  return value|
|ap_idle    |  out|    1|  ap_ctrl_hs|           fn1|  return value|
|ap_ready   |  out|    1|  ap_ctrl_hs|           fn1|  return value|
|ap_return  |  out|   16|  ap_ctrl_hs|           fn1|  return value|
|p          |   in|   64|     ap_none|             p|        scalar|
|p_11       |   in|   32|     ap_none|          p_11|        scalar|
|p_15       |   in|   32|     ap_none|          p_15|        scalar|
+-----------+-----+-----+------------+--------------+--------------+

