

================================================================
== Vitis HLS Report for 'fn1'
================================================================
* Date:           Sat May  1 02:18:59 2021

* Version:        2020.2 (Build 3064766 on Wed Nov 18 09:12:47 MST 2020)
* Project:        project_tmp
* Solution:       solution_tmp (Vivado IP Flow Target)
* Product family: zynq
* Target device:  xc7z020-clg484-1


================================================================
== Performance Estimates
================================================================
+ Timing: 
    * Summary: 
    +--------+----------+----------+------------+
    |  Clock |  Target  | Estimated| Uncertainty|
    +--------+----------+----------+------------+
    |ap_clk  |  10.00 ns|  7.256 ns|     2.70 ns|
    +--------+----------+----------+------------+

+ Latency: 
    * Summary: 
    +---------+---------+----------+----------+-----+-----+---------+
    |  Latency (cycles) |  Latency (absolute) |  Interval | Pipeline|
    |   min   |   max   |    min   |    max   | min | max |   Type  |
    +---------+---------+----------+----------+-----+-----+---------+
    |      207|      207|  2.070 us|  2.070 us|  208|  208|     none|
    +---------+---------+----------+----------+-----+-----+---------+

    + Detail: 
        * Instance: 
        N/A

        * Loop: 
        N/A



================================================================
== Utilization Estimates
================================================================
* Summary: 
+-----------------+---------+-----+--------+-------+-----+
|       Name      | BRAM_18K| DSP |   FF   |  LUT  | URAM|
+-----------------+---------+-----+--------+-------+-----+
|DSP              |        -|    -|       -|      -|    -|
|Expression       |        -|    -|       0|   3924|    -|
|FIFO             |        -|    -|       -|      -|    -|
|Instance         |        -|    2|    4378|   2916|    -|
|Memory           |        -|    -|       -|      -|    -|
|Multiplexer      |        -|    -|       -|   1113|    -|
|Register         |        -|    -|     887|      -|    -|
+-----------------+---------+-----+--------+-------+-----+
|Total            |        0|    2|    5265|   7953|    0|
+-----------------+---------+-----+--------+-------+-----+
|Available        |      280|  220|  106400|  53200|    0|
+-----------------+---------+-----+--------+-------+-----+
|Utilization (%)  |        0|   ~0|       4|     14|    0|
+-----------------+---------+-----+--------+-------+-----+

+ Detail: 
    * Instance: 
    +-----------------------------------+--------------------------------+---------+----+-----+-----+-----+
    |              Instance             |             Module             | BRAM_18K| DSP|  FF | LUT | URAM|
    +-----------------------------------+--------------------------------+---------+----+-----+-----+-----+
    |fdiv_32ns_32ns_32_16_no_dsp_1_U2   |fdiv_32ns_32ns_32_16_no_dsp_1   |        0|   0|    0|    0|    0|
    |fsub_32ns_32ns_32_5_full_dsp_1_U1  |fsub_32ns_32ns_32_5_full_dsp_1  |        0|   2|  205|  390|    0|
    |mul_8s_8s_16_1_1_U14               |mul_8s_8s_16_1_1                |        0|   0|    0|   41|    0|
    |sitodp_32s_64_6_no_dsp_1_U4        |sitodp_32s_64_6_no_dsp_1        |        0|   0|    0|    0|    0|
    |srem_6s_11ns_5_10_seq_1_U5         |srem_6s_11ns_5_10_seq_1         |        0|   0|  142|   73|    0|
    |srem_6s_9ns_5_10_seq_1_U8          |srem_6s_9ns_5_10_seq_1          |        0|   0|  118|   53|    0|
    |srem_9ns_64ns_8_13_seq_1_U7        |srem_9ns_64ns_8_13_seq_1        |        0|   0|  779|  469|    0|
    |udiv_32ns_32ns_32_36_seq_1_U6      |udiv_32ns_32ns_32_36_seq_1      |        0|   0|  394|  238|    0|
    |udiv_32s_32ns_32_36_seq_1_U10      |udiv_32s_32ns_32_36_seq_1       |        0|   0|  394|  238|    0|
    |uitofp_32ns_32_6_no_dsp_1_U3       |uitofp_32ns_32_6_no_dsp_1       |        0|   0|    0|    0|    0|
    |urem_32ns_28ns_32_36_seq_1_U11     |urem_32ns_28ns_32_36_seq_1      |        0|   0|  394|  238|    0|
    |urem_32s_32ns_32_36_seq_1_U12      |urem_32s_32ns_32_36_seq_1       |        0|   0|  394|  238|    0|
    |urem_64ns_32ns_32_68_seq_1_U13     |urem_64ns_32ns_32_68_seq_1      |        0|   0|  779|  469|    0|
    |urem_64s_29ns_8_68_seq_1_U9        |urem_64s_29ns_8_68_seq_1        |        0|   0|  779|  469|    0|
    +-----------------------------------+--------------------------------+---------+----+-----+-----+-----+
    |Total                              |                                |        0|   2| 4378| 2916|    0|
    +-----------------------------------+--------------------------------+---------+----+-----+-----+-----+

    * DSP: 
    N/A

    * Memory: 
    N/A

    * FIFO: 
    N/A

    * Expression: 
    +------------------------+----------+----+---+-----+------------+------------+
    |      Variable Name     | Operation| DSP| FF| LUT | Bitwidth P0| Bitwidth P1|
    +------------------------+----------+----+---+-----+------------+------------+
    |add_ln20_fu_514_p2      |         +|   0|  0|   13|          10|          10|
    |add_ln26_fu_540_p2      |         +|   0|  0|   71|          64|          10|
    |add_ln27_1_fu_735_p2    |         +|   0|  0|   39|          32|          10|
    |add_ln341_1_fu_643_p2   |         +|   0|  0|   14|           9|           8|
    |add_ln341_fu_174_p2     |         +|   0|  0|   14|           9|           8|
    |add_ln510_fu_407_p2     |         +|   0|  0|   12|          12|          11|
    |grp_fu_535_p1           |         +|   0|  0|   39|          32|          10|
    |grp_fu_593_p1           |         +|   0|  0|   39|          32|           8|
    |grp_fu_616_p1           |         +|   0|  0|   39|          32|          10|
    |result_V_2_fu_488_p2    |         -|   0|  0|   71|           1|          64|
    |result_V_6_fu_499_p2    |         -|   0|  0|   15|           1|           8|
    |sub_ln1311_1_fu_421_p2  |         -|   0|  0|   12|          10|          11|
    |sub_ln1311_2_fu_657_p2  |         -|   0|  0|   15|           7|           8|
    |sub_ln1311_fu_188_p2    |         -|   0|  0|   15|           7|           8|
    |sub_ln20_fu_572_p2      |         -|   0|  0|   14|           1|           6|
    |result_1_fu_775_p2      |      icmp|   0|  0|   18|          33|          33|
    |r_V_2_fu_301_p2         |      lshr|   0|  0|  363|         111|         111|
    |r_V_4_fu_350_p2         |      lshr|   0|  0|  163|          55|          55|
    |r_V_6_fu_446_p2         |      lshr|   0|  0|  460|         137|         137|
    |r_V_8_fu_694_p2         |      lshr|   0|  0|  363|         111|         111|
    |r_V_fu_252_p2           |      lshr|   0|  0|  242|          79|          79|
    |result_V_7_fu_504_p3    |    select|   0|  0|    8|           1|           8|
    |result_V_fu_493_p3      |    select|   0|  0|   64|           1|          64|
    |ush_1_fu_430_p3         |    select|   0|  0|   12|           1|          12|
    |ush_2_fu_666_p3         |    select|   0|  0|    9|           1|           9|
    |ush_fu_198_p3           |    select|   0|  0|    9|           1|           9|
    |val_1_fu_335_p3         |    select|   0|  0|   64|           1|          64|
    |val_2_fu_384_p3         |    select|   0|  0|    8|           1|           8|
    |val_3_fu_480_p3         |    select|   0|  0|   32|           1|          32|
    |val_4_fu_728_p3         |    select|   0|  0|   64|           1|          64|
    |val_fu_286_p3           |    select|   0|  0|   32|           1|          32|
    |r_V_1_fu_258_p2         |       shl|   0|  0|  242|          79|          79|
    |r_V_3_fu_307_p2         |       shl|   0|  0|  363|         111|         111|
    |r_V_5_fu_356_p2         |       shl|   0|  0|  163|          55|          55|
    |r_V_7_fu_452_p2         |       shl|   0|  0|  460|         137|         137|
    |r_V_9_fu_700_p2         |       shl|   0|  0|  363|         111|         111|
    +------------------------+----------+----+---+-----+------------+------------+
    |Total                   |          |   0|  0| 3924|        1288|        1511|
    +------------------------+----------+----+---+-----+------------+------------+

    * Multiplexer: 
    +-----------+------+-----------+-----+-----------+
    |    Name   |  LUT | Input Size| Bits| Total Bits|
    +-----------+------+-----------+-----+-----------+
    |ap_NS_fsm  |  1113|        209|    1|        209|
    +-----------+------+-----------+-----+-----------+
    |Total      |  1113|        209|    1|        209|
    +-----------+------+-----------+-----+-----------+

    * Register: 
    +---------------------+-----+----+-----+-----------+
    |         Name        |  FF | LUT| Bits| Const Bits|
    +---------------------+-----+----+-----+-----------+
    |add_ln26_reg_867     |   64|   0|   64|          0|
    |add_ln27_1_reg_968   |   32|   0|   32|          0|
    |add_reg_932          |   32|   0|   32|          0|
    |ap_CS_fsm            |  208|   0|  208|          0|
    |conv_reg_927         |   32|   0|   32|          0|
    |isNeg_2_reg_953      |    1|   0|    1|          0|
    |isNeg_reg_805        |    1|   0|    1|          0|
    |p_Result_s_reg_817   |    1|   0|    1|          0|
    |srem_ln20_1_reg_882  |    5|   0|    5|          0|
    |srem_ln26_reg_877    |    8|   0|    8|          0|
    |tmp_18_reg_800       |   23|   0|   23|          0|
    |tmp_19_reg_823       |   11|   0|   11|          0|
    |tmp_20_reg_829       |   52|   0|   52|          0|
    |tmp_21_reg_942       |    8|   0|    8|          0|
    |tmp_22_reg_948       |   23|   0|   23|          0|
    |udiv_ln21_reg_902    |   32|   0|   32|          0|
    |udiv_ln22_reg_892    |   32|   0|   32|          0|
    |urem_ln20_reg_907    |    8|   0|    8|          0|
    |urem_ln23_reg_922    |   32|   0|   32|          0|
    |urem_ln27_1_reg_978  |   32|   0|   32|          0|
    |urem_ln27_reg_937    |   32|   0|   32|          0|
    |ush_2_reg_958        |    9|   0|    9|          0|
    |ush_reg_812          |    9|   0|    9|          0|
    |val_1_reg_840        |   64|   0|   64|          0|
    |val_2_reg_846        |    8|   0|    8|          0|
    |val_3_reg_852        |   32|   0|   32|          0|
    |val_4_reg_963        |   64|   0|   64|          0|
    |val_reg_834          |   32|   0|   32|          0|
    +---------------------+-----+----+-----+-----------+
    |Total                |  887|   0|  887|          0|
    +---------------------+-----+----+-----+-----------+



================================================================
== Interface
================================================================
* Summary: 
+-----------+-----+-----+------------+--------------+--------------+
| RTL Ports | Dir | Bits|  Protocol  | Source Object|    C Type    |
+-----------+-----+-----+------------+--------------+--------------+
|ap_clk     |   in|    1|  ap_ctrl_hs|           fn1|  return value|
|ap_rst     |   in|    1|  ap_ctrl_hs|           fn1|  return value|
|ap_start   |   in|    1|  ap_ctrl_hs|           fn1|  return value|
|ap_done    |  out|    1|  ap_ctrl_hs|           fn1|  return value|
|ap_idle    |  out|    1|  ap_ctrl_hs|           fn1|  return value|
|ap_ready   |  out|    1|  ap_ctrl_hs|           fn1|  return value|
|ap_return  |  out|   64|  ap_ctrl_hs|           fn1|  return value|
|p          |   in|    8|     ap_none|             p|        scalar|
|p_13       |   in|   32|     ap_none|          p_13|        scalar|
+-----------+-----+-----+------------+--------------+--------------+

