
*** Running vivado
    with args -log bd_0_hls_inst_0.vds -m64 -product Vivado -mode batch -messageDb vivado.pb -notrace -source bd_0_hls_inst_0.tcl


****** Vivado v2020.2 (64-bit)
  **** SW Build 3064766 on Wed Nov 18 09:12:47 MST 2020
  **** IP Build 3064653 on Wed Nov 18 14:17:31 MST 2020
    ** Copyright 1986-2020 Xilinx, Inc. All Rights Reserved.

source bd_0_hls_inst_0.tcl -notrace
INFO: [IP_Flow 19-234] Refreshing IP repositories
INFO: [IP_Flow 19-1700] Loaded user IP repository '/home/nanwu/GNN_DFG/bb/dfg_79/project_tmp/solution_tmp/impl/ip'.
INFO: [IP_Flow 19-2313] Loaded Vivado IP repository '/opt/Xilinx/Vivado/2020.2/data/ip'.
Command: synth_design -top bd_0_hls_inst_0 -part xc7z020clg484-1 -directive sdx_optimization_effort_high -mode out_of_context
Starting synth_design
Attempting to get a license for feature 'Synthesis' and/or device 'xc7z020'
INFO: [Common 17-349] Got license for feature 'Synthesis' and/or device 'xc7z020'
INFO: [Device 21-403] Loading part xc7z020clg484-1
INFO: [Synth 8-7079] Multithreading enabled for synth_design using a maximum of 4 processes.
INFO: [Synth 8-7078] Launching helper process for spawning children vivado processes
INFO: [Synth 8-7075] Helper process launched with PID 14692
---------------------------------------------------------------------------------
Starting RTL Elaboration : Time (s): cpu = 00:00:02 ; elapsed = 00:00:03 . Memory (MB): peak = 2394.348 ; gain = 0.000 ; free physical = 106675 ; free virtual = 121976
---------------------------------------------------------------------------------
INFO: [Synth 8-6157] synthesizing module 'bd_0_hls_inst_0' [/home/nanwu/GNN_DFG/bb/dfg_79/project_tmp/solution_tmp/impl/verilog/project.gen/sources_1/bd/bd_0/ip/bd_0_hls_inst_0/synth/bd_0_hls_inst_0.v:58]
INFO: [Synth 8-6157] synthesizing module 'fn1' [/home/nanwu/GNN_DFG/bb/dfg_79/project_tmp/solution_tmp/impl/verilog/project.gen/sources_1/bd/bd_0/ipshared/72d4/hdl/verilog/fn1.v:12]
	Parameter ap_ST_fsm_state1 bound to: 85'b0000000000000000000000000000000000000000000000000000000000000000000000000000000000001 
	Parameter ap_ST_fsm_state2 bound to: 85'b0000000000000000000000000000000000000000000000000000000000000000000000000000000000010 
	Parameter ap_ST_fsm_state3 bound to: 85'b0000000000000000000000000000000000000000000000000000000000000000000000000000000000100 
	Parameter ap_ST_fsm_state4 bound to: 85'b0000000000000000000000000000000000000000000000000000000000000000000000000000000001000 
	Parameter ap_ST_fsm_state5 bound to: 85'b0000000000000000000000000000000000000000000000000000000000000000000000000000000010000 
	Parameter ap_ST_fsm_state6 bound to: 85'b0000000000000000000000000000000000000000000000000000000000000000000000000000000100000 
	Parameter ap_ST_fsm_state7 bound to: 85'b0000000000000000000000000000000000000000000000000000000000000000000000000000001000000 
	Parameter ap_ST_fsm_state8 bound to: 85'b0000000000000000000000000000000000000000000000000000000000000000000000000000010000000 
	Parameter ap_ST_fsm_state9 bound to: 85'b0000000000000000000000000000000000000000000000000000000000000000000000000000100000000 
	Parameter ap_ST_fsm_state10 bound to: 85'b0000000000000000000000000000000000000000000000000000000000000000000000000001000000000 
	Parameter ap_ST_fsm_state11 bound to: 85'b0000000000000000000000000000000000000000000000000000000000000000000000000010000000000 
	Parameter ap_ST_fsm_state12 bound to: 85'b0000000000000000000000000000000000000000000000000000000000000000000000000100000000000 
	Parameter ap_ST_fsm_state13 bound to: 85'b0000000000000000000000000000000000000000000000000000000000000000000000001000000000000 
	Parameter ap_ST_fsm_state14 bound to: 85'b0000000000000000000000000000000000000000000000000000000000000000000000010000000000000 
	Parameter ap_ST_fsm_state15 bound to: 85'b0000000000000000000000000000000000000000000000000000000000000000000000100000000000000 
	Parameter ap_ST_fsm_state16 bound to: 85'b0000000000000000000000000000000000000000000000000000000000000000000001000000000000000 
	Parameter ap_ST_fsm_state17 bound to: 85'b0000000000000000000000000000000000000000000000000000000000000000000010000000000000000 
	Parameter ap_ST_fsm_state18 bound to: 85'b0000000000000000000000000000000000000000000000000000000000000000000100000000000000000 
	Parameter ap_ST_fsm_state19 bound to: 85'b0000000000000000000000000000000000000000000000000000000000000000001000000000000000000 
	Parameter ap_ST_fsm_state20 bound to: 85'b0000000000000000000000000000000000000000000000000000000000000000010000000000000000000 
	Parameter ap_ST_fsm_state21 bound to: 85'b0000000000000000000000000000000000000000000000000000000000000000100000000000000000000 
	Parameter ap_ST_fsm_state22 bound to: 85'b0000000000000000000000000000000000000000000000000000000000000001000000000000000000000 
	Parameter ap_ST_fsm_state23 bound to: 85'b0000000000000000000000000000000000000000000000000000000000000010000000000000000000000 
	Parameter ap_ST_fsm_state24 bound to: 85'b0000000000000000000000000000000000000000000000000000000000000100000000000000000000000 
	Parameter ap_ST_fsm_state25 bound to: 85'b0000000000000000000000000000000000000000000000000000000000001000000000000000000000000 
	Parameter ap_ST_fsm_state26 bound to: 85'b0000000000000000000000000000000000000000000000000000000000010000000000000000000000000 
	Parameter ap_ST_fsm_state27 bound to: 85'b0000000000000000000000000000000000000000000000000000000000100000000000000000000000000 
	Parameter ap_ST_fsm_state28 bound to: 85'b0000000000000000000000000000000000000000000000000000000001000000000000000000000000000 
	Parameter ap_ST_fsm_state29 bound to: 85'b0000000000000000000000000000000000000000000000000000000010000000000000000000000000000 
	Parameter ap_ST_fsm_state30 bound to: 85'b0000000000000000000000000000000000000000000000000000000100000000000000000000000000000 
	Parameter ap_ST_fsm_state31 bound to: 85'b0000000000000000000000000000000000000000000000000000001000000000000000000000000000000 
	Parameter ap_ST_fsm_state32 bound to: 85'b0000000000000000000000000000000000000000000000000000010000000000000000000000000000000 
	Parameter ap_ST_fsm_state33 bound to: 85'b0000000000000000000000000000000000000000000000000000100000000000000000000000000000000 
	Parameter ap_ST_fsm_state34 bound to: 85'b0000000000000000000000000000000000000000000000000001000000000000000000000000000000000 
	Parameter ap_ST_fsm_state35 bound to: 85'b0000000000000000000000000000000000000000000000000010000000000000000000000000000000000 
	Parameter ap_ST_fsm_state36 bound to: 85'b0000000000000000000000000000000000000000000000000100000000000000000000000000000000000 
	Parameter ap_ST_fsm_state37 bound to: 85'b0000000000000000000000000000000000000000000000001000000000000000000000000000000000000 
	Parameter ap_ST_fsm_state38 bound to: 85'b0000000000000000000000000000000000000000000000010000000000000000000000000000000000000 
	Parameter ap_ST_fsm_state39 bound to: 85'b0000000000000000000000000000000000000000000000100000000000000000000000000000000000000 
	Parameter ap_ST_fsm_state40 bound to: 85'b0000000000000000000000000000000000000000000001000000000000000000000000000000000000000 
	Parameter ap_ST_fsm_state41 bound to: 85'b0000000000000000000000000000000000000000000010000000000000000000000000000000000000000 
	Parameter ap_ST_fsm_state42 bound to: 85'b0000000000000000000000000000000000000000000100000000000000000000000000000000000000000 
	Parameter ap_ST_fsm_state43 bound to: 85'b0000000000000000000000000000000000000000001000000000000000000000000000000000000000000 
	Parameter ap_ST_fsm_state44 bound to: 85'b0000000000000000000000000000000000000000010000000000000000000000000000000000000000000 
	Parameter ap_ST_fsm_state45 bound to: 85'b0000000000000000000000000000000000000000100000000000000000000000000000000000000000000 
	Parameter ap_ST_fsm_state46 bound to: 85'b0000000000000000000000000000000000000001000000000000000000000000000000000000000000000 
	Parameter ap_ST_fsm_state47 bound to: 85'b0000000000000000000000000000000000000010000000000000000000000000000000000000000000000 
	Parameter ap_ST_fsm_state48 bound to: 85'b0000000000000000000000000000000000000100000000000000000000000000000000000000000000000 
	Parameter ap_ST_fsm_state49 bound to: 85'b0000000000000000000000000000000000001000000000000000000000000000000000000000000000000 
	Parameter ap_ST_fsm_state50 bound to: 85'b0000000000000000000000000000000000010000000000000000000000000000000000000000000000000 
	Parameter ap_ST_fsm_state51 bound to: 85'b0000000000000000000000000000000000100000000000000000000000000000000000000000000000000 
	Parameter ap_ST_fsm_state52 bound to: 85'b0000000000000000000000000000000001000000000000000000000000000000000000000000000000000 
	Parameter ap_ST_fsm_state53 bound to: 85'b0000000000000000000000000000000010000000000000000000000000000000000000000000000000000 
	Parameter ap_ST_fsm_state54 bound to: 85'b0000000000000000000000000000000100000000000000000000000000000000000000000000000000000 
	Parameter ap_ST_fsm_state55 bound to: 85'b0000000000000000000000000000001000000000000000000000000000000000000000000000000000000 
	Parameter ap_ST_fsm_state56 bound to: 85'b0000000000000000000000000000010000000000000000000000000000000000000000000000000000000 
	Parameter ap_ST_fsm_state57 bound to: 85'b0000000000000000000000000000100000000000000000000000000000000000000000000000000000000 
	Parameter ap_ST_fsm_state58 bound to: 85'b0000000000000000000000000001000000000000000000000000000000000000000000000000000000000 
	Parameter ap_ST_fsm_state59 bound to: 85'b0000000000000000000000000010000000000000000000000000000000000000000000000000000000000 
	Parameter ap_ST_fsm_state60 bound to: 85'b0000000000000000000000000100000000000000000000000000000000000000000000000000000000000 
	Parameter ap_ST_fsm_state61 bound to: 85'b0000000000000000000000001000000000000000000000000000000000000000000000000000000000000 
	Parameter ap_ST_fsm_state62 bound to: 85'b0000000000000000000000010000000000000000000000000000000000000000000000000000000000000 
	Parameter ap_ST_fsm_state63 bound to: 85'b0000000000000000000000100000000000000000000000000000000000000000000000000000000000000 
	Parameter ap_ST_fsm_state64 bound to: 85'b0000000000000000000001000000000000000000000000000000000000000000000000000000000000000 
	Parameter ap_ST_fsm_state65 bound to: 85'b0000000000000000000010000000000000000000000000000000000000000000000000000000000000000 
	Parameter ap_ST_fsm_state66 bound to: 85'b0000000000000000000100000000000000000000000000000000000000000000000000000000000000000 
	Parameter ap_ST_fsm_state67 bound to: 85'b0000000000000000001000000000000000000000000000000000000000000000000000000000000000000 
	Parameter ap_ST_fsm_state68 bound to: 85'b0000000000000000010000000000000000000000000000000000000000000000000000000000000000000 
	Parameter ap_ST_fsm_state69 bound to: 85'b0000000000000000100000000000000000000000000000000000000000000000000000000000000000000 
	Parameter ap_ST_fsm_state70 bound to: 85'b0000000000000001000000000000000000000000000000000000000000000000000000000000000000000 
	Parameter ap_ST_fsm_state71 bound to: 85'b0000000000000010000000000000000000000000000000000000000000000000000000000000000000000 
	Parameter ap_ST_fsm_state72 bound to: 85'b0000000000000100000000000000000000000000000000000000000000000000000000000000000000000 
	Parameter ap_ST_fsm_state73 bound to: 85'b0000000000001000000000000000000000000000000000000000000000000000000000000000000000000 
	Parameter ap_ST_fsm_state74 bound to: 85'b0000000000010000000000000000000000000000000000000000000000000000000000000000000000000 
	Parameter ap_ST_fsm_state75 bound to: 85'b0000000000100000000000000000000000000000000000000000000000000000000000000000000000000 
	Parameter ap_ST_fsm_state76 bound to: 85'b0000000001000000000000000000000000000000000000000000000000000000000000000000000000000 
	Parameter ap_ST_fsm_state77 bound to: 85'b0000000010000000000000000000000000000000000000000000000000000000000000000000000000000 
	Parameter ap_ST_fsm_state78 bound to: 85'b0000000100000000000000000000000000000000000000000000000000000000000000000000000000000 
	Parameter ap_ST_fsm_state79 bound to: 85'b0000001000000000000000000000000000000000000000000000000000000000000000000000000000000 
	Parameter ap_ST_fsm_state80 bound to: 85'b0000010000000000000000000000000000000000000000000000000000000000000000000000000000000 
	Parameter ap_ST_fsm_state81 bound to: 85'b0000100000000000000000000000000000000000000000000000000000000000000000000000000000000 
	Parameter ap_ST_fsm_state82 bound to: 85'b0001000000000000000000000000000000000000000000000000000000000000000000000000000000000 
	Parameter ap_ST_fsm_state83 bound to: 85'b0010000000000000000000000000000000000000000000000000000000000000000000000000000000000 
	Parameter ap_ST_fsm_state84 bound to: 85'b0100000000000000000000000000000000000000000000000000000000000000000000000000000000000 
	Parameter ap_ST_fsm_state85 bound to: 85'b1000000000000000000000000000000000000000000000000000000000000000000000000000000000000 
INFO: [Synth 8-6157] synthesizing module 'fn1_srem_64ns_33ns_16_68_seq_1' [/home/nanwu/GNN_DFG/bb/dfg_79/project_tmp/solution_tmp/impl/verilog/project.gen/sources_1/bd/bd_0/ipshared/72d4/hdl/verilog/fn1_srem_64ns_33ns_16_68_seq_1.v:178]
	Parameter ID bound to: 1 - type: integer 
	Parameter NUM_STAGE bound to: 68 - type: integer 
	Parameter din0_WIDTH bound to: 64 - type: integer 
	Parameter din1_WIDTH bound to: 33 - type: integer 
	Parameter dout_WIDTH bound to: 16 - type: integer 
INFO: [Synth 8-6157] synthesizing module 'fn1_srem_64ns_33ns_16_68_seq_1_div' [/home/nanwu/GNN_DFG/bb/dfg_79/project_tmp/solution_tmp/impl/verilog/project.gen/sources_1/bd/bd_0/ipshared/72d4/hdl/verilog/fn1_srem_64ns_33ns_16_68_seq_1.v:87]
	Parameter in0_WIDTH bound to: 64 - type: integer 
	Parameter in1_WIDTH bound to: 33 - type: integer 
	Parameter out_WIDTH bound to: 16 - type: integer 
INFO: [Synth 8-6157] synthesizing module 'fn1_srem_64ns_33ns_16_68_seq_1_div_u' [/home/nanwu/GNN_DFG/bb/dfg_79/project_tmp/solution_tmp/impl/verilog/project.gen/sources_1/bd/bd_0/ipshared/72d4/hdl/verilog/fn1_srem_64ns_33ns_16_68_seq_1.v:7]
	Parameter in0_WIDTH bound to: 64 - type: integer 
	Parameter in1_WIDTH bound to: 33 - type: integer 
	Parameter out_WIDTH bound to: 16 - type: integer 
	Parameter cal_WIDTH bound to: 64 - type: integer 
INFO: [Synth 8-6155] done synthesizing module 'fn1_srem_64ns_33ns_16_68_seq_1_div_u' (1#1) [/home/nanwu/GNN_DFG/bb/dfg_79/project_tmp/solution_tmp/impl/verilog/project.gen/sources_1/bd/bd_0/ipshared/72d4/hdl/verilog/fn1_srem_64ns_33ns_16_68_seq_1.v:7]
INFO: [Synth 8-6155] done synthesizing module 'fn1_srem_64ns_33ns_16_68_seq_1_div' (2#1) [/home/nanwu/GNN_DFG/bb/dfg_79/project_tmp/solution_tmp/impl/verilog/project.gen/sources_1/bd/bd_0/ipshared/72d4/hdl/verilog/fn1_srem_64ns_33ns_16_68_seq_1.v:87]
INFO: [Synth 8-6155] done synthesizing module 'fn1_srem_64ns_33ns_16_68_seq_1' (3#1) [/home/nanwu/GNN_DFG/bb/dfg_79/project_tmp/solution_tmp/impl/verilog/project.gen/sources_1/bd/bd_0/ipshared/72d4/hdl/verilog/fn1_srem_64ns_33ns_16_68_seq_1.v:178]
INFO: [Synth 8-6157] synthesizing module 'fn1_mul_64ns_66ns_112_5_1' [/home/nanwu/GNN_DFG/bb/dfg_79/project_tmp/solution_tmp/impl/verilog/project.gen/sources_1/bd/bd_0/ipshared/72d4/hdl/verilog/fn1_mul_64ns_66ns_112_5_1.v:35]
	Parameter ID bound to: 1 - type: integer 
	Parameter NUM_STAGE bound to: 5 - type: integer 
	Parameter din0_WIDTH bound to: 64 - type: integer 
	Parameter din1_WIDTH bound to: 66 - type: integer 
	Parameter dout_WIDTH bound to: 112 - type: integer 
INFO: [Synth 8-6157] synthesizing module 'fn1_mul_64ns_66ns_112_5_1_Multiplier_0' [/home/nanwu/GNN_DFG/bb/dfg_79/project_tmp/solution_tmp/impl/verilog/project.gen/sources_1/bd/bd_0/ipshared/72d4/hdl/verilog/fn1_mul_64ns_66ns_112_5_1.v:8]
INFO: [Synth 8-6155] done synthesizing module 'fn1_mul_64ns_66ns_112_5_1_Multiplier_0' (4#1) [/home/nanwu/GNN_DFG/bb/dfg_79/project_tmp/solution_tmp/impl/verilog/project.gen/sources_1/bd/bd_0/ipshared/72d4/hdl/verilog/fn1_mul_64ns_66ns_112_5_1.v:8]
INFO: [Synth 8-6155] done synthesizing module 'fn1_mul_64ns_66ns_112_5_1' (5#1) [/home/nanwu/GNN_DFG/bb/dfg_79/project_tmp/solution_tmp/impl/verilog/project.gen/sources_1/bd/bd_0/ipshared/72d4/hdl/verilog/fn1_mul_64ns_66ns_112_5_1.v:35]
INFO: [Synth 8-6157] synthesizing module 'fn1_urem_29ns_30ns_28_33_seq_1' [/home/nanwu/GNN_DFG/bb/dfg_79/project_tmp/solution_tmp/impl/verilog/project.gen/sources_1/bd/bd_0/ipshared/72d4/hdl/verilog/fn1_urem_29ns_30ns_28_33_seq_1.v:154]
	Parameter ID bound to: 1 - type: integer 
	Parameter NUM_STAGE bound to: 33 - type: integer 
	Parameter din0_WIDTH bound to: 29 - type: integer 
	Parameter din1_WIDTH bound to: 30 - type: integer 
	Parameter dout_WIDTH bound to: 28 - type: integer 
INFO: [Synth 8-6157] synthesizing module 'fn1_urem_29ns_30ns_28_33_seq_1_div' [/home/nanwu/GNN_DFG/bb/dfg_79/project_tmp/solution_tmp/impl/verilog/project.gen/sources_1/bd/bd_0/ipshared/72d4/hdl/verilog/fn1_urem_29ns_30ns_28_33_seq_1.v:82]
	Parameter in0_WIDTH bound to: 29 - type: integer 
	Parameter in1_WIDTH bound to: 30 - type: integer 
	Parameter out_WIDTH bound to: 28 - type: integer 
INFO: [Synth 8-6157] synthesizing module 'fn1_urem_29ns_30ns_28_33_seq_1_div_u' [/home/nanwu/GNN_DFG/bb/dfg_79/project_tmp/solution_tmp/impl/verilog/project.gen/sources_1/bd/bd_0/ipshared/72d4/hdl/verilog/fn1_urem_29ns_30ns_28_33_seq_1.v:7]
	Parameter in0_WIDTH bound to: 29 - type: integer 
	Parameter in1_WIDTH bound to: 30 - type: integer 
	Parameter out_WIDTH bound to: 28 - type: integer 
	Parameter cal_WIDTH bound to: 30 - type: integer 
INFO: [Synth 8-6155] done synthesizing module 'fn1_urem_29ns_30ns_28_33_seq_1_div_u' (6#1) [/home/nanwu/GNN_DFG/bb/dfg_79/project_tmp/solution_tmp/impl/verilog/project.gen/sources_1/bd/bd_0/ipshared/72d4/hdl/verilog/fn1_urem_29ns_30ns_28_33_seq_1.v:7]
INFO: [Synth 8-6155] done synthesizing module 'fn1_urem_29ns_30ns_28_33_seq_1_div' (7#1) [/home/nanwu/GNN_DFG/bb/dfg_79/project_tmp/solution_tmp/impl/verilog/project.gen/sources_1/bd/bd_0/ipshared/72d4/hdl/verilog/fn1_urem_29ns_30ns_28_33_seq_1.v:82]
INFO: [Synth 8-6155] done synthesizing module 'fn1_urem_29ns_30ns_28_33_seq_1' (8#1) [/home/nanwu/GNN_DFG/bb/dfg_79/project_tmp/solution_tmp/impl/verilog/project.gen/sources_1/bd/bd_0/ipshared/72d4/hdl/verilog/fn1_urem_29ns_30ns_28_33_seq_1.v:154]
INFO: [Synth 8-6157] synthesizing module 'fn1_urem_8ns_17ns_9_12_seq_1' [/home/nanwu/GNN_DFG/bb/dfg_79/project_tmp/solution_tmp/impl/verilog/project.gen/sources_1/bd/bd_0/ipshared/72d4/hdl/verilog/fn1_urem_8ns_17ns_9_12_seq_1.v:154]
	Parameter ID bound to: 1 - type: integer 
	Parameter NUM_STAGE bound to: 12 - type: integer 
	Parameter din0_WIDTH bound to: 8 - type: integer 
	Parameter din1_WIDTH bound to: 17 - type: integer 
	Parameter dout_WIDTH bound to: 9 - type: integer 
INFO: [Synth 8-6157] synthesizing module 'fn1_urem_8ns_17ns_9_12_seq_1_div' [/home/nanwu/GNN_DFG/bb/dfg_79/project_tmp/solution_tmp/impl/verilog/project.gen/sources_1/bd/bd_0/ipshared/72d4/hdl/verilog/fn1_urem_8ns_17ns_9_12_seq_1.v:82]
	Parameter in0_WIDTH bound to: 8 - type: integer 
	Parameter in1_WIDTH bound to: 17 - type: integer 
	Parameter out_WIDTH bound to: 9 - type: integer 
INFO: [Synth 8-6157] synthesizing module 'fn1_urem_8ns_17ns_9_12_seq_1_div_u' [/home/nanwu/GNN_DFG/bb/dfg_79/project_tmp/solution_tmp/impl/verilog/project.gen/sources_1/bd/bd_0/ipshared/72d4/hdl/verilog/fn1_urem_8ns_17ns_9_12_seq_1.v:7]
	Parameter in0_WIDTH bound to: 8 - type: integer 
	Parameter in1_WIDTH bound to: 17 - type: integer 
	Parameter out_WIDTH bound to: 9 - type: integer 
	Parameter cal_WIDTH bound to: 17 - type: integer 
INFO: [Synth 8-6155] done synthesizing module 'fn1_urem_8ns_17ns_9_12_seq_1_div_u' (9#1) [/home/nanwu/GNN_DFG/bb/dfg_79/project_tmp/solution_tmp/impl/verilog/project.gen/sources_1/bd/bd_0/ipshared/72d4/hdl/verilog/fn1_urem_8ns_17ns_9_12_seq_1.v:7]
INFO: [Synth 8-6155] done synthesizing module 'fn1_urem_8ns_17ns_9_12_seq_1_div' (10#1) [/home/nanwu/GNN_DFG/bb/dfg_79/project_tmp/solution_tmp/impl/verilog/project.gen/sources_1/bd/bd_0/ipshared/72d4/hdl/verilog/fn1_urem_8ns_17ns_9_12_seq_1.v:82]
INFO: [Synth 8-6155] done synthesizing module 'fn1_urem_8ns_17ns_9_12_seq_1' (11#1) [/home/nanwu/GNN_DFG/bb/dfg_79/project_tmp/solution_tmp/impl/verilog/project.gen/sources_1/bd/bd_0/ipshared/72d4/hdl/verilog/fn1_urem_8ns_17ns_9_12_seq_1.v:154]
INFO: [Synth 8-6157] synthesizing module 'fn1_ama_addmuladd_16ns_16ns_16s_16ns_16_4_1' [/home/nanwu/GNN_DFG/bb/dfg_79/project_tmp/solution_tmp/impl/verilog/project.gen/sources_1/bd/bd_0/ipshared/72d4/hdl/verilog/fn1_ama_addmuladd_16ns_16ns_16s_16ns_16_4_1.v:52]
	Parameter ID bound to: 1 - type: integer 
	Parameter NUM_STAGE bound to: 4 - type: integer 
	Parameter din0_WIDTH bound to: 16 - type: integer 
	Parameter din1_WIDTH bound to: 16 - type: integer 
	Parameter din2_WIDTH bound to: 16 - type: integer 
	Parameter din3_WIDTH bound to: 16 - type: integer 
	Parameter dout_WIDTH bound to: 16 - type: integer 
INFO: [Synth 8-6157] synthesizing module 'fn1_ama_addmuladd_16ns_16ns_16s_16ns_16_4_1_DSP48_0' [/home/nanwu/GNN_DFG/bb/dfg_79/project_tmp/solution_tmp/impl/verilog/project.gen/sources_1/bd/bd_0/ipshared/72d4/hdl/verilog/fn1_ama_addmuladd_16ns_16ns_16s_16ns_16_4_1.v:7]
INFO: [Synth 8-6155] done synthesizing module 'fn1_ama_addmuladd_16ns_16ns_16s_16ns_16_4_1_DSP48_0' (12#1) [/home/nanwu/GNN_DFG/bb/dfg_79/project_tmp/solution_tmp/impl/verilog/project.gen/sources_1/bd/bd_0/ipshared/72d4/hdl/verilog/fn1_ama_addmuladd_16ns_16ns_16s_16ns_16_4_1.v:7]
INFO: [Synth 8-6155] done synthesizing module 'fn1_ama_addmuladd_16ns_16ns_16s_16ns_16_4_1' (13#1) [/home/nanwu/GNN_DFG/bb/dfg_79/project_tmp/solution_tmp/impl/verilog/project.gen/sources_1/bd/bd_0/ipshared/72d4/hdl/verilog/fn1_ama_addmuladd_16ns_16ns_16s_16ns_16_4_1.v:52]
INFO: [Synth 8-6155] done synthesizing module 'fn1' (14#1) [/home/nanwu/GNN_DFG/bb/dfg_79/project_tmp/solution_tmp/impl/verilog/project.gen/sources_1/bd/bd_0/ipshared/72d4/hdl/verilog/fn1.v:12]
INFO: [Synth 8-6155] done synthesizing module 'bd_0_hls_inst_0' (15#1) [/home/nanwu/GNN_DFG/bb/dfg_79/project_tmp/solution_tmp/impl/verilog/project.gen/sources_1/bd/bd_0/ip/bd_0_hls_inst_0/synth/bd_0_hls_inst_0.v:58]
---------------------------------------------------------------------------------
Finished RTL Elaboration : Time (s): cpu = 00:00:03 ; elapsed = 00:00:04 . Memory (MB): peak = 2394.348 ; gain = 0.000 ; free physical = 107029 ; free virtual = 122330
---------------------------------------------------------------------------------
---------------------------------------------------------------------------------
Start Handling Custom Attributes
---------------------------------------------------------------------------------
---------------------------------------------------------------------------------
Finished Handling Custom Attributes : Time (s): cpu = 00:00:04 ; elapsed = 00:00:04 . Memory (MB): peak = 2394.348 ; gain = 0.000 ; free physical = 107279 ; free virtual = 122589
---------------------------------------------------------------------------------
---------------------------------------------------------------------------------
Finished RTL Optimization Phase 1 : Time (s): cpu = 00:00:04 ; elapsed = 00:00:04 . Memory (MB): peak = 2394.348 ; gain = 0.000 ; free physical = 107279 ; free virtual = 122589
---------------------------------------------------------------------------------
Netlist sorting complete. Time (s): cpu = 00:00:00.02 ; elapsed = 00:00:00.03 . Memory (MB): peak = 2394.348 ; gain = 0.000 ; free physical = 107329 ; free virtual = 122640
INFO: [Project 1-570] Preparing netlist for logic optimization

Processing XDC Constraints
Initializing timing engine
Parsing XDC File [/home/nanwu/GNN_DFG/bb/dfg_79/project_tmp/solution_tmp/impl/verilog/project.gen/sources_1/bd/bd_0/ip/bd_0_hls_inst_0/constraints/fn1_ooc.xdc] for cell 'inst'
Finished Parsing XDC File [/home/nanwu/GNN_DFG/bb/dfg_79/project_tmp/solution_tmp/impl/verilog/project.gen/sources_1/bd/bd_0/ip/bd_0_hls_inst_0/constraints/fn1_ooc.xdc] for cell 'inst'
Parsing XDC File [/home/nanwu/GNN_DFG/bb/dfg_79/project_tmp/solution_tmp/impl/verilog/project.runs/bd_0_hls_inst_0_synth_1/dont_touch.xdc]
Finished Parsing XDC File [/home/nanwu/GNN_DFG/bb/dfg_79/project_tmp/solution_tmp/impl/verilog/project.runs/bd_0_hls_inst_0_synth_1/dont_touch.xdc]
Completed Processing XDC Constraints

Netlist sorting complete. Time (s): cpu = 00:00:00 ; elapsed = 00:00:00 . Memory (MB): peak = 2517.062 ; gain = 0.000 ; free physical = 108082 ; free virtual = 123400
INFO: [Project 1-111] Unisim Transformation Summary:
No Unisim elements were transformed.

Constraint Validation Runtime : Time (s): cpu = 00:00:00.08 ; elapsed = 00:00:00.05 . Memory (MB): peak = 2525.969 ; gain = 8.906 ; free physical = 108080 ; free virtual = 123398
---------------------------------------------------------------------------------
Finished Constraint Validation : Time (s): cpu = 00:00:08 ; elapsed = 00:00:09 . Memory (MB): peak = 2525.969 ; gain = 131.621 ; free physical = 108355 ; free virtual = 123678
---------------------------------------------------------------------------------
---------------------------------------------------------------------------------
Start Loading Part and Timing Information
---------------------------------------------------------------------------------
Loading part: xc7z020clg484-1
---------------------------------------------------------------------------------
Finished Loading Part and Timing Information : Time (s): cpu = 00:00:08 ; elapsed = 00:00:09 . Memory (MB): peak = 2525.969 ; gain = 131.621 ; free physical = 108355 ; free virtual = 123678
---------------------------------------------------------------------------------
---------------------------------------------------------------------------------
Start Applying 'set_property' XDC Constraints
---------------------------------------------------------------------------------
Applied set_property KEEP_HIERARCHY = SOFT for inst. (constraint file  /home/nanwu/GNN_DFG/bb/dfg_79/project_tmp/solution_tmp/impl/verilog/project.runs/bd_0_hls_inst_0_synth_1/dont_touch.xdc, line 9).
---------------------------------------------------------------------------------
Finished applying 'set_property' XDC Constraints : Time (s): cpu = 00:00:08 ; elapsed = 00:00:09 . Memory (MB): peak = 2525.969 ; gain = 131.621 ; free physical = 108355 ; free virtual = 123678
---------------------------------------------------------------------------------
INFO: [Synth 8-4490] FSM extraction disabled for register 'ap_CS_fsm_reg' through user attribute
---------------------------------------------------------------------------------
Finished RTL Optimization Phase 2 : Time (s): cpu = 00:00:09 ; elapsed = 00:00:10 . Memory (MB): peak = 2525.969 ; gain = 131.621 ; free physical = 108323 ; free virtual = 123646
---------------------------------------------------------------------------------
---------------------------------------------------------------------------------
Start RTL Component Statistics 
---------------------------------------------------------------------------------
Detailed RTL Component Info : 
+---Adders : 
	   3 Input   65 Bit       Adders := 1     
	   2 Input   64 Bit       Adders := 1     
	   2 Input   33 Bit       Adders := 1     
	   3 Input   31 Bit       Adders := 1     
	   2 Input   30 Bit       Adders := 1     
	   3 Input   18 Bit       Adders := 1     
	   2 Input   17 Bit       Adders := 1     
	   2 Input   16 Bit       Adders := 3     
	   3 Input   16 Bit       Adders := 1     
	   2 Input    9 Bit       Adders := 1     
+---XORs : 
	   2 Input     64 Bit         XORs := 1     
	   2 Input      1 Bit         XORs := 1     
+---Registers : 
	              112 Bit    Registers := 3     
	               85 Bit    Registers := 1     
	               66 Bit    Registers := 1     
	               65 Bit    Registers := 1     
	               64 Bit    Registers := 5     
	               63 Bit    Registers := 1     
	               33 Bit    Registers := 2     
	               30 Bit    Registers := 3     
	               29 Bit    Registers := 3     
	               28 Bit    Registers := 3     
	               17 Bit    Registers := 2     
	               16 Bit    Registers := 7     
	                9 Bit    Registers := 4     
	                8 Bit    Registers := 4     
	                2 Bit    Registers := 1     
	                1 Bit    Registers := 7     
+---Multipliers : 
	              64x66  Multipliers := 1     
+---Muxes : 
	  86 Input   85 Bit        Muxes := 1     
	   2 Input   64 Bit        Muxes := 3     
	   2 Input   63 Bit        Muxes := 1     
	   2 Input   33 Bit        Muxes := 1     
	   2 Input   29 Bit        Muxes := 2     
	   2 Input   28 Bit        Muxes := 1     
	   2 Input   16 Bit        Muxes := 2     
	   2 Input    8 Bit        Muxes := 2     
	   2 Input    7 Bit        Muxes := 1     
	   2 Input    2 Bit        Muxes := 1     
---------------------------------------------------------------------------------
Finished RTL Component Statistics 
---------------------------------------------------------------------------------
---------------------------------------------------------------------------------
Start Part Resource Summary
---------------------------------------------------------------------------------
Part Resources:
DSPs: 220 (col length:60)
BRAMs: 280 (col length: RAMB18 60 RAMB36 30)
---------------------------------------------------------------------------------
Finished Part Resource Summary
---------------------------------------------------------------------------------
---------------------------------------------------------------------------------
Start Cross Boundary and Area Optimization
---------------------------------------------------------------------------------
DSP Report: Generating DSP ama_addmuladd_16ns_16ns_16s_16ns_16_4_1_U5/fn1_ama_addmuladd_16ns_16ns_16s_16ns_16_4_1_DSP48_0_U/p_reg_reg, operation Mode is: (C'+(A2*B2)')'.
DSP Report: register ama_addmuladd_16ns_16ns_16s_16ns_16_4_1_U5/fn1_ama_addmuladd_16ns_16ns_16s_16ns_16_4_1_DSP48_0_U/b_reg_reg is absorbed into DSP ama_addmuladd_16ns_16ns_16s_16ns_16_4_1_U5/fn1_ama_addmuladd_16ns_16ns_16s_16ns_16_4_1_DSP48_0_U/p_reg_reg.
DSP Report: register ama_addmuladd_16ns_16ns_16s_16ns_16_4_1_U5/fn1_ama_addmuladd_16ns_16ns_16s_16ns_16_4_1_DSP48_0_U/ad_reg_reg is absorbed into DSP ama_addmuladd_16ns_16ns_16s_16ns_16_4_1_U5/fn1_ama_addmuladd_16ns_16ns_16s_16ns_16_4_1_DSP48_0_U/p_reg_reg.
DSP Report: register empty_reg_237_reg is absorbed into DSP ama_addmuladd_16ns_16ns_16s_16ns_16_4_1_U5/fn1_ama_addmuladd_16ns_16ns_16s_16ns_16_4_1_DSP48_0_U/p_reg_reg.
DSP Report: register ama_addmuladd_16ns_16ns_16s_16ns_16_4_1_U5/fn1_ama_addmuladd_16ns_16ns_16s_16ns_16_4_1_DSP48_0_U/p_reg_reg is absorbed into DSP ama_addmuladd_16ns_16ns_16s_16ns_16_4_1_U5/fn1_ama_addmuladd_16ns_16ns_16s_16ns_16_4_1_DSP48_0_U/p_reg_reg.
DSP Report: register ama_addmuladd_16ns_16ns_16s_16ns_16_4_1_U5/fn1_ama_addmuladd_16ns_16ns_16s_16ns_16_4_1_DSP48_0_U/m_reg_reg is absorbed into DSP ama_addmuladd_16ns_16ns_16s_16ns_16_4_1_U5/fn1_ama_addmuladd_16ns_16ns_16s_16ns_16_4_1_DSP48_0_U/p_reg_reg.
DSP Report: operator ama_addmuladd_16ns_16ns_16s_16ns_16_4_1_U5/fn1_ama_addmuladd_16ns_16ns_16s_16ns_16_4_1_DSP48_0_U/p is absorbed into DSP ama_addmuladd_16ns_16ns_16s_16ns_16_4_1_U5/fn1_ama_addmuladd_16ns_16ns_16s_16ns_16_4_1_DSP48_0_U/p_reg_reg.
DSP Report: operator ama_addmuladd_16ns_16ns_16s_16ns_16_4_1_U5/fn1_ama_addmuladd_16ns_16ns_16s_16ns_16_4_1_DSP48_0_U/m is absorbed into DSP ama_addmuladd_16ns_16ns_16s_16ns_16_4_1_U5/fn1_ama_addmuladd_16ns_16ns_16s_16ns_16_4_1_DSP48_0_U/p_reg_reg.
DSP Report: Generating DSP mul_64ns_66ns_112_5_1_U2/fn1_mul_64ns_66ns_112_5_1_Multiplier_0_U/buff1_reg, operation Mode is: (A2*B'')'.
DSP Report: register mul_64ns_66ns_112_5_1_U2/fn1_mul_64ns_66ns_112_5_1_Multiplier_0_U/buff1_reg is absorbed into DSP mul_64ns_66ns_112_5_1_U2/fn1_mul_64ns_66ns_112_5_1_Multiplier_0_U/buff1_reg.
DSP Report: register mul_64ns_66ns_112_5_1_U2/fn1_mul_64ns_66ns_112_5_1_Multiplier_0_U/buff1_reg is absorbed into DSP mul_64ns_66ns_112_5_1_U2/fn1_mul_64ns_66ns_112_5_1_Multiplier_0_U/buff1_reg.
DSP Report: register mul_64ns_66ns_112_5_1_U2/fn1_mul_64ns_66ns_112_5_1_Multiplier_0_U/buff1_reg is absorbed into DSP mul_64ns_66ns_112_5_1_U2/fn1_mul_64ns_66ns_112_5_1_Multiplier_0_U/buff1_reg.
DSP Report: register mul_64ns_66ns_112_5_1_U2/fn1_mul_64ns_66ns_112_5_1_Multiplier_0_U/buff1_reg is absorbed into DSP mul_64ns_66ns_112_5_1_U2/fn1_mul_64ns_66ns_112_5_1_Multiplier_0_U/buff1_reg.
DSP Report: register mul_64ns_66ns_112_5_1_U2/fn1_mul_64ns_66ns_112_5_1_Multiplier_0_U/buff0_reg is absorbed into DSP mul_64ns_66ns_112_5_1_U2/fn1_mul_64ns_66ns_112_5_1_Multiplier_0_U/buff1_reg.
DSP Report: operator mul_64ns_66ns_112_5_1_U2/fn1_mul_64ns_66ns_112_5_1_Multiplier_0_U/tmp_product is absorbed into DSP mul_64ns_66ns_112_5_1_U2/fn1_mul_64ns_66ns_112_5_1_Multiplier_0_U/buff1_reg.
DSP Report: operator mul_64ns_66ns_112_5_1_U2/fn1_mul_64ns_66ns_112_5_1_Multiplier_0_U/tmp_product is absorbed into DSP mul_64ns_66ns_112_5_1_U2/fn1_mul_64ns_66ns_112_5_1_Multiplier_0_U/buff1_reg.
DSP Report: Generating DSP mul_64ns_66ns_112_5_1_U2/fn1_mul_64ns_66ns_112_5_1_Multiplier_0_U/buff0_reg, operation Mode is: (A2*B'')'.
DSP Report: register mul_64ns_66ns_112_5_1_U2/fn1_mul_64ns_66ns_112_5_1_Multiplier_0_U/buff0_reg is absorbed into DSP mul_64ns_66ns_112_5_1_U2/fn1_mul_64ns_66ns_112_5_1_Multiplier_0_U/buff0_reg.
DSP Report: register mul_64ns_66ns_112_5_1_U2/fn1_mul_64ns_66ns_112_5_1_Multiplier_0_U/buff0_reg is absorbed into DSP mul_64ns_66ns_112_5_1_U2/fn1_mul_64ns_66ns_112_5_1_Multiplier_0_U/buff0_reg.
DSP Report: register mul_64ns_66ns_112_5_1_U2/fn1_mul_64ns_66ns_112_5_1_Multiplier_0_U/buff0_reg is absorbed into DSP mul_64ns_66ns_112_5_1_U2/fn1_mul_64ns_66ns_112_5_1_Multiplier_0_U/buff0_reg.
DSP Report: register mul_64ns_66ns_112_5_1_U2/fn1_mul_64ns_66ns_112_5_1_Multiplier_0_U/buff0_reg is absorbed into DSP mul_64ns_66ns_112_5_1_U2/fn1_mul_64ns_66ns_112_5_1_Multiplier_0_U/buff0_reg.
DSP Report: operator mul_64ns_66ns_112_5_1_U2/fn1_mul_64ns_66ns_112_5_1_Multiplier_0_U/tmp_product is absorbed into DSP mul_64ns_66ns_112_5_1_U2/fn1_mul_64ns_66ns_112_5_1_Multiplier_0_U/buff0_reg.
DSP Report: operator mul_64ns_66ns_112_5_1_U2/fn1_mul_64ns_66ns_112_5_1_Multiplier_0_U/tmp_product is absorbed into DSP mul_64ns_66ns_112_5_1_U2/fn1_mul_64ns_66ns_112_5_1_Multiplier_0_U/buff0_reg.
DSP Report: Generating DSP mul_64ns_66ns_112_5_1_U2/fn1_mul_64ns_66ns_112_5_1_Multiplier_0_U/tmp_product, operation Mode is: (PCIN>>17)+(A''*B2)'.
DSP Report: register mul_64ns_66ns_112_5_1_U2/fn1_mul_64ns_66ns_112_5_1_Multiplier_0_U/tmp_product is absorbed into DSP mul_64ns_66ns_112_5_1_U2/fn1_mul_64ns_66ns_112_5_1_Multiplier_0_U/tmp_product.
DSP Report: register mul_64ns_66ns_112_5_1_U2/fn1_mul_64ns_66ns_112_5_1_Multiplier_0_U/tmp_product is absorbed into DSP mul_64ns_66ns_112_5_1_U2/fn1_mul_64ns_66ns_112_5_1_Multiplier_0_U/tmp_product.
DSP Report: register mul_64ns_66ns_112_5_1_U2/fn1_mul_64ns_66ns_112_5_1_Multiplier_0_U/tmp_product is absorbed into DSP mul_64ns_66ns_112_5_1_U2/fn1_mul_64ns_66ns_112_5_1_Multiplier_0_U/tmp_product.
DSP Report: register mul_64ns_66ns_112_5_1_U2/fn1_mul_64ns_66ns_112_5_1_Multiplier_0_U/buff0_reg is absorbed into DSP mul_64ns_66ns_112_5_1_U2/fn1_mul_64ns_66ns_112_5_1_Multiplier_0_U/tmp_product.
DSP Report: operator mul_64ns_66ns_112_5_1_U2/fn1_mul_64ns_66ns_112_5_1_Multiplier_0_U/tmp_product is absorbed into DSP mul_64ns_66ns_112_5_1_U2/fn1_mul_64ns_66ns_112_5_1_Multiplier_0_U/tmp_product.
DSP Report: operator mul_64ns_66ns_112_5_1_U2/fn1_mul_64ns_66ns_112_5_1_Multiplier_0_U/tmp_product is absorbed into DSP mul_64ns_66ns_112_5_1_U2/fn1_mul_64ns_66ns_112_5_1_Multiplier_0_U/tmp_product.
DSP Report: Generating DSP mul_64ns_66ns_112_5_1_U2/fn1_mul_64ns_66ns_112_5_1_Multiplier_0_U/buff1_reg, operation Mode is: (PCIN+(A2*B'')')'.
DSP Report: register mul_64ns_66ns_112_5_1_U2/fn1_mul_64ns_66ns_112_5_1_Multiplier_0_U/buff1_reg is absorbed into DSP mul_64ns_66ns_112_5_1_U2/fn1_mul_64ns_66ns_112_5_1_Multiplier_0_U/buff1_reg.
DSP Report: register mul_64ns_66ns_112_5_1_U2/fn1_mul_64ns_66ns_112_5_1_Multiplier_0_U/buff1_reg is absorbed into DSP mul_64ns_66ns_112_5_1_U2/fn1_mul_64ns_66ns_112_5_1_Multiplier_0_U/buff1_reg.
DSP Report: register mul_64ns_66ns_112_5_1_U2/fn1_mul_64ns_66ns_112_5_1_Multiplier_0_U/buff1_reg is absorbed into DSP mul_64ns_66ns_112_5_1_U2/fn1_mul_64ns_66ns_112_5_1_Multiplier_0_U/buff1_reg.
DSP Report: register mul_64ns_66ns_112_5_1_U2/fn1_mul_64ns_66ns_112_5_1_Multiplier_0_U/buff1_reg is absorbed into DSP mul_64ns_66ns_112_5_1_U2/fn1_mul_64ns_66ns_112_5_1_Multiplier_0_U/buff1_reg.
DSP Report: register mul_64ns_66ns_112_5_1_U2/fn1_mul_64ns_66ns_112_5_1_Multiplier_0_U/buff0_reg is absorbed into DSP mul_64ns_66ns_112_5_1_U2/fn1_mul_64ns_66ns_112_5_1_Multiplier_0_U/buff1_reg.
DSP Report: operator mul_64ns_66ns_112_5_1_U2/fn1_mul_64ns_66ns_112_5_1_Multiplier_0_U/tmp_product is absorbed into DSP mul_64ns_66ns_112_5_1_U2/fn1_mul_64ns_66ns_112_5_1_Multiplier_0_U/buff1_reg.
DSP Report: operator mul_64ns_66ns_112_5_1_U2/fn1_mul_64ns_66ns_112_5_1_Multiplier_0_U/tmp_product is absorbed into DSP mul_64ns_66ns_112_5_1_U2/fn1_mul_64ns_66ns_112_5_1_Multiplier_0_U/buff1_reg.
DSP Report: Generating DSP mul_64ns_66ns_112_5_1_U2/fn1_mul_64ns_66ns_112_5_1_Multiplier_0_U/buff0_reg, operation Mode is: (A2*B'')'.
DSP Report: register mul_64ns_66ns_112_5_1_U2/fn1_mul_64ns_66ns_112_5_1_Multiplier_0_U/buff0_reg is absorbed into DSP mul_64ns_66ns_112_5_1_U2/fn1_mul_64ns_66ns_112_5_1_Multiplier_0_U/buff0_reg.
DSP Report: register mul_64ns_66ns_112_5_1_U2/fn1_mul_64ns_66ns_112_5_1_Multiplier_0_U/buff0_reg is absorbed into DSP mul_64ns_66ns_112_5_1_U2/fn1_mul_64ns_66ns_112_5_1_Multiplier_0_U/buff0_reg.
DSP Report: register mul_64ns_66ns_112_5_1_U2/fn1_mul_64ns_66ns_112_5_1_Multiplier_0_U/buff0_reg is absorbed into DSP mul_64ns_66ns_112_5_1_U2/fn1_mul_64ns_66ns_112_5_1_Multiplier_0_U/buff0_reg.
DSP Report: register mul_64ns_66ns_112_5_1_U2/fn1_mul_64ns_66ns_112_5_1_Multiplier_0_U/buff0_reg is absorbed into DSP mul_64ns_66ns_112_5_1_U2/fn1_mul_64ns_66ns_112_5_1_Multiplier_0_U/buff0_reg.
DSP Report: operator mul_64ns_66ns_112_5_1_U2/fn1_mul_64ns_66ns_112_5_1_Multiplier_0_U/tmp_product is absorbed into DSP mul_64ns_66ns_112_5_1_U2/fn1_mul_64ns_66ns_112_5_1_Multiplier_0_U/buff0_reg.
DSP Report: operator mul_64ns_66ns_112_5_1_U2/fn1_mul_64ns_66ns_112_5_1_Multiplier_0_U/tmp_product is absorbed into DSP mul_64ns_66ns_112_5_1_U2/fn1_mul_64ns_66ns_112_5_1_Multiplier_0_U/buff0_reg.
DSP Report: Generating DSP mul_64ns_66ns_112_5_1_U2/fn1_mul_64ns_66ns_112_5_1_Multiplier_0_U/tmp_product, operation Mode is: (PCIN>>17)+(A''*B2)'.
DSP Report: register mul_64ns_66ns_112_5_1_U2/fn1_mul_64ns_66ns_112_5_1_Multiplier_0_U/tmp_product is absorbed into DSP mul_64ns_66ns_112_5_1_U2/fn1_mul_64ns_66ns_112_5_1_Multiplier_0_U/tmp_product.
DSP Report: register mul_64ns_66ns_112_5_1_U2/fn1_mul_64ns_66ns_112_5_1_Multiplier_0_U/tmp_product is absorbed into DSP mul_64ns_66ns_112_5_1_U2/fn1_mul_64ns_66ns_112_5_1_Multiplier_0_U/tmp_product.
DSP Report: register mul_64ns_66ns_112_5_1_U2/fn1_mul_64ns_66ns_112_5_1_Multiplier_0_U/tmp_product is absorbed into DSP mul_64ns_66ns_112_5_1_U2/fn1_mul_64ns_66ns_112_5_1_Multiplier_0_U/tmp_product.
DSP Report: register mul_64ns_66ns_112_5_1_U2/fn1_mul_64ns_66ns_112_5_1_Multiplier_0_U/buff0_reg is absorbed into DSP mul_64ns_66ns_112_5_1_U2/fn1_mul_64ns_66ns_112_5_1_Multiplier_0_U/tmp_product.
DSP Report: operator mul_64ns_66ns_112_5_1_U2/fn1_mul_64ns_66ns_112_5_1_Multiplier_0_U/tmp_product is absorbed into DSP mul_64ns_66ns_112_5_1_U2/fn1_mul_64ns_66ns_112_5_1_Multiplier_0_U/tmp_product.
DSP Report: operator mul_64ns_66ns_112_5_1_U2/fn1_mul_64ns_66ns_112_5_1_Multiplier_0_U/tmp_product is absorbed into DSP mul_64ns_66ns_112_5_1_U2/fn1_mul_64ns_66ns_112_5_1_Multiplier_0_U/tmp_product.
DSP Report: Generating DSP mul_64ns_66ns_112_5_1_U2/fn1_mul_64ns_66ns_112_5_1_Multiplier_0_U/buff1_reg, operation Mode is: (PCIN+(A''*B2)')'.
DSP Report: register mul_64ns_66ns_112_5_1_U2/fn1_mul_64ns_66ns_112_5_1_Multiplier_0_U/buff1_reg is absorbed into DSP mul_64ns_66ns_112_5_1_U2/fn1_mul_64ns_66ns_112_5_1_Multiplier_0_U/buff1_reg.
DSP Report: register mul_64ns_66ns_112_5_1_U2/fn1_mul_64ns_66ns_112_5_1_Multiplier_0_U/buff1_reg is absorbed into DSP mul_64ns_66ns_112_5_1_U2/fn1_mul_64ns_66ns_112_5_1_Multiplier_0_U/buff1_reg.
DSP Report: register mul_64ns_66ns_112_5_1_U2/fn1_mul_64ns_66ns_112_5_1_Multiplier_0_U/buff1_reg is absorbed into DSP mul_64ns_66ns_112_5_1_U2/fn1_mul_64ns_66ns_112_5_1_Multiplier_0_U/buff1_reg.
DSP Report: register mul_64ns_66ns_112_5_1_U2/fn1_mul_64ns_66ns_112_5_1_Multiplier_0_U/buff1_reg is absorbed into DSP mul_64ns_66ns_112_5_1_U2/fn1_mul_64ns_66ns_112_5_1_Multiplier_0_U/buff1_reg.
DSP Report: register mul_64ns_66ns_112_5_1_U2/fn1_mul_64ns_66ns_112_5_1_Multiplier_0_U/buff0_reg is absorbed into DSP mul_64ns_66ns_112_5_1_U2/fn1_mul_64ns_66ns_112_5_1_Multiplier_0_U/buff1_reg.
DSP Report: operator mul_64ns_66ns_112_5_1_U2/fn1_mul_64ns_66ns_112_5_1_Multiplier_0_U/tmp_product is absorbed into DSP mul_64ns_66ns_112_5_1_U2/fn1_mul_64ns_66ns_112_5_1_Multiplier_0_U/buff1_reg.
DSP Report: operator mul_64ns_66ns_112_5_1_U2/fn1_mul_64ns_66ns_112_5_1_Multiplier_0_U/tmp_product is absorbed into DSP mul_64ns_66ns_112_5_1_U2/fn1_mul_64ns_66ns_112_5_1_Multiplier_0_U/buff1_reg.
DSP Report: Generating DSP mul_64ns_66ns_112_5_1_U2/fn1_mul_64ns_66ns_112_5_1_Multiplier_0_U/buff0_reg, operation Mode is: (A''*B2)'.
DSP Report: register mul_64ns_66ns_112_5_1_U2/fn1_mul_64ns_66ns_112_5_1_Multiplier_0_U/buff0_reg is absorbed into DSP mul_64ns_66ns_112_5_1_U2/fn1_mul_64ns_66ns_112_5_1_Multiplier_0_U/buff0_reg.
DSP Report: register mul_64ns_66ns_112_5_1_U2/fn1_mul_64ns_66ns_112_5_1_Multiplier_0_U/buff0_reg is absorbed into DSP mul_64ns_66ns_112_5_1_U2/fn1_mul_64ns_66ns_112_5_1_Multiplier_0_U/buff0_reg.
DSP Report: register mul_64ns_66ns_112_5_1_U2/fn1_mul_64ns_66ns_112_5_1_Multiplier_0_U/buff0_reg is absorbed into DSP mul_64ns_66ns_112_5_1_U2/fn1_mul_64ns_66ns_112_5_1_Multiplier_0_U/buff0_reg.
DSP Report: register mul_64ns_66ns_112_5_1_U2/fn1_mul_64ns_66ns_112_5_1_Multiplier_0_U/buff0_reg is absorbed into DSP mul_64ns_66ns_112_5_1_U2/fn1_mul_64ns_66ns_112_5_1_Multiplier_0_U/buff0_reg.
DSP Report: operator mul_64ns_66ns_112_5_1_U2/fn1_mul_64ns_66ns_112_5_1_Multiplier_0_U/tmp_product is absorbed into DSP mul_64ns_66ns_112_5_1_U2/fn1_mul_64ns_66ns_112_5_1_Multiplier_0_U/buff0_reg.
DSP Report: operator mul_64ns_66ns_112_5_1_U2/fn1_mul_64ns_66ns_112_5_1_Multiplier_0_U/tmp_product is absorbed into DSP mul_64ns_66ns_112_5_1_U2/fn1_mul_64ns_66ns_112_5_1_Multiplier_0_U/buff0_reg.
DSP Report: Generating DSP mul_64ns_66ns_112_5_1_U2/fn1_mul_64ns_66ns_112_5_1_Multiplier_0_U/tmp_product, operation Mode is: PCIN+(A''*B2)'.
DSP Report: register mul_64ns_66ns_112_5_1_U2/fn1_mul_64ns_66ns_112_5_1_Multiplier_0_U/tmp_product is absorbed into DSP mul_64ns_66ns_112_5_1_U2/fn1_mul_64ns_66ns_112_5_1_Multiplier_0_U/tmp_product.
DSP Report: register mul_64ns_66ns_112_5_1_U2/fn1_mul_64ns_66ns_112_5_1_Multiplier_0_U/tmp_product is absorbed into DSP mul_64ns_66ns_112_5_1_U2/fn1_mul_64ns_66ns_112_5_1_Multiplier_0_U/tmp_product.
DSP Report: register mul_64ns_66ns_112_5_1_U2/fn1_mul_64ns_66ns_112_5_1_Multiplier_0_U/tmp_product is absorbed into DSP mul_64ns_66ns_112_5_1_U2/fn1_mul_64ns_66ns_112_5_1_Multiplier_0_U/tmp_product.
DSP Report: register mul_64ns_66ns_112_5_1_U2/fn1_mul_64ns_66ns_112_5_1_Multiplier_0_U/buff0_reg is absorbed into DSP mul_64ns_66ns_112_5_1_U2/fn1_mul_64ns_66ns_112_5_1_Multiplier_0_U/tmp_product.
DSP Report: operator mul_64ns_66ns_112_5_1_U2/fn1_mul_64ns_66ns_112_5_1_Multiplier_0_U/tmp_product is absorbed into DSP mul_64ns_66ns_112_5_1_U2/fn1_mul_64ns_66ns_112_5_1_Multiplier_0_U/tmp_product.
DSP Report: operator mul_64ns_66ns_112_5_1_U2/fn1_mul_64ns_66ns_112_5_1_Multiplier_0_U/tmp_product is absorbed into DSP mul_64ns_66ns_112_5_1_U2/fn1_mul_64ns_66ns_112_5_1_Multiplier_0_U/tmp_product.
DSP Report: Generating DSP mul_64ns_66ns_112_5_1_U2/fn1_mul_64ns_66ns_112_5_1_Multiplier_0_U/buff1_reg, operation Mode is: (PCIN+(A''*B2)')'.
DSP Report: register mul_64ns_66ns_112_5_1_U2/fn1_mul_64ns_66ns_112_5_1_Multiplier_0_U/buff1_reg is absorbed into DSP mul_64ns_66ns_112_5_1_U2/fn1_mul_64ns_66ns_112_5_1_Multiplier_0_U/buff1_reg.
DSP Report: register mul_64ns_66ns_112_5_1_U2/fn1_mul_64ns_66ns_112_5_1_Multiplier_0_U/buff1_reg is absorbed into DSP mul_64ns_66ns_112_5_1_U2/fn1_mul_64ns_66ns_112_5_1_Multiplier_0_U/buff1_reg.
DSP Report: register mul_64ns_66ns_112_5_1_U2/fn1_mul_64ns_66ns_112_5_1_Multiplier_0_U/buff1_reg is absorbed into DSP mul_64ns_66ns_112_5_1_U2/fn1_mul_64ns_66ns_112_5_1_Multiplier_0_U/buff1_reg.
DSP Report: register mul_64ns_66ns_112_5_1_U2/fn1_mul_64ns_66ns_112_5_1_Multiplier_0_U/buff1_reg is absorbed into DSP mul_64ns_66ns_112_5_1_U2/fn1_mul_64ns_66ns_112_5_1_Multiplier_0_U/buff1_reg.
DSP Report: register mul_64ns_66ns_112_5_1_U2/fn1_mul_64ns_66ns_112_5_1_Multiplier_0_U/buff0_reg is absorbed into DSP mul_64ns_66ns_112_5_1_U2/fn1_mul_64ns_66ns_112_5_1_Multiplier_0_U/buff1_reg.
DSP Report: operator mul_64ns_66ns_112_5_1_U2/fn1_mul_64ns_66ns_112_5_1_Multiplier_0_U/tmp_product is absorbed into DSP mul_64ns_66ns_112_5_1_U2/fn1_mul_64ns_66ns_112_5_1_Multiplier_0_U/buff1_reg.
DSP Report: operator mul_64ns_66ns_112_5_1_U2/fn1_mul_64ns_66ns_112_5_1_Multiplier_0_U/tmp_product is absorbed into DSP mul_64ns_66ns_112_5_1_U2/fn1_mul_64ns_66ns_112_5_1_Multiplier_0_U/buff1_reg.
DSP Report: Generating DSP mul_64ns_66ns_112_5_1_U2/fn1_mul_64ns_66ns_112_5_1_Multiplier_0_U/buff0_reg, operation Mode is: (A''*B2)'.
DSP Report: register mul_64ns_66ns_112_5_1_U2/fn1_mul_64ns_66ns_112_5_1_Multiplier_0_U/buff0_reg is absorbed into DSP mul_64ns_66ns_112_5_1_U2/fn1_mul_64ns_66ns_112_5_1_Multiplier_0_U/buff0_reg.
DSP Report: register mul_64ns_66ns_112_5_1_U2/fn1_mul_64ns_66ns_112_5_1_Multiplier_0_U/buff0_reg is absorbed into DSP mul_64ns_66ns_112_5_1_U2/fn1_mul_64ns_66ns_112_5_1_Multiplier_0_U/buff0_reg.
DSP Report: register mul_64ns_66ns_112_5_1_U2/fn1_mul_64ns_66ns_112_5_1_Multiplier_0_U/buff0_reg is absorbed into DSP mul_64ns_66ns_112_5_1_U2/fn1_mul_64ns_66ns_112_5_1_Multiplier_0_U/buff0_reg.
DSP Report: register mul_64ns_66ns_112_5_1_U2/fn1_mul_64ns_66ns_112_5_1_Multiplier_0_U/buff0_reg is absorbed into DSP mul_64ns_66ns_112_5_1_U2/fn1_mul_64ns_66ns_112_5_1_Multiplier_0_U/buff0_reg.
DSP Report: operator mul_64ns_66ns_112_5_1_U2/fn1_mul_64ns_66ns_112_5_1_Multiplier_0_U/tmp_product is absorbed into DSP mul_64ns_66ns_112_5_1_U2/fn1_mul_64ns_66ns_112_5_1_Multiplier_0_U/buff0_reg.
DSP Report: operator mul_64ns_66ns_112_5_1_U2/fn1_mul_64ns_66ns_112_5_1_Multiplier_0_U/tmp_product is absorbed into DSP mul_64ns_66ns_112_5_1_U2/fn1_mul_64ns_66ns_112_5_1_Multiplier_0_U/buff0_reg.
DSP Report: Generating DSP mul_64ns_66ns_112_5_1_U2/fn1_mul_64ns_66ns_112_5_1_Multiplier_0_U/tmp_product, operation Mode is: PCIN+(A''*B2)'.
DSP Report: register mul_64ns_66ns_112_5_1_U2/fn1_mul_64ns_66ns_112_5_1_Multiplier_0_U/tmp_product is absorbed into DSP mul_64ns_66ns_112_5_1_U2/fn1_mul_64ns_66ns_112_5_1_Multiplier_0_U/tmp_product.
DSP Report: register mul_64ns_66ns_112_5_1_U2/fn1_mul_64ns_66ns_112_5_1_Multiplier_0_U/tmp_product is absorbed into DSP mul_64ns_66ns_112_5_1_U2/fn1_mul_64ns_66ns_112_5_1_Multiplier_0_U/tmp_product.
DSP Report: register mul_64ns_66ns_112_5_1_U2/fn1_mul_64ns_66ns_112_5_1_Multiplier_0_U/tmp_product is absorbed into DSP mul_64ns_66ns_112_5_1_U2/fn1_mul_64ns_66ns_112_5_1_Multiplier_0_U/tmp_product.
DSP Report: register mul_64ns_66ns_112_5_1_U2/fn1_mul_64ns_66ns_112_5_1_Multiplier_0_U/buff0_reg is absorbed into DSP mul_64ns_66ns_112_5_1_U2/fn1_mul_64ns_66ns_112_5_1_Multiplier_0_U/tmp_product.
DSP Report: operator mul_64ns_66ns_112_5_1_U2/fn1_mul_64ns_66ns_112_5_1_Multiplier_0_U/tmp_product is absorbed into DSP mul_64ns_66ns_112_5_1_U2/fn1_mul_64ns_66ns_112_5_1_Multiplier_0_U/tmp_product.
DSP Report: operator mul_64ns_66ns_112_5_1_U2/fn1_mul_64ns_66ns_112_5_1_Multiplier_0_U/tmp_product is absorbed into DSP mul_64ns_66ns_112_5_1_U2/fn1_mul_64ns_66ns_112_5_1_Multiplier_0_U/tmp_product.
DSP Report: Generating DSP mul_64ns_66ns_112_5_1_U2/fn1_mul_64ns_66ns_112_5_1_Multiplier_0_U/buff1_reg, operation Mode is: (PCIN+(A''*B2)')'.
DSP Report: register mul_64ns_66ns_112_5_1_U2/fn1_mul_64ns_66ns_112_5_1_Multiplier_0_U/buff1_reg is absorbed into DSP mul_64ns_66ns_112_5_1_U2/fn1_mul_64ns_66ns_112_5_1_Multiplier_0_U/buff1_reg.
DSP Report: register mul_64ns_66ns_112_5_1_U2/fn1_mul_64ns_66ns_112_5_1_Multiplier_0_U/buff1_reg is absorbed into DSP mul_64ns_66ns_112_5_1_U2/fn1_mul_64ns_66ns_112_5_1_Multiplier_0_U/buff1_reg.
DSP Report: register mul_64ns_66ns_112_5_1_U2/fn1_mul_64ns_66ns_112_5_1_Multiplier_0_U/buff1_reg is absorbed into DSP mul_64ns_66ns_112_5_1_U2/fn1_mul_64ns_66ns_112_5_1_Multiplier_0_U/buff1_reg.
DSP Report: register mul_64ns_66ns_112_5_1_U2/fn1_mul_64ns_66ns_112_5_1_Multiplier_0_U/buff1_reg is absorbed into DSP mul_64ns_66ns_112_5_1_U2/fn1_mul_64ns_66ns_112_5_1_Multiplier_0_U/buff1_reg.
DSP Report: register mul_64ns_66ns_112_5_1_U2/fn1_mul_64ns_66ns_112_5_1_Multiplier_0_U/buff0_reg is absorbed into DSP mul_64ns_66ns_112_5_1_U2/fn1_mul_64ns_66ns_112_5_1_Multiplier_0_U/buff1_reg.
DSP Report: operator mul_64ns_66ns_112_5_1_U2/fn1_mul_64ns_66ns_112_5_1_Multiplier_0_U/tmp_product is absorbed into DSP mul_64ns_66ns_112_5_1_U2/fn1_mul_64ns_66ns_112_5_1_Multiplier_0_U/buff1_reg.
DSP Report: operator mul_64ns_66ns_112_5_1_U2/fn1_mul_64ns_66ns_112_5_1_Multiplier_0_U/tmp_product is absorbed into DSP mul_64ns_66ns_112_5_1_U2/fn1_mul_64ns_66ns_112_5_1_Multiplier_0_U/buff1_reg.
DSP Report: Generating DSP mul_64ns_66ns_112_5_1_U2/fn1_mul_64ns_66ns_112_5_1_Multiplier_0_U/buff0_reg, operation Mode is: (A''*B2)'.
DSP Report: register mul_64ns_66ns_112_5_1_U2/fn1_mul_64ns_66ns_112_5_1_Multiplier_0_U/buff0_reg is absorbed into DSP mul_64ns_66ns_112_5_1_U2/fn1_mul_64ns_66ns_112_5_1_Multiplier_0_U/buff0_reg.
DSP Report: register mul_64ns_66ns_112_5_1_U2/fn1_mul_64ns_66ns_112_5_1_Multiplier_0_U/buff0_reg is absorbed into DSP mul_64ns_66ns_112_5_1_U2/fn1_mul_64ns_66ns_112_5_1_Multiplier_0_U/buff0_reg.
DSP Report: register mul_64ns_66ns_112_5_1_U2/fn1_mul_64ns_66ns_112_5_1_Multiplier_0_U/buff0_reg is absorbed into DSP mul_64ns_66ns_112_5_1_U2/fn1_mul_64ns_66ns_112_5_1_Multiplier_0_U/buff0_reg.
DSP Report: register mul_64ns_66ns_112_5_1_U2/fn1_mul_64ns_66ns_112_5_1_Multiplier_0_U/buff0_reg is absorbed into DSP mul_64ns_66ns_112_5_1_U2/fn1_mul_64ns_66ns_112_5_1_Multiplier_0_U/buff0_reg.
DSP Report: operator mul_64ns_66ns_112_5_1_U2/fn1_mul_64ns_66ns_112_5_1_Multiplier_0_U/tmp_product is absorbed into DSP mul_64ns_66ns_112_5_1_U2/fn1_mul_64ns_66ns_112_5_1_Multiplier_0_U/buff0_reg.
DSP Report: operator mul_64ns_66ns_112_5_1_U2/fn1_mul_64ns_66ns_112_5_1_Multiplier_0_U/tmp_product is absorbed into DSP mul_64ns_66ns_112_5_1_U2/fn1_mul_64ns_66ns_112_5_1_Multiplier_0_U/buff0_reg.
DSP Report: Generating DSP mul_64ns_66ns_112_5_1_U2/fn1_mul_64ns_66ns_112_5_1_Multiplier_0_U/tmp_product, operation Mode is: (PCIN>>17)+(A''*B2)'.
DSP Report: register mul_64ns_66ns_112_5_1_U2/fn1_mul_64ns_66ns_112_5_1_Multiplier_0_U/tmp_product is absorbed into DSP mul_64ns_66ns_112_5_1_U2/fn1_mul_64ns_66ns_112_5_1_Multiplier_0_U/tmp_product.
DSP Report: register mul_64ns_66ns_112_5_1_U2/fn1_mul_64ns_66ns_112_5_1_Multiplier_0_U/tmp_product is absorbed into DSP mul_64ns_66ns_112_5_1_U2/fn1_mul_64ns_66ns_112_5_1_Multiplier_0_U/tmp_product.
DSP Report: register mul_64ns_66ns_112_5_1_U2/fn1_mul_64ns_66ns_112_5_1_Multiplier_0_U/tmp_product is absorbed into DSP mul_64ns_66ns_112_5_1_U2/fn1_mul_64ns_66ns_112_5_1_Multiplier_0_U/tmp_product.
DSP Report: register mul_64ns_66ns_112_5_1_U2/fn1_mul_64ns_66ns_112_5_1_Multiplier_0_U/buff0_reg is absorbed into DSP mul_64ns_66ns_112_5_1_U2/fn1_mul_64ns_66ns_112_5_1_Multiplier_0_U/tmp_product.
DSP Report: operator mul_64ns_66ns_112_5_1_U2/fn1_mul_64ns_66ns_112_5_1_Multiplier_0_U/tmp_product is absorbed into DSP mul_64ns_66ns_112_5_1_U2/fn1_mul_64ns_66ns_112_5_1_Multiplier_0_U/tmp_product.
DSP Report: operator mul_64ns_66ns_112_5_1_U2/fn1_mul_64ns_66ns_112_5_1_Multiplier_0_U/tmp_product is absorbed into DSP mul_64ns_66ns_112_5_1_U2/fn1_mul_64ns_66ns_112_5_1_Multiplier_0_U/tmp_product.
DSP Report: Generating DSP mul_64ns_66ns_112_5_1_U2/fn1_mul_64ns_66ns_112_5_1_Multiplier_0_U/buff1_reg, operation Mode is: (PCIN+(A''*B2)')'.
DSP Report: register mul_64ns_66ns_112_5_1_U2/fn1_mul_64ns_66ns_112_5_1_Multiplier_0_U/buff1_reg is absorbed into DSP mul_64ns_66ns_112_5_1_U2/fn1_mul_64ns_66ns_112_5_1_Multiplier_0_U/buff1_reg.
DSP Report: register mul_64ns_66ns_112_5_1_U2/fn1_mul_64ns_66ns_112_5_1_Multiplier_0_U/buff1_reg is absorbed into DSP mul_64ns_66ns_112_5_1_U2/fn1_mul_64ns_66ns_112_5_1_Multiplier_0_U/buff1_reg.
DSP Report: register mul_64ns_66ns_112_5_1_U2/fn1_mul_64ns_66ns_112_5_1_Multiplier_0_U/buff1_reg is absorbed into DSP mul_64ns_66ns_112_5_1_U2/fn1_mul_64ns_66ns_112_5_1_Multiplier_0_U/buff1_reg.
DSP Report: register mul_64ns_66ns_112_5_1_U2/fn1_mul_64ns_66ns_112_5_1_Multiplier_0_U/buff1_reg is absorbed into DSP mul_64ns_66ns_112_5_1_U2/fn1_mul_64ns_66ns_112_5_1_Multiplier_0_U/buff1_reg.
DSP Report: register mul_64ns_66ns_112_5_1_U2/fn1_mul_64ns_66ns_112_5_1_Multiplier_0_U/buff0_reg is absorbed into DSP mul_64ns_66ns_112_5_1_U2/fn1_mul_64ns_66ns_112_5_1_Multiplier_0_U/buff1_reg.
DSP Report: operator mul_64ns_66ns_112_5_1_U2/fn1_mul_64ns_66ns_112_5_1_Multiplier_0_U/tmp_product is absorbed into DSP mul_64ns_66ns_112_5_1_U2/fn1_mul_64ns_66ns_112_5_1_Multiplier_0_U/buff1_reg.
DSP Report: operator mul_64ns_66ns_112_5_1_U2/fn1_mul_64ns_66ns_112_5_1_Multiplier_0_U/tmp_product is absorbed into DSP mul_64ns_66ns_112_5_1_U2/fn1_mul_64ns_66ns_112_5_1_Multiplier_0_U/buff1_reg.
---------------------------------------------------------------------------------
Finished Cross Boundary and Area Optimization : Time (s): cpu = 00:00:12 ; elapsed = 00:00:13 . Memory (MB): peak = 2525.969 ; gain = 131.621 ; free physical = 108043 ; free virtual = 123387
---------------------------------------------------------------------------------
---------------------------------------------------------------------------------
Start ROM, RAM, DSP, Shift Register and Retiming Reporting
---------------------------------------------------------------------------------

DSP: Preliminary Mapping	Report (see note below)
+----------------------------------------------------+----------------------+--------+--------+--------+--------+--------+------+------+------+------+-------+------+------+
|Module Name                                         | DSP Mapping          | A Size | B Size | C Size | D Size | P Size | AREG | BREG | CREG | DREG | ADREG | MREG | PREG | 
+----------------------------------------------------+----------------------+--------+--------+--------+--------+--------+------+------+------+------+-------+------+------+
|fn1_ama_addmuladd_16ns_16ns_16s_16ns_16_4_1_DSP48_0 | (C'+(A2*B2)')'       | 16     | 16     | 16     | -      | 16     | 1    | 1    | 1    | -    | -     | 1    | 1    | 
|fn1                                                 | (A2*B'')'            | 16     | 14     | -      | -      | 48     | 1    | 2    | -    | -    | -     | 1    | 1    | 
|fn1                                                 | (A2*B'')'            | 18     | 14     | -      | -      | 48     | 1    | 2    | -    | -    | -     | 1    | 0    | 
|fn1                                                 | (PCIN>>17)+(A''*B2)' | 18     | 16     | -      | -      | 48     | 2    | 1    | -    | -    | -     | 1    | 0    | 
|fn1                                                 | (PCIN+(A2*B'')')'    | 18     | 14     | -      | -      | 48     | 1    | 2    | -    | -    | -     | 1    | 1    | 
|fn1                                                 | (A2*B'')'            | 18     | 14     | -      | -      | 48     | 1    | 2    | -    | -    | -     | 1    | 0    | 
|fn1                                                 | (PCIN>>17)+(A''*B2)' | 18     | 16     | -      | -      | 48     | 2    | 1    | -    | -    | -     | 1    | 0    | 
|fn1                                                 | (PCIN+(A''*B2)')'    | 18     | 18     | -      | -      | 48     | 2    | 1    | -    | -    | -     | 1    | 1    | 
|fn1                                                 | (A''*B2)'            | 18     | 16     | -      | -      | 48     | 2    | 1    | -    | -    | -     | 1    | 0    | 
|fn1                                                 | PCIN+(A''*B2)'       | 18     | 18     | -      | -      | 48     | 2    | 1    | -    | -    | -     | 1    | 0    | 
|fn1                                                 | (PCIN+(A''*B2)')'    | 18     | 18     | -      | -      | 48     | 2    | 1    | -    | -    | -     | 1    | 1    | 
|fn1                                                 | (A''*B2)'            | 18     | 18     | -      | -      | 48     | 2    | 1    | -    | -    | -     | 1    | 0    | 
|fn1                                                 | PCIN+(A''*B2)'       | 18     | 18     | -      | -      | 48     | 2    | 1    | -    | -    | -     | 1    | 0    | 
|fn1                                                 | (PCIN+(A''*B2)')'    | 18     | 18     | -      | -      | 48     | 2    | 1    | -    | -    | -     | 1    | 1    | 
|fn1                                                 | (A''*B2)'            | 18     | 18     | -      | -      | 48     | 2    | 1    | -    | -    | -     | 1    | 0    | 
|fn1                                                 | (PCIN>>17)+(A''*B2)' | 18     | 18     | -      | -      | 48     | 2    | 1    | -    | -    | -     | 1    | 0    | 
|fn1                                                 | (PCIN+(A''*B2)')'    | 18     | 18     | -      | -      | 48     | 2    | 1    | -    | -    | -     | 1    | 1    | 
+----------------------------------------------------+----------------------+--------+--------+--------+--------+--------+------+------+------+------+-------+------+------+

Note: The table above is a preliminary report that shows the DSPs inferred at the current stage of the synthesis flow. Some DSP may be reimplemented as non DSP primitives later in the synthesis flow. Multiple instantiated DSPs are reported only once.
---------------------------------------------------------------------------------
Finished ROM, RAM, DSP, Shift Register and Retiming Reporting
---------------------------------------------------------------------------------
---------------------------------------------------------------------------------
Start Applying XDC Timing Constraints
---------------------------------------------------------------------------------
---------------------------------------------------------------------------------
Finished Applying XDC Timing Constraints : Time (s): cpu = 00:00:17 ; elapsed = 00:00:18 . Memory (MB): peak = 2525.969 ; gain = 131.621 ; free physical = 107592 ; free virtual = 122945
---------------------------------------------------------------------------------
---------------------------------------------------------------------------------
Start Timing Optimization
---------------------------------------------------------------------------------
---------------------------------------------------------------------------------
Finished Timing Optimization : Time (s): cpu = 00:00:17 ; elapsed = 00:00:19 . Memory (MB): peak = 2525.969 ; gain = 131.621 ; free physical = 108592 ; free virtual = 123946
---------------------------------------------------------------------------------
---------------------------------------------------------------------------------
Start Technology Mapping
---------------------------------------------------------------------------------
---------------------------------------------------------------------------------
Finished Technology Mapping : Time (s): cpu = 00:00:18 ; elapsed = 00:00:19 . Memory (MB): peak = 2537.000 ; gain = 142.652 ; free physical = 108572 ; free virtual = 123926
---------------------------------------------------------------------------------
---------------------------------------------------------------------------------
Start IO Insertion
---------------------------------------------------------------------------------
---------------------------------------------------------------------------------
Start Flattening Before IO Insertion
---------------------------------------------------------------------------------
---------------------------------------------------------------------------------
Finished Flattening Before IO Insertion
---------------------------------------------------------------------------------
---------------------------------------------------------------------------------
Start Final Netlist Cleanup
---------------------------------------------------------------------------------
---------------------------------------------------------------------------------
Finished Final Netlist Cleanup
---------------------------------------------------------------------------------
---------------------------------------------------------------------------------
Finished IO Insertion : Time (s): cpu = 00:00:20 ; elapsed = 00:00:22 . Memory (MB): peak = 2544.938 ; gain = 150.590 ; free physical = 108367 ; free virtual = 123730
---------------------------------------------------------------------------------
---------------------------------------------------------------------------------
Start Renaming Generated Instances
---------------------------------------------------------------------------------
---------------------------------------------------------------------------------
Finished Renaming Generated Instances : Time (s): cpu = 00:00:20 ; elapsed = 00:00:22 . Memory (MB): peak = 2544.938 ; gain = 150.590 ; free physical = 108367 ; free virtual = 123730
---------------------------------------------------------------------------------
---------------------------------------------------------------------------------
Start Rebuilding User Hierarchy
---------------------------------------------------------------------------------
---------------------------------------------------------------------------------
Finished Rebuilding User Hierarchy : Time (s): cpu = 00:00:20 ; elapsed = 00:00:22 . Memory (MB): peak = 2544.938 ; gain = 150.590 ; free physical = 108353 ; free virtual = 123716
---------------------------------------------------------------------------------
---------------------------------------------------------------------------------
Start Renaming Generated Ports
---------------------------------------------------------------------------------
---------------------------------------------------------------------------------
Finished Renaming Generated Ports : Time (s): cpu = 00:00:20 ; elapsed = 00:00:22 . Memory (MB): peak = 2544.938 ; gain = 150.590 ; free physical = 108353 ; free virtual = 123716
---------------------------------------------------------------------------------
---------------------------------------------------------------------------------
Start Handling Custom Attributes
---------------------------------------------------------------------------------
---------------------------------------------------------------------------------
Finished Handling Custom Attributes : Time (s): cpu = 00:00:21 ; elapsed = 00:00:22 . Memory (MB): peak = 2544.938 ; gain = 150.590 ; free physical = 108351 ; free virtual = 123715
---------------------------------------------------------------------------------
---------------------------------------------------------------------------------
Start Renaming Generated Nets
---------------------------------------------------------------------------------
---------------------------------------------------------------------------------
Finished Renaming Generated Nets : Time (s): cpu = 00:00:21 ; elapsed = 00:00:22 . Memory (MB): peak = 2544.938 ; gain = 150.590 ; free physical = 108350 ; free virtual = 123714
---------------------------------------------------------------------------------
---------------------------------------------------------------------------------
Start ROM, RAM, DSP, Shift Register and Retiming Reporting
---------------------------------------------------------------------------------

Static Shift Register Report:
+------------+---------------------------------------------------------------------------------------------------------------------------+--------+-------+--------------+--------------------+-------------------+--------+---------+
|Module Name | RTL Name                                                                                                                  | Length | Width | Reset Signal | Pull out first Reg | Pull out last Reg | SRL16E | SRLC32E | 
+------------+---------------------------------------------------------------------------------------------------------------------------+--------+-------+--------------+--------------------+-------------------+--------+---------+
|fn1         | srem_64ns_33ns_16_68_seq_1_U1/fn1_srem_64ns_33ns_16_68_seq_1_div_U/fn1_srem_64ns_33ns_16_68_seq_1_div_u_0/r_stage_reg[64] | 64     | 1     | YES          | NO                 | YES               | 0      | 2       | 
|fn1         | urem_29ns_30ns_28_33_seq_1_U3/fn1_urem_29ns_30ns_28_33_seq_1_div_U/fn1_urem_29ns_30ns_28_33_seq_1_div_u_0/r_stage_reg[29] | 29     | 1     | YES          | NO                 | YES               | 0      | 1       | 
|fn1         | urem_8ns_17ns_9_12_seq_1_U4/fn1_urem_8ns_17ns_9_12_seq_1_div_U/fn1_urem_8ns_17ns_9_12_seq_1_div_u_0/r_stage_reg[8]        | 8      | 1     | YES          | NO                 | YES               | 1      | 0       | 
+------------+---------------------------------------------------------------------------------------------------------------------------+--------+-------+--------------+--------------------+-------------------+--------+---------+

---------------------------------------------------------------------------------
Finished ROM, RAM, DSP, Shift Register and Retiming Reporting
---------------------------------------------------------------------------------
---------------------------------------------------------------------------------
Start Writing Synthesis Report
---------------------------------------------------------------------------------

Report BlackBoxes: 
+-+--------------+----------+
| |BlackBox name |Instances |
+-+--------------+----------+
+-+--------------+----------+

Report Cell Usage: 
+------+--------+------+
|      |Cell    |Count |
+------+--------+------+
|1     |CARRY4  |    91|
|2     |DSP48E1 |    17|
|8     |LUT1    |   146|
|9     |LUT2    |   201|
|10    |LUT3    |   203|
|11    |LUT4    |   140|
|12    |LUT5    |     7|
|13    |LUT6    |    61|
|14    |SRL16E  |     1|
|15    |SRLC32E |     3|
|16    |FDRE    |   681|
|17    |FDSE    |    17|
+------+--------+------+
---------------------------------------------------------------------------------
Finished Writing Synthesis Report : Time (s): cpu = 00:00:21 ; elapsed = 00:00:22 . Memory (MB): peak = 2544.938 ; gain = 150.590 ; free physical = 108350 ; free virtual = 123713
---------------------------------------------------------------------------------
Synthesis finished with 0 errors, 0 critical warnings and 0 warnings.
Synthesis Optimization Runtime : Time (s): cpu = 00:00:19 ; elapsed = 00:00:20 . Memory (MB): peak = 2544.938 ; gain = 18.969 ; free physical = 108409 ; free virtual = 123773
Synthesis Optimization Complete : Time (s): cpu = 00:00:21 ; elapsed = 00:00:22 . Memory (MB): peak = 2544.945 ; gain = 150.590 ; free physical = 108409 ; free virtual = 123773
INFO: [Project 1-571] Translating synthesized netlist
Netlist sorting complete. Time (s): cpu = 00:00:00.02 ; elapsed = 00:00:00.01 . Memory (MB): peak = 2544.945 ; gain = 0.000 ; free physical = 108500 ; free virtual = 123865
INFO: [Netlist 29-17] Analyzing 108 Unisim elements for replacement
INFO: [Netlist 29-28] Unisim Transformation completed in 0 CPU seconds
INFO: [Project 1-570] Preparing netlist for logic optimization
INFO: [Opt 31-138] Pushed 0 inverter(s) to 0 load pin(s).
Netlist sorting complete. Time (s): cpu = 00:00:00 ; elapsed = 00:00:00 . Memory (MB): peak = 2576.953 ; gain = 0.000 ; free physical = 108370 ; free virtual = 123735
INFO: [Project 1-111] Unisim Transformation Summary:
No Unisim elements were transformed.

INFO: [Common 17-83] Releasing license: Synthesis
48 Infos, 0 Warnings, 0 Critical Warnings and 0 Errors encountered.
synth_design completed successfully
synth_design: Time (s): cpu = 00:00:28 ; elapsed = 00:00:26 . Memory (MB): peak = 2576.953 ; gain = 182.703 ; free physical = 108530 ; free virtual = 123896
INFO: [Common 17-1381] The checkpoint '/home/nanwu/GNN_DFG/bb/dfg_79/project_tmp/solution_tmp/impl/verilog/project.runs/bd_0_hls_inst_0_synth_1/bd_0_hls_inst_0.dcp' has been generated.
WARNING: [Common 17-576] 'use_project_ipc' is deprecated. This option is deprecated and no longer used.
INFO: [Coretcl 2-1648] Added synthesis output to IP cache for IP bd_0_hls_inst_0, cache-ID = 0e3a598619bb550f
INFO: [Coretcl 2-1174] Renamed 14 cell refs.
INFO: [Common 17-1381] The checkpoint '/home/nanwu/GNN_DFG/bb/dfg_79/project_tmp/solution_tmp/impl/verilog/project.runs/bd_0_hls_inst_0_synth_1/bd_0_hls_inst_0.dcp' has been generated.
INFO: [runtcl-4] Executing : report_utilization -file bd_0_hls_inst_0_utilization_synth.rpt -pb bd_0_hls_inst_0_utilization_synth.pb
INFO: [Common 17-206] Exiting Vivado at Thu Apr 29 00:08:17 2021...
